<?xml version="1.0" encoding="UTF-8"?>
<testsuite name="com.simonjamesrowe.searchservice.test.usecase.SearchSiteUseCaseTest" tests="1" skipped="0" failures="0" errors="0" timestamp="2025-10-04T08:14:06" hostname="Simons-MacBook-Pro.local" time="0.006">
  <properties/>
  <testcase name="shouldReturnSiteSearchResults()" classname="com.simonjamesrowe.searchservice.test.usecase.SearchSiteUseCaseTest" time="0.006"/>
  <system-out><![CDATA[]]></system-out>
  <system-err><![CDATA[]]></system-err>
</testsuite>
