<?xml version="1.0" encoding="UTF-8"?>
<testsuite name="com.simonjamesrowe.searchservice.test.entrypoints.kafka.KafkaEventConsumerITest" tests="1" skipped="0" failures="0" errors="0" timestamp="2025-10-04T08:14:04" hostname="Simons-MacBook-Pro.local" time="0.211">
  <properties/>
  <testcase name="blogEventsFromKafkaShouldBeIndexed()" classname="com.simonjamesrowe.searchservice.test.entrypoints.kafka.KafkaEventConsumerITest" time="0.211"/>
  <system-out><![CDATA[2025-10-04T09:14:03.853+01:00  INFO 46796 --- [search-service] [    Test worker] [                                                 ] .t.e.ElasticsearchTestContainerExtension : Elastic Search test container started on port 33266
2025-10-04T09:14:03.853+01:00  INFO 46796 --- [search-service] [    Test worker] [                                                 ] t.c.s.AnnotationConfigContextLoaderUtils : Could not detect default configuration classes for test class [com.simonjamesrowe.searchservice.test.entrypoints.kafka.KafkaEventConsumerITest]: KafkaEventConsumerITest does not declare any static, non-private, non-final, nested classes annotated with @Configuration.
2025-10-04T09:14:03.858+01:00  INFO 46796 --- [search-service] [    Test worker] [                                                 ] .b.t.c.SpringBootTestContextBootstrapper : Found @SpringBootConfiguration com.simonjamesrowe.searchservice.SearchServiceApplication for test class com.simonjamesrowe.searchservice.test.entrypoints.kafka.KafkaEventConsumerITest

  .   ____          _            __ _ _
 /\\ / ___'_ __ _ _(_)_ __  __ _ \ \ \ \
( ( )\___ | '_ | '_| | '_ \/ _` | \ \ \ \
 \\/  ___)| |_)| | | | | || (_| |  ) ) ) )
  '  |____| .__|_| |_|_| |_\__, | / / / /
 =========|_|==============|___/=/_/_/_/

 :: Spring Boot ::                (v3.3.5)

2025-10-04T09:14:03.871+01:00  INFO 46796 --- [search-service] [    Test worker] [                                                 ] c.s.s.t.e.kafka.KafkaEventConsumerITest  : Starting KafkaEventConsumerITest using Java 21.0.2 with PID 46796 (started by simonrowe in /Users/simonrowe/workspace/simonjamesrowe/backend-modulith/modules/search-service)
2025-10-04T09:14:03.871+01:00  INFO 46796 --- [search-service] [    Test worker] [                                                 ] c.s.s.t.e.kafka.KafkaEventConsumerITest  : The following 1 profile is active: "cms"
2025-10-04T09:14:03.935+01:00  INFO 46796 --- [search-service] [    Test worker] [                                                 ] .s.d.r.c.RepositoryConfigurationDelegate : Multiple Spring Data modules found, entering strict repository configuration mode
2025-10-04T09:14:03.935+01:00  INFO 46796 --- [search-service] [    Test worker] [                                                 ] .s.d.r.c.RepositoryConfigurationDelegate : Bootstrapping Spring Data Elasticsearch repositories in DEFAULT mode.
2025-10-04T09:14:03.938+01:00  INFO 46796 --- [search-service] [    Test worker] [                                                 ] .s.d.r.c.RepositoryConfigurationDelegate : Finished Spring Data repository scanning in 3 ms. Found 2 Elasticsearch repository interfaces.
2025-10-04T09:14:03.939+01:00  INFO 46796 --- [search-service] [    Test worker] [                                                 ] .s.d.r.c.RepositoryConfigurationDelegate : Multiple Spring Data modules found, entering strict repository configuration mode
2025-10-04T09:14:03.939+01:00  INFO 46796 --- [search-service] [    Test worker] [                                                 ] .s.d.r.c.RepositoryConfigurationDelegate : Bootstrapping Spring Data MongoDB repositories in DEFAULT mode.
2025-10-04T09:14:03.940+01:00  INFO 46796 --- [search-service] [    Test worker] [                                                 ] .RepositoryConfigurationExtensionSupport : Spring Data MongoDB - Could not safely identify store assignment for repository candidate interface com.simonjamesrowe.searchservice.dataproviders.elasticsearch.blog.BlogDocumentRepository; If you want this repository to be a MongoDB repository, consider annotating your entities with one of these annotations: org.springframework.data.mongodb.core.mapping.Document (preferred), or consider extending one of the following types with your repository: org.springframework.data.mongodb.repository.MongoRepository
2025-10-04T09:14:03.940+01:00  INFO 46796 --- [search-service] [    Test worker] [                                                 ] .RepositoryConfigurationExtensionSupport : Spring Data MongoDB - Could not safely identify store assignment for repository candidate interface com.simonjamesrowe.searchservice.dataproviders.elasticsearch.site.SiteDocumentRepository; If you want this repository to be a MongoDB repository, consider annotating your entities with one of these annotations: org.springframework.data.mongodb.core.mapping.Document (preferred), or consider extending one of the following types with your repository: org.springframework.data.mongodb.repository.MongoRepository
2025-10-04T09:14:03.940+01:00  INFO 46796 --- [search-service] [    Test worker] [                                                 ] .s.d.r.c.RepositoryConfigurationDelegate : Finished Spring Data repository scanning in 1 ms. Found 0 MongoDB repository interfaces.
2025-10-04T09:14:03.958+01:00  INFO 46796 --- [search-service] [    Test worker] [                                                 ] o.s.b.w.embedded.tomcat.TomcatWebServer  : Tomcat initialized with port 0 (http)
2025-10-04T09:14:03.959+01:00  INFO 46796 --- [search-service] [    Test worker] [                                                 ] o.apache.catalina.core.StandardService   : Starting service [Tomcat]
2025-10-04T09:14:03.959+01:00  INFO 46796 --- [search-service] [    Test worker] [                                                 ] o.apache.catalina.core.StandardEngine    : Starting Servlet engine: [Apache Tomcat/10.1.31]
2025-10-04T09:14:03.967+01:00  INFO 46796 --- [search-service] [    Test worker] [                                                 ] o.a.c.c.C.[Tomcat].[localhost].[/]       : Initializing Spring embedded WebApplicationContext
2025-10-04T09:14:03.967+01:00  INFO 46796 --- [search-service] [    Test worker] [                                                 ] w.s.c.ServletWebServerApplicationContext : Root WebApplicationContext: initialization completed in 96 ms
2025-10-04T09:14:04.106+01:00  INFO 46796 --- [search-service] [localhost:27017] [                                                 ] org.mongodb.driver.cluster               : Exception in monitor thread while connecting to server localhost:27017

com.mongodb.MongoSocketOpenException: Exception opening socket
	at com.mongodb.internal.connection.SocketStream.lambda$open$0(SocketStream.java:86) ~[mongodb-driver-core-5.0.1.jar:na]
	at java.base/java.util.Optional.orElseThrow(Optional.java:403) ~[na:na]
	at com.mongodb.internal.connection.SocketStream.open(SocketStream.java:86) ~[mongodb-driver-core-5.0.1.jar:na]
	at com.mongodb.internal.connection.InternalStreamConnection.open(InternalStreamConnection.java:201) ~[mongodb-driver-core-5.0.1.jar:na]
	at com.mongodb.internal.connection.DefaultServerMonitor$ServerMonitorRunnable.lookupServerDescription(DefaultServerMonitor.java:193) ~[mongodb-driver-core-5.0.1.jar:na]
	at com.mongodb.internal.connection.DefaultServerMonitor$ServerMonitorRunnable.run(DefaultServerMonitor.java:153) ~[mongodb-driver-core-5.0.1.jar:na]
	at java.base/java.lang.Thread.run(Thread.java:1583) ~[na:na]
Caused by: java.net.ConnectException: Connection refused
	at java.base/sun.nio.ch.Net.pollConnect(Native Method) ~[na:na]
	at java.base/sun.nio.ch.Net.pollConnectNow(Net.java:682) ~[na:na]
	at java.base/sun.nio.ch.NioSocketImpl.timedFinishConnect(NioSocketImpl.java:549) ~[na:na]
	at java.base/sun.nio.ch.NioSocketImpl.connect(NioSocketImpl.java:592) ~[na:na]
	at java.base/java.net.SocksSocketImpl.connect(SocksSocketImpl.java:327) ~[na:na]
	at java.base/java.net.Socket.connect(Socket.java:751) ~[na:na]
	at com.mongodb.internal.connection.SocketStreamHelper.initialize(SocketStreamHelper.java:76) ~[mongodb-driver-core-5.0.1.jar:na]
	at com.mongodb.internal.connection.SocketStream.initializeSocket(SocketStream.java:105) ~[mongodb-driver-core-5.0.1.jar:na]
	at com.mongodb.internal.connection.SocketStream.open(SocketStream.java:80) ~[mongodb-driver-core-5.0.1.jar:na]
	... 4 common frames omitted

2025-10-04T09:14:04.106+01:00  INFO 46796 --- [search-service] [    Test worker] [                                                 ] org.mongodb.driver.client                : MongoClient with metadata {"driver": {"name": "mongo-java-driver|sync|spring-boot", "version": "5.0.1"}, "os": {"type": "Darwin", "name": "Mac OS X", "architecture": "aarch64", "version": "15.1"}, "platform": "Java/GraalVM Community/21.0.2+13-jvmci-23.1-b30"} created with settings MongoClientSettings{readPreference=primary, writeConcern=WriteConcern{w=null, wTimeout=null ms, journal=null}, retryWrites=true, retryReads=true, readConcern=ReadConcern{level=null}, credential=null, transportSettings=null, commandListeners=[io.micrometer.core.instrument.binder.mongodb.MongoMetricsCommandListener@2febb687], codecRegistry=ProvidersCodecRegistry{codecProviders=[ValueCodecProvider{}, BsonValueCodecProvider{}, DBRefCodecProvider{}, DBObjectCodecProvider{}, DocumentCodecProvider{}, CollectionCodecProvider{}, IterableCodecProvider{}, MapCodecProvider{}, GeoJsonCodecProvider{}, GridFSFileCodecProvider{}, Jsr310CodecProvider{}, JsonObjectCodecProvider{}, BsonCodecProvider{}, EnumCodecProvider{}, com.mongodb.client.model.mql.ExpressionCodecProvider@2084b5cd, com.mongodb.Jep395RecordCodecProvider@78b62985, com.mongodb.KotlinCodecProvider@63bbd5b1]}, loggerSettings=LoggerSettings{maxDocumentLength=1000}, clusterSettings={hosts=[localhost:27017], srvServiceName=mongodb, mode=SINGLE, requiredClusterType=UNKNOWN, requiredReplicaSetName='null', serverSelector='null', clusterListeners='[]', serverSelectionTimeout='30000 ms', localThreshold='15 ms'}, socketSettings=SocketSettings{connectTimeoutMS=10000, readTimeoutMS=0, receiveBufferSize=0, proxySettings=ProxySettings{host=null, port=null, username=null, password=null}}, heartbeatSocketSettings=SocketSettings{connectTimeoutMS=10000, readTimeoutMS=10000, receiveBufferSize=0, proxySettings=ProxySettings{host=null, port=null, username=null, password=null}}, connectionPoolSettings=ConnectionPoolSettings{maxSize=100, minSize=0, maxWaitTimeMS=120000, maxConnectionLifeTimeMS=0, maxConnectionIdleTimeMS=0, maintenanceInitialDelayMS=0, maintenanceFrequencyMS=60000, connectionPoolListeners=[io.micrometer.core.instrument.binder.mongodb.MongoMetricsConnectionPoolListener@48c1b99e], maxConnecting=2}, serverSettings=ServerSettings{heartbeatFrequencyMS=10000, minHeartbeatFrequencyMS=500, serverListeners='[]', serverMonitorListeners='[]'}, sslSettings=SslSettings{enabled=false, invalidHostNameAllowed=false, context=null}, applicationName='null', compressorList=[], uuidRepresentation=JAVA_LEGACY, serverApi=null, autoEncryptionSettings=null, dnsClient=null, inetAddressResolver=null, contextProvider=null}
2025-10-04T09:14:04.132+01:00  INFO 46796 --- [search-service] [    Test worker] [                                                 ] o.s.b.a.e.web.EndpointLinksResolver      : Exposing 1 endpoint beneath base path '/actuator'
2025-10-04T09:14:04.139+01:00  INFO 46796 --- [search-service] [    Test worker] [                                                 ] o.a.k.clients.admin.AdminClientConfig    : AdminClientConfig values: 
	auto.include.jmx.reporter = true
	bootstrap.controllers = []
	bootstrap.servers = [localhost:33272]
	client.dns.lookup = use_all_dns_ips
	client.id = search-service-admin-1
	connections.max.idle.ms = 300000
	default.api.timeout.ms = 60000
	enable.metrics.push = true
	metadata.max.age.ms = 300000
	metric.reporters = []
	metrics.num.samples = 2
	metrics.recording.level = INFO
	metrics.sample.window.ms = 30000
	receive.buffer.bytes = 65536
	reconnect.backoff.max.ms = 1000
	reconnect.backoff.ms = 50
	request.timeout.ms = 30000
	retries = 2147483647
	retry.backoff.max.ms = 1000
	retry.backoff.ms = 100
	sasl.client.callback.handler.class = null
	sasl.jaas.config = null
	sasl.kerberos.kinit.cmd = /usr/bin/kinit
	sasl.kerberos.min.time.before.relogin = 60000
	sasl.kerberos.service.name = null
	sasl.kerberos.ticket.renew.jitter = 0.05
	sasl.kerberos.ticket.renew.window.factor = 0.8
	sasl.login.callback.handler.class = null
	sasl.login.class = null
	sasl.login.connect.timeout.ms = null
	sasl.login.read.timeout.ms = null
	sasl.login.refresh.buffer.seconds = 300
	sasl.login.refresh.min.period.seconds = 60
	sasl.login.refresh.window.factor = 0.8
	sasl.login.refresh.window.jitter = 0.05
	sasl.login.retry.backoff.max.ms = 10000
	sasl.login.retry.backoff.ms = 100
	sasl.mechanism = GSSAPI
	sasl.oauthbearer.clock.skew.seconds = 30
	sasl.oauthbearer.expected.audience = null
	sasl.oauthbearer.expected.issuer = null
	sasl.oauthbearer.jwks.endpoint.refresh.ms = 3600000
	sasl.oauthbearer.jwks.endpoint.retry.backoff.max.ms = 10000
	sasl.oauthbearer.jwks.endpoint.retry.backoff.ms = 100
	sasl.oauthbearer.jwks.endpoint.url = null
	sasl.oauthbearer.scope.claim.name = scope
	sasl.oauthbearer.sub.claim.name = sub
	sasl.oauthbearer.token.endpoint.url = null
	security.protocol = PLAINTEXT
	security.providers = null
	send.buffer.bytes = 131072
	socket.connection.setup.timeout.max.ms = 30000
	socket.connection.setup.timeout.ms = 10000
	ssl.cipher.suites = null
	ssl.enabled.protocols = [TLSv1.2, TLSv1.3]
	ssl.endpoint.identification.algorithm = https
	ssl.engine.factory.class = null
	ssl.key.password = null
	ssl.keymanager.algorithm = SunX509
	ssl.keystore.certificate.chain = null
	ssl.keystore.key = null
	ssl.keystore.location = null
	ssl.keystore.password = null
	ssl.keystore.type = JKS
	ssl.protocol = TLSv1.3
	ssl.provider = null
	ssl.secure.random.implementation = null
	ssl.trustmanager.algorithm = PKIX
	ssl.truststore.certificates = null
	ssl.truststore.location = null
	ssl.truststore.password = null
	ssl.truststore.type = JKS

2025-10-04T09:14:04.140+01:00  INFO 46796 --- [search-service] [    Test worker] [                                                 ] o.a.kafka.common.utils.AppInfoParser     : Kafka version: 3.7.1
2025-10-04T09:14:04.140+01:00  INFO 46796 --- [search-service] [    Test worker] [                                                 ] o.a.kafka.common.utils.AppInfoParser     : Kafka commitId: e2494e6ffb89f828
2025-10-04T09:14:04.140+01:00  INFO 46796 --- [search-service] [    Test worker] [                                                 ] o.a.kafka.common.utils.AppInfoParser     : Kafka startTimeMs: 1759565644140
2025-10-04T09:14:04.160+01:00  INFO 46796 --- [search-service] [service-admin-1] [                                                 ] o.a.kafka.common.utils.AppInfoParser     : App info kafka.admin.client for search-service-admin-1 unregistered
2025-10-04T09:14:04.160+01:00  INFO 46796 --- [search-service] [service-admin-1] [                                                 ] o.apache.kafka.common.metrics.Metrics    : Metrics scheduler closed
2025-10-04T09:14:04.160+01:00  INFO 46796 --- [search-service] [service-admin-1] [                                                 ] o.apache.kafka.common.metrics.Metrics    : Closing reporter org.apache.kafka.common.metrics.JmxReporter
2025-10-04T09:14:04.160+01:00  INFO 46796 --- [search-service] [service-admin-1] [                                                 ] o.apache.kafka.common.metrics.Metrics    : Metrics reporters closed
2025-10-04T09:14:04.161+01:00  INFO 46796 --- [search-service] [    Test worker] [                                                 ] o.s.b.w.embedded.tomcat.TomcatWebServer  : Tomcat started on port 63582 (http) with context path '/'
2025-10-04T09:14:04.162+01:00  INFO 46796 --- [search-service] [    Test worker] [                                                 ] o.a.k.clients.consumer.ConsumerConfig    : ConsumerConfig values: 
	allow.auto.create.topics = true
	auto.commit.interval.ms = 5000
	auto.include.jmx.reporter = true
	auto.offset.reset = latest
	bootstrap.servers = [localhost:33272]
	check.crcs = true
	client.dns.lookup = use_all_dns_ips
	client.id = consumer-search-service-2
	client.rack = 
	connections.max.idle.ms = 540000
	default.api.timeout.ms = 60000
	enable.auto.commit = true
	enable.metrics.push = true
	exclude.internal.topics = true
	fetch.max.bytes = 52428800
	fetch.max.wait.ms = 500
	fetch.min.bytes = 1
	group.id = search-service
	group.instance.id = null
	group.protocol = classic
	group.remote.assignor = null
	heartbeat.interval.ms = 3000
	interceptor.classes = []
	internal.leave.group.on.close = true
	internal.throw.on.fetch.stable.offset.unsupported = false
	isolation.level = read_uncommitted
	key.deserializer = class org.apache.kafka.common.serialization.StringDeserializer
	max.partition.fetch.bytes = 1048576
	max.poll.interval.ms = 300000
	max.poll.records = 20
	metadata.max.age.ms = 300000
	metric.reporters = []
	metrics.num.samples = 2
	metrics.recording.level = INFO
	metrics.sample.window.ms = 30000
	partition.assignment.strategy = [class org.apache.kafka.clients.consumer.RangeAssignor, class org.apache.kafka.clients.consumer.CooperativeStickyAssignor]
	receive.buffer.bytes = 65536
	reconnect.backoff.max.ms = 1000
	reconnect.backoff.ms = 50
	request.timeout.ms = 30000
	retry.backoff.max.ms = 1000
	retry.backoff.ms = 100
	sasl.client.callback.handler.class = null
	sasl.jaas.config = null
	sasl.kerberos.kinit.cmd = /usr/bin/kinit
	sasl.kerberos.min.time.before.relogin = 60000
	sasl.kerberos.service.name = null
	sasl.kerberos.ticket.renew.jitter = 0.05
	sasl.kerberos.ticket.renew.window.factor = 0.8
	sasl.login.callback.handler.class = null
	sasl.login.class = null
	sasl.login.connect.timeout.ms = null
	sasl.login.read.timeout.ms = null
	sasl.login.refresh.buffer.seconds = 300
	sasl.login.refresh.min.period.seconds = 60
	sasl.login.refresh.window.factor = 0.8
	sasl.login.refresh.window.jitter = 0.05
	sasl.login.retry.backoff.max.ms = 10000
	sasl.login.retry.backoff.ms = 100
	sasl.mechanism = GSSAPI
	sasl.oauthbearer.clock.skew.seconds = 30
	sasl.oauthbearer.expected.audience = null
	sasl.oauthbearer.expected.issuer = null
	sasl.oauthbearer.jwks.endpoint.refresh.ms = 3600000
	sasl.oauthbearer.jwks.endpoint.retry.backoff.max.ms = 10000
	sasl.oauthbearer.jwks.endpoint.retry.backoff.ms = 100
	sasl.oauthbearer.jwks.endpoint.url = null
	sasl.oauthbearer.scope.claim.name = scope
	sasl.oauthbearer.sub.claim.name = sub
	sasl.oauthbearer.token.endpoint.url = null
	security.protocol = PLAINTEXT
	security.providers = null
	send.buffer.bytes = 131072
	session.timeout.ms = 45000
	socket.connection.setup.timeout.max.ms = 30000
	socket.connection.setup.timeout.ms = 10000
	ssl.cipher.suites = null
	ssl.enabled.protocols = [TLSv1.2, TLSv1.3]
	ssl.endpoint.identification.algorithm = https
	ssl.engine.factory.class = null
	ssl.key.password = null
	ssl.keymanager.algorithm = SunX509
	ssl.keystore.certificate.chain = null
	ssl.keystore.key = null
	ssl.keystore.location = null
	ssl.keystore.password = null
	ssl.keystore.type = JKS
	ssl.protocol = TLSv1.3
	ssl.provider = null
	ssl.secure.random.implementation = null
	ssl.trustmanager.algorithm = PKIX
	ssl.truststore.certificates = null
	ssl.truststore.location = null
	ssl.truststore.password = null
	ssl.truststore.type = JKS
	value.deserializer = class com.simonjamesrowe.model.serialization.WebhookEventDeserializer

2025-10-04T09:14:04.163+01:00  INFO 46796 --- [search-service] [    Test worker] [                                                 ] o.a.k.c.t.i.KafkaMetricsCollector        : initializing Kafka metrics collector
2025-10-04T09:14:04.165+01:00  INFO 46796 --- [search-service] [    Test worker] [                                                 ] o.a.kafka.common.utils.AppInfoParser     : Kafka version: 3.7.1
2025-10-04T09:14:04.165+01:00  INFO 46796 --- [search-service] [    Test worker] [                                                 ] o.a.kafka.common.utils.AppInfoParser     : Kafka commitId: e2494e6ffb89f828
2025-10-04T09:14:04.165+01:00  INFO 46796 --- [search-service] [    Test worker] [                                                 ] o.a.kafka.common.utils.AppInfoParser     : Kafka startTimeMs: 1759565644165
2025-10-04T09:14:04.167+01:00  INFO 46796 --- [search-service] [    Test worker] [                                                 ] o.a.k.c.c.internals.LegacyKafkaConsumer  : [Consumer clientId=consumer-search-service-2, groupId=search-service] Subscribed to topic(s): LOCAL_EVENTS
2025-10-04T09:14:04.170+01:00  INFO 46796 --- [search-service] [    Test worker] [                                                 ] c.s.s.t.e.kafka.KafkaEventConsumerITest  : Started KafkaEventConsumerITest in 0.31 seconds (process running for 40.236)
2025-10-04T09:14:04.175+01:00  INFO 46796 --- [search-service] [        kafka-1] [                                                 ] org.apache.kafka.clients.Metadata        : [Consumer clientId=consumer-search-service-2, groupId=search-service] Cluster ID: 4L6g3nShT-eMCtK--X86sw
2025-10-04T09:14:04.177+01:00  INFO 46796 --- [search-service] [        kafka-1] [                                                 ] o.a.k.c.c.internals.ConsumerCoordinator  : [Consumer clientId=consumer-search-service-2, groupId=search-service] Discovered group coordinator localhost:33272 (id: 2147483646 rack: null)
2025-10-04T09:14:04.178+01:00  INFO 46796 --- [search-service] [        kafka-1] [                                                 ] o.a.k.c.c.internals.ConsumerCoordinator  : [Consumer clientId=consumer-search-service-2, groupId=search-service] (Re-)joining group
2025-10-04T09:14:04.192+01:00  INFO 46796 --- [search-service] [        kafka-1] [                                                 ] o.a.k.c.c.internals.ConsumerCoordinator  : [Consumer clientId=consumer-search-service-2, groupId=search-service] Request joining group due to: need to re-join with the given member-id: consumer-search-service-2-9652129b-d134-4f60-9d3f-2e2607bc62c7
2025-10-04T09:14:04.192+01:00  INFO 46796 --- [search-service] [        kafka-1] [                                                 ] o.a.k.c.c.internals.ConsumerCoordinator  : [Consumer clientId=consumer-search-service-2, groupId=search-service] (Re-)joining group
2025-10-04T09:14:04.197+01:00  INFO 46796 --- [search-service] [        kafka-1] [                                                 ] o.a.k.c.c.internals.ConsumerCoordinator  : [Consumer clientId=consumer-search-service-2, groupId=search-service] Successfully joined group with generation Generation{generationId=3, memberId='consumer-search-service-2-9652129b-d134-4f60-9d3f-2e2607bc62c7', protocol='range'}
2025-10-04T09:14:04.197+01:00  INFO 46796 --- [search-service] [        kafka-1] [                                                 ] o.a.k.c.c.internals.ConsumerCoordinator  : [Consumer clientId=consumer-search-service-2, groupId=search-service] Finished assignment for group at generation 3: {consumer-search-service-2-9652129b-d134-4f60-9d3f-2e2607bc62c7=Assignment(partitions=[LOCAL_EVENTS-0])}
2025-10-04T09:14:04.202+01:00  INFO 46796 --- [search-service] [        kafka-1] [                                                 ] o.a.k.c.c.internals.ConsumerCoordinator  : [Consumer clientId=consumer-search-service-2, groupId=search-service] Successfully synced group in generation Generation{generationId=3, memberId='consumer-search-service-2-9652129b-d134-4f60-9d3f-2e2607bc62c7', protocol='range'}
2025-10-04T09:14:04.202+01:00  INFO 46796 --- [search-service] [        kafka-1] [                                                 ] o.a.k.c.c.internals.ConsumerCoordinator  : [Consumer clientId=consumer-search-service-2, groupId=search-service] Notifying assignor about the new Assignment(partitions=[LOCAL_EVENTS-0])
2025-10-04T09:14:04.202+01:00  INFO 46796 --- [search-service] [        kafka-1] [                                                 ] k.c.c.i.ConsumerRebalanceListenerInvoker : [Consumer clientId=consumer-search-service-2, groupId=search-service] Adding newly assigned partitions: LOCAL_EVENTS-0
2025-10-04T09:14:04.204+01:00  INFO 46796 --- [search-service] [        kafka-1] [                                                 ] o.a.k.c.c.internals.ConsumerCoordinator  : [Consumer clientId=consumer-search-service-2, groupId=search-service] Found no committed offset for partition LOCAL_EVENTS-0
2025-10-04T09:14:04.213+01:00  INFO 46796 --- [search-service] [        kafka-1] [                                                 ] o.a.k.c.c.internals.SubscriptionState    : [Consumer clientId=consumer-search-service-2, groupId=search-service] Resetting offset for partition LOCAL_EVENTS-0 to position FetchPosition{offset=0, offsetEpoch=Optional.empty, currentLeader=LeaderAndEpoch{leader=Optional[localhost:33272 (id: 1 rack: null)], epoch=0}}.
2025-10-04T09:14:04.213+01:00  INFO 46796 --- [search-service] [        kafka-1] [                                                 ] o.s.k.l.KafkaMessageListenerContainer    : search-service: partitions assigned: [LOCAL_EVENTS-0]
2025-10-04T09:14:04.674+01:00  INFO 46796 --- [search-service] [    Test worker] [                                                 ] o.a.k.clients.producer.ProducerConfig    : ProducerConfig values: 
	acks = -1
	auto.include.jmx.reporter = true
	batch.size = 16384
	bootstrap.servers = [localhost:33272]
	buffer.memory = 33554432
	client.dns.lookup = use_all_dns_ips
	client.id = search-service-producer-1
	compression.type = none
	connections.max.idle.ms = 540000
	delivery.timeout.ms = 120000
	enable.idempotence = true
	enable.metrics.push = true
	interceptor.classes = []
	key.serializer = class org.apache.kafka.common.serialization.StringSerializer
	linger.ms = 0
	max.block.ms = 60000
	max.in.flight.requests.per.connection = 5
	max.request.size = 1048576
	metadata.max.age.ms = 300000
	metadata.max.idle.ms = 300000
	metric.reporters = []
	metrics.num.samples = 2
	metrics.recording.level = INFO
	metrics.sample.window.ms = 30000
	partitioner.adaptive.partitioning.enable = true
	partitioner.availability.timeout.ms = 0
	partitioner.class = null
	partitioner.ignore.keys = false
	receive.buffer.bytes = 32768
	reconnect.backoff.max.ms = 1000
	reconnect.backoff.ms = 50
	request.timeout.ms = 30000
	retries = 2147483647
	retry.backoff.max.ms = 1000
	retry.backoff.ms = 100
	sasl.client.callback.handler.class = null
	sasl.jaas.config = null
	sasl.kerberos.kinit.cmd = /usr/bin/kinit
	sasl.kerberos.min.time.before.relogin = 60000
	sasl.kerberos.service.name = null
	sasl.kerberos.ticket.renew.jitter = 0.05
	sasl.kerberos.ticket.renew.window.factor = 0.8
	sasl.login.callback.handler.class = null
	sasl.login.class = null
	sasl.login.connect.timeout.ms = null
	sasl.login.read.timeout.ms = null
	sasl.login.refresh.buffer.seconds = 300
	sasl.login.refresh.min.period.seconds = 60
	sasl.login.refresh.window.factor = 0.8
	sasl.login.refresh.window.jitter = 0.05
	sasl.login.retry.backoff.max.ms = 10000
	sasl.login.retry.backoff.ms = 100
	sasl.mechanism = GSSAPI
	sasl.oauthbearer.clock.skew.seconds = 30
	sasl.oauthbearer.expected.audience = null
	sasl.oauthbearer.expected.issuer = null
	sasl.oauthbearer.jwks.endpoint.refresh.ms = 3600000
	sasl.oauthbearer.jwks.endpoint.retry.backoff.max.ms = 10000
	sasl.oauthbearer.jwks.endpoint.retry.backoff.ms = 100
	sasl.oauthbearer.jwks.endpoint.url = null
	sasl.oauthbearer.scope.claim.name = scope
	sasl.oauthbearer.sub.claim.name = sub
	sasl.oauthbearer.token.endpoint.url = null
	security.protocol = PLAINTEXT
	security.providers = null
	send.buffer.bytes = 131072
	socket.connection.setup.timeout.max.ms = 30000
	socket.connection.setup.timeout.ms = 10000
	ssl.cipher.suites = null
	ssl.enabled.protocols = [TLSv1.2, TLSv1.3]
	ssl.endpoint.identification.algorithm = https
	ssl.engine.factory.class = null
	ssl.key.password = null
	ssl.keymanager.algorithm = SunX509
	ssl.keystore.certificate.chain = null
	ssl.keystore.key = null
	ssl.keystore.location = null
	ssl.keystore.password = null
	ssl.keystore.type = JKS
	ssl.protocol = TLSv1.3
	ssl.provider = null
	ssl.secure.random.implementation = null
	ssl.trustmanager.algorithm = PKIX
	ssl.truststore.certificates = null
	ssl.truststore.location = null
	ssl.truststore.password = null
	ssl.truststore.type = JKS
	transaction.timeout.ms = 60000
	transactional.id = null
	value.serializer = class com.simonjamesrowe.model.serialization.WebhookEventSerializer

2025-10-04T09:14:04.675+01:00  INFO 46796 --- [search-service] [    Test worker] [                                                 ] o.a.k.c.t.i.KafkaMetricsCollector        : initializing Kafka metrics collector
2025-10-04T09:14:04.681+01:00  INFO 46796 --- [search-service] [    Test worker] [                                                 ] o.a.k.clients.producer.KafkaProducer     : [Producer clientId=search-service-producer-1] Instantiated an idempotent producer.
2025-10-04T09:14:04.687+01:00  INFO 46796 --- [search-service] [    Test worker] [                                                 ] o.a.kafka.common.utils.AppInfoParser     : Kafka version: 3.7.1
2025-10-04T09:14:04.690+01:00  INFO 46796 --- [search-service] [    Test worker] [                                                 ] o.a.kafka.common.utils.AppInfoParser     : Kafka commitId: e2494e6ffb89f828
2025-10-04T09:14:04.690+01:00  INFO 46796 --- [search-service] [    Test worker] [                                                 ] o.a.kafka.common.utils.AppInfoParser     : Kafka startTimeMs: 1759565644687
2025-10-04T09:14:04.694+01:00  INFO 46796 --- [search-service] [vice-producer-1] [                                                 ] org.apache.kafka.clients.Metadata        : [Producer clientId=search-service-producer-1] Cluster ID: 4L6g3nShT-eMCtK--X86sw
2025-10-04T09:14:04.724+01:00  INFO 46796 --- [search-service] [vice-producer-1] [                                                 ] o.a.k.c.p.internals.TransactionManager   : [Producer clientId=search-service-producer-1] ProducerId set to 0 with epoch 0
2025-10-04T09:14:04.743+01:00  INFO 46796 --- [search-service] [        kafka-1] [                                                 ] c.s.s.e.kafka.KafkaEventConsumer         : Received events from kafka: [WebhookEventDTO[event=created, createdAt=2025-10-04T09:14:04.666445+01:00[Europe/London], model=blog, entry={"id":"1","published":true,"tags":[{"id":"1","name":"Kubernetes","createdAt":"2025-10-04T09:14:04.655666+01:00","updatedAt":"2025-10-04T09:14:04.655675+01:00","__v":1},{"id":"2","name":"Jenkins","createdAt":"2025-10-04T09:14:04.655678+01:00","updatedAt":"2025-10-04T09:14:04.655679+01:00","__v":1}],"createdAt":"2025-10-04T09:14:04.655682+01:00","updatedAt":"2025-10-04T09:14:04.655682+01:00","skills":[{"id":"1","name":"Jenkins","createdAt":"2025-10-04T09:14:04.655684+01:00","updatedAt":"2025-10-04T09:14:04.655685+01:00","description":"Jenkins Description","rating":7.8,"order":2,"image":{"url":"uploads/jenkins.jpg","name":"image1","size":10,"width":100,"height":100,"mime":"jpg","formats":{"thumbnail":{"url":"uploads/jenkins-thumb.jpg","name":"jenkins-thumb","size":20,"width":20,"height":20,"mime":"jpg","formats":null},"large":{"url":"uploads/jenkins-sml.jpg","name":"jenkins-sml","size":30,"width":30,"height":30,"mime":"jpg","formats":null},"medium":{"url":"uploads/jenkins-med.jpg","name":"jenkins-mde","size":40,"width":40,"height":40,"mime":"jpg","formats":null},"small":{"url":"uploads/jenkins-lg.jpg","name":"jenkins-lg","size":50,"width":50,"height":50,"mime":"jpg","formats":null}}},"includeOnResume":true}],"shortDescription":"Short description","title":"My first blog","content":"Some awesome content","image":{"url":"uploads/image1.jpg","name":"image1","size":10,"width":100,"height":100,"mime":"jpg","formats":{"thumbnail":{"url":"uploads/image1-thumb.jpg","name":"image1-thumb","size":20,"width":20,"height":20,"mime":"jpg","formats":null},"large":{"url":"uploads/image1-sml.jpg","name":"image1-sml","size":30,"width":30,"height":30,"mime":"jpg","formats":null},"medium":{"url":"uploads/image1-med.jpg","name":"image1-mde","size":40,"width":40,"height":40,"mime":"jpg","formats":null},"small":{"url":"uploads/image1-lg.jpg","name":"image1-lg","size":50,"width":50,"height":50,"mime":"jpg","formats":null}}}}]]
2025-10-04T09:14:04.776+01:00  INFO 46796 --- [search-service] [        kafka-1] [                                                 ] c.s.s.e.kafka.KafkaEventConsumer         : Received events from kafka: [WebhookEventDTO[event=created, createdAt=2025-10-04T09:14:04.666483+01:00[Europe/London], model=car, entry=["vals"]]]
2025-10-04T09:14:04.777+01:00  INFO 46796 --- [search-service] [        kafka-1] [                                                 ] c.s.s.e.kafka.KafkaEventConsumer         : Received events from kafka: [WebhookEventDTO[event=updated, createdAt=2025-10-04T09:14:04.666487+01:00[Europe/London], model=blog, entry={"id":"2","published":true,"tags":[{"id":"3","name":"Spring","createdAt":"2025-10-04T09:14:04.655854+01:00","updatedAt":"2025-10-04T09:14:04.655857+01:00","__v":1},{"id":"4","name":"Kotlin","createdAt":"2025-10-04T09:14:04.655859+01:00","updatedAt":"2025-10-04T09:14:04.65586+01:00","__v":1}],"createdAt":"2025-10-04T09:14:04.655861+01:00","updatedAt":"2025-10-04T09:14:04.655861+01:00","skills":[{"id":"5","name":"TestContainers","createdAt":"2025-10-04T09:14:04.655863+01:00","updatedAt":"2025-10-04T09:14:04.655863+01:00","description":"TestContainers Description","rating":4.0,"order":1,"image":{"url":"uploads/test-containers.jpg","name":"image1","size":5,"width":50,"height":50,"mime":"jpg","formats":{"thumbnail":{"url":"uploads/test-containers-thumb.jpg","name":"test-containers-thumb","size":10,"width":10,"height":10,"mime":"jpg","formats":null},"large":{"url":"uploads/test-containers-sml.jpg","name":"test-containers-sml","size":15,"width":15,"height":15,"mime":"jpg","formats":null},"medium":{"url":"uploads/test-containers-med.jpg","name":"test-containers-mde","size":20,"width":20,"height":20,"mime":"jpg","formats":null},"small":{"url":"uploads/test-containers-lg.jpg","name":"test-containers-lg","size":25,"width":25,"height":25,"mime":"jpg","formats":null}}},"includeOnResume":true}],"shortDescription":"Short description 2","title":"My second blog","content":"Some awesome content again","image":{"url":"uploads/image2.jpg","name":"image1","size":6,"width":60,"height":60,"mime":"jpg","formats":{"thumbnail":{"url":"uploads/image2-thumb.jpg","name":"image2-thumb","size":12,"width":12,"height":12,"mime":"jpg","formats":null},"large":{"url":"uploads/image2-sml.jpg","name":"image2-sml","size":18,"width":18,"height":18,"mime":"jpg","formats":null},"medium":{"url":"uploads/image2-med.jpg","name":"image2-mde","size":24,"width":24,"height":24,"mime":"jpg","formats":null},"small":{"url":"uploads/image2-lg.jpg","name":"image2-lg","size":30,"width":30,"height":30,"mime":"jpg","formats":null}}}}]]
2025-10-04T09:14:04.798+01:00  INFO 46796 --- [search-service] [        kafka-1] [                                                 ] c.s.s.e.kafka.KafkaEventConsumer         : Received events from kafka: [WebhookEventDTO[event=updated, createdAt=2025-10-04T09:14:04.666488+01:00[Europe/London], model=blog, entry={"id":"3","published":false,"tags":[{"id":"3","name":"Spring","createdAt":"2025-10-04T09:14:04.655871+01:00","updatedAt":"2025-10-04T09:14:04.655872+01:00","__v":1},{"id":"4","name":"Kotlin","createdAt":"2025-10-04T09:14:04.655873+01:00","updatedAt":"2025-10-04T09:14:04.655873+01:00","__v":1}],"createdAt":"2025-10-04T09:14:04.655874+01:00","updatedAt":"2025-10-04T09:14:04.655875+01:00","skills":[{"id":"5","name":"TestContainers","createdAt":"2025-10-04T09:14:04.655875+01:00","updatedAt":"2025-10-04T09:14:04.655876+01:00","description":"TestContainers Description","rating":4.0,"order":1,"image":{"url":"uploads/testcontainers.jpg","name":"image1","size":8,"width":80,"height":80,"mime":"jpg","formats":{"thumbnail":{"url":"uploads/testcontainers-thumb.jpg","name":"testcontainers-thumb","size":16,"width":16,"height":16,"mime":"jpg","formats":null},"large":{"url":"uploads/testcontainers-sml.jpg","name":"testcontainers-sml","size":24,"width":24,"height":24,"mime":"jpg","formats":null},"medium":{"url":"uploads/testcontainers-med.jpg","name":"testcontainers-mde","size":32,"width":32,"height":32,"mime":"jpg","formats":null},"small":{"url":"uploads/testcontainers-lg.jpg","name":"testcontainers-lg","size":40,"width":40,"height":40,"mime":"jpg","formats":null}}},"includeOnResume":false}],"shortDescription":"Short description 3","title":"My 3rd blog","content":"Some awesome content again","image":{"url":"uploads/image2.jpg","name":"image1","size":9,"width":90,"height":90,"mime":"jpg","formats":{"thumbnail":{"url":"uploads/image2-thumb.jpg","name":"image2-thumb","size":18,"width":18,"height":18,"mime":"jpg","formats":null},"large":{"url":"uploads/image2-sml.jpg","name":"image2-sml","size":27,"width":27,"height":27,"mime":"jpg","formats":null},"medium":{"url":"uploads/image2-med.jpg","name":"image2-mde","size":36,"width":36,"height":36,"mime":"jpg","formats":null},"small":{"url":"uploads/image2-lg.jpg","name":"image2-lg","size":45,"width":45,"height":45,"mime":"jpg","formats":null}}}}]]
]]></system-out>
  <system-err><![CDATA[]]></system-err>
</testsuite>
