<?xml version="1.0" encoding="UTF-8"?>
<testsuite name="com.simonjamesrowe.searchservice.test.dataproviders.elasticsearch.site.SiteSearchRepositoryTest" tests="1" skipped="0" failures="0" errors="0" timestamp="2025-10-04T08:14:03" hostname="Simons-MacBook-Pro.local" time="0.06">
  <properties/>
  <testcase name="shouldReturnRelevantResults()" classname="com.simonjamesrowe.searchservice.test.dataproviders.elasticsearch.site.SiteSearchRepositoryTest" time="0.06"/>
  <system-out><![CDATA[2025-10-04T09:14:03.609+01:00  INFO 46796 --- [search-service] [    Test worker] [                                                 ] .t.e.ElasticsearchTestContainerExtension : Elastic Search test container started on port 33266
2025-10-04T09:14:03.610+01:00  INFO 46796 --- [search-service] [    Test worker] [                                                 ] t.c.s.AnnotationConfigContextLoaderUtils : Could not detect default configuration classes for test class [com.simonjamesrowe.searchservice.test.dataproviders.elasticsearch.site.SiteSearchRepositoryTest]: SiteSearchRepositoryTest does not declare any static, non-private, non-final, nested classes annotated with @Configuration.
2025-10-04T09:14:03.611+01:00  INFO 46796 --- [search-service] [    Test worker] [                                                 ] .b.t.c.SpringBootTestContextBootstrapper : Found @SpringBootConfiguration com.simonjamesrowe.searchservice.SearchServiceApplication for test class com.simonjamesrowe.searchservice.test.dataproviders.elasticsearch.site.SiteSearchRepositoryTest

  .   ____          _            __ _ _
 /\\ / ___'_ __ _ _(_)_ __  __ _ \ \ \ \
( ( )\___ | '_ | '_| | '_ \/ _` | \ \ \ \
 \\/  ___)| |_)| | | | | || (_| |  ) ) ) )
  '  |____| .__|_| |_|_| |_\__, | / / / /
 =========|_|==============|___/=/_/_/_/

 :: Spring Boot ::                (v3.3.5)

2025-10-04T09:14:03.619+01:00  INFO 46796 --- [search-service] [    Test worker] [                                                 ] c.s.s.t.d.e.s.SiteSearchRepositoryTest   : Starting SiteSearchRepositoryTest using Java 21.0.2 with PID 46796 (started by simonrowe in /Users/simonrowe/workspace/simonjamesrowe/backend-modulith/modules/search-service)
2025-10-04T09:14:03.619+01:00  INFO 46796 --- [search-service] [    Test worker] [                                                 ] c.s.s.t.d.e.s.SiteSearchRepositoryTest   : No active profile set, falling back to 1 default profile: "default"
2025-10-04T09:14:03.637+01:00  INFO 46796 --- [search-service] [    Test worker] [                                                 ] .s.d.r.c.RepositoryConfigurationDelegate : Multiple Spring Data modules found, entering strict repository configuration mode
2025-10-04T09:14:03.638+01:00  INFO 46796 --- [search-service] [    Test worker] [                                                 ] .s.d.r.c.RepositoryConfigurationDelegate : Bootstrapping Spring Data Elasticsearch repositories in DEFAULT mode.
2025-10-04T09:14:03.641+01:00  INFO 46796 --- [search-service] [    Test worker] [                                                 ] .s.d.r.c.RepositoryConfigurationDelegate : Finished Spring Data repository scanning in 3 ms. Found 2 Elasticsearch repository interfaces.
2025-10-04T09:14:03.659+01:00  INFO 46796 --- [search-service] [    Test worker] [                                                 ] c.s.s.t.d.e.s.SiteSearchRepositoryTest   : Started SiteSearchRepositoryTest in 0.047 seconds (process running for 39.725)
]]></system-out>
  <system-err><![CDATA[]]></system-err>
</testsuite>
