<?xml version="1.0" encoding="UTF-8"?>
<testsuite name="com.simonjamesrowe.searchservice.test.SearchServiceApplicationTests" tests="1" skipped="0" failures="0" errors="0" timestamp="2025-10-04T08:14:01" hostname="Simons-MacBook-Pro.local" time="0.549">
  <properties/>
  <testcase name="contextLoads()" classname="com.simonjamesrowe.searchservice.test.SearchServiceApplicationTests" time="0.549"/>
  <system-out><![CDATA[09:13:29.666 [Test worker] INFO org.testcontainers.DockerClientFactory -- Testcontainers version: 1.21.0
09:13:29.900 [Test worker] INFO org.testcontainers.dockerclient.DockerClientProviderStrategy -- Loaded org.testcontainers.dockerclient.UnixSocketClientProviderStrategy from ~/.testcontainers.properties, will try it first
09:13:30.134 [Test worker] INFO org.testcontainers.dockerclient.DockerClientProviderStrategy -- Found Docker environment with local Unix socket (unix:///var/run/docker.sock)
09:13:30.135 [Test worker] INFO org.testcontainers.DockerClientFactory -- Docker host IP address is localhost
09:13:30.154 [Test worker] INFO org.testcontainers.DockerClientFactory -- Connected to docker: 
  Server Version: 27.4.0
  API Version: 1.47
  Operating System: Ubuntu 24.04.1 LTS
  Total Memory: 11935 MB
09:13:30.403 [Test worker] INFO tc.testcontainers/ryuk:0.11.0 -- Creating container for image: testcontainers/ryuk:0.11.0
09:13:30.527 [Test worker] INFO tc.testcontainers/ryuk:0.11.0 -- Container testcontainers/ryuk:0.11.0 is starting: 9471ee048e91725c0b8c765d58f8fd3f1314a02554de5b9be6063e17716bded3
09:13:30.760 [Test worker] INFO tc.testcontainers/ryuk:0.11.0 -- Container testcontainers/ryuk:0.11.0 started in PT0.357335S
09:13:30.764 [Test worker] INFO org.testcontainers.utility.RyukResourceReaper -- Ryuk started - will monitor and terminate Testcontainers containers on JVM exit
09:13:30.764 [Test worker] INFO org.testcontainers.DockerClientFactory -- Checking the system...
09:13:30.764 [Test worker] INFO org.testcontainers.DockerClientFactory -- ✔︎ Docker server version should be at least 1.6.0
09:13:30.765 [Test worker] INFO tc.docker.elastic.co/elasticsearch/elasticsearch:8.11.1 -- Creating container for image: docker.elastic.co/elasticsearch/elasticsearch:8.11.1
09:13:30.825 [Test worker] INFO tc.docker.elastic.co/elasticsearch/elasticsearch:8.11.1 -- Container docker.elastic.co/elasticsearch/elasticsearch:8.11.1 is starting: 7a658cccb88ee864bab5c4f7dacfeb6ee79cb97696119202b8c3cc17c115776f
09:13:47.027 [Test worker] INFO tc.docker.elastic.co/elasticsearch/elasticsearch:8.11.1 -- Container docker.elastic.co/elasticsearch/elasticsearch:8.11.1 started in PT16.262289S
09:13:47.032 [Test worker] INFO com.simonjamesrowe.component.test.elasticsearch.ElasticsearchTestContainerExtension -- Elastic Search test container started on port 33266
09:13:47.137 [Test worker] INFO org.springframework.test.context.support.AnnotationConfigContextLoaderUtils -- Could not detect default configuration classes for test class [com.simonjamesrowe.searchservice.test.SearchServiceApplicationTests]: SearchServiceApplicationTests does not declare any static, non-private, non-final, nested classes annotated with @Configuration.
09:13:47.218 [Test worker] INFO org.springframework.boot.test.context.SpringBootTestContextBootstrapper -- Found @SpringBootConfiguration com.simonjamesrowe.searchservice.SearchServiceApplication for test class com.simonjamesrowe.searchservice.test.SearchServiceApplicationTests
09:13:47.281 [Test worker] INFO tc.confluentinc/cp-kafka:7.5.1 -- Creating container for image: confluentinc/cp-kafka:7.5.1
09:13:47.472 [Test worker] INFO tc.confluentinc/cp-kafka:7.5.1 -- Container confluentinc/cp-kafka:7.5.1 is starting: d28783f7c9ffc687a1d35be2a52bef0cd94192ed8cd6393770a23186c6c1ecf3
09:13:52.961 [Test worker] INFO tc.confluentinc/cp-kafka:7.5.1 -- Container confluentinc/cp-kafka:7.5.1 started in PT5.680201S
09:13:52.961 [Test worker] INFO com.simonjamesrowe.component.test.kafka.KafkaContainerExtension -- Started Kafka container with properties [KAFKA_CONTROLLER_QUORUM_VOTERS=1@localhost:9094, KAFKA_OFFSETS_TOPIC_NUM_PARTITIONS=1, KAFKA_CONTROLLER_LISTENER_NAMES=CONTROLLER, KAFKA_TRANSACTION_STATE_LOG_REPLICATION_FACTOR=1, KAFKA_INTER_BROKER_LISTENER_NAME=BROKER, KAFKA_LOG_FLUSH_INTERVAL_MESSAGES=9223372036854775807, KAFKA_NODE_ID=1, KAFKA_TRANSACTION_STATE_LOG_MIN_ISR=1, KAFKA_LISTENERS=PLAINTEXT://0.0.0.0:9092,CONTROLLER://0.0.0.0:9094,BROKER://0.0.0.0:9093,TC-0://kafka:26904, KAFKA_OFFSETS_TOPIC_REPLICATION_FACTOR=1, CLUSTER_ID=4L6g3nShT-eMCtK--X86sw, KAFKA_PROCESS_ROLES=broker,controller, KAFKA_LISTENER_SECURITY_PROTOCOL_MAP=BROKER:PLAINTEXT,PLAINTEXT:PLAINTEXT,TC-0:PLAINTEXT,CONTROLLER:PLAINTEXT, KAFKA_GROUP_INITIAL_REBALANCE_DELAY_MS=0]

  .   ____          _            __ _ _
 /\\ / ___'_ __ _ _(_)_ __  __ _ \ \ \ \
( ( )\___ | '_ | '_| | '_ \/ _` | \ \ \ \
 \\/  ___)| |_)| | | | | || (_| |  ) ) ) )
  '  |____| .__|_| |_|_| |_\__, | / / / /
 =========|_|==============|___/=/_/_/_/

 :: Spring Boot ::                (v3.3.5)

2025-10-04T09:13:53.194+01:00  INFO 46796 --- [search-service] [    Test worker] [                                                 ] c.s.s.t.SearchServiceApplicationTests    : Starting SearchServiceApplicationTests using Java 21.0.2 with PID 46796 (started by simonrowe in /Users/simonrowe/workspace/simonjamesrowe/backend-modulith/modules/search-service)
2025-10-04T09:13:53.196+01:00  INFO 46796 --- [search-service] [    Test worker] [                                                 ] c.s.s.t.SearchServiceApplicationTests    : No active profile set, falling back to 1 default profile: "default"
2025-10-04T09:13:53.744+01:00  INFO 46796 --- [search-service] [    Test worker] [                                                 ] .s.d.r.c.RepositoryConfigurationDelegate : Multiple Spring Data modules found, entering strict repository configuration mode
2025-10-04T09:13:53.745+01:00  INFO 46796 --- [search-service] [    Test worker] [                                                 ] .s.d.r.c.RepositoryConfigurationDelegate : Bootstrapping Spring Data Elasticsearch repositories in DEFAULT mode.
2025-10-04T09:13:53.772+01:00  INFO 46796 --- [search-service] [    Test worker] [                                                 ] .s.d.r.c.RepositoryConfigurationDelegate : Finished Spring Data repository scanning in 25 ms. Found 2 Elasticsearch repository interfaces.
2025-10-04T09:13:53.777+01:00  INFO 46796 --- [search-service] [    Test worker] [                                                 ] .s.d.r.c.RepositoryConfigurationDelegate : Multiple Spring Data modules found, entering strict repository configuration mode
2025-10-04T09:13:53.777+01:00  INFO 46796 --- [search-service] [    Test worker] [                                                 ] .s.d.r.c.RepositoryConfigurationDelegate : Bootstrapping Spring Data MongoDB repositories in DEFAULT mode.
2025-10-04T09:13:53.780+01:00  INFO 46796 --- [search-service] [    Test worker] [                                                 ] .RepositoryConfigurationExtensionSupport : Spring Data MongoDB - Could not safely identify store assignment for repository candidate interface com.simonjamesrowe.searchservice.dataproviders.elasticsearch.blog.BlogDocumentRepository; If you want this repository to be a MongoDB repository, consider annotating your entities with one of these annotations: org.springframework.data.mongodb.core.mapping.Document (preferred), or consider extending one of the following types with your repository: org.springframework.data.mongodb.repository.MongoRepository
2025-10-04T09:13:53.781+01:00  INFO 46796 --- [search-service] [    Test worker] [                                                 ] .RepositoryConfigurationExtensionSupport : Spring Data MongoDB - Could not safely identify store assignment for repository candidate interface com.simonjamesrowe.searchservice.dataproviders.elasticsearch.site.SiteDocumentRepository; If you want this repository to be a MongoDB repository, consider annotating your entities with one of these annotations: org.springframework.data.mongodb.core.mapping.Document (preferred), or consider extending one of the following types with your repository: org.springframework.data.mongodb.repository.MongoRepository
2025-10-04T09:13:53.781+01:00  INFO 46796 --- [search-service] [    Test worker] [                                                 ] .s.d.r.c.RepositoryConfigurationDelegate : Finished Spring Data repository scanning in 3 ms. Found 0 MongoDB repository interfaces.
2025-10-04T09:13:54.077+01:00  INFO 46796 --- [search-service] [    Test worker] [                                                 ] o.s.b.w.embedded.tomcat.TomcatWebServer  : Tomcat initialized with port 0 (http)
2025-10-04T09:13:54.086+01:00  INFO 46796 --- [search-service] [    Test worker] [                                                 ] o.apache.catalina.core.StandardService   : Starting service [Tomcat]
2025-10-04T09:13:54.086+01:00  INFO 46796 --- [search-service] [    Test worker] [                                                 ] o.apache.catalina.core.StandardEngine    : Starting Servlet engine: [Apache Tomcat/10.1.31]
2025-10-04T09:13:54.128+01:00  INFO 46796 --- [search-service] [    Test worker] [                                                 ] o.a.c.c.C.[Tomcat].[localhost].[/]       : Initializing Spring embedded WebApplicationContext
2025-10-04T09:13:54.129+01:00  INFO 46796 --- [search-service] [    Test worker] [                                                 ] w.s.c.ServletWebServerApplicationContext : Root WebApplicationContext: initialization completed in 798 ms
2025-10-04T09:14:00.188+01:00  INFO 46796 --- [search-service] [localhost:27017] [                                                 ] org.mongodb.driver.cluster               : Exception in monitor thread while connecting to server localhost:27017

com.mongodb.MongoSocketOpenException: Exception opening socket
	at com.mongodb.internal.connection.SocketStream.lambda$open$0(SocketStream.java:86) ~[mongodb-driver-core-5.0.1.jar:na]
	at java.base/java.util.Optional.orElseThrow(Optional.java:403) ~[na:na]
	at com.mongodb.internal.connection.SocketStream.open(SocketStream.java:86) ~[mongodb-driver-core-5.0.1.jar:na]
	at com.mongodb.internal.connection.InternalStreamConnection.open(InternalStreamConnection.java:201) ~[mongodb-driver-core-5.0.1.jar:na]
	at com.mongodb.internal.connection.DefaultServerMonitor$ServerMonitorRunnable.lookupServerDescription(DefaultServerMonitor.java:193) ~[mongodb-driver-core-5.0.1.jar:na]
	at com.mongodb.internal.connection.DefaultServerMonitor$ServerMonitorRunnable.run(DefaultServerMonitor.java:153) ~[mongodb-driver-core-5.0.1.jar:na]
	at java.base/java.lang.Thread.run(Thread.java:1583) ~[na:na]
Caused by: java.net.ConnectException: Connection refused
	at java.base/sun.nio.ch.Net.pollConnect(Native Method) ~[na:na]
	at java.base/sun.nio.ch.Net.pollConnectNow(Net.java:682) ~[na:na]
	at java.base/sun.nio.ch.NioSocketImpl.timedFinishConnect(NioSocketImpl.java:549) ~[na:na]
	at java.base/sun.nio.ch.NioSocketImpl.connect(NioSocketImpl.java:592) ~[na:na]
	at java.base/java.net.SocksSocketImpl.connect(SocksSocketImpl.java:327) ~[na:na]
	at java.base/java.net.Socket.connect(Socket.java:751) ~[na:na]
	at com.mongodb.internal.connection.SocketStreamHelper.initialize(SocketStreamHelper.java:76) ~[mongodb-driver-core-5.0.1.jar:na]
	at com.mongodb.internal.connection.SocketStream.initializeSocket(SocketStream.java:105) ~[mongodb-driver-core-5.0.1.jar:na]
	at com.mongodb.internal.connection.SocketStream.open(SocketStream.java:80) ~[mongodb-driver-core-5.0.1.jar:na]
	... 4 common frames omitted

2025-10-04T09:14:00.191+01:00  INFO 46796 --- [search-service] [    Test worker] [                                                 ] org.mongodb.driver.client                : MongoClient with metadata {"driver": {"name": "mongo-java-driver|sync|spring-boot", "version": "5.0.1"}, "os": {"type": "Darwin", "name": "Mac OS X", "architecture": "aarch64", "version": "15.1"}, "platform": "Java/GraalVM Community/21.0.2+13-jvmci-23.1-b30"} created with settings MongoClientSettings{readPreference=primary, writeConcern=WriteConcern{w=null, wTimeout=null ms, journal=null}, retryWrites=true, retryReads=true, readConcern=ReadConcern{level=null}, credential=null, transportSettings=null, commandListeners=[io.micrometer.core.instrument.binder.mongodb.MongoMetricsCommandListener@262d5fd8], codecRegistry=ProvidersCodecRegistry{codecProviders=[ValueCodecProvider{}, BsonValueCodecProvider{}, DBRefCodecProvider{}, DBObjectCodecProvider{}, DocumentCodecProvider{}, CollectionCodecProvider{}, IterableCodecProvider{}, MapCodecProvider{}, GeoJsonCodecProvider{}, GridFSFileCodecProvider{}, Jsr310CodecProvider{}, JsonObjectCodecProvider{}, BsonCodecProvider{}, EnumCodecProvider{}, com.mongodb.client.model.mql.ExpressionCodecProvider@2084b5cd, com.mongodb.Jep395RecordCodecProvider@78b62985, com.mongodb.KotlinCodecProvider@63bbd5b1]}, loggerSettings=LoggerSettings{maxDocumentLength=1000}, clusterSettings={hosts=[localhost:27017], srvServiceName=mongodb, mode=SINGLE, requiredClusterType=UNKNOWN, requiredReplicaSetName='null', serverSelector='null', clusterListeners='[]', serverSelectionTimeout='30000 ms', localThreshold='15 ms'}, socketSettings=SocketSettings{connectTimeoutMS=10000, readTimeoutMS=0, receiveBufferSize=0, proxySettings=ProxySettings{host=null, port=null, username=null, password=null}}, heartbeatSocketSettings=SocketSettings{connectTimeoutMS=10000, readTimeoutMS=10000, receiveBufferSize=0, proxySettings=ProxySettings{host=null, port=null, username=null, password=null}}, connectionPoolSettings=ConnectionPoolSettings{maxSize=100, minSize=0, maxWaitTimeMS=120000, maxConnectionLifeTimeMS=0, maxConnectionIdleTimeMS=0, maintenanceInitialDelayMS=0, maintenanceFrequencyMS=60000, connectionPoolListeners=[io.micrometer.core.instrument.binder.mongodb.MongoMetricsConnectionPoolListener@5384ea8e], maxConnecting=2}, serverSettings=ServerSettings{heartbeatFrequencyMS=10000, minHeartbeatFrequencyMS=500, serverListeners='[]', serverMonitorListeners='[]'}, sslSettings=SslSettings{enabled=false, invalidHostNameAllowed=false, context=null}, applicationName='null', compressorList=[], uuidRepresentation=JAVA_LEGACY, serverApi=null, autoEncryptionSettings=null, dnsClient=null, inetAddressResolver=null, contextProvider=null}
2025-10-04T09:14:00.358+01:00  INFO 46796 --- [search-service] [    Test worker] [                                                 ] o.s.b.a.e.web.EndpointLinksResolver      : Exposing 1 endpoint beneath base path '/actuator'
2025-10-04T09:14:00.417+01:00  INFO 46796 --- [search-service] [    Test worker] [                                                 ] o.a.k.clients.admin.AdminClientConfig    : AdminClientConfig values: 
	auto.include.jmx.reporter = true
	bootstrap.controllers = []
	bootstrap.servers = [localhost:33272]
	client.dns.lookup = use_all_dns_ips
	client.id = search-service-admin-0
	connections.max.idle.ms = 300000
	default.api.timeout.ms = 60000
	enable.metrics.push = true
	metadata.max.age.ms = 300000
	metric.reporters = []
	metrics.num.samples = 2
	metrics.recording.level = INFO
	metrics.sample.window.ms = 30000
	receive.buffer.bytes = 65536
	reconnect.backoff.max.ms = 1000
	reconnect.backoff.ms = 50
	request.timeout.ms = 30000
	retries = 2147483647
	retry.backoff.max.ms = 1000
	retry.backoff.ms = 100
	sasl.client.callback.handler.class = null
	sasl.jaas.config = null
	sasl.kerberos.kinit.cmd = /usr/bin/kinit
	sasl.kerberos.min.time.before.relogin = 60000
	sasl.kerberos.service.name = null
	sasl.kerberos.ticket.renew.jitter = 0.05
	sasl.kerberos.ticket.renew.window.factor = 0.8
	sasl.login.callback.handler.class = null
	sasl.login.class = null
	sasl.login.connect.timeout.ms = null
	sasl.login.read.timeout.ms = null
	sasl.login.refresh.buffer.seconds = 300
	sasl.login.refresh.min.period.seconds = 60
	sasl.login.refresh.window.factor = 0.8
	sasl.login.refresh.window.jitter = 0.05
	sasl.login.retry.backoff.max.ms = 10000
	sasl.login.retry.backoff.ms = 100
	sasl.mechanism = GSSAPI
	sasl.oauthbearer.clock.skew.seconds = 30
	sasl.oauthbearer.expected.audience = null
	sasl.oauthbearer.expected.issuer = null
	sasl.oauthbearer.jwks.endpoint.refresh.ms = 3600000
	sasl.oauthbearer.jwks.endpoint.retry.backoff.max.ms = 10000
	sasl.oauthbearer.jwks.endpoint.retry.backoff.ms = 100
	sasl.oauthbearer.jwks.endpoint.url = null
	sasl.oauthbearer.scope.claim.name = scope
	sasl.oauthbearer.sub.claim.name = sub
	sasl.oauthbearer.token.endpoint.url = null
	security.protocol = PLAINTEXT
	security.providers = null
	send.buffer.bytes = 131072
	socket.connection.setup.timeout.max.ms = 30000
	socket.connection.setup.timeout.ms = 10000
	ssl.cipher.suites = null
	ssl.enabled.protocols = [TLSv1.2, TLSv1.3]
	ssl.endpoint.identification.algorithm = https
	ssl.engine.factory.class = null
	ssl.key.password = null
	ssl.keymanager.algorithm = SunX509
	ssl.keystore.certificate.chain = null
	ssl.keystore.key = null
	ssl.keystore.location = null
	ssl.keystore.password = null
	ssl.keystore.type = JKS
	ssl.protocol = TLSv1.3
	ssl.provider = null
	ssl.secure.random.implementation = null
	ssl.trustmanager.algorithm = PKIX
	ssl.truststore.certificates = null
	ssl.truststore.location = null
	ssl.truststore.password = null
	ssl.truststore.type = JKS

2025-10-04T09:14:00.477+01:00  INFO 46796 --- [search-service] [    Test worker] [                                                 ] o.a.kafka.common.utils.AppInfoParser     : Kafka version: 3.7.1
2025-10-04T09:14:00.477+01:00  INFO 46796 --- [search-service] [    Test worker] [                                                 ] o.a.kafka.common.utils.AppInfoParser     : Kafka commitId: e2494e6ffb89f828
2025-10-04T09:14:00.477+01:00  INFO 46796 --- [search-service] [    Test worker] [                                                 ] o.a.kafka.common.utils.AppInfoParser     : Kafka startTimeMs: 1759565640476
2025-10-04T09:14:00.735+01:00  INFO 46796 --- [search-service] [service-admin-0] [                                                 ] o.a.kafka.common.utils.AppInfoParser     : App info kafka.admin.client for search-service-admin-0 unregistered
2025-10-04T09:14:00.737+01:00  INFO 46796 --- [search-service] [service-admin-0] [                                                 ] o.apache.kafka.common.metrics.Metrics    : Metrics scheduler closed
2025-10-04T09:14:00.737+01:00  INFO 46796 --- [search-service] [service-admin-0] [                                                 ] o.apache.kafka.common.metrics.Metrics    : Closing reporter org.apache.kafka.common.metrics.JmxReporter
2025-10-04T09:14:00.737+01:00  INFO 46796 --- [search-service] [service-admin-0] [                                                 ] o.apache.kafka.common.metrics.Metrics    : Metrics reporters closed
2025-10-04T09:14:00.743+01:00  INFO 46796 --- [search-service] [    Test worker] [                                                 ] o.s.b.w.embedded.tomcat.TomcatWebServer  : Tomcat started on port 63538 (http) with context path '/'
2025-10-04T09:14:00.761+01:00  INFO 46796 --- [search-service] [    Test worker] [                                                 ] o.a.k.clients.consumer.ConsumerConfig    : ConsumerConfig values: 
	allow.auto.create.topics = true
	auto.commit.interval.ms = 5000
	auto.include.jmx.reporter = true
	auto.offset.reset = latest
	bootstrap.servers = [localhost:33272]
	check.crcs = true
	client.dns.lookup = use_all_dns_ips
	client.id = consumer-search-service-1
	client.rack = 
	connections.max.idle.ms = 540000
	default.api.timeout.ms = 60000
	enable.auto.commit = true
	enable.metrics.push = true
	exclude.internal.topics = true
	fetch.max.bytes = 52428800
	fetch.max.wait.ms = 500
	fetch.min.bytes = 1
	group.id = search-service
	group.instance.id = null
	group.protocol = classic
	group.remote.assignor = null
	heartbeat.interval.ms = 3000
	interceptor.classes = []
	internal.leave.group.on.close = true
	internal.throw.on.fetch.stable.offset.unsupported = false
	isolation.level = read_uncommitted
	key.deserializer = class org.apache.kafka.common.serialization.StringDeserializer
	max.partition.fetch.bytes = 1048576
	max.poll.interval.ms = 300000
	max.poll.records = 20
	metadata.max.age.ms = 300000
	metric.reporters = []
	metrics.num.samples = 2
	metrics.recording.level = INFO
	metrics.sample.window.ms = 30000
	partition.assignment.strategy = [class org.apache.kafka.clients.consumer.RangeAssignor, class org.apache.kafka.clients.consumer.CooperativeStickyAssignor]
	receive.buffer.bytes = 65536
	reconnect.backoff.max.ms = 1000
	reconnect.backoff.ms = 50
	request.timeout.ms = 30000
	retry.backoff.max.ms = 1000
	retry.backoff.ms = 100
	sasl.client.callback.handler.class = null
	sasl.jaas.config = null
	sasl.kerberos.kinit.cmd = /usr/bin/kinit
	sasl.kerberos.min.time.before.relogin = 60000
	sasl.kerberos.service.name = null
	sasl.kerberos.ticket.renew.jitter = 0.05
	sasl.kerberos.ticket.renew.window.factor = 0.8
	sasl.login.callback.handler.class = null
	sasl.login.class = null
	sasl.login.connect.timeout.ms = null
	sasl.login.read.timeout.ms = null
	sasl.login.refresh.buffer.seconds = 300
	sasl.login.refresh.min.period.seconds = 60
	sasl.login.refresh.window.factor = 0.8
	sasl.login.refresh.window.jitter = 0.05
	sasl.login.retry.backoff.max.ms = 10000
	sasl.login.retry.backoff.ms = 100
	sasl.mechanism = GSSAPI
	sasl.oauthbearer.clock.skew.seconds = 30
	sasl.oauthbearer.expected.audience = null
	sasl.oauthbearer.expected.issuer = null
	sasl.oauthbearer.jwks.endpoint.refresh.ms = 3600000
	sasl.oauthbearer.jwks.endpoint.retry.backoff.max.ms = 10000
	sasl.oauthbearer.jwks.endpoint.retry.backoff.ms = 100
	sasl.oauthbearer.jwks.endpoint.url = null
	sasl.oauthbearer.scope.claim.name = scope
	sasl.oauthbearer.sub.claim.name = sub
	sasl.oauthbearer.token.endpoint.url = null
	security.protocol = PLAINTEXT
	security.providers = null
	send.buffer.bytes = 131072
	session.timeout.ms = 45000
	socket.connection.setup.timeout.max.ms = 30000
	socket.connection.setup.timeout.ms = 10000
	ssl.cipher.suites = null
	ssl.enabled.protocols = [TLSv1.2, TLSv1.3]
	ssl.endpoint.identification.algorithm = https
	ssl.engine.factory.class = null
	ssl.key.password = null
	ssl.keymanager.algorithm = SunX509
	ssl.keystore.certificate.chain = null
	ssl.keystore.key = null
	ssl.keystore.location = null
	ssl.keystore.password = null
	ssl.keystore.type = JKS
	ssl.protocol = TLSv1.3
	ssl.provider = null
	ssl.secure.random.implementation = null
	ssl.trustmanager.algorithm = PKIX
	ssl.truststore.certificates = null
	ssl.truststore.location = null
	ssl.truststore.password = null
	ssl.truststore.type = JKS
	value.deserializer = class com.simonjamesrowe.model.serialization.WebhookEventDeserializer

2025-10-04T09:14:00.787+01:00  INFO 46796 --- [search-service] [    Test worker] [                                                 ] o.a.k.c.t.i.KafkaMetricsCollector        : initializing Kafka metrics collector
2025-10-04T09:14:00.829+01:00  INFO 46796 --- [search-service] [    Test worker] [                                                 ] o.a.kafka.common.utils.AppInfoParser     : Kafka version: 3.7.1
2025-10-04T09:14:00.829+01:00  INFO 46796 --- [search-service] [    Test worker] [                                                 ] o.a.kafka.common.utils.AppInfoParser     : Kafka commitId: e2494e6ffb89f828
2025-10-04T09:14:00.829+01:00  INFO 46796 --- [search-service] [    Test worker] [                                                 ] o.a.kafka.common.utils.AppInfoParser     : Kafka startTimeMs: 1759565640829
2025-10-04T09:14:00.833+01:00  INFO 46796 --- [search-service] [    Test worker] [                                                 ] o.a.k.c.c.internals.LegacyKafkaConsumer  : [Consumer clientId=consumer-search-service-1, groupId=search-service] Subscribed to topic(s): LOCAL_EVENTS
2025-10-04T09:14:00.847+01:00  INFO 46796 --- [search-service] [    Test worker] [                                                 ] c.s.s.t.SearchServiceApplicationTests    : Started SearchServiceApplicationTests in 7.866 seconds (process running for 36.913)
2025-10-04T09:14:00.854+01:00  INFO 46796 --- [search-service] [        kafka-1] [                                                 ] org.apache.kafka.clients.Metadata        : [Consumer clientId=consumer-search-service-1, groupId=search-service] Cluster ID: 4L6g3nShT-eMCtK--X86sw
2025-10-04T09:14:00.983+01:00  INFO 46796 --- [search-service] [        kafka-1] [                                                 ] o.a.k.c.c.internals.ConsumerCoordinator  : [Consumer clientId=consumer-search-service-1, groupId=search-service] Discovered group coordinator localhost:33272 (id: 2147483646 rack: null)
2025-10-04T09:14:00.986+01:00  INFO 46796 --- [search-service] [        kafka-1] [                                                 ] o.a.k.c.c.internals.ConsumerCoordinator  : [Consumer clientId=consumer-search-service-1, groupId=search-service] (Re-)joining group
2025-10-04T09:14:01.003+01:00  INFO 46796 --- [search-service] [        kafka-1] [                                                 ] o.a.k.c.c.internals.ConsumerCoordinator  : [Consumer clientId=consumer-search-service-1, groupId=search-service] Request joining group due to: need to re-join with the given member-id: consumer-search-service-1-217852fc-8117-4d71-b545-68778400efd8
2025-10-04T09:14:01.003+01:00  INFO 46796 --- [search-service] [        kafka-1] [                                                 ] o.a.k.c.c.internals.ConsumerCoordinator  : [Consumer clientId=consumer-search-service-1, groupId=search-service] (Re-)joining group
2025-10-04T09:14:01.015+01:00  INFO 46796 --- [search-service] [        kafka-1] [                                                 ] o.a.k.c.c.internals.ConsumerCoordinator  : [Consumer clientId=consumer-search-service-1, groupId=search-service] Successfully joined group with generation Generation{generationId=1, memberId='consumer-search-service-1-217852fc-8117-4d71-b545-68778400efd8', protocol='range'}
2025-10-04T09:14:01.018+01:00  INFO 46796 --- [search-service] [        kafka-1] [                                                 ] o.a.k.c.c.internals.ConsumerCoordinator  : [Consumer clientId=consumer-search-service-1, groupId=search-service] Finished assignment for group at generation 1: {consumer-search-service-1-217852fc-8117-4d71-b545-68778400efd8=Assignment(partitions=[LOCAL_EVENTS-0])}
2025-10-04T09:14:01.035+01:00  INFO 46796 --- [search-service] [        kafka-1] [                                                 ] o.a.k.c.c.internals.ConsumerCoordinator  : [Consumer clientId=consumer-search-service-1, groupId=search-service] Successfully synced group in generation Generation{generationId=1, memberId='consumer-search-service-1-217852fc-8117-4d71-b545-68778400efd8', protocol='range'}
2025-10-04T09:14:01.035+01:00  INFO 46796 --- [search-service] [        kafka-1] [                                                 ] o.a.k.c.c.internals.ConsumerCoordinator  : [Consumer clientId=consumer-search-service-1, groupId=search-service] Notifying assignor about the new Assignment(partitions=[LOCAL_EVENTS-0])
2025-10-04T09:14:01.036+01:00  INFO 46796 --- [search-service] [        kafka-1] [                                                 ] k.c.c.i.ConsumerRebalanceListenerInvoker : [Consumer clientId=consumer-search-service-1, groupId=search-service] Adding newly assigned partitions: LOCAL_EVENTS-0
2025-10-04T09:14:01.045+01:00  INFO 46796 --- [search-service] [        kafka-1] [                                                 ] o.a.k.c.c.internals.ConsumerCoordinator  : [Consumer clientId=consumer-search-service-1, groupId=search-service] Found no committed offset for partition LOCAL_EVENTS-0
2025-10-04T09:14:01.053+01:00  INFO 46796 --- [search-service] [        kafka-1] [                                                 ] o.a.k.c.c.internals.SubscriptionState    : [Consumer clientId=consumer-search-service-1, groupId=search-service] Resetting offset for partition LOCAL_EVENTS-0 to position FetchPosition{offset=0, offsetEpoch=Optional.empty, currentLeader=LeaderAndEpoch{leader=Optional[localhost:33272 (id: 1 rack: null)], epoch=0}}.
2025-10-04T09:14:01.054+01:00  INFO 46796 --- [search-service] [        kafka-1] [                                                 ] o.s.k.l.KafkaMessageListenerContainer    : search-service: partitions assigned: [LOCAL_EVENTS-0]
2025-10-04T09:14:01.886+01:00  WARN 46796 --- [search-service] [    Test worker] [                                                 ] o.s.c.c.w.WireMockTestExecutionListener  : You've used fixed ports for WireMock setup - will mark context as dirty. Please use random ports, as much as possible. Your tests will be faster and more reliable and this warning will go away
2025-10-04T09:14:01.889+01:00  INFO 46796 --- [search-service] [        kafka-1] [                                                 ] k.c.c.i.ConsumerRebalanceListenerInvoker : [Consumer clientId=consumer-search-service-1, groupId=search-service] Revoke previously assigned partitions LOCAL_EVENTS-0
2025-10-04T09:14:01.889+01:00  INFO 46796 --- [search-service] [        kafka-1] [                                                 ] o.s.k.l.KafkaMessageListenerContainer    : search-service: partitions revoked: [LOCAL_EVENTS-0]
2025-10-04T09:14:01.889+01:00  INFO 46796 --- [search-service] [        kafka-1] [                                                 ] o.a.k.c.c.internals.ConsumerCoordinator  : [Consumer clientId=consumer-search-service-1, groupId=search-service] Member consumer-search-service-1-217852fc-8117-4d71-b545-68778400efd8 sending LeaveGroup request to coordinator localhost:33272 (id: 2147483646 rack: null) due to the consumer unsubscribed from all topics
2025-10-04T09:14:01.889+01:00  INFO 46796 --- [search-service] [        kafka-1] [                                                 ] o.a.k.c.c.internals.ConsumerCoordinator  : [Consumer clientId=consumer-search-service-1, groupId=search-service] Resetting generation and member id due to: consumer pro-actively leaving the group
2025-10-04T09:14:01.890+01:00  INFO 46796 --- [search-service] [        kafka-1] [                                                 ] o.a.k.c.c.internals.ConsumerCoordinator  : [Consumer clientId=consumer-search-service-1, groupId=search-service] Request joining group due to: consumer pro-actively leaving the group
2025-10-04T09:14:01.890+01:00  INFO 46796 --- [search-service] [        kafka-1] [                                                 ] o.a.k.c.c.internals.LegacyKafkaConsumer  : [Consumer clientId=consumer-search-service-1, groupId=search-service] Unsubscribed all topics or patterns and assigned partitions
2025-10-04T09:14:01.890+01:00  INFO 46796 --- [search-service] [        kafka-1] [                                                 ] o.a.k.c.c.internals.ConsumerCoordinator  : [Consumer clientId=consumer-search-service-1, groupId=search-service] Resetting generation and member id due to: consumer pro-actively leaving the group
2025-10-04T09:14:01.891+01:00  INFO 46796 --- [search-service] [        kafka-1] [                                                 ] o.a.k.c.c.internals.ConsumerCoordinator  : [Consumer clientId=consumer-search-service-1, groupId=search-service] Request joining group due to: consumer pro-actively leaving the group
2025-10-04T09:14:02.093+01:00  INFO 46796 --- [search-service] [        kafka-1] [                                                 ] o.apache.kafka.common.metrics.Metrics    : Metrics scheduler closed
2025-10-04T09:14:02.093+01:00  INFO 46796 --- [search-service] [        kafka-1] [                                                 ] o.apache.kafka.common.metrics.Metrics    : Closing reporter org.apache.kafka.common.metrics.JmxReporter
2025-10-04T09:14:02.093+01:00  INFO 46796 --- [search-service] [        kafka-1] [                                                 ] o.apache.kafka.common.metrics.Metrics    : Closing reporter org.apache.kafka.common.telemetry.internals.ClientTelemetryReporter
2025-10-04T09:14:02.093+01:00  INFO 46796 --- [search-service] [        kafka-1] [                                                 ] o.apache.kafka.common.metrics.Metrics    : Metrics reporters closed
2025-10-04T09:14:02.096+01:00  INFO 46796 --- [search-service] [        kafka-1] [                                                 ] o.a.kafka.common.utils.AppInfoParser     : App info kafka.consumer for consumer-search-service-1 unregistered
2025-10-04T09:14:02.099+01:00  INFO 46796 --- [search-service] [        kafka-1] [                                                 ] o.s.k.l.KafkaMessageListenerContainer    : search-service: Consumer stopped
]]></system-out>
  <system-err><![CDATA[WARNING: A Java agent has been loaded dynamically (/Users/simonrowe/.gradle/caches/modules-2/files-2.1/net.bytebuddy/byte-buddy-agent/1.14.19/154da3a65b4f4a909d3e5bdec55d1b2b4cbb6ce1/byte-buddy-agent-1.14.19.jar)
WARNING: If a serviceability tool is in use, please run with -XX:+EnableDynamicAgentLoading to hide this warning
WARNING: If a serviceability tool is not in use, please run with -Djdk.instrument.traceUsage for more information
WARNING: Dynamic loading of agents will be disallowed by default in a future release
]]></system-err>
</testsuite>
