<?xml version="1.0" encoding="UTF-8"?>
<testsuite name="com.simonjamesrowe.searchservice.test.entrypoints.kafka.KafkaEventConsumerTest" tests="3" skipped="0" failures="0" errors="0" timestamp="2025-10-04T08:14:04" hostname="Simons-MacBook-Pro.local" time="0.805">
  <properties/>
  <testcase name="consumingWebhookSkillEventsWillIndexSite()" classname="com.simonjamesrowe.searchservice.test.entrypoints.kafka.KafkaEventConsumerTest" time="0.72"/>
  <testcase name="consumingWebhookJobEventsWillIndexSite()" classname="com.simonjamesrowe.searchservice.test.entrypoints.kafka.KafkaEventConsumerTest" time="0.041"/>
  <testcase name="consumingWebhookBlogEventsWillIndexBlogsAndSite()" classname="com.simonjamesrowe.searchservice.test.entrypoints.kafka.KafkaEventConsumerTest" time="0.042"/>
  <system-out><![CDATA[2025-10-04T09:14:05.550+01:00  INFO 46796 --- [search-service] [    Test worker] [                                                 ] c.s.s.e.kafka.KafkaEventConsumer         : Received events from kafka: [WebhookEventDTO[event=ENTRY_UPDATE, createdAt=2025-10-04T09:14:05.538807+01:00[Europe/London], model=skills, entry={"id":"1","name":"Skill 1","createdAt":1759565645.522491,"updatedAt":1759565645.522555,"description":"Desc 1","rating":5.0,"order":1,"image":{"url":"uploads/skill1.jpg","name":"image1","size":200,"width":2000,"height":2000,"mime":"jpg","formats":{"thumbnail":{"url":"uploads/skill1-thumb.jpg","name":"skill1-thumb","size":400,"width":400,"height":400,"mime":"jpg","formats":null},"large":{"url":"uploads/skill1-sml.jpg","name":"skill1-sml","size":600,"width":600,"height":600,"mime":"jpg","formats":null},"medium":{"url":"uploads/skill1-med.jpg","name":"skill1-mde","size":800,"width":800,"height":800,"mime":"jpg","formats":null},"small":{"url":"uploads/skill1-lg.jpg","name":"skill1-lg","size":1000,"width":1000,"height":1000,"mime":"jpg","formats":null}}},"includeOnResume":true}], WebhookEventDTO[event=ENTRY_UPDATE, createdAt=2025-10-04T09:14:05.538822+01:00[Europe/London], model=skills, entry={"id":"1","name":"Skill 1","createdAt":1759565645.522491,"updatedAt":1759565645.522555,"description":"Desc 1","rating":5.0,"order":1,"image":{"url":"uploads/skill1.jpg","name":"image1","size":200,"width":2000,"height":2000,"mime":"jpg","formats":{"thumbnail":{"url":"uploads/skill1-thumb.jpg","name":"skill1-thumb","size":400,"width":400,"height":400,"mime":"jpg","formats":null},"large":{"url":"uploads/skill1-sml.jpg","name":"skill1-sml","size":600,"width":600,"height":600,"mime":"jpg","formats":null},"medium":{"url":"uploads/skill1-med.jpg","name":"skill1-mde","size":800,"width":800,"height":800,"mime":"jpg","formats":null},"small":{"url":"uploads/skill1-lg.jpg","name":"skill1-lg","size":1000,"width":1000,"height":1000,"mime":"jpg","formats":null}}},"includeOnResume":true}]]
2025-10-04T09:14:05.596+01:00  INFO 46796 --- [search-service] [    Test worker] [                                                 ] c.s.s.e.kafka.KafkaEventConsumer         : Received events from kafka: [WebhookEventDTO[event=ENTRY_UPDATE, createdAt=2025-10-04T09:14:05.595518+01:00[Europe/London], model=job, entry={"id":"1","title":"Job 1","company":"Company 1","companyUrl":"http://company1.com","shortDescription":"Short desc 1","longDescription":"Long desc 1","companyImage":{"url":"uploads/company1.jpg","name":"image1","size":200,"width":2000,"height":2000,"mime":"jpg","formats":{"thumbnail":{"url":"uploads/company1-thumb.jpg","name":"company1-thumb","size":400,"width":400,"height":400,"mime":"jpg","formats":null},"large":{"url":"uploads/company1-sml.jpg","name":"company1-sml","size":600,"width":600,"height":600,"mime":"jpg","formats":null},"medium":{"url":"uploads/company1-med.jpg","name":"company1-mde","size":800,"width":800,"height":800,"mime":"jpg","formats":null},"small":{"url":"uploads/company1-lg.jpg","name":"company1-lg","size":1000,"width":1000,"height":1000,"mime":"jpg","formats":null}}},"createdAt":1759565645.58967,"updatedAt":1759565645.589679,"startDate":[2025,10,4],"endDate":[2025,10,4],"includeOnResume":true,"education":false,"location":"Location 1"}], WebhookEventDTO[event=ENTRY_UPDATE, createdAt=2025-10-04T09:14:05.595530+01:00[Europe/London], model=job, entry={"id":"2","title":"Job 2","company":"Company 2","companyUrl":"http://company2.com","shortDescription":"Short desc 2","longDescription":"Long desc 2","companyImage":{"url":"uploads/company2.jpg","name":"image1","size":200,"width":2000,"height":2000,"mime":"jpg","formats":{"thumbnail":{"url":"uploads/company2-thumb.jpg","name":"company2-thumb","size":400,"width":400,"height":400,"mime":"jpg","formats":null},"large":{"url":"uploads/company2-sml.jpg","name":"company2-sml","size":600,"width":600,"height":600,"mime":"jpg","formats":null},"medium":{"url":"uploads/company2-med.jpg","name":"company2-mde","size":800,"width":800,"height":800,"mime":"jpg","formats":null},"small":{"url":"uploads/company2-lg.jpg","name":"company2-lg","size":1000,"width":1000,"height":1000,"mime":"jpg","formats":null}}},"createdAt":1759565645.589703,"updatedAt":1759565645.589706,"startDate":[2025,10,4],"endDate":[2025,10,4],"includeOnResume":true,"education":false,"location":"Location 2"}]]
2025-10-04T09:14:05.637+01:00  INFO 46796 --- [search-service] [    Test worker] [                                                 ] c.s.s.e.kafka.KafkaEventConsumer         : Received events from kafka: [WebhookEventDTO[event=ENTRY_UPDATE, createdAt=2025-10-04T09:14:05.636627+01:00[Europe/London], model=blog, entry={"id":"1","published":true,"tags":[],"createdAt":1759565645.630826,"updatedAt":1759565645.630836,"skills":[],"shortDescription":"Short desc 1","title":"Blog 1","content":"Content 1","image":{"url":"uploads/blog1.jpg","name":"image1","size":200,"width":2000,"height":2000,"mime":"jpg","formats":{"thumbnail":{"url":"uploads/blog1-thumb.jpg","name":"blog1-thumb","size":400,"width":400,"height":400,"mime":"jpg","formats":null},"large":{"url":"uploads/blog1-sml.jpg","name":"blog1-sml","size":600,"width":600,"height":600,"mime":"jpg","formats":null},"medium":{"url":"uploads/blog1-med.jpg","name":"blog1-mde","size":800,"width":800,"height":800,"mime":"jpg","formats":null},"small":{"url":"uploads/blog1-lg.jpg","name":"blog1-lg","size":1000,"width":1000,"height":1000,"mime":"jpg","formats":null}}}}], WebhookEventDTO[event=ENTRY_UPDATE, createdAt=2025-10-04T09:14:05.636637+01:00[Europe/London], model=blog, entry={"id":"2","published":true,"tags":[],"createdAt":1759565645.630866,"updatedAt":1759565645.630869,"skills":[],"shortDescription":"Short desc 2","title":"Blog 2","content":"Content 2","image":{"url":"uploads/blog2.jpg","name":"image1","size":200,"width":2000,"height":2000,"mime":"jpg","formats":{"thumbnail":{"url":"uploads/blog2-thumb.jpg","name":"blog2-thumb","size":400,"width":400,"height":400,"mime":"jpg","formats":null},"large":{"url":"uploads/blog2-sml.jpg","name":"blog2-sml","size":600,"width":600,"height":600,"mime":"jpg","formats":null},"medium":{"url":"uploads/blog2-med.jpg","name":"blog2-mde","size":800,"width":800,"height":800,"mime":"jpg","formats":null},"small":{"url":"uploads/blog2-lg.jpg","name":"blog2-lg","size":1000,"width":1000,"height":1000,"mime":"jpg","formats":null}}}}]]
]]></system-out>
  <system-err><![CDATA[]]></system-err>
</testsuite>
