<?xml version="1.0" encoding="UTF-8"?>
<testsuite name="com.simonjamesrowe.searchservice.test.mapper.BlogMapperTest" tests="2" skipped="0" failures="0" errors="0" timestamp="2025-10-04T08:14:06" hostname="Simons-MacBook-Pro.local" time="0.0">
  <properties/>
  <testcase name="shouldConvertToIndexSiteRequest()" classname="com.simonjamesrowe.searchservice.test.mapper.BlogMapperTest" time="0.0"/>
  <testcase name="shouldConvertToBlogIndexRequest()" classname="com.simonjamesrowe.searchservice.test.mapper.BlogMapperTest" time="0.0"/>
  <system-out><![CDATA[]]></system-out>
  <system-err><![CDATA[]]></system-err>
</testsuite>
