<?xml version="1.0" encoding="UTF-8"?>
<testsuite name="com.simonjamesrowe.searchservice.test.usecase.SearchBlogsUseCaseTest" tests="2" skipped="0" failures="0" errors="0" timestamp="2025-10-04T08:14:06" hostname="Simons-MacBook-Pro.local" time="0.029">
  <properties/>
  <testcase name="shouldReturnAllBlogs()" classname="com.simonjamesrowe.searchservice.test.usecase.SearchBlogsUseCaseTest" time="0.028"/>
  <testcase name="shouldSearchForBlogsWithQuery()" classname="com.simonjamesrowe.searchservice.test.usecase.SearchBlogsUseCaseTest" time="0.001"/>
  <system-out><![CDATA[]]></system-out>
  <system-err><![CDATA[]]></system-err>
</testsuite>
