<?xml version="1.0" encoding="UTF-8"?>
<testsuite name="com.simonjamesrowe.searchservice.test.entrypoints.scheduled.CmsSynchronizationTest" tests="2" skipped="0" failures="0" errors="0" timestamp="2025-10-04T08:14:06" hostname="Simons-MacBook-Pro.local" time="0.051">
  <properties/>
  <testcase name="shouldIndexSiteDocuments()" classname="com.simonjamesrowe.searchservice.test.entrypoints.scheduled.CmsSynchronizationTest" time="0.049"/>
  <testcase name="shouldIndexBlogDocuments()" classname="com.simonjamesrowe.searchservice.test.entrypoints.scheduled.CmsSynchronizationTest" time="0.002"/>
  <system-out><![CDATA[2025-10-04T09:14:06.188+01:00  INFO 46796 --- [search-service] [    Test worker] [                                                 ] c.s.s.e.scheduled.CmsSynchronization     : Synchronising site documents from cms
2025-10-04T09:14:06.190+01:00  INFO 46796 --- [search-service] [    Test worker] [                                                 ] c.s.s.e.scheduled.CmsSynchronization     : Indexing 7 site documents
2025-10-04T09:14:06.191+01:00  INFO 46796 --- [search-service] [    Test worker] [                                                 ] c.s.s.e.scheduled.CmsSynchronization     : Synchronising blog documents from cms
]]></system-out>
  <system-err><![CDATA[]]></system-err>
</testsuite>
