<?xml version="1.0" encoding="UTF-8"?>
<testsuite name="com.simonjamesrowe.apigateway.test.dataproviders.cms.CmsResumeRepositoryTest" tests="1" skipped="0" failures="0" errors="0" timestamp="2025-10-04T08:13:48" hostname="Simons-MacBook-Pro.local" time="0.277">
  <properties/>
  <testcase name="shouldReturnCorrectResumeData()" classname="com.simonjamesrowe.apigateway.test.dataproviders.cms.CmsResumeRepositoryTest" time="0.277"/>
  <system-out><![CDATA[2025-10-04T09:13:48.292+01:00  INFO 46798 --- [api-gateway] [    Test worker] [                                                 ] t.c.s.AnnotationConfigContextLoaderUtils : Could not detect default configuration classes for test class [com.simonjamesrowe.apigateway.test.dataproviders.cms.CmsResumeRepositoryTest]: CmsResumeRepositoryTest does not declare any static, non-private, non-final, nested classes annotated with @Configuration.
2025-10-04T09:13:48.302+01:00  INFO 46798 --- [api-gateway] [    Test worker] [                                                 ] .b.t.c.SpringBootTestContextBootstrapper : Found @SpringBootConfiguration com.simonjamesrowe.apigateway.ApiGatewayApplication for test class com.simonjamesrowe.apigateway.test.dataproviders.cms.CmsResumeRepositoryTest

  .   ____          _            __ _ _
 /\\ / ___'_ __ _ _(_)_ __  __ _ \ \ \ \
( ( )\___ | '_ | '_| | '_ \/ _` | \ \ \ \
 \\/  ___)| |_)| | | | | || (_| |  ) ) ) )
  '  |____| .__|_| |_|_| |_\__, | / / / /
 =========|_|==============|___/=/_/_/_/

 :: Spring Boot ::                (v3.3.5)

2025-10-04T09:13:48.317+01:00  INFO 46798 --- [api-gateway] [    Test worker] [                                                 ] c.s.a.t.d.cms.CmsResumeRepositoryTest    : Starting CmsResumeRepositoryTest using Java 21.0.2 with PID 46798 (started by simonrowe in /Users/simonrowe/workspace/simonjamesrowe/backend-modulith/modules/api-gateway)
2025-10-04T09:13:48.317+01:00  INFO 46798 --- [api-gateway] [    Test worker] [                                                 ] c.s.a.t.d.cms.CmsResumeRepositoryTest    : The following 1 profile is active: "cms"
2025-10-04T09:13:48.360+01:00  INFO 46798 --- [api-gateway] [    Test worker] [                                                 ] c.s.a.t.d.cms.CmsResumeRepositoryTest    : Started CmsResumeRepositoryTest in 0.056 seconds (process running for 24.295)
2025-10-04T09:13:48.475+01:00  INFO 46798 --- [api-gateway] [tp1504745102-87] [                                                 ] WireMock                                 : Request received:
127.0.0.1 - GET /jobs

Accept: [application/json]
Accept-Encoding: [gzip, x-gzip, deflate]
Host: [localhost:10193]
Connection: [keep-alive]
User-Agent: [Apache-HttpClient/5.3.1 (Java/21.0.2)]



Matched response definition:
{
  "status" : 200,
  "body" : "[\n  {\n    \"education\": false,\n    \"includeOnResume\": true,\n    \"attachments\": [],\n    \"skills\": [\n      {\n        \"includeOnResume\": false,\n        \"_id\": \"5f635b7e5ee4c9001d2b9633\",\n        \"name\": \"Spring Cloud Stream\",\n        \"rating\": 9,\n        \"order\": 2,\n        \"createdAt\": \"2020-09-17T12:50:06.128Z\",\n        \"updatedAt\": \"2020-09-21T21:15:17.989Z\",\n        \"__v\": 0,\n        \"created_by\": \"5e4839cd1c2d53001dcc0696\",\n        \"updated_by\": \"5e4839cd1c2d53001dcc0696\",\n        \"image\": {\n          \"_id\": \"5f6851d05ee4c9001d2b96b1\",\n          \"name\": \"spring-cloud-logo.png\",\n          \"alternativeText\": \"\",\n          \"caption\": \"\",\n          \"hash\": \"spring_cloud_logo_4de8e2579b\",\n          \"ext\": \".png\",\n          \"mime\": \"image/png\",\n          \"size\": 31.41,\n          \"width\": 800,\n          \"height\": 753,\n          \"url\": \"/uploads/spring_cloud_logo_4de8e2579b.png\",\n          \"formats\": {\n            \"thumbnail\": {\n              \"name\": \"thumbnail_spring-cloud-logo.png\",\n              \"hash\": \"thumbnail_spring_cloud_logo_4de8e2579b\",\n              \"ext\": \".png\",\n              \"mime\": \"image/png\",\n              \"width\": 166,\n              \"height\": 156,\n              \"size\": 7,\n              \"path\": null,\n              \"url\": \"/uploads/thumbnail_spring_cloud_logo_4de8e2579b.png\"\n            },\n            \"medium\": {\n              \"name\": \"medium_spring-cloud-logo.png\",\n              \"hash\": \"medium_spring_cloud_logo_4de8e2579b\",\n              \"ext\": \".png\",\n              \"mime\": \"image/png\",\n              \"width\": 750,\n              \"height\": 706,\n              \"size\": 44.37,\n              \"path\": null,\n              \"url\": \"/uploads/medium_spring_cloud_logo_4de8e2579b.png\"\n            },\n            \"small\": {\n              \"name\": \"small_spring-cloud-logo.png\",\n              \"hash\": \"small_spring_cloud_logo_4de8e2579b\",\n              \"ext\": \".png\",\n              \"mime\": \"image/png\",\n              \"width\": 500,\n              \"height\": 471,\n              \"size\": 24.52,\n              \"path\": null,\n              \"url\": \"/uploads/small_spring_cloud_logo_4de8e2579b.png\"\n            }\n          },\n          \"provider\": \"local\",\n          \"related\": [\n            \"5f635b7e5ee4c9001d2b9633\",\n            \"5f635e405ee4c9001d2b965e\"\n          ],\n          \"createdAt\": \"2020-09-21T07:10:08.197Z\",\n          \"updatedAt\": \"2020-09-21T12:18:53.085Z\",\n          \"__v\": 0,\n          \"created_by\": \"5e4839cd1c2d53001dcc0696\",\n          \"updated_by\": \"5e4839cd1c2d53001dcc0696\",\n          \"id\": \"5f6851d05ee4c9001d2b96b1\"\n        },\n        \"description\": \"Spring Cloud Stream is a framework for building highly scalable event-driven microservices connected with shared messaging systems.\\n\\nThe core building blocks of Spring Cloud Stream are:\\n- Destination Binders: Components responsible to provide integration with the external messaging systems.\\n- Destination Bindings: Bridge between the external messaging systems and application provided Producers and Consumers of messages (created by the Destination Binders).\\n- Message: The canonical data structure used by producers and consumers to communicate with Destination Binders (and thus other applications via external messaging systems).-\",\n        \"id\": \"5f635b7e5ee4c9001d2b9633\"\n      },\n      {\n        \"includeOnResume\": false,\n        \"_id\": \"5f635b8b5ee4c9001d2b9634\",\n        \"name\": \"Spring Data\",\n        \"rating\": 9.5,\n        \"createdAt\": \"2020-09-17T12:50:19.666Z\",\n        \"updatedAt\": \"2020-09-22T05:53:37.879Z\",\n        \"__v\": 0,\n        \"created_by\": \"5e4839cd1c2d53001dcc0696\",\n        \"updated_by\": \"5e4839cd1c2d53001dcc0696\",\n        \"image\": {\n          \"_id\": \"5f6851ee5ee4c9001d2b96b3\",\n          \"name\": \"spring-data.png\",\n          \"alternativeText\": \"\",\n          \"caption\": \"\",\n          \"hash\": \"spring_data_27225967b4\",\n          \"ext\": \".png\",\n          \"mime\": \"image/png\",\n          \"size\": 5.28,\n          \"width\": 400,\n          \"height\": 400,\n          \"url\": \"/uploads/spring_data_27225967b4.png\",\n          \"formats\": {\n            \"thumbnail\": {\n              \"name\": \"thumbnail_spring-data.png\",\n              \"hash\": \"thumbnail_spring_data_27225967b4\",\n              \"ext\": \".png\",\n              \"mime\": \"image/png\",\n              \"width\": 156,\n              \"height\": 156,\n              \"size\": 3.53,\n              \"path\": null,\n              \"url\": \"/uploads/thumbnail_spring_data_27225967b4.png\"\n            }\n          },\n          \"provider\": \"local\",\n          \"related\": [\n            \"5f635b8b5ee4c9001d2b9634\"\n          ],\n          \"createdAt\": \"2020-09-21T07:10:38.765Z\",\n          \"updatedAt\": \"2020-09-21T07:10:41.052Z\",\n          \"__v\": 0,\n          \"created_by\": \"5e4839cd1c2d53001dcc0696\",\n          \"updated_by\": \"5e4839cd1c2d53001dcc0696\",\n          \"id\": \"5f6851ee5ee4c9001d2b96b3\"\n        },\n        \"description\": \"Spring Dataâ€™s mission is to provide a familiar and consistent, Spring-based programming model for data access while still retaining the special traits of the underlying data store.\\n\\nIt makes it easy to use data access technologies, relational and non-relational databases, map-reduce frameworks, and cloud-based data services. \\n\\n- Spring Data Jpa\\n- Spring Data MongoDB\\n- Spring Data Redis\\n- Spring Data Neo4j\\n- Spring Data Vault\\n- Spring Data Elasticsearch\",\n        \"id\": \"5f635b8b5ee4c9001d2b9634\"\n      },\n      {\n        \"includeOnResume\": false,\n        \"_id\": \"5f635c0f5ee4c9001d2b9639\",\n        \"name\": \"Spring Cloud Gateway\",\n        \"rating\": 8.5,\n        \"createdAt\": \"2020-09-17T12:52:31.126Z\",\n        \"updatedAt\": \"2020-09-22T06:11:56.837Z\",\n        \"__v\": 0,\n        \"created_by\": \"5e4839cd1c2d53001dcc0696\",\n        \"updated_by\": \"5e4839cd1c2d53001dcc0696\",\n        \"image\": {\n          \"_id\": \"5f6853025ee4c9001d2b96bd\",\n          \"name\": \"spring cloud gateway.png\",\n          \"alternativeText\": \"\",\n          \"caption\": \"\",\n          \"hash\": \"spring_cloud_gateway_b00870bd09\",\n          \"ext\": \".png\",\n          \"mime\": \"image/png\",\n          \"size\": 6.24,\n          \"width\": 237,\n          \"height\": 213,\n          \"url\": \"/uploads/spring_cloud_gateway_b00870bd09.png\",\n          \"formats\": {\n            \"thumbnail\": {\n              \"name\": \"thumbnail_spring cloud gateway.png\",\n              \"hash\": \"thumbnail_spring_cloud_gateway_b00870bd09\",\n              \"ext\": \".png\",\n              \"mime\": \"image/png\",\n              \"width\": 174,\n              \"height\": 156,\n              \"size\": 10.54,\n              \"path\": null,\n              \"url\": \"/uploads/thumbnail_spring_cloud_gateway_b00870bd09.png\"\n            }\n          },\n          \"provider\": \"local\",\n          \"related\": [\n            \"5f635c0f5ee4c9001d2b9639\"\n          ],\n          \"createdAt\": \"2020-09-21T07:15:14.337Z\",\n          \"updatedAt\": \"2020-09-21T07:15:17.428Z\",\n          \"__v\": 0,\n          \"created_by\": \"5e4839cd1c2d53001dcc0696\",\n          \"updated_by\": \"5e4839cd1c2d53001dcc0696\",\n          \"id\": \"5f6853025ee4c9001d2b96bd\"\n        },\n        \"description\": \"This project provides a library for building an API Gateway on top of Spring MVC. Spring Cloud Gateway aims to provide a simple, yet effective way to route to APIs and provide cross cutting concerns to them such as: security, monitoring/metrics, and resiliency.\\n\\n\",\n        \"id\": \"5f635c0f5ee4c9001d2b9639\"\n      },\n      {\n        \"includeOnResume\": false,\n        \"_id\": \"5f635c1e5ee4c9001d2b963b\",\n        \"name\": \"Gradle\",\n        \"rating\": 9,\n        \"createdAt\": \"2020-09-17T12:52:46.994Z\",\n        \"updatedAt\": \"2020-09-22T06:39:39.136Z\",\n        \"__v\": 0,\n        \"created_by\": \"5e4839cd1c2d53001dcc0696\",\n        \"updated_by\": \"5e4839cd1c2d53001dcc0696\",\n        \"image\": {\n          \"_id\": \"5f6853535ee4c9001d2b96c1\",\n          \"name\": \"Gradle_logo.png\",\n          \"alternativeText\": \"\",\n          \"caption\": \"\",\n          \"hash\": \"Gradle_logo_eec2d0b60b\",\n          \"ext\": \".png\",\n          \"mime\": \"image/png\",\n          \"size\": 7.59,\n          \"width\": 876,\n          \"height\": 306,\n          \"url\": \"/uploads/Gradle_logo_eec2d0b60b.png\",\n          \"formats\": {\n            \"thumbnail\": {\n              \"name\": \"thumbnail_Gradle_logo.png\",\n              \"hash\": \"thumbnail_Gradle_logo_eec2d0b60b\",\n              \"ext\": \".png\",\n              \"mime\": \"image/png\",\n              \"width\": 245,\n              \"height\": 86,\n              \"size\": 6.94,\n              \"path\": null,\n              \"url\": \"/uploads/thumbnail_Gradle_logo_eec2d0b60b.png\"\n            },\n            \"medium\": {\n              \"name\": \"medium_Gradle_logo.png\",\n              \"hash\": \"medium_Gradle_logo_eec2d0b60b\",\n              \"ext\": \".png\",\n              \"mime\": \"image/png\",\n              \"width\": 750,\n              \"height\": 262,\n              \"size\": 25.22,\n              \"path\": null,\n              \"url\": \"/uploads/medium_Gradle_logo_eec2d0b60b.png\"\n            },\n            \"small\": {\n              \"name\": \"small_Gradle_logo.png\",\n              \"hash\": \"small_Gradle_logo_eec2d0b60b\",\n              \"ext\": \".png\",\n              \"mime\": \"image/png\",\n              \"width\": 500,\n              \"height\": 175,\n              \"size\": 15.87,\n              \"path\": null,\n              \"url\": \"/uploads/small_Gradle_logo_eec2d0b60b.png\"\n            }\n          },\n          \"provider\": \"local\",\n          \"related\": [\n            \"5f635c1e5ee4c9001d2b963b\",\n            \"5feed34e67bdd6001e9c12ce\"\n          ],\n          \"createdAt\": \"2020-09-21T07:16:35.326Z\",\n          \"updatedAt\": \"2021-01-01T07:46:22.759Z\",\n          \"__v\": 0,\n          \"created_by\": \"5e4839cd1c2d53001dcc0696\",\n          \"updated_by\": \"5e4839cd1c2d53001dcc0696\",\n          \"id\": \"5f6853535ee4c9001d2b96c1\"\n        },\n        \"description\": \"Gradle is a build automation tool for multi-language software development. It controls the development process in the tasks of compilation and packaging to testing, deployment, and publishing.\\n \\nIt uses groovy-based domain-specific language, rather than using the XML form used by Maven for declaring the project configuration.\\n\\nGradle was designed for multi-project builds, which can grow to be large. It operates based on a series of build tasks that can run serially or in parallel. Incremental builds are supported by determining the parts of the build tree that are already up to date; any task dependent only on those parts does not need to be re-executed\",\n        \"id\": \"5f635c1e5ee4c9001d2b963b\"\n      },\n      {\n        \"includeOnResume\": false,\n        \"_id\": \"5f635c2e5ee4c9001d2b963c\",\n        \"name\": \"Jenkins Pipeline\",\n        \"rating\": 8,\n        \"createdAt\": \"2020-09-17T12:53:02.588Z\",\n        \"updatedAt\": \"2020-09-22T06:41:07.845Z\",\n        \"__v\": 0,\n        \"created_by\": \"5e4839cd1c2d53001dcc0696\",\n        \"updated_by\": \"5e4839cd1c2d53001dcc0696\",\n        \"image\": {\n          \"_id\": \"5f65ed105ee4c9001d2b967c\",\n          \"name\": \"jenkins-5-569553.png\",\n          \"alternativeText\": \"\",\n          \"caption\": \"\",\n          \"hash\": \"jenkins_5_569553_cb54b85a4c\",\n          \"ext\": \".png\",\n          \"mime\": \"image/png\",\n          \"size\": 12.15,\n          \"width\": 256,\n          \"height\": 256,\n          \"url\": \"/uploads/jenkins_5_569553_cb54b85a4c.png\",\n          \"formats\": {\n            \"thumbnail\": {\n              \"name\": \"thumbnail_jenkins-5-569553.png\",\n              \"hash\": \"thumbnail_jenkins_5_569553_cb54b85a4c\",\n              \"ext\": \".png\",\n              \"mime\": \"image/png\",\n              \"width\": 156,\n              \"height\": 156,\n              \"size\": 16.21,\n              \"path\": null,\n              \"url\": \"/uploads/thumbnail_jenkins_5_569553_cb54b85a4c.png\"\n            }\n          },\n          \"provider\": \"local\",\n          \"related\": [\n            \"5f635a195ee4c9001d2b962a\",\n            \"5f635c2e5ee4c9001d2b963c\"\n          ],\n          \"createdAt\": \"2020-09-19T11:35:44.624Z\",\n          \"updatedAt\": \"2020-09-21T07:16:50.216Z\",\n          \"__v\": 0,\n          \"created_by\": \"5e4839cd1c2d53001dcc0696\",\n          \"updated_by\": \"5e4839cd1c2d53001dcc0696\",\n          \"id\": \"5f65ed105ee4c9001d2b967c\"\n        },\n        \"description\": \"Pipeline is a suite of plugins that supports implementing and integrating continuous delivery pipelines into Jenkins. Pipeline provides an extensible set of tools for modelling simple-to-complex delivery pipelines \\\"as code\\\" via the Pipeline DSL (groovy). \",\n        \"id\": \"5f635c2e5ee4c9001d2b963c\"\n      },\n      {\n        \"includeOnResume\": false,\n        \"_id\": \"5f635c745ee4c9001d2b9641\",\n        \"name\": \"Docker\",\n        \"rating\": 9,\n        \"createdAt\": \"2020-09-17T12:54:12.792Z\",\n        \"updatedAt\": \"2020-09-22T21:24:51.714Z\",\n        \"__v\": 0,\n        \"created_by\": \"5e4839cd1c2d53001dcc0696\",\n        \"updated_by\": \"5e4839cd1c2d53001dcc0696\",\n        \"image\": {\n          \"_id\": \"5f6854055ee4c9001d2b96cb\",\n          \"name\": \"docker.jpg\",\n          \"alternativeText\": \"\",\n          \"caption\": \"\",\n          \"hash\": \"docker_7c96f92432\",\n          \"ext\": \".jpg\",\n          \"mime\": \"image/jpeg\",\n          \"size\": 48.98,\n          \"width\": 1920,\n          \"height\": 773,\n          \"url\": \"/uploads/docker_7c96f92432.jpg\",\n          \"formats\": {\n            \"thumbnail\": {\n              \"name\": \"thumbnail_docker.jpg\",\n              \"hash\": \"thumbnail_docker_7c96f92432\",\n              \"ext\": \".jpg\",\n              \"mime\": \"image/jpeg\",\n              \"width\": 245,\n              \"height\": 99,\n              \"size\": 3.9,\n              \"path\": null,\n              \"url\": \"/uploads/thumbnail_docker_7c96f92432.jpg\"\n            },\n            \"large\": {\n              \"name\": \"large_docker.jpg\",\n              \"hash\": \"large_docker_7c96f92432\",\n              \"ext\": \".jpg\",\n              \"mime\": \"image/jpeg\",\n              \"width\": 1000,\n              \"height\": 403,\n              \"size\": 22.78,\n              \"path\": null,\n              \"url\": \"/uploads/large_docker_7c96f92432.jpg\"\n            },\n            \"medium\": {\n              \"name\": \"medium_docker.jpg\",\n              \"hash\": \"medium_docker_7c96f92432\",\n              \"ext\": \".jpg\",\n              \"mime\": \"image/jpeg\",\n              \"width\": 750,\n              \"height\": 302,\n              \"size\": 16.09,\n              \"path\": null,\n              \"url\": \"/uploads/medium_docker_7c96f92432.jpg\"\n            },\n            \"small\": {\n              \"name\": \"small_docker.jpg\",\n              \"hash\": \"small_docker_7c96f92432\",\n              \"ext\": \".jpg\",\n              \"mime\": \"image/jpeg\",\n              \"width\": 500,\n              \"height\": 201,\n              \"size\": 9.27,\n              \"path\": null,\n              \"url\": \"/uploads/small_docker_7c96f92432.jpg\"\n            }\n          },\n          \"provider\": \"local\",\n          \"related\": [\n            \"5f635c745ee4c9001d2b9641\"\n          ],\n          \"createdAt\": \"2020-09-21T07:19:33.005Z\",\n          \"updatedAt\": \"2020-09-21T07:19:36.606Z\",\n          \"__v\": 0,\n          \"created_by\": \"5e4839cd1c2d53001dcc0696\",\n          \"updated_by\": \"5e4839cd1c2d53001dcc0696\",\n          \"id\": \"5f6854055ee4c9001d2b96cb\"\n        },\n        \"description\": \"Docker is a set of platform as a service (PaaS) products that use OS-level virtualization to deliver software in packages called containers. Containers are isolated from one another and bundle their own software, libraries and configuration files; they can communicate with each other through well-defined channels. All containers are run by a single operating system kernel and therefore use fewer resources than virtual machines\",\n        \"id\": \"5f635c745ee4c9001d2b9641\"\n      },\n      {\n        \"includeOnResume\": false,\n        \"_id\": \"5f635c845ee4c9001d2b9642\",\n        \"name\": \"Git\",\n        \"rating\": 8.5,\n        \"createdAt\": \"2020-09-17T12:54:28.354Z\",\n        \"updatedAt\": \"2020-09-22T21:25:42.765Z\",\n        \"__v\": 0,\n        \"created_by\": \"5e4839cd1c2d53001dcc0696\",\n        \"updated_by\": \"5e4839cd1c2d53001dcc0696\",\n        \"image\": {\n          \"_id\": \"5f6854325ee4c9001d2b96cd\",\n          \"name\": \"git.png\",\n          \"alternativeText\": \"\",\n          \"caption\": \"\",\n          \"hash\": \"git_b7469ae68c\",\n          \"ext\": \".png\",\n          \"mime\": \"image/png\",\n          \"size\": 2.33,\n          \"width\": 200,\n          \"height\": 200,\n          \"url\": \"/uploads/git_b7469ae68c.png\",\n          \"formats\": {\n            \"thumbnail\": {\n              \"name\": \"thumbnail_git.png\",\n              \"hash\": \"thumbnail_git_b7469ae68c\",\n              \"ext\": \".png\",\n              \"mime\": \"image/png\",\n              \"width\": 156,\n              \"height\": 156,\n              \"size\": 7.38,\n              \"path\": null,\n              \"url\": \"/uploads/thumbnail_git_b7469ae68c.png\"\n            }\n          },\n          \"provider\": \"local\",\n          \"related\": [\n            \"5f635c845ee4c9001d2b9642\"\n          ],\n          \"createdAt\": \"2020-09-21T07:20:18.490Z\",\n          \"updatedAt\": \"2020-09-21T07:20:20.982Z\",\n          \"__v\": 0,\n          \"created_by\": \"5e4839cd1c2d53001dcc0696\",\n          \"updated_by\": \"5e4839cd1c2d53001dcc0696\",\n          \"id\": \"5f6854325ee4c9001d2b96cd\"\n        },\n        \"description\": \"Git is a free and open source distributed version control system designed to handle everything from small to very large projects with speed and efficiency. \",\n        \"id\": \"5f635c845ee4c9001d2b9642\"\n      },\n      {\n        \"includeOnResume\": false,\n        \"_id\": \"5f635d1e5ee4c9001d2b964b\",\n        \"name\": \"AWS - Lambda\",\n        \"rating\": 7.5,\n        \"createdAt\": \"2020-09-17T12:57:02.884Z\",\n        \"updatedAt\": \"2020-09-27T06:55:02.355Z\",\n        \"__v\": 0,\n        \"created_by\": \"5e4839cd1c2d53001dcc0696\",\n        \"updated_by\": \"5e4839cd1c2d53001dcc0696\",\n        \"image\": {\n          \"_id\": \"5f6898e876320d001e515e6e\",\n          \"name\": \"lambda.png\",\n          \"alternativeText\": \"\",\n          \"caption\": \"\",\n          \"hash\": \"lambda_83b6712cd2\",\n          \"ext\": \".png\",\n          \"mime\": \"image/png\",\n          \"size\": 4.7,\n          \"width\": 334,\n          \"height\": 183,\n          \"url\": \"/uploads/lambda_83b6712cd2.png\",\n          \"formats\": {\n            \"thumbnail\": {\n              \"name\": \"thumbnail_lambda.png\",\n              \"hash\": \"thumbnail_lambda_83b6712cd2\",\n              \"ext\": \".png\",\n              \"mime\": \"image/png\",\n              \"width\": 245,\n              \"height\": 134,\n              \"size\": 7,\n              \"path\": null,\n              \"url\": \"/uploads/thumbnail_lambda_83b6712cd2.png\"\n            }\n          },\n          \"provider\": \"local\",\n          \"related\": [\n            \"5f635d1e5ee4c9001d2b964b\"\n          ],\n          \"createdAt\": \"2020-09-21T12:13:28.463Z\",\n          \"updatedAt\": \"2020-09-21T12:13:31.866Z\",\n          \"__v\": 0,\n          \"created_by\": \"5e4839cd1c2d53001dcc0696\",\n          \"updated_by\": \"5e4839cd1c2d53001dcc0696\",\n          \"id\": \"5f6898e876320d001e515e6e\"\n        },\n        \"description\": \"AWS Lambda is a compute service that lets you run code without provisioning or managing servers. AWS Lambda executes your code only when needed and scales automatically, from a few requests per day to thousands per second. You pay only for the compute time you consume - there is no charge when your code is not running\",\n        \"id\": \"5f635d1e5ee4c9001d2b964b\"\n      },\n      {\n        \"includeOnResume\": false,\n        \"_id\": \"5f635d2c5ee4c9001d2b964c\",\n        \"name\": \"AWS - RDS\",\n        \"rating\": 7.5,\n        \"createdAt\": \"2020-09-17T12:57:16.194Z\",\n        \"updatedAt\": \"2020-09-27T06:55:35.600Z\",\n        \"__v\": 0,\n        \"created_by\": \"5e4839cd1c2d53001dcc0696\",\n        \"updated_by\": \"5e4839cd1c2d53001dcc0696\",\n        \"image\": {\n          \"_id\": \"5f68990776320d001e515e70\",\n          \"name\": \"rds.png\",\n          \"alternativeText\": \"\",\n          \"caption\": \"\",\n          \"hash\": \"rds_67bfb2bd99\",\n          \"ext\": \".png\",\n          \"mime\": \"image/png\",\n          \"size\": 4.21,\n          \"width\": 210,\n          \"height\": 240,\n          \"url\": \"/uploads/rds_67bfb2bd99.png\",\n          \"formats\": {\n            \"thumbnail\": {\n              \"name\": \"thumbnail_rds.png\",\n              \"hash\": \"thumbnail_rds_67bfb2bd99\",\n              \"ext\": \".png\",\n              \"mime\": \"image/png\",\n              \"width\": 136,\n              \"height\": 156,\n              \"size\": 5.72,\n              \"path\": null,\n              \"url\": \"/uploads/thumbnail_rds_67bfb2bd99.png\"\n            }\n          },\n          \"provider\": \"local\",\n          \"related\": [\n            \"5f635d2c5ee4c9001d2b964c\"\n          ],\n          \"createdAt\": \"2020-09-21T12:13:59.118Z\",\n          \"updatedAt\": \"2020-09-21T12:14:02.232Z\",\n          \"__v\": 0,\n          \"created_by\": \"5e4839cd1c2d53001dcc0696\",\n          \"updated_by\": \"5e4839cd1c2d53001dcc0696\",\n          \"id\": \"5f68990776320d001e515e70\"\n        },\n        \"description\": \"Amazon Relational Database Service (Amazon RDS) makes it easy to set up, operate, and scale a relational database in the cloud. It provides cost-efficient and resizable capacity while automating time-consuming administration tasks such as hardware provisioning, database setup, patching and backups. It frees you to focus on your applications so you can give them the fast performance, high availability, security and compatibility they need.\",\n        \"id\": \"5f635d2c5ee4c9001d2b964c\"\n      },\n      {\n        \"includeOnResume\": false,\n        \"_id\": \"5f635d905ee4c9001d2b9651\",\n        \"name\": \"MongoDB\",\n        \"rating\": 9,\n        \"createdAt\": \"2020-09-17T12:58:56.643Z\",\n        \"updatedAt\": \"2020-09-27T07:41:31.043Z\",\n        \"__v\": 0,\n        \"created_by\": \"5e4839cd1c2d53001dcc0696\",\n        \"updated_by\": \"5e4839cd1c2d53001dcc0696\",\n        \"image\": {\n          \"_id\": \"5f6855b65ee4c9001d2b96db\",\n          \"name\": \"mongodb.jpg\",\n          \"alternativeText\": \"\",\n          \"caption\": \"\",\n          \"hash\": \"mongodb_1846260238\",\n          \"ext\": \".jpg\",\n          \"mime\": \"image/jpeg\",\n          \"size\": 5.25,\n          \"width\": 399,\n          \"height\": 399,\n          \"url\": \"/uploads/mongodb_1846260238.jpg\",\n          \"formats\": {\n            \"thumbnail\": {\n              \"name\": \"thumbnail_mongodb.jpg\",\n              \"hash\": \"thumbnail_mongodb_1846260238\",\n              \"ext\": \".jpg\",\n              \"mime\": \"image/jpeg\",\n              \"width\": 156,\n              \"height\": 156,\n              \"size\": 1.85,\n              \"path\": null,\n              \"url\": \"/uploads/thumbnail_mongodb_1846260238.jpg\"\n            }\n          },\n          \"provider\": \"local\",\n          \"related\": [\n            \"5f635d905ee4c9001d2b9651\"\n          ],\n          \"createdAt\": \"2020-09-21T07:26:46.012Z\",\n          \"updatedAt\": \"2020-09-21T07:26:49.716Z\",\n          \"__v\": 0,\n          \"created_by\": \"5e4839cd1c2d53001dcc0696\",\n          \"updated_by\": \"5e4839cd1c2d53001dcc0696\",\n          \"id\": \"5f6855b65ee4c9001d2b96db\"\n        },\n        \"description\": \"MongoDB is a general purpose, document-based, distributed database built for modern application developers and for the cloud era.\",\n        \"id\": \"5f635d905ee4c9001d2b9651\"\n      },\n      {\n        \"includeOnResume\": false,\n        \"_id\": \"5f635db55ee4c9001d2b9654\",\n        \"name\": \"Postgres\",\n        \"rating\": 8,\n        \"createdAt\": \"2020-09-17T12:59:33.406Z\",\n        \"updatedAt\": \"2020-09-27T07:44:23.404Z\",\n        \"__v\": 0,\n        \"created_by\": \"5e4839cd1c2d53001dcc0696\",\n        \"updated_by\": \"5e4839cd1c2d53001dcc0696\",\n        \"image\": {\n          \"_id\": \"5f6856225ee4c9001d2b96e1\",\n          \"name\": \"postgres.png\",\n          \"alternativeText\": \"\",\n          \"caption\": \"\",\n          \"hash\": \"postgres_2af638d699\",\n          \"ext\": \".png\",\n          \"mime\": \"image/png\",\n          \"size\": 99.17,\n          \"width\": 1200,\n          \"height\": 1238,\n          \"url\": \"/uploads/postgres_2af638d699.png\",\n          \"formats\": {\n            \"thumbnail\": {\n              \"name\": \"thumbnail_postgres.png\",\n              \"hash\": \"thumbnail_postgres_2af638d699\",\n              \"ext\": \".png\",\n              \"mime\": \"image/png\",\n              \"width\": 151,\n              \"height\": 156,\n              \"size\": 15.15,\n              \"path\": null,\n              \"url\": \"/uploads/thumbnail_postgres_2af638d699.png\"\n            },\n            \"large\": {\n              \"name\": \"large_postgres.png\",\n              \"hash\": \"large_postgres_2af638d699\",\n              \"ext\": \".png\",\n              \"mime\": \"image/png\",\n              \"width\": 969,\n              \"height\": 1000,\n              \"size\": 147.14,\n              \"path\": null,\n              \"url\": \"/uploads/large_postgres_2af638d699.png\"\n            },\n            \"medium\": {\n              \"name\": \"medium_postgres.png\",\n              \"hash\": \"medium_postgres_2af638d699\",\n              \"ext\": \".png\",\n              \"mime\": \"image/png\",\n              \"width\": 727,\n              \"height\": 750,\n              \"size\": 99.62,\n              \"path\": null,\n              \"url\": \"/uploads/medium_postgres_2af638d699.png\"\n            },\n            \"small\": {\n              \"name\": \"small_postgres.png\",\n              \"hash\": \"small_postgres_2af638d699\",\n              \"ext\": \".png\",\n              \"mime\": \"image/png\",\n              \"width\": 485,\n              \"height\": 500,\n              \"size\": 59.67,\n              \"path\": null,\n              \"url\": \"/uploads/small_postgres_2af638d699.png\"\n            }\n          },\n          \"provider\": \"local\",\n          \"related\": [\n            \"5f635db55ee4c9001d2b9654\"\n          ],\n          \"createdAt\": \"2020-09-21T07:28:34.757Z\",\n          \"updatedAt\": \"2020-09-21T07:28:38.883Z\",\n          \"__v\": 0,\n          \"created_by\": \"5e4839cd1c2d53001dcc0696\",\n          \"updated_by\": \"5e4839cd1c2d53001dcc0696\",\n          \"id\": \"5f6856225ee4c9001d2b96e1\"\n        },\n        \"description\": \"PostgreSQL is a powerful, open source object-relational database system with over 30 years of active development that has earned it a strong reputation for reliability, feature robustness, and performance\",\n        \"id\": \"5f635db55ee4c9001d2b9654\"\n      },\n      {\n        \"includeOnResume\": false,\n        \"_id\": \"5f635e365ee4c9001d2b965d\",\n        \"name\": \"Spring Rest Docs\",\n        \"rating\": 8,\n        \"createdAt\": \"2020-09-17T13:01:42.914Z\",\n        \"updatedAt\": \"2020-09-27T08:01:25.593Z\",\n        \"__v\": 0,\n        \"created_by\": \"5e4839cd1c2d53001dcc0696\",\n        \"updated_by\": \"5e4839cd1c2d53001dcc0696\",\n        \"image\": {\n          \"_id\": \"5f6899eb76320d001e515e7d\",\n          \"name\": \"spring rest docs.jpg\",\n          \"alternativeText\": \"\",\n          \"caption\": \"\",\n          \"hash\": \"spring_rest_docs_2e39d2917f\",\n          \"ext\": \".jpg\",\n          \"mime\": \"image/jpeg\",\n          \"size\": 15.46,\n          \"width\": 400,\n          \"height\": 400,\n          \"url\": \"/uploads/spring_rest_docs_2e39d2917f.jpg\",\n          \"formats\": {\n            \"thumbnail\": {\n              \"name\": \"thumbnail_spring rest docs.jpg\",\n              \"hash\": \"thumbnail_spring_rest_docs_2e39d2917f\",\n              \"ext\": \".jpg\",\n              \"mime\": \"image/jpeg\",\n              \"width\": 156,\n              \"height\": 156,\n              \"size\": 4.44,\n              \"path\": null,\n              \"url\": \"/uploads/thumbnail_spring_rest_docs_2e39d2917f.jpg\"\n            }\n          },\n          \"provider\": \"local\",\n          \"related\": [\n            \"5f635e365ee4c9001d2b965d\"\n          ],\n          \"createdAt\": \"2020-09-21T12:17:47.737Z\",\n          \"updatedAt\": \"2020-09-21T12:17:50.051Z\",\n          \"__v\": 0,\n          \"created_by\": \"5e4839cd1c2d53001dcc0696\",\n          \"updated_by\": \"5e4839cd1c2d53001dcc0696\",\n          \"id\": \"5f6899eb76320d001e515e7d\"\n        },\n        \"description\": \"It combines hand-written documentation written with Asciidoctor and auto-generated snippets produced with Spring MVC Test. This approach frees you from the limitations of the documentation produced by tools like Swagger.\\n\\nIt helps you to produce documentation that is accurate, concise, and well-structured. This documentation then allows your users to get the information they need with a minimum of fuss.\",\n        \"id\": \"5f635e365ee4c9001d2b965d\"\n      },\n      {\n        \"includeOnResume\": false,\n        \"_id\": \"5f635e235ee4c9001d2b965b\",\n        \"name\": \"Mockito\",\n        \"rating\": 9,\n        \"createdAt\": \"2020-09-17T13:01:23.263Z\",\n        \"updatedAt\": \"2020-09-27T07:51:03.834Z\",\n        \"__v\": 0,\n        \"created_by\": \"5e4839cd1c2d53001dcc0696\",\n        \"updated_by\": \"5e4839cd1c2d53001dcc0696\",\n        \"image\": {\n          \"_id\": \"5f6899b376320d001e515e7a\",\n          \"name\": \"mockito.png\",\n          \"alternativeText\": \"\",\n          \"caption\": \"\",\n          \"hash\": \"mockito_186b921417\",\n          \"ext\": \".png\",\n          \"mime\": \"image/png\",\n          \"size\": 19.36,\n          \"width\": 200,\n          \"height\": 200,\n          \"url\": \"/uploads/mockito_186b921417.png\",\n          \"formats\": {\n            \"thumbnail\": {\n              \"name\": \"thumbnail_mockito.png\",\n              \"hash\": \"thumbnail_mockito_186b921417\",\n              \"ext\": \".png\",\n              \"mime\": \"image/png\",\n              \"width\": 156,\n              \"height\": 156,\n              \"size\": 27.22,\n              \"path\": null,\n              \"url\": \"/uploads/thumbnail_mockito_186b921417.png\"\n            }\n          },\n          \"provider\": \"local\",\n          \"related\": [\n            \"5f635e235ee4c9001d2b965b\"\n          ],\n          \"createdAt\": \"2020-09-21T12:16:51.111Z\",\n          \"updatedAt\": \"2020-09-21T12:16:54.409Z\",\n          \"__v\": 0,\n          \"created_by\": \"5e4839cd1c2d53001dcc0696\",\n          \"updated_by\": \"5e4839cd1c2d53001dcc0696\",\n          \"id\": \"5f6899b376320d001e515e7a\"\n        },\n        \"description\": \"Mockito is a mocking framework that tastes really good. It lets you write beautiful tests with a clean & simple API. Mockito doesnâ€™t give you hangover because the tests are very readable and they produce clean verification errors.\",\n        \"id\": \"5f635e235ee4c9001d2b965b\"\n      },\n      {\n        \"includeOnResume\": false,\n        \"_id\": \"5f635e2c5ee4c9001d2b965c\",\n        \"name\": \"Mockk\",\n        \"rating\": 9,\n        \"createdAt\": \"2020-09-17T13:01:32.552Z\",\n        \"updatedAt\": \"2020-09-21T12:17:10.214Z\",\n        \"__v\": 0,\n        \"created_by\": \"5e4839cd1c2d53001dcc0696\",\n        \"updated_by\": \"5e4839cd1c2d53001dcc0696\",\n        \"image\": {\n          \"_id\": \"5f6614835ee4c9001d2b9688\",\n          \"name\": \"mockk.png\",\n          \"alternativeText\": \"\",\n          \"caption\": \"\",\n          \"hash\": \"mockk_bc39ec979c\",\n          \"ext\": \".png\",\n          \"mime\": \"image/png\",\n          \"size\": 270.6,\n          \"width\": 813,\n          \"height\": 300,\n          \"url\": \"/uploads/mockk_bc39ec979c.png\",\n          \"formats\": {\n            \"thumbnail\": {\n              \"name\": \"thumbnail_mockk.png\",\n              \"hash\": \"thumbnail_mockk_bc39ec979c\",\n              \"ext\": \".png\",\n              \"mime\": \"image/png\",\n              \"width\": 245,\n              \"height\": 90,\n              \"size\": 56.72,\n              \"path\": null,\n              \"url\": \"/uploads/thumbnail_mockk_bc39ec979c.png\"\n            },\n            \"medium\": {\n              \"name\": \"medium_mockk.png\",\n              \"hash\": \"medium_mockk_bc39ec979c\",\n              \"ext\": \".png\",\n              \"mime\": \"image/png\",\n              \"width\": 750,\n              \"height\": 277,\n              \"size\": 362.9,\n              \"path\": null,\n              \"url\": \"/uploads/medium_mockk_bc39ec979c.png\"\n            },\n            \"small\": {\n              \"name\": \"small_mockk.png\",\n              \"hash\": \"small_mockk_bc39ec979c\",\n              \"ext\": \".png\",\n              \"mime\": \"image/png\",\n              \"width\": 500,\n              \"height\": 185,\n              \"size\": 191.75,\n              \"path\": null,\n              \"url\": \"/uploads/small_mockk_bc39ec979c.png\"\n            }\n          },\n          \"provider\": \"local\",\n          \"related\": [\n            \"5f635a495ee4c9001d2b962c\",\n            \"5f635e2c5ee4c9001d2b965c\"\n          ],\n          \"createdAt\": \"2020-09-19T14:24:03.125Z\",\n          \"updatedAt\": \"2020-09-21T12:17:10.212Z\",\n          \"__v\": 0,\n          \"created_by\": \"5e4839cd1c2d53001dcc0696\",\n          \"updated_by\": \"5e4839cd1c2d53001dcc0696\",\n          \"id\": \"5f6614835ee4c9001d2b9688\"\n        },\n        \"id\": \"5f635e2c5ee4c9001d2b965c\"\n      },\n      {\n        \"includeOnResume\": false,\n        \"_id\": \"5f635e405ee4c9001d2b965e\",\n        \"name\": \"Spring Cloud Contract\",\n        \"rating\": 6.5,\n        \"createdAt\": \"2020-09-17T13:01:52.014Z\",\n        \"updatedAt\": \"2020-09-27T08:02:29.220Z\",\n        \"__v\": 0,\n        \"created_by\": \"5e4839cd1c2d53001dcc0696\",\n        \"updated_by\": \"5e4839cd1c2d53001dcc0696\",\n        \"image\": {\n          \"_id\": \"5f6851d05ee4c9001d2b96b1\",\n          \"name\": \"spring-cloud-logo.png\",\n          \"alternativeText\": \"\",\n          \"caption\": \"\",\n          \"hash\": \"spring_cloud_logo_4de8e2579b\",\n          \"ext\": \".png\",\n          \"mime\": \"image/png\",\n          \"size\": 31.41,\n          \"width\": 800,\n          \"height\": 753,\n          \"url\": \"/uploads/spring_cloud_logo_4de8e2579b.png\",\n          \"formats\": {\n            \"thumbnail\": {\n              \"name\": \"thumbnail_spring-cloud-logo.png\",\n              \"hash\": \"thumbnail_spring_cloud_logo_4de8e2579b\",\n              \"ext\": \".png\",\n              \"mime\": \"image/png\",\n              \"width\": 166,\n              \"height\": 156,\n              \"size\": 7,\n              \"path\": null,\n              \"url\": \"/uploads/thumbnail_spring_cloud_logo_4de8e2579b.png\"\n            },\n            \"medium\": {\n              \"name\": \"medium_spring-cloud-logo.png\",\n              \"hash\": \"medium_spring_cloud_logo_4de8e2579b\",\n              \"ext\": \".png\",\n              \"mime\": \"image/png\",\n              \"width\": 750,\n              \"height\": 706,\n              \"size\": 44.37,\n              \"path\": null,\n              \"url\": \"/uploads/medium_spring_cloud_logo_4de8e2579b.png\"\n            },\n            \"small\": {\n              \"name\": \"small_spring-cloud-logo.png\",\n              \"hash\": \"small_spring_cloud_logo_4de8e2579b\",\n              \"ext\": \".png\",\n              \"mime\": \"image/png\",\n              \"width\": 500,\n              \"height\": 471,\n              \"size\": 24.52,\n              \"path\": null,\n              \"url\": \"/uploads/small_spring_cloud_logo_4de8e2579b.png\"\n            }\n          },\n          \"provider\": \"local\",\n          \"related\": [\n            \"5f635b7e5ee4c9001d2b9633\",\n            \"5f635e405ee4c9001d2b965e\"\n          ],\n          \"createdAt\": \"2020-09-21T07:10:08.197Z\",\n          \"updatedAt\": \"2020-09-21T12:18:53.085Z\",\n          \"__v\": 0,\n          \"created_by\": \"5e4839cd1c2d53001dcc0696\",\n          \"updated_by\": \"5e4839cd1c2d53001dcc0696\",\n          \"id\": \"5f6851d05ee4c9001d2b96b1\"\n        },\n        \"description\": \"Spring Cloud Contract Verifier is a tool that enables Consumer Driven Contract (CDC) development of JVM-based applications. It is shipped with Contract Definition Language (DSL) written in Groovy or YAML. Contract definitions are used to produce following resources:\\n\\n- by default JSON stub definitions to be used by WireMock (HTTP Server Stub) when doing integration testing on the client code (client tests). Test code must still be written by hand, test data is produced by Spring Cloud Contract Verifier.\\n- Messaging routes if youâ€™re using one. Weâ€™re integrating with Spring Integration, Spring Cloud Stream and Apache Camel. You can however set your own integrations if you want to.\\n- Acceptance tests (by default in JUnit or Spock) used to verify if server-side implementation of the API is compliant with the contract (server tests). Full test is generated by Spring Cloud Contract Verifier\",\n        \"id\": \"5f635e405ee4c9001d2b965e\"\n      },\n      {\n        \"includeOnResume\": false,\n        \"_id\": \"5f635e935ee4c9001d2b9665\",\n        \"name\": \"Typescript\",\n        \"rating\": 7.5,\n        \"createdAt\": \"2020-09-17T13:03:15.410Z\",\n        \"updatedAt\": \"2020-09-27T08:10:06.054Z\",\n        \"__v\": 0,\n        \"created_by\": \"5e4839cd1c2d53001dcc0696\",\n        \"updated_by\": \"5e4839cd1c2d53001dcc0696\",\n        \"image\": {\n          \"_id\": \"5f689aee76320d001e515e8b\",\n          \"name\": \"ts.jpg\",\n          \"alternativeText\": \"\",\n          \"caption\": \"\",\n          \"hash\": \"ts_1c7c89d06d\",\n          \"ext\": \".jpg\",\n          \"mime\": \"image/jpeg\",\n          \"size\": 11.59,\n          \"width\": 400,\n          \"height\": 400,\n          \"url\": \"/uploads/ts_1c7c89d06d.jpg\",\n          \"formats\": {\n            \"thumbnail\": {\n              \"name\": \"thumbnail_ts.jpg\",\n              \"hash\": \"thumbnail_ts_1c7c89d06d\",\n              \"ext\": \".jpg\",\n              \"mime\": \"image/jpeg\",\n              \"width\": 156,\n              \"height\": 156,\n              \"size\": 4.38,\n              \"path\": null,\n              \"url\": \"/uploads/thumbnail_ts_1c7c89d06d.jpg\"\n            }\n          },\n          \"provider\": \"local\",\n          \"related\": [\n            \"5f635e935ee4c9001d2b9665\"\n          ],\n          \"createdAt\": \"2020-09-21T12:22:06.356Z\",\n          \"updatedAt\": \"2020-09-21T12:22:08.459Z\",\n          \"__v\": 0,\n          \"created_by\": \"5e4839cd1c2d53001dcc0696\",\n          \"updated_by\": \"5e4839cd1c2d53001dcc0696\",\n          \"id\": \"5f689aee76320d001e515e8b\"\n        },\n        \"description\": \"TypeScript is an open-source programming language developed and maintained by Microsoft. It is a strict syntactical superset of JavaScript and adds optional static typing to the language. TypeScript is designed for development of large applications and transcompiles to JavaScript\",\n        \"id\": \"5f635e935ee4c9001d2b9665\"\n      },\n      {\n        \"includeOnResume\": false,\n        \"_id\": \"5f635f025ee4c9001d2b966b\",\n        \"name\": \"CQRS\",\n        \"rating\": 7.5,\n        \"createdAt\": \"2020-09-17T13:05:06.404Z\",\n        \"updatedAt\": \"2020-09-30T06:19:44.179Z\",\n        \"__v\": 0,\n        \"created_by\": \"5e4839cd1c2d53001dcc0696\",\n        \"updated_by\": \"5e4839cd1c2d53001dcc0696\",\n        \"image\": {\n          \"_id\": \"5f689bf876320d001e515e96\",\n          \"name\": \"cqrs.png\",\n          \"alternativeText\": \"\",\n          \"caption\": \"\",\n          \"hash\": \"cqrs_70783de9a1\",\n          \"ext\": \".png\",\n          \"mime\": \"image/png\",\n          \"size\": 98.76,\n          \"width\": 1980,\n          \"height\": 1299,\n          \"url\": \"/uploads/cqrs_70783de9a1.png\",\n          \"formats\": {\n            \"thumbnail\": {\n              \"name\": \"thumbnail_cqrs.png\",\n              \"hash\": \"thumbnail_cqrs_70783de9a1\",\n              \"ext\": \".png\",\n              \"mime\": \"image/png\",\n              \"width\": 238,\n              \"height\": 156,\n              \"size\": 14.51,\n              \"path\": null,\n              \"url\": \"/uploads/thumbnail_cqrs_70783de9a1.png\"\n            },\n            \"large\": {\n              \"name\": \"large_cqrs.png\",\n              \"hash\": \"large_cqrs_70783de9a1\",\n              \"ext\": \".png\",\n              \"mime\": \"image/png\",\n              \"width\": 1000,\n              \"height\": 656,\n              \"size\": 84.54,\n              \"path\": null,\n              \"url\": \"/uploads/large_cqrs_70783de9a1.png\"\n            },\n            \"medium\": {\n              \"name\": \"medium_cqrs.png\",\n              \"hash\": \"medium_cqrs_70783de9a1\",\n              \"ext\": \".png\",\n              \"mime\": \"image/png\",\n              \"width\": 750,\n              \"height\": 492,\n              \"size\": 59.8,\n              \"path\": null,\n              \"url\": \"/uploads/medium_cqrs_70783de9a1.png\"\n            },\n            \"small\": {\n              \"name\": \"small_cqrs.png\",\n              \"hash\": \"small_cqrs_70783de9a1\",\n              \"ext\": \".png\",\n              \"mime\": \"image/png\",\n              \"width\": 500,\n              \"height\": 328,\n              \"size\": 33.65,\n              \"path\": null,\n              \"url\": \"/uploads/small_cqrs_70783de9a1.png\"\n            }\n          },\n          \"provider\": \"local\",\n          \"related\": [\n            \"5f635f025ee4c9001d2b966b\"\n          ],\n          \"createdAt\": \"2020-09-21T12:26:32.337Z\",\n          \"updatedAt\": \"2020-09-21T12:26:36.238Z\",\n          \"__v\": 0,\n          \"created_by\": \"5e4839cd1c2d53001dcc0696\",\n          \"updated_by\": \"5e4839cd1c2d53001dcc0696\",\n          \"id\": \"5f689bf876320d001e515e96\"\n        },\n        \"description\": \"Command Query Responsibility Segregation (CQRS) is an architectural pattern that separates reading and writing into two different models.\\n\\nThis means that every method should either be a Command that performs an action or a Query that returns data. A Command cannot return data and a Query cannot change the data.\",\n        \"id\": \"5f635f025ee4c9001d2b966b\"\n      },\n      {\n        \"includeOnResume\": false,\n        \"_id\": \"5f635c185ee4c9001d2b963a\",\n        \"name\": \"Maven\",\n        \"rating\": 9.6,\n        \"createdAt\": \"2020-09-17T12:52:40.922Z\",\n        \"updatedAt\": \"2020-09-22T06:36:50.576Z\",\n        \"__v\": 0,\n        \"created_by\": \"5e4839cd1c2d53001dcc0696\",\n        \"updated_by\": \"5e4839cd1c2d53001dcc0696\",\n        \"image\": {\n          \"_id\": \"5f6853265ee4c9001d2b96bf\",\n          \"name\": \"maven.png\",\n          \"alternativeText\": \"\",\n          \"caption\": \"\",\n          \"hash\": \"maven_8510b1d6fa\",\n          \"ext\": \".png\",\n          \"mime\": \"image/png\",\n          \"size\": 30.77,\n          \"width\": 1280,\n          \"height\": 324,\n          \"url\": \"/uploads/maven_8510b1d6fa.png\",\n          \"formats\": {\n            \"thumbnail\": {\n              \"name\": \"thumbnail_maven.png\",\n              \"hash\": \"thumbnail_maven_8510b1d6fa\",\n              \"ext\": \".png\",\n              \"mime\": \"image/png\",\n              \"width\": 245,\n              \"height\": 62,\n              \"size\": 10.07,\n              \"path\": null,\n              \"url\": \"/uploads/thumbnail_maven_8510b1d6fa.png\"\n            },\n            \"large\": {\n              \"name\": \"large_maven.png\",\n              \"hash\": \"large_maven_8510b1d6fa\",\n              \"ext\": \".png\",\n              \"mime\": \"image/png\",\n              \"width\": 1000,\n              \"height\": 253,\n              \"size\": 68.02,\n              \"path\": null,\n              \"url\": \"/uploads/large_maven_8510b1d6fa.png\"\n            },\n            \"medium\": {\n              \"name\": \"medium_maven.png\",\n              \"hash\": \"medium_maven_8510b1d6fa\",\n              \"ext\": \".png\",\n              \"mime\": \"image/png\",\n              \"width\": 750,\n              \"height\": 190,\n              \"size\": 46.3,\n              \"path\": null,\n              \"url\": \"/uploads/medium_maven_8510b1d6fa.png\"\n            },\n            \"small\": {\n              \"name\": \"small_maven.png\",\n              \"hash\": \"small_maven_8510b1d6fa\",\n              \"ext\": \".png\",\n              \"mime\": \"image/png\",\n              \"width\": 500,\n              \"height\": 127,\n              \"size\": 27.01,\n              \"path\": null,\n              \"url\": \"/uploads/small_maven_8510b1d6fa.png\"\n            }\n          },\n          \"provider\": \"local\",\n          \"related\": [\n            \"5f635c185ee4c9001d2b963a\"\n          ],\n          \"createdAt\": \"2020-09-21T07:15:50.288Z\",\n          \"updatedAt\": \"2020-09-21T07:15:57.208Z\",\n          \"__v\": 0,\n          \"created_by\": \"5e4839cd1c2d53001dcc0696\",\n          \"updated_by\": \"5e4839cd1c2d53001dcc0696\",\n          \"id\": \"5f6853265ee4c9001d2b96bf\"\n        },\n        \"description\": \"Maven is a build automation tool used primarily for Java projects. Maven can also be used to build and manage projects written in C#, Ruby, Scala, and other languages. \\n\\nMaven addresses two aspects of building software: how software is built, and its dependencies. An XML file describes the software project being built, its dependencies on other external modules and components, the build order, directories, and required plug-ins. \",\n        \"id\": \"5f635c185ee4c9001d2b963a\"\n      },\n      {\n        \"includeOnResume\": false,\n        \"_id\": \"5f635ceb5ee4c9001d2b9647\",\n        \"name\": \"AWS - S3\",\n        \"rating\": 8,\n        \"createdAt\": \"2020-09-17T12:56:11.563Z\",\n        \"updatedAt\": \"2020-09-27T06:52:01.746Z\",\n        \"__v\": 0,\n        \"created_by\": \"5e4839cd1c2d53001dcc0696\",\n        \"updated_by\": \"5e4839cd1c2d53001dcc0696\",\n        \"image\": {\n          \"_id\": \"5f68985776320d001e515e66\",\n          \"name\": \"s3.png\",\n          \"alternativeText\": \"\",\n          \"caption\": \"\",\n          \"hash\": \"s3_f1eb448aa2\",\n          \"ext\": \".png\",\n          \"mime\": \"image/png\",\n          \"size\": 23.68,\n          \"width\": 640,\n          \"height\": 480,\n          \"url\": \"/uploads/s3_f1eb448aa2.png\",\n          \"formats\": {\n            \"thumbnail\": {\n              \"name\": \"thumbnail_s3.png\",\n              \"hash\": \"thumbnail_s3_f1eb448aa2\",\n              \"ext\": \".png\",\n              \"mime\": \"image/png\",\n              \"width\": 208,\n              \"height\": 156,\n              \"size\": 9.08,\n              \"path\": null,\n              \"url\": \"/uploads/thumbnail_s3_f1eb448aa2.png\"\n            },\n            \"small\": {\n              \"name\": \"small_s3.png\",\n              \"hash\": \"small_s3_f1eb448aa2\",\n              \"ext\": \".png\",\n              \"mime\": \"image/png\",\n              \"width\": 500,\n              \"height\": 375,\n              \"size\": 25.31,\n              \"path\": null,\n              \"url\": \"/uploads/small_s3_f1eb448aa2.png\"\n            }\n          },\n          \"provider\": \"local\",\n          \"related\": [\n            \"5f635ceb5ee4c9001d2b9647\"\n          ],\n          \"createdAt\": \"2020-09-21T12:11:03.327Z\",\n          \"updatedAt\": \"2020-09-21T12:11:05.739Z\",\n          \"__v\": 0,\n          \"created_by\": \"5e4839cd1c2d53001dcc0696\",\n          \"updated_by\": \"5e4839cd1c2d53001dcc0696\",\n          \"id\": \"5f68985776320d001e515e66\"\n        },\n        \"description\": \"Amazon S3 is object storage built to store and retrieve any amount of data from anywhere on the Internet. Itâ€™s a simple storage service that offers an extremely durable, highly available, and infinitely scalable data storage infrastructure at very low costs.\",\n        \"id\": \"5f635ceb5ee4c9001d2b9647\"\n      },\n      {\n        \"includeOnResume\": false,\n        \"_id\": \"5f635cf75ee4c9001d2b9648\",\n        \"name\": \"AWS - EKS\",\n        \"rating\": 7,\n        \"createdAt\": \"2020-09-17T12:56:23.906Z\",\n        \"updatedAt\": \"2020-09-27T06:52:31.214Z\",\n        \"__v\": 0,\n        \"created_by\": \"5e4839cd1c2d53001dcc0696\",\n        \"updated_by\": \"5e4839cd1c2d53001dcc0696\",\n        \"image\": {\n          \"_id\": \"5f68988576320d001e515e68\",\n          \"name\": \"eks.png\",\n          \"alternativeText\": \"\",\n          \"caption\": \"\",\n          \"hash\": \"eks_0690809a3d\",\n          \"ext\": \".png\",\n          \"mime\": \"image/png\",\n          \"size\": 7.01,\n          \"width\": 200,\n          \"height\": 197,\n          \"url\": \"/uploads/eks_0690809a3d.png\",\n          \"formats\": {\n            \"thumbnail\": {\n              \"name\": \"thumbnail_eks.png\",\n              \"hash\": \"thumbnail_eks_0690809a3d\",\n              \"ext\": \".png\",\n              \"mime\": \"image/png\",\n              \"width\": 158,\n              \"height\": 156,\n              \"size\": 15,\n              \"path\": null,\n              \"url\": \"/uploads/thumbnail_eks_0690809a3d.png\"\n            }\n          },\n          \"provider\": \"local\",\n          \"related\": [\n            \"5f635cf75ee4c9001d2b9648\"\n          ],\n          \"createdAt\": \"2020-09-21T12:11:49.261Z\",\n          \"updatedAt\": \"2020-09-21T12:11:52.176Z\",\n          \"__v\": 0,\n          \"created_by\": \"5e4839cd1c2d53001dcc0696\",\n          \"updated_by\": \"5e4839cd1c2d53001dcc0696\",\n          \"id\": \"5f68988576320d001e515e68\"\n        },\n        \"description\": \"Amazon EKS is a managed service that makes it easy for you to run Kubernetes on AWS without needing to install and operate your own Kubernetes control plane or worker nodes.\",\n        \"id\": \"5f635cf75ee4c9001d2b9648\"\n      },\n      {\n        \"includeOnResume\": false,\n        \"_id\": \"5f635d045ee4c9001d2b9649\",\n        \"name\": \"AWS - Route53\",\n        \"rating\": 7.5,\n        \"createdAt\": \"2020-09-17T12:56:36.422Z\",\n        \"updatedAt\": \"2020-09-27T06:53:15.051Z\",\n        \"__v\": 0,\n        \"created_by\": \"5e4839cd1c2d53001dcc0696\",\n        \"updated_by\": \"5e4839cd1c2d53001dcc0696\",\n        \"image\": {\n          \"_id\": \"5f6898a276320d001e515e6a\",\n          \"name\": \"route53.png\",\n          \"alternativeText\": \"\",\n          \"caption\": \"\",\n          \"hash\": \"route53_57997bf7d8\",\n          \"ext\": \".png\",\n          \"mime\": \"image/png\",\n          \"size\": 2.56,\n          \"width\": 192,\n          \"height\": 130,\n          \"url\": \"/uploads/route53_57997bf7d8.png\",\n          \"provider\": \"local\",\n          \"related\": [\n            \"5f635d045ee4c9001d2b9649\"\n          ],\n          \"createdAt\": \"2020-09-21T12:12:18.441Z\",\n          \"updatedAt\": \"2020-09-21T12:12:24.038Z\",\n          \"__v\": 0,\n          \"created_by\": \"5e4839cd1c2d53001dcc0696\",\n          \"updated_by\": \"5e4839cd1c2d53001dcc0696\",\n          \"id\": \"5f6898a276320d001e515e6a\"\n        },\n        \"description\": \"Amazon Route 53 is a highly available and scalable cloud Domain Name System (DNS) web service. It is designed to give developers and businesses an extremely reliable and cost effective way to route end users to Internet applications by translating names like www.example.com into the numeric IP addresses like 192.0.2.1 that computers use to connect to each other. Amazon Route 53 is fully compliant with IPv6 as well\",\n        \"id\": \"5f635d045ee4c9001d2b9649\"\n      },\n      {\n        \"includeOnResume\": false,\n        \"_id\": \"5f635d115ee4c9001d2b964a\",\n        \"name\": \"AWS - IAM\",\n        \"rating\": 7,\n        \"createdAt\": \"2020-09-17T12:56:49.670Z\",\n        \"updatedAt\": \"2020-09-27T06:53:59.726Z\",\n        \"__v\": 0,\n        \"created_by\": \"5e4839cd1c2d53001dcc0696\",\n        \"updated_by\": \"5e4839cd1c2d53001dcc0696\",\n        \"image\": {\n          \"_id\": \"5f6898ca76320d001e515e6c\",\n          \"name\": \"iam.png\",\n          \"alternativeText\": \"\",\n          \"caption\": \"\",\n          \"hash\": \"iam_aee5d387fa\",\n          \"ext\": \".png\",\n          \"mime\": \"image/png\",\n          \"size\": 3.46,\n          \"width\": 225,\n          \"height\": 225,\n          \"url\": \"/uploads/iam_aee5d387fa.png\",\n          \"formats\": {\n            \"thumbnail\": {\n              \"name\": \"thumbnail_iam.png\",\n              \"hash\": \"thumbnail_iam_aee5d387fa\",\n              \"ext\": \".png\",\n              \"mime\": \"image/png\",\n              \"width\": 156,\n              \"height\": 156,\n              \"size\": 5.51,\n              \"path\": null,\n              \"url\": \"/uploads/thumbnail_iam_aee5d387fa.png\"\n            }\n          },\n          \"provider\": \"local\",\n          \"related\": [\n            \"5f635d115ee4c9001d2b964a\"\n          ],\n          \"createdAt\": \"2020-09-21T12:12:58.193Z\",\n          \"updatedAt\": \"2020-09-21T12:13:02.099Z\",\n          \"__v\": 0,\n          \"created_by\": \"5e4839cd1c2d53001dcc0696\",\n          \"updated_by\": \"5e4839cd1c2d53001dcc0696\",\n          \"id\": \"5f6898ca76320d001e515e6c\"\n        },\n        \"description\": \"AWS Identity and Access Management (IAM) enables you to manage access to AWS services and resources securely. Using IAM, you can create and manage AWS users and groups, and use permissions to allow and deny their access to AWS resources.\",\n        \"id\": \"5f635d115ee4c9001d2b964a\"\n      },\n      {\n        \"includeOnResume\": false,\n        \"_id\": \"5f63608d5ee4c9001d2b966e\",\n        \"name\": \"TDD\",\n        \"rating\": 8,\n        \"createdAt\": \"2020-09-17T13:11:41.563Z\",\n        \"updatedAt\": \"2020-09-30T06:22:54.746Z\",\n        \"__v\": 0,\n        \"created_by\": \"5e4839cd1c2d53001dcc0696\",\n        \"updated_by\": \"5e4839cd1c2d53001dcc0696\",\n        \"image\": {\n          \"_id\": \"5f689c2276320d001e515e98\",\n          \"name\": \"test-driven-development-TDD.png\",\n          \"alternativeText\": \"\",\n          \"caption\": \"\",\n          \"hash\": \"test_driven_development_TDD_e8a614217f\",\n          \"ext\": \".png\",\n          \"mime\": \"image/png\",\n          \"size\": 33.13,\n          \"width\": 1024,\n          \"height\": 680,\n          \"url\": \"/uploads/test_driven_development_TDD_e8a614217f.png\",\n          \"formats\": {\n            \"thumbnail\": {\n              \"name\": \"thumbnail_test-driven-development-TDD.png\",\n              \"hash\": \"thumbnail_test_driven_development_TDD_e8a614217f\",\n              \"ext\": \".png\",\n              \"mime\": \"image/png\",\n              \"width\": 235,\n              \"height\": 156,\n              \"size\": 12.92,\n              \"path\": null,\n              \"url\": \"/uploads/thumbnail_test_driven_development_TDD_e8a614217f.png\"\n            },\n            \"large\": {\n              \"name\": \"large_test-driven-development-TDD.png\",\n              \"hash\": \"large_test_driven_development_TDD_e8a614217f\",\n              \"ext\": \".png\",\n              \"mime\": \"image/png\",\n              \"width\": 1000,\n              \"height\": 664,\n              \"size\": 77.52,\n              \"path\": null,\n              \"url\": \"/uploads/large_test_driven_development_TDD_e8a614217f.png\"\n            },\n            \"medium\": {\n              \"name\": \"medium_test-driven-development-TDD.png\",\n              \"hash\": \"medium_test_driven_development_TDD_e8a614217f\",\n              \"ext\": \".png\",\n              \"mime\": \"image/png\",\n              \"width\": 750,\n              \"height\": 498,\n              \"size\": 53.53,\n              \"path\": null,\n              \"url\": \"/uploads/medium_test_driven_development_TDD_e8a614217f.png\"\n            },\n            \"small\": {\n              \"name\": \"small_test-driven-development-TDD.png\",\n              \"hash\": \"small_test_driven_development_TDD_e8a614217f\",\n              \"ext\": \".png\",\n              \"mime\": \"image/png\",\n              \"width\": 500,\n              \"height\": 332,\n              \"size\": 31.8,\n              \"path\": null,\n              \"url\": \"/uploads/small_test_driven_development_TDD_e8a614217f.png\"\n            }\n          },\n          \"provider\": \"local\",\n          \"related\": [\n            \"5f63608d5ee4c9001d2b966e\"\n          ],\n          \"createdAt\": \"2020-09-21T12:27:14.778Z\",\n          \"updatedAt\": \"2020-09-21T12:27:17.966Z\",\n          \"__v\": 0,\n          \"created_by\": \"5e4839cd1c2d53001dcc0696\",\n          \"updated_by\": \"5e4839cd1c2d53001dcc0696\",\n          \"id\": \"5f689c2276320d001e515e98\"\n        },\n        \"description\": \"Test-driven development (TDD) , is an evolutionary approach to development which combines test-first development where you write a test before you write just enough production code to fulfill that test and refactoring. \",\n        \"id\": \"5f63608d5ee4c9001d2b966e\"\n      },\n      {\n        \"includeOnResume\": false,\n        \"_id\": \"602234ba9dc383001e945dd6\",\n        \"name\": \"Keycloak\",\n        \"rating\": 7.5,\n        \"description\": \"Open Source Identity and Access Management.\\n\\nUsers authenticate with Keycloak rather than individual applications. This means that your applications don't have to deal with login forms, authenticating users, and storing users. Once logged-in to Keycloak, users don't have to login again to access a different application\\n\\nKeycloak is based on standard protocols and provides support for OpenID Connect, OAuth 2.0, and SAML.\\n\\nEnabling login with social networks is easy to add through the admin console. It's just a matter of selecting the social network you want to add. No code or changes to your application is required.\\n\\nKeycloak has built-in support to connect to existing LDAP or Active Directory servers. You can also implement your own provider if you have users in other stores, such as a relational database.\",\n        \"createdAt\": \"2021-02-09T07:07:38.509Z\",\n        \"updatedAt\": \"2021-02-09T07:07:38.583Z\",\n        \"__v\": 0,\n        \"created_by\": \"5e4839cd1c2d53001dcc0696\",\n        \"image\": {\n          \"_id\": \"602234af9dc383001e945dd5\",\n          \"name\": \"keycloak.png\",\n          \"alternativeText\": \"\",\n          \"caption\": \"\",\n          \"hash\": \"keycloak_c219c87236\",\n          \"ext\": \".png\",\n          \"mime\": \"image/png\",\n          \"size\": 15.49,\n          \"width\": 400,\n          \"height\": 400,\n          \"url\": \"/uploads/keycloak_c219c87236.png\",\n          \"formats\": {\n            \"thumbnail\": {\n              \"name\": \"thumbnail_keycloak.png\",\n              \"hash\": \"thumbnail_keycloak_c219c87236\",\n              \"ext\": \".png\",\n              \"mime\": \"image/png\",\n              \"width\": 156,\n              \"height\": 156,\n              \"size\": 12.85,\n              \"path\": null,\n              \"url\": \"/uploads/thumbnail_keycloak_c219c87236.png\"\n            }\n          },\n          \"provider\": \"local\",\n          \"related\": [\n            \"602234ba9dc383001e945dd6\"\n          ],\n          \"createdAt\": \"2021-02-09T07:07:27.098Z\",\n          \"updatedAt\": \"2021-02-09T07:07:38.521Z\",\n          \"__v\": 0,\n          \"created_by\": \"5e4839cd1c2d53001dcc0696\",\n          \"updated_by\": \"5e4839cd1c2d53001dcc0696\",\n          \"id\": \"602234af9dc383001e945dd5\"\n        },\n        \"updated_by\": \"5e4839cd1c2d53001dcc0696\",\n        \"id\": \"602234ba9dc383001e945dd6\"\n      },\n      {\n        \"includeOnResume\": true,\n        \"_id\": \"5f635b495ee4c9001d2b9630\",\n        \"name\": \"Java 9-11\",\n        \"rating\": 9,\n        \"createdAt\": \"2020-09-17T12:49:13.752Z\",\n        \"updatedAt\": \"2021-02-26T07:03:48.920Z\",\n        \"__v\": 0,\n        \"created_by\": \"5e4839cd1c2d53001dcc0696\",\n        \"updated_by\": \"5e4839cd1c2d53001dcc0696\",\n        \"description\": \"- **Convenience Factory Methods for Collections** â€“ collections can be now initialized using of() methods\\n- Local variable type inference(**var**)\\n- New handy Collectors to be used with unmodifiable collections: (Collectors.toUnmodifiableList(), Collectors.toUnmodifiableSet(), Collectors.toUnmodifiableMap()\\n- New utility methods in String class (isBlank, lines, repeat, strip, stripLeading, stripTrailing\\n- Local-Variable Syntax for Lambda Parameters\\n- HTTP Client\\n- Reading/Writing Strings to and from the Files\\n- Flight Recorder\",\n        \"image\": {\n          \"_id\": \"5f6844255ee4c9001d2b96ac\",\n          \"name\": \"java-11.png\",\n          \"alternativeText\": \"\",\n          \"caption\": \"\",\n          \"hash\": \"java_11_1056ba3fe8\",\n          \"ext\": \".png\",\n          \"mime\": \"image/png\",\n          \"size\": 6.4,\n          \"width\": 400,\n          \"height\": 225,\n          \"url\": \"/uploads/java_11_1056ba3fe8.png\",\n          \"formats\": {\n            \"thumbnail\": {\n              \"name\": \"thumbnail_java-11.png\",\n              \"hash\": \"thumbnail_java_11_1056ba3fe8\",\n              \"ext\": \".png\",\n              \"mime\": \"image/png\",\n              \"width\": 245,\n              \"height\": 138,\n              \"size\": 9.21,\n              \"path\": null,\n              \"url\": \"/uploads/thumbnail_java_11_1056ba3fe8.png\"\n            }\n          },\n          \"provider\": \"local\",\n          \"related\": [\n            \"5f635b495ee4c9001d2b9630\"\n          ],\n          \"createdAt\": \"2020-09-21T06:11:49.363Z\",\n          \"updatedAt\": \"2020-09-21T06:13:03.741Z\",\n          \"__v\": 0,\n          \"created_by\": \"5e4839cd1c2d53001dcc0696\",\n          \"updated_by\": \"5e4839cd1c2d53001dcc0696\",\n          \"id\": \"5f6844255ee4c9001d2b96ac\"\n        },\n        \"id\": \"5f635b495ee4c9001d2b9630\"\n      },\n      {\n        \"includeOnResume\": true,\n        \"_id\": \"5f635b555ee4c9001d2b9631\",\n        \"name\": \"Kotlin\",\n        \"rating\": 8,\n        \"createdAt\": \"2020-09-17T12:49:25.636Z\",\n        \"updatedAt\": \"2021-02-26T07:03:55.023Z\",\n        \"__v\": 0,\n        \"created_by\": \"5e4839cd1c2d53001dcc0696\",\n        \"updated_by\": \"5e4839cd1c2d53001dcc0696\",\n        \"image\": {\n          \"_id\": \"5f65ec765ee4c9001d2b9676\",\n          \"name\": \"kotlin_250x250.png\",\n          \"alternativeText\": \"\",\n          \"caption\": \"\",\n          \"hash\": \"kotlin_250x250_dfc086e243\",\n          \"ext\": \".png\",\n          \"mime\": \"image/png\",\n          \"size\": 3.69,\n          \"width\": 250,\n          \"height\": 250,\n          \"url\": \"/uploads/kotlin_250x250_dfc086e243.png\",\n          \"formats\": {\n            \"thumbnail\": {\n              \"name\": \"thumbnail_kotlin_250x250.png\",\n              \"hash\": \"thumbnail_kotlin_250x250_dfc086e243\",\n              \"ext\": \".png\",\n              \"mime\": \"image/png\",\n              \"width\": 156,\n              \"height\": 156,\n              \"size\": 6.89,\n              \"path\": null,\n              \"url\": \"/uploads/thumbnail_kotlin_250x250_dfc086e243.png\"\n            }\n          },\n          \"provider\": \"local\",\n          \"related\": [\n            \"5f6359c55ee4c9001d2b9627\",\n            \"5f635b555ee4c9001d2b9631\"\n          ],\n          \"createdAt\": \"2020-09-19T11:33:10.896Z\",\n          \"updatedAt\": \"2020-09-21T06:17:06.069Z\",\n          \"__v\": 0,\n          \"created_by\": \"5e4839cd1c2d53001dcc0696\",\n          \"updated_by\": \"5e4839cd1c2d53001dcc0696\",\n          \"id\": \"5f65ec765ee4c9001d2b9676\"\n        },\n        \"description\": \"- Lambda expressions + Inline functions = performant custom control structures\\n- Extension functions\\n- Null-safety\\n- Smart casts\\n- String templates\\n- Properties\\n- Primary constructors\\n- First-class delegation\\n- Type inference for variable and property types\\n- Singletons\\n- Declaration-site variance & Type projections\\n- Range expressions\\n- Operator overloading\\n- Companion objects\\n- Data classes\\n- Separate interfaces for read-only and mutable collections\\n- Coroutines\",\n        \"id\": \"5f635b555ee4c9001d2b9631\"\n      },\n      {\n        \"includeOnResume\": true,\n        \"_id\": \"5f635b6a5ee4c9001d2b9632\",\n        \"name\": \"Spring Boot\",\n        \"rating\": 9.7,\n        \"order\": 1,\n        \"createdAt\": \"2020-09-17T12:49:46.739Z\",\n        \"updatedAt\": \"2021-02-26T07:04:02.124Z\",\n        \"__v\": 0,\n        \"created_by\": \"5e4839cd1c2d53001dcc0696\",\n        \"updated_by\": \"5e4839cd1c2d53001dcc0696\",\n        \"image\": {\n          \"_id\": \"5f6851a85ee4c9001d2b96af\",\n          \"name\": \"spring-boot.jpeg\",\n          \"alternativeText\": \"\",\n          \"caption\": \"\",\n          \"hash\": \"spring_boot_5ee37de4c1\",\n          \"ext\": \".jpeg\",\n          \"mime\": \"image/png\",\n          \"size\": 7.98,\n          \"width\": 400,\n          \"height\": 400,\n          \"url\": \"/uploads/spring_boot_5ee37de4c1.jpeg\",\n          \"formats\": {\n            \"thumbnail\": {\n              \"name\": \"thumbnail_spring-boot.jpeg\",\n              \"hash\": \"thumbnail_spring_boot_5ee37de4c1\",\n              \"ext\": \".jpeg\",\n              \"mime\": \"image/png\",\n              \"width\": 156,\n              \"height\": 156,\n              \"size\": 5.21,\n              \"path\": null,\n              \"url\": \"/uploads/thumbnail_spring_boot_5ee37de4c1.jpeg\"\n            }\n          },\n          \"provider\": \"local\",\n          \"related\": [\n            \"5f635b6a5ee4c9001d2b9632\",\n            \"5feed4c667bdd6001e9c12d0\"\n          ],\n          \"createdAt\": \"2020-09-21T07:09:28.458Z\",\n          \"updatedAt\": \"2021-01-01T21:02:32.991Z\",\n          \"__v\": 0,\n          \"created_by\": \"5e4839cd1c2d53001dcc0696\",\n          \"updated_by\": \"5e4839cd1c2d53001dcc0696\",\n          \"id\": \"5f6851a85ee4c9001d2b96af\"\n        },\n        \"description\": \"Spring Boot makes it easy to create stand-alone, production-grade Spring based Applications that you can \\\"just run\\\".\\n\\n- Embed Tomcat, Jetty or Undertow directly (no need to deploy WAR files)\\n- Provide opinionated 'starter' dependencies to simplify your build configuration\\n- Automatically configure Spring and 3rd party libraries whenever possible\\n- Provide production-ready features such as metrics, health checks, and externalized configuration\",\n        \"id\": \"5f635b6a5ee4c9001d2b9632\"\n      },\n      {\n        \"includeOnResume\": true,\n        \"_id\": \"5f635bb85ee4c9001d2b9635\",\n        \"name\": \"Spring Security\",\n        \"rating\": 9.5,\n        \"createdAt\": \"2020-09-17T12:51:04.405Z\",\n        \"updatedAt\": \"2021-02-26T07:04:09.692Z\",\n        \"__v\": 0,\n        \"created_by\": \"5e4839cd1c2d53001dcc0696\",\n        \"updated_by\": \"5e4839cd1c2d53001dcc0696\",\n        \"image\": {\n          \"_id\": \"5f6852115ee4c9001d2b96b5\",\n          \"name\": \"spring-security-project.png\",\n          \"alternativeText\": \"\",\n          \"caption\": \"\",\n          \"hash\": \"spring_security_project_072bc02e23\",\n          \"ext\": \".png\",\n          \"mime\": \"image/png\",\n          \"size\": 2.18,\n          \"width\": 200,\n          \"height\": 200,\n          \"url\": \"/uploads/spring_security_project_072bc02e23.png\",\n          \"formats\": {\n            \"thumbnail\": {\n              \"name\": \"thumbnail_spring-security-project.png\",\n              \"hash\": \"thumbnail_spring_security_project_072bc02e23\",\n              \"ext\": \".png\",\n              \"mime\": \"image/png\",\n              \"width\": 156,\n              \"height\": 156,\n              \"size\": 6.11,\n              \"path\": null,\n              \"url\": \"/uploads/thumbnail_spring_security_project_072bc02e23.png\"\n            }\n          },\n          \"provider\": \"local\",\n          \"related\": [\n            \"5f635bb85ee4c9001d2b9635\"\n          ],\n          \"createdAt\": \"2020-09-21T07:11:13.729Z\",\n          \"updatedAt\": \"2020-09-21T07:11:16.322Z\",\n          \"__v\": 0,\n          \"created_by\": \"5e4839cd1c2d53001dcc0696\",\n          \"updated_by\": \"5e4839cd1c2d53001dcc0696\",\n          \"id\": \"5f6852115ee4c9001d2b96b5\"\n        },\n        \"description\": \"Spring Security is a framework that focuses on providing both authentication and authorization to Java and Kotlin applications.\\n\\n- Use of core and web modules to provide authorization and RBAC (role based access control) for microservices and web applications. Configured applications to do form based, basic, kerberos, token based, and mutual auth.\\n- Use of @Resource server and jwks (json web keys) to secure services using openid connect resource servers.\\n- Use of OAuth2 client for clients to perform client credential auth flow.\",\n        \"id\": \"5f635bb85ee4c9001d2b9635\"\n      },\n      {\n        \"includeOnResume\": true,\n        \"_id\": \"5f635ca45ee4c9001d2b9643\",\n        \"name\": \"Kubernetes\",\n        \"rating\": 8,\n        \"createdAt\": \"2020-09-17T12:55:00.632Z\",\n        \"updatedAt\": \"2021-02-26T07:04:47.446Z\",\n        \"__v\": 0,\n        \"created_by\": \"5e4839cd1c2d53001dcc0696\",\n        \"updated_by\": \"5e4839cd1c2d53001dcc0696\",\n        \"image\": {\n          \"_id\": \"5f66163d5ee4c9001d2b968e\",\n          \"name\": \"kubernetes.jpeg\",\n          \"alternativeText\": \"\",\n          \"caption\": \"\",\n          \"hash\": \"kubernetes_c13e33fa8c\",\n          \"ext\": \".jpeg\",\n          \"mime\": \"image/jpeg\",\n          \"size\": 17.62,\n          \"width\": 400,\n          \"height\": 388,\n          \"url\": \"/uploads/kubernetes_c13e33fa8c.jpeg\",\n          \"formats\": {\n            \"thumbnail\": {\n              \"name\": \"thumbnail_kubernetes.jpeg\",\n              \"hash\": \"thumbnail_kubernetes_c13e33fa8c\",\n              \"ext\": \".jpeg\",\n              \"mime\": \"image/jpeg\",\n              \"width\": 161,\n              \"height\": 156,\n              \"size\": 6.17,\n              \"path\": null,\n              \"url\": \"/uploads/thumbnail_kubernetes_c13e33fa8c.jpeg\"\n            }\n          },\n          \"provider\": \"local\",\n          \"related\": [\n            \"5f0408c59d8081001fd38fb1\",\n            \"5f635ca45ee4c9001d2b9643\"\n          ],\n          \"createdAt\": \"2020-09-19T14:31:25.284Z\",\n          \"updatedAt\": \"2020-09-21T12:08:28.703Z\",\n          \"__v\": 0,\n          \"created_by\": \"5e4839cd1c2d53001dcc0696\",\n          \"updated_by\": \"5e4839cd1c2d53001dcc0696\",\n          \"id\": \"5f66163d5ee4c9001d2b968e\"\n        },\n        \"description\": \"Kubernetes is a portable, extensible, open-source platform for managing containerized workloads and services, that facilitates both declarative configuration and automation. It has a large, rapidly growing ecosystem. Kubernetes provides you with:\\n\\n- **Service discovery and load balancing**\\n- **Automated rollouts and rollbacks**: You provide Kubernetes with a cluster of nodes that it can use to run containerized tasks. You tell Kubernetes how much CPU and memory (RAM) each container needs. Kubernetes can fit containers onto your nodes to make the best use of your resources.\\n- **Self-healing** Kubernetes restarts containers that fail, replaces containers, kills containers that don't respond to your user-defined health check, and doesn't advertise them to clients until they are ready to serve.\\n- **Secret and configuration management** \",\n        \"id\": \"5f635ca45ee4c9001d2b9643\"\n      },\n      {\n        \"includeOnResume\": true,\n        \"_id\": \"5f635dd35ee4c9001d2b9657\",\n        \"name\": \"Test Containers\",\n        \"rating\": 8,\n        \"createdAt\": \"2020-09-17T13:00:03.265Z\",\n        \"updatedAt\": \"2021-02-26T07:05:50.033Z\",\n        \"__v\": 0,\n        \"created_by\": \"5e4839cd1c2d53001dcc0696\",\n        \"updated_by\": \"5e4839cd1c2d53001dcc0696\",\n        \"image\": {\n          \"_id\": \"5f689d0c76320d001e515e9c\",\n          \"name\": \"testcontainers.png\",\n          \"alternativeText\": \"\",\n          \"caption\": \"\",\n          \"hash\": \"testcontainers_15703f40de\",\n          \"ext\": \".png\",\n          \"mime\": \"image/png\",\n          \"size\": 18.16,\n          \"width\": 400,\n          \"height\": 400,\n          \"url\": \"/uploads/testcontainers_15703f40de.png\",\n          \"formats\": {\n            \"thumbnail\": {\n              \"name\": \"thumbnail_testcontainers.png\",\n              \"hash\": \"thumbnail_testcontainers_15703f40de\",\n              \"ext\": \".png\",\n              \"mime\": \"image/png\",\n              \"width\": 156,\n              \"height\": 156,\n              \"size\": 7.48,\n              \"path\": null,\n              \"url\": \"/uploads/thumbnail_testcontainers_15703f40de.png\"\n            }\n          },\n          \"provider\": \"local\",\n          \"related\": [\n            \"5f635dd35ee4c9001d2b9657\"\n          ],\n          \"createdAt\": \"2020-09-21T12:31:08.912Z\",\n          \"updatedAt\": \"2021-01-01T07:37:21.880Z\",\n          \"__v\": 0,\n          \"created_by\": \"5e4839cd1c2d53001dcc0696\",\n          \"updated_by\": \"5e4839cd1c2d53001dcc0696\",\n          \"id\": \"5f689d0c76320d001e515e9c\"\n        },\n        \"description\": \"Testcontainers is a Java library that supports JUnit tests, providing lightweight, throwaway instances of common databases, Selenium web browsers, or anything else that can run in a Docker container.\\n\\nTestcontainers make the following kinds of tests easier:\\n\\n-** Data access layer integration tests**: use a containerized instance of a MySQL, PostgreSQL or Oracle database to test your data access layer code for complete compatibility, but without requiring complex setup on developers' machines and safe in the knowledge that your tests will always start with a known DB state. Any other database type that can be containerized can also be used.\\n- **Application integration tests**: for running your application in a short-lived test mode with dependencies, such as databases, message queues or web servers.\\n- **UI/Acceptance tests**: use containerized web browsers, compatible with Selenium, for conducting automated UI tests. Each test can get a fresh instance of the browser, with no browser state, plugin variations or automated browser upgrades to worry about. And you get a video recording of each test session, or just each session where tests failed\",\n        \"id\": \"5f635dd35ee4c9001d2b9657\"\n      },\n      {\n        \"includeOnResume\": true,\n        \"_id\": \"5f635e625ee4c9001d2b9660\",\n        \"name\": \"React\",\n        \"rating\": 8.5,\n        \"createdAt\": \"2020-09-17T13:02:26.277Z\",\n        \"updatedAt\": \"2021-02-26T07:05:57.401Z\",\n        \"__v\": 0,\n        \"created_by\": \"5e4839cd1c2d53001dcc0696\",\n        \"updated_by\": \"5e4839cd1c2d53001dcc0696\",\n        \"image\": {\n          \"_id\": \"5f66167a5ee4c9001d2b9692\",\n          \"name\": \"react.jpeg\",\n          \"alternativeText\": \"\",\n          \"caption\": \"\",\n          \"hash\": \"react_56f28418d3\",\n          \"ext\": \".jpeg\",\n          \"mime\": \"image/jpeg\",\n          \"size\": 11.98,\n          \"width\": 500,\n          \"height\": 353,\n          \"url\": \"/uploads/react_56f28418d3.jpeg\",\n          \"formats\": {\n            \"thumbnail\": {\n              \"name\": \"thumbnail_react.jpeg\",\n              \"hash\": \"thumbnail_react_56f28418d3\",\n              \"ext\": \".jpeg\",\n              \"mime\": \"image/jpeg\",\n              \"width\": 221,\n              \"height\": 156,\n              \"size\": 4.08,\n              \"path\": null,\n              \"url\": \"/uploads/thumbnail_react_56f28418d3.jpeg\"\n            }\n          },\n          \"provider\": \"local\",\n          \"related\": [\n            \"5f04152d9d8081001fd38fb9\",\n            \"5f635e625ee4c9001d2b9660\"\n          ],\n          \"createdAt\": \"2020-09-19T14:32:26.690Z\",\n          \"updatedAt\": \"2020-09-21T12:19:36.732Z\",\n          \"__v\": 0,\n          \"created_by\": \"5e4839cd1c2d53001dcc0696\",\n          \"updated_by\": \"5e4839cd1c2d53001dcc0696\",\n          \"id\": \"5f66167a5ee4c9001d2b9692\"\n        },\n        \"description\": \"React.js is an open-source JavaScript library that is used for building user interfaces specifically for single-page applications. Itâ€™s used for handling the view layer for web and mobile apps.\\n\\nReact allows developers to create large web applications that can change data, without reloading the page. The main purpose of React is to be fast, scalable, and simple. It works only on user interfaces in the application\",\n        \"id\": \"5f635e625ee4c9001d2b9660\"\n      },\n      {\n        \"includeOnResume\": true,\n        \"_id\": \"5f635eae5ee4c9001d2b9667\",\n        \"name\": \"Kafka\",\n        \"rating\": 8.5,\n        \"createdAt\": \"2020-09-17T13:03:42.887Z\",\n        \"updatedAt\": \"2021-02-26T07:06:09.297Z\",\n        \"__v\": 0,\n        \"created_by\": \"5e4839cd1c2d53001dcc0696\",\n        \"updated_by\": \"5e4839cd1c2d53001dcc0696\",\n        \"image\": {\n          \"_id\": \"5f65eda95ee4c9001d2b9684\",\n          \"name\": \"kafka.png\",\n          \"alternativeText\": \"\",\n          \"caption\": \"\",\n          \"hash\": \"kafka_cdd4d396aa\",\n          \"ext\": \".png\",\n          \"mime\": \"image/png\",\n          \"size\": 36.71,\n          \"width\": 1200,\n          \"height\": 1200,\n          \"url\": \"/uploads/kafka_cdd4d396aa.png\",\n          \"formats\": {\n            \"thumbnail\": {\n              \"name\": \"thumbnail_kafka.png\",\n              \"hash\": \"thumbnail_kafka_cdd4d396aa\",\n              \"ext\": \".png\",\n              \"mime\": \"image/png\",\n              \"width\": 156,\n              \"height\": 156,\n              \"size\": 6.01,\n              \"path\": null,\n              \"url\": \"/uploads/thumbnail_kafka_cdd4d396aa.png\"\n            },\n            \"large\": {\n              \"name\": \"large_kafka.png\",\n              \"hash\": \"large_kafka_cdd4d396aa\",\n              \"ext\": \".png\",\n              \"mime\": \"image/png\",\n              \"width\": 1000,\n              \"height\": 1000,\n              \"size\": 52.05,\n              \"path\": null,\n              \"url\": \"/uploads/large_kafka_cdd4d396aa.png\"\n            },\n            \"medium\": {\n              \"name\": \"medium_kafka.png\",\n              \"hash\": \"medium_kafka_cdd4d396aa\",\n              \"ext\": \".png\",\n              \"mime\": \"image/png\",\n              \"width\": 750,\n              \"height\": 750,\n              \"size\": 35.53,\n              \"path\": null,\n              \"url\": \"/uploads/medium_kafka_cdd4d396aa.png\"\n            },\n            \"small\": {\n              \"name\": \"small_kafka.png\",\n              \"hash\": \"small_kafka_cdd4d396aa\",\n              \"ext\": \".png\",\n              \"mime\": \"image/png\",\n              \"width\": 500,\n              \"height\": 500,\n              \"size\": 21.7,\n              \"path\": null,\n              \"url\": \"/uploads/small_kafka_cdd4d396aa.png\"\n            }\n          },\n          \"provider\": \"local\",\n          \"related\": [\n            \"5f635aa25ee4c9001d2b962e\",\n            \"5f635eae5ee4c9001d2b9667\"\n          ],\n          \"createdAt\": \"2020-09-19T11:38:17.752Z\",\n          \"updatedAt\": \"2020-09-21T12:22:45.479Z\",\n          \"__v\": 0,\n          \"created_by\": \"5e4839cd1c2d53001dcc0696\",\n          \"updated_by\": \"5e4839cd1c2d53001dcc0696\",\n          \"id\": \"5f65eda95ee4c9001d2b9684\"\n        },\n        \"description\": \"Apache Kafka is a community distributed event streaming platform capable of handling trillions of events a day. Initially conceived as a messaging queue, Kafka is based on an abstraction of a distributed commit log.\",\n        \"id\": \"5f635eae5ee4c9001d2b9667\"\n      },\n      {\n        \"includeOnResume\": true,\n        \"_id\": \"5f635ef75ee4c9001d2b966a\",\n        \"name\": \"Event Sourcing\",\n        \"rating\": 8,\n        \"createdAt\": \"2020-09-17T13:04:55.933Z\",\n        \"updatedAt\": \"2021-02-26T07:06:48.582Z\",\n        \"__v\": 0,\n        \"created_by\": \"5e4839cd1c2d53001dcc0696\",\n        \"updated_by\": \"5e4839cd1c2d53001dcc0696\",\n        \"image\": {\n          \"_id\": \"5f689ba176320d001e515e94\",\n          \"name\": \"event sourcing.jpeg\",\n          \"alternativeText\": \"\",\n          \"caption\": \"\",\n          \"hash\": \"event_sourcing_427435df53\",\n          \"ext\": \".jpeg\",\n          \"mime\": \"image/jpeg\",\n          \"size\": 6.51,\n          \"width\": 316,\n          \"height\": 160,\n          \"url\": \"/uploads/event_sourcing_427435df53.jpeg\",\n          \"formats\": {\n            \"thumbnail\": {\n              \"name\": \"thumbnail_event sourcing.jpeg\",\n              \"hash\": \"thumbnail_event_sourcing_427435df53\",\n              \"ext\": \".jpeg\",\n              \"mime\": \"image/jpeg\",\n              \"width\": 245,\n              \"height\": 124,\n              \"size\": 5.06,\n              \"path\": null,\n              \"url\": \"/uploads/thumbnail_event_sourcing_427435df53.jpeg\"\n            }\n          },\n          \"provider\": \"local\",\n          \"related\": [\n            \"5f635ef75ee4c9001d2b966a\"\n          ],\n          \"createdAt\": \"2020-09-21T12:25:05.039Z\",\n          \"updatedAt\": \"2020-09-21T12:25:06.939Z\",\n          \"__v\": 0,\n          \"created_by\": \"5e4839cd1c2d53001dcc0696\",\n          \"updated_by\": \"5e4839cd1c2d53001dcc0696\",\n          \"id\": \"5f689ba176320d001e515e94\"\n        },\n        \"description\": \"Event Sourcing ensures that all changes to application state are stored as a sequence of events. Not just can we query these events, we can also use the event log to reconstruct past states, and as a foundation to automatically adjust the state to cope with retroactive changes\",\n        \"id\": \"5f635ef75ee4c9001d2b966a\"\n      }\n    ],\n    \"_id\": \"5e53704f11c196001d06f914\",\n    \"title\": \"Software Engineering Lead\",\n    \"startDate\": \"2019-04-15\",\n    \"company\": \"Upp Technologies\",\n    \"companyUrl\": \"https://upp.ai\",\n    \"shortDescription\": \"Hands-on lead engineer in a small cross-functional team.\\n\",\n    \"createdAt\": \"2020-02-24T06:42:23.147Z\",\n    \"updatedAt\": \"2021-02-26T08:51:03.662Z\",\n    \"__v\": 0,\n    \"endDate\": \"2020-05-01\",\n    \"companyImage\": {\n      \"_id\": \"6020f0499dc383001e945dd3\",\n      \"name\": \"upp.png\",\n      \"alternativeText\": \"\",\n      \"caption\": \"\",\n      \"hash\": \"upp_4780c5270b\",\n      \"ext\": \".png\",\n      \"mime\": \"image/png\",\n      \"size\": 2.21,\n      \"width\": 141,\n      \"height\": 106,\n      \"url\": \"/uploads/upp_4780c5270b.png\",\n      \"provider\": \"local\",\n      \"related\": [\n        \"5e53704f11c196001d06f914\"\n      ],\n      \"createdAt\": \"2021-02-08T08:03:21.134Z\",\n      \"updatedAt\": \"2021-02-08T08:03:37.545Z\",\n      \"__v\": 0,\n      \"created_by\": \"5e4839cd1c2d53001dcc0696\",\n      \"updated_by\": \"5e4839cd1c2d53001dcc0696\",\n      \"id\": \"6020f0499dc383001e945dd3\"\n    },\n    \"updated_by\": {\n      \"_id\": \"5e4839cd1c2d53001dcc0696\",\n      \"username\": \"simon.rowe@gmail.com\",\n      \"createdAt\": \"2020-02-15T18:34:53.155Z\",\n      \"updatedAt\": \"2020-09-17T07:45:13.526Z\",\n      \"__v\": 0,\n      \"id\": \"5e4839cd1c2d53001dcc0696\"\n    },\n    \"longDescription\": \"Lead Engineer working on all verticals (front end, backend, ops) of the Upp Intelligent Platform. Lead a small cross-functional team of 5 to deliver an event-driven, microservices architecture compromising of the following modules:\\n\\n* Onboarding - data ingestion from 3rd party product providers such as Magento, Shopify and others in conjunction with IPaas (Integration Platform as a Service) This module also consisted of a proprietary data mapping solution.\\n* Products - enrichment, bulk operations and search functionality (using an inverted index).\\n* Margin Hub - a suite of microservices integrating numerous different data points to report on product profitability and suggest intelligent actions to optimise margin.\\n\\n\\nIn addition to leading feature development, my role also comprised of promoting best practises amongst other agile teams including but not limited to:\\n\\n* Creating a customized version of spring initializr that generated skeleton services with all required libraries, Jenkins pipeline definitions, Kubernetes manifest files etc so developers could concentrate on delivering business logic and not plumbing;\\n* Spring Boot starter library for event sourcing\\n* Component testing using test containers\\n* Service - Service authentication using OIDC client credentials with keycloak.\",\n    \"location\": \"London\",\n    \"id\": \"5e53704f11c196001d06f914\"\n  },\n  {\n    \"education\": false,\n    \"includeOnResume\": true,\n    \"attachments\": [],\n    \"skills\": [\n      {\n        \"includeOnResume\": false,\n        \"_id\": \"5f635b3f5ee4c9001d2b962f\",\n        \"name\": \"Java 8\",\n        \"rating\": 9,\n        \"order\": 1,\n        \"createdAt\": \"2020-09-17T12:49:03.944Z\",\n        \"updatedAt\": \"2020-09-21T20:44:17.441Z\",\n        \"__v\": 0,\n        \"created_by\": \"5e4839cd1c2d53001dcc0696\",\n        \"updated_by\": \"5e4839cd1c2d53001dcc0696\",\n        \"description\": \"- Generics\\n- Optional\\n- Lambdas\\n- Streams\\n- Date & Time\",\n        \"image\": {\n          \"_id\": \"5f6841c35ee4c9001d2b96aa\",\n          \"name\": \"java8_logo.png\",\n          \"alternativeText\": \"\",\n          \"caption\": \"\",\n          \"hash\": \"java8_logo_b017642616\",\n          \"ext\": \".png\",\n          \"mime\": \"image/png\",\n          \"size\": 41.06,\n          \"width\": 400,\n          \"height\": 427,\n          \"url\": \"/uploads/java8_logo_b017642616.png\",\n          \"formats\": {\n            \"thumbnail\": {\n              \"name\": \"thumbnail_java8_logo.png\",\n              \"hash\": \"thumbnail_java8_logo_b017642616\",\n              \"ext\": \".png\",\n              \"mime\": \"image/png\",\n              \"width\": 146,\n              \"height\": 156,\n              \"size\": 19.29,\n              \"path\": null,\n              \"url\": \"/uploads/thumbnail_java8_logo_b017642616.png\"\n            }\n          },\n          \"provider\": \"local\",\n          \"related\": [\n            \"5f635b3f5ee4c9001d2b962f\"\n          ],\n          \"createdAt\": \"2020-09-21T06:01:39.266Z\",\n          \"updatedAt\": \"2020-09-21T06:03:30.457Z\",\n          \"__v\": 0,\n          \"created_by\": \"5e4839cd1c2d53001dcc0696\",\n          \"updated_by\": \"5e4839cd1c2d53001dcc0696\",\n          \"id\": \"5f6841c35ee4c9001d2b96aa\"\n        },\n        \"id\": \"5f635b3f5ee4c9001d2b962f\"\n      },\n      {\n        \"includeOnResume\": false,\n        \"_id\": \"5f635b7e5ee4c9001d2b9633\",\n        \"name\": \"Spring Cloud Stream\",\n        \"rating\": 9,\n        \"order\": 2,\n        \"createdAt\": \"2020-09-17T12:50:06.128Z\",\n        \"updatedAt\": \"2020-09-21T21:15:17.989Z\",\n        \"__v\": 0,\n        \"created_by\": \"5e4839cd1c2d53001dcc0696\",\n        \"updated_by\": \"5e4839cd1c2d53001dcc0696\",\n        \"image\": {\n          \"_id\": \"5f6851d05ee4c9001d2b96b1\",\n          \"name\": \"spring-cloud-logo.png\",\n          \"alternativeText\": \"\",\n          \"caption\": \"\",\n          \"hash\": \"spring_cloud_logo_4de8e2579b\",\n          \"ext\": \".png\",\n          \"mime\": \"image/png\",\n          \"size\": 31.41,\n          \"width\": 800,\n          \"height\": 753,\n          \"url\": \"/uploads/spring_cloud_logo_4de8e2579b.png\",\n          \"formats\": {\n            \"thumbnail\": {\n              \"name\": \"thumbnail_spring-cloud-logo.png\",\n              \"hash\": \"thumbnail_spring_cloud_logo_4de8e2579b\",\n              \"ext\": \".png\",\n              \"mime\": \"image/png\",\n              \"width\": 166,\n              \"height\": 156,\n              \"size\": 7,\n              \"path\": null,\n              \"url\": \"/uploads/thumbnail_spring_cloud_logo_4de8e2579b.png\"\n            },\n            \"medium\": {\n              \"name\": \"medium_spring-cloud-logo.png\",\n              \"hash\": \"medium_spring_cloud_logo_4de8e2579b\",\n              \"ext\": \".png\",\n              \"mime\": \"image/png\",\n              \"width\": 750,\n              \"height\": 706,\n              \"size\": 44.37,\n              \"path\": null,\n              \"url\": \"/uploads/medium_spring_cloud_logo_4de8e2579b.png\"\n            },\n            \"small\": {\n              \"name\": \"small_spring-cloud-logo.png\",\n              \"hash\": \"small_spring_cloud_logo_4de8e2579b\",\n              \"ext\": \".png\",\n              \"mime\": \"image/png\",\n              \"width\": 500,\n              \"height\": 471,\n              \"size\": 24.52,\n              \"path\": null,\n              \"url\": \"/uploads/small_spring_cloud_logo_4de8e2579b.png\"\n            }\n          },\n          \"provider\": \"local\",\n          \"related\": [\n            \"5f635b7e5ee4c9001d2b9633\",\n            \"5f635e405ee4c9001d2b965e\"\n          ],\n          \"createdAt\": \"2020-09-21T07:10:08.197Z\",\n          \"updatedAt\": \"2020-09-21T12:18:53.085Z\",\n          \"__v\": 0,\n          \"created_by\": \"5e4839cd1c2d53001dcc0696\",\n          \"updated_by\": \"5e4839cd1c2d53001dcc0696\",\n          \"id\": \"5f6851d05ee4c9001d2b96b1\"\n        },\n        \"description\": \"Spring Cloud Stream is a framework for building highly scalable event-driven microservices connected with shared messaging systems.\\n\\nThe core building blocks of Spring Cloud Stream are:\\n- Destination Binders: Components responsible to provide integration with the external messaging systems.\\n- Destination Bindings: Bridge between the external messaging systems and application provided Producers and Consumers of messages (created by the Destination Binders).\\n- Message: The canonical data structure used by producers and consumers to communicate with Destination Binders (and thus other applications via external messaging systems).-\",\n        \"id\": \"5f635b7e5ee4c9001d2b9633\"\n      },\n      {\n        \"includeOnResume\": false,\n        \"_id\": \"5f635b8b5ee4c9001d2b9634\",\n        \"name\": \"Spring Data\",\n        \"rating\": 9.5,\n        \"createdAt\": \"2020-09-17T12:50:19.666Z\",\n        \"updatedAt\": \"2020-09-22T05:53:37.879Z\",\n        \"__v\": 0,\n        \"created_by\": \"5e4839cd1c2d53001dcc0696\",\n        \"updated_by\": \"5e4839cd1c2d53001dcc0696\",\n        \"image\": {\n          \"_id\": \"5f6851ee5ee4c9001d2b96b3\",\n          \"name\": \"spring-data.png\",\n          \"alternativeText\": \"\",\n          \"caption\": \"\",\n          \"hash\": \"spring_data_27225967b4\",\n          \"ext\": \".png\",\n          \"mime\": \"image/png\",\n          \"size\": 5.28,\n          \"width\": 400,\n          \"height\": 400,\n          \"url\": \"/uploads/spring_data_27225967b4.png\",\n          \"formats\": {\n            \"thumbnail\": {\n              \"name\": \"thumbnail_spring-data.png\",\n              \"hash\": \"thumbnail_spring_data_27225967b4\",\n              \"ext\": \".png\",\n              \"mime\": \"image/png\",\n              \"width\": 156,\n              \"height\": 156,\n              \"size\": 3.53,\n              \"path\": null,\n              \"url\": \"/uploads/thumbnail_spring_data_27225967b4.png\"\n            }\n          },\n          \"provider\": \"local\",\n          \"related\": [\n            \"5f635b8b5ee4c9001d2b9634\"\n          ],\n          \"createdAt\": \"2020-09-21T07:10:38.765Z\",\n          \"updatedAt\": \"2020-09-21T07:10:41.052Z\",\n          \"__v\": 0,\n          \"created_by\": \"5e4839cd1c2d53001dcc0696\",\n          \"updated_by\": \"5e4839cd1c2d53001dcc0696\",\n          \"id\": \"5f6851ee5ee4c9001d2b96b3\"\n        },\n        \"description\": \"Spring Dataâ€™s mission is to provide a familiar and consistent, Spring-based programming model for data access while still retaining the special traits of the underlying data store.\\n\\nIt makes it easy to use data access technologies, relational and non-relational databases, map-reduce frameworks, and cloud-based data services. \\n\\n- Spring Data Jpa\\n- Spring Data MongoDB\\n- Spring Data Redis\\n- Spring Data Neo4j\\n- Spring Data Vault\\n- Spring Data Elasticsearch\",\n        \"id\": \"5f635b8b5ee4c9001d2b9634\"\n      },\n      {\n        \"includeOnResume\": false,\n        \"_id\": \"5f635bcd5ee4c9001d2b9636\",\n        \"name\": \"Spring Cloud Netflix\",\n        \"rating\": 8.5,\n        \"createdAt\": \"2020-09-17T12:51:25.894Z\",\n        \"updatedAt\": \"2020-09-22T06:06:13.936Z\",\n        \"__v\": 0,\n        \"created_by\": \"5e4839cd1c2d53001dcc0696\",\n        \"updated_by\": \"5e4839cd1c2d53001dcc0696\",\n        \"image\": {\n          \"_id\": \"5f6852625ee4c9001d2b96b7\",\n          \"name\": \"spring cloud netflix.png\",\n          \"alternativeText\": \"\",\n          \"caption\": \"\",\n          \"hash\": \"spring_cloud_netflix_9c53aea1c7\",\n          \"ext\": \".png\",\n          \"mime\": \"image/png\",\n          \"size\": 5.78,\n          \"width\": 225,\n          \"height\": 225,\n          \"url\": \"/uploads/spring_cloud_netflix_9c53aea1c7.png\",\n          \"formats\": {\n            \"thumbnail\": {\n              \"name\": \"thumbnail_spring cloud netflix.png\",\n              \"hash\": \"thumbnail_spring_cloud_netflix_9c53aea1c7\",\n              \"ext\": \".png\",\n              \"mime\": \"image/png\",\n              \"width\": 156,\n              \"height\": 156,\n              \"size\": 9.88,\n              \"path\": null,\n              \"url\": \"/uploads/thumbnail_spring_cloud_netflix_9c53aea1c7.png\"\n            }\n          },\n          \"provider\": \"local\",\n          \"related\": [\n            \"5f635bcd5ee4c9001d2b9636\"\n          ],\n          \"createdAt\": \"2020-09-21T07:12:34.818Z\",\n          \"updatedAt\": \"2020-09-21T07:12:37.197Z\",\n          \"__v\": 0,\n          \"created_by\": \"5e4839cd1c2d53001dcc0696\",\n          \"updated_by\": \"5e4839cd1c2d53001dcc0696\",\n          \"id\": \"5f6852625ee4c9001d2b96b7\"\n        },\n        \"description\": \"Configure the common patterns inside your application and build large distributed systems with battle-tested Netflix components. The patterns provided include:\\n- Service Discovery (Eureka)\\n- Circuit Breaker (Hystrix)\\n- Intelligent Routing (Zuul)\\n- Client Side Load Balancing (Ribbon)\",\n        \"id\": \"5f635bcd5ee4c9001d2b9636\"\n      },\n      {\n        \"includeOnResume\": false,\n        \"_id\": \"5f635bf05ee4c9001d2b9637\",\n        \"name\": \"Spring Cloud Kubernetes\",\n        \"rating\": 9,\n        \"createdAt\": \"2020-09-17T12:52:00.258Z\",\n        \"updatedAt\": \"2020-09-22T06:09:38.781Z\",\n        \"__v\": 0,\n        \"created_by\": \"5e4839cd1c2d53001dcc0696\",\n        \"updated_by\": \"5e4839cd1c2d53001dcc0696\",\n        \"image\": {\n          \"_id\": \"5f68528a5ee4c9001d2b96b9\",\n          \"name\": \"spring-cloud-k8s.png\",\n          \"alternativeText\": \"\",\n          \"caption\": \"\",\n          \"hash\": \"spring_cloud_k8s_0a5c097677\",\n          \"ext\": \".png\",\n          \"mime\": \"image/png\",\n          \"size\": 7.39,\n          \"width\": 363,\n          \"height\": 139,\n          \"url\": \"/uploads/spring_cloud_k8s_0a5c097677.png\",\n          \"formats\": {\n            \"thumbnail\": {\n              \"name\": \"thumbnail_spring-cloud-k8s.png\",\n              \"hash\": \"thumbnail_spring_cloud_k8s_0a5c097677\",\n              \"ext\": \".png\",\n              \"mime\": \"image/png\",\n              \"width\": 245,\n              \"height\": 94,\n              \"size\": 11.5,\n              \"path\": null,\n              \"url\": \"/uploads/thumbnail_spring_cloud_k8s_0a5c097677.png\"\n            }\n          },\n          \"provider\": \"local\",\n          \"related\": [\n            \"5f635bf05ee4c9001d2b9637\"\n          ],\n          \"createdAt\": \"2020-09-21T07:13:14.269Z\",\n          \"updatedAt\": \"2020-09-21T07:13:17.570Z\",\n          \"__v\": 0,\n          \"created_by\": \"5e4839cd1c2d53001dcc0696\",\n          \"updated_by\": \"5e4839cd1c2d53001dcc0696\",\n          \"id\": \"5f68528a5ee4c9001d2b96b9\"\n        },\n        \"description\": \"Spring Cloud Kubernetes provides implementations of well known Spring Cloud interfaces allowing developers to build and run Spring Cloud applications on Kubernetes.\\n\\n- Providing application configuration via configmaps and secrets. \\n- Client side load balancing via ribbon (k8s services).\",\n        \"id\": \"5f635bf05ee4c9001d2b9637\"\n      },\n      {\n        \"includeOnResume\": false,\n        \"_id\": \"5f635c1e5ee4c9001d2b963b\",\n        \"name\": \"Gradle\",\n        \"rating\": 9,\n        \"createdAt\": \"2020-09-17T12:52:46.994Z\",\n        \"updatedAt\": \"2020-09-22T06:39:39.136Z\",\n        \"__v\": 0,\n        \"created_by\": \"5e4839cd1c2d53001dcc0696\",\n        \"updated_by\": \"5e4839cd1c2d53001dcc0696\",\n        \"image\": {\n          \"_id\": \"5f6853535ee4c9001d2b96c1\",\n          \"name\": \"Gradle_logo.png\",\n          \"alternativeText\": \"\",\n          \"caption\": \"\",\n          \"hash\": \"Gradle_logo_eec2d0b60b\",\n          \"ext\": \".png\",\n          \"mime\": \"image/png\",\n          \"size\": 7.59,\n          \"width\": 876,\n          \"height\": 306,\n          \"url\": \"/uploads/Gradle_logo_eec2d0b60b.png\",\n          \"formats\": {\n            \"thumbnail\": {\n              \"name\": \"thumbnail_Gradle_logo.png\",\n              \"hash\": \"thumbnail_Gradle_logo_eec2d0b60b\",\n              \"ext\": \".png\",\n              \"mime\": \"image/png\",\n              \"width\": 245,\n              \"height\": 86,\n              \"size\": 6.94,\n              \"path\": null,\n              \"url\": \"/uploads/thumbnail_Gradle_logo_eec2d0b60b.png\"\n            },\n            \"medium\": {\n              \"name\": \"medium_Gradle_logo.png\",\n              \"hash\": \"medium_Gradle_logo_eec2d0b60b\",\n              \"ext\": \".png\",\n              \"mime\": \"image/png\",\n              \"width\": 750,\n              \"height\": 262,\n              \"size\": 25.22,\n              \"path\": null,\n              \"url\": \"/uploads/medium_Gradle_logo_eec2d0b60b.png\"\n            },\n            \"small\": {\n              \"name\": \"small_Gradle_logo.png\",\n              \"hash\": \"small_Gradle_logo_eec2d0b60b\",\n              \"ext\": \".png\",\n              \"mime\": \"image/png\",\n              \"width\": 500,\n              \"height\": 175,\n              \"size\": 15.87,\n              \"path\": null,\n              \"url\": \"/uploads/small_Gradle_logo_eec2d0b60b.png\"\n            }\n          },\n          \"provider\": \"local\",\n          \"related\": [\n            \"5f635c1e5ee4c9001d2b963b\",\n            \"5feed34e67bdd6001e9c12ce\"\n          ],\n          \"createdAt\": \"2020-09-21T07:16:35.326Z\",\n          \"updatedAt\": \"2021-01-01T07:46:22.759Z\",\n          \"__v\": 0,\n          \"created_by\": \"5e4839cd1c2d53001dcc0696\",\n          \"updated_by\": \"5e4839cd1c2d53001dcc0696\",\n          \"id\": \"5f6853535ee4c9001d2b96c1\"\n        },\n        \"description\": \"Gradle is a build automation tool for multi-language software development. It controls the development process in the tasks of compilation and packaging to testing, deployment, and publishing.\\n \\nIt uses groovy-based domain-specific language, rather than using the XML form used by Maven for declaring the project configuration.\\n\\nGradle was designed for multi-project builds, which can grow to be large. It operates based on a series of build tasks that can run serially or in parallel. Incremental builds are supported by determining the parts of the build tree that are already up to date; any task dependent only on those parts does not need to be re-executed\",\n        \"id\": \"5f635c1e5ee4c9001d2b963b\"\n      },\n      {\n        \"includeOnResume\": false,\n        \"_id\": \"5f635c455ee4c9001d2b963e\",\n        \"name\": \"Concourse\",\n        \"rating\": 7,\n        \"createdAt\": \"2020-09-17T12:53:25.344Z\",\n        \"updatedAt\": \"2020-09-22T21:19:53.650Z\",\n        \"__v\": 0,\n        \"created_by\": \"5e4839cd1c2d53001dcc0696\",\n        \"updated_by\": \"5e4839cd1c2d53001dcc0696\",\n        \"image\": {\n          \"_id\": \"5f6853865ee4c9001d2b96c5\",\n          \"name\": \"concourse.png\",\n          \"alternativeText\": \"\",\n          \"caption\": \"\",\n          \"hash\": \"concourse_8396b9e8a6\",\n          \"ext\": \".png\",\n          \"mime\": \"image/png\",\n          \"size\": 10.73,\n          \"width\": 400,\n          \"height\": 400,\n          \"url\": \"/uploads/concourse_8396b9e8a6.png\",\n          \"formats\": {\n            \"thumbnail\": {\n              \"name\": \"thumbnail_concourse.png\",\n              \"hash\": \"thumbnail_concourse_8396b9e8a6\",\n              \"ext\": \".png\",\n              \"mime\": \"image/png\",\n              \"width\": 156,\n              \"height\": 156,\n              \"size\": 6.46,\n              \"path\": null,\n              \"url\": \"/uploads/thumbnail_concourse_8396b9e8a6.png\"\n            }\n          },\n          \"provider\": \"local\",\n          \"related\": [\n            \"5f635c455ee4c9001d2b963e\"\n          ],\n          \"createdAt\": \"2020-09-21T07:17:26.996Z\",\n          \"updatedAt\": \"2020-09-21T07:17:29.112Z\",\n          \"__v\": 0,\n          \"created_by\": \"5e4839cd1c2d53001dcc0696\",\n          \"updated_by\": \"5e4839cd1c2d53001dcc0696\",\n          \"id\": \"5f6853865ee4c9001d2b96c5\"\n        },\n        \"description\": \"Built on the simple mechanics of resources, tasks, and jobs, Concourse presents a general approach to automation that makes it great for CI/CD.\",\n        \"id\": \"5f635c455ee4c9001d2b963e\"\n      },\n      {\n        \"includeOnResume\": false,\n        \"_id\": \"5f635c745ee4c9001d2b9641\",\n        \"name\": \"Docker\",\n        \"rating\": 9,\n        \"createdAt\": \"2020-09-17T12:54:12.792Z\",\n        \"updatedAt\": \"2020-09-22T21:24:51.714Z\",\n        \"__v\": 0,\n        \"created_by\": \"5e4839cd1c2d53001dcc0696\",\n        \"updated_by\": \"5e4839cd1c2d53001dcc0696\",\n        \"image\": {\n          \"_id\": \"5f6854055ee4c9001d2b96cb\",\n          \"name\": \"docker.jpg\",\n          \"alternativeText\": \"\",\n          \"caption\": \"\",\n          \"hash\": \"docker_7c96f92432\",\n          \"ext\": \".jpg\",\n          \"mime\": \"image/jpeg\",\n          \"size\": 48.98,\n          \"width\": 1920,\n          \"height\": 773,\n          \"url\": \"/uploads/docker_7c96f92432.jpg\",\n          \"formats\": {\n            \"thumbnail\": {\n              \"name\": \"thumbnail_docker.jpg\",\n              \"hash\": \"thumbnail_docker_7c96f92432\",\n              \"ext\": \".jpg\",\n              \"mime\": \"image/jpeg\",\n              \"width\": 245,\n              \"height\": 99,\n              \"size\": 3.9,\n              \"path\": null,\n              \"url\": \"/uploads/thumbnail_docker_7c96f92432.jpg\"\n            },\n            \"large\": {\n              \"name\": \"large_docker.jpg\",\n              \"hash\": \"large_docker_7c96f92432\",\n              \"ext\": \".jpg\",\n              \"mime\": \"image/jpeg\",\n              \"width\": 1000,\n              \"height\": 403,\n              \"size\": 22.78,\n              \"path\": null,\n              \"url\": \"/uploads/large_docker_7c96f92432.jpg\"\n            },\n            \"medium\": {\n              \"name\": \"medium_docker.jpg\",\n              \"hash\": \"medium_docker_7c96f92432\",\n              \"ext\": \".jpg\",\n              \"mime\": \"image/jpeg\",\n              \"width\": 750,\n              \"height\": 302,\n              \"size\": 16.09,\n              \"path\": null,\n              \"url\": \"/uploads/medium_docker_7c96f92432.jpg\"\n            },\n            \"small\": {\n              \"name\": \"small_docker.jpg\",\n              \"hash\": \"small_docker_7c96f92432\",\n              \"ext\": \".jpg\",\n              \"mime\": \"image/jpeg\",\n              \"width\": 500,\n              \"height\": 201,\n              \"size\": 9.27,\n              \"path\": null,\n              \"url\": \"/uploads/small_docker_7c96f92432.jpg\"\n            }\n          },\n          \"provider\": \"local\",\n          \"related\": [\n            \"5f635c745ee4c9001d2b9641\"\n          ],\n          \"createdAt\": \"2020-09-21T07:19:33.005Z\",\n          \"updatedAt\": \"2020-09-21T07:19:36.606Z\",\n          \"__v\": 0,\n          \"created_by\": \"5e4839cd1c2d53001dcc0696\",\n          \"updated_by\": \"5e4839cd1c2d53001dcc0696\",\n          \"id\": \"5f6854055ee4c9001d2b96cb\"\n        },\n        \"description\": \"Docker is a set of platform as a service (PaaS) products that use OS-level virtualization to deliver software in packages called containers. Containers are isolated from one another and bundle their own software, libraries and configuration files; they can communicate with each other through well-defined channels. All containers are run by a single operating system kernel and therefore use fewer resources than virtual machines\",\n        \"id\": \"5f635c745ee4c9001d2b9641\"\n      },\n      {\n        \"includeOnResume\": false,\n        \"_id\": \"5f635c845ee4c9001d2b9642\",\n        \"name\": \"Git\",\n        \"rating\": 8.5,\n        \"createdAt\": \"2020-09-17T12:54:28.354Z\",\n        \"updatedAt\": \"2020-09-22T21:25:42.765Z\",\n        \"__v\": 0,\n        \"created_by\": \"5e4839cd1c2d53001dcc0696\",\n        \"updated_by\": \"5e4839cd1c2d53001dcc0696\",\n        \"image\": {\n          \"_id\": \"5f6854325ee4c9001d2b96cd\",\n          \"name\": \"git.png\",\n          \"alternativeText\": \"\",\n          \"caption\": \"\",\n          \"hash\": \"git_b7469ae68c\",\n          \"ext\": \".png\",\n          \"mime\": \"image/png\",\n          \"size\": 2.33,\n          \"width\": 200,\n          \"height\": 200,\n          \"url\": \"/uploads/git_b7469ae68c.png\",\n          \"formats\": {\n            \"thumbnail\": {\n              \"name\": \"thumbnail_git.png\",\n              \"hash\": \"thumbnail_git_b7469ae68c\",\n              \"ext\": \".png\",\n              \"mime\": \"image/png\",\n              \"width\": 156,\n              \"height\": 156,\n              \"size\": 7.38,\n              \"path\": null,\n              \"url\": \"/uploads/thumbnail_git_b7469ae68c.png\"\n            }\n          },\n          \"provider\": \"local\",\n          \"related\": [\n            \"5f635c845ee4c9001d2b9642\"\n          ],\n          \"createdAt\": \"2020-09-21T07:20:18.490Z\",\n          \"updatedAt\": \"2020-09-21T07:20:20.982Z\",\n          \"__v\": 0,\n          \"created_by\": \"5e4839cd1c2d53001dcc0696\",\n          \"updated_by\": \"5e4839cd1c2d53001dcc0696\",\n          \"id\": \"5f6854325ee4c9001d2b96cd\"\n        },\n        \"description\": \"Git is a free and open source distributed version control system designed to handle everything from small to very large projects with speed and efficiency. \",\n        \"id\": \"5f635c845ee4c9001d2b9642\"\n      },\n      {\n        \"includeOnResume\": false,\n        \"_id\": \"5f635d645ee4c9001d2b964e\",\n        \"name\": \"Cloud Foundry\",\n        \"rating\": 8,\n        \"createdAt\": \"2020-09-17T12:58:12.302Z\",\n        \"updatedAt\": \"2020-09-27T06:57:57.822Z\",\n        \"__v\": 0,\n        \"created_by\": \"5e4839cd1c2d53001dcc0696\",\n        \"updated_by\": \"5e4839cd1c2d53001dcc0696\",\n        \"image\": {\n          \"_id\": \"5f68555c5ee4c9001d2b96d5\",\n          \"name\": \"cf.png\",\n          \"alternativeText\": \"\",\n          \"caption\": \"\",\n          \"hash\": \"cf_d151cb7889\",\n          \"ext\": \".png\",\n          \"mime\": \"image/png\",\n          \"size\": 15.2,\n          \"width\": 280,\n          \"height\": 280,\n          \"url\": \"/uploads/cf_d151cb7889.png\",\n          \"formats\": {\n            \"thumbnail\": {\n              \"name\": \"thumbnail_cf.png\",\n              \"hash\": \"thumbnail_cf_d151cb7889\",\n              \"ext\": \".png\",\n              \"mime\": \"image/png\",\n              \"width\": 156,\n              \"height\": 156,\n              \"size\": 10.72,\n              \"path\": null,\n              \"url\": \"/uploads/thumbnail_cf_d151cb7889.png\"\n            }\n          },\n          \"provider\": \"local\",\n          \"related\": [\n            \"5f635d645ee4c9001d2b964e\"\n          ],\n          \"createdAt\": \"2020-09-21T07:25:16.222Z\",\n          \"updatedAt\": \"2020-09-21T07:25:18.608Z\",\n          \"__v\": 0,\n          \"created_by\": \"5e4839cd1c2d53001dcc0696\",\n          \"updated_by\": \"5e4839cd1c2d53001dcc0696\",\n          \"id\": \"5f68555c5ee4c9001d2b96d5\"\n        },\n        \"description\": \"Cloud Foundry is an open application Platform as a Service (PaaS) developed under an open source license. In other words, Cloud Foundry is a system to easily deploy, operate and scale stateless applications which are written in any programming language or framework.\",\n        \"id\": \"5f635d645ee4c9001d2b964e\"\n      },\n      {\n        \"includeOnResume\": false,\n        \"_id\": \"5f635d425ee4c9001d2b964d\",\n        \"name\": \"Redis\",\n        \"rating\": 8,\n        \"createdAt\": \"2020-09-17T12:57:38.768Z\",\n        \"updatedAt\": \"2020-09-27T06:56:29.134Z\",\n        \"__v\": 0,\n        \"created_by\": \"5e4839cd1c2d53001dcc0696\",\n        \"updated_by\": \"5e4839cd1c2d53001dcc0696\",\n        \"image\": {\n          \"_id\": \"5f68553f5ee4c9001d2b96d3\",\n          \"name\": \"redis-logo-2.png\",\n          \"alternativeText\": \"\",\n          \"caption\": \"\",\n          \"hash\": \"redis_logo_2_b02d4d4e13\",\n          \"ext\": \".png\",\n          \"mime\": \"image/png\",\n          \"size\": 105.56,\n          \"width\": 900,\n          \"height\": 900,\n          \"url\": \"/uploads/redis_logo_2_b02d4d4e13.png\",\n          \"formats\": {\n            \"thumbnail\": {\n              \"name\": \"thumbnail_redis-logo-2.png\",\n              \"hash\": \"thumbnail_redis_logo_2_b02d4d4e13\",\n              \"ext\": \".png\",\n              \"mime\": \"image/png\",\n              \"width\": 156,\n              \"height\": 156,\n              \"size\": 6.96,\n              \"path\": null,\n              \"url\": \"/uploads/thumbnail_redis_logo_2_b02d4d4e13.png\"\n            },\n            \"medium\": {\n              \"name\": \"medium_redis-logo-2.png\",\n              \"hash\": \"medium_redis_logo_2_b02d4d4e13\",\n              \"ext\": \".png\",\n              \"mime\": \"image/png\",\n              \"width\": 750,\n              \"height\": 750,\n              \"size\": 83.5,\n              \"path\": null,\n              \"url\": \"/uploads/medium_redis_logo_2_b02d4d4e13.png\"\n            },\n            \"small\": {\n              \"name\": \"small_redis-logo-2.png\",\n              \"hash\": \"small_redis_logo_2_b02d4d4e13\",\n              \"ext\": \".png\",\n              \"mime\": \"image/png\",\n              \"width\": 500,\n              \"height\": 500,\n              \"size\": 40.75,\n              \"path\": null,\n              \"url\": \"/uploads/small_redis_logo_2_b02d4d4e13.png\"\n            }\n          },\n          \"provider\": \"local\",\n          \"related\": [\n            \"5f635d425ee4c9001d2b964d\"\n          ],\n          \"createdAt\": \"2020-09-21T07:24:47.646Z\",\n          \"updatedAt\": \"2020-09-21T07:24:50.074Z\",\n          \"__v\": 0,\n          \"created_by\": \"5e4839cd1c2d53001dcc0696\",\n          \"updated_by\": \"5e4839cd1c2d53001dcc0696\",\n          \"id\": \"5f68553f5ee4c9001d2b96d3\"\n        },\n        \"description\": \"Redis is an open source (BSD licensed), in-memory data structure store, used as a database, cache and message broker. It supports data structures such as strings, hashes, lists, sets, sorted sets with range queries, bitmaps, hyperloglogs, geospatial indexes with radius queries and streams. Redis has built-in replication, Lua scripting, LRU eviction, transactions and different levels of on-disk persistence, and provides high availability and automatic partitioning.\",\n        \"id\": \"5f635d425ee4c9001d2b964d\"\n      },\n      {\n        \"includeOnResume\": false,\n        \"_id\": \"5f635c185ee4c9001d2b963a\",\n        \"name\": \"Maven\",\n        \"rating\": 9.6,\n        \"createdAt\": \"2020-09-17T12:52:40.922Z\",\n        \"updatedAt\": \"2020-09-22T06:36:50.576Z\",\n        \"__v\": 0,\n        \"created_by\": \"5e4839cd1c2d53001dcc0696\",\n        \"updated_by\": \"5e4839cd1c2d53001dcc0696\",\n        \"image\": {\n          \"_id\": \"5f6853265ee4c9001d2b96bf\",\n          \"name\": \"maven.png\",\n          \"alternativeText\": \"\",\n          \"caption\": \"\",\n          \"hash\": \"maven_8510b1d6fa\",\n          \"ext\": \".png\",\n          \"mime\": \"image/png\",\n          \"size\": 30.77,\n          \"width\": 1280,\n          \"height\": 324,\n          \"url\": \"/uploads/maven_8510b1d6fa.png\",\n          \"formats\": {\n            \"thumbnail\": {\n              \"name\": \"thumbnail_maven.png\",\n              \"hash\": \"thumbnail_maven_8510b1d6fa\",\n              \"ext\": \".png\",\n              \"mime\": \"image/png\",\n              \"width\": 245,\n              \"height\": 62,\n              \"size\": 10.07,\n              \"path\": null,\n              \"url\": \"/uploads/thumbnail_maven_8510b1d6fa.png\"\n            },\n            \"large\": {\n              \"name\": \"large_maven.png\",\n              \"hash\": \"large_maven_8510b1d6fa\",\n              \"ext\": \".png\",\n              \"mime\": \"image/png\",\n              \"width\": 1000,\n              \"height\": 253,\n              \"size\": 68.02,\n              \"path\": null,\n              \"url\": \"/uploads/large_maven_8510b1d6fa.png\"\n            },\n            \"medium\": {\n              \"name\": \"medium_maven.png\",\n              \"hash\": \"medium_maven_8510b1d6fa\",\n              \"ext\": \".png\",\n              \"mime\": \"image/png\",\n              \"width\": 750,\n              \"height\": 190,\n              \"size\": 46.3,\n              \"path\": null,\n              \"url\": \"/uploads/medium_maven_8510b1d6fa.png\"\n            },\n            \"small\": {\n              \"name\": \"small_maven.png\",\n              \"hash\": \"small_maven_8510b1d6fa\",\n              \"ext\": \".png\",\n              \"mime\": \"image/png\",\n              \"width\": 500,\n              \"height\": 127,\n              \"size\": 27.01,\n              \"path\": null,\n              \"url\": \"/uploads/small_maven_8510b1d6fa.png\"\n            }\n          },\n          \"provider\": \"local\",\n          \"related\": [\n            \"5f635c185ee4c9001d2b963a\"\n          ],\n          \"createdAt\": \"2020-09-21T07:15:50.288Z\",\n          \"updatedAt\": \"2020-09-21T07:15:57.208Z\",\n          \"__v\": 0,\n          \"created_by\": \"5e4839cd1c2d53001dcc0696\",\n          \"updated_by\": \"5e4839cd1c2d53001dcc0696\",\n          \"id\": \"5f6853265ee4c9001d2b96bf\"\n        },\n        \"description\": \"Maven is a build automation tool used primarily for Java projects. Maven can also be used to build and manage projects written in C#, Ruby, Scala, and other languages. \\n\\nMaven addresses two aspects of building software: how software is built, and its dependencies. An XML file describes the software project being built, its dependencies on other external modules and components, the build order, directories, and required plug-ins. \",\n        \"id\": \"5f635c185ee4c9001d2b963a\"\n      },\n      {\n        \"includeOnResume\": false,\n        \"_id\": \"5f635da95ee4c9001d2b9653\",\n        \"name\": \"MySQL\",\n        \"rating\": 8.5,\n        \"createdAt\": \"2020-09-17T12:59:21.795Z\",\n        \"updatedAt\": \"2020-09-27T07:42:40.719Z\",\n        \"__v\": 0,\n        \"created_by\": \"5e4839cd1c2d53001dcc0696\",\n        \"updated_by\": \"5e4839cd1c2d53001dcc0696\",\n        \"image\": {\n          \"_id\": \"5f6855f55ee4c9001d2b96df\",\n          \"name\": \"mysql.png\",\n          \"alternativeText\": \"\",\n          \"caption\": \"\",\n          \"hash\": \"mysql_221a645453\",\n          \"ext\": \".png\",\n          \"mime\": \"image/png\",\n          \"size\": 28.22,\n          \"width\": 1024,\n          \"height\": 530,\n          \"url\": \"/uploads/mysql_221a645453.png\",\n          \"formats\": {\n            \"thumbnail\": {\n              \"name\": \"thumbnail_mysql.png\",\n              \"hash\": \"thumbnail_mysql_221a645453\",\n              \"ext\": \".png\",\n              \"mime\": \"image/png\",\n              \"width\": 245,\n              \"height\": 127,\n              \"size\": 12.65,\n              \"path\": null,\n              \"url\": \"/uploads/thumbnail_mysql_221a645453.png\"\n            },\n            \"large\": {\n              \"name\": \"large_mysql.png\",\n              \"hash\": \"large_mysql_221a645453\",\n              \"ext\": \".png\",\n              \"mime\": \"image/png\",\n              \"width\": 1000,\n              \"height\": 518,\n              \"size\": 75.57,\n              \"path\": null,\n              \"url\": \"/uploads/large_mysql_221a645453.png\"\n            },\n            \"medium\": {\n              \"name\": \"medium_mysql.png\",\n              \"hash\": \"medium_mysql_221a645453\",\n              \"ext\": \".png\",\n              \"mime\": \"image/png\",\n              \"width\": 750,\n              \"height\": 388,\n              \"size\": 53.06,\n              \"path\": null,\n              \"url\": \"/uploads/medium_mysql_221a645453.png\"\n            },\n            \"small\": {\n              \"name\": \"small_mysql.png\",\n              \"hash\": \"small_mysql_221a645453\",\n              \"ext\": \".png\",\n              \"mime\": \"image/png\",\n              \"width\": 500,\n              \"height\": 259,\n              \"size\": 31.53,\n              \"path\": null,\n              \"url\": \"/uploads/small_mysql_221a645453.png\"\n            }\n          },\n          \"provider\": \"local\",\n          \"related\": [\n            \"5f635da95ee4c9001d2b9653\"\n          ],\n          \"createdAt\": \"2020-09-21T07:27:49.643Z\",\n          \"updatedAt\": \"2020-09-21T07:27:52.540Z\",\n          \"__v\": 0,\n          \"created_by\": \"5e4839cd1c2d53001dcc0696\",\n          \"updated_by\": \"5e4839cd1c2d53001dcc0696\",\n          \"id\": \"5f6855f55ee4c9001d2b96df\"\n        },\n        \"description\": \"MySQL is a freely available open source Relational Database Management System (RDBMS) that uses Structured Query Language (SQL). SQL is the most popular language for adding, accessing and managing content in a database. It is most noted for its quick processing, proven reliability, ease and flexibility of use\",\n        \"id\": \"5f635da95ee4c9001d2b9653\"\n      },\n      {\n        \"includeOnResume\": false,\n        \"_id\": \"5f635e405ee4c9001d2b965e\",\n        \"name\": \"Spring Cloud Contract\",\n        \"rating\": 6.5,\n        \"createdAt\": \"2020-09-17T13:01:52.014Z\",\n        \"updatedAt\": \"2020-09-27T08:02:29.220Z\",\n        \"__v\": 0,\n        \"created_by\": \"5e4839cd1c2d53001dcc0696\",\n        \"updated_by\": \"5e4839cd1c2d53001dcc0696\",\n        \"image\": {\n          \"_id\": \"5f6851d05ee4c9001d2b96b1\",\n          \"name\": \"spring-cloud-logo.png\",\n          \"alternativeText\": \"\",\n          \"caption\": \"\",\n          \"hash\": \"spring_cloud_logo_4de8e2579b\",\n          \"ext\": \".png\",\n          \"mime\": \"image/png\",\n          \"size\": 31.41,\n          \"width\": 800,\n          \"height\": 753,\n          \"url\": \"/uploads/spring_cloud_logo_4de8e2579b.png\",\n          \"formats\": {\n            \"thumbnail\": {\n              \"name\": \"thumbnail_spring-cloud-logo.png\",\n              \"hash\": \"thumbnail_spring_cloud_logo_4de8e2579b\",\n              \"ext\": \".png\",\n              \"mime\": \"image/png\",\n              \"width\": 166,\n              \"height\": 156,\n              \"size\": 7,\n              \"path\": null,\n              \"url\": \"/uploads/thumbnail_spring_cloud_logo_4de8e2579b.png\"\n            },\n            \"medium\": {\n              \"name\": \"medium_spring-cloud-logo.png\",\n              \"hash\": \"medium_spring_cloud_logo_4de8e2579b\",\n              \"ext\": \".png\",\n              \"mime\": \"image/png\",\n              \"width\": 750,\n              \"height\": 706,\n              \"size\": 44.37,\n              \"path\": null,\n              \"url\": \"/uploads/medium_spring_cloud_logo_4de8e2579b.png\"\n            },\n            \"small\": {\n              \"name\": \"small_spring-cloud-logo.png\",\n              \"hash\": \"small_spring_cloud_logo_4de8e2579b\",\n              \"ext\": \".png\",\n              \"mime\": \"image/png\",\n              \"width\": 500,\n              \"height\": 471,\n              \"size\": 24.52,\n              \"path\": null,\n              \"url\": \"/uploads/small_spring_cloud_logo_4de8e2579b.png\"\n            }\n          },\n          \"provider\": \"local\",\n          \"related\": [\n            \"5f635b7e5ee4c9001d2b9633\",\n            \"5f635e405ee4c9001d2b965e\"\n          ],\n          \"createdAt\": \"2020-09-21T07:10:08.197Z\",\n          \"updatedAt\": \"2020-09-21T12:18:53.085Z\",\n          \"__v\": 0,\n          \"created_by\": \"5e4839cd1c2d53001dcc0696\",\n          \"updated_by\": \"5e4839cd1c2d53001dcc0696\",\n          \"id\": \"5f6851d05ee4c9001d2b96b1\"\n        },\n        \"description\": \"Spring Cloud Contract Verifier is a tool that enables Consumer Driven Contract (CDC) development of JVM-based applications. It is shipped with Contract Definition Language (DSL) written in Groovy or YAML. Contract definitions are used to produce following resources:\\n\\n- by default JSON stub definitions to be used by WireMock (HTTP Server Stub) when doing integration testing on the client code (client tests). Test code must still be written by hand, test data is produced by Spring Cloud Contract Verifier.\\n- Messaging routes if youâ€™re using one. Weâ€™re integrating with Spring Integration, Spring Cloud Stream and Apache Camel. You can however set your own integrations if you want to.\\n- Acceptance tests (by default in JUnit or Spock) used to verify if server-side implementation of the API is compliant with the contract (server tests). Full test is generated by Spring Cloud Contract Verifier\",\n        \"id\": \"5f635e405ee4c9001d2b965e\"\n      },\n      {\n        \"includeOnResume\": false,\n        \"_id\": \"5f635e365ee4c9001d2b965d\",\n        \"name\": \"Spring Rest Docs\",\n        \"rating\": 8,\n        \"createdAt\": \"2020-09-17T13:01:42.914Z\",\n        \"updatedAt\": \"2020-09-27T08:01:25.593Z\",\n        \"__v\": 0,\n        \"created_by\": \"5e4839cd1c2d53001dcc0696\",\n        \"updated_by\": \"5e4839cd1c2d53001dcc0696\",\n        \"image\": {\n          \"_id\": \"5f6899eb76320d001e515e7d\",\n          \"name\": \"spring rest docs.jpg\",\n          \"alternativeText\": \"\",\n          \"caption\": \"\",\n          \"hash\": \"spring_rest_docs_2e39d2917f\",\n          \"ext\": \".jpg\",\n          \"mime\": \"image/jpeg\",\n          \"size\": 15.46,\n          \"width\": 400,\n          \"height\": 400,\n          \"url\": \"/uploads/spring_rest_docs_2e39d2917f.jpg\",\n          \"formats\": {\n            \"thumbnail\": {\n              \"name\": \"thumbnail_spring rest docs.jpg\",\n              \"hash\": \"thumbnail_spring_rest_docs_2e39d2917f\",\n              \"ext\": \".jpg\",\n              \"mime\": \"image/jpeg\",\n              \"width\": 156,\n              \"height\": 156,\n              \"size\": 4.44,\n              \"path\": null,\n              \"url\": \"/uploads/thumbnail_spring_rest_docs_2e39d2917f.jpg\"\n            }\n          },\n          \"provider\": \"local\",\n          \"related\": [\n            \"5f635e365ee4c9001d2b965d\"\n          ],\n          \"createdAt\": \"2020-09-21T12:17:47.737Z\",\n          \"updatedAt\": \"2020-09-21T12:17:50.051Z\",\n          \"__v\": 0,\n          \"created_by\": \"5e4839cd1c2d53001dcc0696\",\n          \"updated_by\": \"5e4839cd1c2d53001dcc0696\",\n          \"id\": \"5f6899eb76320d001e515e7d\"\n        },\n        \"description\": \"It combines hand-written documentation written with Asciidoctor and auto-generated snippets produced with Spring MVC Test. This approach frees you from the limitations of the documentation produced by tools like Swagger.\\n\\nIt helps you to produce documentation that is accurate, concise, and well-structured. This documentation then allows your users to get the information they need with a minimum of fuss.\",\n        \"id\": \"5f635e365ee4c9001d2b965d\"\n      },\n      {\n        \"includeOnResume\": false,\n        \"_id\": \"5f635ea45ee4c9001d2b9666\",\n        \"name\": \"RabbitMQ\",\n        \"rating\": 7,\n        \"createdAt\": \"2020-09-17T13:03:32.324Z\",\n        \"updatedAt\": \"2020-09-30T05:38:51.186Z\",\n        \"__v\": 0,\n        \"created_by\": \"5e4839cd1c2d53001dcc0696\",\n        \"updated_by\": \"5e4839cd1c2d53001dcc0696\",\n        \"image\": {\n          \"_id\": \"5f689b0876320d001e515e8d\",\n          \"name\": \"rabbit.png\",\n          \"alternativeText\": \"\",\n          \"caption\": \"\",\n          \"hash\": \"rabbit_f1d2124442\",\n          \"ext\": \".png\",\n          \"mime\": \"image/png\",\n          \"size\": 10.17,\n          \"width\": 748,\n          \"height\": 511,\n          \"url\": \"/uploads/rabbit_f1d2124442.png\",\n          \"formats\": {\n            \"thumbnail\": {\n              \"name\": \"thumbnail_rabbit.png\",\n              \"hash\": \"thumbnail_rabbit_f1d2124442\",\n              \"ext\": \".png\",\n              \"mime\": \"image/png\",\n              \"width\": 228,\n              \"height\": 156,\n              \"size\": 5.99,\n              \"path\": null,\n              \"url\": \"/uploads/thumbnail_rabbit_f1d2124442.png\"\n            },\n            \"small\": {\n              \"name\": \"small_rabbit.png\",\n              \"hash\": \"small_rabbit_f1d2124442\",\n              \"ext\": \".png\",\n              \"mime\": \"image/png\",\n              \"width\": 500,\n              \"height\": 342,\n              \"size\": 16.88,\n              \"path\": null,\n              \"url\": \"/uploads/small_rabbit_f1d2124442.png\"\n            }\n          },\n          \"provider\": \"local\",\n          \"related\": [\n            \"5f635ea45ee4c9001d2b9666\"\n          ],\n          \"createdAt\": \"2020-09-21T12:22:32.423Z\",\n          \"updatedAt\": \"2020-09-21T12:22:34.916Z\",\n          \"__v\": 0,\n          \"created_by\": \"5e4839cd1c2d53001dcc0696\",\n          \"updated_by\": \"5e4839cd1c2d53001dcc0696\",\n          \"id\": \"5f689b0876320d001e515e8d\"\n        },\n        \"description\": \"RabbitMQ is a messaging broker - an intermediary for messaging. It gives your applications a common platform to send and receive messages, and your messages a safe place to live until received.\\n\\n\\nSupports:\\n- message queueing\\n- delivery acknowledgement\\n-  flexible routing to queues\\n-  multiple exchange type\",\n        \"id\": \"5f635ea45ee4c9001d2b9666\"\n      },\n      {\n        \"includeOnResume\": false,\n        \"_id\": \"602235769dc383001e945dd9\",\n        \"name\": \"Cloud Foundry UAA\",\n        \"rating\": 7.5,\n        \"description\": \"User Account and Authentication (UAA) is an open-source identity server project under the Cloud Foundry Foundation.\\n\\nUAA provides identity-based security for apps and APIs. It supports open standards for authentication and authorization, including:\\n\\nOAuth\\nOpenID Connect\\nSAML\\nLDAP\\nSCIM\\nThe major features of UAA include:\\n\\nUser Single Sign-On (SSO) using federated identity protocols\\nAPI security with OAuth\\nUser and group management\\nMulti-tenancy support\\nSupport for JWT and opaque as a token format\\nToken revocation\",\n        \"createdAt\": \"2021-02-09T07:10:46.236Z\",\n        \"updatedAt\": \"2021-02-09T07:10:46.255Z\",\n        \"__v\": 0,\n        \"created_by\": \"5e4839cd1c2d53001dcc0696\",\n        \"image\": {\n          \"_id\": \"602235729dc383001e945dd8\",\n          \"name\": \"UAA.png\",\n          \"alternativeText\": \"\",\n          \"caption\": \"\",\n          \"hash\": \"UAA_312b737d4b\",\n          \"ext\": \".png\",\n          \"mime\": \"image/png\",\n          \"size\": 15.2,\n          \"width\": 280,\n          \"height\": 280,\n          \"url\": \"/uploads/UAA_312b737d4b.png\",\n          \"formats\": {\n            \"thumbnail\": {\n              \"name\": \"thumbnail_UAA.png\",\n              \"hash\": \"thumbnail_UAA_312b737d4b\",\n              \"ext\": \".png\",\n              \"mime\": \"image/png\",\n              \"width\": 156,\n              \"height\": 156,\n              \"size\": 10.72,\n              \"path\": null,\n              \"url\": \"/uploads/thumbnail_UAA_312b737d4b.png\"\n            }\n          },\n          \"provider\": \"local\",\n          \"related\": [\n            \"602235769dc383001e945dd9\"\n          ],\n          \"createdAt\": \"2021-02-09T07:10:42.455Z\",\n          \"updatedAt\": \"2021-02-09T07:10:46.252Z\",\n          \"__v\": 0,\n          \"created_by\": \"5e4839cd1c2d53001dcc0696\",\n          \"updated_by\": \"5e4839cd1c2d53001dcc0696\",\n          \"id\": \"602235729dc383001e945dd8\"\n        },\n        \"updated_by\": \"5e4839cd1c2d53001dcc0696\",\n        \"id\": \"602235769dc383001e945dd9\"\n      },\n      {\n        \"includeOnResume\": false,\n        \"_id\": \"5f63608d5ee4c9001d2b966e\",\n        \"name\": \"TDD\",\n        \"rating\": 8,\n        \"createdAt\": \"2020-09-17T13:11:41.563Z\",\n        \"updatedAt\": \"2020-09-30T06:22:54.746Z\",\n        \"__v\": 0,\n        \"created_by\": \"5e4839cd1c2d53001dcc0696\",\n        \"updated_by\": \"5e4839cd1c2d53001dcc0696\",\n        \"image\": {\n          \"_id\": \"5f689c2276320d001e515e98\",\n          \"name\": \"test-driven-development-TDD.png\",\n          \"alternativeText\": \"\",\n          \"caption\": \"\",\n          \"hash\": \"test_driven_development_TDD_e8a614217f\",\n          \"ext\": \".png\",\n          \"mime\": \"image/png\",\n          \"size\": 33.13,\n          \"width\": 1024,\n          \"height\": 680,\n          \"url\": \"/uploads/test_driven_development_TDD_e8a614217f.png\",\n          \"formats\": {\n            \"thumbnail\": {\n              \"name\": \"thumbnail_test-driven-development-TDD.png\",\n              \"hash\": \"thumbnail_test_driven_development_TDD_e8a614217f\",\n              \"ext\": \".png\",\n              \"mime\": \"image/png\",\n              \"width\": 235,\n              \"height\": 156,\n              \"size\": 12.92,\n              \"path\": null,\n              \"url\": \"/uploads/thumbnail_test_driven_development_TDD_e8a614217f.png\"\n            },\n            \"large\": {\n              \"name\": \"large_test-driven-development-TDD.png\",\n              \"hash\": \"large_test_driven_development_TDD_e8a614217f\",\n              \"ext\": \".png\",\n              \"mime\": \"image/png\",\n              \"width\": 1000,\n              \"height\": 664,\n              \"size\": 77.52,\n              \"path\": null,\n              \"url\": \"/uploads/large_test_driven_development_TDD_e8a614217f.png\"\n            },\n            \"medium\": {\n              \"name\": \"medium_test-driven-development-TDD.png\",\n              \"hash\": \"medium_test_driven_development_TDD_e8a614217f\",\n              \"ext\": \".png\",\n              \"mime\": \"image/png\",\n              \"width\": 750,\n              \"height\": 498,\n              \"size\": 53.53,\n              \"path\": null,\n              \"url\": \"/uploads/medium_test_driven_development_TDD_e8a614217f.png\"\n            },\n            \"small\": {\n              \"name\": \"small_test-driven-development-TDD.png\",\n              \"hash\": \"small_test_driven_development_TDD_e8a614217f\",\n              \"ext\": \".png\",\n              \"mime\": \"image/png\",\n              \"width\": 500,\n              \"height\": 332,\n              \"size\": 31.8,\n              \"path\": null,\n              \"url\": \"/uploads/small_test_driven_development_TDD_e8a614217f.png\"\n            }\n          },\n          \"provider\": \"local\",\n          \"related\": [\n            \"5f63608d5ee4c9001d2b966e\"\n          ],\n          \"createdAt\": \"2020-09-21T12:27:14.778Z\",\n          \"updatedAt\": \"2020-09-21T12:27:17.966Z\",\n          \"__v\": 0,\n          \"created_by\": \"5e4839cd1c2d53001dcc0696\",\n          \"updated_by\": \"5e4839cd1c2d53001dcc0696\",\n          \"id\": \"5f689c2276320d001e515e98\"\n        },\n        \"description\": \"Test-driven development (TDD) , is an evolutionary approach to development which combines test-first development where you write a test before you write just enough production code to fulfill that test and refactoring. \",\n        \"id\": \"5f63608d5ee4c9001d2b966e\"\n      },\n      {\n        \"includeOnResume\": true,\n        \"_id\": \"5f635b495ee4c9001d2b9630\",\n        \"name\": \"Java 9-11\",\n        \"rating\": 9,\n        \"createdAt\": \"2020-09-17T12:49:13.752Z\",\n        \"updatedAt\": \"2021-02-26T07:03:48.920Z\",\n        \"__v\": 0,\n        \"created_by\": \"5e4839cd1c2d53001dcc0696\",\n        \"updated_by\": \"5e4839cd1c2d53001dcc0696\",\n        \"description\": \"- **Convenience Factory Methods for Collections** â€“ collections can be now initialized using of() methods\\n- Local variable type inference(**var**)\\n- New handy Collectors to be used with unmodifiable collections: (Collectors.toUnmodifiableList(), Collectors.toUnmodifiableSet(), Collectors.toUnmodifiableMap()\\n- New utility methods in String class (isBlank, lines, repeat, strip, stripLeading, stripTrailing\\n- Local-Variable Syntax for Lambda Parameters\\n- HTTP Client\\n- Reading/Writing Strings to and from the Files\\n- Flight Recorder\",\n        \"image\": {\n          \"_id\": \"5f6844255ee4c9001d2b96ac\",\n          \"name\": \"java-11.png\",\n          \"alternativeText\": \"\",\n          \"caption\": \"\",\n          \"hash\": \"java_11_1056ba3fe8\",\n          \"ext\": \".png\",\n          \"mime\": \"image/png\",\n          \"size\": 6.4,\n          \"width\": 400,\n          \"height\": 225,\n          \"url\": \"/uploads/java_11_1056ba3fe8.png\",\n          \"formats\": {\n            \"thumbnail\": {\n              \"name\": \"thumbnail_java-11.png\",\n              \"hash\": \"thumbnail_java_11_1056ba3fe8\",\n              \"ext\": \".png\",\n              \"mime\": \"image/png\",\n              \"width\": 245,\n              \"height\": 138,\n              \"size\": 9.21,\n              \"path\": null,\n              \"url\": \"/uploads/thumbnail_java_11_1056ba3fe8.png\"\n            }\n          },\n          \"provider\": \"local\",\n          \"related\": [\n            \"5f635b495ee4c9001d2b9630\"\n          ],\n          \"createdAt\": \"2020-09-21T06:11:49.363Z\",\n          \"updatedAt\": \"2020-09-21T06:13:03.741Z\",\n          \"__v\": 0,\n          \"created_by\": \"5e4839cd1c2d53001dcc0696\",\n          \"updated_by\": \"5e4839cd1c2d53001dcc0696\",\n          \"id\": \"5f6844255ee4c9001d2b96ac\"\n        },\n        \"id\": \"5f635b495ee4c9001d2b9630\"\n      },\n      {\n        \"includeOnResume\": true,\n        \"_id\": \"5f635b6a5ee4c9001d2b9632\",\n        \"name\": \"Spring Boot\",\n        \"rating\": 9.7,\n        \"order\": 1,\n        \"createdAt\": \"2020-09-17T12:49:46.739Z\",\n        \"updatedAt\": \"2021-02-26T07:04:02.124Z\",\n        \"__v\": 0,\n        \"created_by\": \"5e4839cd1c2d53001dcc0696\",\n        \"updated_by\": \"5e4839cd1c2d53001dcc0696\",\n        \"image\": {\n          \"_id\": \"5f6851a85ee4c9001d2b96af\",\n          \"name\": \"spring-boot.jpeg\",\n          \"alternativeText\": \"\",\n          \"caption\": \"\",\n          \"hash\": \"spring_boot_5ee37de4c1\",\n          \"ext\": \".jpeg\",\n          \"mime\": \"image/png\",\n          \"size\": 7.98,\n          \"width\": 400,\n          \"height\": 400,\n          \"url\": \"/uploads/spring_boot_5ee37de4c1.jpeg\",\n          \"formats\": {\n            \"thumbnail\": {\n              \"name\": \"thumbnail_spring-boot.jpeg\",\n              \"hash\": \"thumbnail_spring_boot_5ee37de4c1\",\n              \"ext\": \".jpeg\",\n              \"mime\": \"image/png\",\n              \"width\": 156,\n              \"height\": 156,\n              \"size\": 5.21,\n              \"path\": null,\n              \"url\": \"/uploads/thumbnail_spring_boot_5ee37de4c1.jpeg\"\n            }\n          },\n          \"provider\": \"local\",\n          \"related\": [\n            \"5f635b6a5ee4c9001d2b9632\",\n            \"5feed4c667bdd6001e9c12d0\"\n          ],\n          \"createdAt\": \"2020-09-21T07:09:28.458Z\",\n          \"updatedAt\": \"2021-01-01T21:02:32.991Z\",\n          \"__v\": 0,\n          \"created_by\": \"5e4839cd1c2d53001dcc0696\",\n          \"updated_by\": \"5e4839cd1c2d53001dcc0696\",\n          \"id\": \"5f6851a85ee4c9001d2b96af\"\n        },\n        \"description\": \"Spring Boot makes it easy to create stand-alone, production-grade Spring based Applications that you can \\\"just run\\\".\\n\\n- Embed Tomcat, Jetty or Undertow directly (no need to deploy WAR files)\\n- Provide opinionated 'starter' dependencies to simplify your build configuration\\n- Automatically configure Spring and 3rd party libraries whenever possible\\n- Provide production-ready features such as metrics, health checks, and externalized configuration\",\n        \"id\": \"5f635b6a5ee4c9001d2b9632\"\n      },\n      {\n        \"includeOnResume\": true,\n        \"_id\": \"5f635bb85ee4c9001d2b9635\",\n        \"name\": \"Spring Security\",\n        \"rating\": 9.5,\n        \"createdAt\": \"2020-09-17T12:51:04.405Z\",\n        \"updatedAt\": \"2021-02-26T07:04:09.692Z\",\n        \"__v\": 0,\n        \"created_by\": \"5e4839cd1c2d53001dcc0696\",\n        \"updated_by\": \"5e4839cd1c2d53001dcc0696\",\n        \"image\": {\n          \"_id\": \"5f6852115ee4c9001d2b96b5\",\n          \"name\": \"spring-security-project.png\",\n          \"alternativeText\": \"\",\n          \"caption\": \"\",\n          \"hash\": \"spring_security_project_072bc02e23\",\n          \"ext\": \".png\",\n          \"mime\": \"image/png\",\n          \"size\": 2.18,\n          \"width\": 200,\n          \"height\": 200,\n          \"url\": \"/uploads/spring_security_project_072bc02e23.png\",\n          \"formats\": {\n            \"thumbnail\": {\n              \"name\": \"thumbnail_spring-security-project.png\",\n              \"hash\": \"thumbnail_spring_security_project_072bc02e23\",\n              \"ext\": \".png\",\n              \"mime\": \"image/png\",\n              \"width\": 156,\n              \"height\": 156,\n              \"size\": 6.11,\n              \"path\": null,\n              \"url\": \"/uploads/thumbnail_spring_security_project_072bc02e23.png\"\n            }\n          },\n          \"provider\": \"local\",\n          \"related\": [\n            \"5f635bb85ee4c9001d2b9635\"\n          ],\n          \"createdAt\": \"2020-09-21T07:11:13.729Z\",\n          \"updatedAt\": \"2020-09-21T07:11:16.322Z\",\n          \"__v\": 0,\n          \"created_by\": \"5e4839cd1c2d53001dcc0696\",\n          \"updated_by\": \"5e4839cd1c2d53001dcc0696\",\n          \"id\": \"5f6852115ee4c9001d2b96b5\"\n        },\n        \"description\": \"Spring Security is a framework that focuses on providing both authentication and authorization to Java and Kotlin applications.\\n\\n- Use of core and web modules to provide authorization and RBAC (role based access control) for microservices and web applications. Configured applications to do form based, basic, kerberos, token based, and mutual auth.\\n- Use of @Resource server and jwks (json web keys) to secure services using openid connect resource servers.\\n- Use of OAuth2 client for clients to perform client credential auth flow.\",\n        \"id\": \"5f635bb85ee4c9001d2b9635\"\n      },\n      {\n        \"includeOnResume\": true,\n        \"_id\": \"5f635ca45ee4c9001d2b9643\",\n        \"name\": \"Kubernetes\",\n        \"rating\": 8,\n        \"createdAt\": \"2020-09-17T12:55:00.632Z\",\n        \"updatedAt\": \"2021-02-26T07:04:47.446Z\",\n        \"__v\": 0,\n        \"created_by\": \"5e4839cd1c2d53001dcc0696\",\n        \"updated_by\": \"5e4839cd1c2d53001dcc0696\",\n        \"image\": {\n          \"_id\": \"5f66163d5ee4c9001d2b968e\",\n          \"name\": \"kubernetes.jpeg\",\n          \"alternativeText\": \"\",\n          \"caption\": \"\",\n          \"hash\": \"kubernetes_c13e33fa8c\",\n          \"ext\": \".jpeg\",\n          \"mime\": \"image/jpeg\",\n          \"size\": 17.62,\n          \"width\": 400,\n          \"height\": 388,\n          \"url\": \"/uploads/kubernetes_c13e33fa8c.jpeg\",\n          \"formats\": {\n            \"thumbnail\": {\n              \"name\": \"thumbnail_kubernetes.jpeg\",\n              \"hash\": \"thumbnail_kubernetes_c13e33fa8c\",\n              \"ext\": \".jpeg\",\n              \"mime\": \"image/jpeg\",\n              \"width\": 161,\n              \"height\": 156,\n              \"size\": 6.17,\n              \"path\": null,\n              \"url\": \"/uploads/thumbnail_kubernetes_c13e33fa8c.jpeg\"\n            }\n          },\n          \"provider\": \"local\",\n          \"related\": [\n            \"5f0408c59d8081001fd38fb1\",\n            \"5f635ca45ee4c9001d2b9643\"\n          ],\n          \"createdAt\": \"2020-09-19T14:31:25.284Z\",\n          \"updatedAt\": \"2020-09-21T12:08:28.703Z\",\n          \"__v\": 0,\n          \"created_by\": \"5e4839cd1c2d53001dcc0696\",\n          \"updated_by\": \"5e4839cd1c2d53001dcc0696\",\n          \"id\": \"5f66163d5ee4c9001d2b968e\"\n        },\n        \"description\": \"Kubernetes is a portable, extensible, open-source platform for managing containerized workloads and services, that facilitates both declarative configuration and automation. It has a large, rapidly growing ecosystem. Kubernetes provides you with:\\n\\n- **Service discovery and load balancing**\\n- **Automated rollouts and rollbacks**: You provide Kubernetes with a cluster of nodes that it can use to run containerized tasks. You tell Kubernetes how much CPU and memory (RAM) each container needs. Kubernetes can fit containers onto your nodes to make the best use of your resources.\\n- **Self-healing** Kubernetes restarts containers that fail, replaces containers, kills containers that don't respond to your user-defined health check, and doesn't advertise them to clients until they are ready to serve.\\n- **Secret and configuration management** \",\n        \"id\": \"5f635ca45ee4c9001d2b9643\"\n      }\n    ],\n    \"_id\": \"5e5370e311c196001d06f917\",\n    \"title\": \"Senior Platform Architect\",\n    \"startDate\": \"2018-08-01\",\n    \"endDate\": \"2019-04-12\",\n    \"company\": \"Pivotal\",\n    \"companyUrl\": \"https://pivotal.io/\",\n    \"shortDescription\": \"Applications Focused Platform Architect specialising in cloud native development.\",\n    \"createdAt\": \"2020-02-24T06:44:51.218Z\",\n    \"updatedAt\": \"2021-02-26T08:51:14.653Z\",\n    \"__v\": 0,\n    \"companyImage\": {\n      \"_id\": \"5f6618165ee4c9001d2b969a\",\n      \"name\": \"pivotal (1).png\",\n      \"alternativeText\": \"\",\n      \"caption\": \"\",\n      \"hash\": \"pivotal_1_06ffe33158\",\n      \"ext\": \".png\",\n      \"mime\": \"image/jpeg\",\n      \"size\": 1.9,\n      \"width\": 200,\n      \"height\": 200,\n      \"url\": \"/uploads/pivotal_1_06ffe33158.png\",\n      \"formats\": {\n        \"thumbnail\": {\n          \"name\": \"thumbnail_pivotal (1).png\",\n          \"hash\": \"thumbnail_pivotal_1_06ffe33158\",\n          \"ext\": \".png\",\n          \"mime\": \"image/jpeg\",\n          \"width\": 156,\n          \"height\": 156,\n          \"size\": 1.52,\n          \"path\": null,\n          \"url\": \"/uploads/thumbnail_pivotal_1_06ffe33158.png\"\n        }\n      },\n      \"provider\": \"local\",\n      \"related\": [\n        \"5e5370e311c196001d06f917\"\n      ],\n      \"createdAt\": \"2020-09-19T14:39:18.005Z\",\n      \"updatedAt\": \"2021-02-08T08:20:54.295Z\",\n      \"__v\": 0,\n      \"created_by\": \"5e4839cd1c2d53001dcc0696\",\n      \"updated_by\": \"5e4839cd1c2d53001dcc0696\",\n      \"id\": \"5f6618165ee4c9001d2b969a\"\n    },\n    \"updated_by\": {\n      \"_id\": \"5e4839cd1c2d53001dcc0696\",\n      \"username\": \"simon.rowe@gmail.com\",\n      \"createdAt\": \"2020-02-15T18:34:53.155Z\",\n      \"updatedAt\": \"2020-09-17T07:45:13.526Z\",\n      \"__v\": 0,\n      \"id\": \"5e4839cd1c2d53001dcc0696\"\n    },\n    \"longDescription\": \"Applications focused platform architect, aiding clients to become successful by building cloud-native apps utilizing the Spring ecosystem and platforms like Cloud Foundry and Kubernetes.\\n\\nDuties included:\\n- Delivering Cloud-Native Developer and other workshops to a number of clients which contained topics (not limited to):\\n  - Introduction to Spring Boot\\n  - Reactive programming with Spring Boot and Project Reactor\\n  - Producer driven contracts with Spring Cloud Contract\\n  - Cloud Foundry and BOSH\\n  - The mechanics behind ```cf push``` and the service broker.\\n  - Buildpacks\\n  - Steeltoe\\n\\n- Speaking at the cloud-native meetups and webinars including the most ever subscribed webinar for Pivotal EMEA (at the time): [Securing microservices with Spring and Cloud Foundry](https://www.brighttalk.com/webcast/14883/345709/securing-microservices-with-spring-and-pivotal-cloud-foundry)\\n\\n- Pre-sales pitches to prospective clients outlining the positive outcomes of building cloud-native apps with spring and running them with Cloud Foundry.\",\n    \"location\": \"London\",\n    \"id\": \"5e5370e311c196001d06f917\"\n  },\n  {\n    \"education\": false,\n    \"includeOnResume\": true,\n    \"attachments\": [],\n    \"skills\": [\n      {\n        \"includeOnResume\": false,\n        \"_id\": \"5f635b3f5ee4c9001d2b962f\",\n        \"name\": \"Java 8\",\n        \"rating\": 9,\n        \"order\": 1,\n        \"createdAt\": \"2020-09-17T12:49:03.944Z\",\n        \"updatedAt\": \"2020-09-21T20:44:17.441Z\",\n        \"__v\": 0,\n        \"created_by\": \"5e4839cd1c2d53001dcc0696\",\n        \"updated_by\": \"5e4839cd1c2d53001dcc0696\",\n        \"description\": \"- Generics\\n- Optional\\n- Lambdas\\n- Streams\\n- Date & Time\",\n        \"image\": {\n          \"_id\": \"5f6841c35ee4c9001d2b96aa\",\n          \"name\": \"java8_logo.png\",\n          \"alternativeText\": \"\",\n          \"caption\": \"\",\n          \"hash\": \"java8_logo_b017642616\",\n          \"ext\": \".png\",\n          \"mime\": \"image/png\",\n          \"size\": 41.06,\n          \"width\": 400,\n          \"height\": 427,\n          \"url\": \"/uploads/java8_logo_b017642616.png\",\n          \"formats\": {\n            \"thumbnail\": {\n              \"name\": \"thumbnail_java8_logo.png\",\n              \"hash\": \"thumbnail_java8_logo_b017642616\",\n              \"ext\": \".png\",\n              \"mime\": \"image/png\",\n              \"width\": 146,\n              \"height\": 156,\n              \"size\": 19.29,\n              \"path\": null,\n              \"url\": \"/uploads/thumbnail_java8_logo_b017642616.png\"\n            }\n          },\n          \"provider\": \"local\",\n          \"related\": [\n            \"5f635b3f5ee4c9001d2b962f\"\n          ],\n          \"createdAt\": \"2020-09-21T06:01:39.266Z\",\n          \"updatedAt\": \"2020-09-21T06:03:30.457Z\",\n          \"__v\": 0,\n          \"created_by\": \"5e4839cd1c2d53001dcc0696\",\n          \"updated_by\": \"5e4839cd1c2d53001dcc0696\",\n          \"id\": \"5f6841c35ee4c9001d2b96aa\"\n        },\n        \"id\": \"5f635b3f5ee4c9001d2b962f\"\n      },\n      {\n        \"includeOnResume\": false,\n        \"_id\": \"5f635b8b5ee4c9001d2b9634\",\n        \"name\": \"Spring Data\",\n        \"rating\": 9.5,\n        \"createdAt\": \"2020-09-17T12:50:19.666Z\",\n        \"updatedAt\": \"2020-09-22T05:53:37.879Z\",\n        \"__v\": 0,\n        \"created_by\": \"5e4839cd1c2d53001dcc0696\",\n        \"updated_by\": \"5e4839cd1c2d53001dcc0696\",\n        \"image\": {\n          \"_id\": \"5f6851ee5ee4c9001d2b96b3\",\n          \"name\": \"spring-data.png\",\n          \"alternativeText\": \"\",\n          \"caption\": \"\",\n          \"hash\": \"spring_data_27225967b4\",\n          \"ext\": \".png\",\n          \"mime\": \"image/png\",\n          \"size\": 5.28,\n          \"width\": 400,\n          \"height\": 400,\n          \"url\": \"/uploads/spring_data_27225967b4.png\",\n          \"formats\": {\n            \"thumbnail\": {\n              \"name\": \"thumbnail_spring-data.png\",\n              \"hash\": \"thumbnail_spring_data_27225967b4\",\n              \"ext\": \".png\",\n              \"mime\": \"image/png\",\n              \"width\": 156,\n              \"height\": 156,\n              \"size\": 3.53,\n              \"path\": null,\n              \"url\": \"/uploads/thumbnail_spring_data_27225967b4.png\"\n            }\n          },\n          \"provider\": \"local\",\n          \"related\": [\n            \"5f635b8b5ee4c9001d2b9634\"\n          ],\n          \"createdAt\": \"2020-09-21T07:10:38.765Z\",\n          \"updatedAt\": \"2020-09-21T07:10:41.052Z\",\n          \"__v\": 0,\n          \"created_by\": \"5e4839cd1c2d53001dcc0696\",\n          \"updated_by\": \"5e4839cd1c2d53001dcc0696\",\n          \"id\": \"5f6851ee5ee4c9001d2b96b3\"\n        },\n        \"description\": \"Spring Dataâ€™s mission is to provide a familiar and consistent, Spring-based programming model for data access while still retaining the special traits of the underlying data store.\\n\\nIt makes it easy to use data access technologies, relational and non-relational databases, map-reduce frameworks, and cloud-based data services. \\n\\n- Spring Data Jpa\\n- Spring Data MongoDB\\n- Spring Data Redis\\n- Spring Data Neo4j\\n- Spring Data Vault\\n- Spring Data Elasticsearch\",\n        \"id\": \"5f635b8b5ee4c9001d2b9634\"\n      },\n      {\n        \"includeOnResume\": false,\n        \"_id\": \"5f635c185ee4c9001d2b963a\",\n        \"name\": \"Maven\",\n        \"rating\": 9.6,\n        \"createdAt\": \"2020-09-17T12:52:40.922Z\",\n        \"updatedAt\": \"2020-09-22T06:36:50.576Z\",\n        \"__v\": 0,\n        \"created_by\": \"5e4839cd1c2d53001dcc0696\",\n        \"updated_by\": \"5e4839cd1c2d53001dcc0696\",\n        \"image\": {\n          \"_id\": \"5f6853265ee4c9001d2b96bf\",\n          \"name\": \"maven.png\",\n          \"alternativeText\": \"\",\n          \"caption\": \"\",\n          \"hash\": \"maven_8510b1d6fa\",\n          \"ext\": \".png\",\n          \"mime\": \"image/png\",\n          \"size\": 30.77,\n          \"width\": 1280,\n          \"height\": 324,\n          \"url\": \"/uploads/maven_8510b1d6fa.png\",\n          \"formats\": {\n            \"thumbnail\": {\n              \"name\": \"thumbnail_maven.png\",\n              \"hash\": \"thumbnail_maven_8510b1d6fa\",\n              \"ext\": \".png\",\n              \"mime\": \"image/png\",\n              \"width\": 245,\n              \"height\": 62,\n              \"size\": 10.07,\n              \"path\": null,\n              \"url\": \"/uploads/thumbnail_maven_8510b1d6fa.png\"\n            },\n            \"large\": {\n              \"name\": \"large_maven.png\",\n              \"hash\": \"large_maven_8510b1d6fa\",\n              \"ext\": \".png\",\n              \"mime\": \"image/png\",\n              \"width\": 1000,\n              \"height\": 253,\n              \"size\": 68.02,\n              \"path\": null,\n              \"url\": \"/uploads/large_maven_8510b1d6fa.png\"\n            },\n            \"medium\": {\n              \"name\": \"medium_maven.png\",\n              \"hash\": \"medium_maven_8510b1d6fa\",\n              \"ext\": \".png\",\n              \"mime\": \"image/png\",\n              \"width\": 750,\n              \"height\": 190,\n              \"size\": 46.3,\n              \"path\": null,\n              \"url\": \"/uploads/medium_maven_8510b1d6fa.png\"\n            },\n            \"small\": {\n              \"name\": \"small_maven.png\",\n              \"hash\": \"small_maven_8510b1d6fa\",\n              \"ext\": \".png\",\n              \"mime\": \"image/png\",\n              \"width\": 500,\n              \"height\": 127,\n              \"size\": 27.01,\n              \"path\": null,\n              \"url\": \"/uploads/small_maven_8510b1d6fa.png\"\n            }\n          },\n          \"provider\": \"local\",\n          \"related\": [\n            \"5f635c185ee4c9001d2b963a\"\n          ],\n          \"createdAt\": \"2020-09-21T07:15:50.288Z\",\n          \"updatedAt\": \"2020-09-21T07:15:57.208Z\",\n          \"__v\": 0,\n          \"created_by\": \"5e4839cd1c2d53001dcc0696\",\n          \"updated_by\": \"5e4839cd1c2d53001dcc0696\",\n          \"id\": \"5f6853265ee4c9001d2b96bf\"\n        },\n        \"description\": \"Maven is a build automation tool used primarily for Java projects. Maven can also be used to build and manage projects written in C#, Ruby, Scala, and other languages. \\n\\nMaven addresses two aspects of building software: how software is built, and its dependencies. An XML file describes the software project being built, its dependencies on other external modules and components, the build order, directories, and required plug-ins. \",\n        \"id\": \"5f635c185ee4c9001d2b963a\"\n      },\n      {\n        \"includeOnResume\": false,\n        \"_id\": \"5f635c2e5ee4c9001d2b963c\",\n        \"name\": \"Jenkins Pipeline\",\n        \"rating\": 8,\n        \"createdAt\": \"2020-09-17T12:53:02.588Z\",\n        \"updatedAt\": \"2020-09-22T06:41:07.845Z\",\n        \"__v\": 0,\n        \"created_by\": \"5e4839cd1c2d53001dcc0696\",\n        \"updated_by\": \"5e4839cd1c2d53001dcc0696\",\n        \"image\": {\n          \"_id\": \"5f65ed105ee4c9001d2b967c\",\n          \"name\": \"jenkins-5-569553.png\",\n          \"alternativeText\": \"\",\n          \"caption\": \"\",\n          \"hash\": \"jenkins_5_569553_cb54b85a4c\",\n          \"ext\": \".png\",\n          \"mime\": \"image/png\",\n          \"size\": 12.15,\n          \"width\": 256,\n          \"height\": 256,\n          \"url\": \"/uploads/jenkins_5_569553_cb54b85a4c.png\",\n          \"formats\": {\n            \"thumbnail\": {\n              \"name\": \"thumbnail_jenkins-5-569553.png\",\n              \"hash\": \"thumbnail_jenkins_5_569553_cb54b85a4c\",\n              \"ext\": \".png\",\n              \"mime\": \"image/png\",\n              \"width\": 156,\n              \"height\": 156,\n              \"size\": 16.21,\n              \"path\": null,\n              \"url\": \"/uploads/thumbnail_jenkins_5_569553_cb54b85a4c.png\"\n            }\n          },\n          \"provider\": \"local\",\n          \"related\": [\n            \"5f635a195ee4c9001d2b962a\",\n            \"5f635c2e5ee4c9001d2b963c\"\n          ],\n          \"createdAt\": \"2020-09-19T11:35:44.624Z\",\n          \"updatedAt\": \"2020-09-21T07:16:50.216Z\",\n          \"__v\": 0,\n          \"created_by\": \"5e4839cd1c2d53001dcc0696\",\n          \"updated_by\": \"5e4839cd1c2d53001dcc0696\",\n          \"id\": \"5f65ed105ee4c9001d2b967c\"\n        },\n        \"description\": \"Pipeline is a suite of plugins that supports implementing and integrating continuous delivery pipelines into Jenkins. Pipeline provides an extensible set of tools for modelling simple-to-complex delivery pipelines \\\"as code\\\" via the Pipeline DSL (groovy). \",\n        \"id\": \"5f635c2e5ee4c9001d2b963c\"\n      },\n      {\n        \"includeOnResume\": false,\n        \"_id\": \"5f635c675ee4c9001d2b9640\",\n        \"name\": \"Nexus\",\n        \"rating\": 9,\n        \"createdAt\": \"2020-09-17T12:53:59.395Z\",\n        \"updatedAt\": \"2020-09-22T21:23:48.288Z\",\n        \"__v\": 0,\n        \"created_by\": \"5e4839cd1c2d53001dcc0696\",\n        \"updated_by\": \"5e4839cd1c2d53001dcc0696\",\n        \"image\": {\n          \"_id\": \"5f6853df5ee4c9001d2b96c9\",\n          \"name\": \"nexus.png\",\n          \"alternativeText\": \"\",\n          \"caption\": \"\",\n          \"hash\": \"nexus_af5b62bc44\",\n          \"ext\": \".png\",\n          \"mime\": \"image/png\",\n          \"size\": 44.1,\n          \"width\": 536,\n          \"height\": 137,\n          \"url\": \"/uploads/nexus_af5b62bc44.png\",\n          \"formats\": {\n            \"thumbnail\": {\n              \"name\": \"thumbnail_nexus.png\",\n              \"hash\": \"thumbnail_nexus_af5b62bc44\",\n              \"ext\": \".png\",\n              \"mime\": \"image/png\",\n              \"width\": 245,\n              \"height\": 63,\n              \"size\": 13.38,\n              \"path\": null,\n              \"url\": \"/uploads/thumbnail_nexus_af5b62bc44.png\"\n            },\n            \"small\": {\n              \"name\": \"small_nexus.png\",\n              \"hash\": \"small_nexus_af5b62bc44\",\n              \"ext\": \".png\",\n              \"mime\": \"image/png\",\n              \"width\": 500,\n              \"height\": 128,\n              \"size\": 45.96,\n              \"path\": null,\n              \"url\": \"/uploads/small_nexus_af5b62bc44.png\"\n            }\n          },\n          \"provider\": \"local\",\n          \"related\": [\n            \"5f635c675ee4c9001d2b9640\"\n          ],\n          \"createdAt\": \"2020-09-21T07:18:55.184Z\",\n          \"updatedAt\": \"2020-09-21T07:18:58.683Z\",\n          \"__v\": 0,\n          \"created_by\": \"5e4839cd1c2d53001dcc0696\",\n          \"updated_by\": \"5e4839cd1c2d53001dcc0696\",\n          \"id\": \"5f6853df5ee4c9001d2b96c9\"\n        },\n        \"description\": \"Universal Support for all Popular Build Tools\\n- Store and distribute Maven/Java, npm, NuGet, Helm, Docker, P2, OBR, APT, GO, R, Conan components and more.\\n- Manage components from dev through delivery: binaries, containers, assemblies, and finished goods.\\n- Awesome support for the Java Virtual Machine (JVM) ecosystem, including Gradle, Ant, Maven, and Ivy.\\n\",\n        \"id\": \"5f635c675ee4c9001d2b9640\"\n      },\n      {\n        \"includeOnResume\": false,\n        \"_id\": \"5f635c745ee4c9001d2b9641\",\n        \"name\": \"Docker\",\n        \"rating\": 9,\n        \"createdAt\": \"2020-09-17T12:54:12.792Z\",\n        \"updatedAt\": \"2020-09-22T21:24:51.714Z\",\n        \"__v\": 0,\n        \"created_by\": \"5e4839cd1c2d53001dcc0696\",\n        \"updated_by\": \"5e4839cd1c2d53001dcc0696\",\n        \"image\": {\n          \"_id\": \"5f6854055ee4c9001d2b96cb\",\n          \"name\": \"docker.jpg\",\n          \"alternativeText\": \"\",\n          \"caption\": \"\",\n          \"hash\": \"docker_7c96f92432\",\n          \"ext\": \".jpg\",\n          \"mime\": \"image/jpeg\",\n          \"size\": 48.98,\n          \"width\": 1920,\n          \"height\": 773,\n          \"url\": \"/uploads/docker_7c96f92432.jpg\",\n          \"formats\": {\n            \"thumbnail\": {\n              \"name\": \"thumbnail_docker.jpg\",\n              \"hash\": \"thumbnail_docker_7c96f92432\",\n              \"ext\": \".jpg\",\n              \"mime\": \"image/jpeg\",\n              \"width\": 245,\n              \"height\": 99,\n              \"size\": 3.9,\n              \"path\": null,\n              \"url\": \"/uploads/thumbnail_docker_7c96f92432.jpg\"\n            },\n            \"large\": {\n              \"name\": \"large_docker.jpg\",\n              \"hash\": \"large_docker_7c96f92432\",\n              \"ext\": \".jpg\",\n              \"mime\": \"image/jpeg\",\n              \"width\": 1000,\n              \"height\": 403,\n              \"size\": 22.78,\n              \"path\": null,\n              \"url\": \"/uploads/large_docker_7c96f92432.jpg\"\n            },\n            \"medium\": {\n              \"name\": \"medium_docker.jpg\",\n              \"hash\": \"medium_docker_7c96f92432\",\n              \"ext\": \".jpg\",\n              \"mime\": \"image/jpeg\",\n              \"width\": 750,\n              \"height\": 302,\n              \"size\": 16.09,\n              \"path\": null,\n              \"url\": \"/uploads/medium_docker_7c96f92432.jpg\"\n            },\n            \"small\": {\n              \"name\": \"small_docker.jpg\",\n              \"hash\": \"small_docker_7c96f92432\",\n              \"ext\": \".jpg\",\n              \"mime\": \"image/jpeg\",\n              \"width\": 500,\n              \"height\": 201,\n              \"size\": 9.27,\n              \"path\": null,\n              \"url\": \"/uploads/small_docker_7c96f92432.jpg\"\n            }\n          },\n          \"provider\": \"local\",\n          \"related\": [\n            \"5f635c745ee4c9001d2b9641\"\n          ],\n          \"createdAt\": \"2020-09-21T07:19:33.005Z\",\n          \"updatedAt\": \"2020-09-21T07:19:36.606Z\",\n          \"__v\": 0,\n          \"created_by\": \"5e4839cd1c2d53001dcc0696\",\n          \"updated_by\": \"5e4839cd1c2d53001dcc0696\",\n          \"id\": \"5f6854055ee4c9001d2b96cb\"\n        },\n        \"description\": \"Docker is a set of platform as a service (PaaS) products that use OS-level virtualization to deliver software in packages called containers. Containers are isolated from one another and bundle their own software, libraries and configuration files; they can communicate with each other through well-defined channels. All containers are run by a single operating system kernel and therefore use fewer resources than virtual machines\",\n        \"id\": \"5f635c745ee4c9001d2b9641\"\n      },\n      {\n        \"includeOnResume\": false,\n        \"_id\": \"5f635c845ee4c9001d2b9642\",\n        \"name\": \"Git\",\n        \"rating\": 8.5,\n        \"createdAt\": \"2020-09-17T12:54:28.354Z\",\n        \"updatedAt\": \"2020-09-22T21:25:42.765Z\",\n        \"__v\": 0,\n        \"created_by\": \"5e4839cd1c2d53001dcc0696\",\n        \"updated_by\": \"5e4839cd1c2d53001dcc0696\",\n        \"image\": {\n          \"_id\": \"5f6854325ee4c9001d2b96cd\",\n          \"name\": \"git.png\",\n          \"alternativeText\": \"\",\n          \"caption\": \"\",\n          \"hash\": \"git_b7469ae68c\",\n          \"ext\": \".png\",\n          \"mime\": \"image/png\",\n          \"size\": 2.33,\n          \"width\": 200,\n          \"height\": 200,\n          \"url\": \"/uploads/git_b7469ae68c.png\",\n          \"formats\": {\n            \"thumbnail\": {\n              \"name\": \"thumbnail_git.png\",\n              \"hash\": \"thumbnail_git_b7469ae68c\",\n              \"ext\": \".png\",\n              \"mime\": \"image/png\",\n              \"width\": 156,\n              \"height\": 156,\n              \"size\": 7.38,\n              \"path\": null,\n              \"url\": \"/uploads/thumbnail_git_b7469ae68c.png\"\n            }\n          },\n          \"provider\": \"local\",\n          \"related\": [\n            \"5f635c845ee4c9001d2b9642\"\n          ],\n          \"createdAt\": \"2020-09-21T07:20:18.490Z\",\n          \"updatedAt\": \"2020-09-21T07:20:20.982Z\",\n          \"__v\": 0,\n          \"created_by\": \"5e4839cd1c2d53001dcc0696\",\n          \"updated_by\": \"5e4839cd1c2d53001dcc0696\",\n          \"id\": \"5f6854325ee4c9001d2b96cd\"\n        },\n        \"description\": \"Git is a free and open source distributed version control system designed to handle everything from small to very large projects with speed and efficiency. \",\n        \"id\": \"5f635c845ee4c9001d2b9642\"\n      },\n      {\n        \"includeOnResume\": false,\n        \"_id\": \"5f635cb65ee4c9001d2b9644\",\n        \"name\": \"AWS - ECS\",\n        \"rating\": 8,\n        \"description\": \"Amazon Elastic Container Service (ECS) is a highly scalable, high performance container management service that supports Docker containers and allows you to easily run applications on a managed cluster of Amazon EC2 instances. Amazon ECS eliminates the need for you to install, operate, and scale your own cluster management infrastructure. With simple API calls, you can launch and stop container-enabled applications, query the complete state of your cluster, and access many familiar features like security groups, Elastic Load Balancing, EBS volumes and IAM roles\",\n        \"createdAt\": \"2020-09-17T12:55:18.301Z\",\n        \"updatedAt\": \"2020-09-27T06:49:35.428Z\",\n        \"__v\": 0,\n        \"created_by\": \"5e4839cd1c2d53001dcc0696\",\n        \"updated_by\": \"5e4839cd1c2d53001dcc0696\",\n        \"image\": {\n          \"_id\": \"5f6897ea76320d001e515e60\",\n          \"name\": \"ecs.png\",\n          \"alternativeText\": \"\",\n          \"caption\": \"\",\n          \"hash\": \"ecs_f4508bbd79\",\n          \"ext\": \".png\",\n          \"mime\": \"image/png\",\n          \"size\": 4.69,\n          \"width\": 225,\n          \"height\": 225,\n          \"url\": \"/uploads/ecs_f4508bbd79.png\",\n          \"formats\": {\n            \"thumbnail\": {\n              \"name\": \"thumbnail_ecs.png\",\n              \"hash\": \"thumbnail_ecs_f4508bbd79\",\n              \"ext\": \".png\",\n              \"mime\": \"image/png\",\n              \"width\": 156,\n              \"height\": 156,\n              \"size\": 7.42,\n              \"path\": null,\n              \"url\": \"/uploads/thumbnail_ecs_f4508bbd79.png\"\n            }\n          },\n          \"provider\": \"local\",\n          \"related\": [\n            \"5f635cb65ee4c9001d2b9644\"\n          ],\n          \"createdAt\": \"2020-09-21T12:09:14.953Z\",\n          \"updatedAt\": \"2020-09-21T12:09:17.864Z\",\n          \"__v\": 0,\n          \"created_by\": \"5e4839cd1c2d53001dcc0696\",\n          \"updated_by\": \"5e4839cd1c2d53001dcc0696\",\n          \"id\": \"5f6897ea76320d001e515e60\"\n        },\n        \"id\": \"5f635cb65ee4c9001d2b9644\"\n      },\n      {\n        \"includeOnResume\": false,\n        \"_id\": \"5f635cc45ee4c9001d2b9645\",\n        \"name\": \"AWS - Fargate\",\n        \"rating\": 7,\n        \"createdAt\": \"2020-09-17T12:55:32.680Z\",\n        \"updatedAt\": \"2020-09-27T06:50:18.561Z\",\n        \"__v\": 0,\n        \"created_by\": \"5e4839cd1c2d53001dcc0696\",\n        \"updated_by\": \"5e4839cd1c2d53001dcc0696\",\n        \"image\": {\n          \"_id\": \"5f68982076320d001e515e62\",\n          \"name\": \"fargate.png\",\n          \"alternativeText\": \"\",\n          \"caption\": \"\",\n          \"hash\": \"fargate_3b86f9892a\",\n          \"ext\": \".png\",\n          \"mime\": \"image/png\",\n          \"size\": 3.65,\n          \"width\": 200,\n          \"height\": 200,\n          \"url\": \"/uploads/fargate_3b86f9892a.png\",\n          \"formats\": {\n            \"thumbnail\": {\n              \"name\": \"thumbnail_fargate.png\",\n              \"hash\": \"thumbnail_fargate_3b86f9892a\",\n              \"ext\": \".png\",\n              \"mime\": \"image/png\",\n              \"width\": 156,\n              \"height\": 156,\n              \"size\": 8.41,\n              \"path\": null,\n              \"url\": \"/uploads/thumbnail_fargate_3b86f9892a.png\"\n            }\n          },\n          \"provider\": \"local\",\n          \"related\": [\n            \"5f635cc45ee4c9001d2b9645\"\n          ],\n          \"createdAt\": \"2020-09-21T12:10:08.819Z\",\n          \"updatedAt\": \"2020-09-21T12:10:11.658Z\",\n          \"__v\": 0,\n          \"created_by\": \"5e4839cd1c2d53001dcc0696\",\n          \"updated_by\": \"5e4839cd1c2d53001dcc0696\",\n          \"id\": \"5f68982076320d001e515e62\"\n        },\n        \"description\": \"AWS Fargate is a serverless compute engine for containers that works with both Amazon Elastic Container Service (ECS) and Amazon Elastic Kubernetes Service (EKS). Fargate makes it easy for you to focus on building your applications. Fargate removes the need to provision and manage servers, lets you specify and pay for resources per application, and improves security through application isolation by design.\",\n        \"id\": \"5f635cc45ee4c9001d2b9645\"\n      },\n      {\n        \"includeOnResume\": false,\n        \"_id\": \"5f635cdc5ee4c9001d2b9646\",\n        \"name\": \"AWS - CloudFormation\",\n        \"rating\": 9.5,\n        \"createdAt\": \"2020-09-17T12:55:56.841Z\",\n        \"updatedAt\": \"2020-09-27T06:51:24.500Z\",\n        \"__v\": 0,\n        \"created_by\": \"5e4839cd1c2d53001dcc0696\",\n        \"updated_by\": \"5e4839cd1c2d53001dcc0696\",\n        \"image\": {\n          \"_id\": \"5f68983d76320d001e515e64\",\n          \"name\": \"cf.jpg\",\n          \"alternativeText\": \"\",\n          \"caption\": \"\",\n          \"hash\": \"cf_7ceac17244\",\n          \"ext\": \".jpg\",\n          \"mime\": \"image/jpeg\",\n          \"size\": 66.75,\n          \"width\": 1200,\n          \"height\": 701,\n          \"url\": \"/uploads/cf_7ceac17244.jpg\",\n          \"formats\": {\n            \"thumbnail\": {\n              \"name\": \"thumbnail_cf.jpg\",\n              \"hash\": \"thumbnail_cf_7ceac17244\",\n              \"ext\": \".jpg\",\n              \"mime\": \"image/jpeg\",\n              \"width\": 245,\n              \"height\": 143,\n              \"size\": 10.07,\n              \"path\": null,\n              \"url\": \"/uploads/thumbnail_cf_7ceac17244.jpg\"\n            },\n            \"large\": {\n              \"name\": \"large_cf.jpg\",\n              \"hash\": \"large_cf_7ceac17244\",\n              \"ext\": \".jpg\",\n              \"mime\": \"image/jpeg\",\n              \"width\": 1000,\n              \"height\": 584,\n              \"size\": 66.83,\n              \"path\": null,\n              \"url\": \"/uploads/large_cf_7ceac17244.jpg\"\n            },\n            \"medium\": {\n              \"name\": \"medium_cf.jpg\",\n              \"hash\": \"medium_cf_7ceac17244\",\n              \"ext\": \".jpg\",\n              \"mime\": \"image/jpeg\",\n              \"width\": 750,\n              \"height\": 438,\n              \"size\": 42.12,\n              \"path\": null,\n              \"url\": \"/uploads/medium_cf_7ceac17244.jpg\"\n            },\n            \"small\": {\n              \"name\": \"small_cf.jpg\",\n              \"hash\": \"small_cf_7ceac17244\",\n              \"ext\": \".jpg\",\n              \"mime\": \"image/jpeg\",\n              \"width\": 500,\n              \"height\": 292,\n              \"size\": 24.01,\n              \"path\": null,\n              \"url\": \"/uploads/small_cf_7ceac17244.jpg\"\n            }\n          },\n          \"provider\": \"local\",\n          \"related\": [\n            \"5f635cdc5ee4c9001d2b9646\"\n          ],\n          \"createdAt\": \"2020-09-21T12:10:37.168Z\",\n          \"updatedAt\": \"2020-09-21T12:10:39.988Z\",\n          \"__v\": 0,\n          \"created_by\": \"5e4839cd1c2d53001dcc0696\",\n          \"updated_by\": \"5e4839cd1c2d53001dcc0696\",\n          \"id\": \"5f68983d76320d001e515e64\"\n        },\n        \"description\": \"AWS CloudFormation is a service that gives developers and businesses an easy way to create a collection of related AWS and third party resources and provision them in an orderly and predictable fashion.\\n\\nIt automates and simplifies the task of repeatedly and predictably creating groups of related resources that power your applications. Creating and interconnecting all resources your application needs to run is now as simple as creating a single EC2 or RDS instance.\",\n        \"id\": \"5f635cdc5ee4c9001d2b9646\"\n      },\n      {\n        \"includeOnResume\": false,\n        \"_id\": \"5f635ceb5ee4c9001d2b9647\",\n        \"name\": \"AWS - S3\",\n        \"rating\": 8,\n        \"createdAt\": \"2020-09-17T12:56:11.563Z\",\n        \"updatedAt\": \"2020-09-27T06:52:01.746Z\",\n        \"__v\": 0,\n        \"created_by\": \"5e4839cd1c2d53001dcc0696\",\n        \"updated_by\": \"5e4839cd1c2d53001dcc0696\",\n        \"image\": {\n          \"_id\": \"5f68985776320d001e515e66\",\n          \"name\": \"s3.png\",\n          \"alternativeText\": \"\",\n          \"caption\": \"\",\n          \"hash\": \"s3_f1eb448aa2\",\n          \"ext\": \".png\",\n          \"mime\": \"image/png\",\n          \"size\": 23.68,\n          \"width\": 640,\n          \"height\": 480,\n          \"url\": \"/uploads/s3_f1eb448aa2.png\",\n          \"formats\": {\n            \"thumbnail\": {\n              \"name\": \"thumbnail_s3.png\",\n              \"hash\": \"thumbnail_s3_f1eb448aa2\",\n              \"ext\": \".png\",\n              \"mime\": \"image/png\",\n              \"width\": 208,\n              \"height\": 156,\n              \"size\": 9.08,\n              \"path\": null,\n              \"url\": \"/uploads/thumbnail_s3_f1eb448aa2.png\"\n            },\n            \"small\": {\n              \"name\": \"small_s3.png\",\n              \"hash\": \"small_s3_f1eb448aa2\",\n              \"ext\": \".png\",\n              \"mime\": \"image/png\",\n              \"width\": 500,\n              \"height\": 375,\n              \"size\": 25.31,\n              \"path\": null,\n              \"url\": \"/uploads/small_s3_f1eb448aa2.png\"\n            }\n          },\n          \"provider\": \"local\",\n          \"related\": [\n            \"5f635ceb5ee4c9001d2b9647\"\n          ],\n          \"createdAt\": \"2020-09-21T12:11:03.327Z\",\n          \"updatedAt\": \"2020-09-21T12:11:05.739Z\",\n          \"__v\": 0,\n          \"created_by\": \"5e4839cd1c2d53001dcc0696\",\n          \"updated_by\": \"5e4839cd1c2d53001dcc0696\",\n          \"id\": \"5f68985776320d001e515e66\"\n        },\n        \"description\": \"Amazon S3 is object storage built to store and retrieve any amount of data from anywhere on the Internet. Itâ€™s a simple storage service that offers an extremely durable, highly available, and infinitely scalable data storage infrastructure at very low costs.\",\n        \"id\": \"5f635ceb5ee4c9001d2b9647\"\n      },\n      {\n        \"includeOnResume\": false,\n        \"_id\": \"5f635d045ee4c9001d2b9649\",\n        \"name\": \"AWS - Route53\",\n        \"rating\": 7.5,\n        \"createdAt\": \"2020-09-17T12:56:36.422Z\",\n        \"updatedAt\": \"2020-09-27T06:53:15.051Z\",\n        \"__v\": 0,\n        \"created_by\": \"5e4839cd1c2d53001dcc0696\",\n        \"updated_by\": \"5e4839cd1c2d53001dcc0696\",\n        \"image\": {\n          \"_id\": \"5f6898a276320d001e515e6a\",\n          \"name\": \"route53.png\",\n          \"alternativeText\": \"\",\n          \"caption\": \"\",\n          \"hash\": \"route53_57997bf7d8\",\n          \"ext\": \".png\",\n          \"mime\": \"image/png\",\n          \"size\": 2.56,\n          \"width\": 192,\n          \"height\": 130,\n          \"url\": \"/uploads/route53_57997bf7d8.png\",\n          \"provider\": \"local\",\n          \"related\": [\n            \"5f635d045ee4c9001d2b9649\"\n          ],\n          \"createdAt\": \"2020-09-21T12:12:18.441Z\",\n          \"updatedAt\": \"2020-09-21T12:12:24.038Z\",\n          \"__v\": 0,\n          \"created_by\": \"5e4839cd1c2d53001dcc0696\",\n          \"updated_by\": \"5e4839cd1c2d53001dcc0696\",\n          \"id\": \"5f6898a276320d001e515e6a\"\n        },\n        \"description\": \"Amazon Route 53 is a highly available and scalable cloud Domain Name System (DNS) web service. It is designed to give developers and businesses an extremely reliable and cost effective way to route end users to Internet applications by translating names like www.example.com into the numeric IP addresses like 192.0.2.1 that computers use to connect to each other. Amazon Route 53 is fully compliant with IPv6 as well\",\n        \"id\": \"5f635d045ee4c9001d2b9649\"\n      },\n      {\n        \"includeOnResume\": false,\n        \"_id\": \"5f635d115ee4c9001d2b964a\",\n        \"name\": \"AWS - IAM\",\n        \"rating\": 7,\n        \"createdAt\": \"2020-09-17T12:56:49.670Z\",\n        \"updatedAt\": \"2020-09-27T06:53:59.726Z\",\n        \"__v\": 0,\n        \"created_by\": \"5e4839cd1c2d53001dcc0696\",\n        \"updated_by\": \"5e4839cd1c2d53001dcc0696\",\n        \"image\": {\n          \"_id\": \"5f6898ca76320d001e515e6c\",\n          \"name\": \"iam.png\",\n          \"alternativeText\": \"\",\n          \"caption\": \"\",\n          \"hash\": \"iam_aee5d387fa\",\n          \"ext\": \".png\",\n          \"mime\": \"image/png\",\n          \"size\": 3.46,\n          \"width\": 225,\n          \"height\": 225,\n          \"url\": \"/uploads/iam_aee5d387fa.png\",\n          \"formats\": {\n            \"thumbnail\": {\n              \"name\": \"thumbnail_iam.png\",\n              \"hash\": \"thumbnail_iam_aee5d387fa\",\n              \"ext\": \".png\",\n              \"mime\": \"image/png\",\n              \"width\": 156,\n              \"height\": 156,\n              \"size\": 5.51,\n              \"path\": null,\n              \"url\": \"/uploads/thumbnail_iam_aee5d387fa.png\"\n            }\n          },\n          \"provider\": \"local\",\n          \"related\": [\n            \"5f635d115ee4c9001d2b964a\"\n          ],\n          \"createdAt\": \"2020-09-21T12:12:58.193Z\",\n          \"updatedAt\": \"2020-09-21T12:13:02.099Z\",\n          \"__v\": 0,\n          \"created_by\": \"5e4839cd1c2d53001dcc0696\",\n          \"updated_by\": \"5e4839cd1c2d53001dcc0696\",\n          \"id\": \"5f6898ca76320d001e515e6c\"\n        },\n        \"description\": \"AWS Identity and Access Management (IAM) enables you to manage access to AWS services and resources securely. Using IAM, you can create and manage AWS users and groups, and use permissions to allow and deny their access to AWS resources.\",\n        \"id\": \"5f635d115ee4c9001d2b964a\"\n      },\n      {\n        \"includeOnResume\": false,\n        \"_id\": \"5f635d1e5ee4c9001d2b964b\",\n        \"name\": \"AWS - Lambda\",\n        \"rating\": 7.5,\n        \"createdAt\": \"2020-09-17T12:57:02.884Z\",\n        \"updatedAt\": \"2020-09-27T06:55:02.355Z\",\n        \"__v\": 0,\n        \"created_by\": \"5e4839cd1c2d53001dcc0696\",\n        \"updated_by\": \"5e4839cd1c2d53001dcc0696\",\n        \"image\": {\n          \"_id\": \"5f6898e876320d001e515e6e\",\n          \"name\": \"lambda.png\",\n          \"alternativeText\": \"\",\n          \"caption\": \"\",\n          \"hash\": \"lambda_83b6712cd2\",\n          \"ext\": \".png\",\n          \"mime\": \"image/png\",\n          \"size\": 4.7,\n          \"width\": 334,\n          \"height\": 183,\n          \"url\": \"/uploads/lambda_83b6712cd2.png\",\n          \"formats\": {\n            \"thumbnail\": {\n              \"name\": \"thumbnail_lambda.png\",\n              \"hash\": \"thumbnail_lambda_83b6712cd2\",\n              \"ext\": \".png\",\n              \"mime\": \"image/png\",\n              \"width\": 245,\n              \"height\": 134,\n              \"size\": 7,\n              \"path\": null,\n              \"url\": \"/uploads/thumbnail_lambda_83b6712cd2.png\"\n            }\n          },\n          \"provider\": \"local\",\n          \"related\": [\n            \"5f635d1e5ee4c9001d2b964b\"\n          ],\n          \"createdAt\": \"2020-09-21T12:13:28.463Z\",\n          \"updatedAt\": \"2020-09-21T12:13:31.866Z\",\n          \"__v\": 0,\n          \"created_by\": \"5e4839cd1c2d53001dcc0696\",\n          \"updated_by\": \"5e4839cd1c2d53001dcc0696\",\n          \"id\": \"5f6898e876320d001e515e6e\"\n        },\n        \"description\": \"AWS Lambda is a compute service that lets you run code without provisioning or managing servers. AWS Lambda executes your code only when needed and scales automatically, from a few requests per day to thousands per second. You pay only for the compute time you consume - there is no charge when your code is not running\",\n        \"id\": \"5f635d1e5ee4c9001d2b964b\"\n      },\n      {\n        \"includeOnResume\": false,\n        \"_id\": \"5f635d2c5ee4c9001d2b964c\",\n        \"name\": \"AWS - RDS\",\n        \"rating\": 7.5,\n        \"createdAt\": \"2020-09-17T12:57:16.194Z\",\n        \"updatedAt\": \"2020-09-27T06:55:35.600Z\",\n        \"__v\": 0,\n        \"created_by\": \"5e4839cd1c2d53001dcc0696\",\n        \"updated_by\": \"5e4839cd1c2d53001dcc0696\",\n        \"image\": {\n          \"_id\": \"5f68990776320d001e515e70\",\n          \"name\": \"rds.png\",\n          \"alternativeText\": \"\",\n          \"caption\": \"\",\n          \"hash\": \"rds_67bfb2bd99\",\n          \"ext\": \".png\",\n          \"mime\": \"image/png\",\n          \"size\": 4.21,\n          \"width\": 210,\n          \"height\": 240,\n          \"url\": \"/uploads/rds_67bfb2bd99.png\",\n          \"formats\": {\n            \"thumbnail\": {\n              \"name\": \"thumbnail_rds.png\",\n              \"hash\": \"thumbnail_rds_67bfb2bd99\",\n              \"ext\": \".png\",\n              \"mime\": \"image/png\",\n              \"width\": 136,\n              \"height\": 156,\n              \"size\": 5.72,\n              \"path\": null,\n              \"url\": \"/uploads/thumbnail_rds_67bfb2bd99.png\"\n            }\n          },\n          \"provider\": \"local\",\n          \"related\": [\n            \"5f635d2c5ee4c9001d2b964c\"\n          ],\n          \"createdAt\": \"2020-09-21T12:13:59.118Z\",\n          \"updatedAt\": \"2020-09-21T12:14:02.232Z\",\n          \"__v\": 0,\n          \"created_by\": \"5e4839cd1c2d53001dcc0696\",\n          \"updated_by\": \"5e4839cd1c2d53001dcc0696\",\n          \"id\": \"5f68990776320d001e515e70\"\n        },\n        \"description\": \"Amazon Relational Database Service (Amazon RDS) makes it easy to set up, operate, and scale a relational database in the cloud. It provides cost-efficient and resizable capacity while automating time-consuming administration tasks such as hardware provisioning, database setup, patching and backups. It frees you to focus on your applications so you can give them the fast performance, high availability, security and compatibility they need.\",\n        \"id\": \"5f635d2c5ee4c9001d2b964c\"\n      },\n      {\n        \"includeOnResume\": false,\n        \"_id\": \"5f635d425ee4c9001d2b964d\",\n        \"name\": \"Redis\",\n        \"rating\": 8,\n        \"createdAt\": \"2020-09-17T12:57:38.768Z\",\n        \"updatedAt\": \"2020-09-27T06:56:29.134Z\",\n        \"__v\": 0,\n        \"created_by\": \"5e4839cd1c2d53001dcc0696\",\n        \"updated_by\": \"5e4839cd1c2d53001dcc0696\",\n        \"image\": {\n          \"_id\": \"5f68553f5ee4c9001d2b96d3\",\n          \"name\": \"redis-logo-2.png\",\n          \"alternativeText\": \"\",\n          \"caption\": \"\",\n          \"hash\": \"redis_logo_2_b02d4d4e13\",\n          \"ext\": \".png\",\n          \"mime\": \"image/png\",\n          \"size\": 105.56,\n          \"width\": 900,\n          \"height\": 900,\n          \"url\": \"/uploads/redis_logo_2_b02d4d4e13.png\",\n          \"formats\": {\n            \"thumbnail\": {\n              \"name\": \"thumbnail_redis-logo-2.png\",\n              \"hash\": \"thumbnail_redis_logo_2_b02d4d4e13\",\n              \"ext\": \".png\",\n              \"mime\": \"image/png\",\n              \"width\": 156,\n              \"height\": 156,\n              \"size\": 6.96,\n              \"path\": null,\n              \"url\": \"/uploads/thumbnail_redis_logo_2_b02d4d4e13.png\"\n            },\n            \"medium\": {\n              \"name\": \"medium_redis-logo-2.png\",\n              \"hash\": \"medium_redis_logo_2_b02d4d4e13\",\n              \"ext\": \".png\",\n              \"mime\": \"image/png\",\n              \"width\": 750,\n              \"height\": 750,\n              \"size\": 83.5,\n              \"path\": null,\n              \"url\": \"/uploads/medium_redis_logo_2_b02d4d4e13.png\"\n            },\n            \"small\": {\n              \"name\": \"small_redis-logo-2.png\",\n              \"hash\": \"small_redis_logo_2_b02d4d4e13\",\n              \"ext\": \".png\",\n              \"mime\": \"image/png\",\n              \"width\": 500,\n              \"height\": 500,\n              \"size\": 40.75,\n              \"path\": null,\n              \"url\": \"/uploads/small_redis_logo_2_b02d4d4e13.png\"\n            }\n          },\n          \"provider\": \"local\",\n          \"related\": [\n            \"5f635d425ee4c9001d2b964d\"\n          ],\n          \"createdAt\": \"2020-09-21T07:24:47.646Z\",\n          \"updatedAt\": \"2020-09-21T07:24:50.074Z\",\n          \"__v\": 0,\n          \"created_by\": \"5e4839cd1c2d53001dcc0696\",\n          \"updated_by\": \"5e4839cd1c2d53001dcc0696\",\n          \"id\": \"5f68553f5ee4c9001d2b96d3\"\n        },\n        \"description\": \"Redis is an open source (BSD licensed), in-memory data structure store, used as a database, cache and message broker. It supports data structures such as strings, hashes, lists, sets, sorted sets with range queries, bitmaps, hyperloglogs, geospatial indexes with radius queries and streams. Redis has built-in replication, Lua scripting, LRU eviction, transactions and different levels of on-disk persistence, and provides high availability and automatic partitioning.\",\n        \"id\": \"5f635d425ee4c9001d2b964d\"\n      },\n      {\n        \"includeOnResume\": false,\n        \"_id\": \"5f635d7e5ee4c9001d2b964f\",\n        \"name\": \"Elastic Search\",\n        \"rating\": 8,\n        \"createdAt\": \"2020-09-17T12:58:38.380Z\",\n        \"updatedAt\": \"2020-09-27T06:58:23.605Z\",\n        \"__v\": 0,\n        \"created_by\": \"5e4839cd1c2d53001dcc0696\",\n        \"updated_by\": \"5e4839cd1c2d53001dcc0696\",\n        \"image\": {\n          \"_id\": \"5f6855745ee4c9001d2b96d7\",\n          \"name\": \"es.png\",\n          \"alternativeText\": \"\",\n          \"caption\": \"\",\n          \"hash\": \"es_ade26b1517\",\n          \"ext\": \".png\",\n          \"mime\": \"image/png\",\n          \"size\": 5.08,\n          \"width\": 200,\n          \"height\": 200,\n          \"url\": \"/uploads/es_ade26b1517.png\",\n          \"formats\": {\n            \"thumbnail\": {\n              \"name\": \"thumbnail_es.png\",\n              \"hash\": \"thumbnail_es_ade26b1517\",\n              \"ext\": \".png\",\n              \"mime\": \"image/png\",\n              \"width\": 156,\n              \"height\": 156,\n              \"size\": 5.88,\n              \"path\": null,\n              \"url\": \"/uploads/thumbnail_es_ade26b1517.png\"\n            }\n          },\n          \"provider\": \"local\",\n          \"related\": [\n            \"5f635d7e5ee4c9001d2b964f\"\n          ],\n          \"createdAt\": \"2020-09-21T07:25:40.480Z\",\n          \"updatedAt\": \"2020-09-21T07:25:42.481Z\",\n          \"__v\": 0,\n          \"created_by\": \"5e4839cd1c2d53001dcc0696\",\n          \"updated_by\": \"5e4839cd1c2d53001dcc0696\",\n          \"id\": \"5f6855745ee4c9001d2b96d7\"\n        },\n        \"description\": \"Elasticsearch is a search engine based on the Lucene library. It provides a distributed, multitenant-capable full-text search engine with an HTTP web interface and schema-free JSON documents\",\n        \"id\": \"5f635d7e5ee4c9001d2b964f\"\n      },\n      {\n        \"includeOnResume\": false,\n        \"_id\": \"5f635d875ee4c9001d2b9650\",\n        \"name\": \"Solr\",\n        \"rating\": 7.7,\n        \"createdAt\": \"2020-09-17T12:58:47.231Z\",\n        \"updatedAt\": \"2020-09-27T06:59:23.925Z\",\n        \"__v\": 0,\n        \"created_by\": \"5e4839cd1c2d53001dcc0696\",\n        \"updated_by\": \"5e4839cd1c2d53001dcc0696\",\n        \"image\": {\n          \"_id\": \"5f68558f5ee4c9001d2b96d9\",\n          \"name\": \"solr.png\",\n          \"alternativeText\": \"\",\n          \"caption\": \"\",\n          \"hash\": \"solr_9bf8fe4844\",\n          \"ext\": \".png\",\n          \"mime\": \"image/png\",\n          \"size\": 39.59,\n          \"width\": 283,\n          \"height\": 156,\n          \"url\": \"/uploads/solr_9bf8fe4844.png\",\n          \"formats\": {\n            \"thumbnail\": {\n              \"name\": \"thumbnail_solr.png\",\n              \"hash\": \"thumbnail_solr_9bf8fe4844\",\n              \"ext\": \".png\",\n              \"mime\": \"image/png\",\n              \"width\": 245,\n              \"height\": 135,\n              \"size\": 45.65,\n              \"path\": null,\n              \"url\": \"/uploads/thumbnail_solr_9bf8fe4844.png\"\n            }\n          },\n          \"provider\": \"local\",\n          \"related\": [\n            \"5f635d875ee4c9001d2b9650\"\n          ],\n          \"createdAt\": \"2020-09-21T07:26:07.746Z\",\n          \"updatedAt\": \"2020-09-21T07:26:09.772Z\",\n          \"__v\": 0,\n          \"created_by\": \"5e4839cd1c2d53001dcc0696\",\n          \"updated_by\": \"5e4839cd1c2d53001dcc0696\",\n          \"id\": \"5f68558f5ee4c9001d2b96d9\"\n        },\n        \"description\": \"Solr is highly reliable, scalable and fault tolerant, providing distributed indexing, replication and load-balanced querying, automated failover and recovery, centralized configuration and more. Solr powers the search and navigation features of many of the world's largest internet sites\",\n        \"id\": \"5f635d875ee4c9001d2b9650\"\n      },\n      {\n        \"includeOnResume\": false,\n        \"_id\": \"5f635d905ee4c9001d2b9651\",\n        \"name\": \"MongoDB\",\n        \"rating\": 9,\n        \"createdAt\": \"2020-09-17T12:58:56.643Z\",\n        \"updatedAt\": \"2020-09-27T07:41:31.043Z\",\n        \"__v\": 0,\n        \"created_by\": \"5e4839cd1c2d53001dcc0696\",\n        \"updated_by\": \"5e4839cd1c2d53001dcc0696\",\n        \"image\": {\n          \"_id\": \"5f6855b65ee4c9001d2b96db\",\n          \"name\": \"mongodb.jpg\",\n          \"alternativeText\": \"\",\n          \"caption\": \"\",\n          \"hash\": \"mongodb_1846260238\",\n          \"ext\": \".jpg\",\n          \"mime\": \"image/jpeg\",\n          \"size\": 5.25,\n          \"width\": 399,\n          \"height\": 399,\n          \"url\": \"/uploads/mongodb_1846260238.jpg\",\n          \"formats\": {\n            \"thumbnail\": {\n              \"name\": \"thumbnail_mongodb.jpg\",\n              \"hash\": \"thumbnail_mongodb_1846260238\",\n              \"ext\": \".jpg\",\n              \"mime\": \"image/jpeg\",\n              \"width\": 156,\n              \"height\": 156,\n              \"size\": 1.85,\n              \"path\": null,\n              \"url\": \"/uploads/thumbnail_mongodb_1846260238.jpg\"\n            }\n          },\n          \"provider\": \"local\",\n          \"related\": [\n            \"5f635d905ee4c9001d2b9651\"\n          ],\n          \"createdAt\": \"2020-09-21T07:26:46.012Z\",\n          \"updatedAt\": \"2020-09-21T07:26:49.716Z\",\n          \"__v\": 0,\n          \"created_by\": \"5e4839cd1c2d53001dcc0696\",\n          \"updated_by\": \"5e4839cd1c2d53001dcc0696\",\n          \"id\": \"5f6855b65ee4c9001d2b96db\"\n        },\n        \"description\": \"MongoDB is a general purpose, document-based, distributed database built for modern application developers and for the cloud era.\",\n        \"id\": \"5f635d905ee4c9001d2b9651\"\n      },\n      {\n        \"includeOnResume\": false,\n        \"_id\": \"5f635d9e5ee4c9001d2b9652\",\n        \"name\": \"DynamoDB\",\n        \"rating\": 8,\n        \"createdAt\": \"2020-09-17T12:59:10.267Z\",\n        \"updatedAt\": \"2020-09-27T07:42:02.868Z\",\n        \"__v\": 0,\n        \"created_by\": \"5e4839cd1c2d53001dcc0696\",\n        \"updated_by\": \"5e4839cd1c2d53001dcc0696\",\n        \"image\": {\n          \"_id\": \"5f6855d95ee4c9001d2b96dd\",\n          \"name\": \"DynamoDB.png\",\n          \"alternativeText\": \"\",\n          \"caption\": \"\",\n          \"hash\": \"Dynamo_DB_ab2ab57060\",\n          \"ext\": \".png\",\n          \"mime\": \"image/png\",\n          \"size\": 11.8,\n          \"width\": 245,\n          \"height\": 222,\n          \"url\": \"/uploads/Dynamo_DB_ab2ab57060.png\",\n          \"formats\": {\n            \"thumbnail\": {\n              \"name\": \"thumbnail_DynamoDB.png\",\n              \"hash\": \"thumbnail_Dynamo_DB_ab2ab57060\",\n              \"ext\": \".png\",\n              \"mime\": \"image/png\",\n              \"width\": 172,\n              \"height\": 156,\n              \"size\": 14.6,\n              \"path\": null,\n              \"url\": \"/uploads/thumbnail_Dynamo_DB_ab2ab57060.png\"\n            }\n          },\n          \"provider\": \"local\",\n          \"related\": [\n            \"5f635d9e5ee4c9001d2b9652\"\n          ],\n          \"createdAt\": \"2020-09-21T07:27:21.465Z\",\n          \"updatedAt\": \"2020-09-21T07:27:23.868Z\",\n          \"__v\": 0,\n          \"created_by\": \"5e4839cd1c2d53001dcc0696\",\n          \"updated_by\": \"5e4839cd1c2d53001dcc0696\",\n          \"id\": \"5f6855d95ee4c9001d2b96dd\"\n        },\n        \"description\": \"Amazon DynamoDB is a fully managed proprietary NoSQL database service that supports key-value and document data structures\",\n        \"id\": \"5f635d9e5ee4c9001d2b9652\"\n      },\n      {\n        \"includeOnResume\": false,\n        \"_id\": \"5f635da95ee4c9001d2b9653\",\n        \"name\": \"MySQL\",\n        \"rating\": 8.5,\n        \"createdAt\": \"2020-09-17T12:59:21.795Z\",\n        \"updatedAt\": \"2020-09-27T07:42:40.719Z\",\n        \"__v\": 0,\n        \"created_by\": \"5e4839cd1c2d53001dcc0696\",\n        \"updated_by\": \"5e4839cd1c2d53001dcc0696\",\n        \"image\": {\n          \"_id\": \"5f6855f55ee4c9001d2b96df\",\n          \"name\": \"mysql.png\",\n          \"alternativeText\": \"\",\n          \"caption\": \"\",\n          \"hash\": \"mysql_221a645453\",\n          \"ext\": \".png\",\n          \"mime\": \"image/png\",\n          \"size\": 28.22,\n          \"width\": 1024,\n          \"height\": 530,\n          \"url\": \"/uploads/mysql_221a645453.png\",\n          \"formats\": {\n            \"thumbnail\": {\n              \"name\": \"thumbnail_mysql.png\",\n              \"hash\": \"thumbnail_mysql_221a645453\",\n              \"ext\": \".png\",\n              \"mime\": \"image/png\",\n              \"width\": 245,\n              \"height\": 127,\n              \"size\": 12.65,\n              \"path\": null,\n              \"url\": \"/uploads/thumbnail_mysql_221a645453.png\"\n            },\n            \"large\": {\n              \"name\": \"large_mysql.png\",\n              \"hash\": \"large_mysql_221a645453\",\n              \"ext\": \".png\",\n              \"mime\": \"image/png\",\n              \"width\": 1000,\n              \"height\": 518,\n              \"size\": 75.57,\n              \"path\": null,\n              \"url\": \"/uploads/large_mysql_221a645453.png\"\n            },\n            \"medium\": {\n              \"name\": \"medium_mysql.png\",\n              \"hash\": \"medium_mysql_221a645453\",\n              \"ext\": \".png\",\n              \"mime\": \"image/png\",\n              \"width\": 750,\n              \"height\": 388,\n              \"size\": 53.06,\n              \"path\": null,\n              \"url\": \"/uploads/medium_mysql_221a645453.png\"\n            },\n            \"small\": {\n              \"name\": \"small_mysql.png\",\n              \"hash\": \"small_mysql_221a645453\",\n              \"ext\": \".png\",\n              \"mime\": \"image/png\",\n              \"width\": 500,\n              \"height\": 259,\n              \"size\": 31.53,\n              \"path\": null,\n              \"url\": \"/uploads/small_mysql_221a645453.png\"\n            }\n          },\n          \"provider\": \"local\",\n          \"related\": [\n            \"5f635da95ee4c9001d2b9653\"\n          ],\n          \"createdAt\": \"2020-09-21T07:27:49.643Z\",\n          \"updatedAt\": \"2020-09-21T07:27:52.540Z\",\n          \"__v\": 0,\n          \"created_by\": \"5e4839cd1c2d53001dcc0696\",\n          \"updated_by\": \"5e4839cd1c2d53001dcc0696\",\n          \"id\": \"5f6855f55ee4c9001d2b96df\"\n        },\n        \"description\": \"MySQL is a freely available open source Relational Database Management System (RDBMS) that uses Structured Query Language (SQL). SQL is the most popular language for adding, accessing and managing content in a database. It is most noted for its quick processing, proven reliability, ease and flexibility of use\",\n        \"id\": \"5f635da95ee4c9001d2b9653\"\n      },\n      {\n        \"includeOnResume\": false,\n        \"_id\": \"5f635dbe5ee4c9001d2b9655\",\n        \"name\": \"SQL Server\",\n        \"rating\": 7,\n        \"createdAt\": \"2020-09-17T12:59:42.299Z\",\n        \"updatedAt\": \"2020-09-27T07:44:51.169Z\",\n        \"__v\": 0,\n        \"created_by\": \"5e4839cd1c2d53001dcc0696\",\n        \"updated_by\": \"5e4839cd1c2d53001dcc0696\",\n        \"image\": {\n          \"_id\": \"5f68574f76320d001e515e5b\",\n          \"name\": \"sqlserver2.png\",\n          \"alternativeText\": \"\",\n          \"caption\": \"\",\n          \"hash\": \"sqlserver2_2463700f52\",\n          \"ext\": \".png\",\n          \"mime\": \"image/png\",\n          \"size\": 27.42,\n          \"width\": 512,\n          \"height\": 196,\n          \"url\": \"/uploads/sqlserver2_2463700f52.png\",\n          \"formats\": {\n            \"thumbnail\": {\n              \"name\": \"thumbnail_sqlserver2.png\",\n              \"hash\": \"thumbnail_sqlserver2_2463700f52\",\n              \"ext\": \".png\",\n              \"mime\": \"image/png\",\n              \"width\": 245,\n              \"height\": 94,\n              \"size\": 12.62,\n              \"path\": null,\n              \"url\": \"/uploads/thumbnail_sqlserver2_2463700f52.png\"\n            },\n            \"small\": {\n              \"name\": \"small_sqlserver2.png\",\n              \"hash\": \"small_sqlserver2_2463700f52\",\n              \"ext\": \".png\",\n              \"mime\": \"image/png\",\n              \"width\": 500,\n              \"height\": 191,\n              \"size\": 36.93,\n              \"path\": null,\n              \"url\": \"/uploads/small_sqlserver2_2463700f52.png\"\n            }\n          },\n          \"provider\": \"local\",\n          \"related\": [\n            \"5f635dbe5ee4c9001d2b9655\"\n          ],\n          \"createdAt\": \"2020-09-21T07:33:35.115Z\",\n          \"updatedAt\": \"2020-09-21T07:33:38.518Z\",\n          \"__v\": 0,\n          \"created_by\": \"5e4839cd1c2d53001dcc0696\",\n          \"updated_by\": \"5e4839cd1c2d53001dcc0696\",\n          \"id\": \"5f68574f76320d001e515e5b\"\n        },\n        \"description\": \"SQL Server is a relational database management system, or RDBMS, developed and marketed by Microsoft.\",\n        \"id\": \"5f635dbe5ee4c9001d2b9655\"\n      },\n      {\n        \"includeOnResume\": false,\n        \"_id\": \"5f635dde5ee4c9001d2b9658\",\n        \"name\": \"Cucumber\",\n        \"rating\": 9,\n        \"createdAt\": \"2020-09-17T13:00:14.430Z\",\n        \"updatedAt\": \"2020-09-27T07:47:58.367Z\",\n        \"__v\": 0,\n        \"created_by\": \"5e4839cd1c2d53001dcc0696\",\n        \"updated_by\": \"5e4839cd1c2d53001dcc0696\",\n        \"image\": {\n          \"_id\": \"5f68995176320d001e515e74\",\n          \"name\": \"cucumber.png\",\n          \"alternativeText\": \"\",\n          \"caption\": \"\",\n          \"hash\": \"cucumber_066c33f46e\",\n          \"ext\": \".png\",\n          \"mime\": \"image/png\",\n          \"size\": 7.33,\n          \"width\": 200,\n          \"height\": 200,\n          \"url\": \"/uploads/cucumber_066c33f46e.png\",\n          \"formats\": {\n            \"thumbnail\": {\n              \"name\": \"thumbnail_cucumber.png\",\n              \"hash\": \"thumbnail_cucumber_066c33f46e\",\n              \"ext\": \".png\",\n              \"mime\": \"image/png\",\n              \"width\": 156,\n              \"height\": 156,\n              \"size\": 11.05,\n              \"path\": null,\n              \"url\": \"/uploads/thumbnail_cucumber_066c33f46e.png\"\n            }\n          },\n          \"provider\": \"local\",\n          \"related\": [\n            \"5f635dde5ee4c9001d2b9658\"\n          ],\n          \"createdAt\": \"2020-09-21T12:15:13.729Z\",\n          \"updatedAt\": \"2020-09-21T12:15:16.633Z\",\n          \"__v\": 0,\n          \"created_by\": \"5e4839cd1c2d53001dcc0696\",\n          \"updated_by\": \"5e4839cd1c2d53001dcc0696\",\n          \"id\": \"5f68995176320d001e515e74\"\n        },\n        \"description\": \"**Cucumber** is a software tool that supports behaviour-driven development (BDD). Central to the Cucumber BDD approach is its ordinary language parser called **Gherkin**. It allows expected software behaviours to be specified in a logical language that customers can understand. As such, Cucumber allows the execution of feature documentation written in business-facing text.\",\n        \"id\": \"5f635dde5ee4c9001d2b9658\"\n      },\n      {\n        \"includeOnResume\": false,\n        \"_id\": \"5f635e235ee4c9001d2b965b\",\n        \"name\": \"Mockito\",\n        \"rating\": 9,\n        \"createdAt\": \"2020-09-17T13:01:23.263Z\",\n        \"updatedAt\": \"2020-09-27T07:51:03.834Z\",\n        \"__v\": 0,\n        \"created_by\": \"5e4839cd1c2d53001dcc0696\",\n        \"updated_by\": \"5e4839cd1c2d53001dcc0696\",\n        \"image\": {\n          \"_id\": \"5f6899b376320d001e515e7a\",\n          \"name\": \"mockito.png\",\n          \"alternativeText\": \"\",\n          \"caption\": \"\",\n          \"hash\": \"mockito_186b921417\",\n          \"ext\": \".png\",\n          \"mime\": \"image/png\",\n          \"size\": 19.36,\n          \"width\": 200,\n          \"height\": 200,\n          \"url\": \"/uploads/mockito_186b921417.png\",\n          \"formats\": {\n            \"thumbnail\": {\n              \"name\": \"thumbnail_mockito.png\",\n              \"hash\": \"thumbnail_mockito_186b921417\",\n              \"ext\": \".png\",\n              \"mime\": \"image/png\",\n              \"width\": 156,\n              \"height\": 156,\n              \"size\": 27.22,\n              \"path\": null,\n              \"url\": \"/uploads/thumbnail_mockito_186b921417.png\"\n            }\n          },\n          \"provider\": \"local\",\n          \"related\": [\n            \"5f635e235ee4c9001d2b965b\"\n          ],\n          \"createdAt\": \"2020-09-21T12:16:51.111Z\",\n          \"updatedAt\": \"2020-09-21T12:16:54.409Z\",\n          \"__v\": 0,\n          \"created_by\": \"5e4839cd1c2d53001dcc0696\",\n          \"updated_by\": \"5e4839cd1c2d53001dcc0696\",\n          \"id\": \"5f6899b376320d001e515e7a\"\n        },\n        \"description\": \"Mockito is a mocking framework that tastes really good. It lets you write beautiful tests with a clean & simple API. Mockito doesnâ€™t give you hangover because the tests are very readable and they produce clean verification errors.\",\n        \"id\": \"5f635e235ee4c9001d2b965b\"\n      },\n      {\n        \"includeOnResume\": false,\n        \"_id\": \"5f635e595ee4c9001d2b965f\",\n        \"name\": \"Angular\",\n        \"rating\": 7,\n        \"createdAt\": \"2020-09-17T13:02:17.185Z\",\n        \"updatedAt\": \"2020-09-27T08:05:37.575Z\",\n        \"__v\": 0,\n        \"created_by\": \"5e4839cd1c2d53001dcc0696\",\n        \"updated_by\": \"5e4839cd1c2d53001dcc0696\",\n        \"image\": {\n          \"_id\": \"5f689a4776320d001e515e80\",\n          \"name\": \"angular-logo.png\",\n          \"alternativeText\": \"\",\n          \"caption\": \"\",\n          \"hash\": \"angular_logo_a38728fdd6\",\n          \"ext\": \".png\",\n          \"mime\": \"image/png\",\n          \"size\": 17.41,\n          \"width\": 1200,\n          \"height\": 700,\n          \"url\": \"/uploads/angular_logo_a38728fdd6.png\",\n          \"formats\": {\n            \"thumbnail\": {\n              \"name\": \"thumbnail_angular-logo.png\",\n              \"hash\": \"thumbnail_angular_logo_a38728fdd6\",\n              \"ext\": \".png\",\n              \"mime\": \"image/png\",\n              \"width\": 245,\n              \"height\": 143,\n              \"size\": 5.8,\n              \"path\": null,\n              \"url\": \"/uploads/thumbnail_angular_logo_a38728fdd6.png\"\n            },\n            \"large\": {\n              \"name\": \"large_angular-logo.png\",\n              \"hash\": \"large_angular_logo_a38728fdd6\",\n              \"ext\": \".png\",\n              \"mime\": \"image/png\",\n              \"width\": 1000,\n              \"height\": 583,\n              \"size\": 32.31,\n              \"path\": null,\n              \"url\": \"/uploads/large_angular_logo_a38728fdd6.png\"\n            },\n            \"medium\": {\n              \"name\": \"medium_angular-logo.png\",\n              \"hash\": \"medium_angular_logo_a38728fdd6\",\n              \"ext\": \".png\",\n              \"mime\": \"image/png\",\n              \"width\": 750,\n              \"height\": 438,\n              \"size\": 22.02,\n              \"path\": null,\n              \"url\": \"/uploads/medium_angular_logo_a38728fdd6.png\"\n            },\n            \"small\": {\n              \"name\": \"small_angular-logo.png\",\n              \"hash\": \"small_angular_logo_a38728fdd6\",\n              \"ext\": \".png\",\n              \"mime\": \"image/png\",\n              \"width\": 500,\n              \"height\": 292,\n              \"size\": 12.9,\n              \"path\": null,\n              \"url\": \"/uploads/small_angular_logo_a38728fdd6.png\"\n            }\n          },\n          \"provider\": \"local\",\n          \"related\": [\n            \"5f635e595ee4c9001d2b965f\"\n          ],\n          \"createdAt\": \"2020-09-21T12:19:19.932Z\",\n          \"updatedAt\": \"2020-09-21T12:19:23.123Z\",\n          \"__v\": 0,\n          \"created_by\": \"5e4839cd1c2d53001dcc0696\",\n          \"updated_by\": \"5e4839cd1c2d53001dcc0696\",\n          \"id\": \"5f689a4776320d001e515e80\"\n        },\n        \"description\": \"Angular is a platform and framework for building single-page client applications using HTML and TypeScript. Angular is written in TypeScript. It implements core and optional functionality as a set of TypeScript libraries that you import into your apps.\\n\\nThe architecture of an Angular application relies on certain fundamental concepts. The basic building blocks are NgModules, which provide a compilation context for components. NgModules collect related code into functional sets; an Angular app is defined by a set of NgModules. An app always has at least a root module that enables bootstrapping, and typically has many more feature modules.\\n\\n- Components define views, which are sets of screen elements that Angular can choose among and modify according to your program logic and data.\\n- Components use services, which provide specific functionality not directly related to views. Service providers can be injected into components as dependencies, making your code modular, reusable, and efficient.\",\n        \"id\": \"5f635e595ee4c9001d2b965f\"\n      },\n      {\n        \"includeOnResume\": false,\n        \"_id\": \"5f635e755ee4c9001d2b9662\",\n        \"name\": \"HTML\",\n        \"rating\": 6,\n        \"createdAt\": \"2020-09-17T13:02:45.014Z\",\n        \"updatedAt\": \"2020-09-27T08:08:44.243Z\",\n        \"__v\": 0,\n        \"created_by\": \"5e4839cd1c2d53001dcc0696\",\n        \"updated_by\": \"5e4839cd1c2d53001dcc0696\",\n        \"image\": {\n          \"_id\": \"5f689a9376320d001e515e85\",\n          \"name\": \"html.jpg\",\n          \"alternativeText\": \"\",\n          \"caption\": \"\",\n          \"hash\": \"html_c7814e20c6\",\n          \"ext\": \".jpg\",\n          \"mime\": \"image/jpeg\",\n          \"size\": 116.37,\n          \"width\": 900,\n          \"height\": 506,\n          \"url\": \"/uploads/html_c7814e20c6.jpg\",\n          \"formats\": {\n            \"thumbnail\": {\n              \"name\": \"thumbnail_html.jpg\",\n              \"hash\": \"thumbnail_html_c7814e20c6\",\n              \"ext\": \".jpg\",\n              \"mime\": \"image/jpeg\",\n              \"width\": 245,\n              \"height\": 138,\n              \"size\": 7.72,\n              \"path\": null,\n              \"url\": \"/uploads/thumbnail_html_c7814e20c6.jpg\"\n            },\n            \"medium\": {\n              \"name\": \"medium_html.jpg\",\n              \"hash\": \"medium_html_c7814e20c6\",\n              \"ext\": \".jpg\",\n              \"mime\": \"image/jpeg\",\n              \"width\": 750,\n              \"height\": 422,\n              \"size\": 63.84,\n              \"path\": null,\n              \"url\": \"/uploads/medium_html_c7814e20c6.jpg\"\n            },\n            \"small\": {\n              \"name\": \"small_html.jpg\",\n              \"hash\": \"small_html_c7814e20c6\",\n              \"ext\": \".jpg\",\n              \"mime\": \"image/jpeg\",\n              \"width\": 500,\n              \"height\": 281,\n              \"size\": 29.07,\n              \"path\": null,\n              \"url\": \"/uploads/small_html_c7814e20c6.jpg\"\n            }\n          },\n          \"provider\": \"local\",\n          \"related\": [\n            \"5f635e755ee4c9001d2b9662\"\n          ],\n          \"createdAt\": \"2020-09-21T12:20:35.159Z\",\n          \"updatedAt\": \"2020-09-21T12:20:38.166Z\",\n          \"__v\": 0,\n          \"created_by\": \"5e4839cd1c2d53001dcc0696\",\n          \"updated_by\": \"5e4839cd1c2d53001dcc0696\",\n          \"id\": \"5f689a9376320d001e515e85\"\n        },\n        \"description\": \"Hypertext Markup Language is the standard markup language for documents designed to be displayed in a web browser. It can be assisted by technologies such as Cascading Style Sheets and scripting languages such as JavaScript\",\n        \"id\": \"5f635e755ee4c9001d2b9662\"\n      },\n      {\n        \"includeOnResume\": false,\n        \"_id\": \"5f635df45ee4c9001d2b965a\",\n        \"name\": \"DBUnit\",\n        \"rating\": 6.5,\n        \"createdAt\": \"2020-09-17T13:00:36.561Z\",\n        \"updatedAt\": \"2020-09-27T07:50:00.014Z\",\n        \"__v\": 0,\n        \"created_by\": \"5e4839cd1c2d53001dcc0696\",\n        \"updated_by\": \"5e4839cd1c2d53001dcc0696\",\n        \"image\": {\n          \"_id\": \"5f68999676320d001e515e78\",\n          \"name\": \"dbunit.jpg\",\n          \"alternativeText\": \"\",\n          \"caption\": \"\",\n          \"hash\": \"dbunit_cd69ce96e6\",\n          \"ext\": \".jpg\",\n          \"mime\": \"image/jpeg\",\n          \"size\": 5.63,\n          \"width\": 300,\n          \"height\": 151,\n          \"url\": \"/uploads/dbunit_cd69ce96e6.jpg\",\n          \"formats\": {\n            \"thumbnail\": {\n              \"name\": \"thumbnail_dbunit.jpg\",\n              \"hash\": \"thumbnail_dbunit_cd69ce96e6\",\n              \"ext\": \".jpg\",\n              \"mime\": \"image/jpeg\",\n              \"width\": 245,\n              \"height\": 123,\n              \"size\": 4.78,\n              \"path\": null,\n              \"url\": \"/uploads/thumbnail_dbunit_cd69ce96e6.jpg\"\n            }\n          },\n          \"provider\": \"local\",\n          \"related\": [\n            \"5f635df45ee4c9001d2b965a\"\n          ],\n          \"createdAt\": \"2020-09-21T12:16:22.347Z\",\n          \"updatedAt\": \"2020-09-21T12:16:24.862Z\",\n          \"__v\": 0,\n          \"created_by\": \"5e4839cd1c2d53001dcc0696\",\n          \"updated_by\": \"5e4839cd1c2d53001dcc0696\",\n          \"id\": \"5f68999676320d001e515e78\"\n        },\n        \"description\": \"DbUnit is a JUnit extension (also usable with Ant) targeted at database-driven projects that, among other things, puts your database into a known state between test runs. This is an excellent way to avoid the myriad of problems that can occur when one test case corrupts the database and causes subsequent tests to fail or exacerbate the damage.\\n\\nDbUnit has the ability to export and import your database data to and from XML datasets. Since version 2.0, DbUnit can also work with very large datasets when used in streaming mode. DbUnit can also help you to verify that your database data match an expected set of values\",\n        \"id\": \"5f635df45ee4c9001d2b965a\"\n      },\n      {\n        \"includeOnResume\": false,\n        \"_id\": \"5f635de75ee4c9001d2b9659\",\n        \"name\": \"Selenium\",\n        \"rating\": 8.5,\n        \"createdAt\": \"2020-09-17T13:00:23.952Z\",\n        \"updatedAt\": \"2020-09-27T07:49:27.552Z\",\n        \"__v\": 0,\n        \"created_by\": \"5e4839cd1c2d53001dcc0696\",\n        \"updated_by\": \"5e4839cd1c2d53001dcc0696\",\n        \"image\": {\n          \"_id\": \"5f68997376320d001e515e76\",\n          \"name\": \"selenium.jpg\",\n          \"alternativeText\": \"\",\n          \"caption\": \"\",\n          \"hash\": \"selenium_405a3ac8a5\",\n          \"ext\": \".jpg\",\n          \"mime\": \"image/jpeg\",\n          \"size\": 18.69,\n          \"width\": 600,\n          \"height\": 400,\n          \"url\": \"/uploads/selenium_405a3ac8a5.jpg\",\n          \"formats\": {\n            \"thumbnail\": {\n              \"name\": \"thumbnail_selenium.jpg\",\n              \"hash\": \"thumbnail_selenium_405a3ac8a5\",\n              \"ext\": \".jpg\",\n              \"mime\": \"image/jpeg\",\n              \"width\": 234,\n              \"height\": 156,\n              \"size\": 5.88,\n              \"path\": null,\n              \"url\": \"/uploads/thumbnail_selenium_405a3ac8a5.jpg\"\n            },\n            \"small\": {\n              \"name\": \"small_selenium.jpg\",\n              \"hash\": \"small_selenium_405a3ac8a5\",\n              \"ext\": \".jpg\",\n              \"mime\": \"image/jpeg\",\n              \"width\": 500,\n              \"height\": 333,\n              \"size\": 15.31,\n              \"path\": null,\n              \"url\": \"/uploads/small_selenium_405a3ac8a5.jpg\"\n            }\n          },\n          \"provider\": \"local\",\n          \"related\": [\n            \"5f635de75ee4c9001d2b9659\"\n          ],\n          \"createdAt\": \"2020-09-21T12:15:47.582Z\",\n          \"updatedAt\": \"2020-09-21T12:15:49.983Z\",\n          \"__v\": 0,\n          \"created_by\": \"5e4839cd1c2d53001dcc0696\",\n          \"updated_by\": \"5e4839cd1c2d53001dcc0696\",\n          \"id\": \"5f68997376320d001e515e76\"\n        },\n        \"description\": \"Selenium is an open-source tool that automates web browsers. It provides a single interface that lets you write test scripts in programming languages like Ruby, Java, NodeJS, PHP, Perl, Python, and C#, among others.\\n\\nA browser-driver then executes these scripts on a browser-instance on your device (more on this in a moment).\",\n        \"id\": \"5f635de75ee4c9001d2b9659\"\n      },\n      {\n        \"includeOnResume\": false,\n        \"_id\": \"5f635e7d5ee4c9001d2b9663\",\n        \"name\": \"CSS\",\n        \"rating\": 6,\n        \"createdAt\": \"2020-09-17T13:02:53.094Z\",\n        \"updatedAt\": \"2020-09-27T08:09:11.422Z\",\n        \"__v\": 0,\n        \"created_by\": \"5e4839cd1c2d53001dcc0696\",\n        \"updated_by\": \"5e4839cd1c2d53001dcc0696\",\n        \"image\": {\n          \"_id\": \"5f689aac76320d001e515e87\",\n          \"name\": \"css.jpg\",\n          \"alternativeText\": \"\",\n          \"caption\": \"\",\n          \"hash\": \"css_0ac60a6991\",\n          \"ext\": \".jpg\",\n          \"mime\": \"image/jpeg\",\n          \"size\": 10.86,\n          \"width\": 320,\n          \"height\": 180,\n          \"url\": \"/uploads/css_0ac60a6991.jpg\",\n          \"formats\": {\n            \"thumbnail\": {\n              \"name\": \"thumbnail_css.jpg\",\n              \"hash\": \"thumbnail_css_0ac60a6991\",\n              \"ext\": \".jpg\",\n              \"mime\": \"image/jpeg\",\n              \"width\": 245,\n              \"height\": 138,\n              \"size\": 7.12,\n              \"path\": null,\n              \"url\": \"/uploads/thumbnail_css_0ac60a6991.jpg\"\n            }\n          },\n          \"provider\": \"local\",\n          \"related\": [\n            \"5f635e7d5ee4c9001d2b9663\"\n          ],\n          \"createdAt\": \"2020-09-21T12:21:00.321Z\",\n          \"updatedAt\": \"2020-09-21T12:21:02.514Z\",\n          \"__v\": 0,\n          \"created_by\": \"5e4839cd1c2d53001dcc0696\",\n          \"updated_by\": \"5e4839cd1c2d53001dcc0696\",\n          \"id\": \"5f689aac76320d001e515e87\"\n        },\n        \"description\": \"CSS stands for Cascading Style Sheets. CSS describes how HTML elements are to be displayed on screen, paper, or in other media. CSS saves a lot of work. It can control the layout of multiple web pages all at once. External stylesheets are stored in CSS files\",\n        \"id\": \"5f635e7d5ee4c9001d2b9663\"\n      },\n      {\n        \"includeOnResume\": false,\n        \"_id\": \"5f635e885ee4c9001d2b9664\",\n        \"name\": \"Javascript\",\n        \"rating\": 8,\n        \"createdAt\": \"2020-09-17T13:03:04.945Z\",\n        \"updatedAt\": \"2020-09-27T08:09:39.698Z\",\n        \"__v\": 0,\n        \"created_by\": \"5e4839cd1c2d53001dcc0696\",\n        \"updated_by\": \"5e4839cd1c2d53001dcc0696\",\n        \"image\": {\n          \"_id\": \"5f689acb76320d001e515e89\",\n          \"name\": \"js.png\",\n          \"alternativeText\": \"\",\n          \"caption\": \"\",\n          \"hash\": \"js_67902d7504\",\n          \"ext\": \".png\",\n          \"mime\": \"image/png\",\n          \"size\": 17.78,\n          \"width\": 344,\n          \"height\": 390,\n          \"url\": \"/uploads/js_67902d7504.png\",\n          \"formats\": {\n            \"thumbnail\": {\n              \"name\": \"thumbnail_js.png\",\n              \"hash\": \"thumbnail_js_67902d7504\",\n              \"ext\": \".png\",\n              \"mime\": \"image/png\",\n              \"width\": 138,\n              \"height\": 156,\n              \"size\": 11.2,\n              \"path\": null,\n              \"url\": \"/uploads/thumbnail_js_67902d7504.png\"\n            }\n          },\n          \"provider\": \"local\",\n          \"related\": [\n            \"5f635e885ee4c9001d2b9664\"\n          ],\n          \"createdAt\": \"2020-09-21T12:21:31.977Z\",\n          \"updatedAt\": \"2020-09-21T12:21:34.401Z\",\n          \"__v\": 0,\n          \"created_by\": \"5e4839cd1c2d53001dcc0696\",\n          \"updated_by\": \"5e4839cd1c2d53001dcc0696\",\n          \"id\": \"5f689acb76320d001e515e89\"\n        },\n        \"description\": \"JavaScript, often abbreviated as JS, is a programming language that conforms to the ECMAScript specification. JavaScript is high-level, often just-in-time compiled, and multi-paradigm. It has curly-bracket syntax, dynamic typing, prototype-based object-orientation, and first-class functions\",\n        \"id\": \"5f635e885ee4c9001d2b9664\"\n      },\n      {\n        \"includeOnResume\": false,\n        \"_id\": \"5f635ea45ee4c9001d2b9666\",\n        \"name\": \"RabbitMQ\",\n        \"rating\": 7,\n        \"createdAt\": \"2020-09-17T13:03:32.324Z\",\n        \"updatedAt\": \"2020-09-30T05:38:51.186Z\",\n        \"__v\": 0,\n        \"created_by\": \"5e4839cd1c2d53001dcc0696\",\n        \"updated_by\": \"5e4839cd1c2d53001dcc0696\",\n        \"image\": {\n          \"_id\": \"5f689b0876320d001e515e8d\",\n          \"name\": \"rabbit.png\",\n          \"alternativeText\": \"\",\n          \"caption\": \"\",\n          \"hash\": \"rabbit_f1d2124442\",\n          \"ext\": \".png\",\n          \"mime\": \"image/png\",\n          \"size\": 10.17,\n          \"width\": 748,\n          \"height\": 511,\n          \"url\": \"/uploads/rabbit_f1d2124442.png\",\n          \"formats\": {\n            \"thumbnail\": {\n              \"name\": \"thumbnail_rabbit.png\",\n              \"hash\": \"thumbnail_rabbit_f1d2124442\",\n              \"ext\": \".png\",\n              \"mime\": \"image/png\",\n              \"width\": 228,\n              \"height\": 156,\n              \"size\": 5.99,\n              \"path\": null,\n              \"url\": \"/uploads/thumbnail_rabbit_f1d2124442.png\"\n            },\n            \"small\": {\n              \"name\": \"small_rabbit.png\",\n              \"hash\": \"small_rabbit_f1d2124442\",\n              \"ext\": \".png\",\n              \"mime\": \"image/png\",\n              \"width\": 500,\n              \"height\": 342,\n              \"size\": 16.88,\n              \"path\": null,\n              \"url\": \"/uploads/small_rabbit_f1d2124442.png\"\n            }\n          },\n          \"provider\": \"local\",\n          \"related\": [\n            \"5f635ea45ee4c9001d2b9666\"\n          ],\n          \"createdAt\": \"2020-09-21T12:22:32.423Z\",\n          \"updatedAt\": \"2020-09-21T12:22:34.916Z\",\n          \"__v\": 0,\n          \"created_by\": \"5e4839cd1c2d53001dcc0696\",\n          \"updated_by\": \"5e4839cd1c2d53001dcc0696\",\n          \"id\": \"5f689b0876320d001e515e8d\"\n        },\n        \"description\": \"RabbitMQ is a messaging broker - an intermediary for messaging. It gives your applications a common platform to send and receive messages, and your messages a safe place to live until received.\\n\\n\\nSupports:\\n- message queueing\\n- delivery acknowledgement\\n-  flexible routing to queues\\n-  multiple exchange type\",\n        \"id\": \"5f635ea45ee4c9001d2b9666\"\n      },\n      {\n        \"includeOnResume\": false,\n        \"_id\": \"5f635ee35ee4c9001d2b9668\",\n        \"name\": \"AWS - SQS\",\n        \"rating\": 7,\n        \"createdAt\": \"2020-09-17T13:04:35.666Z\",\n        \"updatedAt\": \"2020-09-30T05:42:31.937Z\",\n        \"__v\": 0,\n        \"created_by\": \"5e4839cd1c2d53001dcc0696\",\n        \"updated_by\": \"5e4839cd1c2d53001dcc0696\",\n        \"image\": {\n          \"_id\": \"5f689b2c76320d001e515e90\",\n          \"name\": \"sqs.png\",\n          \"alternativeText\": \"\",\n          \"caption\": \"\",\n          \"hash\": \"sqs_d898893bf0\",\n          \"ext\": \".png\",\n          \"mime\": \"image/png\",\n          \"size\": 5.5,\n          \"width\": 512,\n          \"height\": 512,\n          \"url\": \"/uploads/sqs_d898893bf0.png\",\n          \"formats\": {\n            \"thumbnail\": {\n              \"name\": \"thumbnail_sqs.png\",\n              \"hash\": \"thumbnail_sqs_d898893bf0\",\n              \"ext\": \".png\",\n              \"mime\": \"image/png\",\n              \"width\": 156,\n              \"height\": 156,\n              \"size\": 6.99,\n              \"path\": null,\n              \"url\": \"/uploads/thumbnail_sqs_d898893bf0.png\"\n            },\n            \"small\": {\n              \"name\": \"small_sqs.png\",\n              \"hash\": \"small_sqs_d898893bf0\",\n              \"ext\": \".png\",\n              \"mime\": \"image/png\",\n              \"width\": 500,\n              \"height\": 500,\n              \"size\": 25.43,\n              \"path\": null,\n              \"url\": \"/uploads/small_sqs_d898893bf0.png\"\n            }\n          },\n          \"provider\": \"local\",\n          \"related\": [\n            \"5f635ee35ee4c9001d2b9668\"\n          ],\n          \"createdAt\": \"2020-09-21T12:23:08.978Z\",\n          \"updatedAt\": \"2020-09-21T12:23:10.765Z\",\n          \"__v\": 0,\n          \"created_by\": \"5e4839cd1c2d53001dcc0696\",\n          \"updated_by\": \"5e4839cd1c2d53001dcc0696\",\n          \"id\": \"5f689b2c76320d001e515e90\"\n        },\n        \"description\": \"Amazon Simple Queue Service (SQS) is a fully managed message queuing service. SQS eliminates the complexity and overhead associated with managing and operating message oriented middleware, and empowers developers to focus on differentiating work. Using SQS, you can send, store, and receive messages between software components at any volume, without losing messages or requiring other services to be available. \\n\\nSQS offers two types of message queues. Standard queues offer maximum throughput, best-effort ordering, and at-least-once delivery. SQS FIFO queues are designed to guarantee that messages are processed exactly once, in the exact order that they are sent\",\n        \"id\": \"5f635ee35ee4c9001d2b9668\"\n      },\n      {\n        \"includeOnResume\": false,\n        \"_id\": \"602236d69dc383001e945ddc\",\n        \"name\": \"Okta\",\n        \"description\": \"Okta features include Provisioning, Single Sign-On (SSO), Active Directory (AD) and LDAP integration, the centralized de-provisioning of users, multifactor authentication (MFA), mobile identity management, and flexible policies for organization security and control.\",\n        \"rating\": 7.5,\n        \"createdAt\": \"2021-02-09T07:16:38.156Z\",\n        \"updatedAt\": \"2021-02-09T07:16:38.173Z\",\n        \"__v\": 0,\n        \"created_by\": \"5e4839cd1c2d53001dcc0696\",\n        \"image\": {\n          \"_id\": \"602236cf9dc383001e945ddb\",\n          \"name\": \"okta.png\",\n          \"alternativeText\": \"\",\n          \"caption\": \"\",\n          \"hash\": \"okta_f96c08f042\",\n          \"ext\": \".png\",\n          \"mime\": \"image/png\",\n          \"size\": 24.09,\n          \"width\": 300,\n          \"height\": 300,\n          \"url\": \"/uploads/okta_f96c08f042.png\",\n          \"formats\": {\n            \"thumbnail\": {\n              \"name\": \"thumbnail_okta.png\",\n              \"hash\": \"thumbnail_okta_f96c08f042\",\n              \"ext\": \".png\",\n              \"mime\": \"image/png\",\n              \"width\": 156,\n              \"height\": 156,\n              \"size\": 10.98,\n              \"path\": null,\n              \"url\": \"/uploads/thumbnail_okta_f96c08f042.png\"\n            }\n          },\n          \"provider\": \"local\",\n          \"related\": [\n            \"602236d69dc383001e945ddc\"\n          ],\n          \"createdAt\": \"2021-02-09T07:16:31.083Z\",\n          \"updatedAt\": \"2021-02-09T07:16:38.162Z\",\n          \"__v\": 0,\n          \"created_by\": \"5e4839cd1c2d53001dcc0696\",\n          \"updated_by\": \"5e4839cd1c2d53001dcc0696\",\n          \"id\": \"602236cf9dc383001e945ddb\"\n        },\n        \"updated_by\": \"5e4839cd1c2d53001dcc0696\",\n        \"id\": \"602236d69dc383001e945ddc\"\n      },\n      {\n        \"includeOnResume\": false,\n        \"_id\": \"6029446c9dc383001e945de9\",\n        \"name\": \"SVN\",\n        \"rating\": 8,\n        \"description\": \"Subversion is an open-source, centralized version control system\",\n        \"createdAt\": \"2021-02-14T15:40:28.180Z\",\n        \"updatedAt\": \"2021-02-14T15:40:28.197Z\",\n        \"__v\": 0,\n        \"created_by\": \"5e4839cd1c2d53001dcc0696\",\n        \"image\": {\n          \"_id\": \"6029440a9dc383001e945de8\",\n          \"name\": \"Subversion_Logo.svg.png\",\n          \"alternativeText\": \"\",\n          \"caption\": \"\",\n          \"hash\": \"Subversion_Logo_svg_4bcca6a938\",\n          \"ext\": \".png\",\n          \"mime\": \"image/png\",\n          \"size\": 34.76,\n          \"width\": 1200,\n          \"height\": 718,\n          \"url\": \"/uploads/Subversion_Logo_svg_4bcca6a938.png\",\n          \"formats\": {\n            \"thumbnail\": {\n              \"name\": \"thumbnail_Subversion_Logo.svg.png\",\n              \"hash\": \"thumbnail_Subversion_Logo_svg_4bcca6a938\",\n              \"ext\": \".png\",\n              \"mime\": \"image/png\",\n              \"width\": 245,\n              \"height\": 147,\n              \"size\": 12.88,\n              \"path\": null,\n              \"url\": \"/uploads/thumbnail_Subversion_Logo_svg_4bcca6a938.png\"\n            },\n            \"large\": {\n              \"name\": \"large_Subversion_Logo.svg.png\",\n              \"hash\": \"large_Subversion_Logo_svg_4bcca6a938\",\n              \"ext\": \".png\",\n              \"mime\": \"image/png\",\n              \"width\": 1000,\n              \"height\": 598,\n              \"size\": 69.46,\n              \"path\": null,\n              \"url\": \"/uploads/large_Subversion_Logo_svg_4bcca6a938.png\"\n            },\n            \"medium\": {\n              \"name\": \"medium_Subversion_Logo.svg.png\",\n              \"hash\": \"medium_Subversion_Logo_svg_4bcca6a938\",\n              \"ext\": \".png\",\n              \"mime\": \"image/png\",\n              \"width\": 750,\n              \"height\": 449,\n              \"size\": 47.42,\n              \"path\": null,\n              \"url\": \"/uploads/medium_Subversion_Logo_svg_4bcca6a938.png\"\n            },\n            \"small\": {\n              \"name\": \"small_Subversion_Logo.svg.png\",\n              \"hash\": \"small_Subversion_Logo_svg_4bcca6a938\",\n              \"ext\": \".png\",\n              \"mime\": \"image/png\",\n              \"width\": 500,\n              \"height\": 299,\n              \"size\": 28.16,\n              \"path\": null,\n              \"url\": \"/uploads/small_Subversion_Logo_svg_4bcca6a938.png\"\n            }\n          },\n          \"provider\": \"local\",\n          \"related\": [\n            \"6029446c9dc383001e945de9\"\n          ],\n          \"createdAt\": \"2021-02-14T15:38:50.454Z\",\n          \"updatedAt\": \"2021-02-14T15:40:28.191Z\",\n          \"__v\": 0,\n          \"created_by\": \"5e4839cd1c2d53001dcc0696\",\n          \"updated_by\": \"5e4839cd1c2d53001dcc0696\",\n          \"id\": \"6029440a9dc383001e945de8\"\n        },\n        \"updated_by\": \"5e4839cd1c2d53001dcc0696\",\n        \"id\": \"6029446c9dc383001e945de9\"\n      },\n      {\n        \"includeOnResume\": true,\n        \"_id\": \"5f635b6a5ee4c9001d2b9632\",\n        \"name\": \"Spring Boot\",\n        \"rating\": 9.7,\n        \"order\": 1,\n        \"createdAt\": \"2020-09-17T12:49:46.739Z\",\n        \"updatedAt\": \"2021-02-26T07:04:02.124Z\",\n        \"__v\": 0,\n        \"created_by\": \"5e4839cd1c2d53001dcc0696\",\n        \"updated_by\": \"5e4839cd1c2d53001dcc0696\",\n        \"image\": {\n          \"_id\": \"5f6851a85ee4c9001d2b96af\",\n          \"name\": \"spring-boot.jpeg\",\n          \"alternativeText\": \"\",\n          \"caption\": \"\",\n          \"hash\": \"spring_boot_5ee37de4c1\",\n          \"ext\": \".jpeg\",\n          \"mime\": \"image/png\",\n          \"size\": 7.98,\n          \"width\": 400,\n          \"height\": 400,\n          \"url\": \"/uploads/spring_boot_5ee37de4c1.jpeg\",\n          \"formats\": {\n            \"thumbnail\": {\n              \"name\": \"thumbnail_spring-boot.jpeg\",\n              \"hash\": \"thumbnail_spring_boot_5ee37de4c1\",\n              \"ext\": \".jpeg\",\n              \"mime\": \"image/png\",\n              \"width\": 156,\n              \"height\": 156,\n              \"size\": 5.21,\n              \"path\": null,\n              \"url\": \"/uploads/thumbnail_spring_boot_5ee37de4c1.jpeg\"\n            }\n          },\n          \"provider\": \"local\",\n          \"related\": [\n            \"5f635b6a5ee4c9001d2b9632\",\n            \"5feed4c667bdd6001e9c12d0\"\n          ],\n          \"createdAt\": \"2020-09-21T07:09:28.458Z\",\n          \"updatedAt\": \"2021-01-01T21:02:32.991Z\",\n          \"__v\": 0,\n          \"created_by\": \"5e4839cd1c2d53001dcc0696\",\n          \"updated_by\": \"5e4839cd1c2d53001dcc0696\",\n          \"id\": \"5f6851a85ee4c9001d2b96af\"\n        },\n        \"description\": \"Spring Boot makes it easy to create stand-alone, production-grade Spring based Applications that you can \\\"just run\\\".\\n\\n- Embed Tomcat, Jetty or Undertow directly (no need to deploy WAR files)\\n- Provide opinionated 'starter' dependencies to simplify your build configuration\\n- Automatically configure Spring and 3rd party libraries whenever possible\\n- Provide production-ready features such as metrics, health checks, and externalized configuration\",\n        \"id\": \"5f635b6a5ee4c9001d2b9632\"\n      },\n      {\n        \"includeOnResume\": true,\n        \"_id\": \"5f635bb85ee4c9001d2b9635\",\n        \"name\": \"Spring Security\",\n        \"rating\": 9.5,\n        \"createdAt\": \"2020-09-17T12:51:04.405Z\",\n        \"updatedAt\": \"2021-02-26T07:04:09.692Z\",\n        \"__v\": 0,\n        \"created_by\": \"5e4839cd1c2d53001dcc0696\",\n        \"updated_by\": \"5e4839cd1c2d53001dcc0696\",\n        \"image\": {\n          \"_id\": \"5f6852115ee4c9001d2b96b5\",\n          \"name\": \"spring-security-project.png\",\n          \"alternativeText\": \"\",\n          \"caption\": \"\",\n          \"hash\": \"spring_security_project_072bc02e23\",\n          \"ext\": \".png\",\n          \"mime\": \"image/png\",\n          \"size\": 2.18,\n          \"width\": 200,\n          \"height\": 200,\n          \"url\": \"/uploads/spring_security_project_072bc02e23.png\",\n          \"formats\": {\n            \"thumbnail\": {\n              \"name\": \"thumbnail_spring-security-project.png\",\n              \"hash\": \"thumbnail_spring_security_project_072bc02e23\",\n              \"ext\": \".png\",\n              \"mime\": \"image/png\",\n              \"width\": 156,\n              \"height\": 156,\n              \"size\": 6.11,\n              \"path\": null,\n              \"url\": \"/uploads/thumbnail_spring_security_project_072bc02e23.png\"\n            }\n          },\n          \"provider\": \"local\",\n          \"related\": [\n            \"5f635bb85ee4c9001d2b9635\"\n          ],\n          \"createdAt\": \"2020-09-21T07:11:13.729Z\",\n          \"updatedAt\": \"2020-09-21T07:11:16.322Z\",\n          \"__v\": 0,\n          \"created_by\": \"5e4839cd1c2d53001dcc0696\",\n          \"updated_by\": \"5e4839cd1c2d53001dcc0696\",\n          \"id\": \"5f6852115ee4c9001d2b96b5\"\n        },\n        \"description\": \"Spring Security is a framework that focuses on providing both authentication and authorization to Java and Kotlin applications.\\n\\n- Use of core and web modules to provide authorization and RBAC (role based access control) for microservices and web applications. Configured applications to do form based, basic, kerberos, token based, and mutual auth.\\n- Use of @Resource server and jwks (json web keys) to secure services using openid connect resource servers.\\n- Use of OAuth2 client for clients to perform client credential auth flow.\",\n        \"id\": \"5f635bb85ee4c9001d2b9635\"\n      }\n    ],\n    \"_id\": \"5e53713a11c196001d06f91a\",\n    \"title\": \"Senior Director, Java Development\",\n    \"startDate\": \"2011-07-12\",\n    \"createdAt\": \"2020-02-24T06:46:18.484Z\",\n    \"updatedAt\": \"2021-02-26T08:51:26.459Z\",\n    \"__v\": 0,\n    \"company\": \"Universal Music Publishing\",\n    \"companyUrl\": \"https://www.umusicpub.com/\",\n    \"endDate\": \"2018-08-11\",\n    \"shortDescription\": \"Technology leader in cloud native development for business critical applications.\",\n    \"companyImage\": {\n      \"_id\": \"5f6618325ee4c9001d2b969c\",\n      \"name\": \"umpg.png\",\n      \"alternativeText\": \"\",\n      \"caption\": \"\",\n      \"hash\": \"umpg_121becd400\",\n      \"ext\": \".png\",\n      \"mime\": \"image/png\",\n      \"size\": 129.45,\n      \"width\": 400,\n      \"height\": 400,\n      \"url\": \"/uploads/umpg_121becd400.png\",\n      \"formats\": {\n        \"thumbnail\": {\n          \"name\": \"thumbnail_umpg.png\",\n          \"hash\": \"thumbnail_umpg_121becd400\",\n          \"ext\": \".png\",\n          \"mime\": \"image/png\",\n          \"width\": 156,\n          \"height\": 156,\n          \"size\": 31.14,\n          \"path\": null,\n          \"url\": \"/uploads/thumbnail_umpg_121becd400.png\"\n        }\n      },\n      \"provider\": \"local\",\n      \"related\": [\n        \"5e53713a11c196001d06f91a\"\n      ],\n      \"createdAt\": \"2020-09-19T14:39:46.169Z\",\n      \"updatedAt\": \"2021-02-08T08:15:39.296Z\",\n      \"__v\": 0,\n      \"created_by\": \"5e4839cd1c2d53001dcc0696\",\n      \"updated_by\": \"5e4839cd1c2d53001dcc0696\",\n      \"id\": \"5f6618325ee4c9001d2b969c\"\n    },\n    \"updated_by\": {\n      \"_id\": \"5e4839cd1c2d53001dcc0696\",\n      \"username\": \"simon.rowe@gmail.com\",\n      \"createdAt\": \"2020-02-15T18:34:53.155Z\",\n      \"updatedAt\": \"2020-09-17T07:45:13.526Z\",\n      \"__v\": 0,\n      \"id\": \"5e4839cd1c2d53001dcc0696\"\n    },\n    \"longDescription\": \"Responsible for architecture and delivery of greenfield internal and public facing business applications. Super scrum master, removing obstacles for four dynamic scrum teams. Frequent commiter.\\n\\nRe-architecture of multiple monoliths with single points of failure to AWS,resulting in scalable, fault tolerant software reducing the operational cost significantly.\\n\\nIntroduced automated testing as a development activity utilising technologies such as cucumber, selenium, docker which allows for far shorter release cycles.\\n\\nDesigned the company's first 'serverless' application at AWS, Utilising ECS Fargate, Lambda, SQS, SNS, ElasticSearch, S3.\",\n    \"location\": \"London\",\n    \"id\": \"5e53713a11c196001d06f91a\"\n  },\n  {\n    \"education\": false,\n    \"includeOnResume\": true,\n    \"attachments\": [],\n    \"skills\": [\n      {\n        \"includeOnResume\": false,\n        \"_id\": \"5f635b3f5ee4c9001d2b962f\",\n        \"name\": \"Java 8\",\n        \"rating\": 9,\n        \"order\": 1,\n        \"createdAt\": \"2020-09-17T12:49:03.944Z\",\n        \"updatedAt\": \"2020-09-21T20:44:17.441Z\",\n        \"__v\": 0,\n        \"created_by\": \"5e4839cd1c2d53001dcc0696\",\n        \"updated_by\": \"5e4839cd1c2d53001dcc0696\",\n        \"description\": \"- Generics\\n- Optional\\n- Lambdas\\n- Streams\\n- Date & Time\",\n        \"image\": {\n          \"_id\": \"5f6841c35ee4c9001d2b96aa\",\n          \"name\": \"java8_logo.png\",\n          \"alternativeText\": \"\",\n          \"caption\": \"\",\n          \"hash\": \"java8_logo_b017642616\",\n          \"ext\": \".png\",\n          \"mime\": \"image/png\",\n          \"size\": 41.06,\n          \"width\": 400,\n          \"height\": 427,\n          \"url\": \"/uploads/java8_logo_b017642616.png\",\n          \"formats\": {\n            \"thumbnail\": {\n              \"name\": \"thumbnail_java8_logo.png\",\n              \"hash\": \"thumbnail_java8_logo_b017642616\",\n              \"ext\": \".png\",\n              \"mime\": \"image/png\",\n              \"width\": 146,\n              \"height\": 156,\n              \"size\": 19.29,\n              \"path\": null,\n              \"url\": \"/uploads/thumbnail_java8_logo_b017642616.png\"\n            }\n          },\n          \"provider\": \"local\",\n          \"related\": [\n            \"5f635b3f5ee4c9001d2b962f\"\n          ],\n          \"createdAt\": \"2020-09-21T06:01:39.266Z\",\n          \"updatedAt\": \"2020-09-21T06:03:30.457Z\",\n          \"__v\": 0,\n          \"created_by\": \"5e4839cd1c2d53001dcc0696\",\n          \"updated_by\": \"5e4839cd1c2d53001dcc0696\",\n          \"id\": \"5f6841c35ee4c9001d2b96aa\"\n        },\n        \"id\": \"5f635b3f5ee4c9001d2b962f\"\n      },\n      {\n        \"includeOnResume\": false,\n        \"_id\": \"5f635c185ee4c9001d2b963a\",\n        \"name\": \"Maven\",\n        \"rating\": 9.6,\n        \"createdAt\": \"2020-09-17T12:52:40.922Z\",\n        \"updatedAt\": \"2020-09-22T06:36:50.576Z\",\n        \"__v\": 0,\n        \"created_by\": \"5e4839cd1c2d53001dcc0696\",\n        \"updated_by\": \"5e4839cd1c2d53001dcc0696\",\n        \"image\": {\n          \"_id\": \"5f6853265ee4c9001d2b96bf\",\n          \"name\": \"maven.png\",\n          \"alternativeText\": \"\",\n          \"caption\": \"\",\n          \"hash\": \"maven_8510b1d6fa\",\n          \"ext\": \".png\",\n          \"mime\": \"image/png\",\n          \"size\": 30.77,\n          \"width\": 1280,\n          \"height\": 324,\n          \"url\": \"/uploads/maven_8510b1d6fa.png\",\n          \"formats\": {\n            \"thumbnail\": {\n              \"name\": \"thumbnail_maven.png\",\n              \"hash\": \"thumbnail_maven_8510b1d6fa\",\n              \"ext\": \".png\",\n              \"mime\": \"image/png\",\n              \"width\": 245,\n              \"height\": 62,\n              \"size\": 10.07,\n              \"path\": null,\n              \"url\": \"/uploads/thumbnail_maven_8510b1d6fa.png\"\n            },\n            \"large\": {\n              \"name\": \"large_maven.png\",\n              \"hash\": \"large_maven_8510b1d6fa\",\n              \"ext\": \".png\",\n              \"mime\": \"image/png\",\n              \"width\": 1000,\n              \"height\": 253,\n              \"size\": 68.02,\n              \"path\": null,\n              \"url\": \"/uploads/large_maven_8510b1d6fa.png\"\n            },\n            \"medium\": {\n              \"name\": \"medium_maven.png\",\n              \"hash\": \"medium_maven_8510b1d6fa\",\n              \"ext\": \".png\",\n              \"mime\": \"image/png\",\n              \"width\": 750,\n              \"height\": 190,\n              \"size\": 46.3,\n              \"path\": null,\n              \"url\": \"/uploads/medium_maven_8510b1d6fa.png\"\n            },\n            \"small\": {\n              \"name\": \"small_maven.png\",\n              \"hash\": \"small_maven_8510b1d6fa\",\n              \"ext\": \".png\",\n              \"mime\": \"image/png\",\n              \"width\": 500,\n              \"height\": 127,\n              \"size\": 27.01,\n              \"path\": null,\n              \"url\": \"/uploads/small_maven_8510b1d6fa.png\"\n            }\n          },\n          \"provider\": \"local\",\n          \"related\": [\n            \"5f635c185ee4c9001d2b963a\"\n          ],\n          \"createdAt\": \"2020-09-21T07:15:50.288Z\",\n          \"updatedAt\": \"2020-09-21T07:15:57.208Z\",\n          \"__v\": 0,\n          \"created_by\": \"5e4839cd1c2d53001dcc0696\",\n          \"updated_by\": \"5e4839cd1c2d53001dcc0696\",\n          \"id\": \"5f6853265ee4c9001d2b96bf\"\n        },\n        \"description\": \"Maven is a build automation tool used primarily for Java projects. Maven can also be used to build and manage projects written in C#, Ruby, Scala, and other languages. \\n\\nMaven addresses two aspects of building software: how software is built, and its dependencies. An XML file describes the software project being built, its dependencies on other external modules and components, the build order, directories, and required plug-ins. \",\n        \"id\": \"5f635c185ee4c9001d2b963a\"\n      },\n      {\n        \"includeOnResume\": false,\n        \"_id\": \"5f635c845ee4c9001d2b9642\",\n        \"name\": \"Git\",\n        \"rating\": 8.5,\n        \"createdAt\": \"2020-09-17T12:54:28.354Z\",\n        \"updatedAt\": \"2020-09-22T21:25:42.765Z\",\n        \"__v\": 0,\n        \"created_by\": \"5e4839cd1c2d53001dcc0696\",\n        \"updated_by\": \"5e4839cd1c2d53001dcc0696\",\n        \"image\": {\n          \"_id\": \"5f6854325ee4c9001d2b96cd\",\n          \"name\": \"git.png\",\n          \"alternativeText\": \"\",\n          \"caption\": \"\",\n          \"hash\": \"git_b7469ae68c\",\n          \"ext\": \".png\",\n          \"mime\": \"image/png\",\n          \"size\": 2.33,\n          \"width\": 200,\n          \"height\": 200,\n          \"url\": \"/uploads/git_b7469ae68c.png\",\n          \"formats\": {\n            \"thumbnail\": {\n              \"name\": \"thumbnail_git.png\",\n              \"hash\": \"thumbnail_git_b7469ae68c\",\n              \"ext\": \".png\",\n              \"mime\": \"image/png\",\n              \"width\": 156,\n              \"height\": 156,\n              \"size\": 7.38,\n              \"path\": null,\n              \"url\": \"/uploads/thumbnail_git_b7469ae68c.png\"\n            }\n          },\n          \"provider\": \"local\",\n          \"related\": [\n            \"5f635c845ee4c9001d2b9642\"\n          ],\n          \"createdAt\": \"2020-09-21T07:20:18.490Z\",\n          \"updatedAt\": \"2020-09-21T07:20:20.982Z\",\n          \"__v\": 0,\n          \"created_by\": \"5e4839cd1c2d53001dcc0696\",\n          \"updated_by\": \"5e4839cd1c2d53001dcc0696\",\n          \"id\": \"5f6854325ee4c9001d2b96cd\"\n        },\n        \"description\": \"Git is a free and open source distributed version control system designed to handle everything from small to very large projects with speed and efficiency. \",\n        \"id\": \"5f635c845ee4c9001d2b9642\"\n      },\n      {\n        \"includeOnResume\": false,\n        \"_id\": \"5f635dc55ee4c9001d2b9656\",\n        \"name\": \"Oracle\",\n        \"rating\": 7,\n        \"createdAt\": \"2020-09-17T12:59:49.944Z\",\n        \"updatedAt\": \"2020-09-27T07:45:26.028Z\",\n        \"__v\": 0,\n        \"created_by\": \"5e4839cd1c2d53001dcc0696\",\n        \"updated_by\": \"5e4839cd1c2d53001dcc0696\",\n        \"image\": {\n          \"_id\": \"5f68576e76320d001e515e5d\",\n          \"name\": \"oracle.png\",\n          \"alternativeText\": \"\",\n          \"caption\": \"\",\n          \"hash\": \"oracle_d1b0f44ae8\",\n          \"ext\": \".png\",\n          \"mime\": \"image/png\",\n          \"size\": 5.62,\n          \"width\": 300,\n          \"height\": 149,\n          \"url\": \"/uploads/oracle_d1b0f44ae8.png\",\n          \"formats\": {\n            \"thumbnail\": {\n              \"name\": \"thumbnail_oracle.png\",\n              \"hash\": \"thumbnail_oracle_d1b0f44ae8\",\n              \"ext\": \".png\",\n              \"mime\": \"image/png\",\n              \"width\": 245,\n              \"height\": 122,\n              \"size\": 6.57,\n              \"path\": null,\n              \"url\": \"/uploads/thumbnail_oracle_d1b0f44ae8.png\"\n            }\n          },\n          \"provider\": \"local\",\n          \"related\": [\n            \"5f635dc55ee4c9001d2b9656\"\n          ],\n          \"createdAt\": \"2020-09-21T07:34:06.882Z\",\n          \"updatedAt\": \"2020-09-21T07:34:08.896Z\",\n          \"__v\": 0,\n          \"created_by\": \"5e4839cd1c2d53001dcc0696\",\n          \"updated_by\": \"5e4839cd1c2d53001dcc0696\",\n          \"id\": \"5f68576e76320d001e515e5d\"\n        },\n        \"description\": \"Oracle Database (commonly referred to as Oracle DBMS or simply as Oracle) is a multi-model database management system produced and marketed by Oracle Corporation. It is a database commonly used for running online transaction processing (OLTP), data warehousing (DW) and mixed (OLTP & DW) database workloads\",\n        \"id\": \"5f635dc55ee4c9001d2b9656\"\n      },\n      {\n        \"includeOnResume\": false,\n        \"_id\": \"602942659dc383001e945de5\",\n        \"name\": \"Ant\",\n        \"rating\": 8,\n        \"description\": \"Apache Ant is a Java library and command-line tool whose mission is to drive processes described in build files as targets and extension points dependent upon each other. The main known usage of Ant is the build of Java applications.\",\n        \"createdAt\": \"2021-02-14T15:31:49.741Z\",\n        \"updatedAt\": \"2021-02-14T15:31:49.764Z\",\n        \"__v\": 0,\n        \"created_by\": \"5e4839cd1c2d53001dcc0696\",\n        \"image\": {\n          \"_id\": \"602942319dc383001e945de4\",\n          \"name\": \"Apache-Ant-logo.png\",\n          \"alternativeText\": \"\",\n          \"caption\": \"\",\n          \"hash\": \"Apache_Ant_logo_7e6e4d4d7d\",\n          \"ext\": \".png\",\n          \"mime\": \"image/png\",\n          \"size\": 38.01,\n          \"width\": 828,\n          \"height\": 577,\n          \"url\": \"/uploads/Apache_Ant_logo_7e6e4d4d7d.png\",\n          \"formats\": {\n            \"thumbnail\": {\n              \"name\": \"thumbnail_Apache-Ant-logo.png\",\n              \"hash\": \"thumbnail_Apache_Ant_logo_7e6e4d4d7d\",\n              \"ext\": \".png\",\n              \"mime\": \"image/png\",\n              \"width\": 224,\n              \"height\": 156,\n              \"size\": 14.72,\n              \"path\": null,\n              \"url\": \"/uploads/thumbnail_Apache_Ant_logo_7e6e4d4d7d.png\"\n            },\n            \"medium\": {\n              \"name\": \"medium_Apache-Ant-logo.png\",\n              \"hash\": \"medium_Apache_Ant_logo_7e6e4d4d7d\",\n              \"ext\": \".png\",\n              \"mime\": \"image/png\",\n              \"width\": 750,\n              \"height\": 523,\n              \"size\": 67.33,\n              \"path\": null,\n              \"url\": \"/uploads/medium_Apache_Ant_logo_7e6e4d4d7d.png\"\n            },\n            \"small\": {\n              \"name\": \"small_Apache-Ant-logo.png\",\n              \"hash\": \"small_Apache_Ant_logo_7e6e4d4d7d\",\n              \"ext\": \".png\",\n              \"mime\": \"image/png\",\n              \"width\": 500,\n              \"height\": 348,\n              \"size\": 39,\n              \"path\": null,\n              \"url\": \"/uploads/small_Apache_Ant_logo_7e6e4d4d7d.png\"\n            }\n          },\n          \"provider\": \"local\",\n          \"related\": [\n            \"602942659dc383001e945de5\"\n          ],\n          \"createdAt\": \"2021-02-14T15:30:57.417Z\",\n          \"updatedAt\": \"2021-02-14T15:31:49.757Z\",\n          \"__v\": 0,\n          \"created_by\": \"5e4839cd1c2d53001dcc0696\",\n          \"updated_by\": \"5e4839cd1c2d53001dcc0696\",\n          \"id\": \"602942319dc383001e945de4\"\n        },\n        \"updated_by\": \"5e4839cd1c2d53001dcc0696\",\n        \"id\": \"602942659dc383001e945de5\"\n      },\n      {\n        \"includeOnResume\": false,\n        \"_id\": \"6029446c9dc383001e945de9\",\n        \"name\": \"SVN\",\n        \"rating\": 8,\n        \"description\": \"Subversion is an open-source, centralized version control system\",\n        \"createdAt\": \"2021-02-14T15:40:28.180Z\",\n        \"updatedAt\": \"2021-02-14T15:40:28.197Z\",\n        \"__v\": 0,\n        \"created_by\": \"5e4839cd1c2d53001dcc0696\",\n        \"image\": {\n          \"_id\": \"6029440a9dc383001e945de8\",\n          \"name\": \"Subversion_Logo.svg.png\",\n          \"alternativeText\": \"\",\n          \"caption\": \"\",\n          \"hash\": \"Subversion_Logo_svg_4bcca6a938\",\n          \"ext\": \".png\",\n          \"mime\": \"image/png\",\n          \"size\": 34.76,\n          \"width\": 1200,\n          \"height\": 718,\n          \"url\": \"/uploads/Subversion_Logo_svg_4bcca6a938.png\",\n          \"formats\": {\n            \"thumbnail\": {\n              \"name\": \"thumbnail_Subversion_Logo.svg.png\",\n              \"hash\": \"thumbnail_Subversion_Logo_svg_4bcca6a938\",\n              \"ext\": \".png\",\n              \"mime\": \"image/png\",\n              \"width\": 245,\n              \"height\": 147,\n              \"size\": 12.88,\n              \"path\": null,\n              \"url\": \"/uploads/thumbnail_Subversion_Logo_svg_4bcca6a938.png\"\n            },\n            \"large\": {\n              \"name\": \"large_Subversion_Logo.svg.png\",\n              \"hash\": \"large_Subversion_Logo_svg_4bcca6a938\",\n              \"ext\": \".png\",\n              \"mime\": \"image/png\",\n              \"width\": 1000,\n              \"height\": 598,\n              \"size\": 69.46,\n              \"path\": null,\n              \"url\": \"/uploads/large_Subversion_Logo_svg_4bcca6a938.png\"\n            },\n            \"medium\": {\n              \"name\": \"medium_Subversion_Logo.svg.png\",\n              \"hash\": \"medium_Subversion_Logo_svg_4bcca6a938\",\n              \"ext\": \".png\",\n              \"mime\": \"image/png\",\n              \"width\": 750,\n              \"height\": 449,\n              \"size\": 47.42,\n              \"path\": null,\n              \"url\": \"/uploads/medium_Subversion_Logo_svg_4bcca6a938.png\"\n            },\n            \"small\": {\n              \"name\": \"small_Subversion_Logo.svg.png\",\n              \"hash\": \"small_Subversion_Logo_svg_4bcca6a938\",\n              \"ext\": \".png\",\n              \"mime\": \"image/png\",\n              \"width\": 500,\n              \"height\": 299,\n              \"size\": 28.16,\n              \"path\": null,\n              \"url\": \"/uploads/small_Subversion_Logo_svg_4bcca6a938.png\"\n            }\n          },\n          \"provider\": \"local\",\n          \"related\": [\n            \"6029446c9dc383001e945de9\"\n          ],\n          \"createdAt\": \"2021-02-14T15:38:50.454Z\",\n          \"updatedAt\": \"2021-02-14T15:40:28.191Z\",\n          \"__v\": 0,\n          \"created_by\": \"5e4839cd1c2d53001dcc0696\",\n          \"updated_by\": \"5e4839cd1c2d53001dcc0696\",\n          \"id\": \"6029440a9dc383001e945de8\"\n        },\n        \"updated_by\": \"5e4839cd1c2d53001dcc0696\",\n        \"id\": \"6029446c9dc383001e945de9\"\n      },\n      {\n        \"includeOnResume\": true,\n        \"_id\": \"5f635bb85ee4c9001d2b9635\",\n        \"name\": \"Spring Security\",\n        \"rating\": 9.5,\n        \"createdAt\": \"2020-09-17T12:51:04.405Z\",\n        \"updatedAt\": \"2021-02-26T07:04:09.692Z\",\n        \"__v\": 0,\n        \"created_by\": \"5e4839cd1c2d53001dcc0696\",\n        \"updated_by\": \"5e4839cd1c2d53001dcc0696\",\n        \"image\": {\n          \"_id\": \"5f6852115ee4c9001d2b96b5\",\n          \"name\": \"spring-security-project.png\",\n          \"alternativeText\": \"\",\n          \"caption\": \"\",\n          \"hash\": \"spring_security_project_072bc02e23\",\n          \"ext\": \".png\",\n          \"mime\": \"image/png\",\n          \"size\": 2.18,\n          \"width\": 200,\n          \"height\": 200,\n          \"url\": \"/uploads/spring_security_project_072bc02e23.png\",\n          \"formats\": {\n            \"thumbnail\": {\n              \"name\": \"thumbnail_spring-security-project.png\",\n              \"hash\": \"thumbnail_spring_security_project_072bc02e23\",\n              \"ext\": \".png\",\n              \"mime\": \"image/png\",\n              \"width\": 156,\n              \"height\": 156,\n              \"size\": 6.11,\n              \"path\": null,\n              \"url\": \"/uploads/thumbnail_spring_security_project_072bc02e23.png\"\n            }\n          },\n          \"provider\": \"local\",\n          \"related\": [\n            \"5f635bb85ee4c9001d2b9635\"\n          ],\n          \"createdAt\": \"2020-09-21T07:11:13.729Z\",\n          \"updatedAt\": \"2020-09-21T07:11:16.322Z\",\n          \"__v\": 0,\n          \"created_by\": \"5e4839cd1c2d53001dcc0696\",\n          \"updated_by\": \"5e4839cd1c2d53001dcc0696\",\n          \"id\": \"5f6852115ee4c9001d2b96b5\"\n        },\n        \"description\": \"Spring Security is a framework that focuses on providing both authentication and authorization to Java and Kotlin applications.\\n\\n- Use of core and web modules to provide authorization and RBAC (role based access control) for microservices and web applications. Configured applications to do form based, basic, kerberos, token based, and mutual auth.\\n- Use of @Resource server and jwks (json web keys) to secure services using openid connect resource servers.\\n- Use of OAuth2 client for clients to perform client credential auth flow.\",\n        \"id\": \"5f635bb85ee4c9001d2b9635\"\n      }\n    ],\n    \"_id\": \"5e5371ef11c196001d06f91d\",\n    \"title\": \"Senior Applications Developer\",\n    \"startDate\": \"2009-11-01\",\n    \"endDate\": \"2011-05-19\",\n    \"createdAt\": \"2020-02-24T06:49:19.909Z\",\n    \"updatedAt\": \"2021-02-26T08:51:39.829Z\",\n    \"__v\": 0,\n    \"company\": \"Workcover Queensland\",\n    \"companyUrl\": \"https://www.worksafe.qld.gov.au/\",\n    \"shortDescription\": \"Team Leader working on an external-facing self-service portal in addition to migration of internal business-critical Oracle Forms applications to Spring MVC.\",\n    \"companyImage\": {\n      \"_id\": \"5f6618515ee4c9001d2b969e\",\n      \"name\": \"workcover.jpg\",\n      \"alternativeText\": \"\",\n      \"caption\": \"\",\n      \"hash\": \"workcover_15d9bd50bd\",\n      \"ext\": \".jpg\",\n      \"mime\": \"image/jpeg\",\n      \"size\": 24.35,\n      \"width\": 896,\n      \"height\": 530,\n      \"url\": \"/uploads/workcover_15d9bd50bd.jpg\",\n      \"formats\": {\n        \"thumbnail\": {\n          \"name\": \"thumbnail_workcover.jpg\",\n          \"hash\": \"thumbnail_workcover_15d9bd50bd\",\n          \"ext\": \".jpg\",\n          \"mime\": \"image/jpeg\",\n          \"width\": 245,\n          \"height\": 145,\n          \"size\": 5.05,\n          \"path\": null,\n          \"url\": \"/uploads/thumbnail_workcover_15d9bd50bd.jpg\"\n        },\n        \"medium\": {\n          \"name\": \"medium_workcover.jpg\",\n          \"hash\": \"medium_workcover_15d9bd50bd\",\n          \"ext\": \".jpg\",\n          \"mime\": \"image/jpeg\",\n          \"width\": 750,\n          \"height\": 444,\n          \"size\": 19.38,\n          \"path\": null,\n          \"url\": \"/uploads/medium_workcover_15d9bd50bd.jpg\"\n        },\n        \"small\": {\n          \"name\": \"small_workcover.jpg\",\n          \"hash\": \"small_workcover_15d9bd50bd\",\n          \"ext\": \".jpg\",\n          \"mime\": \"image/jpeg\",\n          \"width\": 500,\n          \"height\": 296,\n          \"size\": 11.09,\n          \"path\": null,\n          \"url\": \"/uploads/small_workcover_15d9bd50bd.jpg\"\n        }\n      },\n      \"provider\": \"local\",\n      \"related\": [\n        \"5e5371ef11c196001d06f91d\"\n      ],\n      \"createdAt\": \"2020-09-19T14:40:17.127Z\",\n      \"updatedAt\": \"2020-09-19T14:40:20.116Z\",\n      \"__v\": 0,\n      \"created_by\": \"5e4839cd1c2d53001dcc0696\",\n      \"updated_by\": \"5e4839cd1c2d53001dcc0696\",\n      \"id\": \"5f6618515ee4c9001d2b969e\"\n    },\n    \"updated_by\": {\n      \"_id\": \"5e4839cd1c2d53001dcc0696\",\n      \"username\": \"simon.rowe@gmail.com\",\n      \"createdAt\": \"2020-02-15T18:34:53.155Z\",\n      \"updatedAt\": \"2020-09-17T07:45:13.526Z\",\n      \"__v\": 0,\n      \"id\": \"5e4839cd1c2d53001dcc0696\"\n    },\n    \"longDescription\": \"Analysis, Design, Development, Testing & Documentation of enhancements to internal and external facing web applications within an agile environment\\n\\nMentoring of less experienced developers\\n\\nTechnologies used: JEE, JSP, Spring, Ibatis, Tiles, HTML, JQuery, Oracle, Ruby, Cucumber, Watir, PowerMock, EasyMock, TeamCity, Weblogic. SVN, DWR, Jasper Reports, Eclipse, SVN, CVS, Apache FOP, XML, XSLT.\",\n    \"location\": \"Brisbane\",\n    \"id\": \"5e5371ef11c196001d06f91d\"\n  },\n  {\n    \"education\": false,\n    \"includeOnResume\": true,\n    \"attachments\": [],\n    \"skills\": [\n      {\n        \"includeOnResume\": false,\n        \"_id\": \"5f635e755ee4c9001d2b9662\",\n        \"name\": \"HTML\",\n        \"rating\": 6,\n        \"createdAt\": \"2020-09-17T13:02:45.014Z\",\n        \"updatedAt\": \"2020-09-27T08:08:44.243Z\",\n        \"__v\": 0,\n        \"created_by\": \"5e4839cd1c2d53001dcc0696\",\n        \"updated_by\": \"5e4839cd1c2d53001dcc0696\",\n        \"image\": {\n          \"_id\": \"5f689a9376320d001e515e85\",\n          \"name\": \"html.jpg\",\n          \"alternativeText\": \"\",\n          \"caption\": \"\",\n          \"hash\": \"html_c7814e20c6\",\n          \"ext\": \".jpg\",\n          \"mime\": \"image/jpeg\",\n          \"size\": 116.37,\n          \"width\": 900,\n          \"height\": 506,\n          \"url\": \"/uploads/html_c7814e20c6.jpg\",\n          \"formats\": {\n            \"thumbnail\": {\n              \"name\": \"thumbnail_html.jpg\",\n              \"hash\": \"thumbnail_html_c7814e20c6\",\n              \"ext\": \".jpg\",\n              \"mime\": \"image/jpeg\",\n              \"width\": 245,\n              \"height\": 138,\n              \"size\": 7.72,\n              \"path\": null,\n              \"url\": \"/uploads/thumbnail_html_c7814e20c6.jpg\"\n            },\n            \"medium\": {\n              \"name\": \"medium_html.jpg\",\n              \"hash\": \"medium_html_c7814e20c6\",\n              \"ext\": \".jpg\",\n              \"mime\": \"image/jpeg\",\n              \"width\": 750,\n              \"height\": 422,\n              \"size\": 63.84,\n              \"path\": null,\n              \"url\": \"/uploads/medium_html_c7814e20c6.jpg\"\n            },\n            \"small\": {\n              \"name\": \"small_html.jpg\",\n              \"hash\": \"small_html_c7814e20c6\",\n              \"ext\": \".jpg\",\n              \"mime\": \"image/jpeg\",\n              \"width\": 500,\n              \"height\": 281,\n              \"size\": 29.07,\n              \"path\": null,\n              \"url\": \"/uploads/small_html_c7814e20c6.jpg\"\n            }\n          },\n          \"provider\": \"local\",\n          \"related\": [\n            \"5f635e755ee4c9001d2b9662\"\n          ],\n          \"createdAt\": \"2020-09-21T12:20:35.159Z\",\n          \"updatedAt\": \"2020-09-21T12:20:38.166Z\",\n          \"__v\": 0,\n          \"created_by\": \"5e4839cd1c2d53001dcc0696\",\n          \"updated_by\": \"5e4839cd1c2d53001dcc0696\",\n          \"id\": \"5f689a9376320d001e515e85\"\n        },\n        \"description\": \"Hypertext Markup Language is the standard markup language for documents designed to be displayed in a web browser. It can be assisted by technologies such as Cascading Style Sheets and scripting languages such as JavaScript\",\n        \"id\": \"5f635e755ee4c9001d2b9662\"\n      },\n      {\n        \"includeOnResume\": false,\n        \"_id\": \"5f635e7d5ee4c9001d2b9663\",\n        \"name\": \"CSS\",\n        \"rating\": 6,\n        \"createdAt\": \"2020-09-17T13:02:53.094Z\",\n        \"updatedAt\": \"2020-09-27T08:09:11.422Z\",\n        \"__v\": 0,\n        \"created_by\": \"5e4839cd1c2d53001dcc0696\",\n        \"updated_by\": \"5e4839cd1c2d53001dcc0696\",\n        \"image\": {\n          \"_id\": \"5f689aac76320d001e515e87\",\n          \"name\": \"css.jpg\",\n          \"alternativeText\": \"\",\n          \"caption\": \"\",\n          \"hash\": \"css_0ac60a6991\",\n          \"ext\": \".jpg\",\n          \"mime\": \"image/jpeg\",\n          \"size\": 10.86,\n          \"width\": 320,\n          \"height\": 180,\n          \"url\": \"/uploads/css_0ac60a6991.jpg\",\n          \"formats\": {\n            \"thumbnail\": {\n              \"name\": \"thumbnail_css.jpg\",\n              \"hash\": \"thumbnail_css_0ac60a6991\",\n              \"ext\": \".jpg\",\n              \"mime\": \"image/jpeg\",\n              \"width\": 245,\n              \"height\": 138,\n              \"size\": 7.12,\n              \"path\": null,\n              \"url\": \"/uploads/thumbnail_css_0ac60a6991.jpg\"\n            }\n          },\n          \"provider\": \"local\",\n          \"related\": [\n            \"5f635e7d5ee4c9001d2b9663\"\n          ],\n          \"createdAt\": \"2020-09-21T12:21:00.321Z\",\n          \"updatedAt\": \"2020-09-21T12:21:02.514Z\",\n          \"__v\": 0,\n          \"created_by\": \"5e4839cd1c2d53001dcc0696\",\n          \"updated_by\": \"5e4839cd1c2d53001dcc0696\",\n          \"id\": \"5f689aac76320d001e515e87\"\n        },\n        \"description\": \"CSS stands for Cascading Style Sheets. CSS describes how HTML elements are to be displayed on screen, paper, or in other media. CSS saves a lot of work. It can control the layout of multiple web pages all at once. External stylesheets are stored in CSS files\",\n        \"id\": \"5f635e7d5ee4c9001d2b9663\"\n      },\n      {\n        \"includeOnResume\": false,\n        \"_id\": \"5f635e885ee4c9001d2b9664\",\n        \"name\": \"Javascript\",\n        \"rating\": 8,\n        \"createdAt\": \"2020-09-17T13:03:04.945Z\",\n        \"updatedAt\": \"2020-09-27T08:09:39.698Z\",\n        \"__v\": 0,\n        \"created_by\": \"5e4839cd1c2d53001dcc0696\",\n        \"updated_by\": \"5e4839cd1c2d53001dcc0696\",\n        \"image\": {\n          \"_id\": \"5f689acb76320d001e515e89\",\n          \"name\": \"js.png\",\n          \"alternativeText\": \"\",\n          \"caption\": \"\",\n          \"hash\": \"js_67902d7504\",\n          \"ext\": \".png\",\n          \"mime\": \"image/png\",\n          \"size\": 17.78,\n          \"width\": 344,\n          \"height\": 390,\n          \"url\": \"/uploads/js_67902d7504.png\",\n          \"formats\": {\n            \"thumbnail\": {\n              \"name\": \"thumbnail_js.png\",\n              \"hash\": \"thumbnail_js_67902d7504\",\n              \"ext\": \".png\",\n              \"mime\": \"image/png\",\n              \"width\": 138,\n              \"height\": 156,\n              \"size\": 11.2,\n              \"path\": null,\n              \"url\": \"/uploads/thumbnail_js_67902d7504.png\"\n            }\n          },\n          \"provider\": \"local\",\n          \"related\": [\n            \"5f635e885ee4c9001d2b9664\"\n          ],\n          \"createdAt\": \"2020-09-21T12:21:31.977Z\",\n          \"updatedAt\": \"2020-09-21T12:21:34.401Z\",\n          \"__v\": 0,\n          \"created_by\": \"5e4839cd1c2d53001dcc0696\",\n          \"updated_by\": \"5e4839cd1c2d53001dcc0696\",\n          \"id\": \"5f689acb76320d001e515e89\"\n        },\n        \"description\": \"JavaScript, often abbreviated as JS, is a programming language that conforms to the ECMAScript specification. JavaScript is high-level, often just-in-time compiled, and multi-paradigm. It has curly-bracket syntax, dynamic typing, prototype-based object-orientation, and first-class functions\",\n        \"id\": \"5f635e885ee4c9001d2b9664\"\n      },\n      {\n        \"includeOnResume\": false,\n        \"_id\": \"5f635dbe5ee4c9001d2b9655\",\n        \"name\": \"SQL Server\",\n        \"rating\": 7,\n        \"createdAt\": \"2020-09-17T12:59:42.299Z\",\n        \"updatedAt\": \"2020-09-27T07:44:51.169Z\",\n        \"__v\": 0,\n        \"created_by\": \"5e4839cd1c2d53001dcc0696\",\n        \"updated_by\": \"5e4839cd1c2d53001dcc0696\",\n        \"image\": {\n          \"_id\": \"5f68574f76320d001e515e5b\",\n          \"name\": \"sqlserver2.png\",\n          \"alternativeText\": \"\",\n          \"caption\": \"\",\n          \"hash\": \"sqlserver2_2463700f52\",\n          \"ext\": \".png\",\n          \"mime\": \"image/png\",\n          \"size\": 27.42,\n          \"width\": 512,\n          \"height\": 196,\n          \"url\": \"/uploads/sqlserver2_2463700f52.png\",\n          \"formats\": {\n            \"thumbnail\": {\n              \"name\": \"thumbnail_sqlserver2.png\",\n              \"hash\": \"thumbnail_sqlserver2_2463700f52\",\n              \"ext\": \".png\",\n              \"mime\": \"image/png\",\n              \"width\": 245,\n              \"height\": 94,\n              \"size\": 12.62,\n              \"path\": null,\n              \"url\": \"/uploads/thumbnail_sqlserver2_2463700f52.png\"\n            },\n            \"small\": {\n              \"name\": \"small_sqlserver2.png\",\n              \"hash\": \"small_sqlserver2_2463700f52\",\n              \"ext\": \".png\",\n              \"mime\": \"image/png\",\n              \"width\": 500,\n              \"height\": 191,\n              \"size\": 36.93,\n              \"path\": null,\n              \"url\": \"/uploads/small_sqlserver2_2463700f52.png\"\n            }\n          },\n          \"provider\": \"local\",\n          \"related\": [\n            \"5f635dbe5ee4c9001d2b9655\"\n          ],\n          \"createdAt\": \"2020-09-21T07:33:35.115Z\",\n          \"updatedAt\": \"2020-09-21T07:33:38.518Z\",\n          \"__v\": 0,\n          \"created_by\": \"5e4839cd1c2d53001dcc0696\",\n          \"updated_by\": \"5e4839cd1c2d53001dcc0696\",\n          \"id\": \"5f68574f76320d001e515e5b\"\n        },\n        \"description\": \"SQL Server is a relational database management system, or RDBMS, developed and marketed by Microsoft.\",\n        \"id\": \"5f635dbe5ee4c9001d2b9655\"\n      },\n      {\n        \"includeOnResume\": false,\n        \"_id\": \"602942659dc383001e945de5\",\n        \"name\": \"Ant\",\n        \"rating\": 8,\n        \"description\": \"Apache Ant is a Java library and command-line tool whose mission is to drive processes described in build files as targets and extension points dependent upon each other. The main known usage of Ant is the build of Java applications.\",\n        \"createdAt\": \"2021-02-14T15:31:49.741Z\",\n        \"updatedAt\": \"2021-02-14T15:31:49.764Z\",\n        \"__v\": 0,\n        \"created_by\": \"5e4839cd1c2d53001dcc0696\",\n        \"image\": {\n          \"_id\": \"602942319dc383001e945de4\",\n          \"name\": \"Apache-Ant-logo.png\",\n          \"alternativeText\": \"\",\n          \"caption\": \"\",\n          \"hash\": \"Apache_Ant_logo_7e6e4d4d7d\",\n          \"ext\": \".png\",\n          \"mime\": \"image/png\",\n          \"size\": 38.01,\n          \"width\": 828,\n          \"height\": 577,\n          \"url\": \"/uploads/Apache_Ant_logo_7e6e4d4d7d.png\",\n          \"formats\": {\n            \"thumbnail\": {\n              \"name\": \"thumbnail_Apache-Ant-logo.png\",\n              \"hash\": \"thumbnail_Apache_Ant_logo_7e6e4d4d7d\",\n              \"ext\": \".png\",\n              \"mime\": \"image/png\",\n              \"width\": 224,\n              \"height\": 156,\n              \"size\": 14.72,\n              \"path\": null,\n              \"url\": \"/uploads/thumbnail_Apache_Ant_logo_7e6e4d4d7d.png\"\n            },\n            \"medium\": {\n              \"name\": \"medium_Apache-Ant-logo.png\",\n              \"hash\": \"medium_Apache_Ant_logo_7e6e4d4d7d\",\n              \"ext\": \".png\",\n              \"mime\": \"image/png\",\n              \"width\": 750,\n              \"height\": 523,\n              \"size\": 67.33,\n              \"path\": null,\n              \"url\": \"/uploads/medium_Apache_Ant_logo_7e6e4d4d7d.png\"\n            },\n            \"small\": {\n              \"name\": \"small_Apache-Ant-logo.png\",\n              \"hash\": \"small_Apache_Ant_logo_7e6e4d4d7d\",\n              \"ext\": \".png\",\n              \"mime\": \"image/png\",\n              \"width\": 500,\n              \"height\": 348,\n              \"size\": 39,\n              \"path\": null,\n              \"url\": \"/uploads/small_Apache_Ant_logo_7e6e4d4d7d.png\"\n            }\n          },\n          \"provider\": \"local\",\n          \"related\": [\n            \"602942659dc383001e945de5\"\n          ],\n          \"createdAt\": \"2021-02-14T15:30:57.417Z\",\n          \"updatedAt\": \"2021-02-14T15:31:49.757Z\",\n          \"__v\": 0,\n          \"created_by\": \"5e4839cd1c2d53001dcc0696\",\n          \"updated_by\": \"5e4839cd1c2d53001dcc0696\",\n          \"id\": \"602942319dc383001e945de4\"\n        },\n        \"updated_by\": \"5e4839cd1c2d53001dcc0696\",\n        \"id\": \"602942659dc383001e945de5\"\n      },\n      {\n        \"includeOnResume\": false,\n        \"_id\": \"6029446c9dc383001e945de9\",\n        \"name\": \"SVN\",\n        \"rating\": 8,\n        \"description\": \"Subversion is an open-source, centralized version control system\",\n        \"createdAt\": \"2021-02-14T15:40:28.180Z\",\n        \"updatedAt\": \"2021-02-14T15:40:28.197Z\",\n        \"__v\": 0,\n        \"created_by\": \"5e4839cd1c2d53001dcc0696\",\n        \"image\": {\n          \"_id\": \"6029440a9dc383001e945de8\",\n          \"name\": \"Subversion_Logo.svg.png\",\n          \"alternativeText\": \"\",\n          \"caption\": \"\",\n          \"hash\": \"Subversion_Logo_svg_4bcca6a938\",\n          \"ext\": \".png\",\n          \"mime\": \"image/png\",\n          \"size\": 34.76,\n          \"width\": 1200,\n          \"height\": 718,\n          \"url\": \"/uploads/Subversion_Logo_svg_4bcca6a938.png\",\n          \"formats\": {\n            \"thumbnail\": {\n              \"name\": \"thumbnail_Subversion_Logo.svg.png\",\n              \"hash\": \"thumbnail_Subversion_Logo_svg_4bcca6a938\",\n              \"ext\": \".png\",\n              \"mime\": \"image/png\",\n              \"width\": 245,\n              \"height\": 147,\n              \"size\": 12.88,\n              \"path\": null,\n              \"url\": \"/uploads/thumbnail_Subversion_Logo_svg_4bcca6a938.png\"\n            },\n            \"large\": {\n              \"name\": \"large_Subversion_Logo.svg.png\",\n              \"hash\": \"large_Subversion_Logo_svg_4bcca6a938\",\n              \"ext\": \".png\",\n              \"mime\": \"image/png\",\n              \"width\": 1000,\n              \"height\": 598,\n              \"size\": 69.46,\n              \"path\": null,\n              \"url\": \"/uploads/large_Subversion_Logo_svg_4bcca6a938.png\"\n            },\n            \"medium\": {\n              \"name\": \"medium_Subversion_Logo.svg.png\",\n              \"hash\": \"medium_Subversion_Logo_svg_4bcca6a938\",\n              \"ext\": \".png\",\n              \"mime\": \"image/png\",\n              \"width\": 750,\n              \"height\": 449,\n              \"size\": 47.42,\n              \"path\": null,\n              \"url\": \"/uploads/medium_Subversion_Logo_svg_4bcca6a938.png\"\n            },\n            \"small\": {\n              \"name\": \"small_Subversion_Logo.svg.png\",\n              \"hash\": \"small_Subversion_Logo_svg_4bcca6a938\",\n              \"ext\": \".png\",\n              \"mime\": \"image/png\",\n              \"width\": 500,\n              \"height\": 299,\n              \"size\": 28.16,\n              \"path\": null,\n              \"url\": \"/uploads/small_Subversion_Logo_svg_4bcca6a938.png\"\n            }\n          },\n          \"provider\": \"local\",\n          \"related\": [\n            \"6029446c9dc383001e945de9\"\n          ],\n          \"createdAt\": \"2021-02-14T15:38:50.454Z\",\n          \"updatedAt\": \"2021-02-14T15:40:28.191Z\",\n          \"__v\": 0,\n          \"created_by\": \"5e4839cd1c2d53001dcc0696\",\n          \"updated_by\": \"5e4839cd1c2d53001dcc0696\",\n          \"id\": \"6029440a9dc383001e945de8\"\n        },\n        \"updated_by\": \"5e4839cd1c2d53001dcc0696\",\n        \"id\": \"6029446c9dc383001e945de9\"\n      },\n      {\n        \"includeOnResume\": true,\n        \"_id\": \"5f635bb85ee4c9001d2b9635\",\n        \"name\": \"Spring Security\",\n        \"rating\": 9.5,\n        \"createdAt\": \"2020-09-17T12:51:04.405Z\",\n        \"updatedAt\": \"2021-02-26T07:04:09.692Z\",\n        \"__v\": 0,\n        \"created_by\": \"5e4839cd1c2d53001dcc0696\",\n        \"updated_by\": \"5e4839cd1c2d53001dcc0696\",\n        \"image\": {\n          \"_id\": \"5f6852115ee4c9001d2b96b5\",\n          \"name\": \"spring-security-project.png\",\n          \"alternativeText\": \"\",\n          \"caption\": \"\",\n          \"hash\": \"spring_security_project_072bc02e23\",\n          \"ext\": \".png\",\n          \"mime\": \"image/png\",\n          \"size\": 2.18,\n          \"width\": 200,\n          \"height\": 200,\n          \"url\": \"/uploads/spring_security_project_072bc02e23.png\",\n          \"formats\": {\n            \"thumbnail\": {\n              \"name\": \"thumbnail_spring-security-project.png\",\n              \"hash\": \"thumbnail_spring_security_project_072bc02e23\",\n              \"ext\": \".png\",\n              \"mime\": \"image/png\",\n              \"width\": 156,\n              \"height\": 156,\n              \"size\": 6.11,\n              \"path\": null,\n              \"url\": \"/uploads/thumbnail_spring_security_project_072bc02e23.png\"\n            }\n          },\n          \"provider\": \"local\",\n          \"related\": [\n            \"5f635bb85ee4c9001d2b9635\"\n          ],\n          \"createdAt\": \"2020-09-21T07:11:13.729Z\",\n          \"updatedAt\": \"2020-09-21T07:11:16.322Z\",\n          \"__v\": 0,\n          \"created_by\": \"5e4839cd1c2d53001dcc0696\",\n          \"updated_by\": \"5e4839cd1c2d53001dcc0696\",\n          \"id\": \"5f6852115ee4c9001d2b96b5\"\n        },\n        \"description\": \"Spring Security is a framework that focuses on providing both authentication and authorization to Java and Kotlin applications.\\n\\n- Use of core and web modules to provide authorization and RBAC (role based access control) for microservices and web applications. Configured applications to do form based, basic, kerberos, token based, and mutual auth.\\n- Use of @Resource server and jwks (json web keys) to secure services using openid connect resource servers.\\n- Use of OAuth2 client for clients to perform client credential auth flow.\",\n        \"id\": \"5f635bb85ee4c9001d2b9635\"\n      }\n    ],\n    \"_id\": \"5e53733b11c196001d06f920\",\n    \"title\": \"Analyst / Programmer\",\n    \"startDate\": \"2008-02-01\",\n    \"endDate\": \"2009-11-01\",\n    \"company\": \"Macquarie Group\",\n    \"companyUrl\": \"https://www.macquarie.com/uk/en.html\",\n    \"shortDescription\": \"Built real-time, batch and web applications using Struts and Spring framework for the Risk Management Group.\\n\\n\",\n    \"createdAt\": \"2020-02-24T06:54:51.222Z\",\n    \"updatedAt\": \"2021-02-26T08:51:50.608Z\",\n    \"__v\": 0,\n    \"companyImage\": {\n      \"_id\": \"5f6618675ee4c9001d2b96a0\",\n      \"name\": \"macquarie.png\",\n      \"alternativeText\": \"\",\n      \"caption\": \"\",\n      \"hash\": \"macquarie_5a3682b3db\",\n      \"ext\": \".png\",\n      \"mime\": \"image/png\",\n      \"size\": 11.24,\n      \"width\": 264,\n      \"height\": 229,\n      \"url\": \"/uploads/macquarie_5a3682b3db.png\",\n      \"formats\": {\n        \"thumbnail\": {\n          \"name\": \"thumbnail_macquarie.png\",\n          \"hash\": \"thumbnail_macquarie_5a3682b3db\",\n          \"ext\": \".png\",\n          \"mime\": \"image/png\",\n          \"width\": 180,\n          \"height\": 156,\n          \"size\": 7.99,\n          \"path\": null,\n          \"url\": \"/uploads/thumbnail_macquarie_5a3682b3db.png\"\n        }\n      },\n      \"provider\": \"local\",\n      \"related\": [\n        \"5e53733b11c196001d06f920\"\n      ],\n      \"createdAt\": \"2020-09-19T14:40:39.885Z\",\n      \"updatedAt\": \"2021-02-08T08:33:28.402Z\",\n      \"__v\": 0,\n      \"created_by\": \"5e4839cd1c2d53001dcc0696\",\n      \"updated_by\": \"5e4839cd1c2d53001dcc0696\",\n      \"id\": \"5f6618675ee4c9001d2b96a0\"\n    },\n    \"updated_by\": {\n      \"_id\": \"5e4839cd1c2d53001dcc0696\",\n      \"username\": \"simon.rowe@gmail.com\",\n      \"createdAt\": \"2020-02-15T18:34:53.155Z\",\n      \"updatedAt\": \"2020-09-17T07:45:13.526Z\",\n      \"__v\": 0,\n      \"id\": \"5e4839cd1c2d53001dcc0696\"\n    },\n    \"longDescription\": \"Design, Build, Test & Document new software solutions across the Risk Management Group\\n\\nMaintain and Enhance existing systems.\\n\\nMentoring of junior developers.\\n\\nTechnologies Used: JEE, Java, JSP, HTML, JQuery, Dojo, Spring, Hibernate, Sybase,HSQLDB, SQL Server, Tiles, JUnit, Selenium, PHP\",\n    \"location\": \"Sydney\",\n    \"id\": \"5e53733b11c196001d06f920\"\n  },\n  {\n    \"education\": false,\n    \"includeOnResume\": false,\n    \"attachments\": [],\n    \"skills\": [\n      {\n        \"includeOnResume\": false,\n        \"_id\": \"602942659dc383001e945de5\",\n        \"name\": \"Ant\",\n        \"rating\": 8,\n        \"description\": \"Apache Ant is a Java library and command-line tool whose mission is to drive processes described in build files as targets and extension points dependent upon each other. The main known usage of Ant is the build of Java applications.\",\n        \"createdAt\": \"2021-02-14T15:31:49.741Z\",\n        \"updatedAt\": \"2021-02-14T15:31:49.764Z\",\n        \"__v\": 0,\n        \"created_by\": \"5e4839cd1c2d53001dcc0696\",\n        \"image\": {\n          \"_id\": \"602942319dc383001e945de4\",\n          \"name\": \"Apache-Ant-logo.png\",\n          \"alternativeText\": \"\",\n          \"caption\": \"\",\n          \"hash\": \"Apache_Ant_logo_7e6e4d4d7d\",\n          \"ext\": \".png\",\n          \"mime\": \"image/png\",\n          \"size\": 38.01,\n          \"width\": 828,\n          \"height\": 577,\n          \"url\": \"/uploads/Apache_Ant_logo_7e6e4d4d7d.png\",\n          \"formats\": {\n            \"thumbnail\": {\n              \"name\": \"thumbnail_Apache-Ant-logo.png\",\n              \"hash\": \"thumbnail_Apache_Ant_logo_7e6e4d4d7d\",\n              \"ext\": \".png\",\n              \"mime\": \"image/png\",\n              \"width\": 224,\n              \"height\": 156,\n              \"size\": 14.72,\n              \"path\": null,\n              \"url\": \"/uploads/thumbnail_Apache_Ant_logo_7e6e4d4d7d.png\"\n            },\n            \"medium\": {\n              \"name\": \"medium_Apache-Ant-logo.png\",\n              \"hash\": \"medium_Apache_Ant_logo_7e6e4d4d7d\",\n              \"ext\": \".png\",\n              \"mime\": \"image/png\",\n              \"width\": 750,\n              \"height\": 523,\n              \"size\": 67.33,\n              \"path\": null,\n              \"url\": \"/uploads/medium_Apache_Ant_logo_7e6e4d4d7d.png\"\n            },\n            \"small\": {\n              \"name\": \"small_Apache-Ant-logo.png\",\n              \"hash\": \"small_Apache_Ant_logo_7e6e4d4d7d\",\n              \"ext\": \".png\",\n              \"mime\": \"image/png\",\n              \"width\": 500,\n              \"height\": 348,\n              \"size\": 39,\n              \"path\": null,\n              \"url\": \"/uploads/small_Apache_Ant_logo_7e6e4d4d7d.png\"\n            }\n          },\n          \"provider\": \"local\",\n          \"related\": [\n            \"602942659dc383001e945de5\"\n          ],\n          \"createdAt\": \"2021-02-14T15:30:57.417Z\",\n          \"updatedAt\": \"2021-02-14T15:31:49.757Z\",\n          \"__v\": 0,\n          \"created_by\": \"5e4839cd1c2d53001dcc0696\",\n          \"updated_by\": \"5e4839cd1c2d53001dcc0696\",\n          \"id\": \"602942319dc383001e945de4\"\n        },\n        \"updated_by\": \"5e4839cd1c2d53001dcc0696\",\n        \"id\": \"602942659dc383001e945de5\"\n      },\n      {\n        \"includeOnResume\": false,\n        \"_id\": \"6029446c9dc383001e945de9\",\n        \"name\": \"SVN\",\n        \"rating\": 8,\n        \"description\": \"Subversion is an open-source, centralized version control system\",\n        \"createdAt\": \"2021-02-14T15:40:28.180Z\",\n        \"updatedAt\": \"2021-02-14T15:40:28.197Z\",\n        \"__v\": 0,\n        \"created_by\": \"5e4839cd1c2d53001dcc0696\",\n        \"image\": {\n          \"_id\": \"6029440a9dc383001e945de8\",\n          \"name\": \"Subversion_Logo.svg.png\",\n          \"alternativeText\": \"\",\n          \"caption\": \"\",\n          \"hash\": \"Subversion_Logo_svg_4bcca6a938\",\n          \"ext\": \".png\",\n          \"mime\": \"image/png\",\n          \"size\": 34.76,\n          \"width\": 1200,\n          \"height\": 718,\n          \"url\": \"/uploads/Subversion_Logo_svg_4bcca6a938.png\",\n          \"formats\": {\n            \"thumbnail\": {\n              \"name\": \"thumbnail_Subversion_Logo.svg.png\",\n              \"hash\": \"thumbnail_Subversion_Logo_svg_4bcca6a938\",\n              \"ext\": \".png\",\n              \"mime\": \"image/png\",\n              \"width\": 245,\n              \"height\": 147,\n              \"size\": 12.88,\n              \"path\": null,\n              \"url\": \"/uploads/thumbnail_Subversion_Logo_svg_4bcca6a938.png\"\n            },\n            \"large\": {\n              \"name\": \"large_Subversion_Logo.svg.png\",\n              \"hash\": \"large_Subversion_Logo_svg_4bcca6a938\",\n              \"ext\": \".png\",\n              \"mime\": \"image/png\",\n              \"width\": 1000,\n              \"height\": 598,\n              \"size\": 69.46,\n              \"path\": null,\n              \"url\": \"/uploads/large_Subversion_Logo_svg_4bcca6a938.png\"\n            },\n            \"medium\": {\n              \"name\": \"medium_Subversion_Logo.svg.png\",\n              \"hash\": \"medium_Subversion_Logo_svg_4bcca6a938\",\n              \"ext\": \".png\",\n              \"mime\": \"image/png\",\n              \"width\": 750,\n              \"height\": 449,\n              \"size\": 47.42,\n              \"path\": null,\n              \"url\": \"/uploads/medium_Subversion_Logo_svg_4bcca6a938.png\"\n            },\n            \"small\": {\n              \"name\": \"small_Subversion_Logo.svg.png\",\n              \"hash\": \"small_Subversion_Logo_svg_4bcca6a938\",\n              \"ext\": \".png\",\n              \"mime\": \"image/png\",\n              \"width\": 500,\n              \"height\": 299,\n              \"size\": 28.16,\n              \"path\": null,\n              \"url\": \"/uploads/small_Subversion_Logo_svg_4bcca6a938.png\"\n            }\n          },\n          \"provider\": \"local\",\n          \"related\": [\n            \"6029446c9dc383001e945de9\"\n          ],\n          \"createdAt\": \"2021-02-14T15:38:50.454Z\",\n          \"updatedAt\": \"2021-02-14T15:40:28.191Z\",\n          \"__v\": 0,\n          \"created_by\": \"5e4839cd1c2d53001dcc0696\",\n          \"updated_by\": \"5e4839cd1c2d53001dcc0696\",\n          \"id\": \"6029440a9dc383001e945de8\"\n        },\n        \"updated_by\": \"5e4839cd1c2d53001dcc0696\",\n        \"id\": \"6029446c9dc383001e945de9\"\n      }\n    ],\n    \"_id\": \"5e5373a811c196001d06f923\",\n    \"title\": \"Junior Applications Developer\",\n    \"startDate\": \"2006-09-30\",\n    \"endDate\": \"2008-02-01\",\n    \"company\": \"SAS\",\n    \"companyUrl\": \"https://www.sas.com/en_gb/home.html\",\n    \"shortDescription\": \"Design, Development, Testing and Documentation of the Synapse internal businesssoftware.\\n\\n3rd Level Support\\n\\nTechnologies Used: SAS, Java, JSP, JEE, Spring, Struts, Web Services, XFire.\",\n    \"createdAt\": \"2020-02-24T06:56:40.720Z\",\n    \"updatedAt\": \"2021-02-26T08:52:02.887Z\",\n    \"__v\": 0,\n    \"companyImage\": {\n      \"_id\": \"5f66189c5ee4c9001d2b96a2\",\n      \"name\": \"sas.png\",\n      \"alternativeText\": \"\",\n      \"caption\": \"\",\n      \"hash\": \"sas_6fa8778ced\",\n      \"ext\": \".png\",\n      \"mime\": \"image/png\",\n      \"size\": 70.1,\n      \"width\": 640,\n      \"height\": 400,\n      \"url\": \"/uploads/sas_6fa8778ced.png\",\n      \"formats\": {\n        \"thumbnail\": {\n          \"name\": \"thumbnail_sas.png\",\n          \"hash\": \"thumbnail_sas_6fa8778ced\",\n          \"ext\": \".png\",\n          \"mime\": \"image/png\",\n          \"width\": 245,\n          \"height\": 153,\n          \"size\": 15.84,\n          \"path\": null,\n          \"url\": \"/uploads/thumbnail_sas_6fa8778ced.png\"\n        },\n        \"small\": {\n          \"name\": \"small_sas.png\",\n          \"hash\": \"small_sas_6fa8778ced\",\n          \"ext\": \".png\",\n          \"mime\": \"image/png\",\n          \"width\": 500,\n          \"height\": 313,\n          \"size\": 52.35,\n          \"path\": null,\n          \"url\": \"/uploads/small_sas_6fa8778ced.png\"\n        }\n      },\n      \"provider\": \"local\",\n      \"related\": [\n        \"5e5373a811c196001d06f923\"\n      ],\n      \"createdAt\": \"2020-09-19T14:41:32.259Z\",\n      \"updatedAt\": \"2020-09-19T14:41:37.075Z\",\n      \"__v\": 0,\n      \"created_by\": \"5e4839cd1c2d53001dcc0696\",\n      \"updated_by\": \"5e4839cd1c2d53001dcc0696\",\n      \"id\": \"5f66189c5ee4c9001d2b96a2\"\n    },\n    \"updated_by\": {\n      \"_id\": \"5e4839cd1c2d53001dcc0696\",\n      \"username\": \"simon.rowe@gmail.com\",\n      \"createdAt\": \"2020-02-15T18:34:53.155Z\",\n      \"updatedAt\": \"2020-09-17T07:45:13.526Z\",\n      \"__v\": 0,\n      \"id\": \"5e4839cd1c2d53001dcc0696\"\n    },\n    \"longDescription\": \"Design, Development, Testing and Documentation of the Synapse internal businesssoftware.\\n\\n3rd Level Support\\n\\nTechnologies Used: SAS, Java, JSP, JEE, Spring, Struts, Web Services, XFire.\",\n    \"location\": \"Sydney\",\n    \"id\": \"5e5373a811c196001d06f923\"\n  },\n  {\n    \"education\": false,\n    \"includeOnResume\": false,\n    \"attachments\": [],\n    \"skills\": [\n      {\n        \"includeOnResume\": false,\n        \"_id\": \"602942659dc383001e945de5\",\n        \"name\": \"Ant\",\n        \"rating\": 8,\n        \"description\": \"Apache Ant is a Java library and command-line tool whose mission is to drive processes described in build files as targets and extension points dependent upon each other. The main known usage of Ant is the build of Java applications.\",\n        \"createdAt\": \"2021-02-14T15:31:49.741Z\",\n        \"updatedAt\": \"2021-02-14T15:31:49.764Z\",\n        \"__v\": 0,\n        \"created_by\": \"5e4839cd1c2d53001dcc0696\",\n        \"image\": {\n          \"_id\": \"602942319dc383001e945de4\",\n          \"name\": \"Apache-Ant-logo.png\",\n          \"alternativeText\": \"\",\n          \"caption\": \"\",\n          \"hash\": \"Apache_Ant_logo_7e6e4d4d7d\",\n          \"ext\": \".png\",\n          \"mime\": \"image/png\",\n          \"size\": 38.01,\n          \"width\": 828,\n          \"height\": 577,\n          \"url\": \"/uploads/Apache_Ant_logo_7e6e4d4d7d.png\",\n          \"formats\": {\n            \"thumbnail\": {\n              \"name\": \"thumbnail_Apache-Ant-logo.png\",\n              \"hash\": \"thumbnail_Apache_Ant_logo_7e6e4d4d7d\",\n              \"ext\": \".png\",\n              \"mime\": \"image/png\",\n              \"width\": 224,\n              \"height\": 156,\n              \"size\": 14.72,\n              \"path\": null,\n              \"url\": \"/uploads/thumbnail_Apache_Ant_logo_7e6e4d4d7d.png\"\n            },\n            \"medium\": {\n              \"name\": \"medium_Apache-Ant-logo.png\",\n              \"hash\": \"medium_Apache_Ant_logo_7e6e4d4d7d\",\n              \"ext\": \".png\",\n              \"mime\": \"image/png\",\n              \"width\": 750,\n              \"height\": 523,\n              \"size\": 67.33,\n              \"path\": null,\n              \"url\": \"/uploads/medium_Apache_Ant_logo_7e6e4d4d7d.png\"\n            },\n            \"small\": {\n              \"name\": \"small_Apache-Ant-logo.png\",\n              \"hash\": \"small_Apache_Ant_logo_7e6e4d4d7d\",\n              \"ext\": \".png\",\n              \"mime\": \"image/png\",\n              \"width\": 500,\n              \"height\": 348,\n              \"size\": 39,\n              \"path\": null,\n              \"url\": \"/uploads/small_Apache_Ant_logo_7e6e4d4d7d.png\"\n            }\n          },\n          \"provider\": \"local\",\n          \"related\": [\n            \"602942659dc383001e945de5\"\n          ],\n          \"createdAt\": \"2021-02-14T15:30:57.417Z\",\n          \"updatedAt\": \"2021-02-14T15:31:49.757Z\",\n          \"__v\": 0,\n          \"created_by\": \"5e4839cd1c2d53001dcc0696\",\n          \"updated_by\": \"5e4839cd1c2d53001dcc0696\",\n          \"id\": \"602942319dc383001e945de4\"\n        },\n        \"updated_by\": \"5e4839cd1c2d53001dcc0696\",\n        \"id\": \"602942659dc383001e945de5\"\n      },\n      {\n        \"includeOnResume\": false,\n        \"_id\": \"6029446c9dc383001e945de9\",\n        \"name\": \"SVN\",\n        \"rating\": 8,\n        \"description\": \"Subversion is an open-source, centralized version control system\",\n        \"createdAt\": \"2021-02-14T15:40:28.180Z\",\n        \"updatedAt\": \"2021-02-14T15:40:28.197Z\",\n        \"__v\": 0,\n        \"created_by\": \"5e4839cd1c2d53001dcc0696\",\n        \"image\": {\n          \"_id\": \"6029440a9dc383001e945de8\",\n          \"name\": \"Subversion_Logo.svg.png\",\n          \"alternativeText\": \"\",\n          \"caption\": \"\",\n          \"hash\": \"Subversion_Logo_svg_4bcca6a938\",\n          \"ext\": \".png\",\n          \"mime\": \"image/png\",\n          \"size\": 34.76,\n          \"width\": 1200,\n          \"height\": 718,\n          \"url\": \"/uploads/Subversion_Logo_svg_4bcca6a938.png\",\n          \"formats\": {\n            \"thumbnail\": {\n              \"name\": \"thumbnail_Subversion_Logo.svg.png\",\n              \"hash\": \"thumbnail_Subversion_Logo_svg_4bcca6a938\",\n              \"ext\": \".png\",\n              \"mime\": \"image/png\",\n              \"width\": 245,\n              \"height\": 147,\n              \"size\": 12.88,\n              \"path\": null,\n              \"url\": \"/uploads/thumbnail_Subversion_Logo_svg_4bcca6a938.png\"\n            },\n            \"large\": {\n              \"name\": \"large_Subversion_Logo.svg.png\",\n              \"hash\": \"large_Subversion_Logo_svg_4bcca6a938\",\n              \"ext\": \".png\",\n              \"mime\": \"image/png\",\n              \"width\": 1000,\n              \"height\": 598,\n              \"size\": 69.46,\n              \"path\": null,\n              \"url\": \"/uploads/large_Subversion_Logo_svg_4bcca6a938.png\"\n            },\n            \"medium\": {\n              \"name\": \"medium_Subversion_Logo.svg.png\",\n              \"hash\": \"medium_Subversion_Logo_svg_4bcca6a938\",\n              \"ext\": \".png\",\n              \"mime\": \"image/png\",\n              \"width\": 750,\n              \"height\": 449,\n              \"size\": 47.42,\n              \"path\": null,\n              \"url\": \"/uploads/medium_Subversion_Logo_svg_4bcca6a938.png\"\n            },\n            \"small\": {\n              \"name\": \"small_Subversion_Logo.svg.png\",\n              \"hash\": \"small_Subversion_Logo_svg_4bcca6a938\",\n              \"ext\": \".png\",\n              \"mime\": \"image/png\",\n              \"width\": 500,\n              \"height\": 299,\n              \"size\": 28.16,\n              \"path\": null,\n              \"url\": \"/uploads/small_Subversion_Logo_svg_4bcca6a938.png\"\n            }\n          },\n          \"provider\": \"local\",\n          \"related\": [\n            \"6029446c9dc383001e945de9\"\n          ],\n          \"createdAt\": \"2021-02-14T15:38:50.454Z\",\n          \"updatedAt\": \"2021-02-14T15:40:28.191Z\",\n          \"__v\": 0,\n          \"created_by\": \"5e4839cd1c2d53001dcc0696\",\n          \"updated_by\": \"5e4839cd1c2d53001dcc0696\",\n          \"id\": \"6029440a9dc383001e945de8\"\n        },\n        \"updated_by\": \"5e4839cd1c2d53001dcc0696\",\n        \"id\": \"6029446c9dc383001e945de9\"\n      }\n    ],\n    \"_id\": \"5e53740311c196001d06f926\",\n    \"title\": \"Graduate Developer\",\n    \"startDate\": \"2005-01-01\",\n    \"endDate\": \"2006-08-31\",\n    \"company\": \"Civica\",\n    \"companyUrl\": \"https://www.civica.com/en-gb/\",\n    \"shortDescription\": \"Design, Development, Testing and Documentation of the Authority application.\\n\\n3rd Level Support & Maintenance duties.\\n\\nTechnologies Used: Java, JEE, Informix 4GL, Informix, Oracle, SQL Server, VBA, CrystalReports\",\n    \"createdAt\": \"2020-02-24T06:58:11.941Z\",\n    \"updatedAt\": \"2021-02-26T08:52:14.214Z\",\n    \"__v\": 0,\n    \"companyImage\": {\n      \"_id\": \"5f6618cc5ee4c9001d2b96a4\",\n      \"name\": \"civica.jpg\",\n      \"alternativeText\": \"\",\n      \"caption\": \"\",\n      \"hash\": \"civica_85b984ca69\",\n      \"ext\": \".jpg\",\n      \"mime\": \"image/jpeg\",\n      \"size\": 64.14,\n      \"width\": 1600,\n      \"height\": 1066,\n      \"url\": \"/uploads/civica_85b984ca69.jpg\",\n      \"formats\": {\n        \"thumbnail\": {\n          \"name\": \"thumbnail_civica.jpg\",\n          \"hash\": \"thumbnail_civica_85b984ca69\",\n          \"ext\": \".jpg\",\n          \"mime\": \"image/jpeg\",\n          \"width\": 234,\n          \"height\": 156,\n          \"size\": 4.83,\n          \"path\": null,\n          \"url\": \"/uploads/thumbnail_civica_85b984ca69.jpg\"\n        },\n        \"large\": {\n          \"name\": \"large_civica.jpg\",\n          \"hash\": \"large_civica_85b984ca69\",\n          \"ext\": \".jpg\",\n          \"mime\": \"image/jpeg\",\n          \"width\": 1000,\n          \"height\": 666,\n          \"size\": 36.11,\n          \"path\": null,\n          \"url\": \"/uploads/large_civica_85b984ca69.jpg\"\n        },\n        \"medium\": {\n          \"name\": \"medium_civica.jpg\",\n          \"hash\": \"medium_civica_85b984ca69\",\n          \"ext\": \".jpg\",\n          \"mime\": \"image/jpeg\",\n          \"width\": 750,\n          \"height\": 500,\n          \"size\": 24.68,\n          \"path\": null,\n          \"url\": \"/uploads/medium_civica_85b984ca69.jpg\"\n        },\n        \"small\": {\n          \"name\": \"small_civica.jpg\",\n          \"hash\": \"small_civica_85b984ca69\",\n          \"ext\": \".jpg\",\n          \"mime\": \"image/jpeg\",\n          \"width\": 500,\n          \"height\": 333,\n          \"size\": 14.52,\n          \"path\": null,\n          \"url\": \"/uploads/small_civica_85b984ca69.jpg\"\n        }\n      },\n      \"provider\": \"local\",\n      \"related\": [\n        \"5e53740311c196001d06f926\"\n      ],\n      \"createdAt\": \"2020-09-19T14:42:20.287Z\",\n      \"updatedAt\": \"2020-09-19T14:42:24.781Z\",\n      \"__v\": 0,\n      \"created_by\": \"5e4839cd1c2d53001dcc0696\",\n      \"updated_by\": \"5e4839cd1c2d53001dcc0696\",\n      \"id\": \"5f6618cc5ee4c9001d2b96a4\"\n    },\n    \"updated_by\": {\n      \"_id\": \"5e4839cd1c2d53001dcc0696\",\n      \"username\": \"simon.rowe@gmail.com\",\n      \"createdAt\": \"2020-02-15T18:34:53.155Z\",\n      \"updatedAt\": \"2020-09-17T07:45:13.526Z\",\n      \"__v\": 0,\n      \"id\": \"5e4839cd1c2d53001dcc0696\"\n    },\n    \"longDescription\": \"Design, Development, Testing and Documentation of the Authority application.\\n\\n3rd Level Support & Maintenance duties.\\n\\nTechnologies Used: Java, JEE, Informix 4GL, Informix, Oracle, SQL Server, VBA, CrystalReports\",\n    \"location\": \"Newcastle\",\n    \"id\": \"5e53740311c196001d06f926\"\n  },\n  {\n    \"education\": true,\n    \"includeOnResume\": true,\n    \"attachments\": [],\n    \"skills\": [],\n    \"_id\": \"5e5374b911c196001d06f929\",\n    \"title\": \"Computer Science\",\n    \"startDate\": \"2002-01-01\",\n    \"endDate\": \"2004-12-02\",\n    \"company\": \"University of Newcastle\",\n    \"companyUrl\": \"https://www.newcastle.edu.au/\",\n    \"shortDescription\": \"Bachelor of Computer Science\",\n    \"createdAt\": \"2020-02-24T07:01:13.685Z\",\n    \"updatedAt\": \"2021-02-26T08:52:25.317Z\",\n    \"__v\": 0,\n    \"companyImage\": {\n      \"_id\": \"5f6619195ee4c9001d2b96a6\",\n      \"name\": \"uon.png\",\n      \"alternativeText\": \"\",\n      \"caption\": \"\",\n      \"hash\": \"uon_c310bd8728\",\n      \"ext\": \".png\",\n      \"mime\": \"image/png\",\n      \"size\": 34.23,\n      \"width\": 365,\n      \"height\": 332,\n      \"url\": \"/uploads/uon_c310bd8728.png\",\n      \"formats\": {\n        \"thumbnail\": {\n          \"name\": \"thumbnail_uon.png\",\n          \"hash\": \"thumbnail_uon_c310bd8728\",\n          \"ext\": \".png\",\n          \"mime\": \"image/png\",\n          \"width\": 172,\n          \"height\": 156,\n          \"size\": 10.57,\n          \"path\": null,\n          \"url\": \"/uploads/thumbnail_uon_c310bd8728.png\"\n        }\n      },\n      \"provider\": \"local\",\n      \"related\": [\n        \"5e5374b911c196001d06f929\"\n      ],\n      \"createdAt\": \"2020-09-19T14:43:37.703Z\",\n      \"updatedAt\": \"2021-02-08T08:38:20.648Z\",\n      \"__v\": 0,\n      \"created_by\": \"5e4839cd1c2d53001dcc0696\",\n      \"updated_by\": \"5e4839cd1c2d53001dcc0696\",\n      \"id\": \"5f6619195ee4c9001d2b96a6\"\n    },\n    \"updated_by\": {\n      \"_id\": \"5e4839cd1c2d53001dcc0696\",\n      \"username\": \"simon.rowe@gmail.com\",\n      \"createdAt\": \"2020-02-15T18:34:53.155Z\",\n      \"updatedAt\": \"2020-09-17T07:45:13.526Z\",\n      \"__v\": 0,\n      \"id\": \"5e4839cd1c2d53001dcc0696\"\n    },\n    \"longDescription\": \"WAM (Weighted Average Mark) : 81.24\\n\\n__Awards:__\\n\\n- Object Technology Prize 2004\\n- Nextgen.net prize 2003\\n- Deans Merit List (2002-2004)\\n- Deans Achievement Award 2002.\",\n    \"location\": \"Newcastle\",\n    \"id\": \"5e5374b911c196001d06f929\"\n  },\n  {\n    \"education\": false,\n    \"includeOnResume\": true,\n    \"attachments\": [],\n    \"skills\": [\n      {\n        \"includeOnResume\": false,\n        \"_id\": \"5f635b7e5ee4c9001d2b9633\",\n        \"name\": \"Spring Cloud Stream\",\n        \"rating\": 9,\n        \"order\": 2,\n        \"createdAt\": \"2020-09-17T12:50:06.128Z\",\n        \"updatedAt\": \"2020-09-21T21:15:17.989Z\",\n        \"__v\": 0,\n        \"created_by\": \"5e4839cd1c2d53001dcc0696\",\n        \"updated_by\": \"5e4839cd1c2d53001dcc0696\",\n        \"image\": {\n          \"_id\": \"5f6851d05ee4c9001d2b96b1\",\n          \"name\": \"spring-cloud-logo.png\",\n          \"alternativeText\": \"\",\n          \"caption\": \"\",\n          \"hash\": \"spring_cloud_logo_4de8e2579b\",\n          \"ext\": \".png\",\n          \"mime\": \"image/png\",\n          \"size\": 31.41,\n          \"width\": 800,\n          \"height\": 753,\n          \"url\": \"/uploads/spring_cloud_logo_4de8e2579b.png\",\n          \"formats\": {\n            \"thumbnail\": {\n              \"name\": \"thumbnail_spring-cloud-logo.png\",\n              \"hash\": \"thumbnail_spring_cloud_logo_4de8e2579b\",\n              \"ext\": \".png\",\n              \"mime\": \"image/png\",\n              \"width\": 166,\n              \"height\": 156,\n              \"size\": 7,\n              \"path\": null,\n              \"url\": \"/uploads/thumbnail_spring_cloud_logo_4de8e2579b.png\"\n            },\n            \"medium\": {\n              \"name\": \"medium_spring-cloud-logo.png\",\n              \"hash\": \"medium_spring_cloud_logo_4de8e2579b\",\n              \"ext\": \".png\",\n              \"mime\": \"image/png\",\n              \"width\": 750,\n              \"height\": 706,\n              \"size\": 44.37,\n              \"path\": null,\n              \"url\": \"/uploads/medium_spring_cloud_logo_4de8e2579b.png\"\n            },\n            \"small\": {\n              \"name\": \"small_spring-cloud-logo.png\",\n              \"hash\": \"small_spring_cloud_logo_4de8e2579b\",\n              \"ext\": \".png\",\n              \"mime\": \"image/png\",\n              \"width\": 500,\n              \"height\": 471,\n              \"size\": 24.52,\n              \"path\": null,\n              \"url\": \"/uploads/small_spring_cloud_logo_4de8e2579b.png\"\n            }\n          },\n          \"provider\": \"local\",\n          \"related\": [\n            \"5f635b7e5ee4c9001d2b9633\",\n            \"5f635e405ee4c9001d2b965e\"\n          ],\n          \"createdAt\": \"2020-09-21T07:10:08.197Z\",\n          \"updatedAt\": \"2020-09-21T12:18:53.085Z\",\n          \"__v\": 0,\n          \"created_by\": \"5e4839cd1c2d53001dcc0696\",\n          \"updated_by\": \"5e4839cd1c2d53001dcc0696\",\n          \"id\": \"5f6851d05ee4c9001d2b96b1\"\n        },\n        \"description\": \"Spring Cloud Stream is a framework for building highly scalable event-driven microservices connected with shared messaging systems.\\n\\nThe core building blocks of Spring Cloud Stream are:\\n- Destination Binders: Components responsible to provide integration with the external messaging systems.\\n- Destination Bindings: Bridge between the external messaging systems and application provided Producers and Consumers of messages (created by the Destination Binders).\\n- Message: The canonical data structure used by producers and consumers to communicate with Destination Binders (and thus other applications via external messaging systems).-\",\n        \"id\": \"5f635b7e5ee4c9001d2b9633\"\n      },\n      {\n        \"includeOnResume\": false,\n        \"_id\": \"5f635b8b5ee4c9001d2b9634\",\n        \"name\": \"Spring Data\",\n        \"rating\": 9.5,\n        \"createdAt\": \"2020-09-17T12:50:19.666Z\",\n        \"updatedAt\": \"2020-09-22T05:53:37.879Z\",\n        \"__v\": 0,\n        \"created_by\": \"5e4839cd1c2d53001dcc0696\",\n        \"updated_by\": \"5e4839cd1c2d53001dcc0696\",\n        \"image\": {\n          \"_id\": \"5f6851ee5ee4c9001d2b96b3\",\n          \"name\": \"spring-data.png\",\n          \"alternativeText\": \"\",\n          \"caption\": \"\",\n          \"hash\": \"spring_data_27225967b4\",\n          \"ext\": \".png\",\n          \"mime\": \"image/png\",\n          \"size\": 5.28,\n          \"width\": 400,\n          \"height\": 400,\n          \"url\": \"/uploads/spring_data_27225967b4.png\",\n          \"formats\": {\n            \"thumbnail\": {\n              \"name\": \"thumbnail_spring-data.png\",\n              \"hash\": \"thumbnail_spring_data_27225967b4\",\n              \"ext\": \".png\",\n              \"mime\": \"image/png\",\n              \"width\": 156,\n              \"height\": 156,\n              \"size\": 3.53,\n              \"path\": null,\n              \"url\": \"/uploads/thumbnail_spring_data_27225967b4.png\"\n            }\n          },\n          \"provider\": \"local\",\n          \"related\": [\n            \"5f635b8b5ee4c9001d2b9634\"\n          ],\n          \"createdAt\": \"2020-09-21T07:10:38.765Z\",\n          \"updatedAt\": \"2020-09-21T07:10:41.052Z\",\n          \"__v\": 0,\n          \"created_by\": \"5e4839cd1c2d53001dcc0696\",\n          \"updated_by\": \"5e4839cd1c2d53001dcc0696\",\n          \"id\": \"5f6851ee5ee4c9001d2b96b3\"\n        },\n        \"description\": \"Spring Dataâ€™s mission is to provide a familiar and consistent, Spring-based programming model for data access while still retaining the special traits of the underlying data store.\\n\\nIt makes it easy to use data access technologies, relational and non-relational databases, map-reduce frameworks, and cloud-based data services. \\n\\n- Spring Data Jpa\\n- Spring Data MongoDB\\n- Spring Data Redis\\n- Spring Data Neo4j\\n- Spring Data Vault\\n- Spring Data Elasticsearch\",\n        \"id\": \"5f635b8b5ee4c9001d2b9634\"\n      },\n      {\n        \"includeOnResume\": false,\n        \"_id\": \"5f635bf05ee4c9001d2b9637\",\n        \"name\": \"Spring Cloud Kubernetes\",\n        \"rating\": 9,\n        \"createdAt\": \"2020-09-17T12:52:00.258Z\",\n        \"updatedAt\": \"2020-09-22T06:09:38.781Z\",\n        \"__v\": 0,\n        \"created_by\": \"5e4839cd1c2d53001dcc0696\",\n        \"updated_by\": \"5e4839cd1c2d53001dcc0696\",\n        \"image\": {\n          \"_id\": \"5f68528a5ee4c9001d2b96b9\",\n          \"name\": \"spring-cloud-k8s.png\",\n          \"alternativeText\": \"\",\n          \"caption\": \"\",\n          \"hash\": \"spring_cloud_k8s_0a5c097677\",\n          \"ext\": \".png\",\n          \"mime\": \"image/png\",\n          \"size\": 7.39,\n          \"width\": 363,\n          \"height\": 139,\n          \"url\": \"/uploads/spring_cloud_k8s_0a5c097677.png\",\n          \"formats\": {\n            \"thumbnail\": {\n              \"name\": \"thumbnail_spring-cloud-k8s.png\",\n              \"hash\": \"thumbnail_spring_cloud_k8s_0a5c097677\",\n              \"ext\": \".png\",\n              \"mime\": \"image/png\",\n              \"width\": 245,\n              \"height\": 94,\n              \"size\": 11.5,\n              \"path\": null,\n              \"url\": \"/uploads/thumbnail_spring_cloud_k8s_0a5c097677.png\"\n            }\n          },\n          \"provider\": \"local\",\n          \"related\": [\n            \"5f635bf05ee4c9001d2b9637\"\n          ],\n          \"createdAt\": \"2020-09-21T07:13:14.269Z\",\n          \"updatedAt\": \"2020-09-21T07:13:17.570Z\",\n          \"__v\": 0,\n          \"created_by\": \"5e4839cd1c2d53001dcc0696\",\n          \"updated_by\": \"5e4839cd1c2d53001dcc0696\",\n          \"id\": \"5f68528a5ee4c9001d2b96b9\"\n        },\n        \"description\": \"Spring Cloud Kubernetes provides implementations of well known Spring Cloud interfaces allowing developers to build and run Spring Cloud applications on Kubernetes.\\n\\n- Providing application configuration via configmaps and secrets. \\n- Client side load balancing via ribbon (k8s services).\",\n        \"id\": \"5f635bf05ee4c9001d2b9637\"\n      },\n      {\n        \"includeOnResume\": false,\n        \"_id\": \"5f635c0f5ee4c9001d2b9639\",\n        \"name\": \"Spring Cloud Gateway\",\n        \"rating\": 8.5,\n        \"createdAt\": \"2020-09-17T12:52:31.126Z\",\n        \"updatedAt\": \"2020-09-22T06:11:56.837Z\",\n        \"__v\": 0,\n        \"created_by\": \"5e4839cd1c2d53001dcc0696\",\n        \"updated_by\": \"5e4839cd1c2d53001dcc0696\",\n        \"image\": {\n          \"_id\": \"5f6853025ee4c9001d2b96bd\",\n          \"name\": \"spring cloud gateway.png\",\n          \"alternativeText\": \"\",\n          \"caption\": \"\",\n          \"hash\": \"spring_cloud_gateway_b00870bd09\",\n          \"ext\": \".png\",\n          \"mime\": \"image/png\",\n          \"size\": 6.24,\n          \"width\": 237,\n          \"height\": 213,\n          \"url\": \"/uploads/spring_cloud_gateway_b00870bd09.png\",\n          \"formats\": {\n            \"thumbnail\": {\n              \"name\": \"thumbnail_spring cloud gateway.png\",\n              \"hash\": \"thumbnail_spring_cloud_gateway_b00870bd09\",\n              \"ext\": \".png\",\n              \"mime\": \"image/png\",\n              \"width\": 174,\n              \"height\": 156,\n              \"size\": 10.54,\n              \"path\": null,\n              \"url\": \"/uploads/thumbnail_spring_cloud_gateway_b00870bd09.png\"\n            }\n          },\n          \"provider\": \"local\",\n          \"related\": [\n            \"5f635c0f5ee4c9001d2b9639\"\n          ],\n          \"createdAt\": \"2020-09-21T07:15:14.337Z\",\n          \"updatedAt\": \"2020-09-21T07:15:17.428Z\",\n          \"__v\": 0,\n          \"created_by\": \"5e4839cd1c2d53001dcc0696\",\n          \"updated_by\": \"5e4839cd1c2d53001dcc0696\",\n          \"id\": \"5f6853025ee4c9001d2b96bd\"\n        },\n        \"description\": \"This project provides a library for building an API Gateway on top of Spring MVC. Spring Cloud Gateway aims to provide a simple, yet effective way to route to APIs and provide cross cutting concerns to them such as: security, monitoring/metrics, and resiliency.\\n\\n\",\n        \"id\": \"5f635c0f5ee4c9001d2b9639\"\n      },\n      {\n        \"includeOnResume\": false,\n        \"_id\": \"5f635c185ee4c9001d2b963a\",\n        \"name\": \"Maven\",\n        \"rating\": 9.6,\n        \"createdAt\": \"2020-09-17T12:52:40.922Z\",\n        \"updatedAt\": \"2020-09-22T06:36:50.576Z\",\n        \"__v\": 0,\n        \"created_by\": \"5e4839cd1c2d53001dcc0696\",\n        \"updated_by\": \"5e4839cd1c2d53001dcc0696\",\n        \"image\": {\n          \"_id\": \"5f6853265ee4c9001d2b96bf\",\n          \"name\": \"maven.png\",\n          \"alternativeText\": \"\",\n          \"caption\": \"\",\n          \"hash\": \"maven_8510b1d6fa\",\n          \"ext\": \".png\",\n          \"mime\": \"image/png\",\n          \"size\": 30.77,\n          \"width\": 1280,\n          \"height\": 324,\n          \"url\": \"/uploads/maven_8510b1d6fa.png\",\n          \"formats\": {\n            \"thumbnail\": {\n              \"name\": \"thumbnail_maven.png\",\n              \"hash\": \"thumbnail_maven_8510b1d6fa\",\n              \"ext\": \".png\",\n              \"mime\": \"image/png\",\n              \"width\": 245,\n              \"height\": 62,\n              \"size\": 10.07,\n              \"path\": null,\n              \"url\": \"/uploads/thumbnail_maven_8510b1d6fa.png\"\n            },\n            \"large\": {\n              \"name\": \"large_maven.png\",\n              \"hash\": \"large_maven_8510b1d6fa\",\n              \"ext\": \".png\",\n              \"mime\": \"image/png\",\n              \"width\": 1000,\n              \"height\": 253,\n              \"size\": 68.02,\n              \"path\": null,\n              \"url\": \"/uploads/large_maven_8510b1d6fa.png\"\n            },\n            \"medium\": {\n              \"name\": \"medium_maven.png\",\n              \"hash\": \"medium_maven_8510b1d6fa\",\n              \"ext\": \".png\",\n              \"mime\": \"image/png\",\n              \"width\": 750,\n              \"height\": 190,\n              \"size\": 46.3,\n              \"path\": null,\n              \"url\": \"/uploads/medium_maven_8510b1d6fa.png\"\n            },\n            \"small\": {\n              \"name\": \"small_maven.png\",\n              \"hash\": \"small_maven_8510b1d6fa\",\n              \"ext\": \".png\",\n              \"mime\": \"image/png\",\n              \"width\": 500,\n              \"height\": 127,\n              \"size\": 27.01,\n              \"path\": null,\n              \"url\": \"/uploads/small_maven_8510b1d6fa.png\"\n            }\n          },\n          \"provider\": \"local\",\n          \"related\": [\n            \"5f635c185ee4c9001d2b963a\"\n          ],\n          \"createdAt\": \"2020-09-21T07:15:50.288Z\",\n          \"updatedAt\": \"2020-09-21T07:15:57.208Z\",\n          \"__v\": 0,\n          \"created_by\": \"5e4839cd1c2d53001dcc0696\",\n          \"updated_by\": \"5e4839cd1c2d53001dcc0696\",\n          \"id\": \"5f6853265ee4c9001d2b96bf\"\n        },\n        \"description\": \"Maven is a build automation tool used primarily for Java projects. Maven can also be used to build and manage projects written in C#, Ruby, Scala, and other languages. \\n\\nMaven addresses two aspects of building software: how software is built, and its dependencies. An XML file describes the software project being built, its dependencies on other external modules and components, the build order, directories, and required plug-ins. \",\n        \"id\": \"5f635c185ee4c9001d2b963a\"\n      },\n      {\n        \"includeOnResume\": false,\n        \"_id\": \"5f635c1e5ee4c9001d2b963b\",\n        \"name\": \"Gradle\",\n        \"rating\": 9,\n        \"createdAt\": \"2020-09-17T12:52:46.994Z\",\n        \"updatedAt\": \"2020-09-22T06:39:39.136Z\",\n        \"__v\": 0,\n        \"created_by\": \"5e4839cd1c2d53001dcc0696\",\n        \"updated_by\": \"5e4839cd1c2d53001dcc0696\",\n        \"image\": {\n          \"_id\": \"5f6853535ee4c9001d2b96c1\",\n          \"name\": \"Gradle_logo.png\",\n          \"alternativeText\": \"\",\n          \"caption\": \"\",\n          \"hash\": \"Gradle_logo_eec2d0b60b\",\n          \"ext\": \".png\",\n          \"mime\": \"image/png\",\n          \"size\": 7.59,\n          \"width\": 876,\n          \"height\": 306,\n          \"url\": \"/uploads/Gradle_logo_eec2d0b60b.png\",\n          \"formats\": {\n            \"thumbnail\": {\n              \"name\": \"thumbnail_Gradle_logo.png\",\n              \"hash\": \"thumbnail_Gradle_logo_eec2d0b60b\",\n              \"ext\": \".png\",\n              \"mime\": \"image/png\",\n              \"width\": 245,\n              \"height\": 86,\n              \"size\": 6.94,\n              \"path\": null,\n              \"url\": \"/uploads/thumbnail_Gradle_logo_eec2d0b60b.png\"\n            },\n            \"medium\": {\n              \"name\": \"medium_Gradle_logo.png\",\n              \"hash\": \"medium_Gradle_logo_eec2d0b60b\",\n              \"ext\": \".png\",\n              \"mime\": \"image/png\",\n              \"width\": 750,\n              \"height\": 262,\n              \"size\": 25.22,\n              \"path\": null,\n              \"url\": \"/uploads/medium_Gradle_logo_eec2d0b60b.png\"\n            },\n            \"small\": {\n              \"name\": \"small_Gradle_logo.png\",\n              \"hash\": \"small_Gradle_logo_eec2d0b60b\",\n              \"ext\": \".png\",\n              \"mime\": \"image/png\",\n              \"width\": 500,\n              \"height\": 175,\n              \"size\": 15.87,\n              \"path\": null,\n              \"url\": \"/uploads/small_Gradle_logo_eec2d0b60b.png\"\n            }\n          },\n          \"provider\": \"local\",\n          \"related\": [\n            \"5f635c1e5ee4c9001d2b963b\",\n            \"5feed34e67bdd6001e9c12ce\"\n          ],\n          \"createdAt\": \"2020-09-21T07:16:35.326Z\",\n          \"updatedAt\": \"2021-01-01T07:46:22.759Z\",\n          \"__v\": 0,\n          \"created_by\": \"5e4839cd1c2d53001dcc0696\",\n          \"updated_by\": \"5e4839cd1c2d53001dcc0696\",\n          \"id\": \"5f6853535ee4c9001d2b96c1\"\n        },\n        \"description\": \"Gradle is a build automation tool for multi-language software development. It controls the development process in the tasks of compilation and packaging to testing, deployment, and publishing.\\n \\nIt uses groovy-based domain-specific language, rather than using the XML form used by Maven for declaring the project configuration.\\n\\nGradle was designed for multi-project builds, which can grow to be large. It operates based on a series of build tasks that can run serially or in parallel. Incremental builds are supported by determining the parts of the build tree that are already up to date; any task dependent only on those parts does not need to be re-executed\",\n        \"id\": \"5f635c1e5ee4c9001d2b963b\"\n      },\n      {\n        \"includeOnResume\": false,\n        \"_id\": \"5f635c005ee4c9001d2b9638\",\n        \"name\": \"Spring Cloud Vault\",\n        \"rating\": 9.5,\n        \"createdAt\": \"2020-09-17T12:52:16.825Z\",\n        \"updatedAt\": \"2020-09-22T06:11:07.223Z\",\n        \"__v\": 0,\n        \"created_by\": \"5e4839cd1c2d53001dcc0696\",\n        \"updated_by\": \"5e4839cd1c2d53001dcc0696\",\n        \"image\": {\n          \"_id\": \"5f6852c25ee4c9001d2b96bb\",\n          \"name\": \"spring_cloud_vault.png\",\n          \"alternativeText\": \"\",\n          \"caption\": \"\",\n          \"hash\": \"spring_cloud_vault_568fba5416\",\n          \"ext\": \".png\",\n          \"mime\": \"image/png\",\n          \"size\": 26.03,\n          \"width\": 264,\n          \"height\": 271,\n          \"url\": \"/uploads/spring_cloud_vault_568fba5416.png\",\n          \"formats\": {\n            \"thumbnail\": {\n              \"name\": \"thumbnail_spring_cloud_vault.png\",\n              \"hash\": \"thumbnail_spring_cloud_vault_568fba5416\",\n              \"ext\": \".png\",\n              \"mime\": \"image/png\",\n              \"width\": 152,\n              \"height\": 156,\n              \"size\": 18.04,\n              \"path\": null,\n              \"url\": \"/uploads/thumbnail_spring_cloud_vault_568fba5416.png\"\n            }\n          },\n          \"provider\": \"local\",\n          \"related\": [\n            \"5f635c005ee4c9001d2b9638\"\n          ],\n          \"createdAt\": \"2020-09-21T07:14:10.602Z\",\n          \"updatedAt\": \"2020-09-21T07:14:13.697Z\",\n          \"__v\": 0,\n          \"created_by\": \"5e4839cd1c2d53001dcc0696\",\n          \"updated_by\": \"5e4839cd1c2d53001dcc0696\",\n          \"id\": \"5f6852c25ee4c9001d2b96bb\"\n        },\n        \"description\": \"Spring Cloud Vault Config provides client-side support for externalized configuration in a distributed system. With HashiCorpâ€™s Vault you have a central place to manage external secret properties for applications across all environments:\\n\\n- Injection of secrets for dbs, api keys, certificates from vault\\n- Authentication with vault using k8s service account.\",\n        \"id\": \"5f635c005ee4c9001d2b9638\"\n      },\n      {\n        \"includeOnResume\": false,\n        \"_id\": \"5f635c2e5ee4c9001d2b963c\",\n        \"name\": \"Jenkins Pipeline\",\n        \"rating\": 8,\n        \"createdAt\": \"2020-09-17T12:53:02.588Z\",\n        \"updatedAt\": \"2020-09-22T06:41:07.845Z\",\n        \"__v\": 0,\n        \"created_by\": \"5e4839cd1c2d53001dcc0696\",\n        \"updated_by\": \"5e4839cd1c2d53001dcc0696\",\n        \"image\": {\n          \"_id\": \"5f65ed105ee4c9001d2b967c\",\n          \"name\": \"jenkins-5-569553.png\",\n          \"alternativeText\": \"\",\n          \"caption\": \"\",\n          \"hash\": \"jenkins_5_569553_cb54b85a4c\",\n          \"ext\": \".png\",\n          \"mime\": \"image/png\",\n          \"size\": 12.15,\n          \"width\": 256,\n          \"height\": 256,\n          \"url\": \"/uploads/jenkins_5_569553_cb54b85a4c.png\",\n          \"formats\": {\n            \"thumbnail\": {\n              \"name\": \"thumbnail_jenkins-5-569553.png\",\n              \"hash\": \"thumbnail_jenkins_5_569553_cb54b85a4c\",\n              \"ext\": \".png\",\n              \"mime\": \"image/png\",\n              \"width\": 156,\n              \"height\": 156,\n              \"size\": 16.21,\n              \"path\": null,\n              \"url\": \"/uploads/thumbnail_jenkins_5_569553_cb54b85a4c.png\"\n            }\n          },\n          \"provider\": \"local\",\n          \"related\": [\n            \"5f635a195ee4c9001d2b962a\",\n            \"5f635c2e5ee4c9001d2b963c\"\n          ],\n          \"createdAt\": \"2020-09-19T11:35:44.624Z\",\n          \"updatedAt\": \"2020-09-21T07:16:50.216Z\",\n          \"__v\": 0,\n          \"created_by\": \"5e4839cd1c2d53001dcc0696\",\n          \"updated_by\": \"5e4839cd1c2d53001dcc0696\",\n          \"id\": \"5f65ed105ee4c9001d2b967c\"\n        },\n        \"description\": \"Pipeline is a suite of plugins that supports implementing and integrating continuous delivery pipelines into Jenkins. Pipeline provides an extensible set of tools for modelling simple-to-complex delivery pipelines \\\"as code\\\" via the Pipeline DSL (groovy). \",\n        \"id\": \"5f635c2e5ee4c9001d2b963c\"\n      },\n      {\n        \"includeOnResume\": false,\n        \"_id\": \"5f635c4f5ee4c9001d2b963f\",\n        \"name\": \"Tekton\",\n        \"createdAt\": \"2020-09-17T12:53:35.722Z\",\n        \"updatedAt\": \"2020-09-22T21:20:48.795Z\",\n        \"__v\": 0,\n        \"created_by\": \"5e4839cd1c2d53001dcc0696\",\n        \"updated_by\": \"5e4839cd1c2d53001dcc0696\",\n        \"rating\": 8,\n        \"image\": {\n          \"_id\": \"5f6853a55ee4c9001d2b96c7\",\n          \"name\": \"tekton.jpeg\",\n          \"alternativeText\": \"\",\n          \"caption\": \"\",\n          \"hash\": \"tekton_8b8bad63e8\",\n          \"ext\": \".jpeg\",\n          \"mime\": \"image/jpeg\",\n          \"size\": 13.24,\n          \"width\": 213,\n          \"height\": 237,\n          \"url\": \"/uploads/tekton_8b8bad63e8.jpeg\",\n          \"formats\": {\n            \"thumbnail\": {\n              \"name\": \"thumbnail_tekton.jpeg\",\n              \"hash\": \"thumbnail_tekton_8b8bad63e8\",\n              \"ext\": \".jpeg\",\n              \"mime\": \"image/jpeg\",\n              \"width\": 140,\n              \"height\": 156,\n              \"size\": 7.5,\n              \"path\": null,\n              \"url\": \"/uploads/thumbnail_tekton_8b8bad63e8.jpeg\"\n            }\n          },\n          \"provider\": \"local\",\n          \"related\": [\n            \"5f635c4f5ee4c9001d2b963f\"\n          ],\n          \"createdAt\": \"2020-09-21T07:17:57.258Z\",\n          \"updatedAt\": \"2020-09-21T07:17:59.250Z\",\n          \"__v\": 0,\n          \"created_by\": \"5e4839cd1c2d53001dcc0696\",\n          \"updated_by\": \"5e4839cd1c2d53001dcc0696\",\n          \"id\": \"5f6853a55ee4c9001d2b96c7\"\n        },\n        \"description\": \"The Tekton Pipelines project provides k8s-style resources for declaring CI/CD-style pipelines.\\n\\nTekton Pipelines are Cloud Native:\\n\\n- Run on Kubernetes\\n- Have Kubernetes clusters as a first class type\\n- Use containers as their building blocks\\n\",\n        \"id\": \"5f635c4f5ee4c9001d2b963f\"\n      },\n      {\n        \"includeOnResume\": false,\n        \"_id\": \"5f635c675ee4c9001d2b9640\",\n        \"name\": \"Nexus\",\n        \"rating\": 9,\n        \"createdAt\": \"2020-09-17T12:53:59.395Z\",\n        \"updatedAt\": \"2020-09-22T21:23:48.288Z\",\n        \"__v\": 0,\n        \"created_by\": \"5e4839cd1c2d53001dcc0696\",\n        \"updated_by\": \"5e4839cd1c2d53001dcc0696\",\n        \"image\": {\n          \"_id\": \"5f6853df5ee4c9001d2b96c9\",\n          \"name\": \"nexus.png\",\n          \"alternativeText\": \"\",\n          \"caption\": \"\",\n          \"hash\": \"nexus_af5b62bc44\",\n          \"ext\": \".png\",\n          \"mime\": \"image/png\",\n          \"size\": 44.1,\n          \"width\": 536,\n          \"height\": 137,\n          \"url\": \"/uploads/nexus_af5b62bc44.png\",\n          \"formats\": {\n            \"thumbnail\": {\n              \"name\": \"thumbnail_nexus.png\",\n              \"hash\": \"thumbnail_nexus_af5b62bc44\",\n              \"ext\": \".png\",\n              \"mime\": \"image/png\",\n              \"width\": 245,\n              \"height\": 63,\n              \"size\": 13.38,\n              \"path\": null,\n              \"url\": \"/uploads/thumbnail_nexus_af5b62bc44.png\"\n            },\n            \"small\": {\n              \"name\": \"small_nexus.png\",\n              \"hash\": \"small_nexus_af5b62bc44\",\n              \"ext\": \".png\",\n              \"mime\": \"image/png\",\n              \"width\": 500,\n              \"height\": 128,\n              \"size\": 45.96,\n              \"path\": null,\n              \"url\": \"/uploads/small_nexus_af5b62bc44.png\"\n            }\n          },\n          \"provider\": \"local\",\n          \"related\": [\n            \"5f635c675ee4c9001d2b9640\"\n          ],\n          \"createdAt\": \"2020-09-21T07:18:55.184Z\",\n          \"updatedAt\": \"2020-09-21T07:18:58.683Z\",\n          \"__v\": 0,\n          \"created_by\": \"5e4839cd1c2d53001dcc0696\",\n          \"updated_by\": \"5e4839cd1c2d53001dcc0696\",\n          \"id\": \"5f6853df5ee4c9001d2b96c9\"\n        },\n        \"description\": \"Universal Support for all Popular Build Tools\\n- Store and distribute Maven/Java, npm, NuGet, Helm, Docker, P2, OBR, APT, GO, R, Conan components and more.\\n- Manage components from dev through delivery: binaries, containers, assemblies, and finished goods.\\n- Awesome support for the Java Virtual Machine (JVM) ecosystem, including Gradle, Ant, Maven, and Ivy.\\n\",\n        \"id\": \"5f635c675ee4c9001d2b9640\"\n      },\n      {\n        \"includeOnResume\": false,\n        \"_id\": \"5f635c745ee4c9001d2b9641\",\n        \"name\": \"Docker\",\n        \"rating\": 9,\n        \"createdAt\": \"2020-09-17T12:54:12.792Z\",\n        \"updatedAt\": \"2020-09-22T21:24:51.714Z\",\n        \"__v\": 0,\n        \"created_by\": \"5e4839cd1c2d53001dcc0696\",\n        \"updated_by\": \"5e4839cd1c2d53001dcc0696\",\n        \"image\": {\n          \"_id\": \"5f6854055ee4c9001d2b96cb\",\n          \"name\": \"docker.jpg\",\n          \"alternativeText\": \"\",\n          \"caption\": \"\",\n          \"hash\": \"docker_7c96f92432\",\n          \"ext\": \".jpg\",\n          \"mime\": \"image/jpeg\",\n          \"size\": 48.98,\n          \"width\": 1920,\n          \"height\": 773,\n          \"url\": \"/uploads/docker_7c96f92432.jpg\",\n          \"formats\": {\n            \"thumbnail\": {\n              \"name\": \"thumbnail_docker.jpg\",\n              \"hash\": \"thumbnail_docker_7c96f92432\",\n              \"ext\": \".jpg\",\n              \"mime\": \"image/jpeg\",\n              \"width\": 245,\n              \"height\": 99,\n              \"size\": 3.9,\n              \"path\": null,\n              \"url\": \"/uploads/thumbnail_docker_7c96f92432.jpg\"\n            },\n            \"large\": {\n              \"name\": \"large_docker.jpg\",\n              \"hash\": \"large_docker_7c96f92432\",\n              \"ext\": \".jpg\",\n              \"mime\": \"image/jpeg\",\n              \"width\": 1000,\n              \"height\": 403,\n              \"size\": 22.78,\n              \"path\": null,\n              \"url\": \"/uploads/large_docker_7c96f92432.jpg\"\n            },\n            \"medium\": {\n              \"name\": \"medium_docker.jpg\",\n              \"hash\": \"medium_docker_7c96f92432\",\n              \"ext\": \".jpg\",\n              \"mime\": \"image/jpeg\",\n              \"width\": 750,\n              \"height\": 302,\n              \"size\": 16.09,\n              \"path\": null,\n              \"url\": \"/uploads/medium_docker_7c96f92432.jpg\"\n            },\n            \"small\": {\n              \"name\": \"small_docker.jpg\",\n              \"hash\": \"small_docker_7c96f92432\",\n              \"ext\": \".jpg\",\n              \"mime\": \"image/jpeg\",\n              \"width\": 500,\n              \"height\": 201,\n              \"size\": 9.27,\n              \"path\": null,\n              \"url\": \"/uploads/small_docker_7c96f92432.jpg\"\n            }\n          },\n          \"provider\": \"local\",\n          \"related\": [\n            \"5f635c745ee4c9001d2b9641\"\n          ],\n          \"createdAt\": \"2020-09-21T07:19:33.005Z\",\n          \"updatedAt\": \"2020-09-21T07:19:36.606Z\",\n          \"__v\": 0,\n          \"created_by\": \"5e4839cd1c2d53001dcc0696\",\n          \"updated_by\": \"5e4839cd1c2d53001dcc0696\",\n          \"id\": \"5f6854055ee4c9001d2b96cb\"\n        },\n        \"description\": \"Docker is a set of platform as a service (PaaS) products that use OS-level virtualization to deliver software in packages called containers. Containers are isolated from one another and bundle their own software, libraries and configuration files; they can communicate with each other through well-defined channels. All containers are run by a single operating system kernel and therefore use fewer resources than virtual machines\",\n        \"id\": \"5f635c745ee4c9001d2b9641\"\n      },\n      {\n        \"includeOnResume\": false,\n        \"_id\": \"5f635c845ee4c9001d2b9642\",\n        \"name\": \"Git\",\n        \"rating\": 8.5,\n        \"createdAt\": \"2020-09-17T12:54:28.354Z\",\n        \"updatedAt\": \"2020-09-22T21:25:42.765Z\",\n        \"__v\": 0,\n        \"created_by\": \"5e4839cd1c2d53001dcc0696\",\n        \"updated_by\": \"5e4839cd1c2d53001dcc0696\",\n        \"image\": {\n          \"_id\": \"5f6854325ee4c9001d2b96cd\",\n          \"name\": \"git.png\",\n          \"alternativeText\": \"\",\n          \"caption\": \"\",\n          \"hash\": \"git_b7469ae68c\",\n          \"ext\": \".png\",\n          \"mime\": \"image/png\",\n          \"size\": 2.33,\n          \"width\": 200,\n          \"height\": 200,\n          \"url\": \"/uploads/git_b7469ae68c.png\",\n          \"formats\": {\n            \"thumbnail\": {\n              \"name\": \"thumbnail_git.png\",\n              \"hash\": \"thumbnail_git_b7469ae68c\",\n              \"ext\": \".png\",\n              \"mime\": \"image/png\",\n              \"width\": 156,\n              \"height\": 156,\n              \"size\": 7.38,\n              \"path\": null,\n              \"url\": \"/uploads/thumbnail_git_b7469ae68c.png\"\n            }\n          },\n          \"provider\": \"local\",\n          \"related\": [\n            \"5f635c845ee4c9001d2b9642\"\n          ],\n          \"createdAt\": \"2020-09-21T07:20:18.490Z\",\n          \"updatedAt\": \"2020-09-21T07:20:20.982Z\",\n          \"__v\": 0,\n          \"created_by\": \"5e4839cd1c2d53001dcc0696\",\n          \"updated_by\": \"5e4839cd1c2d53001dcc0696\",\n          \"id\": \"5f6854325ee4c9001d2b96cd\"\n        },\n        \"description\": \"Git is a free and open source distributed version control system designed to handle everything from small to very large projects with speed and efficiency. \",\n        \"id\": \"5f635c845ee4c9001d2b9642\"\n      },\n      {\n        \"includeOnResume\": false,\n        \"_id\": \"5f635ceb5ee4c9001d2b9647\",\n        \"name\": \"AWS - S3\",\n        \"rating\": 8,\n        \"createdAt\": \"2020-09-17T12:56:11.563Z\",\n        \"updatedAt\": \"2020-09-27T06:52:01.746Z\",\n        \"__v\": 0,\n        \"created_by\": \"5e4839cd1c2d53001dcc0696\",\n        \"updated_by\": \"5e4839cd1c2d53001dcc0696\",\n        \"image\": {\n          \"_id\": \"5f68985776320d001e515e66\",\n          \"name\": \"s3.png\",\n          \"alternativeText\": \"\",\n          \"caption\": \"\",\n          \"hash\": \"s3_f1eb448aa2\",\n          \"ext\": \".png\",\n          \"mime\": \"image/png\",\n          \"size\": 23.68,\n          \"width\": 640,\n          \"height\": 480,\n          \"url\": \"/uploads/s3_f1eb448aa2.png\",\n          \"formats\": {\n            \"thumbnail\": {\n              \"name\": \"thumbnail_s3.png\",\n              \"hash\": \"thumbnail_s3_f1eb448aa2\",\n              \"ext\": \".png\",\n              \"mime\": \"image/png\",\n              \"width\": 208,\n              \"height\": 156,\n              \"size\": 9.08,\n              \"path\": null,\n              \"url\": \"/uploads/thumbnail_s3_f1eb448aa2.png\"\n            },\n            \"small\": {\n              \"name\": \"small_s3.png\",\n              \"hash\": \"small_s3_f1eb448aa2\",\n              \"ext\": \".png\",\n              \"mime\": \"image/png\",\n              \"width\": 500,\n              \"height\": 375,\n              \"size\": 25.31,\n              \"path\": null,\n              \"url\": \"/uploads/small_s3_f1eb448aa2.png\"\n            }\n          },\n          \"provider\": \"local\",\n          \"related\": [\n            \"5f635ceb5ee4c9001d2b9647\"\n          ],\n          \"createdAt\": \"2020-09-21T12:11:03.327Z\",\n          \"updatedAt\": \"2020-09-21T12:11:05.739Z\",\n          \"__v\": 0,\n          \"created_by\": \"5e4839cd1c2d53001dcc0696\",\n          \"updated_by\": \"5e4839cd1c2d53001dcc0696\",\n          \"id\": \"5f68985776320d001e515e66\"\n        },\n        \"description\": \"Amazon S3 is object storage built to store and retrieve any amount of data from anywhere on the Internet. Itâ€™s a simple storage service that offers an extremely durable, highly available, and infinitely scalable data storage infrastructure at very low costs.\",\n        \"id\": \"5f635ceb5ee4c9001d2b9647\"\n      },\n      {\n        \"includeOnResume\": false,\n        \"_id\": \"5f635cf75ee4c9001d2b9648\",\n        \"name\": \"AWS - EKS\",\n        \"rating\": 7,\n        \"createdAt\": \"2020-09-17T12:56:23.906Z\",\n        \"updatedAt\": \"2020-09-27T06:52:31.214Z\",\n        \"__v\": 0,\n        \"created_by\": \"5e4839cd1c2d53001dcc0696\",\n        \"updated_by\": \"5e4839cd1c2d53001dcc0696\",\n        \"image\": {\n          \"_id\": \"5f68988576320d001e515e68\",\n          \"name\": \"eks.png\",\n          \"alternativeText\": \"\",\n          \"caption\": \"\",\n          \"hash\": \"eks_0690809a3d\",\n          \"ext\": \".png\",\n          \"mime\": \"image/png\",\n          \"size\": 7.01,\n          \"width\": 200,\n          \"height\": 197,\n          \"url\": \"/uploads/eks_0690809a3d.png\",\n          \"formats\": {\n            \"thumbnail\": {\n              \"name\": \"thumbnail_eks.png\",\n              \"hash\": \"thumbnail_eks_0690809a3d\",\n              \"ext\": \".png\",\n              \"mime\": \"image/png\",\n              \"width\": 158,\n              \"height\": 156,\n              \"size\": 15,\n              \"path\": null,\n              \"url\": \"/uploads/thumbnail_eks_0690809a3d.png\"\n            }\n          },\n          \"provider\": \"local\",\n          \"related\": [\n            \"5f635cf75ee4c9001d2b9648\"\n          ],\n          \"createdAt\": \"2020-09-21T12:11:49.261Z\",\n          \"updatedAt\": \"2020-09-21T12:11:52.176Z\",\n          \"__v\": 0,\n          \"created_by\": \"5e4839cd1c2d53001dcc0696\",\n          \"updated_by\": \"5e4839cd1c2d53001dcc0696\",\n          \"id\": \"5f68988576320d001e515e68\"\n        },\n        \"description\": \"Amazon EKS is a managed service that makes it easy for you to run Kubernetes on AWS without needing to install and operate your own Kubernetes control plane or worker nodes.\",\n        \"id\": \"5f635cf75ee4c9001d2b9648\"\n      },\n      {\n        \"includeOnResume\": false,\n        \"_id\": \"5f635d045ee4c9001d2b9649\",\n        \"name\": \"AWS - Route53\",\n        \"rating\": 7.5,\n        \"createdAt\": \"2020-09-17T12:56:36.422Z\",\n        \"updatedAt\": \"2020-09-27T06:53:15.051Z\",\n        \"__v\": 0,\n        \"created_by\": \"5e4839cd1c2d53001dcc0696\",\n        \"updated_by\": \"5e4839cd1c2d53001dcc0696\",\n        \"image\": {\n          \"_id\": \"5f6898a276320d001e515e6a\",\n          \"name\": \"route53.png\",\n          \"alternativeText\": \"\",\n          \"caption\": \"\",\n          \"hash\": \"route53_57997bf7d8\",\n          \"ext\": \".png\",\n          \"mime\": \"image/png\",\n          \"size\": 2.56,\n          \"width\": 192,\n          \"height\": 130,\n          \"url\": \"/uploads/route53_57997bf7d8.png\",\n          \"provider\": \"local\",\n          \"related\": [\n            \"5f635d045ee4c9001d2b9649\"\n          ],\n          \"createdAt\": \"2020-09-21T12:12:18.441Z\",\n          \"updatedAt\": \"2020-09-21T12:12:24.038Z\",\n          \"__v\": 0,\n          \"created_by\": \"5e4839cd1c2d53001dcc0696\",\n          \"updated_by\": \"5e4839cd1c2d53001dcc0696\",\n          \"id\": \"5f6898a276320d001e515e6a\"\n        },\n        \"description\": \"Amazon Route 53 is a highly available and scalable cloud Domain Name System (DNS) web service. It is designed to give developers and businesses an extremely reliable and cost effective way to route end users to Internet applications by translating names like www.example.com into the numeric IP addresses like 192.0.2.1 that computers use to connect to each other. Amazon Route 53 is fully compliant with IPv6 as well\",\n        \"id\": \"5f635d045ee4c9001d2b9649\"\n      },\n      {\n        \"includeOnResume\": false,\n        \"_id\": \"5f635d115ee4c9001d2b964a\",\n        \"name\": \"AWS - IAM\",\n        \"rating\": 7,\n        \"createdAt\": \"2020-09-17T12:56:49.670Z\",\n        \"updatedAt\": \"2020-09-27T06:53:59.726Z\",\n        \"__v\": 0,\n        \"created_by\": \"5e4839cd1c2d53001dcc0696\",\n        \"updated_by\": \"5e4839cd1c2d53001dcc0696\",\n        \"image\": {\n          \"_id\": \"5f6898ca76320d001e515e6c\",\n          \"name\": \"iam.png\",\n          \"alternativeText\": \"\",\n          \"caption\": \"\",\n          \"hash\": \"iam_aee5d387fa\",\n          \"ext\": \".png\",\n          \"mime\": \"image/png\",\n          \"size\": 3.46,\n          \"width\": 225,\n          \"height\": 225,\n          \"url\": \"/uploads/iam_aee5d387fa.png\",\n          \"formats\": {\n            \"thumbnail\": {\n              \"name\": \"thumbnail_iam.png\",\n              \"hash\": \"thumbnail_iam_aee5d387fa\",\n              \"ext\": \".png\",\n              \"mime\": \"image/png\",\n              \"width\": 156,\n              \"height\": 156,\n              \"size\": 5.51,\n              \"path\": null,\n              \"url\": \"/uploads/thumbnail_iam_aee5d387fa.png\"\n            }\n          },\n          \"provider\": \"local\",\n          \"related\": [\n            \"5f635d115ee4c9001d2b964a\"\n          ],\n          \"createdAt\": \"2020-09-21T12:12:58.193Z\",\n          \"updatedAt\": \"2020-09-21T12:13:02.099Z\",\n          \"__v\": 0,\n          \"created_by\": \"5e4839cd1c2d53001dcc0696\",\n          \"updated_by\": \"5e4839cd1c2d53001dcc0696\",\n          \"id\": \"5f6898ca76320d001e515e6c\"\n        },\n        \"description\": \"AWS Identity and Access Management (IAM) enables you to manage access to AWS services and resources securely. Using IAM, you can create and manage AWS users and groups, and use permissions to allow and deny their access to AWS resources.\",\n        \"id\": \"5f635d115ee4c9001d2b964a\"\n      },\n      {\n        \"includeOnResume\": false,\n        \"_id\": \"5f635d1e5ee4c9001d2b964b\",\n        \"name\": \"AWS - Lambda\",\n        \"rating\": 7.5,\n        \"createdAt\": \"2020-09-17T12:57:02.884Z\",\n        \"updatedAt\": \"2020-09-27T06:55:02.355Z\",\n        \"__v\": 0,\n        \"created_by\": \"5e4839cd1c2d53001dcc0696\",\n        \"updated_by\": \"5e4839cd1c2d53001dcc0696\",\n        \"image\": {\n          \"_id\": \"5f6898e876320d001e515e6e\",\n          \"name\": \"lambda.png\",\n          \"alternativeText\": \"\",\n          \"caption\": \"\",\n          \"hash\": \"lambda_83b6712cd2\",\n          \"ext\": \".png\",\n          \"mime\": \"image/png\",\n          \"size\": 4.7,\n          \"width\": 334,\n          \"height\": 183,\n          \"url\": \"/uploads/lambda_83b6712cd2.png\",\n          \"formats\": {\n            \"thumbnail\": {\n              \"name\": \"thumbnail_lambda.png\",\n              \"hash\": \"thumbnail_lambda_83b6712cd2\",\n              \"ext\": \".png\",\n              \"mime\": \"image/png\",\n              \"width\": 245,\n              \"height\": 134,\n              \"size\": 7,\n              \"path\": null,\n              \"url\": \"/uploads/thumbnail_lambda_83b6712cd2.png\"\n            }\n          },\n          \"provider\": \"local\",\n          \"related\": [\n            \"5f635d1e5ee4c9001d2b964b\"\n          ],\n          \"createdAt\": \"2020-09-21T12:13:28.463Z\",\n          \"updatedAt\": \"2020-09-21T12:13:31.866Z\",\n          \"__v\": 0,\n          \"created_by\": \"5e4839cd1c2d53001dcc0696\",\n          \"updated_by\": \"5e4839cd1c2d53001dcc0696\",\n          \"id\": \"5f6898e876320d001e515e6e\"\n        },\n        \"description\": \"AWS Lambda is a compute service that lets you run code without provisioning or managing servers. AWS Lambda executes your code only when needed and scales automatically, from a few requests per day to thousands per second. You pay only for the compute time you consume - there is no charge when your code is not running\",\n        \"id\": \"5f635d1e5ee4c9001d2b964b\"\n      },\n      {\n        \"includeOnResume\": false,\n        \"_id\": \"5f635d2c5ee4c9001d2b964c\",\n        \"name\": \"AWS - RDS\",\n        \"rating\": 7.5,\n        \"createdAt\": \"2020-09-17T12:57:16.194Z\",\n        \"updatedAt\": \"2020-09-27T06:55:35.600Z\",\n        \"__v\": 0,\n        \"created_by\": \"5e4839cd1c2d53001dcc0696\",\n        \"updated_by\": \"5e4839cd1c2d53001dcc0696\",\n        \"image\": {\n          \"_id\": \"5f68990776320d001e515e70\",\n          \"name\": \"rds.png\",\n          \"alternativeText\": \"\",\n          \"caption\": \"\",\n          \"hash\": \"rds_67bfb2bd99\",\n          \"ext\": \".png\",\n          \"mime\": \"image/png\",\n          \"size\": 4.21,\n          \"width\": 210,\n          \"height\": 240,\n          \"url\": \"/uploads/rds_67bfb2bd99.png\",\n          \"formats\": {\n            \"thumbnail\": {\n              \"name\": \"thumbnail_rds.png\",\n              \"hash\": \"thumbnail_rds_67bfb2bd99\",\n              \"ext\": \".png\",\n              \"mime\": \"image/png\",\n              \"width\": 136,\n              \"height\": 156,\n              \"size\": 5.72,\n              \"path\": null,\n              \"url\": \"/uploads/thumbnail_rds_67bfb2bd99.png\"\n            }\n          },\n          \"provider\": \"local\",\n          \"related\": [\n            \"5f635d2c5ee4c9001d2b964c\"\n          ],\n          \"createdAt\": \"2020-09-21T12:13:59.118Z\",\n          \"updatedAt\": \"2020-09-21T12:14:02.232Z\",\n          \"__v\": 0,\n          \"created_by\": \"5e4839cd1c2d53001dcc0696\",\n          \"updated_by\": \"5e4839cd1c2d53001dcc0696\",\n          \"id\": \"5f68990776320d001e515e70\"\n        },\n        \"description\": \"Amazon Relational Database Service (Amazon RDS) makes it easy to set up, operate, and scale a relational database in the cloud. It provides cost-efficient and resizable capacity while automating time-consuming administration tasks such as hardware provisioning, database setup, patching and backups. It frees you to focus on your applications so you can give them the fast performance, high availability, security and compatibility they need.\",\n        \"id\": \"5f635d2c5ee4c9001d2b964c\"\n      },\n      {\n        \"includeOnResume\": false,\n        \"_id\": \"5f635d425ee4c9001d2b964d\",\n        \"name\": \"Redis\",\n        \"rating\": 8,\n        \"createdAt\": \"2020-09-17T12:57:38.768Z\",\n        \"updatedAt\": \"2020-09-27T06:56:29.134Z\",\n        \"__v\": 0,\n        \"created_by\": \"5e4839cd1c2d53001dcc0696\",\n        \"updated_by\": \"5e4839cd1c2d53001dcc0696\",\n        \"image\": {\n          \"_id\": \"5f68553f5ee4c9001d2b96d3\",\n          \"name\": \"redis-logo-2.png\",\n          \"alternativeText\": \"\",\n          \"caption\": \"\",\n          \"hash\": \"redis_logo_2_b02d4d4e13\",\n          \"ext\": \".png\",\n          \"mime\": \"image/png\",\n          \"size\": 105.56,\n          \"width\": 900,\n          \"height\": 900,\n          \"url\": \"/uploads/redis_logo_2_b02d4d4e13.png\",\n          \"formats\": {\n            \"thumbnail\": {\n              \"name\": \"thumbnail_redis-logo-2.png\",\n              \"hash\": \"thumbnail_redis_logo_2_b02d4d4e13\",\n              \"ext\": \".png\",\n              \"mime\": \"image/png\",\n              \"width\": 156,\n              \"height\": 156,\n              \"size\": 6.96,\n              \"path\": null,\n              \"url\": \"/uploads/thumbnail_redis_logo_2_b02d4d4e13.png\"\n            },\n            \"medium\": {\n              \"name\": \"medium_redis-logo-2.png\",\n              \"hash\": \"medium_redis_logo_2_b02d4d4e13\",\n              \"ext\": \".png\",\n              \"mime\": \"image/png\",\n              \"width\": 750,\n              \"height\": 750,\n              \"size\": 83.5,\n              \"path\": null,\n              \"url\": \"/uploads/medium_redis_logo_2_b02d4d4e13.png\"\n            },\n            \"small\": {\n              \"name\": \"small_redis-logo-2.png\",\n              \"hash\": \"small_redis_logo_2_b02d4d4e13\",\n              \"ext\": \".png\",\n              \"mime\": \"image/png\",\n              \"width\": 500,\n              \"height\": 500,\n              \"size\": 40.75,\n              \"path\": null,\n              \"url\": \"/uploads/small_redis_logo_2_b02d4d4e13.png\"\n            }\n          },\n          \"provider\": \"local\",\n          \"related\": [\n            \"5f635d425ee4c9001d2b964d\"\n          ],\n          \"createdAt\": \"2020-09-21T07:24:47.646Z\",\n          \"updatedAt\": \"2020-09-21T07:24:50.074Z\",\n          \"__v\": 0,\n          \"created_by\": \"5e4839cd1c2d53001dcc0696\",\n          \"updated_by\": \"5e4839cd1c2d53001dcc0696\",\n          \"id\": \"5f68553f5ee4c9001d2b96d3\"\n        },\n        \"description\": \"Redis is an open source (BSD licensed), in-memory data structure store, used as a database, cache and message broker. It supports data structures such as strings, hashes, lists, sets, sorted sets with range queries, bitmaps, hyperloglogs, geospatial indexes with radius queries and streams. Redis has built-in replication, Lua scripting, LRU eviction, transactions and different levels of on-disk persistence, and provides high availability and automatic partitioning.\",\n        \"id\": \"5f635d425ee4c9001d2b964d\"\n      },\n      {\n        \"includeOnResume\": false,\n        \"_id\": \"5f635d905ee4c9001d2b9651\",\n        \"name\": \"MongoDB\",\n        \"rating\": 9,\n        \"createdAt\": \"2020-09-17T12:58:56.643Z\",\n        \"updatedAt\": \"2020-09-27T07:41:31.043Z\",\n        \"__v\": 0,\n        \"created_by\": \"5e4839cd1c2d53001dcc0696\",\n        \"updated_by\": \"5e4839cd1c2d53001dcc0696\",\n        \"image\": {\n          \"_id\": \"5f6855b65ee4c9001d2b96db\",\n          \"name\": \"mongodb.jpg\",\n          \"alternativeText\": \"\",\n          \"caption\": \"\",\n          \"hash\": \"mongodb_1846260238\",\n          \"ext\": \".jpg\",\n          \"mime\": \"image/jpeg\",\n          \"size\": 5.25,\n          \"width\": 399,\n          \"height\": 399,\n          \"url\": \"/uploads/mongodb_1846260238.jpg\",\n          \"formats\": {\n            \"thumbnail\": {\n              \"name\": \"thumbnail_mongodb.jpg\",\n              \"hash\": \"thumbnail_mongodb_1846260238\",\n              \"ext\": \".jpg\",\n              \"mime\": \"image/jpeg\",\n              \"width\": 156,\n              \"height\": 156,\n              \"size\": 1.85,\n              \"path\": null,\n              \"url\": \"/uploads/thumbnail_mongodb_1846260238.jpg\"\n            }\n          },\n          \"provider\": \"local\",\n          \"related\": [\n            \"5f635d905ee4c9001d2b9651\"\n          ],\n          \"createdAt\": \"2020-09-21T07:26:46.012Z\",\n          \"updatedAt\": \"2020-09-21T07:26:49.716Z\",\n          \"__v\": 0,\n          \"created_by\": \"5e4839cd1c2d53001dcc0696\",\n          \"updated_by\": \"5e4839cd1c2d53001dcc0696\",\n          \"id\": \"5f6855b65ee4c9001d2b96db\"\n        },\n        \"description\": \"MongoDB is a general purpose, document-based, distributed database built for modern application developers and for the cloud era.\",\n        \"id\": \"5f635d905ee4c9001d2b9651\"\n      },\n      {\n        \"includeOnResume\": false,\n        \"_id\": \"5f635db55ee4c9001d2b9654\",\n        \"name\": \"Postgres\",\n        \"rating\": 8,\n        \"createdAt\": \"2020-09-17T12:59:33.406Z\",\n        \"updatedAt\": \"2020-09-27T07:44:23.404Z\",\n        \"__v\": 0,\n        \"created_by\": \"5e4839cd1c2d53001dcc0696\",\n        \"updated_by\": \"5e4839cd1c2d53001dcc0696\",\n        \"image\": {\n          \"_id\": \"5f6856225ee4c9001d2b96e1\",\n          \"name\": \"postgres.png\",\n          \"alternativeText\": \"\",\n          \"caption\": \"\",\n          \"hash\": \"postgres_2af638d699\",\n          \"ext\": \".png\",\n          \"mime\": \"image/png\",\n          \"size\": 99.17,\n          \"width\": 1200,\n          \"height\": 1238,\n          \"url\": \"/uploads/postgres_2af638d699.png\",\n          \"formats\": {\n            \"thumbnail\": {\n              \"name\": \"thumbnail_postgres.png\",\n              \"hash\": \"thumbnail_postgres_2af638d699\",\n              \"ext\": \".png\",\n              \"mime\": \"image/png\",\n              \"width\": 151,\n              \"height\": 156,\n              \"size\": 15.15,\n              \"path\": null,\n              \"url\": \"/uploads/thumbnail_postgres_2af638d699.png\"\n            },\n            \"large\": {\n              \"name\": \"large_postgres.png\",\n              \"hash\": \"large_postgres_2af638d699\",\n              \"ext\": \".png\",\n              \"mime\": \"image/png\",\n              \"width\": 969,\n              \"height\": 1000,\n              \"size\": 147.14,\n              \"path\": null,\n              \"url\": \"/uploads/large_postgres_2af638d699.png\"\n            },\n            \"medium\": {\n              \"name\": \"medium_postgres.png\",\n              \"hash\": \"medium_postgres_2af638d699\",\n              \"ext\": \".png\",\n              \"mime\": \"image/png\",\n              \"width\": 727,\n              \"height\": 750,\n              \"size\": 99.62,\n              \"path\": null,\n              \"url\": \"/uploads/medium_postgres_2af638d699.png\"\n            },\n            \"small\": {\n              \"name\": \"small_postgres.png\",\n              \"hash\": \"small_postgres_2af638d699\",\n              \"ext\": \".png\",\n              \"mime\": \"image/png\",\n              \"width\": 485,\n              \"height\": 500,\n              \"size\": 59.67,\n              \"path\": null,\n              \"url\": \"/uploads/small_postgres_2af638d699.png\"\n            }\n          },\n          \"provider\": \"local\",\n          \"related\": [\n            \"5f635db55ee4c9001d2b9654\"\n          ],\n          \"createdAt\": \"2020-09-21T07:28:34.757Z\",\n          \"updatedAt\": \"2020-09-21T07:28:38.883Z\",\n          \"__v\": 0,\n          \"created_by\": \"5e4839cd1c2d53001dcc0696\",\n          \"updated_by\": \"5e4839cd1c2d53001dcc0696\",\n          \"id\": \"5f6856225ee4c9001d2b96e1\"\n        },\n        \"description\": \"PostgreSQL is a powerful, open source object-relational database system with over 30 years of active development that has earned it a strong reputation for reliability, feature robustness, and performance\",\n        \"id\": \"5f635db55ee4c9001d2b9654\"\n      },\n      {\n        \"includeOnResume\": false,\n        \"_id\": \"5f635dde5ee4c9001d2b9658\",\n        \"name\": \"Cucumber\",\n        \"rating\": 9,\n        \"createdAt\": \"2020-09-17T13:00:14.430Z\",\n        \"updatedAt\": \"2020-09-27T07:47:58.367Z\",\n        \"__v\": 0,\n        \"created_by\": \"5e4839cd1c2d53001dcc0696\",\n        \"updated_by\": \"5e4839cd1c2d53001dcc0696\",\n        \"image\": {\n          \"_id\": \"5f68995176320d001e515e74\",\n          \"name\": \"cucumber.png\",\n          \"alternativeText\": \"\",\n          \"caption\": \"\",\n          \"hash\": \"cucumber_066c33f46e\",\n          \"ext\": \".png\",\n          \"mime\": \"image/png\",\n          \"size\": 7.33,\n          \"width\": 200,\n          \"height\": 200,\n          \"url\": \"/uploads/cucumber_066c33f46e.png\",\n          \"formats\": {\n            \"thumbnail\": {\n              \"name\": \"thumbnail_cucumber.png\",\n              \"hash\": \"thumbnail_cucumber_066c33f46e\",\n              \"ext\": \".png\",\n              \"mime\": \"image/png\",\n              \"width\": 156,\n              \"height\": 156,\n              \"size\": 11.05,\n              \"path\": null,\n              \"url\": \"/uploads/thumbnail_cucumber_066c33f46e.png\"\n            }\n          },\n          \"provider\": \"local\",\n          \"related\": [\n            \"5f635dde5ee4c9001d2b9658\"\n          ],\n          \"createdAt\": \"2020-09-21T12:15:13.729Z\",\n          \"updatedAt\": \"2020-09-21T12:15:16.633Z\",\n          \"__v\": 0,\n          \"created_by\": \"5e4839cd1c2d53001dcc0696\",\n          \"updated_by\": \"5e4839cd1c2d53001dcc0696\",\n          \"id\": \"5f68995176320d001e515e74\"\n        },\n        \"description\": \"**Cucumber** is a software tool that supports behaviour-driven development (BDD). Central to the Cucumber BDD approach is its ordinary language parser called **Gherkin**. It allows expected software behaviours to be specified in a logical language that customers can understand. As such, Cucumber allows the execution of feature documentation written in business-facing text.\",\n        \"id\": \"5f635dde5ee4c9001d2b9658\"\n      },\n      {\n        \"includeOnResume\": false,\n        \"_id\": \"5f635e235ee4c9001d2b965b\",\n        \"name\": \"Mockito\",\n        \"rating\": 9,\n        \"createdAt\": \"2020-09-17T13:01:23.263Z\",\n        \"updatedAt\": \"2020-09-27T07:51:03.834Z\",\n        \"__v\": 0,\n        \"created_by\": \"5e4839cd1c2d53001dcc0696\",\n        \"updated_by\": \"5e4839cd1c2d53001dcc0696\",\n        \"image\": {\n          \"_id\": \"5f6899b376320d001e515e7a\",\n          \"name\": \"mockito.png\",\n          \"alternativeText\": \"\",\n          \"caption\": \"\",\n          \"hash\": \"mockito_186b921417\",\n          \"ext\": \".png\",\n          \"mime\": \"image/png\",\n          \"size\": 19.36,\n          \"width\": 200,\n          \"height\": 200,\n          \"url\": \"/uploads/mockito_186b921417.png\",\n          \"formats\": {\n            \"thumbnail\": {\n              \"name\": \"thumbnail_mockito.png\",\n              \"hash\": \"thumbnail_mockito_186b921417\",\n              \"ext\": \".png\",\n              \"mime\": \"image/png\",\n              \"width\": 156,\n              \"height\": 156,\n              \"size\": 27.22,\n              \"path\": null,\n              \"url\": \"/uploads/thumbnail_mockito_186b921417.png\"\n            }\n          },\n          \"provider\": \"local\",\n          \"related\": [\n            \"5f635e235ee4c9001d2b965b\"\n          ],\n          \"createdAt\": \"2020-09-21T12:16:51.111Z\",\n          \"updatedAt\": \"2020-09-21T12:16:54.409Z\",\n          \"__v\": 0,\n          \"created_by\": \"5e4839cd1c2d53001dcc0696\",\n          \"updated_by\": \"5e4839cd1c2d53001dcc0696\",\n          \"id\": \"5f6899b376320d001e515e7a\"\n        },\n        \"description\": \"Mockito is a mocking framework that tastes really good. It lets you write beautiful tests with a clean & simple API. Mockito doesnâ€™t give you hangover because the tests are very readable and they produce clean verification errors.\",\n        \"id\": \"5f635e235ee4c9001d2b965b\"\n      },\n      {\n        \"includeOnResume\": false,\n        \"_id\": \"5f635e2c5ee4c9001d2b965c\",\n        \"name\": \"Mockk\",\n        \"rating\": 9,\n        \"createdAt\": \"2020-09-17T13:01:32.552Z\",\n        \"updatedAt\": \"2020-09-21T12:17:10.214Z\",\n        \"__v\": 0,\n        \"created_by\": \"5e4839cd1c2d53001dcc0696\",\n        \"updated_by\": \"5e4839cd1c2d53001dcc0696\",\n        \"image\": {\n          \"_id\": \"5f6614835ee4c9001d2b9688\",\n          \"name\": \"mockk.png\",\n          \"alternativeText\": \"\",\n          \"caption\": \"\",\n          \"hash\": \"mockk_bc39ec979c\",\n          \"ext\": \".png\",\n          \"mime\": \"image/png\",\n          \"size\": 270.6,\n          \"width\": 813,\n          \"height\": 300,\n          \"url\": \"/uploads/mockk_bc39ec979c.png\",\n          \"formats\": {\n            \"thumbnail\": {\n              \"name\": \"thumbnail_mockk.png\",\n              \"hash\": \"thumbnail_mockk_bc39ec979c\",\n              \"ext\": \".png\",\n              \"mime\": \"image/png\",\n              \"width\": 245,\n              \"height\": 90,\n              \"size\": 56.72,\n              \"path\": null,\n              \"url\": \"/uploads/thumbnail_mockk_bc39ec979c.png\"\n            },\n            \"medium\": {\n              \"name\": \"medium_mockk.png\",\n              \"hash\": \"medium_mockk_bc39ec979c\",\n              \"ext\": \".png\",\n              \"mime\": \"image/png\",\n              \"width\": 750,\n              \"height\": 277,\n              \"size\": 362.9,\n              \"path\": null,\n              \"url\": \"/uploads/medium_mockk_bc39ec979c.png\"\n            },\n            \"small\": {\n              \"name\": \"small_mockk.png\",\n              \"hash\": \"small_mockk_bc39ec979c\",\n              \"ext\": \".png\",\n              \"mime\": \"image/png\",\n              \"width\": 500,\n              \"height\": 185,\n              \"size\": 191.75,\n              \"path\": null,\n              \"url\": \"/uploads/small_mockk_bc39ec979c.png\"\n            }\n          },\n          \"provider\": \"local\",\n          \"related\": [\n            \"5f635a495ee4c9001d2b962c\",\n            \"5f635e2c5ee4c9001d2b965c\"\n          ],\n          \"createdAt\": \"2020-09-19T14:24:03.125Z\",\n          \"updatedAt\": \"2020-09-21T12:17:10.212Z\",\n          \"__v\": 0,\n          \"created_by\": \"5e4839cd1c2d53001dcc0696\",\n          \"updated_by\": \"5e4839cd1c2d53001dcc0696\",\n          \"id\": \"5f6614835ee4c9001d2b9688\"\n        },\n        \"id\": \"5f635e2c5ee4c9001d2b965c\"\n      },\n      {\n        \"includeOnResume\": false,\n        \"_id\": \"5f635e935ee4c9001d2b9665\",\n        \"name\": \"Typescript\",\n        \"rating\": 7.5,\n        \"createdAt\": \"2020-09-17T13:03:15.410Z\",\n        \"updatedAt\": \"2020-09-27T08:10:06.054Z\",\n        \"__v\": 0,\n        \"created_by\": \"5e4839cd1c2d53001dcc0696\",\n        \"updated_by\": \"5e4839cd1c2d53001dcc0696\",\n        \"image\": {\n          \"_id\": \"5f689aee76320d001e515e8b\",\n          \"name\": \"ts.jpg\",\n          \"alternativeText\": \"\",\n          \"caption\": \"\",\n          \"hash\": \"ts_1c7c89d06d\",\n          \"ext\": \".jpg\",\n          \"mime\": \"image/jpeg\",\n          \"size\": 11.59,\n          \"width\": 400,\n          \"height\": 400,\n          \"url\": \"/uploads/ts_1c7c89d06d.jpg\",\n          \"formats\": {\n            \"thumbnail\": {\n              \"name\": \"thumbnail_ts.jpg\",\n              \"hash\": \"thumbnail_ts_1c7c89d06d\",\n              \"ext\": \".jpg\",\n              \"mime\": \"image/jpeg\",\n              \"width\": 156,\n              \"height\": 156,\n              \"size\": 4.38,\n              \"path\": null,\n              \"url\": \"/uploads/thumbnail_ts_1c7c89d06d.jpg\"\n            }\n          },\n          \"provider\": \"local\",\n          \"related\": [\n            \"5f635e935ee4c9001d2b9665\"\n          ],\n          \"createdAt\": \"2020-09-21T12:22:06.356Z\",\n          \"updatedAt\": \"2020-09-21T12:22:08.459Z\",\n          \"__v\": 0,\n          \"created_by\": \"5e4839cd1c2d53001dcc0696\",\n          \"updated_by\": \"5e4839cd1c2d53001dcc0696\",\n          \"id\": \"5f689aee76320d001e515e8b\"\n        },\n        \"description\": \"TypeScript is an open-source programming language developed and maintained by Microsoft. It is a strict syntactical superset of JavaScript and adds optional static typing to the language. TypeScript is designed for development of large applications and transcompiles to JavaScript\",\n        \"id\": \"5f635e935ee4c9001d2b9665\"\n      },\n      {\n        \"includeOnResume\": false,\n        \"_id\": \"5f635ef05ee4c9001d2b9669\",\n        \"name\": \"Axon\",\n        \"rating\": 7,\n        \"createdAt\": \"2020-09-17T13:04:48.049Z\",\n        \"updatedAt\": \"2020-09-30T05:42:59.920Z\",\n        \"__v\": 0,\n        \"created_by\": \"5e4839cd1c2d53001dcc0696\",\n        \"updated_by\": \"5e4839cd1c2d53001dcc0696\",\n        \"image\": {\n          \"_id\": \"5f689b6d76320d001e515e92\",\n          \"name\": \"axon.png\",\n          \"alternativeText\": \"\",\n          \"caption\": \"\",\n          \"hash\": \"axon_8a2e39aca3\",\n          \"ext\": \".png\",\n          \"mime\": \"image/png\",\n          \"size\": 39.52,\n          \"width\": 280,\n          \"height\": 280,\n          \"url\": \"/uploads/axon_8a2e39aca3.png\",\n          \"formats\": {\n            \"thumbnail\": {\n              \"name\": \"thumbnail_axon.png\",\n              \"hash\": \"thumbnail_axon_8a2e39aca3\",\n              \"ext\": \".png\",\n              \"mime\": \"image/png\",\n              \"width\": 156,\n              \"height\": 156,\n              \"size\": 16.68,\n              \"path\": null,\n              \"url\": \"/uploads/thumbnail_axon_8a2e39aca3.png\"\n            }\n          },\n          \"provider\": \"local\",\n          \"related\": [\n            \"5f635ef05ee4c9001d2b9669\"\n          ],\n          \"createdAt\": \"2020-09-21T12:24:13.686Z\",\n          \"updatedAt\": \"2020-09-21T12:24:16.268Z\",\n          \"__v\": 0,\n          \"created_by\": \"5e4839cd1c2d53001dcc0696\",\n          \"updated_by\": \"5e4839cd1c2d53001dcc0696\",\n          \"id\": \"5f689b6d76320d001e515e92\"\n        },\n        \"description\": \"Axon Framework is a Java framework that provides implementations of the most important building blocks, e.g. aggregates, command and event buses, as well as repositories to help developers apply the CQRS architectural pattern when building applications.\",\n        \"id\": \"5f635ef05ee4c9001d2b9669\"\n      },\n      {\n        \"includeOnResume\": false,\n        \"_id\": \"5f635f8f5ee4c9001d2b966c\",\n        \"name\": \"Helm\",\n        \"rating\": 8,\n        \"createdAt\": \"2020-09-17T13:07:27.527Z\",\n        \"updatedAt\": \"2020-09-30T06:20:10.213Z\",\n        \"__v\": 0,\n        \"created_by\": \"5e4839cd1c2d53001dcc0696\",\n        \"updated_by\": \"5e4839cd1c2d53001dcc0696\",\n        \"image\": {\n          \"_id\": \"5f6854785ee4c9001d2b96cf\",\n          \"name\": \"helm.jpg\",\n          \"alternativeText\": \"\",\n          \"caption\": \"\",\n          \"hash\": \"helm_9127651c35\",\n          \"ext\": \".jpg\",\n          \"mime\": \"image/jpeg\",\n          \"size\": 12.82,\n          \"width\": 366,\n          \"height\": 366,\n          \"url\": \"/uploads/helm_9127651c35.jpg\",\n          \"formats\": {\n            \"thumbnail\": {\n              \"name\": \"thumbnail_helm.jpg\",\n              \"hash\": \"thumbnail_helm_9127651c35\",\n              \"ext\": \".jpg\",\n              \"mime\": \"image/jpeg\",\n              \"width\": 156,\n              \"height\": 156,\n              \"size\": 5.11,\n              \"path\": null,\n              \"url\": \"/uploads/thumbnail_helm_9127651c35.jpg\"\n            }\n          },\n          \"provider\": \"local\",\n          \"related\": [\n            \"5f635f8f5ee4c9001d2b966c\"\n          ],\n          \"createdAt\": \"2020-09-21T07:21:28.306Z\",\n          \"updatedAt\": \"2020-09-21T07:21:30.887Z\",\n          \"__v\": 0,\n          \"created_by\": \"5e4839cd1c2d53001dcc0696\",\n          \"updated_by\": \"5e4839cd1c2d53001dcc0696\",\n          \"id\": \"5f6854785ee4c9001d2b96cf\"\n        },\n        \"description\": \"Helm is a tool that streamlines installing and managing Kubernetes applications. ... A single chart might be used to deploy something simple, like a memcached pod, or something complex, like a full web app stack with HTTP servers, databases, caches, etc,\",\n        \"id\": \"5f635f8f5ee4c9001d2b966c\"\n      },\n      {\n        \"includeOnResume\": false,\n        \"_id\": \"5f635f995ee4c9001d2b966d\",\n        \"name\": \"Chart Museum\",\n        \"rating\": 7,\n        \"createdAt\": \"2020-09-17T13:07:37.145Z\",\n        \"updatedAt\": \"2020-09-30T06:22:03.609Z\",\n        \"__v\": 0,\n        \"created_by\": \"5e4839cd1c2d53001dcc0696\",\n        \"updated_by\": \"5e4839cd1c2d53001dcc0696\",\n        \"image\": {\n          \"_id\": \"5f6854c05ee4c9001d2b96d1\",\n          \"name\": \"chart-museum.png\",\n          \"alternativeText\": \"\",\n          \"caption\": \"\",\n          \"hash\": \"chart_museum_a56509005a\",\n          \"ext\": \".png\",\n          \"mime\": \"image/png\",\n          \"size\": 72.28,\n          \"width\": 500,\n          \"height\": 225,\n          \"url\": \"/uploads/chart_museum_a56509005a.png\",\n          \"formats\": {\n            \"thumbnail\": {\n              \"name\": \"thumbnail_chart-museum.png\",\n              \"hash\": \"thumbnail_chart_museum_a56509005a\",\n              \"ext\": \".png\",\n              \"mime\": \"image/png\",\n              \"width\": 245,\n              \"height\": 110,\n              \"size\": 29.64,\n              \"path\": null,\n              \"url\": \"/uploads/thumbnail_chart_museum_a56509005a.png\"\n            }\n          },\n          \"provider\": \"local\",\n          \"related\": [\n            \"5f635f995ee4c9001d2b966d\"\n          ],\n          \"createdAt\": \"2020-09-21T07:22:40.798Z\",\n          \"updatedAt\": \"2020-09-21T07:22:43.401Z\",\n          \"__v\": 0,\n          \"created_by\": \"5e4839cd1c2d53001dcc0696\",\n          \"updated_by\": \"5e4839cd1c2d53001dcc0696\",\n          \"id\": \"5f6854c05ee4c9001d2b96d1\"\n        },\n        \"description\": \"ChartMuseum is an open-source Helm Chart Repository written in Go (Golang), with support for cloud storage backends, including Google Cloud Storage, Amazon S3, Microsoft Azure Blob Storage, Alibaba Cloud OSS Storage and Openstack Object Storage.\",\n        \"id\": \"5f635f995ee4c9001d2b966d\"\n      },\n      {\n        \"includeOnResume\": false,\n        \"_id\": \"5f635f025ee4c9001d2b966b\",\n        \"name\": \"CQRS\",\n        \"rating\": 7.5,\n        \"createdAt\": \"2020-09-17T13:05:06.404Z\",\n        \"updatedAt\": \"2020-09-30T06:19:44.179Z\",\n        \"__v\": 0,\n        \"created_by\": \"5e4839cd1c2d53001dcc0696\",\n        \"updated_by\": \"5e4839cd1c2d53001dcc0696\",\n        \"image\": {\n          \"_id\": \"5f689bf876320d001e515e96\",\n          \"name\": \"cqrs.png\",\n          \"alternativeText\": \"\",\n          \"caption\": \"\",\n          \"hash\": \"cqrs_70783de9a1\",\n          \"ext\": \".png\",\n          \"mime\": \"image/png\",\n          \"size\": 98.76,\n          \"width\": 1980,\n          \"height\": 1299,\n          \"url\": \"/uploads/cqrs_70783de9a1.png\",\n          \"formats\": {\n            \"thumbnail\": {\n              \"name\": \"thumbnail_cqrs.png\",\n              \"hash\": \"thumbnail_cqrs_70783de9a1\",\n              \"ext\": \".png\",\n              \"mime\": \"image/png\",\n              \"width\": 238,\n              \"height\": 156,\n              \"size\": 14.51,\n              \"path\": null,\n              \"url\": \"/uploads/thumbnail_cqrs_70783de9a1.png\"\n            },\n            \"large\": {\n              \"name\": \"large_cqrs.png\",\n              \"hash\": \"large_cqrs_70783de9a1\",\n              \"ext\": \".png\",\n              \"mime\": \"image/png\",\n              \"width\": 1000,\n              \"height\": 656,\n              \"size\": 84.54,\n              \"path\": null,\n              \"url\": \"/uploads/large_cqrs_70783de9a1.png\"\n            },\n            \"medium\": {\n              \"name\": \"medium_cqrs.png\",\n              \"hash\": \"medium_cqrs_70783de9a1\",\n              \"ext\": \".png\",\n              \"mime\": \"image/png\",\n              \"width\": 750,\n              \"height\": 492,\n              \"size\": 59.8,\n              \"path\": null,\n              \"url\": \"/uploads/medium_cqrs_70783de9a1.png\"\n            },\n            \"small\": {\n              \"name\": \"small_cqrs.png\",\n              \"hash\": \"small_cqrs_70783de9a1\",\n              \"ext\": \".png\",\n              \"mime\": \"image/png\",\n              \"width\": 500,\n              \"height\": 328,\n              \"size\": 33.65,\n              \"path\": null,\n              \"url\": \"/uploads/small_cqrs_70783de9a1.png\"\n            }\n          },\n          \"provider\": \"local\",\n          \"related\": [\n            \"5f635f025ee4c9001d2b966b\"\n          ],\n          \"createdAt\": \"2020-09-21T12:26:32.337Z\",\n          \"updatedAt\": \"2020-09-21T12:26:36.238Z\",\n          \"__v\": 0,\n          \"created_by\": \"5e4839cd1c2d53001dcc0696\",\n          \"updated_by\": \"5e4839cd1c2d53001dcc0696\",\n          \"id\": \"5f689bf876320d001e515e96\"\n        },\n        \"description\": \"Command Query Responsibility Segregation (CQRS) is an architectural pattern that separates reading and writing into two different models.\\n\\nThis means that every method should either be a Command that performs an action or a Query that returns data. A Command cannot return data and a Query cannot change the data.\",\n        \"id\": \"5f635f025ee4c9001d2b966b\"\n      },\n      {\n        \"includeOnResume\": false,\n        \"_id\": \"5f63608d5ee4c9001d2b966e\",\n        \"name\": \"TDD\",\n        \"rating\": 8,\n        \"createdAt\": \"2020-09-17T13:11:41.563Z\",\n        \"updatedAt\": \"2020-09-30T06:22:54.746Z\",\n        \"__v\": 0,\n        \"created_by\": \"5e4839cd1c2d53001dcc0696\",\n        \"updated_by\": \"5e4839cd1c2d53001dcc0696\",\n        \"image\": {\n          \"_id\": \"5f689c2276320d001e515e98\",\n          \"name\": \"test-driven-development-TDD.png\",\n          \"alternativeText\": \"\",\n          \"caption\": \"\",\n          \"hash\": \"test_driven_development_TDD_e8a614217f\",\n          \"ext\": \".png\",\n          \"mime\": \"image/png\",\n          \"size\": 33.13,\n          \"width\": 1024,\n          \"height\": 680,\n          \"url\": \"/uploads/test_driven_development_TDD_e8a614217f.png\",\n          \"formats\": {\n            \"thumbnail\": {\n              \"name\": \"thumbnail_test-driven-development-TDD.png\",\n              \"hash\": \"thumbnail_test_driven_development_TDD_e8a614217f\",\n              \"ext\": \".png\",\n              \"mime\": \"image/png\",\n              \"width\": 235,\n              \"height\": 156,\n              \"size\": 12.92,\n              \"path\": null,\n              \"url\": \"/uploads/thumbnail_test_driven_development_TDD_e8a614217f.png\"\n            },\n            \"large\": {\n              \"name\": \"large_test-driven-development-TDD.png\",\n              \"hash\": \"large_test_driven_development_TDD_e8a614217f\",\n              \"ext\": \".png\",\n              \"mime\": \"image/png\",\n              \"width\": 1000,\n              \"height\": 664,\n              \"size\": 77.52,\n              \"path\": null,\n              \"url\": \"/uploads/large_test_driven_development_TDD_e8a614217f.png\"\n            },\n            \"medium\": {\n              \"name\": \"medium_test-driven-development-TDD.png\",\n              \"hash\": \"medium_test_driven_development_TDD_e8a614217f\",\n              \"ext\": \".png\",\n              \"mime\": \"image/png\",\n              \"width\": 750,\n              \"height\": 498,\n              \"size\": 53.53,\n              \"path\": null,\n              \"url\": \"/uploads/medium_test_driven_development_TDD_e8a614217f.png\"\n            },\n            \"small\": {\n              \"name\": \"small_test-driven-development-TDD.png\",\n              \"hash\": \"small_test_driven_development_TDD_e8a614217f\",\n              \"ext\": \".png\",\n              \"mime\": \"image/png\",\n              \"width\": 500,\n              \"height\": 332,\n              \"size\": 31.8,\n              \"path\": null,\n              \"url\": \"/uploads/small_test_driven_development_TDD_e8a614217f.png\"\n            }\n          },\n          \"provider\": \"local\",\n          \"related\": [\n            \"5f63608d5ee4c9001d2b966e\"\n          ],\n          \"createdAt\": \"2020-09-21T12:27:14.778Z\",\n          \"updatedAt\": \"2020-09-21T12:27:17.966Z\",\n          \"__v\": 0,\n          \"created_by\": \"5e4839cd1c2d53001dcc0696\",\n          \"updated_by\": \"5e4839cd1c2d53001dcc0696\",\n          \"id\": \"5f689c2276320d001e515e98\"\n        },\n        \"description\": \"Test-driven development (TDD) , is an evolutionary approach to development which combines test-first development where you write a test before you write just enough production code to fulfill that test and refactoring. \",\n        \"id\": \"5f63608d5ee4c9001d2b966e\"\n      },\n      {\n        \"includeOnResume\": false,\n        \"_id\": \"602234ba9dc383001e945dd6\",\n        \"name\": \"Keycloak\",\n        \"rating\": 7.5,\n        \"description\": \"Open Source Identity and Access Management.\\n\\nUsers authenticate with Keycloak rather than individual applications. This means that your applications don't have to deal with login forms, authenticating users, and storing users. Once logged-in to Keycloak, users don't have to login again to access a different application\\n\\nKeycloak is based on standard protocols and provides support for OpenID Connect, OAuth 2.0, and SAML.\\n\\nEnabling login with social networks is easy to add through the admin console. It's just a matter of selecting the social network you want to add. No code or changes to your application is required.\\n\\nKeycloak has built-in support to connect to existing LDAP or Active Directory servers. You can also implement your own provider if you have users in other stores, such as a relational database.\",\n        \"createdAt\": \"2021-02-09T07:07:38.509Z\",\n        \"updatedAt\": \"2021-02-09T07:07:38.583Z\",\n        \"__v\": 0,\n        \"created_by\": \"5e4839cd1c2d53001dcc0696\",\n        \"image\": {\n          \"_id\": \"602234af9dc383001e945dd5\",\n          \"name\": \"keycloak.png\",\n          \"alternativeText\": \"\",\n          \"caption\": \"\",\n          \"hash\": \"keycloak_c219c87236\",\n          \"ext\": \".png\",\n          \"mime\": \"image/png\",\n          \"size\": 15.49,\n          \"width\": 400,\n          \"height\": 400,\n          \"url\": \"/uploads/keycloak_c219c87236.png\",\n          \"formats\": {\n            \"thumbnail\": {\n              \"name\": \"thumbnail_keycloak.png\",\n              \"hash\": \"thumbnail_keycloak_c219c87236\",\n              \"ext\": \".png\",\n              \"mime\": \"image/png\",\n              \"width\": 156,\n              \"height\": 156,\n              \"size\": 12.85,\n              \"path\": null,\n              \"url\": \"/uploads/thumbnail_keycloak_c219c87236.png\"\n            }\n          },\n          \"provider\": \"local\",\n          \"related\": [\n            \"602234ba9dc383001e945dd6\"\n          ],\n          \"createdAt\": \"2021-02-09T07:07:27.098Z\",\n          \"updatedAt\": \"2021-02-09T07:07:38.521Z\",\n          \"__v\": 0,\n          \"created_by\": \"5e4839cd1c2d53001dcc0696\",\n          \"updated_by\": \"5e4839cd1c2d53001dcc0696\",\n          \"id\": \"602234af9dc383001e945dd5\"\n        },\n        \"updated_by\": \"5e4839cd1c2d53001dcc0696\",\n        \"id\": \"602234ba9dc383001e945dd6\"\n      },\n      {\n        \"includeOnResume\": true,\n        \"_id\": \"5f635b555ee4c9001d2b9631\",\n        \"name\": \"Kotlin\",\n        \"rating\": 8,\n        \"createdAt\": \"2020-09-17T12:49:25.636Z\",\n        \"updatedAt\": \"2021-02-26T07:03:55.023Z\",\n        \"__v\": 0,\n        \"created_by\": \"5e4839cd1c2d53001dcc0696\",\n        \"updated_by\": \"5e4839cd1c2d53001dcc0696\",\n        \"image\": {\n          \"_id\": \"5f65ec765ee4c9001d2b9676\",\n          \"name\": \"kotlin_250x250.png\",\n          \"alternativeText\": \"\",\n          \"caption\": \"\",\n          \"hash\": \"kotlin_250x250_dfc086e243\",\n          \"ext\": \".png\",\n          \"mime\": \"image/png\",\n          \"size\": 3.69,\n          \"width\": 250,\n          \"height\": 250,\n          \"url\": \"/uploads/kotlin_250x250_dfc086e243.png\",\n          \"formats\": {\n            \"thumbnail\": {\n              \"name\": \"thumbnail_kotlin_250x250.png\",\n              \"hash\": \"thumbnail_kotlin_250x250_dfc086e243\",\n              \"ext\": \".png\",\n              \"mime\": \"image/png\",\n              \"width\": 156,\n              \"height\": 156,\n              \"size\": 6.89,\n              \"path\": null,\n              \"url\": \"/uploads/thumbnail_kotlin_250x250_dfc086e243.png\"\n            }\n          },\n          \"provider\": \"local\",\n          \"related\": [\n            \"5f6359c55ee4c9001d2b9627\",\n            \"5f635b555ee4c9001d2b9631\"\n          ],\n          \"createdAt\": \"2020-09-19T11:33:10.896Z\",\n          \"updatedAt\": \"2020-09-21T06:17:06.069Z\",\n          \"__v\": 0,\n          \"created_by\": \"5e4839cd1c2d53001dcc0696\",\n          \"updated_by\": \"5e4839cd1c2d53001dcc0696\",\n          \"id\": \"5f65ec765ee4c9001d2b9676\"\n        },\n        \"description\": \"- Lambda expressions + Inline functions = performant custom control structures\\n- Extension functions\\n- Null-safety\\n- Smart casts\\n- String templates\\n- Properties\\n- Primary constructors\\n- First-class delegation\\n- Type inference for variable and property types\\n- Singletons\\n- Declaration-site variance & Type projections\\n- Range expressions\\n- Operator overloading\\n- Companion objects\\n- Data classes\\n- Separate interfaces for read-only and mutable collections\\n- Coroutines\",\n        \"id\": \"5f635b555ee4c9001d2b9631\"\n      },\n      {\n        \"includeOnResume\": true,\n        \"_id\": \"5f635b6a5ee4c9001d2b9632\",\n        \"name\": \"Spring Boot\",\n        \"rating\": 9.7,\n        \"order\": 1,\n        \"createdAt\": \"2020-09-17T12:49:46.739Z\",\n        \"updatedAt\": \"2021-02-26T07:04:02.124Z\",\n        \"__v\": 0,\n        \"created_by\": \"5e4839cd1c2d53001dcc0696\",\n        \"updated_by\": \"5e4839cd1c2d53001dcc0696\",\n        \"image\": {\n          \"_id\": \"5f6851a85ee4c9001d2b96af\",\n          \"name\": \"spring-boot.jpeg\",\n          \"alternativeText\": \"\",\n          \"caption\": \"\",\n          \"hash\": \"spring_boot_5ee37de4c1\",\n          \"ext\": \".jpeg\",\n          \"mime\": \"image/png\",\n          \"size\": 7.98,\n          \"width\": 400,\n          \"height\": 400,\n          \"url\": \"/uploads/spring_boot_5ee37de4c1.jpeg\",\n          \"formats\": {\n            \"thumbnail\": {\n              \"name\": \"thumbnail_spring-boot.jpeg\",\n              \"hash\": \"thumbnail_spring_boot_5ee37de4c1\",\n              \"ext\": \".jpeg\",\n              \"mime\": \"image/png\",\n              \"width\": 156,\n              \"height\": 156,\n              \"size\": 5.21,\n              \"path\": null,\n              \"url\": \"/uploads/thumbnail_spring_boot_5ee37de4c1.jpeg\"\n            }\n          },\n          \"provider\": \"local\",\n          \"related\": [\n            \"5f635b6a5ee4c9001d2b9632\",\n            \"5feed4c667bdd6001e9c12d0\"\n          ],\n          \"createdAt\": \"2020-09-21T07:09:28.458Z\",\n          \"updatedAt\": \"2021-01-01T21:02:32.991Z\",\n          \"__v\": 0,\n          \"created_by\": \"5e4839cd1c2d53001dcc0696\",\n          \"updated_by\": \"5e4839cd1c2d53001dcc0696\",\n          \"id\": \"5f6851a85ee4c9001d2b96af\"\n        },\n        \"description\": \"Spring Boot makes it easy to create stand-alone, production-grade Spring based Applications that you can \\\"just run\\\".\\n\\n- Embed Tomcat, Jetty or Undertow directly (no need to deploy WAR files)\\n- Provide opinionated 'starter' dependencies to simplify your build configuration\\n- Automatically configure Spring and 3rd party libraries whenever possible\\n- Provide production-ready features such as metrics, health checks, and externalized configuration\",\n        \"id\": \"5f635b6a5ee4c9001d2b9632\"\n      },\n      {\n        \"includeOnResume\": true,\n        \"_id\": \"5f635bb85ee4c9001d2b9635\",\n        \"name\": \"Spring Security\",\n        \"rating\": 9.5,\n        \"createdAt\": \"2020-09-17T12:51:04.405Z\",\n        \"updatedAt\": \"2021-02-26T07:04:09.692Z\",\n        \"__v\": 0,\n        \"created_by\": \"5e4839cd1c2d53001dcc0696\",\n        \"updated_by\": \"5e4839cd1c2d53001dcc0696\",\n        \"image\": {\n          \"_id\": \"5f6852115ee4c9001d2b96b5\",\n          \"name\": \"spring-security-project.png\",\n          \"alternativeText\": \"\",\n          \"caption\": \"\",\n          \"hash\": \"spring_security_project_072bc02e23\",\n          \"ext\": \".png\",\n          \"mime\": \"image/png\",\n          \"size\": 2.18,\n          \"width\": 200,\n          \"height\": 200,\n          \"url\": \"/uploads/spring_security_project_072bc02e23.png\",\n          \"formats\": {\n            \"thumbnail\": {\n              \"name\": \"thumbnail_spring-security-project.png\",\n              \"hash\": \"thumbnail_spring_security_project_072bc02e23\",\n              \"ext\": \".png\",\n              \"mime\": \"image/png\",\n              \"width\": 156,\n              \"height\": 156,\n              \"size\": 6.11,\n              \"path\": null,\n              \"url\": \"/uploads/thumbnail_spring_security_project_072bc02e23.png\"\n            }\n          },\n          \"provider\": \"local\",\n          \"related\": [\n            \"5f635bb85ee4c9001d2b9635\"\n          ],\n          \"createdAt\": \"2020-09-21T07:11:13.729Z\",\n          \"updatedAt\": \"2020-09-21T07:11:16.322Z\",\n          \"__v\": 0,\n          \"created_by\": \"5e4839cd1c2d53001dcc0696\",\n          \"updated_by\": \"5e4839cd1c2d53001dcc0696\",\n          \"id\": \"5f6852115ee4c9001d2b96b5\"\n        },\n        \"description\": \"Spring Security is a framework that focuses on providing both authentication and authorization to Java and Kotlin applications.\\n\\n- Use of core and web modules to provide authorization and RBAC (role based access control) for microservices and web applications. Configured applications to do form based, basic, kerberos, token based, and mutual auth.\\n- Use of @Resource server and jwks (json web keys) to secure services using openid connect resource servers.\\n- Use of OAuth2 client for clients to perform client credential auth flow.\",\n        \"id\": \"5f635bb85ee4c9001d2b9635\"\n      },\n      {\n        \"includeOnResume\": true,\n        \"_id\": \"5f635c375ee4c9001d2b963d\",\n        \"name\": \"Jenkins X\",\n        \"rating\": 9,\n        \"createdAt\": \"2020-09-17T12:53:11.954Z\",\n        \"updatedAt\": \"2021-02-26T07:04:30.798Z\",\n        \"__v\": 0,\n        \"created_by\": \"5e4839cd1c2d53001dcc0696\",\n        \"updated_by\": \"5e4839cd1c2d53001dcc0696\",\n        \"image\": {\n          \"_id\": \"5f6616545ee4c9001d2b9690\",\n          \"name\": \"jenkinsx.png\",\n          \"alternativeText\": \"\",\n          \"caption\": \"\",\n          \"hash\": \"jenkinsx_d56c6fea15\",\n          \"ext\": \".png\",\n          \"mime\": \"image/png\",\n          \"size\": 25.16,\n          \"width\": 696,\n          \"height\": 398,\n          \"url\": \"/uploads/jenkinsx_d56c6fea15.png\",\n          \"formats\": {\n            \"thumbnail\": {\n              \"name\": \"thumbnail_jenkinsx.png\",\n              \"hash\": \"thumbnail_jenkinsx_d56c6fea15\",\n              \"ext\": \".png\",\n              \"mime\": \"image/png\",\n              \"width\": 245,\n              \"height\": 140,\n              \"size\": 9.18,\n              \"path\": null,\n              \"url\": \"/uploads/thumbnail_jenkinsx_d56c6fea15.png\"\n            },\n            \"small\": {\n              \"name\": \"small_jenkinsx.png\",\n              \"hash\": \"small_jenkinsx_d56c6fea15\",\n              \"ext\": \".png\",\n              \"mime\": \"image/png\",\n              \"width\": 500,\n              \"height\": 286,\n              \"size\": 22.51,\n              \"path\": null,\n              \"url\": \"/uploads/small_jenkinsx_d56c6fea15.png\"\n            }\n          },\n          \"provider\": \"local\",\n          \"related\": [\n            \"5f0413739d8081001fd38fb6\",\n            \"5f635c375ee4c9001d2b963d\"\n          ],\n          \"createdAt\": \"2020-09-19T14:31:48.129Z\",\n          \"updatedAt\": \"2020-09-21T07:17:01.500Z\",\n          \"__v\": 0,\n          \"created_by\": \"5e4839cd1c2d53001dcc0696\",\n          \"updated_by\": \"5e4839cd1c2d53001dcc0696\",\n          \"id\": \"5f6616545ee4c9001d2b9690\"\n        },\n        \"description\": \"Jenkins X provides pipeline automation, built-in GitOps, and preview environments to help teams collaborate and accelerate their software delivery at any scale. Jenkins X builds upon the following core components:\\n- Kubernetes and Docker\\n- Helm and Draft\",\n        \"id\": \"5f635c375ee4c9001d2b963d\"\n      },\n      {\n        \"includeOnResume\": true,\n        \"_id\": \"5f635ca45ee4c9001d2b9643\",\n        \"name\": \"Kubernetes\",\n        \"rating\": 8,\n        \"createdAt\": \"2020-09-17T12:55:00.632Z\",\n        \"updatedAt\": \"2021-02-26T07:04:47.446Z\",\n        \"__v\": 0,\n        \"created_by\": \"5e4839cd1c2d53001dcc0696\",\n        \"updated_by\": \"5e4839cd1c2d53001dcc0696\",\n        \"image\": {\n          \"_id\": \"5f66163d5ee4c9001d2b968e\",\n          \"name\": \"kubernetes.jpeg\",\n          \"alternativeText\": \"\",\n          \"caption\": \"\",\n          \"hash\": \"kubernetes_c13e33fa8c\",\n          \"ext\": \".jpeg\",\n          \"mime\": \"image/jpeg\",\n          \"size\": 17.62,\n          \"width\": 400,\n          \"height\": 388,\n          \"url\": \"/uploads/kubernetes_c13e33fa8c.jpeg\",\n          \"formats\": {\n            \"thumbnail\": {\n              \"name\": \"thumbnail_kubernetes.jpeg\",\n              \"hash\": \"thumbnail_kubernetes_c13e33fa8c\",\n              \"ext\": \".jpeg\",\n              \"mime\": \"image/jpeg\",\n              \"width\": 161,\n              \"height\": 156,\n              \"size\": 6.17,\n              \"path\": null,\n              \"url\": \"/uploads/thumbnail_kubernetes_c13e33fa8c.jpeg\"\n            }\n          },\n          \"provider\": \"local\",\n          \"related\": [\n            \"5f0408c59d8081001fd38fb1\",\n            \"5f635ca45ee4c9001d2b9643\"\n          ],\n          \"createdAt\": \"2020-09-19T14:31:25.284Z\",\n          \"updatedAt\": \"2020-09-21T12:08:28.703Z\",\n          \"__v\": 0,\n          \"created_by\": \"5e4839cd1c2d53001dcc0696\",\n          \"updated_by\": \"5e4839cd1c2d53001dcc0696\",\n          \"id\": \"5f66163d5ee4c9001d2b968e\"\n        },\n        \"description\": \"Kubernetes is a portable, extensible, open-source platform for managing containerized workloads and services, that facilitates both declarative configuration and automation. It has a large, rapidly growing ecosystem. Kubernetes provides you with:\\n\\n- **Service discovery and load balancing**\\n- **Automated rollouts and rollbacks**: You provide Kubernetes with a cluster of nodes that it can use to run containerized tasks. You tell Kubernetes how much CPU and memory (RAM) each container needs. Kubernetes can fit containers onto your nodes to make the best use of your resources.\\n- **Self-healing** Kubernetes restarts containers that fail, replaces containers, kills containers that don't respond to your user-defined health check, and doesn't advertise them to clients until they are ready to serve.\\n- **Secret and configuration management** \",\n        \"id\": \"5f635ca45ee4c9001d2b9643\"\n      },\n      {\n        \"includeOnResume\": true,\n        \"_id\": \"5f635dd35ee4c9001d2b9657\",\n        \"name\": \"Test Containers\",\n        \"rating\": 8,\n        \"createdAt\": \"2020-09-17T13:00:03.265Z\",\n        \"updatedAt\": \"2021-02-26T07:05:50.033Z\",\n        \"__v\": 0,\n        \"created_by\": \"5e4839cd1c2d53001dcc0696\",\n        \"updated_by\": \"5e4839cd1c2d53001dcc0696\",\n        \"image\": {\n          \"_id\": \"5f689d0c76320d001e515e9c\",\n          \"name\": \"testcontainers.png\",\n          \"alternativeText\": \"\",\n          \"caption\": \"\",\n          \"hash\": \"testcontainers_15703f40de\",\n          \"ext\": \".png\",\n          \"mime\": \"image/png\",\n          \"size\": 18.16,\n          \"width\": 400,\n          \"height\": 400,\n          \"url\": \"/uploads/testcontainers_15703f40de.png\",\n          \"formats\": {\n            \"thumbnail\": {\n              \"name\": \"thumbnail_testcontainers.png\",\n              \"hash\": \"thumbnail_testcontainers_15703f40de\",\n              \"ext\": \".png\",\n              \"mime\": \"image/png\",\n              \"width\": 156,\n              \"height\": 156,\n              \"size\": 7.48,\n              \"path\": null,\n              \"url\": \"/uploads/thumbnail_testcontainers_15703f40de.png\"\n            }\n          },\n          \"provider\": \"local\",\n          \"related\": [\n            \"5f635dd35ee4c9001d2b9657\"\n          ],\n          \"createdAt\": \"2020-09-21T12:31:08.912Z\",\n          \"updatedAt\": \"2021-01-01T07:37:21.880Z\",\n          \"__v\": 0,\n          \"created_by\": \"5e4839cd1c2d53001dcc0696\",\n          \"updated_by\": \"5e4839cd1c2d53001dcc0696\",\n          \"id\": \"5f689d0c76320d001e515e9c\"\n        },\n        \"description\": \"Testcontainers is a Java library that supports JUnit tests, providing lightweight, throwaway instances of common databases, Selenium web browsers, or anything else that can run in a Docker container.\\n\\nTestcontainers make the following kinds of tests easier:\\n\\n-** Data access layer integration tests**: use a containerized instance of a MySQL, PostgreSQL or Oracle database to test your data access layer code for complete compatibility, but without requiring complex setup on developers' machines and safe in the knowledge that your tests will always start with a known DB state. Any other database type that can be containerized can also be used.\\n- **Application integration tests**: for running your application in a short-lived test mode with dependencies, such as databases, message queues or web servers.\\n- **UI/Acceptance tests**: use containerized web browsers, compatible with Selenium, for conducting automated UI tests. Each test can get a fresh instance of the browser, with no browser state, plugin variations or automated browser upgrades to worry about. And you get a video recording of each test session, or just each session where tests failed\",\n        \"id\": \"5f635dd35ee4c9001d2b9657\"\n      },\n      {\n        \"includeOnResume\": true,\n        \"_id\": \"5f635e625ee4c9001d2b9660\",\n        \"name\": \"React\",\n        \"rating\": 8.5,\n        \"createdAt\": \"2020-09-17T13:02:26.277Z\",\n        \"updatedAt\": \"2021-02-26T07:05:57.401Z\",\n        \"__v\": 0,\n        \"created_by\": \"5e4839cd1c2d53001dcc0696\",\n        \"updated_by\": \"5e4839cd1c2d53001dcc0696\",\n        \"image\": {\n          \"_id\": \"5f66167a5ee4c9001d2b9692\",\n          \"name\": \"react.jpeg\",\n          \"alternativeText\": \"\",\n          \"caption\": \"\",\n          \"hash\": \"react_56f28418d3\",\n          \"ext\": \".jpeg\",\n          \"mime\": \"image/jpeg\",\n          \"size\": 11.98,\n          \"width\": 500,\n          \"height\": 353,\n          \"url\": \"/uploads/react_56f28418d3.jpeg\",\n          \"formats\": {\n            \"thumbnail\": {\n              \"name\": \"thumbnail_react.jpeg\",\n              \"hash\": \"thumbnail_react_56f28418d3\",\n              \"ext\": \".jpeg\",\n              \"mime\": \"image/jpeg\",\n              \"width\": 221,\n              \"height\": 156,\n              \"size\": 4.08,\n              \"path\": null,\n              \"url\": \"/uploads/thumbnail_react_56f28418d3.jpeg\"\n            }\n          },\n          \"provider\": \"local\",\n          \"related\": [\n            \"5f04152d9d8081001fd38fb9\",\n            \"5f635e625ee4c9001d2b9660\"\n          ],\n          \"createdAt\": \"2020-09-19T14:32:26.690Z\",\n          \"updatedAt\": \"2020-09-21T12:19:36.732Z\",\n          \"__v\": 0,\n          \"created_by\": \"5e4839cd1c2d53001dcc0696\",\n          \"updated_by\": \"5e4839cd1c2d53001dcc0696\",\n          \"id\": \"5f66167a5ee4c9001d2b9692\"\n        },\n        \"description\": \"React.js is an open-source JavaScript library that is used for building user interfaces specifically for single-page applications. Itâ€™s used for handling the view layer for web and mobile apps.\\n\\nReact allows developers to create large web applications that can change data, without reloading the page. The main purpose of React is to be fast, scalable, and simple. It works only on user interfaces in the application\",\n        \"id\": \"5f635e625ee4c9001d2b9660\"\n      },\n      {\n        \"includeOnResume\": true,\n        \"_id\": \"5f635eae5ee4c9001d2b9667\",\n        \"name\": \"Kafka\",\n        \"rating\": 8.5,\n        \"createdAt\": \"2020-09-17T13:03:42.887Z\",\n        \"updatedAt\": \"2021-02-26T07:06:09.297Z\",\n        \"__v\": 0,\n        \"created_by\": \"5e4839cd1c2d53001dcc0696\",\n        \"updated_by\": \"5e4839cd1c2d53001dcc0696\",\n        \"image\": {\n          \"_id\": \"5f65eda95ee4c9001d2b9684\",\n          \"name\": \"kafka.png\",\n          \"alternativeText\": \"\",\n          \"caption\": \"\",\n          \"hash\": \"kafka_cdd4d396aa\",\n          \"ext\": \".png\",\n          \"mime\": \"image/png\",\n          \"size\": 36.71,\n          \"width\": 1200,\n          \"height\": 1200,\n          \"url\": \"/uploads/kafka_cdd4d396aa.png\",\n          \"formats\": {\n            \"thumbnail\": {\n              \"name\": \"thumbnail_kafka.png\",\n              \"hash\": \"thumbnail_kafka_cdd4d396aa\",\n              \"ext\": \".png\",\n              \"mime\": \"image/png\",\n              \"width\": 156,\n              \"height\": 156,\n              \"size\": 6.01,\n              \"path\": null,\n              \"url\": \"/uploads/thumbnail_kafka_cdd4d396aa.png\"\n            },\n            \"large\": {\n              \"name\": \"large_kafka.png\",\n              \"hash\": \"large_kafka_cdd4d396aa\",\n              \"ext\": \".png\",\n              \"mime\": \"image/png\",\n              \"width\": 1000,\n              \"height\": 1000,\n              \"size\": 52.05,\n              \"path\": null,\n              \"url\": \"/uploads/large_kafka_cdd4d396aa.png\"\n            },\n            \"medium\": {\n              \"name\": \"medium_kafka.png\",\n              \"hash\": \"medium_kafka_cdd4d396aa\",\n              \"ext\": \".png\",\n              \"mime\": \"image/png\",\n              \"width\": 750,\n              \"height\": 750,\n              \"size\": 35.53,\n              \"path\": null,\n              \"url\": \"/uploads/medium_kafka_cdd4d396aa.png\"\n            },\n            \"small\": {\n              \"name\": \"small_kafka.png\",\n              \"hash\": \"small_kafka_cdd4d396aa\",\n              \"ext\": \".png\",\n              \"mime\": \"image/png\",\n              \"width\": 500,\n              \"height\": 500,\n              \"size\": 21.7,\n              \"path\": null,\n              \"url\": \"/uploads/small_kafka_cdd4d396aa.png\"\n            }\n          },\n          \"provider\": \"local\",\n          \"related\": [\n            \"5f635aa25ee4c9001d2b962e\",\n            \"5f635eae5ee4c9001d2b9667\"\n          ],\n          \"createdAt\": \"2020-09-19T11:38:17.752Z\",\n          \"updatedAt\": \"2020-09-21T12:22:45.479Z\",\n          \"__v\": 0,\n          \"created_by\": \"5e4839cd1c2d53001dcc0696\",\n          \"updated_by\": \"5e4839cd1c2d53001dcc0696\",\n          \"id\": \"5f65eda95ee4c9001d2b9684\"\n        },\n        \"description\": \"Apache Kafka is a community distributed event streaming platform capable of handling trillions of events a day. Initially conceived as a messaging queue, Kafka is based on an abstraction of a distributed commit log.\",\n        \"id\": \"5f635eae5ee4c9001d2b9667\"\n      },\n      {\n        \"includeOnResume\": true,\n        \"_id\": \"5f635ef75ee4c9001d2b966a\",\n        \"name\": \"Event Sourcing\",\n        \"rating\": 8,\n        \"createdAt\": \"2020-09-17T13:04:55.933Z\",\n        \"updatedAt\": \"2021-02-26T07:06:48.582Z\",\n        \"__v\": 0,\n        \"created_by\": \"5e4839cd1c2d53001dcc0696\",\n        \"updated_by\": \"5e4839cd1c2d53001dcc0696\",\n        \"image\": {\n          \"_id\": \"5f689ba176320d001e515e94\",\n          \"name\": \"event sourcing.jpeg\",\n          \"alternativeText\": \"\",\n          \"caption\": \"\",\n          \"hash\": \"event_sourcing_427435df53\",\n          \"ext\": \".jpeg\",\n          \"mime\": \"image/jpeg\",\n          \"size\": 6.51,\n          \"width\": 316,\n          \"height\": 160,\n          \"url\": \"/uploads/event_sourcing_427435df53.jpeg\",\n          \"formats\": {\n            \"thumbnail\": {\n              \"name\": \"thumbnail_event sourcing.jpeg\",\n              \"hash\": \"thumbnail_event_sourcing_427435df53\",\n              \"ext\": \".jpeg\",\n              \"mime\": \"image/jpeg\",\n              \"width\": 245,\n              \"height\": 124,\n              \"size\": 5.06,\n              \"path\": null,\n              \"url\": \"/uploads/thumbnail_event_sourcing_427435df53.jpeg\"\n            }\n          },\n          \"provider\": \"local\",\n          \"related\": [\n            \"5f635ef75ee4c9001d2b966a\"\n          ],\n          \"createdAt\": \"2020-09-21T12:25:05.039Z\",\n          \"updatedAt\": \"2020-09-21T12:25:06.939Z\",\n          \"__v\": 0,\n          \"created_by\": \"5e4839cd1c2d53001dcc0696\",\n          \"updated_by\": \"5e4839cd1c2d53001dcc0696\",\n          \"id\": \"5f689ba176320d001e515e94\"\n        },\n        \"description\": \"Event Sourcing ensures that all changes to application state are stored as a sequence of events. Not just can we query these events, we can also use the event log to reconstruct past states, and as a foundation to automatically adjust the state to cope with retroactive changes\",\n        \"id\": \"5f635ef75ee4c9001d2b966a\"\n      },\n      {\n        \"includeOnResume\": true,\n        \"_id\": \"60291c5d9dc383001e945de2\",\n        \"name\": \"Pact\",\n        \"rating\": 8,\n        \"description\": \"Pact is a code-first tool for testing HTTP and message integrations using contract tests. Contract tests assert that inter-application messages conform to a shared understanding that is documented in a contract. Without contract testing, the only way to ensure that applications will work correctly together is by using expensive and brittle integration tests.\\n\\nDo you set your house on fire to test your smoke alarm? No, you test the contract it holds with your ears by using the testing button. Pact provides that testing button for your code, allowing you to safely confirm that your applications will work together without having to deploy the world first.\",\n        \"createdAt\": \"2021-02-14T12:49:33.499Z\",\n        \"updatedAt\": \"2021-02-26T07:07:01.458Z\",\n        \"__v\": 0,\n        \"created_by\": \"5e4839cd1c2d53001dcc0696\",\n        \"image\": {\n          \"_id\": \"60291c279dc383001e945de1\",\n          \"name\": \"pact.jpg\",\n          \"alternativeText\": \"\",\n          \"caption\": \"\",\n          \"hash\": \"pact_1af721fb48\",\n          \"ext\": \".jpg\",\n          \"mime\": \"image/jpeg\",\n          \"size\": 5.19,\n          \"width\": 341,\n          \"height\": 150,\n          \"url\": \"/uploads/pact_1af721fb48.jpg\",\n          \"formats\": {\n            \"thumbnail\": {\n              \"name\": \"thumbnail_pact.jpg\",\n              \"hash\": \"thumbnail_pact_1af721fb48\",\n              \"ext\": \".jpg\",\n              \"mime\": \"image/jpeg\",\n              \"width\": 245,\n              \"height\": 108,\n              \"size\": 3.63,\n              \"path\": null,\n              \"url\": \"/uploads/thumbnail_pact_1af721fb48.jpg\"\n            }\n          },\n          \"provider\": \"local\",\n          \"related\": [\n            \"60291c5d9dc383001e945de2\"\n          ],\n          \"createdAt\": \"2021-02-14T12:48:39.854Z\",\n          \"updatedAt\": \"2021-02-14T12:49:33.505Z\",\n          \"__v\": 0,\n          \"created_by\": \"5e4839cd1c2d53001dcc0696\",\n          \"updated_by\": \"5e4839cd1c2d53001dcc0696\",\n          \"id\": \"60291c279dc383001e945de1\"\n        },\n        \"updated_by\": \"5e4839cd1c2d53001dcc0696\",\n        \"id\": \"60291c5d9dc383001e945de2\"\n      }\n    ],\n    \"_id\": \"5eedd4803c8d74001e4497f5\",\n    \"startDate\": \"2020-05-04\",\n    \"company\": \"Y-Tree\",\n    \"companyUrl\": \"https://y-tree.com/\",\n    \"title\": \"Senior Developer\",\n    \"createdAt\": \"2020-06-20T09:18:56.102Z\",\n    \"updatedAt\": \"2021-02-26T21:07:52.610Z\",\n    \"__v\": 0,\n    \"companyImage\": {\n      \"_id\": \"5eedd46e3c8d74001e4497f4\",\n      \"name\": \"YTree\",\n      \"alternativeText\": \"\",\n      \"caption\": \"\",\n      \"hash\": \"YT_ree_50b80993fc\",\n      \"ext\": \".png\",\n      \"mime\": \"image/png\",\n      \"size\": 6.33,\n      \"width\": 200,\n      \"height\": 200,\n      \"url\": \"/uploads/YT_ree_50b80993fc.png\",\n      \"formats\": {\n        \"thumbnail\": {\n          \"hash\": \"thumbnail_YT_ree_50b80993fc\",\n          \"ext\": \".png\",\n          \"mime\": \"image/png\",\n          \"width\": 156,\n          \"height\": 156,\n          \"size\": 10.07,\n          \"path\": null,\n          \"url\": \"/uploads/thumbnail_YT_ree_50b80993fc.png\"\n        }\n      },\n      \"provider\": \"local\",\n      \"related\": [\n        \"5eedd4803c8d74001e4497f5\"\n      ],\n      \"createdAt\": \"2020-06-20T09:18:38.337Z\",\n      \"updatedAt\": \"2020-06-20T09:18:56.106Z\",\n      \"__v\": 0,\n      \"id\": \"5eedd46e3c8d74001e4497f4\"\n    },\n    \"shortDescription\": \"Lead Developer of exciting fin-tech platform composed of event-driven and restful microservices.\",\n    \"updated_by\": {\n      \"_id\": \"5e4839cd1c2d53001dcc0696\",\n      \"username\": \"simon.rowe@gmail.com\",\n      \"createdAt\": \"2020-02-15T18:34:53.155Z\",\n      \"updatedAt\": \"2020-09-17T07:45:13.526Z\",\n      \"__v\": 0,\n      \"id\": \"5e4839cd1c2d53001dcc0696\"\n    },\n    \"longDescription\": \"Lead Developer of exciting fin-tech platform composed of event-driven and restful microservices.\\n\\nHeavily involved in transforming a monolithic application into a suite of fault-tolerant event-driven and restful microservices written with Kotlin and Spring Boot. \\n\\nLead a cloud-native transformation by improving the path to production of services by introducing a number of tools and technologies to aide with continuous delivery of features:\\n\\n-  Cucumber for integration testing\\n-  Pact for contract testing (consumer-driven contracts for both synchronous (HTTP) and event-driven (Kafka) communication)\\n-  Test Containers for component testing\\n-  Use of Spring Cloud Kubernetes and Spring Cloud vault for environment-specific configuration (as per the [12-factor app](https://12factor.net/))\\n- Jenkin X pipelines to build and deploy helm charts for each service and environment.\\n- Keycloak for identity management.\\n- Rolling updates of k8s deployments for no-outage releases.\\n\\nAlso contributed to the YTree technical blog sharing knowledge amongst the team in the form of both written blogs and recorded videos. \\n\\n\\n\\n\\n\\n\",\n    \"location\": \"London\",\n    \"id\": \"5eedd4803c8d74001e4497f5\"\n  }\n]",
  "headers" : {
    "Content-Type" : "application/json"
  }
}

Response:
HTTP/1.1 200
Content-Type: [application/json]
Matched-Stub-Id: [1edae935-f0fa-4fce-95d9-1293e899bfb2]

2025-10-04T09:13:48.542+01:00  INFO 46798 --- [api-gateway] [tp1504745102-76] [                                                 ] WireMock                                 : Request received:
127.0.0.1 - GET /profiles

Accept: [application/json]
Accept-Encoding: [gzip, x-gzip, deflate]
Host: [localhost:10193]
Connection: [keep-alive]
User-Agent: [Apache-HttpClient/5.3.1 (Java/21.0.2)]



Matched response definition:
{
  "status" : 200,
  "body" : "[\n  {\n    \"_id\": \"5e4925127b93ca001dfd520f\",\n    \"name\": \"Simon Rowe\",\n    \"title\": \"Software Engineer\",\n    \"createdAt\": \"2020-02-16T11:18:42.697Z\",\n    \"updatedAt\": \"2021-02-16T08:14:42.314Z\",\n    \"__v\": 0,\n    \"description\": \"I am driven to achieve real business value by incrementally delivering features and engaging early feedback, utilizing open source technologies, including but not limited to Spring, Kubernetes and Kafka.\\n\\nWith years of experience in architecting, building and running applications and microservices, my professional experience has spanned many industries from investment banking to media, across the globe. My philosophy has always been to keep things simple: only build the simplest thing to satisfy the use case, receive fast feedback and iterate.\\n\\nI have skills and experience in many languages, frameworks and platforms such as Java, Kotlin, Spring, Kafka, Kubernetes, Typescript & React, although my biggest asset is my ability to continually improve and gain new skills. \",\n    \"headline\": \"PASSIONATE ABOUT BUILDING CLOUD NATIVE APPS UTILIZING SPRING, KAFKA AND KUBERNETES.\",\n    \"backgroundImage\": {\n      \"_id\": \"5fb128edacf551001dcb8286\",\n      \"name\": \"background_3dc50d91f3 (1).jpeg\",\n      \"alternativeText\": \"\",\n      \"caption\": \"\",\n      \"hash\": \"background_3dc50d91f3_1_a7da1b5b82\",\n      \"ext\": \".jpeg\",\n      \"mime\": \"image/jpeg\",\n      \"size\": 203.07,\n      \"width\": 1650,\n      \"height\": 1100,\n      \"url\": \"/uploads/background_3dc50d91f3_1_a7da1b5b82.jpeg\",\n      \"formats\": {\n        \"thumbnail\": {\n          \"name\": \"thumbnail_background_3dc50d91f3 (1).jpeg\",\n          \"hash\": \"thumbnail_background_3dc50d91f3_1_a7da1b5b82\",\n          \"ext\": \".jpeg\",\n          \"mime\": \"image/jpeg\",\n          \"width\": 234,\n          \"height\": 156,\n          \"size\": 9.84,\n          \"path\": null,\n          \"url\": \"/uploads/thumbnail_background_3dc50d91f3_1_a7da1b5b82.jpeg\"\n        },\n        \"large\": {\n          \"name\": \"large_background_3dc50d91f3 (1).jpeg\",\n          \"hash\": \"large_background_3dc50d91f3_1_a7da1b5b82\",\n          \"ext\": \".jpeg\",\n          \"mime\": \"image/jpeg\",\n          \"width\": 1000,\n          \"height\": 667,\n          \"size\": 96.68,\n          \"path\": null,\n          \"url\": \"/uploads/large_background_3dc50d91f3_1_a7da1b5b82.jpeg\"\n        },\n        \"medium\": {\n          \"name\": \"medium_background_3dc50d91f3 (1).jpeg\",\n          \"hash\": \"medium_background_3dc50d91f3_1_a7da1b5b82\",\n          \"ext\": \".jpeg\",\n          \"mime\": \"image/jpeg\",\n          \"width\": 750,\n          \"height\": 500,\n          \"size\": 61.43,\n          \"path\": null,\n          \"url\": \"/uploads/medium_background_3dc50d91f3_1_a7da1b5b82.jpeg\"\n        },\n        \"small\": {\n          \"name\": \"small_background_3dc50d91f3 (1).jpeg\",\n          \"hash\": \"small_background_3dc50d91f3_1_a7da1b5b82\",\n          \"ext\": \".jpeg\",\n          \"mime\": \"image/jpeg\",\n          \"width\": 500,\n          \"height\": 333,\n          \"size\": 33.5,\n          \"path\": null,\n          \"url\": \"/uploads/small_background_3dc50d91f3_1_a7da1b5b82.jpeg\"\n        }\n      },\n      \"provider\": \"local\",\n      \"related\": [\n        \"5e4925127b93ca001dfd520f\"\n      ],\n      \"createdAt\": \"2020-11-15T13:11:09.716Z\",\n      \"updatedAt\": \"2021-02-06T19:53:38.070Z\",\n      \"__v\": 0,\n      \"created_by\": \"5e4839cd1c2d53001dcc0696\",\n      \"updated_by\": \"5e4839cd1c2d53001dcc0696\",\n      \"id\": \"5fb128edacf551001dcb8286\"\n    },\n    \"profileImage\": {\n      \"_id\": \"5f66194c5ee4c9001d2b96a8\",\n      \"name\": \"simon (1).jpg\",\n      \"alternativeText\": \"\",\n      \"caption\": \"\",\n      \"hash\": \"simon_1_e289f5bf4e\",\n      \"ext\": \".jpg\",\n      \"mime\": \"image/jpeg\",\n      \"size\": 41.83,\n      \"width\": 578,\n      \"height\": 634,\n      \"url\": \"/uploads/simon_1_e289f5bf4e.jpg\",\n      \"formats\": {\n        \"thumbnail\": {\n          \"name\": \"thumbnail_simon (1).jpg\",\n          \"hash\": \"thumbnail_simon_1_e289f5bf4e\",\n          \"ext\": \".jpg\",\n          \"mime\": \"image/jpeg\",\n          \"width\": 142,\n          \"height\": 156,\n          \"size\": 3.77,\n          \"path\": null,\n          \"url\": \"/uploads/thumbnail_simon_1_e289f5bf4e.jpg\"\n        },\n        \"small\": {\n          \"name\": \"small_simon (1).jpg\",\n          \"hash\": \"small_simon_1_e289f5bf4e\",\n          \"ext\": \".jpg\",\n          \"mime\": \"image/jpeg\",\n          \"width\": 456,\n          \"height\": 500,\n          \"size\": 27.55,\n          \"path\": null,\n          \"url\": \"/uploads/small_simon_1_e289f5bf4e.jpg\"\n        }\n      },\n      \"provider\": \"local\",\n      \"related\": [\n        \"5e4925127b93ca001dfd520f\"\n      ],\n      \"createdAt\": \"2020-09-19T14:44:28.749Z\",\n      \"updatedAt\": \"2020-09-19T14:44:32.550Z\",\n      \"__v\": 0,\n      \"created_by\": \"5e4839cd1c2d53001dcc0696\",\n      \"updated_by\": \"5e4839cd1c2d53001dcc0696\",\n      \"id\": \"5f66194c5ee4c9001d2b96a8\"\n    },\n    \"cv\": {\n      \"_id\": \"5f6362235ee4c9001d2b9670\",\n      \"name\": \"SimonRowe.pdf\",\n      \"alternativeText\": \"\",\n      \"caption\": \"\",\n      \"hash\": \"Simon_Rowe_5d1711d4bb\",\n      \"ext\": \".pdf\",\n      \"mime\": \"application/pdf\",\n      \"size\": 40.12,\n      \"url\": \"/uploads/Simon_Rowe_5d1711d4bb.pdf\",\n      \"provider\": \"local\",\n      \"width\": null,\n      \"height\": null,\n      \"related\": [\n        \"5e4925127b93ca001dfd520f\"\n      ],\n      \"createdAt\": \"2020-09-17T13:18:28.039Z\",\n      \"updatedAt\": \"2020-09-17T13:18:37.244Z\",\n      \"__v\": 0,\n      \"created_by\": \"5e4839cd1c2d53001dcc0696\",\n      \"updated_by\": \"5e4839cd1c2d53001dcc0696\",\n      \"id\": \"5f6362235ee4c9001d2b9670\"\n    },\n    \"updated_by\": {\n      \"_id\": \"5e4839cd1c2d53001dcc0696\",\n      \"username\": \"simon.rowe@gmail.com\",\n      \"createdAt\": \"2020-02-15T18:34:53.155Z\",\n      \"updatedAt\": \"2020-09-17T07:45:13.526Z\",\n      \"__v\": 0,\n      \"id\": \"5e4839cd1c2d53001dcc0696\"\n    },\n    \"location\": \"London\",\n    \"phoneNumber\": \"+447909083522\",\n    \"primaryEmail\": \"simon.rowe@gmail.com\",\n    \"secondaryEmail\": \"simon@simonjamesrowe.com\",\n    \"sidebarImage\": {\n      \"_id\": \"5fb12916acf551001dcb8287\",\n      \"name\": \"sidebar2_0083dc8019.jpg\",\n      \"alternativeText\": \"\",\n      \"caption\": \"\",\n      \"hash\": \"sidebar2_0083dc8019_e08d82a6c5\",\n      \"ext\": \".jpg\",\n      \"mime\": \"image/jpeg\",\n      \"size\": 11.81,\n      \"width\": 364,\n      \"height\": 379,\n      \"url\": \"/uploads/sidebar2_0083dc8019_e08d82a6c5.jpg\",\n      \"formats\": {\n        \"thumbnail\": {\n          \"name\": \"thumbnail_sidebar2_0083dc8019.jpg\",\n          \"hash\": \"thumbnail_sidebar2_0083dc8019_e08d82a6c5\",\n          \"ext\": \".jpg\",\n          \"mime\": \"image/jpeg\",\n          \"width\": 150,\n          \"height\": 156,\n          \"size\": 3.13,\n          \"path\": null,\n          \"url\": \"/uploads/thumbnail_sidebar2_0083dc8019_e08d82a6c5.jpg\"\n        }\n      },\n      \"provider\": \"local\",\n      \"related\": [\n        \"5e4925127b93ca001dfd520f\"\n      ],\n      \"createdAt\": \"2020-11-15T13:11:50.332Z\",\n      \"updatedAt\": \"2020-11-15T13:12:04.652Z\",\n      \"__v\": 0,\n      \"created_by\": \"5e4839cd1c2d53001dcc0696\",\n      \"updated_by\": \"5e4839cd1c2d53001dcc0696\",\n      \"id\": \"5fb12916acf551001dcb8287\"\n    },\n    \"mobileBackgroundImage\": {\n      \"_id\": \"5fb12920acf551001dcb8288\",\n      \"name\": \"mobile_Background_5fc07b7805.jpeg\",\n      \"alternativeText\": \"\",\n      \"caption\": \"\",\n      \"hash\": \"mobile_Background_5fc07b7805_c303f35431\",\n      \"ext\": \".jpeg\",\n      \"mime\": \"image/jpeg\",\n      \"size\": 203.07,\n      \"width\": 1650,\n      \"height\": 1100,\n      \"url\": \"/uploads/mobile_Background_5fc07b7805_c303f35431.jpeg\",\n      \"formats\": {\n        \"thumbnail\": {\n          \"name\": \"thumbnail_mobile_Background_5fc07b7805.jpeg\",\n          \"hash\": \"thumbnail_mobile_Background_5fc07b7805_c303f35431\",\n          \"ext\": \".jpeg\",\n          \"mime\": \"image/jpeg\",\n          \"width\": 234,\n          \"height\": 156,\n          \"size\": 9.84,\n          \"path\": null,\n          \"url\": \"/uploads/thumbnail_mobile_Background_5fc07b7805_c303f35431.jpeg\"\n        },\n        \"large\": {\n          \"name\": \"large_mobile_Background_5fc07b7805.jpeg\",\n          \"hash\": \"large_mobile_Background_5fc07b7805_c303f35431\",\n          \"ext\": \".jpeg\",\n          \"mime\": \"image/jpeg\",\n          \"width\": 1000,\n          \"height\": 667,\n          \"size\": 96.68,\n          \"path\": null,\n          \"url\": \"/uploads/large_mobile_Background_5fc07b7805_c303f35431.jpeg\"\n        },\n        \"medium\": {\n          \"name\": \"medium_mobile_Background_5fc07b7805.jpeg\",\n          \"hash\": \"medium_mobile_Background_5fc07b7805_c303f35431\",\n          \"ext\": \".jpeg\",\n          \"mime\": \"image/jpeg\",\n          \"width\": 750,\n          \"height\": 500,\n          \"size\": 61.43,\n          \"path\": null,\n          \"url\": \"/uploads/medium_mobile_Background_5fc07b7805_c303f35431.jpeg\"\n        },\n        \"small\": {\n          \"name\": \"small_mobile_Background_5fc07b7805.jpeg\",\n          \"hash\": \"small_mobile_Background_5fc07b7805_c303f35431\",\n          \"ext\": \".jpeg\",\n          \"mime\": \"image/jpeg\",\n          \"width\": 500,\n          \"height\": 333,\n          \"size\": 33.5,\n          \"path\": null,\n          \"url\": \"/uploads/small_mobile_Background_5fc07b7805_c303f35431.jpeg\"\n        }\n      },\n      \"provider\": \"local\",\n      \"related\": [\n        \"5e4925127b93ca001dfd520f\"\n      ],\n      \"createdAt\": \"2020-11-15T13:12:00.837Z\",\n      \"updatedAt\": \"2021-02-06T19:55:08.590Z\",\n      \"__v\": 0,\n      \"created_by\": \"5e4839cd1c2d53001dcc0696\",\n      \"updated_by\": \"5e4839cd1c2d53001dcc0696\",\n      \"id\": \"5fb12920acf551001dcb8288\"\n    },\n    \"id\": \"5e4925127b93ca001dfd520f\"\n  }\n]",
  "headers" : {
    "Content-Type" : "application/json"
  }
}

Response:
HTTP/1.1 200
Content-Type: [application/json]
Matched-Stub-Id: [0f9b11d0-bb74-44b6-8b07-557058a1ab78]

2025-10-04T09:13:48.546+01:00  INFO 46798 --- [api-gateway] [tp1504745102-85] [                                                 ] WireMock                                 : Request received:
127.0.0.1 - GET /social-medias

Accept: [application/json]
Accept-Encoding: [gzip, x-gzip, deflate]
Host: [localhost:10193]
Connection: [keep-alive]
User-Agent: [Apache-HttpClient/5.3.1 (Java/21.0.2)]



Matched response definition:
{
  "status" : 200,
  "body" : "[\n  {\n    \"type\": \"github\",\n    \"includeOnResume\": true,\n    \"_id\": \"5f63625a5ee4c9001d2b9672\",\n    \"link\": \"https://github.com/simonrowe\",\n    \"name\": \"Personal Github Account\",\n    \"createdAt\": \"2020-09-17T13:19:22.271Z\",\n    \"updatedAt\": \"2021-02-26T07:02:59.244Z\",\n    \"__v\": 0,\n    \"created_by\": {\n      \"_id\": \"5e4839cd1c2d53001dcc0696\",\n      \"username\": \"simon.rowe@gmail.com\",\n      \"createdAt\": \"2020-02-15T18:34:53.155Z\",\n      \"updatedAt\": \"2020-09-17T07:45:13.526Z\",\n      \"__v\": 0,\n      \"id\": \"5e4839cd1c2d53001dcc0696\"\n    },\n    \"updated_by\": {\n      \"_id\": \"5e4839cd1c2d53001dcc0696\",\n      \"username\": \"simon.rowe@gmail.com\",\n      \"createdAt\": \"2020-02-15T18:34:53.155Z\",\n      \"updatedAt\": \"2020-09-17T07:45:13.526Z\",\n      \"__v\": 0,\n      \"id\": \"5e4839cd1c2d53001dcc0696\"\n    },\n    \"id\": \"5f63625a5ee4c9001d2b9672\"\n  },\n  {\n    \"type\": \"github\",\n    \"includeOnResume\": true,\n    \"_id\": \"5f63627e5ee4c9001d2b9673\",\n    \"link\": \"https://github.com/simonjamesrowe\",\n    \"name\": \"Public org for all repos that make up www.simonjamesrowe.com\",\n    \"createdAt\": \"2020-09-17T13:19:58.141Z\",\n    \"updatedAt\": \"2021-02-26T07:03:13.133Z\",\n    \"__v\": 0,\n    \"created_by\": {\n      \"_id\": \"5e4839cd1c2d53001dcc0696\",\n      \"username\": \"simon.rowe@gmail.com\",\n      \"createdAt\": \"2020-02-15T18:34:53.155Z\",\n      \"updatedAt\": \"2020-09-17T07:45:13.526Z\",\n      \"__v\": 0,\n      \"id\": \"5e4839cd1c2d53001dcc0696\"\n    },\n    \"updated_by\": {\n      \"_id\": \"5e4839cd1c2d53001dcc0696\",\n      \"username\": \"simon.rowe@gmail.com\",\n      \"createdAt\": \"2020-02-15T18:34:53.155Z\",\n      \"updatedAt\": \"2020-09-17T07:45:13.526Z\",\n      \"__v\": 0,\n      \"id\": \"5e4839cd1c2d53001dcc0696\"\n    },\n    \"id\": \"5f63627e5ee4c9001d2b9673\"\n  },\n  {\n    \"type\": \"linkedin\",\n    \"includeOnResume\": true,\n    \"_id\": \"5f6362cb5ee4c9001d2b9674\",\n    \"link\": \"https://www.linkedin.com/in/simon-rowe-2a94ab1/\",\n    \"name\": \"Linkedin\",\n    \"createdAt\": \"2020-09-17T13:21:15.066Z\",\n    \"updatedAt\": \"2021-02-26T07:03:31.618Z\",\n    \"__v\": 0,\n    \"created_by\": {\n      \"_id\": \"5e4839cd1c2d53001dcc0696\",\n      \"username\": \"simon.rowe@gmail.com\",\n      \"createdAt\": \"2020-02-15T18:34:53.155Z\",\n      \"updatedAt\": \"2020-09-17T07:45:13.526Z\",\n      \"__v\": 0,\n      \"id\": \"5e4839cd1c2d53001dcc0696\"\n    },\n    \"updated_by\": {\n      \"_id\": \"5e4839cd1c2d53001dcc0696\",\n      \"username\": \"simon.rowe@gmail.com\",\n      \"createdAt\": \"2020-02-15T18:34:53.155Z\",\n      \"updatedAt\": \"2020-09-17T07:45:13.526Z\",\n      \"__v\": 0,\n      \"id\": \"5e4839cd1c2d53001dcc0696\"\n    },\n    \"id\": \"5f6362cb5ee4c9001d2b9674\"\n  },\n  {\n    \"type\": \"twitter\",\n    \"includeOnResume\": false,\n    \"_id\": \"5f6363205ee4c9001d2b9675\",\n    \"link\": \"https://twitter.com/rowe_simon\",\n    \"name\": \"Simon Rowe - Twitter\",\n    \"createdAt\": \"2020-09-17T13:22:40.566Z\",\n    \"updatedAt\": \"2020-09-17T13:22:40.573Z\",\n    \"__v\": 0,\n    \"created_by\": {\n      \"_id\": \"5e4839cd1c2d53001dcc0696\",\n      \"username\": \"simon.rowe@gmail.com\",\n      \"createdAt\": \"2020-02-15T18:34:53.155Z\",\n      \"updatedAt\": \"2020-09-17T07:45:13.526Z\",\n      \"__v\": 0,\n      \"id\": \"5e4839cd1c2d53001dcc0696\"\n    },\n    \"updated_by\": {\n      \"_id\": \"5e4839cd1c2d53001dcc0696\",\n      \"username\": \"simon.rowe@gmail.com\",\n      \"createdAt\": \"2020-02-15T18:34:53.155Z\",\n      \"updatedAt\": \"2020-09-17T07:45:13.526Z\",\n      \"__v\": 0,\n      \"id\": \"5e4839cd1c2d53001dcc0696\"\n    },\n    \"id\": \"5f6363205ee4c9001d2b9675\"\n  }\n]",
  "headers" : {
    "Content-Type" : "application/json"
  }
}

Response:
HTTP/1.1 200
Content-Type: [application/json]
Matched-Stub-Id: [97225f62-a06c-43d7-9004-2f15f723bcdd]

2025-10-04T09:13:48.559+01:00  INFO 46798 --- [api-gateway] [tp1504745102-87] [                                                 ] WireMock                                 : Request received:
127.0.0.1 - GET /skills

Accept: [application/json]
Accept-Encoding: [gzip, x-gzip, deflate]
Host: [localhost:10193]
Connection: [keep-alive]
User-Agent: [Apache-HttpClient/5.3.1 (Java/21.0.2)]



Matched response definition:
{
  "status" : 200,
  "body" : "[\n  {\n    \"includeOnResume\": false,\n    \"_id\": \"5f635b3f5ee4c9001d2b962f\",\n    \"name\": \"Java 8\",\n    \"rating\": 9,\n    \"order\": 1,\n    \"createdAt\": \"2020-09-17T12:49:03.944Z\",\n    \"updatedAt\": \"2020-09-21T20:44:17.441Z\",\n    \"__v\": 0,\n    \"created_by\": {\n      \"_id\": \"5e4839cd1c2d53001dcc0696\",\n      \"username\": \"simon.rowe@gmail.com\",\n      \"createdAt\": \"2020-02-15T18:34:53.155Z\",\n      \"updatedAt\": \"2020-09-17T07:45:13.526Z\",\n      \"__v\": 0,\n      \"id\": \"5e4839cd1c2d53001dcc0696\"\n    },\n    \"updated_by\": {\n      \"_id\": \"5e4839cd1c2d53001dcc0696\",\n      \"username\": \"simon.rowe@gmail.com\",\n      \"createdAt\": \"2020-02-15T18:34:53.155Z\",\n      \"updatedAt\": \"2020-09-17T07:45:13.526Z\",\n      \"__v\": 0,\n      \"id\": \"5e4839cd1c2d53001dcc0696\"\n    },\n    \"description\": \"- Generics\\n- Optional\\n- Lambdas\\n- Streams\\n- Date & Time\",\n    \"image\": {\n      \"_id\": \"5f6841c35ee4c9001d2b96aa\",\n      \"name\": \"java8_logo.png\",\n      \"alternativeText\": \"\",\n      \"caption\": \"\",\n      \"hash\": \"java8_logo_b017642616\",\n      \"ext\": \".png\",\n      \"mime\": \"image/png\",\n      \"size\": 41.06,\n      \"width\": 400,\n      \"height\": 427,\n      \"url\": \"/uploads/java8_logo_b017642616.png\",\n      \"formats\": {\n        \"thumbnail\": {\n          \"name\": \"thumbnail_java8_logo.png\",\n          \"hash\": \"thumbnail_java8_logo_b017642616\",\n          \"ext\": \".png\",\n          \"mime\": \"image/png\",\n          \"width\": 146,\n          \"height\": 156,\n          \"size\": 19.29,\n          \"path\": null,\n          \"url\": \"/uploads/thumbnail_java8_logo_b017642616.png\"\n        }\n      },\n      \"provider\": \"local\",\n      \"related\": [\n        \"5f635b3f5ee4c9001d2b962f\"\n      ],\n      \"createdAt\": \"2020-09-21T06:01:39.266Z\",\n      \"updatedAt\": \"2020-09-21T06:03:30.457Z\",\n      \"__v\": 0,\n      \"created_by\": \"5e4839cd1c2d53001dcc0696\",\n      \"updated_by\": \"5e4839cd1c2d53001dcc0696\",\n      \"id\": \"5f6841c35ee4c9001d2b96aa\"\n    },\n    \"jobs\": [\n      {\n        \"education\": false,\n        \"includeOnResume\": true,\n        \"attachments\": [],\n        \"skills\": [\n          \"5f635b3f5ee4c9001d2b962f\",\n          \"5f635b7e5ee4c9001d2b9633\",\n          \"5f635b8b5ee4c9001d2b9634\",\n          \"5f635bcd5ee4c9001d2b9636\",\n          \"5f635bf05ee4c9001d2b9637\",\n          \"5f635c1e5ee4c9001d2b963b\",\n          \"5f635c455ee4c9001d2b963e\",\n          \"5f635c745ee4c9001d2b9641\",\n          \"5f635c845ee4c9001d2b9642\",\n          \"5f635d645ee4c9001d2b964e\",\n          \"5f635d425ee4c9001d2b964d\",\n          \"5f635c185ee4c9001d2b963a\",\n          \"5f635da95ee4c9001d2b9653\",\n          \"5f635e405ee4c9001d2b965e\",\n          \"5f635e365ee4c9001d2b965d\",\n          \"5f635ea45ee4c9001d2b9666\",\n          \"602235769dc383001e945dd9\",\n          \"5f63608d5ee4c9001d2b966e\",\n          \"5f635b495ee4c9001d2b9630\",\n          \"5f635b6a5ee4c9001d2b9632\",\n          \"5f635ca45ee4c9001d2b9643\",\n          \"5f635bb85ee4c9001d2b9635\"\n        ],\n        \"_id\": \"5e5370e311c196001d06f917\",\n        \"title\": \"Senior Platform Architect\",\n        \"startDate\": \"2018-08-01\",\n        \"endDate\": \"2019-04-12\",\n        \"company\": \"Pivotal\",\n        \"companyUrl\": \"https://pivotal.io/\",\n        \"shortDescription\": \"Applications Focused Platform Architect specialising in cloud native development.\",\n        \"createdAt\": \"2020-02-24T06:44:51.218Z\",\n        \"updatedAt\": \"2021-02-26T22:37:22.370Z\",\n        \"__v\": 0,\n        \"companyImage\": {\n          \"_id\": \"5f6618165ee4c9001d2b969a\",\n          \"name\": \"pivotal (1).png\",\n          \"alternativeText\": \"\",\n          \"caption\": \"\",\n          \"hash\": \"pivotal_1_06ffe33158\",\n          \"ext\": \".png\",\n          \"mime\": \"image/jpeg\",\n          \"size\": 1.9,\n          \"width\": 200,\n          \"height\": 200,\n          \"url\": \"/uploads/pivotal_1_06ffe33158.png\",\n          \"formats\": {\n            \"thumbnail\": {\n              \"name\": \"thumbnail_pivotal (1).png\",\n              \"hash\": \"thumbnail_pivotal_1_06ffe33158\",\n              \"ext\": \".png\",\n              \"mime\": \"image/jpeg\",\n              \"width\": 156,\n              \"height\": 156,\n              \"size\": 1.52,\n              \"path\": null,\n              \"url\": \"/uploads/thumbnail_pivotal_1_06ffe33158.png\"\n            }\n          },\n          \"provider\": \"local\",\n          \"related\": [\n            \"5e5370e311c196001d06f917\"\n          ],\n          \"createdAt\": \"2020-09-19T14:39:18.005Z\",\n          \"updatedAt\": \"2021-02-08T08:20:54.295Z\",\n          \"__v\": 0,\n          \"created_by\": \"5e4839cd1c2d53001dcc0696\",\n          \"updated_by\": \"5e4839cd1c2d53001dcc0696\",\n          \"id\": \"5f6618165ee4c9001d2b969a\"\n        },\n        \"updated_by\": \"5e4839cd1c2d53001dcc0696\",\n        \"longDescription\": \"Applications focused platform architect, aiding clients to become successful by building cloud-native apps utilizing the Spring ecosystem and platforms like Cloud Foundry and Kubernetes.\\n\\nDuties included:\\n- Delivering Cloud-Native Developer and other workshops to a number of clients which contained topics (not limited to):\\n  - Introduction to Spring Boot\\n  - Reactive programming with Spring Boot and Project Reactor\\n  - Producer driven contracts with Spring Cloud Contract\\n  - Cloud Foundry and BOSH\\n  - The mechanics behind ```cf push``` and the service broker.\\n  - Buildpacks\\n  - Steeltoe\\n\\n- Speaking at the cloud-native meetups and webinars including the most ever subscribed webinar for Pivotal EMEA (at the time): [Securing microservices with Spring and Cloud Foundry](https://www.brighttalk.com/webcast/14883/345709/securing-microservices-with-spring-and-pivotal-cloud-foundry)\\n\\n- Pre-sales pitches to prospective clients outlining the positive outcomes of building cloud-native apps with spring and running them with Cloud Foundry.\",\n        \"location\": \"London\",\n        \"id\": \"5e5370e311c196001d06f917\"\n      },\n      {\n        \"education\": false,\n        \"includeOnResume\": true,\n        \"attachments\": [],\n        \"skills\": [\n          \"5f635b3f5ee4c9001d2b962f\",\n          \"5f635b8b5ee4c9001d2b9634\",\n          \"5f635c185ee4c9001d2b963a\",\n          \"5f635c2e5ee4c9001d2b963c\",\n          \"5f635c675ee4c9001d2b9640\",\n          \"5f635c745ee4c9001d2b9641\",\n          \"5f635c845ee4c9001d2b9642\",\n          \"5f635cb65ee4c9001d2b9644\",\n          \"5f635cc45ee4c9001d2b9645\",\n          \"5f635cdc5ee4c9001d2b9646\",\n          \"5f635ceb5ee4c9001d2b9647\",\n          \"5f635d045ee4c9001d2b9649\",\n          \"5f635d115ee4c9001d2b964a\",\n          \"5f635d1e5ee4c9001d2b964b\",\n          \"5f635d2c5ee4c9001d2b964c\",\n          \"5f635d425ee4c9001d2b964d\",\n          \"5f635d7e5ee4c9001d2b964f\",\n          \"5f635d875ee4c9001d2b9650\",\n          \"5f635d905ee4c9001d2b9651\",\n          \"5f635d9e5ee4c9001d2b9652\",\n          \"5f635da95ee4c9001d2b9653\",\n          \"5f635dbe5ee4c9001d2b9655\",\n          \"5f635dde5ee4c9001d2b9658\",\n          \"5f635e235ee4c9001d2b965b\",\n          \"5f635e595ee4c9001d2b965f\",\n          \"5f635e755ee4c9001d2b9662\",\n          \"5f635df45ee4c9001d2b965a\",\n          \"5f635de75ee4c9001d2b9659\",\n          \"5f635e7d5ee4c9001d2b9663\",\n          \"5f635e885ee4c9001d2b9664\",\n          \"5f635ea45ee4c9001d2b9666\",\n          \"5f635ee35ee4c9001d2b9668\",\n          \"602236d69dc383001e945ddc\",\n          \"6029446c9dc383001e945de9\",\n          \"5f635b6a5ee4c9001d2b9632\",\n          \"5f635bb85ee4c9001d2b9635\"\n        ],\n        \"_id\": \"5e53713a11c196001d06f91a\",\n        \"title\": \"Senior Director, Java Development\",\n        \"startDate\": \"2011-07-12\",\n        \"createdAt\": \"2020-02-24T06:46:18.484Z\",\n        \"updatedAt\": \"2021-02-26T22:37:22.370Z\",\n        \"__v\": 0,\n        \"company\": \"Universal Music Publishing\",\n        \"companyUrl\": \"https://www.umusicpub.com/\",\n        \"endDate\": \"2018-08-11\",\n        \"shortDescription\": \"Technology leader in cloud native development for business critical applications.\",\n        \"companyImage\": {\n          \"_id\": \"5f6618325ee4c9001d2b969c\",\n          \"name\": \"umpg.png\",\n          \"alternativeText\": \"\",\n          \"caption\": \"\",\n          \"hash\": \"umpg_121becd400\",\n          \"ext\": \".png\",\n          \"mime\": \"image/png\",\n          \"size\": 129.45,\n          \"width\": 400,\n          \"height\": 400,\n          \"url\": \"/uploads/umpg_121becd400.png\",\n          \"formats\": {\n            \"thumbnail\": {\n              \"name\": \"thumbnail_umpg.png\",\n              \"hash\": \"thumbnail_umpg_121becd400\",\n              \"ext\": \".png\",\n              \"mime\": \"image/png\",\n              \"width\": 156,\n              \"height\": 156,\n              \"size\": 31.14,\n              \"path\": null,\n              \"url\": \"/uploads/thumbnail_umpg_121becd400.png\"\n            }\n          },\n          \"provider\": \"local\",\n          \"related\": [\n            \"5e53713a11c196001d06f91a\"\n          ],\n          \"createdAt\": \"2020-09-19T14:39:46.169Z\",\n          \"updatedAt\": \"2021-02-08T08:15:39.296Z\",\n          \"__v\": 0,\n          \"created_by\": \"5e4839cd1c2d53001dcc0696\",\n          \"updated_by\": \"5e4839cd1c2d53001dcc0696\",\n          \"id\": \"5f6618325ee4c9001d2b969c\"\n        },\n        \"updated_by\": \"5e4839cd1c2d53001dcc0696\",\n        \"longDescription\": \"Responsible for architecture and delivery of greenfield internal and public facing business applications. Super scrum master, removing obstacles for four dynamic scrum teams. Frequent commiter.\\n\\nRe-architecture of multiple monoliths with single points of failure to AWS,resulting in scalable, fault tolerant software reducing the operational cost significantly.\\n\\nIntroduced automated testing as a development activity utilising technologies such as cucumber, selenium, docker which allows for far shorter release cycles.\\n\\nDesigned the company's first 'serverless' application at AWS, Utilising ECS Fargate, Lambda, SQS, SNS, ElasticSearch, S3.\",\n        \"location\": \"London\",\n        \"id\": \"5e53713a11c196001d06f91a\"\n      },\n      {\n        \"education\": false,\n        \"includeOnResume\": true,\n        \"attachments\": [],\n        \"skills\": [\n          \"5f635b3f5ee4c9001d2b962f\",\n          \"5f635c185ee4c9001d2b963a\",\n          \"5f635c845ee4c9001d2b9642\",\n          \"5f635dc55ee4c9001d2b9656\",\n          \"602942659dc383001e945de5\",\n          \"6029446c9dc383001e945de9\",\n          \"5f635bb85ee4c9001d2b9635\"\n        ],\n        \"_id\": \"5e5371ef11c196001d06f91d\",\n        \"title\": \"Senior Applications Developer\",\n        \"startDate\": \"2009-11-01\",\n        \"endDate\": \"2011-05-19\",\n        \"createdAt\": \"2020-02-24T06:49:19.909Z\",\n        \"updatedAt\": \"2021-02-26T22:37:22.370Z\",\n        \"__v\": 0,\n        \"company\": \"Workcover Queensland\",\n        \"companyUrl\": \"https://www.worksafe.qld.gov.au/\",\n        \"shortDescription\": \"Team Leader working on an external-facing self-service portal in addition to migration of internal business-critical Oracle Forms applications to Spring MVC.\",\n        \"companyImage\": {\n          \"_id\": \"5f6618515ee4c9001d2b969e\",\n          \"name\": \"workcover.jpg\",\n          \"alternativeText\": \"\",\n          \"caption\": \"\",\n          \"hash\": \"workcover_15d9bd50bd\",\n          \"ext\": \".jpg\",\n          \"mime\": \"image/jpeg\",\n          \"size\": 24.35,\n          \"width\": 896,\n          \"height\": 530,\n          \"url\": \"/uploads/workcover_15d9bd50bd.jpg\",\n          \"formats\": {\n            \"thumbnail\": {\n              \"name\": \"thumbnail_workcover.jpg\",\n              \"hash\": \"thumbnail_workcover_15d9bd50bd\",\n              \"ext\": \".jpg\",\n              \"mime\": \"image/jpeg\",\n              \"width\": 245,\n              \"height\": 145,\n              \"size\": 5.05,\n              \"path\": null,\n              \"url\": \"/uploads/thumbnail_workcover_15d9bd50bd.jpg\"\n            },\n            \"medium\": {\n              \"name\": \"medium_workcover.jpg\",\n              \"hash\": \"medium_workcover_15d9bd50bd\",\n              \"ext\": \".jpg\",\n              \"mime\": \"image/jpeg\",\n              \"width\": 750,\n              \"height\": 444,\n              \"size\": 19.38,\n              \"path\": null,\n              \"url\": \"/uploads/medium_workcover_15d9bd50bd.jpg\"\n            },\n            \"small\": {\n              \"name\": \"small_workcover.jpg\",\n              \"hash\": \"small_workcover_15d9bd50bd\",\n              \"ext\": \".jpg\",\n              \"mime\": \"image/jpeg\",\n              \"width\": 500,\n              \"height\": 296,\n              \"size\": 11.09,\n              \"path\": null,\n              \"url\": \"/uploads/small_workcover_15d9bd50bd.jpg\"\n            }\n          },\n          \"provider\": \"local\",\n          \"related\": [\n            \"5e5371ef11c196001d06f91d\"\n          ],\n          \"createdAt\": \"2020-09-19T14:40:17.127Z\",\n          \"updatedAt\": \"2020-09-19T14:40:20.116Z\",\n          \"__v\": 0,\n          \"created_by\": \"5e4839cd1c2d53001dcc0696\",\n          \"updated_by\": \"5e4839cd1c2d53001dcc0696\",\n          \"id\": \"5f6618515ee4c9001d2b969e\"\n        },\n        \"updated_by\": \"5e4839cd1c2d53001dcc0696\",\n        \"longDescription\": \"Analysis, Design, Development, Testing & Documentation of enhancements to internal and external facing web applications within an agile environment\\n\\nMentoring of less experienced developers\\n\\nTechnologies used: JEE, JSP, Spring, Ibatis, Tiles, HTML, JQuery, Oracle, Ruby, Cucumber, Watir, PowerMock, EasyMock, TeamCity, Weblogic. SVN, DWR, Jasper Reports, Eclipse, SVN, CVS, Apache FOP, XML, XSLT.\",\n        \"location\": \"Brisbane\",\n        \"id\": \"5e5371ef11c196001d06f91d\"\n      }\n    ],\n    \"blogs\": [\n      {\n        \"published\": true,\n        \"tags\": [\n          \"5f04154f9d8081001fd38fbb\",\n          \"5feed20367bdd6001e9c12cc\",\n          \"5feed20e67bdd6001e9c12cd\",\n          \"5f0390329d8081001fd38fa9\"\n        ],\n        \"skills\": [\n          \"5f63608d5ee4c9001d2b966e\",\n          \"5f635d905ee4c9001d2b9651\",\n          \"5f635b3f5ee4c9001d2b962f\",\n          \"5f635b495ee4c9001d2b9630\",\n          \"5f635b6a5ee4c9001d2b9632\",\n          \"5f635dd35ee4c9001d2b9657\"\n        ],\n        \"_id\": \"5feed01b67bdd6001e9c12c8\",\n        \"title\": \"Component Testing Spring Apps using Test Containers\",\n        \"shortDescription\": \"In this post we will look at how we can use test containers to perform component tests for Spring Boot applications.\",\n        \"createdAt\": \"2021-01-01T07:32:43.596Z\",\n        \"updatedAt\": \"2021-02-26T22:37:14.981Z\",\n        \"__v\": 0,\n        \"created_by\": \"5e4839cd1c2d53001dcc0696\",\n        \"image\": {\n          \"_id\": \"5feed11f67bdd6001e9c12ca\",\n          \"name\": \"testcontainers.png\",\n          \"alternativeText\": \"\",\n          \"caption\": \"\",\n          \"hash\": \"testcontainers_2f37d400f4\",\n          \"ext\": \".png\",\n          \"mime\": \"image/png\",\n          \"size\": 42,\n          \"width\": 1024,\n          \"height\": 512,\n          \"url\": \"/uploads/testcontainers_2f37d400f4.png\",\n          \"formats\": {\n            \"thumbnail\": {\n              \"name\": \"thumbnail_testcontainers.png\",\n              \"hash\": \"thumbnail_testcontainers_2f37d400f4\",\n              \"ext\": \".png\",\n              \"mime\": \"image/png\",\n              \"width\": 245,\n              \"height\": 122,\n              \"size\": 10.52,\n              \"path\": null,\n              \"url\": \"/uploads/thumbnail_testcontainers_2f37d400f4.png\"\n            },\n            \"large\": {\n              \"name\": \"large_testcontainers.png\",\n              \"hash\": \"large_testcontainers_2f37d400f4\",\n              \"ext\": \".png\",\n              \"mime\": \"image/png\",\n              \"width\": 1000,\n              \"height\": 500,\n              \"size\": 63.76,\n              \"path\": null,\n              \"url\": \"/uploads/large_testcontainers_2f37d400f4.png\"\n            },\n            \"medium\": {\n              \"name\": \"medium_testcontainers.png\",\n              \"hash\": \"medium_testcontainers_2f37d400f4\",\n              \"ext\": \".png\",\n              \"mime\": \"image/png\",\n              \"width\": 750,\n              \"height\": 375,\n              \"size\": 41.92,\n              \"path\": null,\n              \"url\": \"/uploads/medium_testcontainers_2f37d400f4.png\"\n            },\n            \"small\": {\n              \"name\": \"small_testcontainers.png\",\n              \"hash\": \"small_testcontainers_2f37d400f4\",\n              \"ext\": \".png\",\n              \"mime\": \"image/png\",\n              \"width\": 500,\n              \"height\": 250,\n              \"size\": 24.53,\n              \"path\": null,\n              \"url\": \"/uploads/small_testcontainers_2f37d400f4.png\"\n            }\n          },\n          \"provider\": \"local\",\n          \"related\": [\n            \"5feed01b67bdd6001e9c12c8\"\n          ],\n          \"createdAt\": \"2021-01-01T07:37:03.807Z\",\n          \"updatedAt\": \"2021-01-01T07:37:21.880Z\",\n          \"__v\": 0,\n          \"created_by\": \"5e4839cd1c2d53001dcc0696\",\n          \"updated_by\": \"5e4839cd1c2d53001dcc0696\",\n          \"id\": \"5feed11f67bdd6001e9c12ca\"\n        },\n        \"updated_by\": \"5e4839cd1c2d53001dcc0696\",\n        \"content\": \"If we look at the test pyramid, below the first dotted lines are the kinds of tests that provide developers the fastest possible feedback on whether their software does what they expect it to do. \\n\\n![test pyramid.png](/uploads/test_pyramid_20a291f0ee.png)\\n\\nUnit tests can be used to test individual classes, and can use mocks (using libraries like mockito, mockk or easy mock) to mock dependencies. But what about when we need to test whether our application can read and write from a database in the expected manner, or produce and consume from some messaging middleware like kafka or rabbitmq ? \\n\\n[Test Containers](https://www.testcontainers.org/) is a fantastic library where you can spin up docker containers  where you can run these kinds of tests. It has fantastic built in support for all sorts of technologies from nosql to rdbc datastores, kafka, in memory data grids like redis and so forth.  It has fantastic integration with JUnit5 and also Spring Boot.\\n\\nHere is an example of how we can write a simple component test to test an applications data access layer (DAO) where we are using postgres as the data store:\\n```java\\n@DataJpaTest\\n@ContextConfiguration(initializers = {SampleRepositoryComponentTest.Initializer.class})\\npublic class SampleRepositoryComponentTest {\\n\\n    @Autowired\\n    private SampleRepository sampleRepository;\\n\\n    @ClassRule\\n    public static PostgreSQLContainer postgreSQLContainer = new PostgreSQLContainer(\\\"postgres:11.1\\\")\\n      .withDatabaseName(\\\"test\\\")\\n      .withUsername(\\\"user\\\")\\n      .withPassword(\\\"password\\\");\\n\\n    static class Initializer\\n      implements ApplicationContextInitializer<ConfigurableApplicationContext> {\\n        public void initialize(ConfigurableApplicationContext configurableApplicationContext) {\\n            TestPropertyValues.of(\\n              \\\"spring.datasource.url=\\\" + postgreSQLContainer.getJdbcUrl(),\\n              \\\"spring.datasource.username=\\\" + postgreSQLContainer.getUsername(),\\n              \\\"spring.datasource.password=\\\" + postgreSQLContainer.getPassword()\\n            ).applyTo(configurableApplicationContext.getEnvironment());\\n        }\\n    }\\n\\n   @Test\\n   public void testInsertSampleRecords() {\\n      .....\\n   }\\n}\\n```\\n\\nPretty neat right ? We can create a @ClassRule to define what kind of test container we want, and then use a static class to provide the spring context with the appropriate properties so that it can create the Datasource and run the tests. \\n\\nIf we have a number of other repositories that need similar tests, we could easily start to see a lot of duplicated code creep in, as well as the fact that this container will only stay alive for the duration that tests on this class are being executed. If we had a number of other @DataJpaTest's as well as other integration tests, this overhead of spinning up and destroying containers could have a negative impact on the feedback cycle back to the developer.\\n\\nI have created my own library called component-test, that allows some simple annotations to be used when working with Spring Boot tests and test containers. You can check out the github repo [here](https://github.com/simonjamesrowe/component-test), and if you want to use this library you can simply include my nexus repository ```https://nexus-jx.simonjamesrowe.com/repository/maven-group/``` and include the test dependency ```testImplementation(\\\"com.simonjamesrowe:component-test:0.0.5\\\")```.\\n\\nIf we were to write a similar test to the one above using the component-test library it would look something like this:\\n```java\\n@ExtendWith(TestContainersExtension.class)\\n@WithPostgresContainer\\n@DataJpaTest\\npublic class SampleRepositoryComponentTest {\\n\\n  @Autowired\\n  private SampleRepository sampleRepository;\\n\\n   @Test\\n   public void testInsertSampleRecords() {\\n      .....\\n   }\\n}\\n```\\n\\nMost of the work here is done in the ```TestContainersExtension``` class, which looks at any annotation on the test class that extends ```@TestContainer``` annotation and co-ordinates the initialisation of the containers before the spring test context is started, and provides the test context with the relevant properties. At the time of this writing my projects caused me to support a number of containers (that all extend the ```@TestContainer``` annotation):\\n-  ```@WithElasticSearchContainer```\\n-  ```@WithMongoDbContainer```\\n-  ```@WithRedisContainer```\\n-  ```@WithVaultContainer```\\n\\nThe library also supports use of Embedded Kafka via a customised @EmbeddedKafka annotation. An example of how to use this is here:\\n\\n```java\\n@WithEmbeddedKafka\\n@DirtiesContext(classMode = DirtiesContext.ClassMode.BEFORE_CLASS)\\n@Import({TestKafkaListener.class, KafkaAutoConfiguration.class})\\npublic class EmbeddedKafkaTest extends BaseComponentTest {\\n\\n  @Autowired\\n  private KafkaTemplate kafkaTemplate;\\n\\n  @Autowired\\n  private TestKafkaListener testKafkaListener;\\n\\n  @Test\\n  public void testKafkaContainer() throws Exception {\\n    kafkaTemplate.send(\\\"test\\\", \\\"key\\\", \\\"Hello World\\\");\\n\\n    Failsafe.with(new RetryPolicy().withMaxRetries(5).withBackoff(1, 10, ChronoUnit.SECONDS))\\n        .get(() -> assertThat(testKafkaListener.getData()).isEqualTo(\\\"Hello World\\\")\\n        );\\n  }\\n}\\n\\n@Service\\n@Lazy\\nclass TestKafkaListener {\\n\\n  private String data;\\n\\n  public String getData() {\\n    return data;\\n  }\\n\\n  @KafkaListener(topics = \\\"test\\\", groupId = \\\"test\\\")\\n  public void listen(@Payload String messagePayload) {\\n    data = messagePayload;\\n  }\\n\\n}\\n```\\n\\nLast but not least, this library also includes support for wiremock. Simple add a json file containing these contents in the ```src/main/resources/META-INF/mappings``` directory: \\n```json\\n{\\n  \\\"request\\\": {\\n    \\\"method\\\": \\\"GET\\\",\\n    \\\"url\\\": \\\"/test\\\"\\n  },\\n  \\\"response\\\": {\\n    \\\"status\\\": 200,\\n    \\\"jsonBody\\\":  {\\n      \\\"hello\\\" : \\\"world\\\"\\n    },\\n    \\\"headers\\\": {\\n      \\\"Content-Type\\\": \\\"application/json\\\"\\n    }\\n  }\\n}\\n```\\n\\nAnd we can write a test that looks like this:\\n```java\\npublic class WiremockBootstrapContextTest extends BaseComponentTest {\\n\\n    @Value(\\\"http://localhost:${wiremock.server.port}/test\\\")\\n    private String testEndpoint;\\n\\n    @Test\\n    public void testCanAccessWiremockServer() {\\n        RestTemplate restTemplate = new RestTemplate();\\n        Map<String,String> helloWorld = restTemplate.getForObject(testEndpoint, Map.class);\\n        assertThat(helloWorld).containsEntry(\\\"hello\\\", \\\"world\\\");\\n    }\\n\\n}\\n```\\nThis is extremely useful if the service that we are performing component tests for is consuming some 3rd party api's via http(s). \",\n        \"id\": \"5feed01b67bdd6001e9c12c8\"\n      }\n    ],\n    \"id\": \"5f635b3f5ee4c9001d2b962f\"\n  },\n  {\n    \"includeOnResume\": true,\n    \"_id\": \"5f635b495ee4c9001d2b9630\",\n    \"name\": \"Java 9-11\",\n    \"rating\": 9,\n    \"createdAt\": \"2020-09-17T12:49:13.752Z\",\n    \"updatedAt\": \"2021-02-26T22:36:00.400Z\",\n    \"__v\": 0,\n    \"created_by\": {\n      \"_id\": \"5e4839cd1c2d53001dcc0696\",\n      \"username\": \"simon.rowe@gmail.com\",\n      \"createdAt\": \"2020-02-15T18:34:53.155Z\",\n      \"updatedAt\": \"2020-09-17T07:45:13.526Z\",\n      \"__v\": 0,\n      \"id\": \"5e4839cd1c2d53001dcc0696\"\n    },\n    \"updated_by\": {\n      \"_id\": \"5e4839cd1c2d53001dcc0696\",\n      \"username\": \"simon.rowe@gmail.com\",\n      \"createdAt\": \"2020-02-15T18:34:53.155Z\",\n      \"updatedAt\": \"2020-09-17T07:45:13.526Z\",\n      \"__v\": 0,\n      \"id\": \"5e4839cd1c2d53001dcc0696\"\n    },\n    \"description\": \"- **Convenience Factory Methods for Collections** â€“ collections can be now initialized using of() methods\\n- Local variable type inference(**var**)\\n- New handy Collectors to be used with unmodifiable collections: (Collectors.toUnmodifiableList(), Collectors.toUnmodifiableSet(), Collectors.toUnmodifiableMap()\\n- New utility methods in String class (isBlank, lines, repeat, strip, stripLeading, stripTrailing\\n- Local-Variable Syntax for Lambda Parameters\\n- HTTP Client\\n- Reading/Writing Strings to and from the Files\\n- Flight Recorder\",\n    \"image\": {\n      \"_id\": \"5f6844255ee4c9001d2b96ac\",\n      \"name\": \"java-11.png\",\n      \"alternativeText\": \"\",\n      \"caption\": \"\",\n      \"hash\": \"java_11_1056ba3fe8\",\n      \"ext\": \".png\",\n      \"mime\": \"image/png\",\n      \"size\": 6.4,\n      \"width\": 400,\n      \"height\": 225,\n      \"url\": \"/uploads/java_11_1056ba3fe8.png\",\n      \"formats\": {\n        \"thumbnail\": {\n          \"name\": \"thumbnail_java-11.png\",\n          \"hash\": \"thumbnail_java_11_1056ba3fe8\",\n          \"ext\": \".png\",\n          \"mime\": \"image/png\",\n          \"width\": 245,\n          \"height\": 138,\n          \"size\": 9.21,\n          \"path\": null,\n          \"url\": \"/uploads/thumbnail_java_11_1056ba3fe8.png\"\n        }\n      },\n      \"provider\": \"local\",\n      \"related\": [\n        \"5f635b495ee4c9001d2b9630\"\n      ],\n      \"createdAt\": \"2020-09-21T06:11:49.363Z\",\n      \"updatedAt\": \"2020-09-21T06:13:03.741Z\",\n      \"__v\": 0,\n      \"created_by\": \"5e4839cd1c2d53001dcc0696\",\n      \"updated_by\": \"5e4839cd1c2d53001dcc0696\",\n      \"id\": \"5f6844255ee4c9001d2b96ac\"\n    },\n    \"order\": 1,\n    \"jobs\": [\n      {\n        \"education\": false,\n        \"includeOnResume\": true,\n        \"attachments\": [],\n        \"skills\": [\n          \"5f635b7e5ee4c9001d2b9633\",\n          \"5f635b8b5ee4c9001d2b9634\",\n          \"5f635c0f5ee4c9001d2b9639\",\n          \"5f635c1e5ee4c9001d2b963b\",\n          \"5f635c2e5ee4c9001d2b963c\",\n          \"5f635c745ee4c9001d2b9641\",\n          \"5f635c845ee4c9001d2b9642\",\n          \"5f635d1e5ee4c9001d2b964b\",\n          \"5f635d2c5ee4c9001d2b964c\",\n          \"5f635d905ee4c9001d2b9651\",\n          \"5f635db55ee4c9001d2b9654\",\n          \"5f635e365ee4c9001d2b965d\",\n          \"5f635e235ee4c9001d2b965b\",\n          \"5f635e2c5ee4c9001d2b965c\",\n          \"5f635e405ee4c9001d2b965e\",\n          \"5f635e935ee4c9001d2b9665\",\n          \"5f635f025ee4c9001d2b966b\",\n          \"5f635c185ee4c9001d2b963a\",\n          \"5f635ceb5ee4c9001d2b9647\",\n          \"5f635cf75ee4c9001d2b9648\",\n          \"5f635d045ee4c9001d2b9649\",\n          \"5f635d115ee4c9001d2b964a\",\n          \"5f63608d5ee4c9001d2b966e\",\n          \"602234ba9dc383001e945dd6\",\n          \"5f635b495ee4c9001d2b9630\",\n          \"5f635b555ee4c9001d2b9631\",\n          \"5f635b6a5ee4c9001d2b9632\",\n          \"5f635ca45ee4c9001d2b9643\",\n          \"5f635eae5ee4c9001d2b9667\",\n          \"5f635ef75ee4c9001d2b966a\",\n          \"5f635e625ee4c9001d2b9660\",\n          \"5f635dd35ee4c9001d2b9657\",\n          \"5f635bb85ee4c9001d2b9635\"\n        ],\n        \"_id\": \"5e53704f11c196001d06f914\",\n        \"title\": \"Software Engineering Lead\",\n        \"startDate\": \"2019-04-15\",\n        \"company\": \"Upp Technologies\",\n        \"companyUrl\": \"https://upp.ai\",\n        \"shortDescription\": \"Hands-on lead engineer in a small cross-functional team.\\n\",\n        \"createdAt\": \"2020-02-24T06:42:23.147Z\",\n        \"updatedAt\": \"2021-02-26T22:37:22.370Z\",\n        \"__v\": 0,\n        \"endDate\": \"2020-05-01\",\n        \"companyImage\": {\n          \"_id\": \"6020f0499dc383001e945dd3\",\n          \"name\": \"upp.png\",\n          \"alternativeText\": \"\",\n          \"caption\": \"\",\n          \"hash\": \"upp_4780c5270b\",\n          \"ext\": \".png\",\n          \"mime\": \"image/png\",\n          \"size\": 2.21,\n          \"width\": 141,\n          \"height\": 106,\n          \"url\": \"/uploads/upp_4780c5270b.png\",\n          \"provider\": \"local\",\n          \"related\": [\n            \"5e53704f11c196001d06f914\"\n          ],\n          \"createdAt\": \"2021-02-08T08:03:21.134Z\",\n          \"updatedAt\": \"2021-02-08T08:03:37.545Z\",\n          \"__v\": 0,\n          \"created_by\": \"5e4839cd1c2d53001dcc0696\",\n          \"updated_by\": \"5e4839cd1c2d53001dcc0696\",\n          \"id\": \"6020f0499dc383001e945dd3\"\n        },\n        \"updated_by\": \"5e4839cd1c2d53001dcc0696\",\n        \"longDescription\": \"Lead Engineer working on all verticals (front end, backend, ops) of the Upp Intelligent Platform. Lead a small cross-functional team of 5 to deliver an event-driven, microservices architecture compromising of the following modules:\\n\\n* Onboarding - data ingestion from 3rd party product providers such as Magento, Shopify and others in conjunction with IPaas (Integration Platform as a Service) This module also consisted of a proprietary data mapping solution.\\n* Products - enrichment, bulk operations and search functionality (using an inverted index).\\n* Margin Hub - a suite of microservices integrating numerous different data points to report on product profitability and suggest intelligent actions to optimise margin.\\n\\n\\nIn addition to leading feature development, my role also comprised of promoting best practises amongst other agile teams including but not limited to:\\n\\n* Creating a customized version of spring initializr that generated skeleton services with all required libraries, Jenkins pipeline definitions, Kubernetes manifest files etc so developers could concentrate on delivering business logic and not plumbing;\\n* Spring Boot starter library for event sourcing\\n* Component testing using test containers\\n* Service - Service authentication using OIDC client credentials with keycloak.\",\n        \"location\": \"London\",\n        \"id\": \"5e53704f11c196001d06f914\"\n      },\n      {\n        \"education\": false,\n        \"includeOnResume\": true,\n        \"attachments\": [],\n        \"skills\": [\n          \"5f635b3f5ee4c9001d2b962f\",\n          \"5f635b7e5ee4c9001d2b9633\",\n          \"5f635b8b5ee4c9001d2b9634\",\n          \"5f635bcd5ee4c9001d2b9636\",\n          \"5f635bf05ee4c9001d2b9637\",\n          \"5f635c1e5ee4c9001d2b963b\",\n          \"5f635c455ee4c9001d2b963e\",\n          \"5f635c745ee4c9001d2b9641\",\n          \"5f635c845ee4c9001d2b9642\",\n          \"5f635d645ee4c9001d2b964e\",\n          \"5f635d425ee4c9001d2b964d\",\n          \"5f635c185ee4c9001d2b963a\",\n          \"5f635da95ee4c9001d2b9653\",\n          \"5f635e405ee4c9001d2b965e\",\n          \"5f635e365ee4c9001d2b965d\",\n          \"5f635ea45ee4c9001d2b9666\",\n          \"602235769dc383001e945dd9\",\n          \"5f63608d5ee4c9001d2b966e\",\n          \"5f635b495ee4c9001d2b9630\",\n          \"5f635b6a5ee4c9001d2b9632\",\n          \"5f635ca45ee4c9001d2b9643\",\n          \"5f635bb85ee4c9001d2b9635\"\n        ],\n        \"_id\": \"5e5370e311c196001d06f917\",\n        \"title\": \"Senior Platform Architect\",\n        \"startDate\": \"2018-08-01\",\n        \"endDate\": \"2019-04-12\",\n        \"company\": \"Pivotal\",\n        \"companyUrl\": \"https://pivotal.io/\",\n        \"shortDescription\": \"Applications Focused Platform Architect specialising in cloud native development.\",\n        \"createdAt\": \"2020-02-24T06:44:51.218Z\",\n        \"updatedAt\": \"2021-02-26T22:37:22.370Z\",\n        \"__v\": 0,\n        \"companyImage\": {\n          \"_id\": \"5f6618165ee4c9001d2b969a\",\n          \"name\": \"pivotal (1).png\",\n          \"alternativeText\": \"\",\n          \"caption\": \"\",\n          \"hash\": \"pivotal_1_06ffe33158\",\n          \"ext\": \".png\",\n          \"mime\": \"image/jpeg\",\n          \"size\": 1.9,\n          \"width\": 200,\n          \"height\": 200,\n          \"url\": \"/uploads/pivotal_1_06ffe33158.png\",\n          \"formats\": {\n            \"thumbnail\": {\n              \"name\": \"thumbnail_pivotal (1).png\",\n              \"hash\": \"thumbnail_pivotal_1_06ffe33158\",\n              \"ext\": \".png\",\n              \"mime\": \"image/jpeg\",\n              \"width\": 156,\n              \"height\": 156,\n              \"size\": 1.52,\n              \"path\": null,\n              \"url\": \"/uploads/thumbnail_pivotal_1_06ffe33158.png\"\n            }\n          },\n          \"provider\": \"local\",\n          \"related\": [\n            \"5e5370e311c196001d06f917\"\n          ],\n          \"createdAt\": \"2020-09-19T14:39:18.005Z\",\n          \"updatedAt\": \"2021-02-08T08:20:54.295Z\",\n          \"__v\": 0,\n          \"created_by\": \"5e4839cd1c2d53001dcc0696\",\n          \"updated_by\": \"5e4839cd1c2d53001dcc0696\",\n          \"id\": \"5f6618165ee4c9001d2b969a\"\n        },\n        \"updated_by\": \"5e4839cd1c2d53001dcc0696\",\n        \"longDescription\": \"Applications focused platform architect, aiding clients to become successful by building cloud-native apps utilizing the Spring ecosystem and platforms like Cloud Foundry and Kubernetes.\\n\\nDuties included:\\n- Delivering Cloud-Native Developer and other workshops to a number of clients which contained topics (not limited to):\\n  - Introduction to Spring Boot\\n  - Reactive programming with Spring Boot and Project Reactor\\n  - Producer driven contracts with Spring Cloud Contract\\n  - Cloud Foundry and BOSH\\n  - The mechanics behind ```cf push``` and the service broker.\\n  - Buildpacks\\n  - Steeltoe\\n\\n- Speaking at the cloud-native meetups and webinars including the most ever subscribed webinar for Pivotal EMEA (at the time): [Securing microservices with Spring and Cloud Foundry](https://www.brighttalk.com/webcast/14883/345709/securing-microservices-with-spring-and-pivotal-cloud-foundry)\\n\\n- Pre-sales pitches to prospective clients outlining the positive outcomes of building cloud-native apps with spring and running them with Cloud Foundry.\",\n        \"location\": \"London\",\n        \"id\": \"5e5370e311c196001d06f917\"\n      }\n    ],\n    \"blogs\": [\n      {\n        \"published\": true,\n        \"tags\": [\n          \"5f04154f9d8081001fd38fbb\",\n          \"5feed20367bdd6001e9c12cc\",\n          \"5feed20e67bdd6001e9c12cd\",\n          \"5f0390329d8081001fd38fa9\"\n        ],\n        \"skills\": [\n          \"5f63608d5ee4c9001d2b966e\",\n          \"5f635d905ee4c9001d2b9651\",\n          \"5f635b3f5ee4c9001d2b962f\",\n          \"5f635b495ee4c9001d2b9630\",\n          \"5f635b6a5ee4c9001d2b9632\",\n          \"5f635dd35ee4c9001d2b9657\"\n        ],\n        \"_id\": \"5feed01b67bdd6001e9c12c8\",\n        \"title\": \"Component Testing Spring Apps using Test Containers\",\n        \"shortDescription\": \"In this post we will look at how we can use test containers to perform component tests for Spring Boot applications.\",\n        \"createdAt\": \"2021-01-01T07:32:43.596Z\",\n        \"updatedAt\": \"2021-02-26T22:37:14.981Z\",\n        \"__v\": 0,\n        \"created_by\": \"5e4839cd1c2d53001dcc0696\",\n        \"image\": {\n          \"_id\": \"5feed11f67bdd6001e9c12ca\",\n          \"name\": \"testcontainers.png\",\n          \"alternativeText\": \"\",\n          \"caption\": \"\",\n          \"hash\": \"testcontainers_2f37d400f4\",\n          \"ext\": \".png\",\n          \"mime\": \"image/png\",\n          \"size\": 42,\n          \"width\": 1024,\n          \"height\": 512,\n          \"url\": \"/uploads/testcontainers_2f37d400f4.png\",\n          \"formats\": {\n            \"thumbnail\": {\n              \"name\": \"thumbnail_testcontainers.png\",\n              \"hash\": \"thumbnail_testcontainers_2f37d400f4\",\n              \"ext\": \".png\",\n              \"mime\": \"image/png\",\n              \"width\": 245,\n              \"height\": 122,\n              \"size\": 10.52,\n              \"path\": null,\n              \"url\": \"/uploads/thumbnail_testcontainers_2f37d400f4.png\"\n            },\n            \"large\": {\n              \"name\": \"large_testcontainers.png\",\n              \"hash\": \"large_testcontainers_2f37d400f4\",\n              \"ext\": \".png\",\n              \"mime\": \"image/png\",\n              \"width\": 1000,\n              \"height\": 500,\n              \"size\": 63.76,\n              \"path\": null,\n              \"url\": \"/uploads/large_testcontainers_2f37d400f4.png\"\n            },\n            \"medium\": {\n              \"name\": \"medium_testcontainers.png\",\n              \"hash\": \"medium_testcontainers_2f37d400f4\",\n              \"ext\": \".png\",\n              \"mime\": \"image/png\",\n              \"width\": 750,\n              \"height\": 375,\n              \"size\": 41.92,\n              \"path\": null,\n              \"url\": \"/uploads/medium_testcontainers_2f37d400f4.png\"\n            },\n            \"small\": {\n              \"name\": \"small_testcontainers.png\",\n              \"hash\": \"small_testcontainers_2f37d400f4\",\n              \"ext\": \".png\",\n              \"mime\": \"image/png\",\n              \"width\": 500,\n              \"height\": 250,\n              \"size\": 24.53,\n              \"path\": null,\n              \"url\": \"/uploads/small_testcontainers_2f37d400f4.png\"\n            }\n          },\n          \"provider\": \"local\",\n          \"related\": [\n            \"5feed01b67bdd6001e9c12c8\"\n          ],\n          \"createdAt\": \"2021-01-01T07:37:03.807Z\",\n          \"updatedAt\": \"2021-01-01T07:37:21.880Z\",\n          \"__v\": 0,\n          \"created_by\": \"5e4839cd1c2d53001dcc0696\",\n          \"updated_by\": \"5e4839cd1c2d53001dcc0696\",\n          \"id\": \"5feed11f67bdd6001e9c12ca\"\n        },\n        \"updated_by\": \"5e4839cd1c2d53001dcc0696\",\n        \"content\": \"If we look at the test pyramid, below the first dotted lines are the kinds of tests that provide developers the fastest possible feedback on whether their software does what they expect it to do. \\n\\n![test pyramid.png](/uploads/test_pyramid_20a291f0ee.png)\\n\\nUnit tests can be used to test individual classes, and can use mocks (using libraries like mockito, mockk or easy mock) to mock dependencies. But what about when we need to test whether our application can read and write from a database in the expected manner, or produce and consume from some messaging middleware like kafka or rabbitmq ? \\n\\n[Test Containers](https://www.testcontainers.org/) is a fantastic library where you can spin up docker containers  where you can run these kinds of tests. It has fantastic built in support for all sorts of technologies from nosql to rdbc datastores, kafka, in memory data grids like redis and so forth.  It has fantastic integration with JUnit5 and also Spring Boot.\\n\\nHere is an example of how we can write a simple component test to test an applications data access layer (DAO) where we are using postgres as the data store:\\n```java\\n@DataJpaTest\\n@ContextConfiguration(initializers = {SampleRepositoryComponentTest.Initializer.class})\\npublic class SampleRepositoryComponentTest {\\n\\n    @Autowired\\n    private SampleRepository sampleRepository;\\n\\n    @ClassRule\\n    public static PostgreSQLContainer postgreSQLContainer = new PostgreSQLContainer(\\\"postgres:11.1\\\")\\n      .withDatabaseName(\\\"test\\\")\\n      .withUsername(\\\"user\\\")\\n      .withPassword(\\\"password\\\");\\n\\n    static class Initializer\\n      implements ApplicationContextInitializer<ConfigurableApplicationContext> {\\n        public void initialize(ConfigurableApplicationContext configurableApplicationContext) {\\n            TestPropertyValues.of(\\n              \\\"spring.datasource.url=\\\" + postgreSQLContainer.getJdbcUrl(),\\n              \\\"spring.datasource.username=\\\" + postgreSQLContainer.getUsername(),\\n              \\\"spring.datasource.password=\\\" + postgreSQLContainer.getPassword()\\n            ).applyTo(configurableApplicationContext.getEnvironment());\\n        }\\n    }\\n\\n   @Test\\n   public void testInsertSampleRecords() {\\n      .....\\n   }\\n}\\n```\\n\\nPretty neat right ? We can create a @ClassRule to define what kind of test container we want, and then use a static class to provide the spring context with the appropriate properties so that it can create the Datasource and run the tests. \\n\\nIf we have a number of other repositories that need similar tests, we could easily start to see a lot of duplicated code creep in, as well as the fact that this container will only stay alive for the duration that tests on this class are being executed. If we had a number of other @DataJpaTest's as well as other integration tests, this overhead of spinning up and destroying containers could have a negative impact on the feedback cycle back to the developer.\\n\\nI have created my own library called component-test, that allows some simple annotations to be used when working with Spring Boot tests and test containers. You can check out the github repo [here](https://github.com/simonjamesrowe/component-test), and if you want to use this library you can simply include my nexus repository ```https://nexus-jx.simonjamesrowe.com/repository/maven-group/``` and include the test dependency ```testImplementation(\\\"com.simonjamesrowe:component-test:0.0.5\\\")```.\\n\\nIf we were to write a similar test to the one above using the component-test library it would look something like this:\\n```java\\n@ExtendWith(TestContainersExtension.class)\\n@WithPostgresContainer\\n@DataJpaTest\\npublic class SampleRepositoryComponentTest {\\n\\n  @Autowired\\n  private SampleRepository sampleRepository;\\n\\n   @Test\\n   public void testInsertSampleRecords() {\\n      .....\\n   }\\n}\\n```\\n\\nMost of the work here is done in the ```TestContainersExtension``` class, which looks at any annotation on the test class that extends ```@TestContainer``` annotation and co-ordinates the initialisation of the containers before the spring test context is started, and provides the test context with the relevant properties. At the time of this writing my projects caused me to support a number of containers (that all extend the ```@TestContainer``` annotation):\\n-  ```@WithElasticSearchContainer```\\n-  ```@WithMongoDbContainer```\\n-  ```@WithRedisContainer```\\n-  ```@WithVaultContainer```\\n\\nThe library also supports use of Embedded Kafka via a customised @EmbeddedKafka annotation. An example of how to use this is here:\\n\\n```java\\n@WithEmbeddedKafka\\n@DirtiesContext(classMode = DirtiesContext.ClassMode.BEFORE_CLASS)\\n@Import({TestKafkaListener.class, KafkaAutoConfiguration.class})\\npublic class EmbeddedKafkaTest extends BaseComponentTest {\\n\\n  @Autowired\\n  private KafkaTemplate kafkaTemplate;\\n\\n  @Autowired\\n  private TestKafkaListener testKafkaListener;\\n\\n  @Test\\n  public void testKafkaContainer() throws Exception {\\n    kafkaTemplate.send(\\\"test\\\", \\\"key\\\", \\\"Hello World\\\");\\n\\n    Failsafe.with(new RetryPolicy().withMaxRetries(5).withBackoff(1, 10, ChronoUnit.SECONDS))\\n        .get(() -> assertThat(testKafkaListener.getData()).isEqualTo(\\\"Hello World\\\")\\n        );\\n  }\\n}\\n\\n@Service\\n@Lazy\\nclass TestKafkaListener {\\n\\n  private String data;\\n\\n  public String getData() {\\n    return data;\\n  }\\n\\n  @KafkaListener(topics = \\\"test\\\", groupId = \\\"test\\\")\\n  public void listen(@Payload String messagePayload) {\\n    data = messagePayload;\\n  }\\n\\n}\\n```\\n\\nLast but not least, this library also includes support for wiremock. Simple add a json file containing these contents in the ```src/main/resources/META-INF/mappings``` directory: \\n```json\\n{\\n  \\\"request\\\": {\\n    \\\"method\\\": \\\"GET\\\",\\n    \\\"url\\\": \\\"/test\\\"\\n  },\\n  \\\"response\\\": {\\n    \\\"status\\\": 200,\\n    \\\"jsonBody\\\":  {\\n      \\\"hello\\\" : \\\"world\\\"\\n    },\\n    \\\"headers\\\": {\\n      \\\"Content-Type\\\": \\\"application/json\\\"\\n    }\\n  }\\n}\\n```\\n\\nAnd we can write a test that looks like this:\\n```java\\npublic class WiremockBootstrapContextTest extends BaseComponentTest {\\n\\n    @Value(\\\"http://localhost:${wiremock.server.port}/test\\\")\\n    private String testEndpoint;\\n\\n    @Test\\n    public void testCanAccessWiremockServer() {\\n        RestTemplate restTemplate = new RestTemplate();\\n        Map<String,String> helloWorld = restTemplate.getForObject(testEndpoint, Map.class);\\n        assertThat(helloWorld).containsEntry(\\\"hello\\\", \\\"world\\\");\\n    }\\n\\n}\\n```\\nThis is extremely useful if the service that we are performing component tests for is consuming some 3rd party api's via http(s). \",\n        \"id\": \"5feed01b67bdd6001e9c12c8\"\n      },\n      {\n        \"published\": true,\n        \"tags\": [\n          \"5f02da709d8081001fd38fa4\",\n          \"5e495da7bc8d7d001ddbd7c5\"\n        ],\n        \"skills\": [\n          \"5f635c1e5ee4c9001d2b963b\",\n          \"5f635f8f5ee4c9001d2b966c\",\n          \"5f635c2e5ee4c9001d2b963c\",\n          \"5f635c4f5ee4c9001d2b963f\",\n          \"5f635b495ee4c9001d2b9630\",\n          \"5f635b555ee4c9001d2b9631\",\n          \"5f635c375ee4c9001d2b963d\"\n        ],\n        \"_id\": \"5feed34e67bdd6001e9c12ce\",\n        \"title\": \"Adding Custom Gradle 6 Build Pack to Jenkins X\",\n        \"shortDescription\": \"In this post we will look at how to add a new custom build pack to Jenkins X so we can support builds using Gradle 6 and JDK 11.\",\n        \"createdAt\": \"2021-01-02T07:46:22.753Z\",\n        \"updatedAt\": \"2021-02-26T22:36:56.990Z\",\n        \"__v\": 0,\n        \"created_by\": \"5e4839cd1c2d53001dcc0696\",\n        \"image\": {\n          \"_id\": \"5f6853535ee4c9001d2b96c1\",\n          \"name\": \"Gradle_logo.png\",\n          \"alternativeText\": \"\",\n          \"caption\": \"\",\n          \"hash\": \"Gradle_logo_eec2d0b60b\",\n          \"ext\": \".png\",\n          \"mime\": \"image/png\",\n          \"size\": 7.59,\n          \"width\": 876,\n          \"height\": 306,\n          \"url\": \"/uploads/Gradle_logo_eec2d0b60b.png\",\n          \"formats\": {\n            \"thumbnail\": {\n              \"name\": \"thumbnail_Gradle_logo.png\",\n              \"hash\": \"thumbnail_Gradle_logo_eec2d0b60b\",\n              \"ext\": \".png\",\n              \"mime\": \"image/png\",\n              \"width\": 245,\n              \"height\": 86,\n              \"size\": 6.94,\n              \"path\": null,\n              \"url\": \"/uploads/thumbnail_Gradle_logo_eec2d0b60b.png\"\n            },\n            \"medium\": {\n              \"name\": \"medium_Gradle_logo.png\",\n              \"hash\": \"medium_Gradle_logo_eec2d0b60b\",\n              \"ext\": \".png\",\n              \"mime\": \"image/png\",\n              \"width\": 750,\n              \"height\": 262,\n              \"size\": 25.22,\n              \"path\": null,\n              \"url\": \"/uploads/medium_Gradle_logo_eec2d0b60b.png\"\n            },\n            \"small\": {\n              \"name\": \"small_Gradle_logo.png\",\n              \"hash\": \"small_Gradle_logo_eec2d0b60b\",\n              \"ext\": \".png\",\n              \"mime\": \"image/png\",\n              \"width\": 500,\n              \"height\": 175,\n              \"size\": 15.87,\n              \"path\": null,\n              \"url\": \"/uploads/small_Gradle_logo_eec2d0b60b.png\"\n            }\n          },\n          \"provider\": \"local\",\n          \"related\": [\n            \"5f635c1e5ee4c9001d2b963b\",\n            \"5feed34e67bdd6001e9c12ce\"\n          ],\n          \"createdAt\": \"2020-09-21T07:16:35.326Z\",\n          \"updatedAt\": \"2021-01-01T07:46:22.759Z\",\n          \"__v\": 0,\n          \"created_by\": \"5e4839cd1c2d53001dcc0696\",\n          \"updated_by\": \"5e4839cd1c2d53001dcc0696\",\n          \"id\": \"5f6853535ee4c9001d2b96c1\"\n        },\n        \"updated_by\": \"5e4839cd1c2d53001dcc0696\",\n        \"content\": \"Jenkins X supports quite a lot of build packs out of the box, but support for gradle build packs is quite limited. The [jenkins-x-kubernetes](https://github.com/jenkins-x-buildpacks/jenkins-x-kubernetes) does contain a gradle build pack, but the builder image only contains gradle 5 and JDK 8. Seeing as I wanted to use spring boot 2.3.3 (which requires gradle 6) and above to build the microservices that power this web application, and I also want to use kotlin and java 11, I will need to add this build pack myself.\\n\\nThe first thing I will need to do is provide an image for this. Luckily this is pretty easy as I can just copy the existing gradle builder image from [here](https://github.com/jenkins-x/jenkins-x-builders/blob/master/builder-gradle5/Dockerfile) and change a few things:\\n\\nHere is the result (all source code can also be found [here](https://github.com/simonjamesrowe/jenkinsx-buildpacks/))\\n```docker\\nFROM gcr.io/jenkinsxio/builder-base:0.0.86\\n\\nCMD [\\\"gradle\\\"]\\n\\nENV ANDROID_VERSION 4333796\\nENV ANDROID_HOME /opt/android-sdk-linux\\nENV PATH ${PATH}:${ANDROID_HOME}/tools:${ANDROID_HOME}/tools/bin:${ANDROID_HOME}/platform-tools\\n\\nRUN yum install -y java-11-openjdk-devel\\n\\nENV GRADLE_HOME /opt/gradle\\nENV GRADLE_VERSION 6.5.1\\n\\nRUN set -o errexit -o nounset \\\\\\n    && echo \\\"Set URLS\\\" \\\\\\n    && GRADLE_URL=\\\"https://services.gradle.org/distributions/gradle-${GRADLE_VERSION}-bin.zip\\\" \\\\\\n    && SHA256_URL=\\\"${GRADLE_URL}.sha256\\\" \\\\\\n    \\\\\\n    && echo \\\"Determine sha256sum\\\" \\\\\\n    && GRADLE_DOWNLOAD_SHA256=$(curl -sLf \\\"${SHA256_URL}\\\") \\\\\\n    \\\\\\n\\t&& echo \\\"Downloading Gradle\\\" \\\\\\n\\t&& wget -q -O gradle.zip \\\"${GRADLE_URL}\\\" \\\\\\n\\t\\\\\\n\\t&& echo \\\"Checking download hash\\\" \\\\\\n\\t&& echo \\\"${GRADLE_DOWNLOAD_SHA256} *gradle.zip\\\" | sha256sum -c - \\\\\\n\\t\\\\\\n\\t&& echo \\\"Installing Gradle\\\" \\\\\\n\\t&& unzip -q gradle.zip \\\\\\n\\t&& rm gradle.zip \\\\\\n\\t&& mkdir -p /opt \\\\\\n\\t&& mv \\\"gradle-${GRADLE_VERSION}\\\" \\\"${GRADLE_HOME}/\\\" \\\\\\n\\t&& ln -s \\\"${GRADLE_HOME}/bin/gradle\\\" /usr/bin/gradle\\n\\nRUN gradle --version\\n\\n# jx\\nENV JX_VERSION 2.1.153\\nRUN curl -f -L https://github.com/jenkins-x/jx/releases/download/v${JX_VERSION}/jx-linux-amd64.tar.gz | tar xzv && \\\\\\n  mv jx /usr/bin/\\n```\\n\\nThe image can be built and pushed with the following commands (we will also need docker login)\\n```shell\\ndocker build -t simonjamesrowe/gradle6-java11:2020-26-12 .\\ndocker push simonjamesrowe/gradle6-java11:2020-26-12\\n```\\n\\nNow that the image has been pushed to the container registry the next thing we will need to think about is defining the build pod template. This template is something which jenkins x and tekton use to spin up pods in kubernetes which run these builds. In order to do this we will need to make some modifications to the jenkins-x control plane, which has its own gitops repo (which can be found [here](https://github.com/simonjamesrowe/environment-simonjamesrowe-dev)). \\n\\nI want to define a kubernetes secret that contains a gradle initialisation script that can be used to define where our nexus repository lives, and also credentials for publishing artefacts to this repository. The following helm values can be defined in ```env/values.tmpl.yaml```:\\n```yaml\\ngradle:\\n  initScript: |-\\n    allprojects {\\n\\n        apply plugin: 'maven-publish'\\n\\n        repositories {\\n            maven {\\n                url \\\"http://nexus/repository/maven-group/\\\"\\n            }\\n            mavenCentral()\\n        }\\n\\n      publishing {\\n            repositories {\\n                maven {\\n                    def releasesRepoUrl = \\\"http://nexus/repository/maven-releases/\\\"\\n                    def snapshotsRepoUrl = \\\"http://nexus/repository/maven-snapshots/\\\"\\n                    url = version.endsWith('SNAPSHOT') ? snapshotsRepoUrl : releasesRepoUrl\\n                    credentials {\\n                        username \\\"{{ .Parameters.adminUser.username }}\\\"\\n                        password \\\"{{ .Parameters.adminUser.password }}\\\"\\n                    }\\n                }\\n            }\\n        }\\n\\n       configurations.all {\\n          resolutionStrategy.cacheChangingModulesFor 0, 'seconds'\\n          resolutionStrategy.cacheDynamicVersionsFor 0, 'seconds'\\n       }\\n    }\\n```\\nThen the secret can be defined in ```env/templates/jenkins-gradle-secret.yaml```:\\n```yaml\\napiVersion: v1\\nkind: Secret\\ntype: Opaque\\nmetadata:\\n  name: jenkins-gradle-init\\ndata:\\n  init.gradle: {{ .Values.gradle.initScript | b64enc }}\\n```\\n\\nFor the build pod template, this will require some more values to be defined in ```env/jenkins-x-platform/values.tmpl.yaml```:\\n```yaml\\njenkins:\\n  Agent:\\n    PodTemplates:\\n      Gradle6-Java11:\\n        Name: gradle6-java11\\n        Label: jenkins-gradle6-java11\\n        DevPodPorts: 5005, 8080\\n        volumes:\\n          - type: Secret\\n            secretName: jenkins-docker-cfg\\n            mountPath: /home/jenkins/.docker\\n          - type: Secret\\n            secretName: jenkins-release-gpg\\n            mountPath: /home/jenkins/.gnupg\\n          - type: Secret\\n            secretName: jenkins-gradle-init\\n            mountPath: /home/jenkins/.gradle\\n        EnvVars:\\n          GIT_COMMITTER_EMAIL: jenkins-x@googlegroups.com\\n          GIT_AUTHOR_EMAIL: jenkins-x@googlegroups.com\\n          GIT_AUTHOR_NAME: jenkins-x-bot\\n          GIT_COMMITTER_NAME: jenkins-x-bot\\n          XDG_CONFIG_HOME: /home/jenkins\\n          DOCKER_CONFIG: /home/jenkins/.docker/\\n        ServiceAccount: jenkins\\n        Containers:\\n          Gradle6-Java11:\\n            Image: simonjamesrowe/gradle6-java11:2020-12-26\\n            Privileged: true\\n            RequestCpu: \\\"400m\\\"\\n            RequestMemory: \\\"512Mi\\\"\\n            LimitCpu: \\\"1\\\"\\n            Command: \\\"/bin/sh -c\\\"\\n            Args: \\\"cat\\\"\\n            Tty: true\\n```\\n\\nThe next thing to do is define the tekton pipeline. I have another my github repo containing buildpacks [jenkinsx-buildpacks](https://github.com/simonjamesrowe/jenkinsx-buildpacks). In ```packs/gradle6-java11/pipeline.yaml, we define the tekton pipeline:\\n```yaml\\nagent:\\n  label: jenkins-gradle6-java11\\n  container: gradle6-java11\\npipelines:\\n  pullRequest:\\n    build:\\n      steps:\\n        - sh: echo \\\\$(jx-release-version)-SNAPSHOT > VERSION\\n          name: next-version\\n          comment: so we can retrieve the version in later steps\\n        - sh: gradle -I /home/jenkins/.gradle/init.gradle clean build publish -Pversion=\\\\$(cat VERSION) --info\\n          name: gradle-build\\n  release:\\n    setVersion:\\n      steps:\\n        - sh: echo \\\\$(jx-release-version) > VERSION\\n          name: next-version\\n          comment: so we can retrieve the version in later step\\n        - sh: jx step tag --version \\\\$(cat VERSION)\\n          name: tag-version\\n    build:\\n      steps:\\n        - sh: gradle -I /home/jenkins/.gradle/init.gradle clean build publish -Pversion=\\\\$(cat VERSION) --info\\n          name: gradle-build\\n```\\nPay attention to the ```agent.label``` which specifies the build pod template to use (i.e. the one that has been defined above).  Here we also have 2 pipelines, one for a pull request that simply publishes a snapshot to the nexus repository (which is part of the jenkins x control plane), and another one for master. Also you can see that ```-I /home/jenkins/.gradle/init.gradle``` is also included so that we can run the initialisation script that we defined in a k8s secret above. In this example the secret is mounted into the container as a volume.\\n\\nLastly, we will need to tell jx about the git repository that we are using to host our build packs. This can be simply added to the ```jx-requirements.yml``` file\\n```yaml\\nbuildPacks:\\n  buildPackLibrary:\\n    gitRef: master\\n    gitURL: https://github.com/simonjamesrowe/jenkinsx-buildpacks.git\\n    name: simonjamesrowe\\n```\\nAnd of course we will need to run ```jx boot``` to update our control plane with all of the changes that we have made:\\n- gradle init script k8s secret\\n- build pod template\\n- custom build pack library configuration.\\n\\nNow we can use this build pack in order to build [https://github.com/simonjamesrowe/component-test](https://github.com/simonjamesrowe/component-test).  See ```jenkins-x.yml```:\\n```yaml\\nbuildPack: gradle6-java11\\n```\\n\\nWe can see that this project now deploys artefacts to nexus:\\n![nexus-component-test.png](/uploads/nexus_component_test_7e8f5aea69.png)\\n\",\n        \"id\": \"5feed34e67bdd6001e9c12ce\"\n      },\n      {\n        \"published\": true,\n        \"tags\": [\n          \"5f02da709d8081001fd38fa4\",\n          \"5feed20367bdd6001e9c12cc\"\n        ],\n        \"skills\": [\n          \"5f635f8f5ee4c9001d2b966c\",\n          \"5f635b495ee4c9001d2b9630\",\n          \"5f635b555ee4c9001d2b9631\",\n          \"5f635b6a5ee4c9001d2b9632\",\n          \"5f635c375ee4c9001d2b963d\"\n        ],\n        \"_id\": \"5feed4c667bdd6001e9c12d0\",\n        \"title\": \"Creating custom version of Spring Initializr\",\n        \"shortDescription\": \"In this post we will look at forking the start.spring.io github repo to create a customised version of the spring initializr that will generate skeleton apps that can be imported into jenkins x.\",\n        \"createdAt\": \"2021-01-03T07:52:38.827Z\",\n        \"updatedAt\": \"2021-02-26T22:36:56.990Z\",\n        \"__v\": 0,\n        \"created_by\": \"5e4839cd1c2d53001dcc0696\",\n        \"image\": {\n          \"_id\": \"5f6851a85ee4c9001d2b96af\",\n          \"name\": \"spring-boot.jpeg\",\n          \"alternativeText\": \"\",\n          \"caption\": \"\",\n          \"hash\": \"spring_boot_5ee37de4c1\",\n          \"ext\": \".jpeg\",\n          \"mime\": \"image/png\",\n          \"size\": 7.98,\n          \"width\": 400,\n          \"height\": 400,\n          \"url\": \"/uploads/spring_boot_5ee37de4c1.jpeg\",\n          \"formats\": {\n            \"thumbnail\": {\n              \"name\": \"thumbnail_spring-boot.jpeg\",\n              \"hash\": \"thumbnail_spring_boot_5ee37de4c1\",\n              \"ext\": \".jpeg\",\n              \"mime\": \"image/png\",\n              \"width\": 156,\n              \"height\": 156,\n              \"size\": 5.21,\n              \"path\": null,\n              \"url\": \"/uploads/thumbnail_spring_boot_5ee37de4c1.jpeg\"\n            }\n          },\n          \"provider\": \"local\",\n          \"related\": [\n            \"5f635b6a5ee4c9001d2b9632\",\n            \"5feed4c667bdd6001e9c12d0\"\n          ],\n          \"createdAt\": \"2020-09-21T07:09:28.458Z\",\n          \"updatedAt\": \"2021-01-01T21:02:32.991Z\",\n          \"__v\": 0,\n          \"created_by\": \"5e4839cd1c2d53001dcc0696\",\n          \"updated_by\": \"5e4839cd1c2d53001dcc0696\",\n          \"id\": \"5f6851a85ee4c9001d2b96af\"\n        },\n        \"updated_by\": \"5e4839cd1c2d53001dcc0696\",\n        \"content\": \"The spring initializr [start.spring.io](https://start.spring.io) allows developers to get up and running quickly when developing spring boot based microservices. It generates a skeleton spring boot project with the specified dependencies that you can easily import into your IDE (or trigger generation directly from your IDE)\\n![start-spring-io.png](/uploads/start_spring_io_f4e9eaab9b.png)\\n\\n This website [www.simonjamesrowe.com](https://www.simonjamesrowe.com) is currently fairly limited in terms of functionality, but I would like to keep adding to it in my spare time. I have chosen to use Jenkins X for my CI/CD pipelines and Kubernetes as the container orchestrator to run my microservices, so it would be nice if I could have my own version of the spring initializr that did the following:\\n- Generated Dockerfile and skaffold template for image definition.\\n- Generated the helm charts that the services would use when deploying to Kubernetes\\n- Automatically add the nexus repository that is part of the jenkins x control plane to ```build.gradle.kts``` and also allow the component-test library to be automatically included\\n-  Generation of the ```jenkins-x.yml``` Jenkins X pipeline declaration file.\\n\\nIn the future it would also be nice for this version to also automatically create the project in github as well as importing into Jenkins X (*but this can wait for v2 or v3*).\\n\\nSo where to begin? Firstly lets fork the repository ([https://github.com/spring-io/start.spring.io](https://github.com/spring-io/start.spring.io)). The repository contains a multi-module maven project that consists of:\\n- start-client - a react SPA (single page application)\\n- start-site - a spring boot application that includes start-client as a web-jar and also contains the various REST endpoints that the react client consumes.\\n\\n\\nLet look at our first requirement, we want to be able to generate new files. We can do this by implementing an interface named ```ProjectContributor```. I have defined an abstract ProjectContributor that the rest of the Contributors extend:\\n```java\\npublic abstract class BaseProjectContributor implements ProjectContributor {\\n\\n\\t@Autowired\\n\\tprotected MutableProjectDescription mutableProjectDescription;\\n\\n\\t@Autowired(required = false)\\n\\tprotected GradleBuild gradleBuild;\\n\\n\\t@Autowired\\n\\tprotected Cache cache;\\n\\n\\tprotected MustacheTemplateRenderer mustacheTemplateRenderer;\\n\\n\\t@PostConstruct\\n\\tpublic void postInit() {\\n\\t\\tmustacheTemplateRenderer = new MustacheTemplateRenderer(\\\"classpath:/templates/\\\", cache);\\n\\t}\\n\\n\\tprotected Map<String, ?> parameters() {\\n\\t\\treturn Map.of(\\\"artifactId\\\", mutableProjectDescription.getArtifactId());\\n\\t}\\n\\n\\tprotected boolean isLib() {\\n\\t\\treturn mutableProjectDescription.getArtifactId().startsWith(\\\"lib\\\");\\n\\t}\\n\\n\\tprotected boolean isService() {\\n\\t\\treturn !isLib();\\n\\t}\\n\\n\\tprotected boolean isGradleBuild() {\\n\\t\\treturn gradleBuild != null;\\n\\t}\\n\\n\\t@Override\\n\\tpublic int getOrder() {\\n\\t\\treturn 0;\\n\\t}\\n\\n}\\n```\\n\\nAs we can see in the code snippet above, this uses [moustache templates](https://mustache.github.io/). Lets look at the following:\\n```java\\npublic class SkaffoldContributor extends BaseProjectContributor {\\n\\n\\t@Override\\n\\tpublic void contribute(Path path) throws IOException {\\n\\t\\tif (isLib()) {\\n\\t\\t\\treturn;\\n\\t\\t}\\n\\t\\tPath file = Files.createFile(path.resolve(\\\"skaffold.yml\\\"));\\n\\t\\tPrintWriter writer = new PrintWriter(Files.newBufferedWriter(file));\\n\\t\\twriter.println(mustacheTemplateRenderer.render(\\\"ms/skaffold.yaml\\\", parameters()));\\n\\t\\twriter.close();\\n\\t}\\n\\n}\\n```\\n\\n```src/main/resources/tempaltes/ms/skaffold.yaml.moustache```\\n```yaml\\napiVersion: skaffold/v1beta2\\nkind: Config\\nbuild:\\n  artifacts:\\n    - image: simonjamesrowe/{{artifactId}}\\n      context: .\\n      docker: {}\\n  tagPolicy:\\n    envTemplate:\\n{{=<% %>=}}\\n      template: '{{.DOCKER_REGISTRY}}/{{.IMAGE_NAME}}:{{.VERSION}}'\\n<%={{ }}=%>\\n  local: {}\\ndeploy:\\n  kubectl: {}\\nprofiles:\\n  - name: dev\\n    build:\\n      tagPolicy:\\n        envTemplate:\\n{{=<% %>=}}\\n          template: '{{.DOCKER_REGISTRY}}/{{.IMAGE_NAME}}:{{.DIGEST_HEX}}'\\n<%={{ }}=%>\\n      local: {}\\n    deploy:\\n      helm:\\n        releases:\\n          - name: {{artifactId}}\\n            chartPath: charts/{{artifactId}}\\n            setValueTemplates:\\n{{=<% %>=}}\\n              image.repository: '{{.DOCKER_REGISTRY}}/{{.IMAGE_NAME}}'\\n              image.tag: '{{.DIGEST_HEX}}'<%={{ }}=%>\\n\\n```\\n\\nThis will generate a file that looks like this:\\n![skaffold-generation.png](/uploads/skaffold_generation_a3e6a9dda0.png)\\n\\nNext let's look at how we can customize our ```build.gradle.kts```. We can define a class that extends BuildCustomizer:\\n```java\\npublic class GradleBuildCustomiser extends KotlinDslGradleBuildWriter implements BuildCustomizer<GradleBuild> {\\n\\n\\t@Autowired\\n\\tprivate MutableProjectDescription mutableProjectDescription;\\n\\n\\t@Override\\n\\tpublic void customize(GradleBuild build) {\\n\\t\\tbuild.repositories().add(MavenRepository\\n\\t\\t\\t\\t.withIdAndUrl(\\\"simonjamesrowe\\\", \\\"https://nexus-jx.simonjamesrowe.com/repository/maven-group/\\\").build());\\n\\t\\tbuild.dependencies().add(\\\"component-test\\\");\\n\\t}\\n\\n\\t@Override\\n\\tprotected void writeTasks(IndentingWriter writer, GradleTaskContainer tasks) {\\n\\t\\tif (mutableProjectDescription.getArtifactId().startsWith(\\\"lib\\\")) {\\n\\t\\t\\tString extraTasks = \\\"\\\\ntasks.getByName<Jar>(\\\\\\\"jar\\\\\\\") {\\\\n\\\" + \\\"\\\\tenabled = true\\\\n\\\" + \\\"}\\\\n\\\" + \\\"\\\\n\\\"\\n\\t\\t\\t\\t\\t+ \\\"tasks.getByName<Jar>(\\\\\\\"bootJar\\\\\\\") {\\\\n\\\" + \\\"\\\\tenabled = false\\\\n\\\" + \\\"}\\\";\\n\\t\\t\\twriter.println(extraTasks);\\n\\t\\t}\\n\\n\\t\\tString publishing = \\\"\\\\npublishing {\\\\n\\\" + \\\"\\\\tpublications {\\\\n\\\" + \\\"\\\\t\\\\tcreate<MavenPublication>(\\\\\\\"maven\\\\\\\") {\\\\n\\\"\\n\\t\\t\\t\\t+ \\\"\\\\t\\\\t\\\\tfrom(components[\\\\\\\"java\\\\\\\"])\\\\n\\\" + \\\"\\\\t\\\\t}\\\\n\\\" + \\\"\\\\t}\\\\n\\\" + \\\"}\\\";\\n\\t\\twriter.println(publishing);\\n\\t}\\n\\n\\t@Override\\n\\tpublic int getOrder() {\\n\\t\\treturn 0;\\n\\t}\\n\\n}\\n```\\n\\nThis will simply disable bootJar task for libraries (like component-test) and also configure the maven-publish plugin, as well as adding the component-test dependency (see ```src/main/resources/application.yml``` for more configuration of dependencies, repositories, languages, build tools).\\n\\nWe will need to ensure that these classes ```GradleBuildCustomiser``` and ```SkaffoldContributor``` are spring beans, so we have a @Configuration class for this:\\n```java\\n@Configuration\\npublic class Config {\\n\\n\\t@Bean\\n\\t@Primary\\n\\tpublic GradleBuildCustomiser gradleBuildCustomiser() {\\n\\t\\treturn new GradleBuildCustomiser();\\n\\t}\\n\\n\\t@Bean\\n\\tpublic DockerfileManifestContributor dockerfileManifestContributor() {\\n\\t\\treturn new DockerfileManifestContributor();\\n\\t}\\n\\n\\t@Bean\\n\\tpublic HelmContributor helmContributor() {\\n\\t\\treturn new HelmContributor();\\n\\t}\\n\\n\\t@Bean\\n\\tpublic JenkinsPipelineContributor jenkinsPipelineContributor() {\\n\\t\\treturn new JenkinsPipelineContributor();\\n\\t}\\n\\n\\t@Bean\\n\\tpublic SkaffoldContributor skaffoldContributor() {\\n\\t\\treturn new SkaffoldContributor();\\n\\t}\\n\\n\\t@Bean\\n\\tpublic Cache templatesCache() {\\n\\t\\treturn new ConcurrentMapCache(\\\"templatesCache\\\");\\n\\t}\\n\\n}\\n```\\n\\nAlso as I have placed all of my classes in the ```com.simonjamesrowe``` package,  the ```src/main/resources/META-INF/spring.factories``` will need to be changed so that it picks up configuration from this package:\\n```properties\\nio.spring.initializr.generator.project.ProjectGenerationConfiguration=\\\\\\nio.spring.start.site.extension.build.gradle.GradleProjectGenerationConfiguration,\\\\\\nio.spring.start.site.extension.build.maven.MavenProjectGenerationConfiguration,\\\\\\n.....\\ncom.simonjamesrowe.initializr.Config  \\n```\\n\\nAnd with a bit of help from Jenkins X, the final result is here: [start.simonjamesrowe.com](https://start.simonjamesrowe.com). All source code can be found [here](https://github.com/simonjamesrowe/start.spring.io).\\n\\n![simon-initializr.png](/uploads/simon_initializr_5121135095.png)\",\n        \"id\": \"5feed4c667bdd6001e9c12d0\"\n      }\n    ],\n    \"id\": \"5f635b495ee4c9001d2b9630\"\n  },\n  {\n    \"includeOnResume\": true,\n    \"_id\": \"5f635b555ee4c9001d2b9631\",\n    \"name\": \"Kotlin\",\n    \"rating\": 8,\n    \"createdAt\": \"2020-09-17T12:49:25.636Z\",\n    \"updatedAt\": \"2021-02-26T22:36:15.091Z\",\n    \"__v\": 0,\n    \"created_by\": {\n      \"_id\": \"5e4839cd1c2d53001dcc0696\",\n      \"username\": \"simon.rowe@gmail.com\",\n      \"createdAt\": \"2020-02-15T18:34:53.155Z\",\n      \"updatedAt\": \"2020-09-17T07:45:13.526Z\",\n      \"__v\": 0,\n      \"id\": \"5e4839cd1c2d53001dcc0696\"\n    },\n    \"updated_by\": {\n      \"_id\": \"5e4839cd1c2d53001dcc0696\",\n      \"username\": \"simon.rowe@gmail.com\",\n      \"createdAt\": \"2020-02-15T18:34:53.155Z\",\n      \"updatedAt\": \"2020-09-17T07:45:13.526Z\",\n      \"__v\": 0,\n      \"id\": \"5e4839cd1c2d53001dcc0696\"\n    },\n    \"image\": {\n      \"_id\": \"5f65ec765ee4c9001d2b9676\",\n      \"name\": \"kotlin_250x250.png\",\n      \"alternativeText\": \"\",\n      \"caption\": \"\",\n      \"hash\": \"kotlin_250x250_dfc086e243\",\n      \"ext\": \".png\",\n      \"mime\": \"image/png\",\n      \"size\": 3.69,\n      \"width\": 250,\n      \"height\": 250,\n      \"url\": \"/uploads/kotlin_250x250_dfc086e243.png\",\n      \"formats\": {\n        \"thumbnail\": {\n          \"name\": \"thumbnail_kotlin_250x250.png\",\n          \"hash\": \"thumbnail_kotlin_250x250_dfc086e243\",\n          \"ext\": \".png\",\n          \"mime\": \"image/png\",\n          \"width\": 156,\n          \"height\": 156,\n          \"size\": 6.89,\n          \"path\": null,\n          \"url\": \"/uploads/thumbnail_kotlin_250x250_dfc086e243.png\"\n        }\n      },\n      \"provider\": \"local\",\n      \"related\": [\n        \"5f6359c55ee4c9001d2b9627\",\n        \"5f635b555ee4c9001d2b9631\"\n      ],\n      \"createdAt\": \"2020-09-19T11:33:10.896Z\",\n      \"updatedAt\": \"2020-09-21T06:17:06.069Z\",\n      \"__v\": 0,\n      \"created_by\": \"5e4839cd1c2d53001dcc0696\",\n      \"updated_by\": \"5e4839cd1c2d53001dcc0696\",\n      \"id\": \"5f65ec765ee4c9001d2b9676\"\n    },\n    \"description\": \"- Lambda expressions + Inline functions = performant custom control structures\\n- Extension functions\\n- Null-safety\\n- Smart casts\\n- String templates\\n- Properties\\n- Primary constructors\\n- First-class delegation\\n- Type inference for variable and property types\\n- Singletons\\n- Declaration-site variance & Type projections\\n- Range expressions\\n- Operator overloading\\n- Companion objects\\n- Data classes\\n- Separate interfaces for read-only and mutable collections\\n- Coroutines\",\n    \"order\": 2,\n    \"jobs\": [\n      {\n        \"education\": false,\n        \"includeOnResume\": true,\n        \"attachments\": [],\n        \"skills\": [\n          \"5f635b7e5ee4c9001d2b9633\",\n          \"5f635b8b5ee4c9001d2b9634\",\n          \"5f635c0f5ee4c9001d2b9639\",\n          \"5f635c1e5ee4c9001d2b963b\",\n          \"5f635c2e5ee4c9001d2b963c\",\n          \"5f635c745ee4c9001d2b9641\",\n          \"5f635c845ee4c9001d2b9642\",\n          \"5f635d1e5ee4c9001d2b964b\",\n          \"5f635d2c5ee4c9001d2b964c\",\n          \"5f635d905ee4c9001d2b9651\",\n          \"5f635db55ee4c9001d2b9654\",\n          \"5f635e365ee4c9001d2b965d\",\n          \"5f635e235ee4c9001d2b965b\",\n          \"5f635e2c5ee4c9001d2b965c\",\n          \"5f635e405ee4c9001d2b965e\",\n          \"5f635e935ee4c9001d2b9665\",\n          \"5f635f025ee4c9001d2b966b\",\n          \"5f635c185ee4c9001d2b963a\",\n          \"5f635ceb5ee4c9001d2b9647\",\n          \"5f635cf75ee4c9001d2b9648\",\n          \"5f635d045ee4c9001d2b9649\",\n          \"5f635d115ee4c9001d2b964a\",\n          \"5f63608d5ee4c9001d2b966e\",\n          \"602234ba9dc383001e945dd6\",\n          \"5f635b495ee4c9001d2b9630\",\n          \"5f635b555ee4c9001d2b9631\",\n          \"5f635b6a5ee4c9001d2b9632\",\n          \"5f635ca45ee4c9001d2b9643\",\n          \"5f635eae5ee4c9001d2b9667\",\n          \"5f635ef75ee4c9001d2b966a\",\n          \"5f635e625ee4c9001d2b9660\",\n          \"5f635dd35ee4c9001d2b9657\",\n          \"5f635bb85ee4c9001d2b9635\"\n        ],\n        \"_id\": \"5e53704f11c196001d06f914\",\n        \"title\": \"Software Engineering Lead\",\n        \"startDate\": \"2019-04-15\",\n        \"company\": \"Upp Technologies\",\n        \"companyUrl\": \"https://upp.ai\",\n        \"shortDescription\": \"Hands-on lead engineer in a small cross-functional team.\\n\",\n        \"createdAt\": \"2020-02-24T06:42:23.147Z\",\n        \"updatedAt\": \"2021-02-26T22:37:22.370Z\",\n        \"__v\": 0,\n        \"endDate\": \"2020-05-01\",\n        \"companyImage\": {\n          \"_id\": \"6020f0499dc383001e945dd3\",\n          \"name\": \"upp.png\",\n          \"alternativeText\": \"\",\n          \"caption\": \"\",\n          \"hash\": \"upp_4780c5270b\",\n          \"ext\": \".png\",\n          \"mime\": \"image/png\",\n          \"size\": 2.21,\n          \"width\": 141,\n          \"height\": 106,\n          \"url\": \"/uploads/upp_4780c5270b.png\",\n          \"provider\": \"local\",\n          \"related\": [\n            \"5e53704f11c196001d06f914\"\n          ],\n          \"createdAt\": \"2021-02-08T08:03:21.134Z\",\n          \"updatedAt\": \"2021-02-08T08:03:37.545Z\",\n          \"__v\": 0,\n          \"created_by\": \"5e4839cd1c2d53001dcc0696\",\n          \"updated_by\": \"5e4839cd1c2d53001dcc0696\",\n          \"id\": \"6020f0499dc383001e945dd3\"\n        },\n        \"updated_by\": \"5e4839cd1c2d53001dcc0696\",\n        \"longDescription\": \"Lead Engineer working on all verticals (front end, backend, ops) of the Upp Intelligent Platform. Lead a small cross-functional team of 5 to deliver an event-driven, microservices architecture compromising of the following modules:\\n\\n* Onboarding - data ingestion from 3rd party product providers such as Magento, Shopify and others in conjunction with IPaas (Integration Platform as a Service) This module also consisted of a proprietary data mapping solution.\\n* Products - enrichment, bulk operations and search functionality (using an inverted index).\\n* Margin Hub - a suite of microservices integrating numerous different data points to report on product profitability and suggest intelligent actions to optimise margin.\\n\\n\\nIn addition to leading feature development, my role also comprised of promoting best practises amongst other agile teams including but not limited to:\\n\\n* Creating a customized version of spring initializr that generated skeleton services with all required libraries, Jenkins pipeline definitions, Kubernetes manifest files etc so developers could concentrate on delivering business logic and not plumbing;\\n* Spring Boot starter library for event sourcing\\n* Component testing using test containers\\n* Service - Service authentication using OIDC client credentials with keycloak.\",\n        \"location\": \"London\",\n        \"id\": \"5e53704f11c196001d06f914\"\n      },\n      {\n        \"education\": false,\n        \"includeOnResume\": true,\n        \"attachments\": [],\n        \"skills\": [\n          \"5f635b7e5ee4c9001d2b9633\",\n          \"5f635b8b5ee4c9001d2b9634\",\n          \"5f635bf05ee4c9001d2b9637\",\n          \"5f635c0f5ee4c9001d2b9639\",\n          \"5f635c185ee4c9001d2b963a\",\n          \"5f635c1e5ee4c9001d2b963b\",\n          \"5f635c005ee4c9001d2b9638\",\n          \"5f635c2e5ee4c9001d2b963c\",\n          \"5f635c4f5ee4c9001d2b963f\",\n          \"5f635c675ee4c9001d2b9640\",\n          \"5f635c745ee4c9001d2b9641\",\n          \"5f635c845ee4c9001d2b9642\",\n          \"5f635ceb5ee4c9001d2b9647\",\n          \"5f635cf75ee4c9001d2b9648\",\n          \"5f635d045ee4c9001d2b9649\",\n          \"5f635d115ee4c9001d2b964a\",\n          \"5f635d1e5ee4c9001d2b964b\",\n          \"5f635d2c5ee4c9001d2b964c\",\n          \"5f635d425ee4c9001d2b964d\",\n          \"5f635d905ee4c9001d2b9651\",\n          \"5f635db55ee4c9001d2b9654\",\n          \"5f635dde5ee4c9001d2b9658\",\n          \"5f635e235ee4c9001d2b965b\",\n          \"5f635e2c5ee4c9001d2b965c\",\n          \"5f635e935ee4c9001d2b9665\",\n          \"5f635ef05ee4c9001d2b9669\",\n          \"5f635f8f5ee4c9001d2b966c\",\n          \"5f635f995ee4c9001d2b966d\",\n          \"5f635f025ee4c9001d2b966b\",\n          \"5f63608d5ee4c9001d2b966e\",\n          \"602234ba9dc383001e945dd6\",\n          \"5f635b555ee4c9001d2b9631\",\n          \"5f635b6a5ee4c9001d2b9632\",\n          \"5f635ca45ee4c9001d2b9643\",\n          \"5f635eae5ee4c9001d2b9667\",\n          \"5f635ef75ee4c9001d2b966a\",\n          \"5f635c375ee4c9001d2b963d\",\n          \"5f635e625ee4c9001d2b9660\",\n          \"5f635dd35ee4c9001d2b9657\",\n          \"5f635bb85ee4c9001d2b9635\",\n          \"60291c5d9dc383001e945de2\"\n        ],\n        \"_id\": \"5eedd4803c8d74001e4497f5\",\n        \"startDate\": \"2020-05-04\",\n        \"company\": \"Y-Tree\",\n        \"companyUrl\": \"https://y-tree.com/\",\n        \"title\": \"Senior Developer\",\n        \"createdAt\": \"2020-06-20T09:18:56.102Z\",\n        \"updatedAt\": \"2021-02-26T22:39:33.470Z\",\n        \"__v\": 0,\n        \"companyImage\": {\n          \"_id\": \"5eedd46e3c8d74001e4497f4\",\n          \"name\": \"YTree\",\n          \"alternativeText\": \"\",\n          \"caption\": \"\",\n          \"hash\": \"YT_ree_50b80993fc\",\n          \"ext\": \".png\",\n          \"mime\": \"image/png\",\n          \"size\": 6.33,\n          \"width\": 200,\n          \"height\": 200,\n          \"url\": \"/uploads/YT_ree_50b80993fc.png\",\n          \"formats\": {\n            \"thumbnail\": {\n              \"hash\": \"thumbnail_YT_ree_50b80993fc\",\n              \"ext\": \".png\",\n              \"mime\": \"image/png\",\n              \"width\": 156,\n              \"height\": 156,\n              \"size\": 10.07,\n              \"path\": null,\n              \"url\": \"/uploads/thumbnail_YT_ree_50b80993fc.png\"\n            }\n          },\n          \"provider\": \"local\",\n          \"related\": [\n            \"5eedd4803c8d74001e4497f5\"\n          ],\n          \"createdAt\": \"2020-06-20T09:18:38.337Z\",\n          \"updatedAt\": \"2020-06-20T09:18:56.106Z\",\n          \"__v\": 0,\n          \"id\": \"5eedd46e3c8d74001e4497f4\"\n        },\n        \"shortDescription\": \"Lead Developer of exciting fin-tech platform composed of event-driven and restful microservices.\",\n        \"updated_by\": \"5e4839cd1c2d53001dcc0696\",\n        \"longDescription\": \"Lead Developer of exciting fin-tech platform composed of event-driven and restful microservices.\\n\\nHeavily involved in transforming a monolithic application into a suite of fault-tolerant event-driven and restful microservices written with Kotlin and Spring Boot. \\n\\nLead a cloud-native transformation by improving the path to production of services by introducing a number of tools and technologies to aide with continuous delivery of features:\\n\\n-  Cucumber for integration testing\\n-  Pact for contract testing (consumer-driven contracts for both synchronous (HTTP) and event-driven (Kafka) communication)\\n-  Test Containers for component testing\\n-  Use of Spring Cloud Kubernetes and Spring Cloud vault for environment-specific configuration (as per the [12-factor app](https://12factor.net/))\\n- Jenkin X pipelines to build and deploy helm charts for each service and environment.\\n- Keycloak for identity management.\\n- Rolling updates of k8s deployments for no-outage releases.\\n\\nAlso contributed to the YTree technical blog sharing knowledge amongst the team in the form of both written blogs and recorded videos. \\n\\n\\n\\n\\n\\n\",\n        \"location\": \"London\",\n        \"id\": \"5eedd4803c8d74001e4497f5\"\n      }\n    ],\n    \"blogs\": [\n      {\n        \"published\": true,\n        \"tags\": [\n          \"5e495da7bc8d7d001ddbd7c5\",\n          \"5f02da709d8081001fd38fa4\",\n          \"5f03901b9d8081001fd38fa7\",\n          \"5f0390249d8081001fd38fa8\",\n          \"5f0390329d8081001fd38fa9\",\n          \"5f0390499d8081001fd38faa\"\n        ],\n        \"skills\": [\n          \"5f635c2e5ee4c9001d2b963c\",\n          \"5f635f8f5ee4c9001d2b966c\",\n          \"5f635f995ee4c9001d2b966d\",\n          \"5f635c185ee4c9001d2b963a\",\n          \"5f635c4f5ee4c9001d2b963f\",\n          \"5f635e935ee4c9001d2b9665\",\n          \"5f635b555ee4c9001d2b9631\",\n          \"5f635b6a5ee4c9001d2b9632\",\n          \"5f635ca45ee4c9001d2b9643\",\n          \"5f635c375ee4c9001d2b963d\",\n          \"5f635e625ee4c9001d2b9660\"\n        ],\n        \"_id\": \"5f0215c69d8081001fd38fa1\",\n        \"title\": \"Creating a rich web app that can be hosted from home\",\n        \"shortDescription\": \"A quick introduction into the various components of my personal website including jenkinsx, kubernetes, letsencrypt and more.\",\n        \"createdAt\": \"2020-07-05T18:02:46.731Z\",\n        \"updatedAt\": \"2021-02-26T22:37:08.645Z\",\n        \"__v\": 0,\n        \"image\": {\n          \"_id\": \"5f6616045ee4c9001d2b968a\",\n          \"name\": \"Website Icon.jpeg\",\n          \"alternativeText\": \"\",\n          \"caption\": \"\",\n          \"hash\": \"Website_Icon_727b161f01\",\n          \"ext\": \".jpeg\",\n          \"mime\": \"image/jpeg\",\n          \"size\": 48.93,\n          \"width\": 776,\n          \"height\": 542,\n          \"url\": \"/uploads/Website_Icon_727b161f01.jpeg\",\n          \"formats\": {\n            \"thumbnail\": {\n              \"name\": \"thumbnail_Website Icon.jpeg\",\n              \"hash\": \"thumbnail_Website_Icon_727b161f01\",\n              \"ext\": \".jpeg\",\n              \"mime\": \"image/jpeg\",\n              \"width\": 223,\n              \"height\": 156,\n              \"size\": 6.2,\n              \"path\": null,\n              \"url\": \"/uploads/thumbnail_Website_Icon_727b161f01.jpeg\"\n            },\n            \"medium\": {\n              \"name\": \"medium_Website Icon.jpeg\",\n              \"hash\": \"medium_Website_Icon_727b161f01\",\n              \"ext\": \".jpeg\",\n              \"mime\": \"image/jpeg\",\n              \"width\": 750,\n              \"height\": 524,\n              \"size\": 45.54,\n              \"path\": null,\n              \"url\": \"/uploads/medium_Website_Icon_727b161f01.jpeg\"\n            },\n            \"small\": {\n              \"name\": \"small_Website Icon.jpeg\",\n              \"hash\": \"small_Website_Icon_727b161f01\",\n              \"ext\": \".jpeg\",\n              \"mime\": \"image/jpeg\",\n              \"width\": 500,\n              \"height\": 349,\n              \"size\": 22.91,\n              \"path\": null,\n              \"url\": \"/uploads/small_Website_Icon_727b161f01.jpeg\"\n            }\n          },\n          \"provider\": \"local\",\n          \"related\": [\n            \"5f0215c69d8081001fd38fa1\"\n          ],\n          \"createdAt\": \"2020-09-19T14:30:28.441Z\",\n          \"updatedAt\": \"2021-02-21T19:31:52.126Z\",\n          \"__v\": 0,\n          \"created_by\": \"5e4839cd1c2d53001dcc0696\",\n          \"updated_by\": \"5e4839cd1c2d53001dcc0696\",\n          \"id\": \"5f6616045ee4c9001d2b968a\"\n        },\n        \"content\": \"I'm the kind of person that learns by doing - the more I do, the more it sinks in. Whilst attempting to keep my skills up to date, I had the idea of building a rich web application which would serve up my CV, and it could also double as a place to hone and demonstrate my skillsets in certain technologies. Eventually, I could even start blogging about these experiences. \\n\\nThe first thing I decided I would need would be a CMS (Content Management System). The content of my website would have to be dynamic, as I would like to keep my CV and blog up to date.  There were many options available here, but I finally settled on a headless CMS named ([strapi](https://strapi.io/)). Strapi would also require some sort of persistence layer, and  [mongodb](https://www.mongodb.com/ seemed to be a sensible choice.\\n\\nFor the web interface itself, there was a bit of competition between React and Angular. After spending years commercially working on Angular projects, I decided that React could be a good thing to learn and went with that.  \\n\\n```npx create-react-app my-app --template typescript``` is the command used to boostrap my react SPA (single page application) and I found a boostrap template from [here](https://wrapbootstrap.com/).\\n\\nSo far so good right ? I had picked the basic building blocks for building this dynamic CV/blog, but where would I run it ? I had a perfectly good iMac that was unused, and a fast enough internet connection. This app doesnt need to be highly available, as its just a little hobby app so this would suit well. I could use [ngrok](https://ngrok.com/) to make my app available to the internet, and I could use [Route 53](https://aws.amazon.com/route53/) to set up and configure my domain.\\n\\nKubernetes is a very popular way or running cloud native apps, so this was a pretty easy choice, the only issue was what flavour of it would work best on a mac. I started off with minikube, but started to have issues with persistent volumes, so eventually went with [kind (kubernetes in docker)](https://kind.sigs.k8s.io/). I could easily install nginx ingress controller, and it was super easy to configure.\\n\\nThe last thing to consider was how to deploy the individual components or services to the kubernetes cluster. One of my requirements was that I would want to make continual improvments to my app, so the deployment process must be as simple as possible. I would want to have git projects for each service,  build a container image, and deploy a helm chart (a helm chart is a collection of files that describe a related set of Kubernetes resources).  [Jenkins X](https://jenkins-x.io/) describes itself as *Jenkins X provides pipeline automation, built-in GitOps, and preview environments to help teams collaborate and accelerate their software delivery at any scale*. There was out of the box support for kubernetes flavours such as GKE (google cloud) and EKS (amazon web services), but a bit of customisation would be required if i wanted to run this on my local kubernetes cluster. This was easy enough and I was able to configure the following:\\n- [Harbor](https://goharbor.io/) as the container registry of choice\\n- [Cert Manager](https://cert-manager.io/) - configure cert manager to generate lets encrpt certificates using ACME challennges based on my use of AWS Route 53 for dns.\\n- Installed MongoDB in the control plane.\\n\\nOverall my initial architecture looked something like this:\\n\\n![Website V1](/uploads/Website_V1_c3889a1afa.jpeg)\\n\\n\\n*All source code for this app can be found here: (https://github.com/simonjamesrowe)*\",\n        \"updated_by\": \"5e4839cd1c2d53001dcc0696\",\n        \"id\": \"5f0215c69d8081001fd38fa1\"\n      },\n      {\n        \"published\": true,\n        \"tags\": [\n          \"5f02da709d8081001fd38fa4\",\n          \"5e495da7bc8d7d001ddbd7c5\"\n        ],\n        \"skills\": [\n          \"5f635c1e5ee4c9001d2b963b\",\n          \"5f635f8f5ee4c9001d2b966c\",\n          \"5f635c2e5ee4c9001d2b963c\",\n          \"5f635c4f5ee4c9001d2b963f\",\n          \"5f635b495ee4c9001d2b9630\",\n          \"5f635b555ee4c9001d2b9631\",\n          \"5f635c375ee4c9001d2b963d\"\n        ],\n        \"_id\": \"5feed34e67bdd6001e9c12ce\",\n        \"title\": \"Adding Custom Gradle 6 Build Pack to Jenkins X\",\n        \"shortDescription\": \"In this post we will look at how to add a new custom build pack to Jenkins X so we can support builds using Gradle 6 and JDK 11.\",\n        \"createdAt\": \"2021-01-02T07:46:22.753Z\",\n        \"updatedAt\": \"2021-02-26T22:36:56.990Z\",\n        \"__v\": 0,\n        \"created_by\": \"5e4839cd1c2d53001dcc0696\",\n        \"image\": {\n          \"_id\": \"5f6853535ee4c9001d2b96c1\",\n          \"name\": \"Gradle_logo.png\",\n          \"alternativeText\": \"\",\n          \"caption\": \"\",\n          \"hash\": \"Gradle_logo_eec2d0b60b\",\n          \"ext\": \".png\",\n          \"mime\": \"image/png\",\n          \"size\": 7.59,\n          \"width\": 876,\n          \"height\": 306,\n          \"url\": \"/uploads/Gradle_logo_eec2d0b60b.png\",\n          \"formats\": {\n            \"thumbnail\": {\n              \"name\": \"thumbnail_Gradle_logo.png\",\n              \"hash\": \"thumbnail_Gradle_logo_eec2d0b60b\",\n              \"ext\": \".png\",\n              \"mime\": \"image/png\",\n              \"width\": 245,\n              \"height\": 86,\n              \"size\": 6.94,\n              \"path\": null,\n              \"url\": \"/uploads/thumbnail_Gradle_logo_eec2d0b60b.png\"\n            },\n            \"medium\": {\n              \"name\": \"medium_Gradle_logo.png\",\n              \"hash\": \"medium_Gradle_logo_eec2d0b60b\",\n              \"ext\": \".png\",\n              \"mime\": \"image/png\",\n              \"width\": 750,\n              \"height\": 262,\n              \"size\": 25.22,\n              \"path\": null,\n              \"url\": \"/uploads/medium_Gradle_logo_eec2d0b60b.png\"\n            },\n            \"small\": {\n              \"name\": \"small_Gradle_logo.png\",\n              \"hash\": \"small_Gradle_logo_eec2d0b60b\",\n              \"ext\": \".png\",\n              \"mime\": \"image/png\",\n              \"width\": 500,\n              \"height\": 175,\n              \"size\": 15.87,\n              \"path\": null,\n              \"url\": \"/uploads/small_Gradle_logo_eec2d0b60b.png\"\n            }\n          },\n          \"provider\": \"local\",\n          \"related\": [\n            \"5f635c1e5ee4c9001d2b963b\",\n            \"5feed34e67bdd6001e9c12ce\"\n          ],\n          \"createdAt\": \"2020-09-21T07:16:35.326Z\",\n          \"updatedAt\": \"2021-01-01T07:46:22.759Z\",\n          \"__v\": 0,\n          \"created_by\": \"5e4839cd1c2d53001dcc0696\",\n          \"updated_by\": \"5e4839cd1c2d53001dcc0696\",\n          \"id\": \"5f6853535ee4c9001d2b96c1\"\n        },\n        \"updated_by\": \"5e4839cd1c2d53001dcc0696\",\n        \"content\": \"Jenkins X supports quite a lot of build packs out of the box, but support for gradle build packs is quite limited. The [jenkins-x-kubernetes](https://github.com/jenkins-x-buildpacks/jenkins-x-kubernetes) does contain a gradle build pack, but the builder image only contains gradle 5 and JDK 8. Seeing as I wanted to use spring boot 2.3.3 (which requires gradle 6) and above to build the microservices that power this web application, and I also want to use kotlin and java 11, I will need to add this build pack myself.\\n\\nThe first thing I will need to do is provide an image for this. Luckily this is pretty easy as I can just copy the existing gradle builder image from [here](https://github.com/jenkins-x/jenkins-x-builders/blob/master/builder-gradle5/Dockerfile) and change a few things:\\n\\nHere is the result (all source code can also be found [here](https://github.com/simonjamesrowe/jenkinsx-buildpacks/))\\n```docker\\nFROM gcr.io/jenkinsxio/builder-base:0.0.86\\n\\nCMD [\\\"gradle\\\"]\\n\\nENV ANDROID_VERSION 4333796\\nENV ANDROID_HOME /opt/android-sdk-linux\\nENV PATH ${PATH}:${ANDROID_HOME}/tools:${ANDROID_HOME}/tools/bin:${ANDROID_HOME}/platform-tools\\n\\nRUN yum install -y java-11-openjdk-devel\\n\\nENV GRADLE_HOME /opt/gradle\\nENV GRADLE_VERSION 6.5.1\\n\\nRUN set -o errexit -o nounset \\\\\\n    && echo \\\"Set URLS\\\" \\\\\\n    && GRADLE_URL=\\\"https://services.gradle.org/distributions/gradle-${GRADLE_VERSION}-bin.zip\\\" \\\\\\n    && SHA256_URL=\\\"${GRADLE_URL}.sha256\\\" \\\\\\n    \\\\\\n    && echo \\\"Determine sha256sum\\\" \\\\\\n    && GRADLE_DOWNLOAD_SHA256=$(curl -sLf \\\"${SHA256_URL}\\\") \\\\\\n    \\\\\\n\\t&& echo \\\"Downloading Gradle\\\" \\\\\\n\\t&& wget -q -O gradle.zip \\\"${GRADLE_URL}\\\" \\\\\\n\\t\\\\\\n\\t&& echo \\\"Checking download hash\\\" \\\\\\n\\t&& echo \\\"${GRADLE_DOWNLOAD_SHA256} *gradle.zip\\\" | sha256sum -c - \\\\\\n\\t\\\\\\n\\t&& echo \\\"Installing Gradle\\\" \\\\\\n\\t&& unzip -q gradle.zip \\\\\\n\\t&& rm gradle.zip \\\\\\n\\t&& mkdir -p /opt \\\\\\n\\t&& mv \\\"gradle-${GRADLE_VERSION}\\\" \\\"${GRADLE_HOME}/\\\" \\\\\\n\\t&& ln -s \\\"${GRADLE_HOME}/bin/gradle\\\" /usr/bin/gradle\\n\\nRUN gradle --version\\n\\n# jx\\nENV JX_VERSION 2.1.153\\nRUN curl -f -L https://github.com/jenkins-x/jx/releases/download/v${JX_VERSION}/jx-linux-amd64.tar.gz | tar xzv && \\\\\\n  mv jx /usr/bin/\\n```\\n\\nThe image can be built and pushed with the following commands (we will also need docker login)\\n```shell\\ndocker build -t simonjamesrowe/gradle6-java11:2020-26-12 .\\ndocker push simonjamesrowe/gradle6-java11:2020-26-12\\n```\\n\\nNow that the image has been pushed to the container registry the next thing we will need to think about is defining the build pod template. This template is something which jenkins x and tekton use to spin up pods in kubernetes which run these builds. In order to do this we will need to make some modifications to the jenkins-x control plane, which has its own gitops repo (which can be found [here](https://github.com/simonjamesrowe/environment-simonjamesrowe-dev)). \\n\\nI want to define a kubernetes secret that contains a gradle initialisation script that can be used to define where our nexus repository lives, and also credentials for publishing artefacts to this repository. The following helm values can be defined in ```env/values.tmpl.yaml```:\\n```yaml\\ngradle:\\n  initScript: |-\\n    allprojects {\\n\\n        apply plugin: 'maven-publish'\\n\\n        repositories {\\n            maven {\\n                url \\\"http://nexus/repository/maven-group/\\\"\\n            }\\n            mavenCentral()\\n        }\\n\\n      publishing {\\n            repositories {\\n                maven {\\n                    def releasesRepoUrl = \\\"http://nexus/repository/maven-releases/\\\"\\n                    def snapshotsRepoUrl = \\\"http://nexus/repository/maven-snapshots/\\\"\\n                    url = version.endsWith('SNAPSHOT') ? snapshotsRepoUrl : releasesRepoUrl\\n                    credentials {\\n                        username \\\"{{ .Parameters.adminUser.username }}\\\"\\n                        password \\\"{{ .Parameters.adminUser.password }}\\\"\\n                    }\\n                }\\n            }\\n        }\\n\\n       configurations.all {\\n          resolutionStrategy.cacheChangingModulesFor 0, 'seconds'\\n          resolutionStrategy.cacheDynamicVersionsFor 0, 'seconds'\\n       }\\n    }\\n```\\nThen the secret can be defined in ```env/templates/jenkins-gradle-secret.yaml```:\\n```yaml\\napiVersion: v1\\nkind: Secret\\ntype: Opaque\\nmetadata:\\n  name: jenkins-gradle-init\\ndata:\\n  init.gradle: {{ .Values.gradle.initScript | b64enc }}\\n```\\n\\nFor the build pod template, this will require some more values to be defined in ```env/jenkins-x-platform/values.tmpl.yaml```:\\n```yaml\\njenkins:\\n  Agent:\\n    PodTemplates:\\n      Gradle6-Java11:\\n        Name: gradle6-java11\\n        Label: jenkins-gradle6-java11\\n        DevPodPorts: 5005, 8080\\n        volumes:\\n          - type: Secret\\n            secretName: jenkins-docker-cfg\\n            mountPath: /home/jenkins/.docker\\n          - type: Secret\\n            secretName: jenkins-release-gpg\\n            mountPath: /home/jenkins/.gnupg\\n          - type: Secret\\n            secretName: jenkins-gradle-init\\n            mountPath: /home/jenkins/.gradle\\n        EnvVars:\\n          GIT_COMMITTER_EMAIL: jenkins-x@googlegroups.com\\n          GIT_AUTHOR_EMAIL: jenkins-x@googlegroups.com\\n          GIT_AUTHOR_NAME: jenkins-x-bot\\n          GIT_COMMITTER_NAME: jenkins-x-bot\\n          XDG_CONFIG_HOME: /home/jenkins\\n          DOCKER_CONFIG: /home/jenkins/.docker/\\n        ServiceAccount: jenkins\\n        Containers:\\n          Gradle6-Java11:\\n            Image: simonjamesrowe/gradle6-java11:2020-12-26\\n            Privileged: true\\n            RequestCpu: \\\"400m\\\"\\n            RequestMemory: \\\"512Mi\\\"\\n            LimitCpu: \\\"1\\\"\\n            Command: \\\"/bin/sh -c\\\"\\n            Args: \\\"cat\\\"\\n            Tty: true\\n```\\n\\nThe next thing to do is define the tekton pipeline. I have another my github repo containing buildpacks [jenkinsx-buildpacks](https://github.com/simonjamesrowe/jenkinsx-buildpacks). In ```packs/gradle6-java11/pipeline.yaml, we define the tekton pipeline:\\n```yaml\\nagent:\\n  label: jenkins-gradle6-java11\\n  container: gradle6-java11\\npipelines:\\n  pullRequest:\\n    build:\\n      steps:\\n        - sh: echo \\\\$(jx-release-version)-SNAPSHOT > VERSION\\n          name: next-version\\n          comment: so we can retrieve the version in later steps\\n        - sh: gradle -I /home/jenkins/.gradle/init.gradle clean build publish -Pversion=\\\\$(cat VERSION) --info\\n          name: gradle-build\\n  release:\\n    setVersion:\\n      steps:\\n        - sh: echo \\\\$(jx-release-version) > VERSION\\n          name: next-version\\n          comment: so we can retrieve the version in later step\\n        - sh: jx step tag --version \\\\$(cat VERSION)\\n          name: tag-version\\n    build:\\n      steps:\\n        - sh: gradle -I /home/jenkins/.gradle/init.gradle clean build publish -Pversion=\\\\$(cat VERSION) --info\\n          name: gradle-build\\n```\\nPay attention to the ```agent.label``` which specifies the build pod template to use (i.e. the one that has been defined above).  Here we also have 2 pipelines, one for a pull request that simply publishes a snapshot to the nexus repository (which is part of the jenkins x control plane), and another one for master. Also you can see that ```-I /home/jenkins/.gradle/init.gradle``` is also included so that we can run the initialisation script that we defined in a k8s secret above. In this example the secret is mounted into the container as a volume.\\n\\nLastly, we will need to tell jx about the git repository that we are using to host our build packs. This can be simply added to the ```jx-requirements.yml``` file\\n```yaml\\nbuildPacks:\\n  buildPackLibrary:\\n    gitRef: master\\n    gitURL: https://github.com/simonjamesrowe/jenkinsx-buildpacks.git\\n    name: simonjamesrowe\\n```\\nAnd of course we will need to run ```jx boot``` to update our control plane with all of the changes that we have made:\\n- gradle init script k8s secret\\n- build pod template\\n- custom build pack library configuration.\\n\\nNow we can use this build pack in order to build [https://github.com/simonjamesrowe/component-test](https://github.com/simonjamesrowe/component-test).  See ```jenkins-x.yml```:\\n```yaml\\nbuildPack: gradle6-java11\\n```\\n\\nWe can see that this project now deploys artefacts to nexus:\\n![nexus-component-test.png](/uploads/nexus_component_test_7e8f5aea69.png)\\n\",\n        \"id\": \"5feed34e67bdd6001e9c12ce\"\n      },\n      {\n        \"published\": true,\n        \"tags\": [\n          \"5f02da709d8081001fd38fa4\",\n          \"5feed20367bdd6001e9c12cc\"\n        ],\n        \"skills\": [\n          \"5f635f8f5ee4c9001d2b966c\",\n          \"5f635b495ee4c9001d2b9630\",\n          \"5f635b555ee4c9001d2b9631\",\n          \"5f635b6a5ee4c9001d2b9632\",\n          \"5f635c375ee4c9001d2b963d\"\n        ],\n        \"_id\": \"5feed4c667bdd6001e9c12d0\",\n        \"title\": \"Creating custom version of Spring Initializr\",\n        \"shortDescription\": \"In this post we will look at forking the start.spring.io github repo to create a customised version of the spring initializr that will generate skeleton apps that can be imported into jenkins x.\",\n        \"createdAt\": \"2021-01-03T07:52:38.827Z\",\n        \"updatedAt\": \"2021-02-26T22:36:56.990Z\",\n        \"__v\": 0,\n        \"created_by\": \"5e4839cd1c2d53001dcc0696\",\n        \"image\": {\n          \"_id\": \"5f6851a85ee4c9001d2b96af\",\n          \"name\": \"spring-boot.jpeg\",\n          \"alternativeText\": \"\",\n          \"caption\": \"\",\n          \"hash\": \"spring_boot_5ee37de4c1\",\n          \"ext\": \".jpeg\",\n          \"mime\": \"image/png\",\n          \"size\": 7.98,\n          \"width\": 400,\n          \"height\": 400,\n          \"url\": \"/uploads/spring_boot_5ee37de4c1.jpeg\",\n          \"formats\": {\n            \"thumbnail\": {\n              \"name\": \"thumbnail_spring-boot.jpeg\",\n              \"hash\": \"thumbnail_spring_boot_5ee37de4c1\",\n              \"ext\": \".jpeg\",\n              \"mime\": \"image/png\",\n              \"width\": 156,\n              \"height\": 156,\n              \"size\": 5.21,\n              \"path\": null,\n              \"url\": \"/uploads/thumbnail_spring_boot_5ee37de4c1.jpeg\"\n            }\n          },\n          \"provider\": \"local\",\n          \"related\": [\n            \"5f635b6a5ee4c9001d2b9632\",\n            \"5feed4c667bdd6001e9c12d0\"\n          ],\n          \"createdAt\": \"2020-09-21T07:09:28.458Z\",\n          \"updatedAt\": \"2021-01-01T21:02:32.991Z\",\n          \"__v\": 0,\n          \"created_by\": \"5e4839cd1c2d53001dcc0696\",\n          \"updated_by\": \"5e4839cd1c2d53001dcc0696\",\n          \"id\": \"5f6851a85ee4c9001d2b96af\"\n        },\n        \"updated_by\": \"5e4839cd1c2d53001dcc0696\",\n        \"content\": \"The spring initializr [start.spring.io](https://start.spring.io) allows developers to get up and running quickly when developing spring boot based microservices. It generates a skeleton spring boot project with the specified dependencies that you can easily import into your IDE (or trigger generation directly from your IDE)\\n![start-spring-io.png](/uploads/start_spring_io_f4e9eaab9b.png)\\n\\n This website [www.simonjamesrowe.com](https://www.simonjamesrowe.com) is currently fairly limited in terms of functionality, but I would like to keep adding to it in my spare time. I have chosen to use Jenkins X for my CI/CD pipelines and Kubernetes as the container orchestrator to run my microservices, so it would be nice if I could have my own version of the spring initializr that did the following:\\n- Generated Dockerfile and skaffold template for image definition.\\n- Generated the helm charts that the services would use when deploying to Kubernetes\\n- Automatically add the nexus repository that is part of the jenkins x control plane to ```build.gradle.kts``` and also allow the component-test library to be automatically included\\n-  Generation of the ```jenkins-x.yml``` Jenkins X pipeline declaration file.\\n\\nIn the future it would also be nice for this version to also automatically create the project in github as well as importing into Jenkins X (*but this can wait for v2 or v3*).\\n\\nSo where to begin? Firstly lets fork the repository ([https://github.com/spring-io/start.spring.io](https://github.com/spring-io/start.spring.io)). The repository contains a multi-module maven project that consists of:\\n- start-client - a react SPA (single page application)\\n- start-site - a spring boot application that includes start-client as a web-jar and also contains the various REST endpoints that the react client consumes.\\n\\n\\nLet look at our first requirement, we want to be able to generate new files. We can do this by implementing an interface named ```ProjectContributor```. I have defined an abstract ProjectContributor that the rest of the Contributors extend:\\n```java\\npublic abstract class BaseProjectContributor implements ProjectContributor {\\n\\n\\t@Autowired\\n\\tprotected MutableProjectDescription mutableProjectDescription;\\n\\n\\t@Autowired(required = false)\\n\\tprotected GradleBuild gradleBuild;\\n\\n\\t@Autowired\\n\\tprotected Cache cache;\\n\\n\\tprotected MustacheTemplateRenderer mustacheTemplateRenderer;\\n\\n\\t@PostConstruct\\n\\tpublic void postInit() {\\n\\t\\tmustacheTemplateRenderer = new MustacheTemplateRenderer(\\\"classpath:/templates/\\\", cache);\\n\\t}\\n\\n\\tprotected Map<String, ?> parameters() {\\n\\t\\treturn Map.of(\\\"artifactId\\\", mutableProjectDescription.getArtifactId());\\n\\t}\\n\\n\\tprotected boolean isLib() {\\n\\t\\treturn mutableProjectDescription.getArtifactId().startsWith(\\\"lib\\\");\\n\\t}\\n\\n\\tprotected boolean isService() {\\n\\t\\treturn !isLib();\\n\\t}\\n\\n\\tprotected boolean isGradleBuild() {\\n\\t\\treturn gradleBuild != null;\\n\\t}\\n\\n\\t@Override\\n\\tpublic int getOrder() {\\n\\t\\treturn 0;\\n\\t}\\n\\n}\\n```\\n\\nAs we can see in the code snippet above, this uses [moustache templates](https://mustache.github.io/). Lets look at the following:\\n```java\\npublic class SkaffoldContributor extends BaseProjectContributor {\\n\\n\\t@Override\\n\\tpublic void contribute(Path path) throws IOException {\\n\\t\\tif (isLib()) {\\n\\t\\t\\treturn;\\n\\t\\t}\\n\\t\\tPath file = Files.createFile(path.resolve(\\\"skaffold.yml\\\"));\\n\\t\\tPrintWriter writer = new PrintWriter(Files.newBufferedWriter(file));\\n\\t\\twriter.println(mustacheTemplateRenderer.render(\\\"ms/skaffold.yaml\\\", parameters()));\\n\\t\\twriter.close();\\n\\t}\\n\\n}\\n```\\n\\n```src/main/resources/tempaltes/ms/skaffold.yaml.moustache```\\n```yaml\\napiVersion: skaffold/v1beta2\\nkind: Config\\nbuild:\\n  artifacts:\\n    - image: simonjamesrowe/{{artifactId}}\\n      context: .\\n      docker: {}\\n  tagPolicy:\\n    envTemplate:\\n{{=<% %>=}}\\n      template: '{{.DOCKER_REGISTRY}}/{{.IMAGE_NAME}}:{{.VERSION}}'\\n<%={{ }}=%>\\n  local: {}\\ndeploy:\\n  kubectl: {}\\nprofiles:\\n  - name: dev\\n    build:\\n      tagPolicy:\\n        envTemplate:\\n{{=<% %>=}}\\n          template: '{{.DOCKER_REGISTRY}}/{{.IMAGE_NAME}}:{{.DIGEST_HEX}}'\\n<%={{ }}=%>\\n      local: {}\\n    deploy:\\n      helm:\\n        releases:\\n          - name: {{artifactId}}\\n            chartPath: charts/{{artifactId}}\\n            setValueTemplates:\\n{{=<% %>=}}\\n              image.repository: '{{.DOCKER_REGISTRY}}/{{.IMAGE_NAME}}'\\n              image.tag: '{{.DIGEST_HEX}}'<%={{ }}=%>\\n\\n```\\n\\nThis will generate a file that looks like this:\\n![skaffold-generation.png](/uploads/skaffold_generation_a3e6a9dda0.png)\\n\\nNext let's look at how we can customize our ```build.gradle.kts```. We can define a class that extends BuildCustomizer:\\n```java\\npublic class GradleBuildCustomiser extends KotlinDslGradleBuildWriter implements BuildCustomizer<GradleBuild> {\\n\\n\\t@Autowired\\n\\tprivate MutableProjectDescription mutableProjectDescription;\\n\\n\\t@Override\\n\\tpublic void customize(GradleBuild build) {\\n\\t\\tbuild.repositories().add(MavenRepository\\n\\t\\t\\t\\t.withIdAndUrl(\\\"simonjamesrowe\\\", \\\"https://nexus-jx.simonjamesrowe.com/repository/maven-group/\\\").build());\\n\\t\\tbuild.dependencies().add(\\\"component-test\\\");\\n\\t}\\n\\n\\t@Override\\n\\tprotected void writeTasks(IndentingWriter writer, GradleTaskContainer tasks) {\\n\\t\\tif (mutableProjectDescription.getArtifactId().startsWith(\\\"lib\\\")) {\\n\\t\\t\\tString extraTasks = \\\"\\\\ntasks.getByName<Jar>(\\\\\\\"jar\\\\\\\") {\\\\n\\\" + \\\"\\\\tenabled = true\\\\n\\\" + \\\"}\\\\n\\\" + \\\"\\\\n\\\"\\n\\t\\t\\t\\t\\t+ \\\"tasks.getByName<Jar>(\\\\\\\"bootJar\\\\\\\") {\\\\n\\\" + \\\"\\\\tenabled = false\\\\n\\\" + \\\"}\\\";\\n\\t\\t\\twriter.println(extraTasks);\\n\\t\\t}\\n\\n\\t\\tString publishing = \\\"\\\\npublishing {\\\\n\\\" + \\\"\\\\tpublications {\\\\n\\\" + \\\"\\\\t\\\\tcreate<MavenPublication>(\\\\\\\"maven\\\\\\\") {\\\\n\\\"\\n\\t\\t\\t\\t+ \\\"\\\\t\\\\t\\\\tfrom(components[\\\\\\\"java\\\\\\\"])\\\\n\\\" + \\\"\\\\t\\\\t}\\\\n\\\" + \\\"\\\\t}\\\\n\\\" + \\\"}\\\";\\n\\t\\twriter.println(publishing);\\n\\t}\\n\\n\\t@Override\\n\\tpublic int getOrder() {\\n\\t\\treturn 0;\\n\\t}\\n\\n}\\n```\\n\\nThis will simply disable bootJar task for libraries (like component-test) and also configure the maven-publish plugin, as well as adding the component-test dependency (see ```src/main/resources/application.yml``` for more configuration of dependencies, repositories, languages, build tools).\\n\\nWe will need to ensure that these classes ```GradleBuildCustomiser``` and ```SkaffoldContributor``` are spring beans, so we have a @Configuration class for this:\\n```java\\n@Configuration\\npublic class Config {\\n\\n\\t@Bean\\n\\t@Primary\\n\\tpublic GradleBuildCustomiser gradleBuildCustomiser() {\\n\\t\\treturn new GradleBuildCustomiser();\\n\\t}\\n\\n\\t@Bean\\n\\tpublic DockerfileManifestContributor dockerfileManifestContributor() {\\n\\t\\treturn new DockerfileManifestContributor();\\n\\t}\\n\\n\\t@Bean\\n\\tpublic HelmContributor helmContributor() {\\n\\t\\treturn new HelmContributor();\\n\\t}\\n\\n\\t@Bean\\n\\tpublic JenkinsPipelineContributor jenkinsPipelineContributor() {\\n\\t\\treturn new JenkinsPipelineContributor();\\n\\t}\\n\\n\\t@Bean\\n\\tpublic SkaffoldContributor skaffoldContributor() {\\n\\t\\treturn new SkaffoldContributor();\\n\\t}\\n\\n\\t@Bean\\n\\tpublic Cache templatesCache() {\\n\\t\\treturn new ConcurrentMapCache(\\\"templatesCache\\\");\\n\\t}\\n\\n}\\n```\\n\\nAlso as I have placed all of my classes in the ```com.simonjamesrowe``` package,  the ```src/main/resources/META-INF/spring.factories``` will need to be changed so that it picks up configuration from this package:\\n```properties\\nio.spring.initializr.generator.project.ProjectGenerationConfiguration=\\\\\\nio.spring.start.site.extension.build.gradle.GradleProjectGenerationConfiguration,\\\\\\nio.spring.start.site.extension.build.maven.MavenProjectGenerationConfiguration,\\\\\\n.....\\ncom.simonjamesrowe.initializr.Config  \\n```\\n\\nAnd with a bit of help from Jenkins X, the final result is here: [start.simonjamesrowe.com](https://start.simonjamesrowe.com). All source code can be found [here](https://github.com/simonjamesrowe/start.spring.io).\\n\\n![simon-initializr.png](/uploads/simon_initializr_5121135095.png)\",\n        \"id\": \"5feed4c667bdd6001e9c12d0\"\n      }\n    ],\n    \"id\": \"5f635b555ee4c9001d2b9631\"\n  },\n  {\n    \"includeOnResume\": true,\n    \"_id\": \"5f635b6a5ee4c9001d2b9632\",\n    \"name\": \"Spring Boot\",\n    \"rating\": 9.7,\n    \"order\": 3,\n    \"createdAt\": \"2020-09-17T12:49:46.739Z\",\n    \"updatedAt\": \"2021-02-26T22:36:21.808Z\",\n    \"__v\": 0,\n    \"created_by\": {\n      \"_id\": \"5e4839cd1c2d53001dcc0696\",\n      \"username\": \"simon.rowe@gmail.com\",\n      \"createdAt\": \"2020-02-15T18:34:53.155Z\",\n      \"updatedAt\": \"2020-09-17T07:45:13.526Z\",\n      \"__v\": 0,\n      \"id\": \"5e4839cd1c2d53001dcc0696\"\n    },\n    \"updated_by\": {\n      \"_id\": \"5e4839cd1c2d53001dcc0696\",\n      \"username\": \"simon.rowe@gmail.com\",\n      \"createdAt\": \"2020-02-15T18:34:53.155Z\",\n      \"updatedAt\": \"2020-09-17T07:45:13.526Z\",\n      \"__v\": 0,\n      \"id\": \"5e4839cd1c2d53001dcc0696\"\n    },\n    \"image\": {\n      \"_id\": \"5f6851a85ee4c9001d2b96af\",\n      \"name\": \"spring-boot.jpeg\",\n      \"alternativeText\": \"\",\n      \"caption\": \"\",\n      \"hash\": \"spring_boot_5ee37de4c1\",\n      \"ext\": \".jpeg\",\n      \"mime\": \"image/png\",\n      \"size\": 7.98,\n      \"width\": 400,\n      \"height\": 400,\n      \"url\": \"/uploads/spring_boot_5ee37de4c1.jpeg\",\n      \"formats\": {\n        \"thumbnail\": {\n          \"name\": \"thumbnail_spring-boot.jpeg\",\n          \"hash\": \"thumbnail_spring_boot_5ee37de4c1\",\n          \"ext\": \".jpeg\",\n          \"mime\": \"image/png\",\n          \"width\": 156,\n          \"height\": 156,\n          \"size\": 5.21,\n          \"path\": null,\n          \"url\": \"/uploads/thumbnail_spring_boot_5ee37de4c1.jpeg\"\n        }\n      },\n      \"provider\": \"local\",\n      \"related\": [\n        \"5f635b6a5ee4c9001d2b9632\",\n        \"5feed4c667bdd6001e9c12d0\"\n      ],\n      \"createdAt\": \"2020-09-21T07:09:28.458Z\",\n      \"updatedAt\": \"2021-01-01T21:02:32.991Z\",\n      \"__v\": 0,\n      \"created_by\": \"5e4839cd1c2d53001dcc0696\",\n      \"updated_by\": \"5e4839cd1c2d53001dcc0696\",\n      \"id\": \"5f6851a85ee4c9001d2b96af\"\n    },\n    \"description\": \"Spring Boot makes it easy to create stand-alone, production-grade Spring based Applications that you can \\\"just run\\\".\\n\\n- Embed Tomcat, Jetty or Undertow directly (no need to deploy WAR files)\\n- Provide opinionated 'starter' dependencies to simplify your build configuration\\n- Automatically configure Spring and 3rd party libraries whenever possible\\n- Provide production-ready features such as metrics, health checks, and externalized configuration\",\n    \"jobs\": [\n      {\n        \"education\": false,\n        \"includeOnResume\": true,\n        \"attachments\": [],\n        \"skills\": [\n          \"5f635b7e5ee4c9001d2b9633\",\n          \"5f635b8b5ee4c9001d2b9634\",\n          \"5f635c0f5ee4c9001d2b9639\",\n          \"5f635c1e5ee4c9001d2b963b\",\n          \"5f635c2e5ee4c9001d2b963c\",\n          \"5f635c745ee4c9001d2b9641\",\n          \"5f635c845ee4c9001d2b9642\",\n          \"5f635d1e5ee4c9001d2b964b\",\n          \"5f635d2c5ee4c9001d2b964c\",\n          \"5f635d905ee4c9001d2b9651\",\n          \"5f635db55ee4c9001d2b9654\",\n          \"5f635e365ee4c9001d2b965d\",\n          \"5f635e235ee4c9001d2b965b\",\n          \"5f635e2c5ee4c9001d2b965c\",\n          \"5f635e405ee4c9001d2b965e\",\n          \"5f635e935ee4c9001d2b9665\",\n          \"5f635f025ee4c9001d2b966b\",\n          \"5f635c185ee4c9001d2b963a\",\n          \"5f635ceb5ee4c9001d2b9647\",\n          \"5f635cf75ee4c9001d2b9648\",\n          \"5f635d045ee4c9001d2b9649\",\n          \"5f635d115ee4c9001d2b964a\",\n          \"5f63608d5ee4c9001d2b966e\",\n          \"602234ba9dc383001e945dd6\",\n          \"5f635b495ee4c9001d2b9630\",\n          \"5f635b555ee4c9001d2b9631\",\n          \"5f635b6a5ee4c9001d2b9632\",\n          \"5f635ca45ee4c9001d2b9643\",\n          \"5f635eae5ee4c9001d2b9667\",\n          \"5f635ef75ee4c9001d2b966a\",\n          \"5f635e625ee4c9001d2b9660\",\n          \"5f635dd35ee4c9001d2b9657\",\n          \"5f635bb85ee4c9001d2b9635\"\n        ],\n        \"_id\": \"5e53704f11c196001d06f914\",\n        \"title\": \"Software Engineering Lead\",\n        \"startDate\": \"2019-04-15\",\n        \"company\": \"Upp Technologies\",\n        \"companyUrl\": \"https://upp.ai\",\n        \"shortDescription\": \"Hands-on lead engineer in a small cross-functional team.\\n\",\n        \"createdAt\": \"2020-02-24T06:42:23.147Z\",\n        \"updatedAt\": \"2021-02-26T22:37:22.370Z\",\n        \"__v\": 0,\n        \"endDate\": \"2020-05-01\",\n        \"companyImage\": {\n          \"_id\": \"6020f0499dc383001e945dd3\",\n          \"name\": \"upp.png\",\n          \"alternativeText\": \"\",\n          \"caption\": \"\",\n          \"hash\": \"upp_4780c5270b\",\n          \"ext\": \".png\",\n          \"mime\": \"image/png\",\n          \"size\": 2.21,\n          \"width\": 141,\n          \"height\": 106,\n          \"url\": \"/uploads/upp_4780c5270b.png\",\n          \"provider\": \"local\",\n          \"related\": [\n            \"5e53704f11c196001d06f914\"\n          ],\n          \"createdAt\": \"2021-02-08T08:03:21.134Z\",\n          \"updatedAt\": \"2021-02-08T08:03:37.545Z\",\n          \"__v\": 0,\n          \"created_by\": \"5e4839cd1c2d53001dcc0696\",\n          \"updated_by\": \"5e4839cd1c2d53001dcc0696\",\n          \"id\": \"6020f0499dc383001e945dd3\"\n        },\n        \"updated_by\": \"5e4839cd1c2d53001dcc0696\",\n        \"longDescription\": \"Lead Engineer working on all verticals (front end, backend, ops) of the Upp Intelligent Platform. Lead a small cross-functional team of 5 to deliver an event-driven, microservices architecture compromising of the following modules:\\n\\n* Onboarding - data ingestion from 3rd party product providers such as Magento, Shopify and others in conjunction with IPaas (Integration Platform as a Service) This module also consisted of a proprietary data mapping solution.\\n* Products - enrichment, bulk operations and search functionality (using an inverted index).\\n* Margin Hub - a suite of microservices integrating numerous different data points to report on product profitability and suggest intelligent actions to optimise margin.\\n\\n\\nIn addition to leading feature development, my role also comprised of promoting best practises amongst other agile teams including but not limited to:\\n\\n* Creating a customized version of spring initializr that generated skeleton services with all required libraries, Jenkins pipeline definitions, Kubernetes manifest files etc so developers could concentrate on delivering business logic and not plumbing;\\n* Spring Boot starter library for event sourcing\\n* Component testing using test containers\\n* Service - Service authentication using OIDC client credentials with keycloak.\",\n        \"location\": \"London\",\n        \"id\": \"5e53704f11c196001d06f914\"\n      },\n      {\n        \"education\": false,\n        \"includeOnResume\": true,\n        \"attachments\": [],\n        \"skills\": [\n          \"5f635b3f5ee4c9001d2b962f\",\n          \"5f635b7e5ee4c9001d2b9633\",\n          \"5f635b8b5ee4c9001d2b9634\",\n          \"5f635bcd5ee4c9001d2b9636\",\n          \"5f635bf05ee4c9001d2b9637\",\n          \"5f635c1e5ee4c9001d2b963b\",\n          \"5f635c455ee4c9001d2b963e\",\n          \"5f635c745ee4c9001d2b9641\",\n          \"5f635c845ee4c9001d2b9642\",\n          \"5f635d645ee4c9001d2b964e\",\n          \"5f635d425ee4c9001d2b964d\",\n          \"5f635c185ee4c9001d2b963a\",\n          \"5f635da95ee4c9001d2b9653\",\n          \"5f635e405ee4c9001d2b965e\",\n          \"5f635e365ee4c9001d2b965d\",\n          \"5f635ea45ee4c9001d2b9666\",\n          \"602235769dc383001e945dd9\",\n          \"5f63608d5ee4c9001d2b966e\",\n          \"5f635b495ee4c9001d2b9630\",\n          \"5f635b6a5ee4c9001d2b9632\",\n          \"5f635ca45ee4c9001d2b9643\",\n          \"5f635bb85ee4c9001d2b9635\"\n        ],\n        \"_id\": \"5e5370e311c196001d06f917\",\n        \"title\": \"Senior Platform Architect\",\n        \"startDate\": \"2018-08-01\",\n        \"endDate\": \"2019-04-12\",\n        \"company\": \"Pivotal\",\n        \"companyUrl\": \"https://pivotal.io/\",\n        \"shortDescription\": \"Applications Focused Platform Architect specialising in cloud native development.\",\n        \"createdAt\": \"2020-02-24T06:44:51.218Z\",\n        \"updatedAt\": \"2021-02-26T22:37:22.370Z\",\n        \"__v\": 0,\n        \"companyImage\": {\n          \"_id\": \"5f6618165ee4c9001d2b969a\",\n          \"name\": \"pivotal (1).png\",\n          \"alternativeText\": \"\",\n          \"caption\": \"\",\n          \"hash\": \"pivotal_1_06ffe33158\",\n          \"ext\": \".png\",\n          \"mime\": \"image/jpeg\",\n          \"size\": 1.9,\n          \"width\": 200,\n          \"height\": 200,\n          \"url\": \"/uploads/pivotal_1_06ffe33158.png\",\n          \"formats\": {\n            \"thumbnail\": {\n              \"name\": \"thumbnail_pivotal (1).png\",\n              \"hash\": \"thumbnail_pivotal_1_06ffe33158\",\n              \"ext\": \".png\",\n              \"mime\": \"image/jpeg\",\n              \"width\": 156,\n              \"height\": 156,\n              \"size\": 1.52,\n              \"path\": null,\n              \"url\": \"/uploads/thumbnail_pivotal_1_06ffe33158.png\"\n            }\n          },\n          \"provider\": \"local\",\n          \"related\": [\n            \"5e5370e311c196001d06f917\"\n          ],\n          \"createdAt\": \"2020-09-19T14:39:18.005Z\",\n          \"updatedAt\": \"2021-02-08T08:20:54.295Z\",\n          \"__v\": 0,\n          \"created_by\": \"5e4839cd1c2d53001dcc0696\",\n          \"updated_by\": \"5e4839cd1c2d53001dcc0696\",\n          \"id\": \"5f6618165ee4c9001d2b969a\"\n        },\n        \"updated_by\": \"5e4839cd1c2d53001dcc0696\",\n        \"longDescription\": \"Applications focused platform architect, aiding clients to become successful by building cloud-native apps utilizing the Spring ecosystem and platforms like Cloud Foundry and Kubernetes.\\n\\nDuties included:\\n- Delivering Cloud-Native Developer and other workshops to a number of clients which contained topics (not limited to):\\n  - Introduction to Spring Boot\\n  - Reactive programming with Spring Boot and Project Reactor\\n  - Producer driven contracts with Spring Cloud Contract\\n  - Cloud Foundry and BOSH\\n  - The mechanics behind ```cf push``` and the service broker.\\n  - Buildpacks\\n  - Steeltoe\\n\\n- Speaking at the cloud-native meetups and webinars including the most ever subscribed webinar for Pivotal EMEA (at the time): [Securing microservices with Spring and Cloud Foundry](https://www.brighttalk.com/webcast/14883/345709/securing-microservices-with-spring-and-pivotal-cloud-foundry)\\n\\n- Pre-sales pitches to prospective clients outlining the positive outcomes of building cloud-native apps with spring and running them with Cloud Foundry.\",\n        \"location\": \"London\",\n        \"id\": \"5e5370e311c196001d06f917\"\n      },\n      {\n        \"education\": false,\n        \"includeOnResume\": true,\n        \"attachments\": [],\n        \"skills\": [\n          \"5f635b3f5ee4c9001d2b962f\",\n          \"5f635b8b5ee4c9001d2b9634\",\n          \"5f635c185ee4c9001d2b963a\",\n          \"5f635c2e5ee4c9001d2b963c\",\n          \"5f635c675ee4c9001d2b9640\",\n          \"5f635c745ee4c9001d2b9641\",\n          \"5f635c845ee4c9001d2b9642\",\n          \"5f635cb65ee4c9001d2b9644\",\n          \"5f635cc45ee4c9001d2b9645\",\n          \"5f635cdc5ee4c9001d2b9646\",\n          \"5f635ceb5ee4c9001d2b9647\",\n          \"5f635d045ee4c9001d2b9649\",\n          \"5f635d115ee4c9001d2b964a\",\n          \"5f635d1e5ee4c9001d2b964b\",\n          \"5f635d2c5ee4c9001d2b964c\",\n          \"5f635d425ee4c9001d2b964d\",\n          \"5f635d7e5ee4c9001d2b964f\",\n          \"5f635d875ee4c9001d2b9650\",\n          \"5f635d905ee4c9001d2b9651\",\n          \"5f635d9e5ee4c9001d2b9652\",\n          \"5f635da95ee4c9001d2b9653\",\n          \"5f635dbe5ee4c9001d2b9655\",\n          \"5f635dde5ee4c9001d2b9658\",\n          \"5f635e235ee4c9001d2b965b\",\n          \"5f635e595ee4c9001d2b965f\",\n          \"5f635e755ee4c9001d2b9662\",\n          \"5f635df45ee4c9001d2b965a\",\n          \"5f635de75ee4c9001d2b9659\",\n          \"5f635e7d5ee4c9001d2b9663\",\n          \"5f635e885ee4c9001d2b9664\",\n          \"5f635ea45ee4c9001d2b9666\",\n          \"5f635ee35ee4c9001d2b9668\",\n          \"602236d69dc383001e945ddc\",\n          \"6029446c9dc383001e945de9\",\n          \"5f635b6a5ee4c9001d2b9632\",\n          \"5f635bb85ee4c9001d2b9635\"\n        ],\n        \"_id\": \"5e53713a11c196001d06f91a\",\n        \"title\": \"Senior Director, Java Development\",\n        \"startDate\": \"2011-07-12\",\n        \"createdAt\": \"2020-02-24T06:46:18.484Z\",\n        \"updatedAt\": \"2021-02-26T22:37:22.370Z\",\n        \"__v\": 0,\n        \"company\": \"Universal Music Publishing\",\n        \"companyUrl\": \"https://www.umusicpub.com/\",\n        \"endDate\": \"2018-08-11\",\n        \"shortDescription\": \"Technology leader in cloud native development for business critical applications.\",\n        \"companyImage\": {\n          \"_id\": \"5f6618325ee4c9001d2b969c\",\n          \"name\": \"umpg.png\",\n          \"alternativeText\": \"\",\n          \"caption\": \"\",\n          \"hash\": \"umpg_121becd400\",\n          \"ext\": \".png\",\n          \"mime\": \"image/png\",\n          \"size\": 129.45,\n          \"width\": 400,\n          \"height\": 400,\n          \"url\": \"/uploads/umpg_121becd400.png\",\n          \"formats\": {\n            \"thumbnail\": {\n              \"name\": \"thumbnail_umpg.png\",\n              \"hash\": \"thumbnail_umpg_121becd400\",\n              \"ext\": \".png\",\n              \"mime\": \"image/png\",\n              \"width\": 156,\n              \"height\": 156,\n              \"size\": 31.14,\n              \"path\": null,\n              \"url\": \"/uploads/thumbnail_umpg_121becd400.png\"\n            }\n          },\n          \"provider\": \"local\",\n          \"related\": [\n            \"5e53713a11c196001d06f91a\"\n          ],\n          \"createdAt\": \"2020-09-19T14:39:46.169Z\",\n          \"updatedAt\": \"2021-02-08T08:15:39.296Z\",\n          \"__v\": 0,\n          \"created_by\": \"5e4839cd1c2d53001dcc0696\",\n          \"updated_by\": \"5e4839cd1c2d53001dcc0696\",\n          \"id\": \"5f6618325ee4c9001d2b969c\"\n        },\n        \"updated_by\": \"5e4839cd1c2d53001dcc0696\",\n        \"longDescription\": \"Responsible for architecture and delivery of greenfield internal and public facing business applications. Super scrum master, removing obstacles for four dynamic scrum teams. Frequent commiter.\\n\\nRe-architecture of multiple monoliths with single points of failure to AWS,resulting in scalable, fault tolerant software reducing the operational cost significantly.\\n\\nIntroduced automated testing as a development activity utilising technologies such as cucumber, selenium, docker which allows for far shorter release cycles.\\n\\nDesigned the company's first 'serverless' application at AWS, Utilising ECS Fargate, Lambda, SQS, SNS, ElasticSearch, S3.\",\n        \"location\": \"London\",\n        \"id\": \"5e53713a11c196001d06f91a\"\n      },\n      {\n        \"education\": false,\n        \"includeOnResume\": true,\n        \"attachments\": [],\n        \"skills\": [\n          \"5f635b7e5ee4c9001d2b9633\",\n          \"5f635b8b5ee4c9001d2b9634\",\n          \"5f635bf05ee4c9001d2b9637\",\n          \"5f635c0f5ee4c9001d2b9639\",\n          \"5f635c185ee4c9001d2b963a\",\n          \"5f635c1e5ee4c9001d2b963b\",\n          \"5f635c005ee4c9001d2b9638\",\n          \"5f635c2e5ee4c9001d2b963c\",\n          \"5f635c4f5ee4c9001d2b963f\",\n          \"5f635c675ee4c9001d2b9640\",\n          \"5f635c745ee4c9001d2b9641\",\n          \"5f635c845ee4c9001d2b9642\",\n          \"5f635ceb5ee4c9001d2b9647\",\n          \"5f635cf75ee4c9001d2b9648\",\n          \"5f635d045ee4c9001d2b9649\",\n          \"5f635d115ee4c9001d2b964a\",\n          \"5f635d1e5ee4c9001d2b964b\",\n          \"5f635d2c5ee4c9001d2b964c\",\n          \"5f635d425ee4c9001d2b964d\",\n          \"5f635d905ee4c9001d2b9651\",\n          \"5f635db55ee4c9001d2b9654\",\n          \"5f635dde5ee4c9001d2b9658\",\n          \"5f635e235ee4c9001d2b965b\",\n          \"5f635e2c5ee4c9001d2b965c\",\n          \"5f635e935ee4c9001d2b9665\",\n          \"5f635ef05ee4c9001d2b9669\",\n          \"5f635f8f5ee4c9001d2b966c\",\n          \"5f635f995ee4c9001d2b966d\",\n          \"5f635f025ee4c9001d2b966b\",\n          \"5f63608d5ee4c9001d2b966e\",\n          \"602234ba9dc383001e945dd6\",\n          \"5f635b555ee4c9001d2b9631\",\n          \"5f635b6a5ee4c9001d2b9632\",\n          \"5f635ca45ee4c9001d2b9643\",\n          \"5f635eae5ee4c9001d2b9667\",\n          \"5f635ef75ee4c9001d2b966a\",\n          \"5f635c375ee4c9001d2b963d\",\n          \"5f635e625ee4c9001d2b9660\",\n          \"5f635dd35ee4c9001d2b9657\",\n          \"5f635bb85ee4c9001d2b9635\",\n          \"60291c5d9dc383001e945de2\"\n        ],\n        \"_id\": \"5eedd4803c8d74001e4497f5\",\n        \"startDate\": \"2020-05-04\",\n        \"company\": \"Y-Tree\",\n        \"companyUrl\": \"https://y-tree.com/\",\n        \"title\": \"Senior Developer\",\n        \"createdAt\": \"2020-06-20T09:18:56.102Z\",\n        \"updatedAt\": \"2021-02-26T22:39:33.470Z\",\n        \"__v\": 0,\n        \"companyImage\": {\n          \"_id\": \"5eedd46e3c8d74001e4497f4\",\n          \"name\": \"YTree\",\n          \"alternativeText\": \"\",\n          \"caption\": \"\",\n          \"hash\": \"YT_ree_50b80993fc\",\n          \"ext\": \".png\",\n          \"mime\": \"image/png\",\n          \"size\": 6.33,\n          \"width\": 200,\n          \"height\": 200,\n          \"url\": \"/uploads/YT_ree_50b80993fc.png\",\n          \"formats\": {\n            \"thumbnail\": {\n              \"hash\": \"thumbnail_YT_ree_50b80993fc\",\n              \"ext\": \".png\",\n              \"mime\": \"image/png\",\n              \"width\": 156,\n              \"height\": 156,\n              \"size\": 10.07,\n              \"path\": null,\n              \"url\": \"/uploads/thumbnail_YT_ree_50b80993fc.png\"\n            }\n          },\n          \"provider\": \"local\",\n          \"related\": [\n            \"5eedd4803c8d74001e4497f5\"\n          ],\n          \"createdAt\": \"2020-06-20T09:18:38.337Z\",\n          \"updatedAt\": \"2020-06-20T09:18:56.106Z\",\n          \"__v\": 0,\n          \"id\": \"5eedd46e3c8d74001e4497f4\"\n        },\n        \"shortDescription\": \"Lead Developer of exciting fin-tech platform composed of event-driven and restful microservices.\",\n        \"updated_by\": \"5e4839cd1c2d53001dcc0696\",\n        \"longDescription\": \"Lead Developer of exciting fin-tech platform composed of event-driven and restful microservices.\\n\\nHeavily involved in transforming a monolithic application into a suite of fault-tolerant event-driven and restful microservices written with Kotlin and Spring Boot. \\n\\nLead a cloud-native transformation by improving the path to production of services by introducing a number of tools and technologies to aide with continuous delivery of features:\\n\\n-  Cucumber for integration testing\\n-  Pact for contract testing (consumer-driven contracts for both synchronous (HTTP) and event-driven (Kafka) communication)\\n-  Test Containers for component testing\\n-  Use of Spring Cloud Kubernetes and Spring Cloud vault for environment-specific configuration (as per the [12-factor app](https://12factor.net/))\\n- Jenkin X pipelines to build and deploy helm charts for each service and environment.\\n- Keycloak for identity management.\\n- Rolling updates of k8s deployments for no-outage releases.\\n\\nAlso contributed to the YTree technical blog sharing knowledge amongst the team in the form of both written blogs and recorded videos. \\n\\n\\n\\n\\n\\n\",\n        \"location\": \"London\",\n        \"id\": \"5eedd4803c8d74001e4497f5\"\n      }\n    ],\n    \"blogs\": [\n      {\n        \"published\": true,\n        \"tags\": [\n          \"5e495da7bc8d7d001ddbd7c5\",\n          \"5f02da709d8081001fd38fa4\",\n          \"5f03901b9d8081001fd38fa7\",\n          \"5f0390249d8081001fd38fa8\",\n          \"5f0390329d8081001fd38fa9\",\n          \"5f0390499d8081001fd38faa\"\n        ],\n        \"skills\": [\n          \"5f635c2e5ee4c9001d2b963c\",\n          \"5f635f8f5ee4c9001d2b966c\",\n          \"5f635f995ee4c9001d2b966d\",\n          \"5f635c185ee4c9001d2b963a\",\n          \"5f635c4f5ee4c9001d2b963f\",\n          \"5f635e935ee4c9001d2b9665\",\n          \"5f635b555ee4c9001d2b9631\",\n          \"5f635b6a5ee4c9001d2b9632\",\n          \"5f635ca45ee4c9001d2b9643\",\n          \"5f635c375ee4c9001d2b963d\",\n          \"5f635e625ee4c9001d2b9660\"\n        ],\n        \"_id\": \"5f0215c69d8081001fd38fa1\",\n        \"title\": \"Creating a rich web app that can be hosted from home\",\n        \"shortDescription\": \"A quick introduction into the various components of my personal website including jenkinsx, kubernetes, letsencrypt and more.\",\n        \"createdAt\": \"2020-07-05T18:02:46.731Z\",\n        \"updatedAt\": \"2021-02-26T22:37:08.645Z\",\n        \"__v\": 0,\n        \"image\": {\n          \"_id\": \"5f6616045ee4c9001d2b968a\",\n          \"name\": \"Website Icon.jpeg\",\n          \"alternativeText\": \"\",\n          \"caption\": \"\",\n          \"hash\": \"Website_Icon_727b161f01\",\n          \"ext\": \".jpeg\",\n          \"mime\": \"image/jpeg\",\n          \"size\": 48.93,\n          \"width\": 776,\n          \"height\": 542,\n          \"url\": \"/uploads/Website_Icon_727b161f01.jpeg\",\n          \"formats\": {\n            \"thumbnail\": {\n              \"name\": \"thumbnail_Website Icon.jpeg\",\n              \"hash\": \"thumbnail_Website_Icon_727b161f01\",\n              \"ext\": \".jpeg\",\n              \"mime\": \"image/jpeg\",\n              \"width\": 223,\n              \"height\": 156,\n              \"size\": 6.2,\n              \"path\": null,\n              \"url\": \"/uploads/thumbnail_Website_Icon_727b161f01.jpeg\"\n            },\n            \"medium\": {\n              \"name\": \"medium_Website Icon.jpeg\",\n              \"hash\": \"medium_Website_Icon_727b161f01\",\n              \"ext\": \".jpeg\",\n              \"mime\": \"image/jpeg\",\n              \"width\": 750,\n              \"height\": 524,\n              \"size\": 45.54,\n              \"path\": null,\n              \"url\": \"/uploads/medium_Website_Icon_727b161f01.jpeg\"\n            },\n            \"small\": {\n              \"name\": \"small_Website Icon.jpeg\",\n              \"hash\": \"small_Website_Icon_727b161f01\",\n              \"ext\": \".jpeg\",\n              \"mime\": \"image/jpeg\",\n              \"width\": 500,\n              \"height\": 349,\n              \"size\": 22.91,\n              \"path\": null,\n              \"url\": \"/uploads/small_Website_Icon_727b161f01.jpeg\"\n            }\n          },\n          \"provider\": \"local\",\n          \"related\": [\n            \"5f0215c69d8081001fd38fa1\"\n          ],\n          \"createdAt\": \"2020-09-19T14:30:28.441Z\",\n          \"updatedAt\": \"2021-02-21T19:31:52.126Z\",\n          \"__v\": 0,\n          \"created_by\": \"5e4839cd1c2d53001dcc0696\",\n          \"updated_by\": \"5e4839cd1c2d53001dcc0696\",\n          \"id\": \"5f6616045ee4c9001d2b968a\"\n        },\n        \"content\": \"I'm the kind of person that learns by doing - the more I do, the more it sinks in. Whilst attempting to keep my skills up to date, I had the idea of building a rich web application which would serve up my CV, and it could also double as a place to hone and demonstrate my skillsets in certain technologies. Eventually, I could even start blogging about these experiences. \\n\\nThe first thing I decided I would need would be a CMS (Content Management System). The content of my website would have to be dynamic, as I would like to keep my CV and blog up to date.  There were many options available here, but I finally settled on a headless CMS named ([strapi](https://strapi.io/)). Strapi would also require some sort of persistence layer, and  [mongodb](https://www.mongodb.com/ seemed to be a sensible choice.\\n\\nFor the web interface itself, there was a bit of competition between React and Angular. After spending years commercially working on Angular projects, I decided that React could be a good thing to learn and went with that.  \\n\\n```npx create-react-app my-app --template typescript``` is the command used to boostrap my react SPA (single page application) and I found a boostrap template from [here](https://wrapbootstrap.com/).\\n\\nSo far so good right ? I had picked the basic building blocks for building this dynamic CV/blog, but where would I run it ? I had a perfectly good iMac that was unused, and a fast enough internet connection. This app doesnt need to be highly available, as its just a little hobby app so this would suit well. I could use [ngrok](https://ngrok.com/) to make my app available to the internet, and I could use [Route 53](https://aws.amazon.com/route53/) to set up and configure my domain.\\n\\nKubernetes is a very popular way or running cloud native apps, so this was a pretty easy choice, the only issue was what flavour of it would work best on a mac. I started off with minikube, but started to have issues with persistent volumes, so eventually went with [kind (kubernetes in docker)](https://kind.sigs.k8s.io/). I could easily install nginx ingress controller, and it was super easy to configure.\\n\\nThe last thing to consider was how to deploy the individual components or services to the kubernetes cluster. One of my requirements was that I would want to make continual improvments to my app, so the deployment process must be as simple as possible. I would want to have git projects for each service,  build a container image, and deploy a helm chart (a helm chart is a collection of files that describe a related set of Kubernetes resources).  [Jenkins X](https://jenkins-x.io/) describes itself as *Jenkins X provides pipeline automation, built-in GitOps, and preview environments to help teams collaborate and accelerate their software delivery at any scale*. There was out of the box support for kubernetes flavours such as GKE (google cloud) and EKS (amazon web services), but a bit of customisation would be required if i wanted to run this on my local kubernetes cluster. This was easy enough and I was able to configure the following:\\n- [Harbor](https://goharbor.io/) as the container registry of choice\\n- [Cert Manager](https://cert-manager.io/) - configure cert manager to generate lets encrpt certificates using ACME challennges based on my use of AWS Route 53 for dns.\\n- Installed MongoDB in the control plane.\\n\\nOverall my initial architecture looked something like this:\\n\\n![Website V1](/uploads/Website_V1_c3889a1afa.jpeg)\\n\\n\\n*All source code for this app can be found here: (https://github.com/simonjamesrowe)*\",\n        \"updated_by\": \"5e4839cd1c2d53001dcc0696\",\n        \"id\": \"5f0215c69d8081001fd38fa1\"\n      },\n      {\n        \"published\": true,\n        \"tags\": [\n          \"5f04154f9d8081001fd38fbb\",\n          \"5feed20367bdd6001e9c12cc\",\n          \"5feed20e67bdd6001e9c12cd\",\n          \"5f0390329d8081001fd38fa9\"\n        ],\n        \"skills\": [\n          \"5f63608d5ee4c9001d2b966e\",\n          \"5f635d905ee4c9001d2b9651\",\n          \"5f635b3f5ee4c9001d2b962f\",\n          \"5f635b495ee4c9001d2b9630\",\n          \"5f635b6a5ee4c9001d2b9632\",\n          \"5f635dd35ee4c9001d2b9657\"\n        ],\n        \"_id\": \"5feed01b67bdd6001e9c12c8\",\n        \"title\": \"Component Testing Spring Apps using Test Containers\",\n        \"shortDescription\": \"In this post we will look at how we can use test containers to perform component tests for Spring Boot applications.\",\n        \"createdAt\": \"2021-01-01T07:32:43.596Z\",\n        \"updatedAt\": \"2021-02-26T22:37:14.981Z\",\n        \"__v\": 0,\n        \"created_by\": \"5e4839cd1c2d53001dcc0696\",\n        \"image\": {\n          \"_id\": \"5feed11f67bdd6001e9c12ca\",\n          \"name\": \"testcontainers.png\",\n          \"alternativeText\": \"\",\n          \"caption\": \"\",\n          \"hash\": \"testcontainers_2f37d400f4\",\n          \"ext\": \".png\",\n          \"mime\": \"image/png\",\n          \"size\": 42,\n          \"width\": 1024,\n          \"height\": 512,\n          \"url\": \"/uploads/testcontainers_2f37d400f4.png\",\n          \"formats\": {\n            \"thumbnail\": {\n              \"name\": \"thumbnail_testcontainers.png\",\n              \"hash\": \"thumbnail_testcontainers_2f37d400f4\",\n              \"ext\": \".png\",\n              \"mime\": \"image/png\",\n              \"width\": 245,\n              \"height\": 122,\n              \"size\": 10.52,\n              \"path\": null,\n              \"url\": \"/uploads/thumbnail_testcontainers_2f37d400f4.png\"\n            },\n            \"large\": {\n              \"name\": \"large_testcontainers.png\",\n              \"hash\": \"large_testcontainers_2f37d400f4\",\n              \"ext\": \".png\",\n              \"mime\": \"image/png\",\n              \"width\": 1000,\n              \"height\": 500,\n              \"size\": 63.76,\n              \"path\": null,\n              \"url\": \"/uploads/large_testcontainers_2f37d400f4.png\"\n            },\n            \"medium\": {\n              \"name\": \"medium_testcontainers.png\",\n              \"hash\": \"medium_testcontainers_2f37d400f4\",\n              \"ext\": \".png\",\n              \"mime\": \"image/png\",\n              \"width\": 750,\n              \"height\": 375,\n              \"size\": 41.92,\n              \"path\": null,\n              \"url\": \"/uploads/medium_testcontainers_2f37d400f4.png\"\n            },\n            \"small\": {\n              \"name\": \"small_testcontainers.png\",\n              \"hash\": \"small_testcontainers_2f37d400f4\",\n              \"ext\": \".png\",\n              \"mime\": \"image/png\",\n              \"width\": 500,\n              \"height\": 250,\n              \"size\": 24.53,\n              \"path\": null,\n              \"url\": \"/uploads/small_testcontainers_2f37d400f4.png\"\n            }\n          },\n          \"provider\": \"local\",\n          \"related\": [\n            \"5feed01b67bdd6001e9c12c8\"\n          ],\n          \"createdAt\": \"2021-01-01T07:37:03.807Z\",\n          \"updatedAt\": \"2021-01-01T07:37:21.880Z\",\n          \"__v\": 0,\n          \"created_by\": \"5e4839cd1c2d53001dcc0696\",\n          \"updated_by\": \"5e4839cd1c2d53001dcc0696\",\n          \"id\": \"5feed11f67bdd6001e9c12ca\"\n        },\n        \"updated_by\": \"5e4839cd1c2d53001dcc0696\",\n        \"content\": \"If we look at the test pyramid, below the first dotted lines are the kinds of tests that provide developers the fastest possible feedback on whether their software does what they expect it to do. \\n\\n![test pyramid.png](/uploads/test_pyramid_20a291f0ee.png)\\n\\nUnit tests can be used to test individual classes, and can use mocks (using libraries like mockito, mockk or easy mock) to mock dependencies. But what about when we need to test whether our application can read and write from a database in the expected manner, or produce and consume from some messaging middleware like kafka or rabbitmq ? \\n\\n[Test Containers](https://www.testcontainers.org/) is a fantastic library where you can spin up docker containers  where you can run these kinds of tests. It has fantastic built in support for all sorts of technologies from nosql to rdbc datastores, kafka, in memory data grids like redis and so forth.  It has fantastic integration with JUnit5 and also Spring Boot.\\n\\nHere is an example of how we can write a simple component test to test an applications data access layer (DAO) where we are using postgres as the data store:\\n```java\\n@DataJpaTest\\n@ContextConfiguration(initializers = {SampleRepositoryComponentTest.Initializer.class})\\npublic class SampleRepositoryComponentTest {\\n\\n    @Autowired\\n    private SampleRepository sampleRepository;\\n\\n    @ClassRule\\n    public static PostgreSQLContainer postgreSQLContainer = new PostgreSQLContainer(\\\"postgres:11.1\\\")\\n      .withDatabaseName(\\\"test\\\")\\n      .withUsername(\\\"user\\\")\\n      .withPassword(\\\"password\\\");\\n\\n    static class Initializer\\n      implements ApplicationContextInitializer<ConfigurableApplicationContext> {\\n        public void initialize(ConfigurableApplicationContext configurableApplicationContext) {\\n            TestPropertyValues.of(\\n              \\\"spring.datasource.url=\\\" + postgreSQLContainer.getJdbcUrl(),\\n              \\\"spring.datasource.username=\\\" + postgreSQLContainer.getUsername(),\\n              \\\"spring.datasource.password=\\\" + postgreSQLContainer.getPassword()\\n            ).applyTo(configurableApplicationContext.getEnvironment());\\n        }\\n    }\\n\\n   @Test\\n   public void testInsertSampleRecords() {\\n      .....\\n   }\\n}\\n```\\n\\nPretty neat right ? We can create a @ClassRule to define what kind of test container we want, and then use a static class to provide the spring context with the appropriate properties so that it can create the Datasource and run the tests. \\n\\nIf we have a number of other repositories that need similar tests, we could easily start to see a lot of duplicated code creep in, as well as the fact that this container will only stay alive for the duration that tests on this class are being executed. If we had a number of other @DataJpaTest's as well as other integration tests, this overhead of spinning up and destroying containers could have a negative impact on the feedback cycle back to the developer.\\n\\nI have created my own library called component-test, that allows some simple annotations to be used when working with Spring Boot tests and test containers. You can check out the github repo [here](https://github.com/simonjamesrowe/component-test), and if you want to use this library you can simply include my nexus repository ```https://nexus-jx.simonjamesrowe.com/repository/maven-group/``` and include the test dependency ```testImplementation(\\\"com.simonjamesrowe:component-test:0.0.5\\\")```.\\n\\nIf we were to write a similar test to the one above using the component-test library it would look something like this:\\n```java\\n@ExtendWith(TestContainersExtension.class)\\n@WithPostgresContainer\\n@DataJpaTest\\npublic class SampleRepositoryComponentTest {\\n\\n  @Autowired\\n  private SampleRepository sampleRepository;\\n\\n   @Test\\n   public void testInsertSampleRecords() {\\n      .....\\n   }\\n}\\n```\\n\\nMost of the work here is done in the ```TestContainersExtension``` class, which looks at any annotation on the test class that extends ```@TestContainer``` annotation and co-ordinates the initialisation of the containers before the spring test context is started, and provides the test context with the relevant properties. At the time of this writing my projects caused me to support a number of containers (that all extend the ```@TestContainer``` annotation):\\n-  ```@WithElasticSearchContainer```\\n-  ```@WithMongoDbContainer```\\n-  ```@WithRedisContainer```\\n-  ```@WithVaultContainer```\\n\\nThe library also supports use of Embedded Kafka via a customised @EmbeddedKafka annotation. An example of how to use this is here:\\n\\n```java\\n@WithEmbeddedKafka\\n@DirtiesContext(classMode = DirtiesContext.ClassMode.BEFORE_CLASS)\\n@Import({TestKafkaListener.class, KafkaAutoConfiguration.class})\\npublic class EmbeddedKafkaTest extends BaseComponentTest {\\n\\n  @Autowired\\n  private KafkaTemplate kafkaTemplate;\\n\\n  @Autowired\\n  private TestKafkaListener testKafkaListener;\\n\\n  @Test\\n  public void testKafkaContainer() throws Exception {\\n    kafkaTemplate.send(\\\"test\\\", \\\"key\\\", \\\"Hello World\\\");\\n\\n    Failsafe.with(new RetryPolicy().withMaxRetries(5).withBackoff(1, 10, ChronoUnit.SECONDS))\\n        .get(() -> assertThat(testKafkaListener.getData()).isEqualTo(\\\"Hello World\\\")\\n        );\\n  }\\n}\\n\\n@Service\\n@Lazy\\nclass TestKafkaListener {\\n\\n  private String data;\\n\\n  public String getData() {\\n    return data;\\n  }\\n\\n  @KafkaListener(topics = \\\"test\\\", groupId = \\\"test\\\")\\n  public void listen(@Payload String messagePayload) {\\n    data = messagePayload;\\n  }\\n\\n}\\n```\\n\\nLast but not least, this library also includes support for wiremock. Simple add a json file containing these contents in the ```src/main/resources/META-INF/mappings``` directory: \\n```json\\n{\\n  \\\"request\\\": {\\n    \\\"method\\\": \\\"GET\\\",\\n    \\\"url\\\": \\\"/test\\\"\\n  },\\n  \\\"response\\\": {\\n    \\\"status\\\": 200,\\n    \\\"jsonBody\\\":  {\\n      \\\"hello\\\" : \\\"world\\\"\\n    },\\n    \\\"headers\\\": {\\n      \\\"Content-Type\\\": \\\"application/json\\\"\\n    }\\n  }\\n}\\n```\\n\\nAnd we can write a test that looks like this:\\n```java\\npublic class WiremockBootstrapContextTest extends BaseComponentTest {\\n\\n    @Value(\\\"http://localhost:${wiremock.server.port}/test\\\")\\n    private String testEndpoint;\\n\\n    @Test\\n    public void testCanAccessWiremockServer() {\\n        RestTemplate restTemplate = new RestTemplate();\\n        Map<String,String> helloWorld = restTemplate.getForObject(testEndpoint, Map.class);\\n        assertThat(helloWorld).containsEntry(\\\"hello\\\", \\\"world\\\");\\n    }\\n\\n}\\n```\\nThis is extremely useful if the service that we are performing component tests for is consuming some 3rd party api's via http(s). \",\n        \"id\": \"5feed01b67bdd6001e9c12c8\"\n      },\n      {\n        \"published\": true,\n        \"tags\": [\n          \"5f02da709d8081001fd38fa4\",\n          \"5feed20367bdd6001e9c12cc\"\n        ],\n        \"skills\": [\n          \"5f635f8f5ee4c9001d2b966c\",\n          \"5f635b495ee4c9001d2b9630\",\n          \"5f635b555ee4c9001d2b9631\",\n          \"5f635b6a5ee4c9001d2b9632\",\n          \"5f635c375ee4c9001d2b963d\"\n        ],\n        \"_id\": \"5feed4c667bdd6001e9c12d0\",\n        \"title\": \"Creating custom version of Spring Initializr\",\n        \"shortDescription\": \"In this post we will look at forking the start.spring.io github repo to create a customised version of the spring initializr that will generate skeleton apps that can be imported into jenkins x.\",\n        \"createdAt\": \"2021-01-03T07:52:38.827Z\",\n        \"updatedAt\": \"2021-02-26T22:36:56.990Z\",\n        \"__v\": 0,\n        \"created_by\": \"5e4839cd1c2d53001dcc0696\",\n        \"image\": {\n          \"_id\": \"5f6851a85ee4c9001d2b96af\",\n          \"name\": \"spring-boot.jpeg\",\n          \"alternativeText\": \"\",\n          \"caption\": \"\",\n          \"hash\": \"spring_boot_5ee37de4c1\",\n          \"ext\": \".jpeg\",\n          \"mime\": \"image/png\",\n          \"size\": 7.98,\n          \"width\": 400,\n          \"height\": 400,\n          \"url\": \"/uploads/spring_boot_5ee37de4c1.jpeg\",\n          \"formats\": {\n            \"thumbnail\": {\n              \"name\": \"thumbnail_spring-boot.jpeg\",\n              \"hash\": \"thumbnail_spring_boot_5ee37de4c1\",\n              \"ext\": \".jpeg\",\n              \"mime\": \"image/png\",\n              \"width\": 156,\n              \"height\": 156,\n              \"size\": 5.21,\n              \"path\": null,\n              \"url\": \"/uploads/thumbnail_spring_boot_5ee37de4c1.jpeg\"\n            }\n          },\n          \"provider\": \"local\",\n          \"related\": [\n            \"5f635b6a5ee4c9001d2b9632\",\n            \"5feed4c667bdd6001e9c12d0\"\n          ],\n          \"createdAt\": \"2020-09-21T07:09:28.458Z\",\n          \"updatedAt\": \"2021-01-01T21:02:32.991Z\",\n          \"__v\": 0,\n          \"created_by\": \"5e4839cd1c2d53001dcc0696\",\n          \"updated_by\": \"5e4839cd1c2d53001dcc0696\",\n          \"id\": \"5f6851a85ee4c9001d2b96af\"\n        },\n        \"updated_by\": \"5e4839cd1c2d53001dcc0696\",\n        \"content\": \"The spring initializr [start.spring.io](https://start.spring.io) allows developers to get up and running quickly when developing spring boot based microservices. It generates a skeleton spring boot project with the specified dependencies that you can easily import into your IDE (or trigger generation directly from your IDE)\\n![start-spring-io.png](/uploads/start_spring_io_f4e9eaab9b.png)\\n\\n This website [www.simonjamesrowe.com](https://www.simonjamesrowe.com) is currently fairly limited in terms of functionality, but I would like to keep adding to it in my spare time. I have chosen to use Jenkins X for my CI/CD pipelines and Kubernetes as the container orchestrator to run my microservices, so it would be nice if I could have my own version of the spring initializr that did the following:\\n- Generated Dockerfile and skaffold template for image definition.\\n- Generated the helm charts that the services would use when deploying to Kubernetes\\n- Automatically add the nexus repository that is part of the jenkins x control plane to ```build.gradle.kts``` and also allow the component-test library to be automatically included\\n-  Generation of the ```jenkins-x.yml``` Jenkins X pipeline declaration file.\\n\\nIn the future it would also be nice for this version to also automatically create the project in github as well as importing into Jenkins X (*but this can wait for v2 or v3*).\\n\\nSo where to begin? Firstly lets fork the repository ([https://github.com/spring-io/start.spring.io](https://github.com/spring-io/start.spring.io)). The repository contains a multi-module maven project that consists of:\\n- start-client - a react SPA (single page application)\\n- start-site - a spring boot application that includes start-client as a web-jar and also contains the various REST endpoints that the react client consumes.\\n\\n\\nLet look at our first requirement, we want to be able to generate new files. We can do this by implementing an interface named ```ProjectContributor```. I have defined an abstract ProjectContributor that the rest of the Contributors extend:\\n```java\\npublic abstract class BaseProjectContributor implements ProjectContributor {\\n\\n\\t@Autowired\\n\\tprotected MutableProjectDescription mutableProjectDescription;\\n\\n\\t@Autowired(required = false)\\n\\tprotected GradleBuild gradleBuild;\\n\\n\\t@Autowired\\n\\tprotected Cache cache;\\n\\n\\tprotected MustacheTemplateRenderer mustacheTemplateRenderer;\\n\\n\\t@PostConstruct\\n\\tpublic void postInit() {\\n\\t\\tmustacheTemplateRenderer = new MustacheTemplateRenderer(\\\"classpath:/templates/\\\", cache);\\n\\t}\\n\\n\\tprotected Map<String, ?> parameters() {\\n\\t\\treturn Map.of(\\\"artifactId\\\", mutableProjectDescription.getArtifactId());\\n\\t}\\n\\n\\tprotected boolean isLib() {\\n\\t\\treturn mutableProjectDescription.getArtifactId().startsWith(\\\"lib\\\");\\n\\t}\\n\\n\\tprotected boolean isService() {\\n\\t\\treturn !isLib();\\n\\t}\\n\\n\\tprotected boolean isGradleBuild() {\\n\\t\\treturn gradleBuild != null;\\n\\t}\\n\\n\\t@Override\\n\\tpublic int getOrder() {\\n\\t\\treturn 0;\\n\\t}\\n\\n}\\n```\\n\\nAs we can see in the code snippet above, this uses [moustache templates](https://mustache.github.io/). Lets look at the following:\\n```java\\npublic class SkaffoldContributor extends BaseProjectContributor {\\n\\n\\t@Override\\n\\tpublic void contribute(Path path) throws IOException {\\n\\t\\tif (isLib()) {\\n\\t\\t\\treturn;\\n\\t\\t}\\n\\t\\tPath file = Files.createFile(path.resolve(\\\"skaffold.yml\\\"));\\n\\t\\tPrintWriter writer = new PrintWriter(Files.newBufferedWriter(file));\\n\\t\\twriter.println(mustacheTemplateRenderer.render(\\\"ms/skaffold.yaml\\\", parameters()));\\n\\t\\twriter.close();\\n\\t}\\n\\n}\\n```\\n\\n```src/main/resources/tempaltes/ms/skaffold.yaml.moustache```\\n```yaml\\napiVersion: skaffold/v1beta2\\nkind: Config\\nbuild:\\n  artifacts:\\n    - image: simonjamesrowe/{{artifactId}}\\n      context: .\\n      docker: {}\\n  tagPolicy:\\n    envTemplate:\\n{{=<% %>=}}\\n      template: '{{.DOCKER_REGISTRY}}/{{.IMAGE_NAME}}:{{.VERSION}}'\\n<%={{ }}=%>\\n  local: {}\\ndeploy:\\n  kubectl: {}\\nprofiles:\\n  - name: dev\\n    build:\\n      tagPolicy:\\n        envTemplate:\\n{{=<% %>=}}\\n          template: '{{.DOCKER_REGISTRY}}/{{.IMAGE_NAME}}:{{.DIGEST_HEX}}'\\n<%={{ }}=%>\\n      local: {}\\n    deploy:\\n      helm:\\n        releases:\\n          - name: {{artifactId}}\\n            chartPath: charts/{{artifactId}}\\n            setValueTemplates:\\n{{=<% %>=}}\\n              image.repository: '{{.DOCKER_REGISTRY}}/{{.IMAGE_NAME}}'\\n              image.tag: '{{.DIGEST_HEX}}'<%={{ }}=%>\\n\\n```\\n\\nThis will generate a file that looks like this:\\n![skaffold-generation.png](/uploads/skaffold_generation_a3e6a9dda0.png)\\n\\nNext let's look at how we can customize our ```build.gradle.kts```. We can define a class that extends BuildCustomizer:\\n```java\\npublic class GradleBuildCustomiser extends KotlinDslGradleBuildWriter implements BuildCustomizer<GradleBuild> {\\n\\n\\t@Autowired\\n\\tprivate MutableProjectDescription mutableProjectDescription;\\n\\n\\t@Override\\n\\tpublic void customize(GradleBuild build) {\\n\\t\\tbuild.repositories().add(MavenRepository\\n\\t\\t\\t\\t.withIdAndUrl(\\\"simonjamesrowe\\\", \\\"https://nexus-jx.simonjamesrowe.com/repository/maven-group/\\\").build());\\n\\t\\tbuild.dependencies().add(\\\"component-test\\\");\\n\\t}\\n\\n\\t@Override\\n\\tprotected void writeTasks(IndentingWriter writer, GradleTaskContainer tasks) {\\n\\t\\tif (mutableProjectDescription.getArtifactId().startsWith(\\\"lib\\\")) {\\n\\t\\t\\tString extraTasks = \\\"\\\\ntasks.getByName<Jar>(\\\\\\\"jar\\\\\\\") {\\\\n\\\" + \\\"\\\\tenabled = true\\\\n\\\" + \\\"}\\\\n\\\" + \\\"\\\\n\\\"\\n\\t\\t\\t\\t\\t+ \\\"tasks.getByName<Jar>(\\\\\\\"bootJar\\\\\\\") {\\\\n\\\" + \\\"\\\\tenabled = false\\\\n\\\" + \\\"}\\\";\\n\\t\\t\\twriter.println(extraTasks);\\n\\t\\t}\\n\\n\\t\\tString publishing = \\\"\\\\npublishing {\\\\n\\\" + \\\"\\\\tpublications {\\\\n\\\" + \\\"\\\\t\\\\tcreate<MavenPublication>(\\\\\\\"maven\\\\\\\") {\\\\n\\\"\\n\\t\\t\\t\\t+ \\\"\\\\t\\\\t\\\\tfrom(components[\\\\\\\"java\\\\\\\"])\\\\n\\\" + \\\"\\\\t\\\\t}\\\\n\\\" + \\\"\\\\t}\\\\n\\\" + \\\"}\\\";\\n\\t\\twriter.println(publishing);\\n\\t}\\n\\n\\t@Override\\n\\tpublic int getOrder() {\\n\\t\\treturn 0;\\n\\t}\\n\\n}\\n```\\n\\nThis will simply disable bootJar task for libraries (like component-test) and also configure the maven-publish plugin, as well as adding the component-test dependency (see ```src/main/resources/application.yml``` for more configuration of dependencies, repositories, languages, build tools).\\n\\nWe will need to ensure that these classes ```GradleBuildCustomiser``` and ```SkaffoldContributor``` are spring beans, so we have a @Configuration class for this:\\n```java\\n@Configuration\\npublic class Config {\\n\\n\\t@Bean\\n\\t@Primary\\n\\tpublic GradleBuildCustomiser gradleBuildCustomiser() {\\n\\t\\treturn new GradleBuildCustomiser();\\n\\t}\\n\\n\\t@Bean\\n\\tpublic DockerfileManifestContributor dockerfileManifestContributor() {\\n\\t\\treturn new DockerfileManifestContributor();\\n\\t}\\n\\n\\t@Bean\\n\\tpublic HelmContributor helmContributor() {\\n\\t\\treturn new HelmContributor();\\n\\t}\\n\\n\\t@Bean\\n\\tpublic JenkinsPipelineContributor jenkinsPipelineContributor() {\\n\\t\\treturn new JenkinsPipelineContributor();\\n\\t}\\n\\n\\t@Bean\\n\\tpublic SkaffoldContributor skaffoldContributor() {\\n\\t\\treturn new SkaffoldContributor();\\n\\t}\\n\\n\\t@Bean\\n\\tpublic Cache templatesCache() {\\n\\t\\treturn new ConcurrentMapCache(\\\"templatesCache\\\");\\n\\t}\\n\\n}\\n```\\n\\nAlso as I have placed all of my classes in the ```com.simonjamesrowe``` package,  the ```src/main/resources/META-INF/spring.factories``` will need to be changed so that it picks up configuration from this package:\\n```properties\\nio.spring.initializr.generator.project.ProjectGenerationConfiguration=\\\\\\nio.spring.start.site.extension.build.gradle.GradleProjectGenerationConfiguration,\\\\\\nio.spring.start.site.extension.build.maven.MavenProjectGenerationConfiguration,\\\\\\n.....\\ncom.simonjamesrowe.initializr.Config  \\n```\\n\\nAnd with a bit of help from Jenkins X, the final result is here: [start.simonjamesrowe.com](https://start.simonjamesrowe.com). All source code can be found [here](https://github.com/simonjamesrowe/start.spring.io).\\n\\n![simon-initializr.png](/uploads/simon_initializr_5121135095.png)\",\n        \"id\": \"5feed4c667bdd6001e9c12d0\"\n      }\n    ],\n    \"id\": \"5f635b6a5ee4c9001d2b9632\"\n  },\n  {\n    \"includeOnResume\": false,\n    \"_id\": \"5f635b7e5ee4c9001d2b9633\",\n    \"name\": \"Spring Cloud Stream\",\n    \"rating\": 9,\n    \"order\": 2,\n    \"createdAt\": \"2020-09-17T12:50:06.128Z\",\n    \"updatedAt\": \"2020-09-21T21:15:17.989Z\",\n    \"__v\": 0,\n    \"created_by\": {\n      \"_id\": \"5e4839cd1c2d53001dcc0696\",\n      \"username\": \"simon.rowe@gmail.com\",\n      \"createdAt\": \"2020-02-15T18:34:53.155Z\",\n      \"updatedAt\": \"2020-09-17T07:45:13.526Z\",\n      \"__v\": 0,\n      \"id\": \"5e4839cd1c2d53001dcc0696\"\n    },\n    \"updated_by\": {\n      \"_id\": \"5e4839cd1c2d53001dcc0696\",\n      \"username\": \"simon.rowe@gmail.com\",\n      \"createdAt\": \"2020-02-15T18:34:53.155Z\",\n      \"updatedAt\": \"2020-09-17T07:45:13.526Z\",\n      \"__v\": 0,\n      \"id\": \"5e4839cd1c2d53001dcc0696\"\n    },\n    \"image\": {\n      \"_id\": \"5f6851d05ee4c9001d2b96b1\",\n      \"name\": \"spring-cloud-logo.png\",\n      \"alternativeText\": \"\",\n      \"caption\": \"\",\n      \"hash\": \"spring_cloud_logo_4de8e2579b\",\n      \"ext\": \".png\",\n      \"mime\": \"image/png\",\n      \"size\": 31.41,\n      \"width\": 800,\n      \"height\": 753,\n      \"url\": \"/uploads/spring_cloud_logo_4de8e2579b.png\",\n      \"formats\": {\n        \"thumbnail\": {\n          \"name\": \"thumbnail_spring-cloud-logo.png\",\n          \"hash\": \"thumbnail_spring_cloud_logo_4de8e2579b\",\n          \"ext\": \".png\",\n          \"mime\": \"image/png\",\n          \"width\": 166,\n          \"height\": 156,\n          \"size\": 7,\n          \"path\": null,\n          \"url\": \"/uploads/thumbnail_spring_cloud_logo_4de8e2579b.png\"\n        },\n        \"medium\": {\n          \"name\": \"medium_spring-cloud-logo.png\",\n          \"hash\": \"medium_spring_cloud_logo_4de8e2579b\",\n          \"ext\": \".png\",\n          \"mime\": \"image/png\",\n          \"width\": 750,\n          \"height\": 706,\n          \"size\": 44.37,\n          \"path\": null,\n          \"url\": \"/uploads/medium_spring_cloud_logo_4de8e2579b.png\"\n        },\n        \"small\": {\n          \"name\": \"small_spring-cloud-logo.png\",\n          \"hash\": \"small_spring_cloud_logo_4de8e2579b\",\n          \"ext\": \".png\",\n          \"mime\": \"image/png\",\n          \"width\": 500,\n          \"height\": 471,\n          \"size\": 24.52,\n          \"path\": null,\n          \"url\": \"/uploads/small_spring_cloud_logo_4de8e2579b.png\"\n        }\n      },\n      \"provider\": \"local\",\n      \"related\": [\n        \"5f635b7e5ee4c9001d2b9633\",\n        \"5f635e405ee4c9001d2b965e\"\n      ],\n      \"createdAt\": \"2020-09-21T07:10:08.197Z\",\n      \"updatedAt\": \"2020-09-21T12:18:53.085Z\",\n      \"__v\": 0,\n      \"created_by\": \"5e4839cd1c2d53001dcc0696\",\n      \"updated_by\": \"5e4839cd1c2d53001dcc0696\",\n      \"id\": \"5f6851d05ee4c9001d2b96b1\"\n    },\n    \"description\": \"Spring Cloud Stream is a framework for building highly scalable event-driven microservices connected with shared messaging systems.\\n\\nThe core building blocks of Spring Cloud Stream are:\\n- Destination Binders: Components responsible to provide integration with the external messaging systems.\\n- Destination Bindings: Bridge between the external messaging systems and application provided Producers and Consumers of messages (created by the Destination Binders).\\n- Message: The canonical data structure used by producers and consumers to communicate with Destination Binders (and thus other applications via external messaging systems).-\",\n    \"jobs\": [\n      {\n        \"education\": false,\n        \"includeOnResume\": true,\n        \"attachments\": [],\n        \"skills\": [\n          \"5f635b7e5ee4c9001d2b9633\",\n          \"5f635b8b5ee4c9001d2b9634\",\n          \"5f635c0f5ee4c9001d2b9639\",\n          \"5f635c1e5ee4c9001d2b963b\",\n          \"5f635c2e5ee4c9001d2b963c\",\n          \"5f635c745ee4c9001d2b9641\",\n          \"5f635c845ee4c9001d2b9642\",\n          \"5f635d1e5ee4c9001d2b964b\",\n          \"5f635d2c5ee4c9001d2b964c\",\n          \"5f635d905ee4c9001d2b9651\",\n          \"5f635db55ee4c9001d2b9654\",\n          \"5f635e365ee4c9001d2b965d\",\n          \"5f635e235ee4c9001d2b965b\",\n          \"5f635e2c5ee4c9001d2b965c\",\n          \"5f635e405ee4c9001d2b965e\",\n          \"5f635e935ee4c9001d2b9665\",\n          \"5f635f025ee4c9001d2b966b\",\n          \"5f635c185ee4c9001d2b963a\",\n          \"5f635ceb5ee4c9001d2b9647\",\n          \"5f635cf75ee4c9001d2b9648\",\n          \"5f635d045ee4c9001d2b9649\",\n          \"5f635d115ee4c9001d2b964a\",\n          \"5f63608d5ee4c9001d2b966e\",\n          \"602234ba9dc383001e945dd6\",\n          \"5f635b495ee4c9001d2b9630\",\n          \"5f635b555ee4c9001d2b9631\",\n          \"5f635b6a5ee4c9001d2b9632\",\n          \"5f635ca45ee4c9001d2b9643\",\n          \"5f635eae5ee4c9001d2b9667\",\n          \"5f635ef75ee4c9001d2b966a\",\n          \"5f635e625ee4c9001d2b9660\",\n          \"5f635dd35ee4c9001d2b9657\",\n          \"5f635bb85ee4c9001d2b9635\"\n        ],\n        \"_id\": \"5e53704f11c196001d06f914\",\n        \"title\": \"Software Engineering Lead\",\n        \"startDate\": \"2019-04-15\",\n        \"company\": \"Upp Technologies\",\n        \"companyUrl\": \"https://upp.ai\",\n        \"shortDescription\": \"Hands-on lead engineer in a small cross-functional team.\\n\",\n        \"createdAt\": \"2020-02-24T06:42:23.147Z\",\n        \"updatedAt\": \"2021-02-26T22:37:22.370Z\",\n        \"__v\": 0,\n        \"endDate\": \"2020-05-01\",\n        \"companyImage\": {\n          \"_id\": \"6020f0499dc383001e945dd3\",\n          \"name\": \"upp.png\",\n          \"alternativeText\": \"\",\n          \"caption\": \"\",\n          \"hash\": \"upp_4780c5270b\",\n          \"ext\": \".png\",\n          \"mime\": \"image/png\",\n          \"size\": 2.21,\n          \"width\": 141,\n          \"height\": 106,\n          \"url\": \"/uploads/upp_4780c5270b.png\",\n          \"provider\": \"local\",\n          \"related\": [\n            \"5e53704f11c196001d06f914\"\n          ],\n          \"createdAt\": \"2021-02-08T08:03:21.134Z\",\n          \"updatedAt\": \"2021-02-08T08:03:37.545Z\",\n          \"__v\": 0,\n          \"created_by\": \"5e4839cd1c2d53001dcc0696\",\n          \"updated_by\": \"5e4839cd1c2d53001dcc0696\",\n          \"id\": \"6020f0499dc383001e945dd3\"\n        },\n        \"updated_by\": \"5e4839cd1c2d53001dcc0696\",\n        \"longDescription\": \"Lead Engineer working on all verticals (front end, backend, ops) of the Upp Intelligent Platform. Lead a small cross-functional team of 5 to deliver an event-driven, microservices architecture compromising of the following modules:\\n\\n* Onboarding - data ingestion from 3rd party product providers such as Magento, Shopify and others in conjunction with IPaas (Integration Platform as a Service) This module also consisted of a proprietary data mapping solution.\\n* Products - enrichment, bulk operations and search functionality (using an inverted index).\\n* Margin Hub - a suite of microservices integrating numerous different data points to report on product profitability and suggest intelligent actions to optimise margin.\\n\\n\\nIn addition to leading feature development, my role also comprised of promoting best practises amongst other agile teams including but not limited to:\\n\\n* Creating a customized version of spring initializr that generated skeleton services with all required libraries, Jenkins pipeline definitions, Kubernetes manifest files etc so developers could concentrate on delivering business logic and not plumbing;\\n* Spring Boot starter library for event sourcing\\n* Component testing using test containers\\n* Service - Service authentication using OIDC client credentials with keycloak.\",\n        \"location\": \"London\",\n        \"id\": \"5e53704f11c196001d06f914\"\n      },\n      {\n        \"education\": false,\n        \"includeOnResume\": true,\n        \"attachments\": [],\n        \"skills\": [\n          \"5f635b3f5ee4c9001d2b962f\",\n          \"5f635b7e5ee4c9001d2b9633\",\n          \"5f635b8b5ee4c9001d2b9634\",\n          \"5f635bcd5ee4c9001d2b9636\",\n          \"5f635bf05ee4c9001d2b9637\",\n          \"5f635c1e5ee4c9001d2b963b\",\n          \"5f635c455ee4c9001d2b963e\",\n          \"5f635c745ee4c9001d2b9641\",\n          \"5f635c845ee4c9001d2b9642\",\n          \"5f635d645ee4c9001d2b964e\",\n          \"5f635d425ee4c9001d2b964d\",\n          \"5f635c185ee4c9001d2b963a\",\n          \"5f635da95ee4c9001d2b9653\",\n          \"5f635e405ee4c9001d2b965e\",\n          \"5f635e365ee4c9001d2b965d\",\n          \"5f635ea45ee4c9001d2b9666\",\n          \"602235769dc383001e945dd9\",\n          \"5f63608d5ee4c9001d2b966e\",\n          \"5f635b495ee4c9001d2b9630\",\n          \"5f635b6a5ee4c9001d2b9632\",\n          \"5f635ca45ee4c9001d2b9643\",\n          \"5f635bb85ee4c9001d2b9635\"\n        ],\n        \"_id\": \"5e5370e311c196001d06f917\",\n        \"title\": \"Senior Platform Architect\",\n        \"startDate\": \"2018-08-01\",\n        \"endDate\": \"2019-04-12\",\n        \"company\": \"Pivotal\",\n        \"companyUrl\": \"https://pivotal.io/\",\n        \"shortDescription\": \"Applications Focused Platform Architect specialising in cloud native development.\",\n        \"createdAt\": \"2020-02-24T06:44:51.218Z\",\n        \"updatedAt\": \"2021-02-26T22:37:22.370Z\",\n        \"__v\": 0,\n        \"companyImage\": {\n          \"_id\": \"5f6618165ee4c9001d2b969a\",\n          \"name\": \"pivotal (1).png\",\n          \"alternativeText\": \"\",\n          \"caption\": \"\",\n          \"hash\": \"pivotal_1_06ffe33158\",\n          \"ext\": \".png\",\n          \"mime\": \"image/jpeg\",\n          \"size\": 1.9,\n          \"width\": 200,\n          \"height\": 200,\n          \"url\": \"/uploads/pivotal_1_06ffe33158.png\",\n          \"formats\": {\n            \"thumbnail\": {\n              \"name\": \"thumbnail_pivotal (1).png\",\n              \"hash\": \"thumbnail_pivotal_1_06ffe33158\",\n              \"ext\": \".png\",\n              \"mime\": \"image/jpeg\",\n              \"width\": 156,\n              \"height\": 156,\n              \"size\": 1.52,\n              \"path\": null,\n              \"url\": \"/uploads/thumbnail_pivotal_1_06ffe33158.png\"\n            }\n          },\n          \"provider\": \"local\",\n          \"related\": [\n            \"5e5370e311c196001d06f917\"\n          ],\n          \"createdAt\": \"2020-09-19T14:39:18.005Z\",\n          \"updatedAt\": \"2021-02-08T08:20:54.295Z\",\n          \"__v\": 0,\n          \"created_by\": \"5e4839cd1c2d53001dcc0696\",\n          \"updated_by\": \"5e4839cd1c2d53001dcc0696\",\n          \"id\": \"5f6618165ee4c9001d2b969a\"\n        },\n        \"updated_by\": \"5e4839cd1c2d53001dcc0696\",\n        \"longDescription\": \"Applications focused platform architect, aiding clients to become successful by building cloud-native apps utilizing the Spring ecosystem and platforms like Cloud Foundry and Kubernetes.\\n\\nDuties included:\\n- Delivering Cloud-Native Developer and other workshops to a number of clients which contained topics (not limited to):\\n  - Introduction to Spring Boot\\n  - Reactive programming with Spring Boot and Project Reactor\\n  - Producer driven contracts with Spring Cloud Contract\\n  - Cloud Foundry and BOSH\\n  - The mechanics behind ```cf push``` and the service broker.\\n  - Buildpacks\\n  - Steeltoe\\n\\n- Speaking at the cloud-native meetups and webinars including the most ever subscribed webinar for Pivotal EMEA (at the time): [Securing microservices with Spring and Cloud Foundry](https://www.brighttalk.com/webcast/14883/345709/securing-microservices-with-spring-and-pivotal-cloud-foundry)\\n\\n- Pre-sales pitches to prospective clients outlining the positive outcomes of building cloud-native apps with spring and running them with Cloud Foundry.\",\n        \"location\": \"London\",\n        \"id\": \"5e5370e311c196001d06f917\"\n      },\n      {\n        \"education\": false,\n        \"includeOnResume\": true,\n        \"attachments\": [],\n        \"skills\": [\n          \"5f635b7e5ee4c9001d2b9633\",\n          \"5f635b8b5ee4c9001d2b9634\",\n          \"5f635bf05ee4c9001d2b9637\",\n          \"5f635c0f5ee4c9001d2b9639\",\n          \"5f635c185ee4c9001d2b963a\",\n          \"5f635c1e5ee4c9001d2b963b\",\n          \"5f635c005ee4c9001d2b9638\",\n          \"5f635c2e5ee4c9001d2b963c\",\n          \"5f635c4f5ee4c9001d2b963f\",\n          \"5f635c675ee4c9001d2b9640\",\n          \"5f635c745ee4c9001d2b9641\",\n          \"5f635c845ee4c9001d2b9642\",\n          \"5f635ceb5ee4c9001d2b9647\",\n          \"5f635cf75ee4c9001d2b9648\",\n          \"5f635d045ee4c9001d2b9649\",\n          \"5f635d115ee4c9001d2b964a\",\n          \"5f635d1e5ee4c9001d2b964b\",\n          \"5f635d2c5ee4c9001d2b964c\",\n          \"5f635d425ee4c9001d2b964d\",\n          \"5f635d905ee4c9001d2b9651\",\n          \"5f635db55ee4c9001d2b9654\",\n          \"5f635dde5ee4c9001d2b9658\",\n          \"5f635e235ee4c9001d2b965b\",\n          \"5f635e2c5ee4c9001d2b965c\",\n          \"5f635e935ee4c9001d2b9665\",\n          \"5f635ef05ee4c9001d2b9669\",\n          \"5f635f8f5ee4c9001d2b966c\",\n          \"5f635f995ee4c9001d2b966d\",\n          \"5f635f025ee4c9001d2b966b\",\n          \"5f63608d5ee4c9001d2b966e\",\n          \"602234ba9dc383001e945dd6\",\n          \"5f635b555ee4c9001d2b9631\",\n          \"5f635b6a5ee4c9001d2b9632\",\n          \"5f635ca45ee4c9001d2b9643\",\n          \"5f635eae5ee4c9001d2b9667\",\n          \"5f635ef75ee4c9001d2b966a\",\n          \"5f635c375ee4c9001d2b963d\",\n          \"5f635e625ee4c9001d2b9660\",\n          \"5f635dd35ee4c9001d2b9657\",\n          \"5f635bb85ee4c9001d2b9635\",\n          \"60291c5d9dc383001e945de2\"\n        ],\n        \"_id\": \"5eedd4803c8d74001e4497f5\",\n        \"startDate\": \"2020-05-04\",\n        \"company\": \"Y-Tree\",\n        \"companyUrl\": \"https://y-tree.com/\",\n        \"title\": \"Senior Developer\",\n        \"createdAt\": \"2020-06-20T09:18:56.102Z\",\n        \"updatedAt\": \"2021-02-26T22:39:33.470Z\",\n        \"__v\": 0,\n        \"companyImage\": {\n          \"_id\": \"5eedd46e3c8d74001e4497f4\",\n          \"name\": \"YTree\",\n          \"alternativeText\": \"\",\n          \"caption\": \"\",\n          \"hash\": \"YT_ree_50b80993fc\",\n          \"ext\": \".png\",\n          \"mime\": \"image/png\",\n          \"size\": 6.33,\n          \"width\": 200,\n          \"height\": 200,\n          \"url\": \"/uploads/YT_ree_50b80993fc.png\",\n          \"formats\": {\n            \"thumbnail\": {\n              \"hash\": \"thumbnail_YT_ree_50b80993fc\",\n              \"ext\": \".png\",\n              \"mime\": \"image/png\",\n              \"width\": 156,\n              \"height\": 156,\n              \"size\": 10.07,\n              \"path\": null,\n              \"url\": \"/uploads/thumbnail_YT_ree_50b80993fc.png\"\n            }\n          },\n          \"provider\": \"local\",\n          \"related\": [\n            \"5eedd4803c8d74001e4497f5\"\n          ],\n          \"createdAt\": \"2020-06-20T09:18:38.337Z\",\n          \"updatedAt\": \"2020-06-20T09:18:56.106Z\",\n          \"__v\": 0,\n          \"id\": \"5eedd46e3c8d74001e4497f4\"\n        },\n        \"shortDescription\": \"Lead Developer of exciting fin-tech platform composed of event-driven and restful microservices.\",\n        \"updated_by\": \"5e4839cd1c2d53001dcc0696\",\n        \"longDescription\": \"Lead Developer of exciting fin-tech platform composed of event-driven and restful microservices.\\n\\nHeavily involved in transforming a monolithic application into a suite of fault-tolerant event-driven and restful microservices written with Kotlin and Spring Boot. \\n\\nLead a cloud-native transformation by improving the path to production of services by introducing a number of tools and technologies to aide with continuous delivery of features:\\n\\n-  Cucumber for integration testing\\n-  Pact for contract testing (consumer-driven contracts for both synchronous (HTTP) and event-driven (Kafka) communication)\\n-  Test Containers for component testing\\n-  Use of Spring Cloud Kubernetes and Spring Cloud vault for environment-specific configuration (as per the [12-factor app](https://12factor.net/))\\n- Jenkin X pipelines to build and deploy helm charts for each service and environment.\\n- Keycloak for identity management.\\n- Rolling updates of k8s deployments for no-outage releases.\\n\\nAlso contributed to the YTree technical blog sharing knowledge amongst the team in the form of both written blogs and recorded videos. \\n\\n\\n\\n\\n\\n\",\n        \"location\": \"London\",\n        \"id\": \"5eedd4803c8d74001e4497f5\"\n      }\n    ],\n    \"blogs\": [],\n    \"id\": \"5f635b7e5ee4c9001d2b9633\"\n  },\n  {\n    \"includeOnResume\": false,\n    \"_id\": \"5f635b8b5ee4c9001d2b9634\",\n    \"name\": \"Spring Data\",\n    \"rating\": 9.5,\n    \"createdAt\": \"2020-09-17T12:50:19.666Z\",\n    \"updatedAt\": \"2020-09-22T05:53:37.879Z\",\n    \"__v\": 0,\n    \"created_by\": {\n      \"_id\": \"5e4839cd1c2d53001dcc0696\",\n      \"username\": \"simon.rowe@gmail.com\",\n      \"createdAt\": \"2020-02-15T18:34:53.155Z\",\n      \"updatedAt\": \"2020-09-17T07:45:13.526Z\",\n      \"__v\": 0,\n      \"id\": \"5e4839cd1c2d53001dcc0696\"\n    },\n    \"updated_by\": {\n      \"_id\": \"5e4839cd1c2d53001dcc0696\",\n      \"username\": \"simon.rowe@gmail.com\",\n      \"createdAt\": \"2020-02-15T18:34:53.155Z\",\n      \"updatedAt\": \"2020-09-17T07:45:13.526Z\",\n      \"__v\": 0,\n      \"id\": \"5e4839cd1c2d53001dcc0696\"\n    },\n    \"image\": {\n      \"_id\": \"5f6851ee5ee4c9001d2b96b3\",\n      \"name\": \"spring-data.png\",\n      \"alternativeText\": \"\",\n      \"caption\": \"\",\n      \"hash\": \"spring_data_27225967b4\",\n      \"ext\": \".png\",\n      \"mime\": \"image/png\",\n      \"size\": 5.28,\n      \"width\": 400,\n      \"height\": 400,\n      \"url\": \"/uploads/spring_data_27225967b4.png\",\n      \"formats\": {\n        \"thumbnail\": {\n          \"name\": \"thumbnail_spring-data.png\",\n          \"hash\": \"thumbnail_spring_data_27225967b4\",\n          \"ext\": \".png\",\n          \"mime\": \"image/png\",\n          \"width\": 156,\n          \"height\": 156,\n          \"size\": 3.53,\n          \"path\": null,\n          \"url\": \"/uploads/thumbnail_spring_data_27225967b4.png\"\n        }\n      },\n      \"provider\": \"local\",\n      \"related\": [\n        \"5f635b8b5ee4c9001d2b9634\"\n      ],\n      \"createdAt\": \"2020-09-21T07:10:38.765Z\",\n      \"updatedAt\": \"2020-09-21T07:10:41.052Z\",\n      \"__v\": 0,\n      \"created_by\": \"5e4839cd1c2d53001dcc0696\",\n      \"updated_by\": \"5e4839cd1c2d53001dcc0696\",\n      \"id\": \"5f6851ee5ee4c9001d2b96b3\"\n    },\n    \"description\": \"Spring Dataâ€™s mission is to provide a familiar and consistent, Spring-based programming model for data access while still retaining the special traits of the underlying data store.\\n\\nIt makes it easy to use data access technologies, relational and non-relational databases, map-reduce frameworks, and cloud-based data services. \\n\\n- Spring Data Jpa\\n- Spring Data MongoDB\\n- Spring Data Redis\\n- Spring Data Neo4j\\n- Spring Data Vault\\n- Spring Data Elasticsearch\",\n    \"jobs\": [\n      {\n        \"education\": false,\n        \"includeOnResume\": true,\n        \"attachments\": [],\n        \"skills\": [\n          \"5f635b7e5ee4c9001d2b9633\",\n          \"5f635b8b5ee4c9001d2b9634\",\n          \"5f635c0f5ee4c9001d2b9639\",\n          \"5f635c1e5ee4c9001d2b963b\",\n          \"5f635c2e5ee4c9001d2b963c\",\n          \"5f635c745ee4c9001d2b9641\",\n          \"5f635c845ee4c9001d2b9642\",\n          \"5f635d1e5ee4c9001d2b964b\",\n          \"5f635d2c5ee4c9001d2b964c\",\n          \"5f635d905ee4c9001d2b9651\",\n          \"5f635db55ee4c9001d2b9654\",\n          \"5f635e365ee4c9001d2b965d\",\n          \"5f635e235ee4c9001d2b965b\",\n          \"5f635e2c5ee4c9001d2b965c\",\n          \"5f635e405ee4c9001d2b965e\",\n          \"5f635e935ee4c9001d2b9665\",\n          \"5f635f025ee4c9001d2b966b\",\n          \"5f635c185ee4c9001d2b963a\",\n          \"5f635ceb5ee4c9001d2b9647\",\n          \"5f635cf75ee4c9001d2b9648\",\n          \"5f635d045ee4c9001d2b9649\",\n          \"5f635d115ee4c9001d2b964a\",\n          \"5f63608d5ee4c9001d2b966e\",\n          \"602234ba9dc383001e945dd6\",\n          \"5f635b495ee4c9001d2b9630\",\n          \"5f635b555ee4c9001d2b9631\",\n          \"5f635b6a5ee4c9001d2b9632\",\n          \"5f635ca45ee4c9001d2b9643\",\n          \"5f635eae5ee4c9001d2b9667\",\n          \"5f635ef75ee4c9001d2b966a\",\n          \"5f635e625ee4c9001d2b9660\",\n          \"5f635dd35ee4c9001d2b9657\",\n          \"5f635bb85ee4c9001d2b9635\"\n        ],\n        \"_id\": \"5e53704f11c196001d06f914\",\n        \"title\": \"Software Engineering Lead\",\n        \"startDate\": \"2019-04-15\",\n        \"company\": \"Upp Technologies\",\n        \"companyUrl\": \"https://upp.ai\",\n        \"shortDescription\": \"Hands-on lead engineer in a small cross-functional team.\\n\",\n        \"createdAt\": \"2020-02-24T06:42:23.147Z\",\n        \"updatedAt\": \"2021-02-26T22:37:22.370Z\",\n        \"__v\": 0,\n        \"endDate\": \"2020-05-01\",\n        \"companyImage\": {\n          \"_id\": \"6020f0499dc383001e945dd3\",\n          \"name\": \"upp.png\",\n          \"alternativeText\": \"\",\n          \"caption\": \"\",\n          \"hash\": \"upp_4780c5270b\",\n          \"ext\": \".png\",\n          \"mime\": \"image/png\",\n          \"size\": 2.21,\n          \"width\": 141,\n          \"height\": 106,\n          \"url\": \"/uploads/upp_4780c5270b.png\",\n          \"provider\": \"local\",\n          \"related\": [\n            \"5e53704f11c196001d06f914\"\n          ],\n          \"createdAt\": \"2021-02-08T08:03:21.134Z\",\n          \"updatedAt\": \"2021-02-08T08:03:37.545Z\",\n          \"__v\": 0,\n          \"created_by\": \"5e4839cd1c2d53001dcc0696\",\n          \"updated_by\": \"5e4839cd1c2d53001dcc0696\",\n          \"id\": \"6020f0499dc383001e945dd3\"\n        },\n        \"updated_by\": \"5e4839cd1c2d53001dcc0696\",\n        \"longDescription\": \"Lead Engineer working on all verticals (front end, backend, ops) of the Upp Intelligent Platform. Lead a small cross-functional team of 5 to deliver an event-driven, microservices architecture compromising of the following modules:\\n\\n* Onboarding - data ingestion from 3rd party product providers such as Magento, Shopify and others in conjunction with IPaas (Integration Platform as a Service) This module also consisted of a proprietary data mapping solution.\\n* Products - enrichment, bulk operations and search functionality (using an inverted index).\\n* Margin Hub - a suite of microservices integrating numerous different data points to report on product profitability and suggest intelligent actions to optimise margin.\\n\\n\\nIn addition to leading feature development, my role also comprised of promoting best practises amongst other agile teams including but not limited to:\\n\\n* Creating a customized version of spring initializr that generated skeleton services with all required libraries, Jenkins pipeline definitions, Kubernetes manifest files etc so developers could concentrate on delivering business logic and not plumbing;\\n* Spring Boot starter library for event sourcing\\n* Component testing using test containers\\n* Service - Service authentication using OIDC client credentials with keycloak.\",\n        \"location\": \"London\",\n        \"id\": \"5e53704f11c196001d06f914\"\n      },\n      {\n        \"education\": false,\n        \"includeOnResume\": true,\n        \"attachments\": [],\n        \"skills\": [\n          \"5f635b3f5ee4c9001d2b962f\",\n          \"5f635b7e5ee4c9001d2b9633\",\n          \"5f635b8b5ee4c9001d2b9634\",\n          \"5f635bcd5ee4c9001d2b9636\",\n          \"5f635bf05ee4c9001d2b9637\",\n          \"5f635c1e5ee4c9001d2b963b\",\n          \"5f635c455ee4c9001d2b963e\",\n          \"5f635c745ee4c9001d2b9641\",\n          \"5f635c845ee4c9001d2b9642\",\n          \"5f635d645ee4c9001d2b964e\",\n          \"5f635d425ee4c9001d2b964d\",\n          \"5f635c185ee4c9001d2b963a\",\n          \"5f635da95ee4c9001d2b9653\",\n          \"5f635e405ee4c9001d2b965e\",\n          \"5f635e365ee4c9001d2b965d\",\n          \"5f635ea45ee4c9001d2b9666\",\n          \"602235769dc383001e945dd9\",\n          \"5f63608d5ee4c9001d2b966e\",\n          \"5f635b495ee4c9001d2b9630\",\n          \"5f635b6a5ee4c9001d2b9632\",\n          \"5f635ca45ee4c9001d2b9643\",\n          \"5f635bb85ee4c9001d2b9635\"\n        ],\n        \"_id\": \"5e5370e311c196001d06f917\",\n        \"title\": \"Senior Platform Architect\",\n        \"startDate\": \"2018-08-01\",\n        \"endDate\": \"2019-04-12\",\n        \"company\": \"Pivotal\",\n        \"companyUrl\": \"https://pivotal.io/\",\n        \"shortDescription\": \"Applications Focused Platform Architect specialising in cloud native development.\",\n        \"createdAt\": \"2020-02-24T06:44:51.218Z\",\n        \"updatedAt\": \"2021-02-26T22:37:22.370Z\",\n        \"__v\": 0,\n        \"companyImage\": {\n          \"_id\": \"5f6618165ee4c9001d2b969a\",\n          \"name\": \"pivotal (1).png\",\n          \"alternativeText\": \"\",\n          \"caption\": \"\",\n          \"hash\": \"pivotal_1_06ffe33158\",\n          \"ext\": \".png\",\n          \"mime\": \"image/jpeg\",\n          \"size\": 1.9,\n          \"width\": 200,\n          \"height\": 200,\n          \"url\": \"/uploads/pivotal_1_06ffe33158.png\",\n          \"formats\": {\n            \"thumbnail\": {\n              \"name\": \"thumbnail_pivotal (1).png\",\n              \"hash\": \"thumbnail_pivotal_1_06ffe33158\",\n              \"ext\": \".png\",\n              \"mime\": \"image/jpeg\",\n              \"width\": 156,\n              \"height\": 156,\n              \"size\": 1.52,\n              \"path\": null,\n              \"url\": \"/uploads/thumbnail_pivotal_1_06ffe33158.png\"\n            }\n          },\n          \"provider\": \"local\",\n          \"related\": [\n            \"5e5370e311c196001d06f917\"\n          ],\n          \"createdAt\": \"2020-09-19T14:39:18.005Z\",\n          \"updatedAt\": \"2021-02-08T08:20:54.295Z\",\n          \"__v\": 0,\n          \"created_by\": \"5e4839cd1c2d53001dcc0696\",\n          \"updated_by\": \"5e4839cd1c2d53001dcc0696\",\n          \"id\": \"5f6618165ee4c9001d2b969a\"\n        },\n        \"updated_by\": \"5e4839cd1c2d53001dcc0696\",\n        \"longDescription\": \"Applications focused platform architect, aiding clients to become successful by building cloud-native apps utilizing the Spring ecosystem and platforms like Cloud Foundry and Kubernetes.\\n\\nDuties included:\\n- Delivering Cloud-Native Developer and other workshops to a number of clients which contained topics (not limited to):\\n  - Introduction to Spring Boot\\n  - Reactive programming with Spring Boot and Project Reactor\\n  - Producer driven contracts with Spring Cloud Contract\\n  - Cloud Foundry and BOSH\\n  - The mechanics behind ```cf push``` and the service broker.\\n  - Buildpacks\\n  - Steeltoe\\n\\n- Speaking at the cloud-native meetups and webinars including the most ever subscribed webinar for Pivotal EMEA (at the time): [Securing microservices with Spring and Cloud Foundry](https://www.brighttalk.com/webcast/14883/345709/securing-microservices-with-spring-and-pivotal-cloud-foundry)\\n\\n- Pre-sales pitches to prospective clients outlining the positive outcomes of building cloud-native apps with spring and running them with Cloud Foundry.\",\n        \"location\": \"London\",\n        \"id\": \"5e5370e311c196001d06f917\"\n      },\n      {\n        \"education\": false,\n        \"includeOnResume\": true,\n        \"attachments\": [],\n        \"skills\": [\n          \"5f635b3f5ee4c9001d2b962f\",\n          \"5f635b8b5ee4c9001d2b9634\",\n          \"5f635c185ee4c9001d2b963a\",\n          \"5f635c2e5ee4c9001d2b963c\",\n          \"5f635c675ee4c9001d2b9640\",\n          \"5f635c745ee4c9001d2b9641\",\n          \"5f635c845ee4c9001d2b9642\",\n          \"5f635cb65ee4c9001d2b9644\",\n          \"5f635cc45ee4c9001d2b9645\",\n          \"5f635cdc5ee4c9001d2b9646\",\n          \"5f635ceb5ee4c9001d2b9647\",\n          \"5f635d045ee4c9001d2b9649\",\n          \"5f635d115ee4c9001d2b964a\",\n          \"5f635d1e5ee4c9001d2b964b\",\n          \"5f635d2c5ee4c9001d2b964c\",\n          \"5f635d425ee4c9001d2b964d\",\n          \"5f635d7e5ee4c9001d2b964f\",\n          \"5f635d875ee4c9001d2b9650\",\n          \"5f635d905ee4c9001d2b9651\",\n          \"5f635d9e5ee4c9001d2b9652\",\n          \"5f635da95ee4c9001d2b9653\",\n          \"5f635dbe5ee4c9001d2b9655\",\n          \"5f635dde5ee4c9001d2b9658\",\n          \"5f635e235ee4c9001d2b965b\",\n          \"5f635e595ee4c9001d2b965f\",\n          \"5f635e755ee4c9001d2b9662\",\n          \"5f635df45ee4c9001d2b965a\",\n          \"5f635de75ee4c9001d2b9659\",\n          \"5f635e7d5ee4c9001d2b9663\",\n          \"5f635e885ee4c9001d2b9664\",\n          \"5f635ea45ee4c9001d2b9666\",\n          \"5f635ee35ee4c9001d2b9668\",\n          \"602236d69dc383001e945ddc\",\n          \"6029446c9dc383001e945de9\",\n          \"5f635b6a5ee4c9001d2b9632\",\n          \"5f635bb85ee4c9001d2b9635\"\n        ],\n        \"_id\": \"5e53713a11c196001d06f91a\",\n        \"title\": \"Senior Director, Java Development\",\n        \"startDate\": \"2011-07-12\",\n        \"createdAt\": \"2020-02-24T06:46:18.484Z\",\n        \"updatedAt\": \"2021-02-26T22:37:22.370Z\",\n        \"__v\": 0,\n        \"company\": \"Universal Music Publishing\",\n        \"companyUrl\": \"https://www.umusicpub.com/\",\n        \"endDate\": \"2018-08-11\",\n        \"shortDescription\": \"Technology leader in cloud native development for business critical applications.\",\n        \"companyImage\": {\n          \"_id\": \"5f6618325ee4c9001d2b969c\",\n          \"name\": \"umpg.png\",\n          \"alternativeText\": \"\",\n          \"caption\": \"\",\n          \"hash\": \"umpg_121becd400\",\n          \"ext\": \".png\",\n          \"mime\": \"image/png\",\n          \"size\": 129.45,\n          \"width\": 400,\n          \"height\": 400,\n          \"url\": \"/uploads/umpg_121becd400.png\",\n          \"formats\": {\n            \"thumbnail\": {\n              \"name\": \"thumbnail_umpg.png\",\n              \"hash\": \"thumbnail_umpg_121becd400\",\n              \"ext\": \".png\",\n              \"mime\": \"image/png\",\n              \"width\": 156,\n              \"height\": 156,\n              \"size\": 31.14,\n              \"path\": null,\n              \"url\": \"/uploads/thumbnail_umpg_121becd400.png\"\n            }\n          },\n          \"provider\": \"local\",\n          \"related\": [\n            \"5e53713a11c196001d06f91a\"\n          ],\n          \"createdAt\": \"2020-09-19T14:39:46.169Z\",\n          \"updatedAt\": \"2021-02-08T08:15:39.296Z\",\n          \"__v\": 0,\n          \"created_by\": \"5e4839cd1c2d53001dcc0696\",\n          \"updated_by\": \"5e4839cd1c2d53001dcc0696\",\n          \"id\": \"5f6618325ee4c9001d2b969c\"\n        },\n        \"updated_by\": \"5e4839cd1c2d53001dcc0696\",\n        \"longDescription\": \"Responsible for architecture and delivery of greenfield internal and public facing business applications. Super scrum master, removing obstacles for four dynamic scrum teams. Frequent commiter.\\n\\nRe-architecture of multiple monoliths with single points of failure to AWS,resulting in scalable, fault tolerant software reducing the operational cost significantly.\\n\\nIntroduced automated testing as a development activity utilising technologies such as cucumber, selenium, docker which allows for far shorter release cycles.\\n\\nDesigned the company's first 'serverless' application at AWS, Utilising ECS Fargate, Lambda, SQS, SNS, ElasticSearch, S3.\",\n        \"location\": \"London\",\n        \"id\": \"5e53713a11c196001d06f91a\"\n      },\n      {\n        \"education\": false,\n        \"includeOnResume\": true,\n        \"attachments\": [],\n        \"skills\": [\n          \"5f635b7e5ee4c9001d2b9633\",\n          \"5f635b8b5ee4c9001d2b9634\",\n          \"5f635bf05ee4c9001d2b9637\",\n          \"5f635c0f5ee4c9001d2b9639\",\n          \"5f635c185ee4c9001d2b963a\",\n          \"5f635c1e5ee4c9001d2b963b\",\n          \"5f635c005ee4c9001d2b9638\",\n          \"5f635c2e5ee4c9001d2b963c\",\n          \"5f635c4f5ee4c9001d2b963f\",\n          \"5f635c675ee4c9001d2b9640\",\n          \"5f635c745ee4c9001d2b9641\",\n          \"5f635c845ee4c9001d2b9642\",\n          \"5f635ceb5ee4c9001d2b9647\",\n          \"5f635cf75ee4c9001d2b9648\",\n          \"5f635d045ee4c9001d2b9649\",\n          \"5f635d115ee4c9001d2b964a\",\n          \"5f635d1e5ee4c9001d2b964b\",\n          \"5f635d2c5ee4c9001d2b964c\",\n          \"5f635d425ee4c9001d2b964d\",\n          \"5f635d905ee4c9001d2b9651\",\n          \"5f635db55ee4c9001d2b9654\",\n          \"5f635dde5ee4c9001d2b9658\",\n          \"5f635e235ee4c9001d2b965b\",\n          \"5f635e2c5ee4c9001d2b965c\",\n          \"5f635e935ee4c9001d2b9665\",\n          \"5f635ef05ee4c9001d2b9669\",\n          \"5f635f8f5ee4c9001d2b966c\",\n          \"5f635f995ee4c9001d2b966d\",\n          \"5f635f025ee4c9001d2b966b\",\n          \"5f63608d5ee4c9001d2b966e\",\n          \"602234ba9dc383001e945dd6\",\n          \"5f635b555ee4c9001d2b9631\",\n          \"5f635b6a5ee4c9001d2b9632\",\n          \"5f635ca45ee4c9001d2b9643\",\n          \"5f635eae5ee4c9001d2b9667\",\n          \"5f635ef75ee4c9001d2b966a\",\n          \"5f635c375ee4c9001d2b963d\",\n          \"5f635e625ee4c9001d2b9660\",\n          \"5f635dd35ee4c9001d2b9657\",\n          \"5f635bb85ee4c9001d2b9635\",\n          \"60291c5d9dc383001e945de2\"\n        ],\n        \"_id\": \"5eedd4803c8d74001e4497f5\",\n        \"startDate\": \"2020-05-04\",\n        \"company\": \"Y-Tree\",\n        \"companyUrl\": \"https://y-tree.com/\",\n        \"title\": \"Senior Developer\",\n        \"createdAt\": \"2020-06-20T09:18:56.102Z\",\n        \"updatedAt\": \"2021-02-26T22:39:33.470Z\",\n        \"__v\": 0,\n        \"companyImage\": {\n          \"_id\": \"5eedd46e3c8d74001e4497f4\",\n          \"name\": \"YTree\",\n          \"alternativeText\": \"\",\n          \"caption\": \"\",\n          \"hash\": \"YT_ree_50b80993fc\",\n          \"ext\": \".png\",\n          \"mime\": \"image/png\",\n          \"size\": 6.33,\n          \"width\": 200,\n          \"height\": 200,\n          \"url\": \"/uploads/YT_ree_50b80993fc.png\",\n          \"formats\": {\n            \"thumbnail\": {\n              \"hash\": \"thumbnail_YT_ree_50b80993fc\",\n              \"ext\": \".png\",\n              \"mime\": \"image/png\",\n              \"width\": 156,\n              \"height\": 156,\n              \"size\": 10.07,\n              \"path\": null,\n              \"url\": \"/uploads/thumbnail_YT_ree_50b80993fc.png\"\n            }\n          },\n          \"provider\": \"local\",\n          \"related\": [\n            \"5eedd4803c8d74001e4497f5\"\n          ],\n          \"createdAt\": \"2020-06-20T09:18:38.337Z\",\n          \"updatedAt\": \"2020-06-20T09:18:56.106Z\",\n          \"__v\": 0,\n          \"id\": \"5eedd46e3c8d74001e4497f4\"\n        },\n        \"shortDescription\": \"Lead Developer of exciting fin-tech platform composed of event-driven and restful microservices.\",\n        \"updated_by\": \"5e4839cd1c2d53001dcc0696\",\n        \"longDescription\": \"Lead Developer of exciting fin-tech platform composed of event-driven and restful microservices.\\n\\nHeavily involved in transforming a monolithic application into a suite of fault-tolerant event-driven and restful microservices written with Kotlin and Spring Boot. \\n\\nLead a cloud-native transformation by improving the path to production of services by introducing a number of tools and technologies to aide with continuous delivery of features:\\n\\n-  Cucumber for integration testing\\n-  Pact for contract testing (consumer-driven contracts for both synchronous (HTTP) and event-driven (Kafka) communication)\\n-  Test Containers for component testing\\n-  Use of Spring Cloud Kubernetes and Spring Cloud vault for environment-specific configuration (as per the [12-factor app](https://12factor.net/))\\n- Jenkin X pipelines to build and deploy helm charts for each service and environment.\\n- Keycloak for identity management.\\n- Rolling updates of k8s deployments for no-outage releases.\\n\\nAlso contributed to the YTree technical blog sharing knowledge amongst the team in the form of both written blogs and recorded videos. \\n\\n\\n\\n\\n\\n\",\n        \"location\": \"London\",\n        \"id\": \"5eedd4803c8d74001e4497f5\"\n      }\n    ],\n    \"blogs\": [],\n    \"id\": \"5f635b8b5ee4c9001d2b9634\"\n  },\n  {\n    \"includeOnResume\": true,\n    \"_id\": \"5f635bb85ee4c9001d2b9635\",\n    \"name\": \"Spring Security\",\n    \"rating\": 9.5,\n    \"createdAt\": \"2020-09-17T12:51:04.405Z\",\n    \"updatedAt\": \"2021-02-26T22:37:22.373Z\",\n    \"__v\": 0,\n    \"created_by\": {\n      \"_id\": \"5e4839cd1c2d53001dcc0696\",\n      \"username\": \"simon.rowe@gmail.com\",\n      \"createdAt\": \"2020-02-15T18:34:53.155Z\",\n      \"updatedAt\": \"2020-09-17T07:45:13.526Z\",\n      \"__v\": 0,\n      \"id\": \"5e4839cd1c2d53001dcc0696\"\n    },\n    \"updated_by\": {\n      \"_id\": \"5e4839cd1c2d53001dcc0696\",\n      \"username\": \"simon.rowe@gmail.com\",\n      \"createdAt\": \"2020-02-15T18:34:53.155Z\",\n      \"updatedAt\": \"2020-09-17T07:45:13.526Z\",\n      \"__v\": 0,\n      \"id\": \"5e4839cd1c2d53001dcc0696\"\n    },\n    \"image\": {\n      \"_id\": \"5f6852115ee4c9001d2b96b5\",\n      \"name\": \"spring-security-project.png\",\n      \"alternativeText\": \"\",\n      \"caption\": \"\",\n      \"hash\": \"spring_security_project_072bc02e23\",\n      \"ext\": \".png\",\n      \"mime\": \"image/png\",\n      \"size\": 2.18,\n      \"width\": 200,\n      \"height\": 200,\n      \"url\": \"/uploads/spring_security_project_072bc02e23.png\",\n      \"formats\": {\n        \"thumbnail\": {\n          \"name\": \"thumbnail_spring-security-project.png\",\n          \"hash\": \"thumbnail_spring_security_project_072bc02e23\",\n          \"ext\": \".png\",\n          \"mime\": \"image/png\",\n          \"width\": 156,\n          \"height\": 156,\n          \"size\": 6.11,\n          \"path\": null,\n          \"url\": \"/uploads/thumbnail_spring_security_project_072bc02e23.png\"\n        }\n      },\n      \"provider\": \"local\",\n      \"related\": [\n        \"5f635bb85ee4c9001d2b9635\"\n      ],\n      \"createdAt\": \"2020-09-21T07:11:13.729Z\",\n      \"updatedAt\": \"2020-09-21T07:11:16.322Z\",\n      \"__v\": 0,\n      \"created_by\": \"5e4839cd1c2d53001dcc0696\",\n      \"updated_by\": \"5e4839cd1c2d53001dcc0696\",\n      \"id\": \"5f6852115ee4c9001d2b96b5\"\n    },\n    \"description\": \"Spring Security is a framework that focuses on providing both authentication and authorization to Java and Kotlin applications.\\n\\n- Use of core and web modules to provide authorization and RBAC (role based access control) for microservices and web applications. Configured applications to do form based, basic, kerberos, token based, and mutual auth.\\n- Use of @Resource server and jwks (json web keys) to secure services using openid connect resource servers.\\n- Use of OAuth2 client for clients to perform client credential auth flow.\",\n    \"order\": 10,\n    \"jobs\": [\n      {\n        \"education\": false,\n        \"includeOnResume\": true,\n        \"attachments\": [],\n        \"skills\": [\n          \"5f635b7e5ee4c9001d2b9633\",\n          \"5f635b8b5ee4c9001d2b9634\",\n          \"5f635c0f5ee4c9001d2b9639\",\n          \"5f635c1e5ee4c9001d2b963b\",\n          \"5f635c2e5ee4c9001d2b963c\",\n          \"5f635c745ee4c9001d2b9641\",\n          \"5f635c845ee4c9001d2b9642\",\n          \"5f635d1e5ee4c9001d2b964b\",\n          \"5f635d2c5ee4c9001d2b964c\",\n          \"5f635d905ee4c9001d2b9651\",\n          \"5f635db55ee4c9001d2b9654\",\n          \"5f635e365ee4c9001d2b965d\",\n          \"5f635e235ee4c9001d2b965b\",\n          \"5f635e2c5ee4c9001d2b965c\",\n          \"5f635e405ee4c9001d2b965e\",\n          \"5f635e935ee4c9001d2b9665\",\n          \"5f635f025ee4c9001d2b966b\",\n          \"5f635c185ee4c9001d2b963a\",\n          \"5f635ceb5ee4c9001d2b9647\",\n          \"5f635cf75ee4c9001d2b9648\",\n          \"5f635d045ee4c9001d2b9649\",\n          \"5f635d115ee4c9001d2b964a\",\n          \"5f63608d5ee4c9001d2b966e\",\n          \"602234ba9dc383001e945dd6\",\n          \"5f635b495ee4c9001d2b9630\",\n          \"5f635b555ee4c9001d2b9631\",\n          \"5f635b6a5ee4c9001d2b9632\",\n          \"5f635ca45ee4c9001d2b9643\",\n          \"5f635eae5ee4c9001d2b9667\",\n          \"5f635ef75ee4c9001d2b966a\",\n          \"5f635e625ee4c9001d2b9660\",\n          \"5f635dd35ee4c9001d2b9657\",\n          \"5f635bb85ee4c9001d2b9635\"\n        ],\n        \"_id\": \"5e53704f11c196001d06f914\",\n        \"title\": \"Software Engineering Lead\",\n        \"startDate\": \"2019-04-15\",\n        \"company\": \"Upp Technologies\",\n        \"companyUrl\": \"https://upp.ai\",\n        \"shortDescription\": \"Hands-on lead engineer in a small cross-functional team.\\n\",\n        \"createdAt\": \"2020-02-24T06:42:23.147Z\",\n        \"updatedAt\": \"2021-02-26T22:37:22.370Z\",\n        \"__v\": 0,\n        \"endDate\": \"2020-05-01\",\n        \"companyImage\": {\n          \"_id\": \"6020f0499dc383001e945dd3\",\n          \"name\": \"upp.png\",\n          \"alternativeText\": \"\",\n          \"caption\": \"\",\n          \"hash\": \"upp_4780c5270b\",\n          \"ext\": \".png\",\n          \"mime\": \"image/png\",\n          \"size\": 2.21,\n          \"width\": 141,\n          \"height\": 106,\n          \"url\": \"/uploads/upp_4780c5270b.png\",\n          \"provider\": \"local\",\n          \"related\": [\n            \"5e53704f11c196001d06f914\"\n          ],\n          \"createdAt\": \"2021-02-08T08:03:21.134Z\",\n          \"updatedAt\": \"2021-02-08T08:03:37.545Z\",\n          \"__v\": 0,\n          \"created_by\": \"5e4839cd1c2d53001dcc0696\",\n          \"updated_by\": \"5e4839cd1c2d53001dcc0696\",\n          \"id\": \"6020f0499dc383001e945dd3\"\n        },\n        \"updated_by\": \"5e4839cd1c2d53001dcc0696\",\n        \"longDescription\": \"Lead Engineer working on all verticals (front end, backend, ops) of the Upp Intelligent Platform. Lead a small cross-functional team of 5 to deliver an event-driven, microservices architecture compromising of the following modules:\\n\\n* Onboarding - data ingestion from 3rd party product providers such as Magento, Shopify and others in conjunction with IPaas (Integration Platform as a Service) This module also consisted of a proprietary data mapping solution.\\n* Products - enrichment, bulk operations and search functionality (using an inverted index).\\n* Margin Hub - a suite of microservices integrating numerous different data points to report on product profitability and suggest intelligent actions to optimise margin.\\n\\n\\nIn addition to leading feature development, my role also comprised of promoting best practises amongst other agile teams including but not limited to:\\n\\n* Creating a customized version of spring initializr that generated skeleton services with all required libraries, Jenkins pipeline definitions, Kubernetes manifest files etc so developers could concentrate on delivering business logic and not plumbing;\\n* Spring Boot starter library for event sourcing\\n* Component testing using test containers\\n* Service - Service authentication using OIDC client credentials with keycloak.\",\n        \"location\": \"London\",\n        \"id\": \"5e53704f11c196001d06f914\"\n      },\n      {\n        \"education\": false,\n        \"includeOnResume\": true,\n        \"attachments\": [],\n        \"skills\": [\n          \"5f635b3f5ee4c9001d2b962f\",\n          \"5f635b7e5ee4c9001d2b9633\",\n          \"5f635b8b5ee4c9001d2b9634\",\n          \"5f635bcd5ee4c9001d2b9636\",\n          \"5f635bf05ee4c9001d2b9637\",\n          \"5f635c1e5ee4c9001d2b963b\",\n          \"5f635c455ee4c9001d2b963e\",\n          \"5f635c745ee4c9001d2b9641\",\n          \"5f635c845ee4c9001d2b9642\",\n          \"5f635d645ee4c9001d2b964e\",\n          \"5f635d425ee4c9001d2b964d\",\n          \"5f635c185ee4c9001d2b963a\",\n          \"5f635da95ee4c9001d2b9653\",\n          \"5f635e405ee4c9001d2b965e\",\n          \"5f635e365ee4c9001d2b965d\",\n          \"5f635ea45ee4c9001d2b9666\",\n          \"602235769dc383001e945dd9\",\n          \"5f63608d5ee4c9001d2b966e\",\n          \"5f635b495ee4c9001d2b9630\",\n          \"5f635b6a5ee4c9001d2b9632\",\n          \"5f635ca45ee4c9001d2b9643\",\n          \"5f635bb85ee4c9001d2b9635\"\n        ],\n        \"_id\": \"5e5370e311c196001d06f917\",\n        \"title\": \"Senior Platform Architect\",\n        \"startDate\": \"2018-08-01\",\n        \"endDate\": \"2019-04-12\",\n        \"company\": \"Pivotal\",\n        \"companyUrl\": \"https://pivotal.io/\",\n        \"shortDescription\": \"Applications Focused Platform Architect specialising in cloud native development.\",\n        \"createdAt\": \"2020-02-24T06:44:51.218Z\",\n        \"updatedAt\": \"2021-02-26T22:37:22.370Z\",\n        \"__v\": 0,\n        \"companyImage\": {\n          \"_id\": \"5f6618165ee4c9001d2b969a\",\n          \"name\": \"pivotal (1).png\",\n          \"alternativeText\": \"\",\n          \"caption\": \"\",\n          \"hash\": \"pivotal_1_06ffe33158\",\n          \"ext\": \".png\",\n          \"mime\": \"image/jpeg\",\n          \"size\": 1.9,\n          \"width\": 200,\n          \"height\": 200,\n          \"url\": \"/uploads/pivotal_1_06ffe33158.png\",\n          \"formats\": {\n            \"thumbnail\": {\n              \"name\": \"thumbnail_pivotal (1).png\",\n              \"hash\": \"thumbnail_pivotal_1_06ffe33158\",\n              \"ext\": \".png\",\n              \"mime\": \"image/jpeg\",\n              \"width\": 156,\n              \"height\": 156,\n              \"size\": 1.52,\n              \"path\": null,\n              \"url\": \"/uploads/thumbnail_pivotal_1_06ffe33158.png\"\n            }\n          },\n          \"provider\": \"local\",\n          \"related\": [\n            \"5e5370e311c196001d06f917\"\n          ],\n          \"createdAt\": \"2020-09-19T14:39:18.005Z\",\n          \"updatedAt\": \"2021-02-08T08:20:54.295Z\",\n          \"__v\": 0,\n          \"created_by\": \"5e4839cd1c2d53001dcc0696\",\n          \"updated_by\": \"5e4839cd1c2d53001dcc0696\",\n          \"id\": \"5f6618165ee4c9001d2b969a\"\n        },\n        \"updated_by\": \"5e4839cd1c2d53001dcc0696\",\n        \"longDescription\": \"Applications focused platform architect, aiding clients to become successful by building cloud-native apps utilizing the Spring ecosystem and platforms like Cloud Foundry and Kubernetes.\\n\\nDuties included:\\n- Delivering Cloud-Native Developer and other workshops to a number of clients which contained topics (not limited to):\\n  - Introduction to Spring Boot\\n  - Reactive programming with Spring Boot and Project Reactor\\n  - Producer driven contracts with Spring Cloud Contract\\n  - Cloud Foundry and BOSH\\n  - The mechanics behind ```cf push``` and the service broker.\\n  - Buildpacks\\n  - Steeltoe\\n\\n- Speaking at the cloud-native meetups and webinars including the most ever subscribed webinar for Pivotal EMEA (at the time): [Securing microservices with Spring and Cloud Foundry](https://www.brighttalk.com/webcast/14883/345709/securing-microservices-with-spring-and-pivotal-cloud-foundry)\\n\\n- Pre-sales pitches to prospective clients outlining the positive outcomes of building cloud-native apps with spring and running them with Cloud Foundry.\",\n        \"location\": \"London\",\n        \"id\": \"5e5370e311c196001d06f917\"\n      },\n      {\n        \"education\": false,\n        \"includeOnResume\": true,\n        \"attachments\": [],\n        \"skills\": [\n          \"5f635b3f5ee4c9001d2b962f\",\n          \"5f635b8b5ee4c9001d2b9634\",\n          \"5f635c185ee4c9001d2b963a\",\n          \"5f635c2e5ee4c9001d2b963c\",\n          \"5f635c675ee4c9001d2b9640\",\n          \"5f635c745ee4c9001d2b9641\",\n          \"5f635c845ee4c9001d2b9642\",\n          \"5f635cb65ee4c9001d2b9644\",\n          \"5f635cc45ee4c9001d2b9645\",\n          \"5f635cdc5ee4c9001d2b9646\",\n          \"5f635ceb5ee4c9001d2b9647\",\n          \"5f635d045ee4c9001d2b9649\",\n          \"5f635d115ee4c9001d2b964a\",\n          \"5f635d1e5ee4c9001d2b964b\",\n          \"5f635d2c5ee4c9001d2b964c\",\n          \"5f635d425ee4c9001d2b964d\",\n          \"5f635d7e5ee4c9001d2b964f\",\n          \"5f635d875ee4c9001d2b9650\",\n          \"5f635d905ee4c9001d2b9651\",\n          \"5f635d9e5ee4c9001d2b9652\",\n          \"5f635da95ee4c9001d2b9653\",\n          \"5f635dbe5ee4c9001d2b9655\",\n          \"5f635dde5ee4c9001d2b9658\",\n          \"5f635e235ee4c9001d2b965b\",\n          \"5f635e595ee4c9001d2b965f\",\n          \"5f635e755ee4c9001d2b9662\",\n          \"5f635df45ee4c9001d2b965a\",\n          \"5f635de75ee4c9001d2b9659\",\n          \"5f635e7d5ee4c9001d2b9663\",\n          \"5f635e885ee4c9001d2b9664\",\n          \"5f635ea45ee4c9001d2b9666\",\n          \"5f635ee35ee4c9001d2b9668\",\n          \"602236d69dc383001e945ddc\",\n          \"6029446c9dc383001e945de9\",\n          \"5f635b6a5ee4c9001d2b9632\",\n          \"5f635bb85ee4c9001d2b9635\"\n        ],\n        \"_id\": \"5e53713a11c196001d06f91a\",\n        \"title\": \"Senior Director, Java Development\",\n        \"startDate\": \"2011-07-12\",\n        \"createdAt\": \"2020-02-24T06:46:18.484Z\",\n        \"updatedAt\": \"2021-02-26T22:37:22.370Z\",\n        \"__v\": 0,\n        \"company\": \"Universal Music Publishing\",\n        \"companyUrl\": \"https://www.umusicpub.com/\",\n        \"endDate\": \"2018-08-11\",\n        \"shortDescription\": \"Technology leader in cloud native development for business critical applications.\",\n        \"companyImage\": {\n          \"_id\": \"5f6618325ee4c9001d2b969c\",\n          \"name\": \"umpg.png\",\n          \"alternativeText\": \"\",\n          \"caption\": \"\",\n          \"hash\": \"umpg_121becd400\",\n          \"ext\": \".png\",\n          \"mime\": \"image/png\",\n          \"size\": 129.45,\n          \"width\": 400,\n          \"height\": 400,\n          \"url\": \"/uploads/umpg_121becd400.png\",\n          \"formats\": {\n            \"thumbnail\": {\n              \"name\": \"thumbnail_umpg.png\",\n              \"hash\": \"thumbnail_umpg_121becd400\",\n              \"ext\": \".png\",\n              \"mime\": \"image/png\",\n              \"width\": 156,\n              \"height\": 156,\n              \"size\": 31.14,\n              \"path\": null,\n              \"url\": \"/uploads/thumbnail_umpg_121becd400.png\"\n            }\n          },\n          \"provider\": \"local\",\n          \"related\": [\n            \"5e53713a11c196001d06f91a\"\n          ],\n          \"createdAt\": \"2020-09-19T14:39:46.169Z\",\n          \"updatedAt\": \"2021-02-08T08:15:39.296Z\",\n          \"__v\": 0,\n          \"created_by\": \"5e4839cd1c2d53001dcc0696\",\n          \"updated_by\": \"5e4839cd1c2d53001dcc0696\",\n          \"id\": \"5f6618325ee4c9001d2b969c\"\n        },\n        \"updated_by\": \"5e4839cd1c2d53001dcc0696\",\n        \"longDescription\": \"Responsible for architecture and delivery of greenfield internal and public facing business applications. Super scrum master, removing obstacles for four dynamic scrum teams. Frequent commiter.\\n\\nRe-architecture of multiple monoliths with single points of failure to AWS,resulting in scalable, fault tolerant software reducing the operational cost significantly.\\n\\nIntroduced automated testing as a development activity utilising technologies such as cucumber, selenium, docker which allows for far shorter release cycles.\\n\\nDesigned the company's first 'serverless' application at AWS, Utilising ECS Fargate, Lambda, SQS, SNS, ElasticSearch, S3.\",\n        \"location\": \"London\",\n        \"id\": \"5e53713a11c196001d06f91a\"\n      },\n      {\n        \"education\": false,\n        \"includeOnResume\": true,\n        \"attachments\": [],\n        \"skills\": [\n          \"5f635b3f5ee4c9001d2b962f\",\n          \"5f635c185ee4c9001d2b963a\",\n          \"5f635c845ee4c9001d2b9642\",\n          \"5f635dc55ee4c9001d2b9656\",\n          \"602942659dc383001e945de5\",\n          \"6029446c9dc383001e945de9\",\n          \"5f635bb85ee4c9001d2b9635\"\n        ],\n        \"_id\": \"5e5371ef11c196001d06f91d\",\n        \"title\": \"Senior Applications Developer\",\n        \"startDate\": \"2009-11-01\",\n        \"endDate\": \"2011-05-19\",\n        \"createdAt\": \"2020-02-24T06:49:19.909Z\",\n        \"updatedAt\": \"2021-02-26T22:37:22.370Z\",\n        \"__v\": 0,\n        \"company\": \"Workcover Queensland\",\n        \"companyUrl\": \"https://www.worksafe.qld.gov.au/\",\n        \"shortDescription\": \"Team Leader working on an external-facing self-service portal in addition to migration of internal business-critical Oracle Forms applications to Spring MVC.\",\n        \"companyImage\": {\n          \"_id\": \"5f6618515ee4c9001d2b969e\",\n          \"name\": \"workcover.jpg\",\n          \"alternativeText\": \"\",\n          \"caption\": \"\",\n          \"hash\": \"workcover_15d9bd50bd\",\n          \"ext\": \".jpg\",\n          \"mime\": \"image/jpeg\",\n          \"size\": 24.35,\n          \"width\": 896,\n          \"height\": 530,\n          \"url\": \"/uploads/workcover_15d9bd50bd.jpg\",\n          \"formats\": {\n            \"thumbnail\": {\n              \"name\": \"thumbnail_workcover.jpg\",\n              \"hash\": \"thumbnail_workcover_15d9bd50bd\",\n              \"ext\": \".jpg\",\n              \"mime\": \"image/jpeg\",\n              \"width\": 245,\n              \"height\": 145,\n              \"size\": 5.05,\n              \"path\": null,\n              \"url\": \"/uploads/thumbnail_workcover_15d9bd50bd.jpg\"\n            },\n            \"medium\": {\n              \"name\": \"medium_workcover.jpg\",\n              \"hash\": \"medium_workcover_15d9bd50bd\",\n              \"ext\": \".jpg\",\n              \"mime\": \"image/jpeg\",\n              \"width\": 750,\n              \"height\": 444,\n              \"size\": 19.38,\n              \"path\": null,\n              \"url\": \"/uploads/medium_workcover_15d9bd50bd.jpg\"\n            },\n            \"small\": {\n              \"name\": \"small_workcover.jpg\",\n              \"hash\": \"small_workcover_15d9bd50bd\",\n              \"ext\": \".jpg\",\n              \"mime\": \"image/jpeg\",\n              \"width\": 500,\n              \"height\": 296,\n              \"size\": 11.09,\n              \"path\": null,\n              \"url\": \"/uploads/small_workcover_15d9bd50bd.jpg\"\n            }\n          },\n          \"provider\": \"local\",\n          \"related\": [\n            \"5e5371ef11c196001d06f91d\"\n          ],\n          \"createdAt\": \"2020-09-19T14:40:17.127Z\",\n          \"updatedAt\": \"2020-09-19T14:40:20.116Z\",\n          \"__v\": 0,\n          \"created_by\": \"5e4839cd1c2d53001dcc0696\",\n          \"updated_by\": \"5e4839cd1c2d53001dcc0696\",\n          \"id\": \"5f6618515ee4c9001d2b969e\"\n        },\n        \"updated_by\": \"5e4839cd1c2d53001dcc0696\",\n        \"longDescription\": \"Analysis, Design, Development, Testing & Documentation of enhancements to internal and external facing web applications within an agile environment\\n\\nMentoring of less experienced developers\\n\\nTechnologies used: JEE, JSP, Spring, Ibatis, Tiles, HTML, JQuery, Oracle, Ruby, Cucumber, Watir, PowerMock, EasyMock, TeamCity, Weblogic. SVN, DWR, Jasper Reports, Eclipse, SVN, CVS, Apache FOP, XML, XSLT.\",\n        \"location\": \"Brisbane\",\n        \"id\": \"5e5371ef11c196001d06f91d\"\n      },\n      {\n        \"education\": false,\n        \"includeOnResume\": true,\n        \"attachments\": [],\n        \"skills\": [\n          \"5f635e755ee4c9001d2b9662\",\n          \"5f635e7d5ee4c9001d2b9663\",\n          \"5f635e885ee4c9001d2b9664\",\n          \"5f635dbe5ee4c9001d2b9655\",\n          \"602942659dc383001e945de5\",\n          \"6029446c9dc383001e945de9\",\n          \"5f635bb85ee4c9001d2b9635\"\n        ],\n        \"_id\": \"5e53733b11c196001d06f920\",\n        \"title\": \"Analyst / Programmer\",\n        \"startDate\": \"2008-02-01\",\n        \"endDate\": \"2009-11-01\",\n        \"company\": \"Macquarie Group\",\n        \"companyUrl\": \"https://www.macquarie.com/uk/en.html\",\n        \"shortDescription\": \"Built real-time, batch and web applications using Struts and Spring framework for the Risk Management Group.\\n\\n\",\n        \"createdAt\": \"2020-02-24T06:54:51.222Z\",\n        \"updatedAt\": \"2021-02-26T22:37:22.370Z\",\n        \"__v\": 0,\n        \"companyImage\": {\n          \"_id\": \"5f6618675ee4c9001d2b96a0\",\n          \"name\": \"macquarie.png\",\n          \"alternativeText\": \"\",\n          \"caption\": \"\",\n          \"hash\": \"macquarie_5a3682b3db\",\n          \"ext\": \".png\",\n          \"mime\": \"image/png\",\n          \"size\": 11.24,\n          \"width\": 264,\n          \"height\": 229,\n          \"url\": \"/uploads/macquarie_5a3682b3db.png\",\n          \"formats\": {\n            \"thumbnail\": {\n              \"name\": \"thumbnail_macquarie.png\",\n              \"hash\": \"thumbnail_macquarie_5a3682b3db\",\n              \"ext\": \".png\",\n              \"mime\": \"image/png\",\n              \"width\": 180,\n              \"height\": 156,\n              \"size\": 7.99,\n              \"path\": null,\n              \"url\": \"/uploads/thumbnail_macquarie_5a3682b3db.png\"\n            }\n          },\n          \"provider\": \"local\",\n          \"related\": [\n            \"5e53733b11c196001d06f920\"\n          ],\n          \"createdAt\": \"2020-09-19T14:40:39.885Z\",\n          \"updatedAt\": \"2021-02-08T08:33:28.402Z\",\n          \"__v\": 0,\n          \"created_by\": \"5e4839cd1c2d53001dcc0696\",\n          \"updated_by\": \"5e4839cd1c2d53001dcc0696\",\n          \"id\": \"5f6618675ee4c9001d2b96a0\"\n        },\n        \"updated_by\": \"5e4839cd1c2d53001dcc0696\",\n        \"longDescription\": \"Design, Build, Test & Document new software solutions across the Risk Management Group\\n\\nMaintain and Enhance existing systems.\\n\\nMentoring of junior developers.\\n\\nTechnologies Used: JEE, Java, JSP, HTML, JQuery, Dojo, Spring, Hibernate, Sybase,HSQLDB, SQL Server, Tiles, JUnit, Selenium, PHP\",\n        \"location\": \"Sydney\",\n        \"id\": \"5e53733b11c196001d06f920\"\n      },\n      {\n        \"education\": false,\n        \"includeOnResume\": true,\n        \"attachments\": [],\n        \"skills\": [\n          \"5f635b7e5ee4c9001d2b9633\",\n          \"5f635b8b5ee4c9001d2b9634\",\n          \"5f635bf05ee4c9001d2b9637\",\n          \"5f635c0f5ee4c9001d2b9639\",\n          \"5f635c185ee4c9001d2b963a\",\n          \"5f635c1e5ee4c9001d2b963b\",\n          \"5f635c005ee4c9001d2b9638\",\n          \"5f635c2e5ee4c9001d2b963c\",\n          \"5f635c4f5ee4c9001d2b963f\",\n          \"5f635c675ee4c9001d2b9640\",\n          \"5f635c745ee4c9001d2b9641\",\n          \"5f635c845ee4c9001d2b9642\",\n          \"5f635ceb5ee4c9001d2b9647\",\n          \"5f635cf75ee4c9001d2b9648\",\n          \"5f635d045ee4c9001d2b9649\",\n          \"5f635d115ee4c9001d2b964a\",\n          \"5f635d1e5ee4c9001d2b964b\",\n          \"5f635d2c5ee4c9001d2b964c\",\n          \"5f635d425ee4c9001d2b964d\",\n          \"5f635d905ee4c9001d2b9651\",\n          \"5f635db55ee4c9001d2b9654\",\n          \"5f635dde5ee4c9001d2b9658\",\n          \"5f635e235ee4c9001d2b965b\",\n          \"5f635e2c5ee4c9001d2b965c\",\n          \"5f635e935ee4c9001d2b9665\",\n          \"5f635ef05ee4c9001d2b9669\",\n          \"5f635f8f5ee4c9001d2b966c\",\n          \"5f635f995ee4c9001d2b966d\",\n          \"5f635f025ee4c9001d2b966b\",\n          \"5f63608d5ee4c9001d2b966e\",\n          \"602234ba9dc383001e945dd6\",\n          \"5f635b555ee4c9001d2b9631\",\n          \"5f635b6a5ee4c9001d2b9632\",\n          \"5f635ca45ee4c9001d2b9643\",\n          \"5f635eae5ee4c9001d2b9667\",\n          \"5f635ef75ee4c9001d2b966a\",\n          \"5f635c375ee4c9001d2b963d\",\n          \"5f635e625ee4c9001d2b9660\",\n          \"5f635dd35ee4c9001d2b9657\",\n          \"5f635bb85ee4c9001d2b9635\",\n          \"60291c5d9dc383001e945de2\"\n        ],\n        \"_id\": \"5eedd4803c8d74001e4497f5\",\n        \"startDate\": \"2020-05-04\",\n        \"company\": \"Y-Tree\",\n        \"companyUrl\": \"https://y-tree.com/\",\n        \"title\": \"Senior Developer\",\n        \"createdAt\": \"2020-06-20T09:18:56.102Z\",\n        \"updatedAt\": \"2021-02-26T22:39:33.470Z\",\n        \"__v\": 0,\n        \"companyImage\": {\n          \"_id\": \"5eedd46e3c8d74001e4497f4\",\n          \"name\": \"YTree\",\n          \"alternativeText\": \"\",\n          \"caption\": \"\",\n          \"hash\": \"YT_ree_50b80993fc\",\n          \"ext\": \".png\",\n          \"mime\": \"image/png\",\n          \"size\": 6.33,\n          \"width\": 200,\n          \"height\": 200,\n          \"url\": \"/uploads/YT_ree_50b80993fc.png\",\n          \"formats\": {\n            \"thumbnail\": {\n              \"hash\": \"thumbnail_YT_ree_50b80993fc\",\n              \"ext\": \".png\",\n              \"mime\": \"image/png\",\n              \"width\": 156,\n              \"height\": 156,\n              \"size\": 10.07,\n              \"path\": null,\n              \"url\": \"/uploads/thumbnail_YT_ree_50b80993fc.png\"\n            }\n          },\n          \"provider\": \"local\",\n          \"related\": [\n            \"5eedd4803c8d74001e4497f5\"\n          ],\n          \"createdAt\": \"2020-06-20T09:18:38.337Z\",\n          \"updatedAt\": \"2020-06-20T09:18:56.106Z\",\n          \"__v\": 0,\n          \"id\": \"5eedd46e3c8d74001e4497f4\"\n        },\n        \"shortDescription\": \"Lead Developer of exciting fin-tech platform composed of event-driven and restful microservices.\",\n        \"updated_by\": \"5e4839cd1c2d53001dcc0696\",\n        \"longDescription\": \"Lead Developer of exciting fin-tech platform composed of event-driven and restful microservices.\\n\\nHeavily involved in transforming a monolithic application into a suite of fault-tolerant event-driven and restful microservices written with Kotlin and Spring Boot. \\n\\nLead a cloud-native transformation by improving the path to production of services by introducing a number of tools and technologies to aide with continuous delivery of features:\\n\\n-  Cucumber for integration testing\\n-  Pact for contract testing (consumer-driven contracts for both synchronous (HTTP) and event-driven (Kafka) communication)\\n-  Test Containers for component testing\\n-  Use of Spring Cloud Kubernetes and Spring Cloud vault for environment-specific configuration (as per the [12-factor app](https://12factor.net/))\\n- Jenkin X pipelines to build and deploy helm charts for each service and environment.\\n- Keycloak for identity management.\\n- Rolling updates of k8s deployments for no-outage releases.\\n\\nAlso contributed to the YTree technical blog sharing knowledge amongst the team in the form of both written blogs and recorded videos. \\n\\n\\n\\n\\n\\n\",\n        \"location\": \"London\",\n        \"id\": \"5eedd4803c8d74001e4497f5\"\n      }\n    ],\n    \"blogs\": [],\n    \"id\": \"5f635bb85ee4c9001d2b9635\"\n  },\n  {\n    \"includeOnResume\": false,\n    \"_id\": \"5f635bcd5ee4c9001d2b9636\",\n    \"name\": \"Spring Cloud Netflix\",\n    \"rating\": 8.5,\n    \"createdAt\": \"2020-09-17T12:51:25.894Z\",\n    \"updatedAt\": \"2020-09-22T06:06:13.936Z\",\n    \"__v\": 0,\n    \"created_by\": {\n      \"_id\": \"5e4839cd1c2d53001dcc0696\",\n      \"username\": \"simon.rowe@gmail.com\",\n      \"createdAt\": \"2020-02-15T18:34:53.155Z\",\n      \"updatedAt\": \"2020-09-17T07:45:13.526Z\",\n      \"__v\": 0,\n      \"id\": \"5e4839cd1c2d53001dcc0696\"\n    },\n    \"updated_by\": {\n      \"_id\": \"5e4839cd1c2d53001dcc0696\",\n      \"username\": \"simon.rowe@gmail.com\",\n      \"createdAt\": \"2020-02-15T18:34:53.155Z\",\n      \"updatedAt\": \"2020-09-17T07:45:13.526Z\",\n      \"__v\": 0,\n      \"id\": \"5e4839cd1c2d53001dcc0696\"\n    },\n    \"image\": {\n      \"_id\": \"5f6852625ee4c9001d2b96b7\",\n      \"name\": \"spring cloud netflix.png\",\n      \"alternativeText\": \"\",\n      \"caption\": \"\",\n      \"hash\": \"spring_cloud_netflix_9c53aea1c7\",\n      \"ext\": \".png\",\n      \"mime\": \"image/png\",\n      \"size\": 5.78,\n      \"width\": 225,\n      \"height\": 225,\n      \"url\": \"/uploads/spring_cloud_netflix_9c53aea1c7.png\",\n      \"formats\": {\n        \"thumbnail\": {\n          \"name\": \"thumbnail_spring cloud netflix.png\",\n          \"hash\": \"thumbnail_spring_cloud_netflix_9c53aea1c7\",\n          \"ext\": \".png\",\n          \"mime\": \"image/png\",\n          \"width\": 156,\n          \"height\": 156,\n          \"size\": 9.88,\n          \"path\": null,\n          \"url\": \"/uploads/thumbnail_spring_cloud_netflix_9c53aea1c7.png\"\n        }\n      },\n      \"provider\": \"local\",\n      \"related\": [\n        \"5f635bcd5ee4c9001d2b9636\"\n      ],\n      \"createdAt\": \"2020-09-21T07:12:34.818Z\",\n      \"updatedAt\": \"2020-09-21T07:12:37.197Z\",\n      \"__v\": 0,\n      \"created_by\": \"5e4839cd1c2d53001dcc0696\",\n      \"updated_by\": \"5e4839cd1c2d53001dcc0696\",\n      \"id\": \"5f6852625ee4c9001d2b96b7\"\n    },\n    \"description\": \"Configure the common patterns inside your application and build large distributed systems with battle-tested Netflix components. The patterns provided include:\\n- Service Discovery (Eureka)\\n- Circuit Breaker (Hystrix)\\n- Intelligent Routing (Zuul)\\n- Client Side Load Balancing (Ribbon)\",\n    \"jobs\": [\n      {\n        \"education\": false,\n        \"includeOnResume\": true,\n        \"attachments\": [],\n        \"skills\": [\n          \"5f635b3f5ee4c9001d2b962f\",\n          \"5f635b7e5ee4c9001d2b9633\",\n          \"5f635b8b5ee4c9001d2b9634\",\n          \"5f635bcd5ee4c9001d2b9636\",\n          \"5f635bf05ee4c9001d2b9637\",\n          \"5f635c1e5ee4c9001d2b963b\",\n          \"5f635c455ee4c9001d2b963e\",\n          \"5f635c745ee4c9001d2b9641\",\n          \"5f635c845ee4c9001d2b9642\",\n          \"5f635d645ee4c9001d2b964e\",\n          \"5f635d425ee4c9001d2b964d\",\n          \"5f635c185ee4c9001d2b963a\",\n          \"5f635da95ee4c9001d2b9653\",\n          \"5f635e405ee4c9001d2b965e\",\n          \"5f635e365ee4c9001d2b965d\",\n          \"5f635ea45ee4c9001d2b9666\",\n          \"602235769dc383001e945dd9\",\n          \"5f63608d5ee4c9001d2b966e\",\n          \"5f635b495ee4c9001d2b9630\",\n          \"5f635b6a5ee4c9001d2b9632\",\n          \"5f635ca45ee4c9001d2b9643\",\n          \"5f635bb85ee4c9001d2b9635\"\n        ],\n        \"_id\": \"5e5370e311c196001d06f917\",\n        \"title\": \"Senior Platform Architect\",\n        \"startDate\": \"2018-08-01\",\n        \"endDate\": \"2019-04-12\",\n        \"company\": \"Pivotal\",\n        \"companyUrl\": \"https://pivotal.io/\",\n        \"shortDescription\": \"Applications Focused Platform Architect specialising in cloud native development.\",\n        \"createdAt\": \"2020-02-24T06:44:51.218Z\",\n        \"updatedAt\": \"2021-02-26T22:37:22.370Z\",\n        \"__v\": 0,\n        \"companyImage\": {\n          \"_id\": \"5f6618165ee4c9001d2b969a\",\n          \"name\": \"pivotal (1).png\",\n          \"alternativeText\": \"\",\n          \"caption\": \"\",\n          \"hash\": \"pivotal_1_06ffe33158\",\n          \"ext\": \".png\",\n          \"mime\": \"image/jpeg\",\n          \"size\": 1.9,\n          \"width\": 200,\n          \"height\": 200,\n          \"url\": \"/uploads/pivotal_1_06ffe33158.png\",\n          \"formats\": {\n            \"thumbnail\": {\n              \"name\": \"thumbnail_pivotal (1).png\",\n              \"hash\": \"thumbnail_pivotal_1_06ffe33158\",\n              \"ext\": \".png\",\n              \"mime\": \"image/jpeg\",\n              \"width\": 156,\n              \"height\": 156,\n              \"size\": 1.52,\n              \"path\": null,\n              \"url\": \"/uploads/thumbnail_pivotal_1_06ffe33158.png\"\n            }\n          },\n          \"provider\": \"local\",\n          \"related\": [\n            \"5e5370e311c196001d06f917\"\n          ],\n          \"createdAt\": \"2020-09-19T14:39:18.005Z\",\n          \"updatedAt\": \"2021-02-08T08:20:54.295Z\",\n          \"__v\": 0,\n          \"created_by\": \"5e4839cd1c2d53001dcc0696\",\n          \"updated_by\": \"5e4839cd1c2d53001dcc0696\",\n          \"id\": \"5f6618165ee4c9001d2b969a\"\n        },\n        \"updated_by\": \"5e4839cd1c2d53001dcc0696\",\n        \"longDescription\": \"Applications focused platform architect, aiding clients to become successful by building cloud-native apps utilizing the Spring ecosystem and platforms like Cloud Foundry and Kubernetes.\\n\\nDuties included:\\n- Delivering Cloud-Native Developer and other workshops to a number of clients which contained topics (not limited to):\\n  - Introduction to Spring Boot\\n  - Reactive programming with Spring Boot and Project Reactor\\n  - Producer driven contracts with Spring Cloud Contract\\n  - Cloud Foundry and BOSH\\n  - The mechanics behind ```cf push``` and the service broker.\\n  - Buildpacks\\n  - Steeltoe\\n\\n- Speaking at the cloud-native meetups and webinars including the most ever subscribed webinar for Pivotal EMEA (at the time): [Securing microservices with Spring and Cloud Foundry](https://www.brighttalk.com/webcast/14883/345709/securing-microservices-with-spring-and-pivotal-cloud-foundry)\\n\\n- Pre-sales pitches to prospective clients outlining the positive outcomes of building cloud-native apps with spring and running them with Cloud Foundry.\",\n        \"location\": \"London\",\n        \"id\": \"5e5370e311c196001d06f917\"\n      }\n    ],\n    \"blogs\": [],\n    \"id\": \"5f635bcd5ee4c9001d2b9636\"\n  },\n  {\n    \"includeOnResume\": false,\n    \"_id\": \"5f635bf05ee4c9001d2b9637\",\n    \"name\": \"Spring Cloud Kubernetes\",\n    \"rating\": 9,\n    \"createdAt\": \"2020-09-17T12:52:00.258Z\",\n    \"updatedAt\": \"2020-09-22T06:09:38.781Z\",\n    \"__v\": 0,\n    \"created_by\": {\n      \"_id\": \"5e4839cd1c2d53001dcc0696\",\n      \"username\": \"simon.rowe@gmail.com\",\n      \"createdAt\": \"2020-02-15T18:34:53.155Z\",\n      \"updatedAt\": \"2020-09-17T07:45:13.526Z\",\n      \"__v\": 0,\n      \"id\": \"5e4839cd1c2d53001dcc0696\"\n    },\n    \"updated_by\": {\n      \"_id\": \"5e4839cd1c2d53001dcc0696\",\n      \"username\": \"simon.rowe@gmail.com\",\n      \"createdAt\": \"2020-02-15T18:34:53.155Z\",\n      \"updatedAt\": \"2020-09-17T07:45:13.526Z\",\n      \"__v\": 0,\n      \"id\": \"5e4839cd1c2d53001dcc0696\"\n    },\n    \"image\": {\n      \"_id\": \"5f68528a5ee4c9001d2b96b9\",\n      \"name\": \"spring-cloud-k8s.png\",\n      \"alternativeText\": \"\",\n      \"caption\": \"\",\n      \"hash\": \"spring_cloud_k8s_0a5c097677\",\n      \"ext\": \".png\",\n      \"mime\": \"image/png\",\n      \"size\": 7.39,\n      \"width\": 363,\n      \"height\": 139,\n      \"url\": \"/uploads/spring_cloud_k8s_0a5c097677.png\",\n      \"formats\": {\n        \"thumbnail\": {\n          \"name\": \"thumbnail_spring-cloud-k8s.png\",\n          \"hash\": \"thumbnail_spring_cloud_k8s_0a5c097677\",\n          \"ext\": \".png\",\n          \"mime\": \"image/png\",\n          \"width\": 245,\n          \"height\": 94,\n          \"size\": 11.5,\n          \"path\": null,\n          \"url\": \"/uploads/thumbnail_spring_cloud_k8s_0a5c097677.png\"\n        }\n      },\n      \"provider\": \"local\",\n      \"related\": [\n        \"5f635bf05ee4c9001d2b9637\"\n      ],\n      \"createdAt\": \"2020-09-21T07:13:14.269Z\",\n      \"updatedAt\": \"2020-09-21T07:13:17.570Z\",\n      \"__v\": 0,\n      \"created_by\": \"5e4839cd1c2d53001dcc0696\",\n      \"updated_by\": \"5e4839cd1c2d53001dcc0696\",\n      \"id\": \"5f68528a5ee4c9001d2b96b9\"\n    },\n    \"description\": \"Spring Cloud Kubernetes provides implementations of well known Spring Cloud interfaces allowing developers to build and run Spring Cloud applications on Kubernetes.\\n\\n- Providing application configuration via configmaps and secrets. \\n- Client side load balancing via ribbon (k8s services).\",\n    \"jobs\": [\n      {\n        \"education\": false,\n        \"includeOnResume\": true,\n        \"attachments\": [],\n        \"skills\": [\n          \"5f635b3f5ee4c9001d2b962f\",\n          \"5f635b7e5ee4c9001d2b9633\",\n          \"5f635b8b5ee4c9001d2b9634\",\n          \"5f635bcd5ee4c9001d2b9636\",\n          \"5f635bf05ee4c9001d2b9637\",\n          \"5f635c1e5ee4c9001d2b963b\",\n          \"5f635c455ee4c9001d2b963e\",\n          \"5f635c745ee4c9001d2b9641\",\n          \"5f635c845ee4c9001d2b9642\",\n          \"5f635d645ee4c9001d2b964e\",\n          \"5f635d425ee4c9001d2b964d\",\n          \"5f635c185ee4c9001d2b963a\",\n          \"5f635da95ee4c9001d2b9653\",\n          \"5f635e405ee4c9001d2b965e\",\n          \"5f635e365ee4c9001d2b965d\",\n          \"5f635ea45ee4c9001d2b9666\",\n          \"602235769dc383001e945dd9\",\n          \"5f63608d5ee4c9001d2b966e\",\n          \"5f635b495ee4c9001d2b9630\",\n          \"5f635b6a5ee4c9001d2b9632\",\n          \"5f635ca45ee4c9001d2b9643\",\n          \"5f635bb85ee4c9001d2b9635\"\n        ],\n        \"_id\": \"5e5370e311c196001d06f917\",\n        \"title\": \"Senior Platform Architect\",\n        \"startDate\": \"2018-08-01\",\n        \"endDate\": \"2019-04-12\",\n        \"company\": \"Pivotal\",\n        \"companyUrl\": \"https://pivotal.io/\",\n        \"shortDescription\": \"Applications Focused Platform Architect specialising in cloud native development.\",\n        \"createdAt\": \"2020-02-24T06:44:51.218Z\",\n        \"updatedAt\": \"2021-02-26T22:37:22.370Z\",\n        \"__v\": 0,\n        \"companyImage\": {\n          \"_id\": \"5f6618165ee4c9001d2b969a\",\n          \"name\": \"pivotal (1).png\",\n          \"alternativeText\": \"\",\n          \"caption\": \"\",\n          \"hash\": \"pivotal_1_06ffe33158\",\n          \"ext\": \".png\",\n          \"mime\": \"image/jpeg\",\n          \"size\": 1.9,\n          \"width\": 200,\n          \"height\": 200,\n          \"url\": \"/uploads/pivotal_1_06ffe33158.png\",\n          \"formats\": {\n            \"thumbnail\": {\n              \"name\": \"thumbnail_pivotal (1).png\",\n              \"hash\": \"thumbnail_pivotal_1_06ffe33158\",\n              \"ext\": \".png\",\n              \"mime\": \"image/jpeg\",\n              \"width\": 156,\n              \"height\": 156,\n              \"size\": 1.52,\n              \"path\": null,\n              \"url\": \"/uploads/thumbnail_pivotal_1_06ffe33158.png\"\n            }\n          },\n          \"provider\": \"local\",\n          \"related\": [\n            \"5e5370e311c196001d06f917\"\n          ],\n          \"createdAt\": \"2020-09-19T14:39:18.005Z\",\n          \"updatedAt\": \"2021-02-08T08:20:54.295Z\",\n          \"__v\": 0,\n          \"created_by\": \"5e4839cd1c2d53001dcc0696\",\n          \"updated_by\": \"5e4839cd1c2d53001dcc0696\",\n          \"id\": \"5f6618165ee4c9001d2b969a\"\n        },\n        \"updated_by\": \"5e4839cd1c2d53001dcc0696\",\n        \"longDescription\": \"Applications focused platform architect, aiding clients to become successful by building cloud-native apps utilizing the Spring ecosystem and platforms like Cloud Foundry and Kubernetes.\\n\\nDuties included:\\n- Delivering Cloud-Native Developer and other workshops to a number of clients which contained topics (not limited to):\\n  - Introduction to Spring Boot\\n  - Reactive programming with Spring Boot and Project Reactor\\n  - Producer driven contracts with Spring Cloud Contract\\n  - Cloud Foundry and BOSH\\n  - The mechanics behind ```cf push``` and the service broker.\\n  - Buildpacks\\n  - Steeltoe\\n\\n- Speaking at the cloud-native meetups and webinars including the most ever subscribed webinar for Pivotal EMEA (at the time): [Securing microservices with Spring and Cloud Foundry](https://www.brighttalk.com/webcast/14883/345709/securing-microservices-with-spring-and-pivotal-cloud-foundry)\\n\\n- Pre-sales pitches to prospective clients outlining the positive outcomes of building cloud-native apps with spring and running them with Cloud Foundry.\",\n        \"location\": \"London\",\n        \"id\": \"5e5370e311c196001d06f917\"\n      },\n      {\n        \"education\": false,\n        \"includeOnResume\": true,\n        \"attachments\": [],\n        \"skills\": [\n          \"5f635b7e5ee4c9001d2b9633\",\n          \"5f635b8b5ee4c9001d2b9634\",\n          \"5f635bf05ee4c9001d2b9637\",\n          \"5f635c0f5ee4c9001d2b9639\",\n          \"5f635c185ee4c9001d2b963a\",\n          \"5f635c1e5ee4c9001d2b963b\",\n          \"5f635c005ee4c9001d2b9638\",\n          \"5f635c2e5ee4c9001d2b963c\",\n          \"5f635c4f5ee4c9001d2b963f\",\n          \"5f635c675ee4c9001d2b9640\",\n          \"5f635c745ee4c9001d2b9641\",\n          \"5f635c845ee4c9001d2b9642\",\n          \"5f635ceb5ee4c9001d2b9647\",\n          \"5f635cf75ee4c9001d2b9648\",\n          \"5f635d045ee4c9001d2b9649\",\n          \"5f635d115ee4c9001d2b964a\",\n          \"5f635d1e5ee4c9001d2b964b\",\n          \"5f635d2c5ee4c9001d2b964c\",\n          \"5f635d425ee4c9001d2b964d\",\n          \"5f635d905ee4c9001d2b9651\",\n          \"5f635db55ee4c9001d2b9654\",\n          \"5f635dde5ee4c9001d2b9658\",\n          \"5f635e235ee4c9001d2b965b\",\n          \"5f635e2c5ee4c9001d2b965c\",\n          \"5f635e935ee4c9001d2b9665\",\n          \"5f635ef05ee4c9001d2b9669\",\n          \"5f635f8f5ee4c9001d2b966c\",\n          \"5f635f995ee4c9001d2b966d\",\n          \"5f635f025ee4c9001d2b966b\",\n          \"5f63608d5ee4c9001d2b966e\",\n          \"602234ba9dc383001e945dd6\",\n          \"5f635b555ee4c9001d2b9631\",\n          \"5f635b6a5ee4c9001d2b9632\",\n          \"5f635ca45ee4c9001d2b9643\",\n          \"5f635eae5ee4c9001d2b9667\",\n          \"5f635ef75ee4c9001d2b966a\",\n          \"5f635c375ee4c9001d2b963d\",\n          \"5f635e625ee4c9001d2b9660\",\n          \"5f635dd35ee4c9001d2b9657\",\n          \"5f635bb85ee4c9001d2b9635\",\n          \"60291c5d9dc383001e945de2\"\n        ],\n        \"_id\": \"5eedd4803c8d74001e4497f5\",\n        \"startDate\": \"2020-05-04\",\n        \"company\": \"Y-Tree\",\n        \"companyUrl\": \"https://y-tree.com/\",\n        \"title\": \"Senior Developer\",\n        \"createdAt\": \"2020-06-20T09:18:56.102Z\",\n        \"updatedAt\": \"2021-02-26T22:39:33.470Z\",\n        \"__v\": 0,\n        \"companyImage\": {\n          \"_id\": \"5eedd46e3c8d74001e4497f4\",\n          \"name\": \"YTree\",\n          \"alternativeText\": \"\",\n          \"caption\": \"\",\n          \"hash\": \"YT_ree_50b80993fc\",\n          \"ext\": \".png\",\n          \"mime\": \"image/png\",\n          \"size\": 6.33,\n          \"width\": 200,\n          \"height\": 200,\n          \"url\": \"/uploads/YT_ree_50b80993fc.png\",\n          \"formats\": {\n            \"thumbnail\": {\n              \"hash\": \"thumbnail_YT_ree_50b80993fc\",\n              \"ext\": \".png\",\n              \"mime\": \"image/png\",\n              \"width\": 156,\n              \"height\": 156,\n              \"size\": 10.07,\n              \"path\": null,\n              \"url\": \"/uploads/thumbnail_YT_ree_50b80993fc.png\"\n            }\n          },\n          \"provider\": \"local\",\n          \"related\": [\n            \"5eedd4803c8d74001e4497f5\"\n          ],\n          \"createdAt\": \"2020-06-20T09:18:38.337Z\",\n          \"updatedAt\": \"2020-06-20T09:18:56.106Z\",\n          \"__v\": 0,\n          \"id\": \"5eedd46e3c8d74001e4497f4\"\n        },\n        \"shortDescription\": \"Lead Developer of exciting fin-tech platform composed of event-driven and restful microservices.\",\n        \"updated_by\": \"5e4839cd1c2d53001dcc0696\",\n        \"longDescription\": \"Lead Developer of exciting fin-tech platform composed of event-driven and restful microservices.\\n\\nHeavily involved in transforming a monolithic application into a suite of fault-tolerant event-driven and restful microservices written with Kotlin and Spring Boot. \\n\\nLead a cloud-native transformation by improving the path to production of services by introducing a number of tools and technologies to aide with continuous delivery of features:\\n\\n-  Cucumber for integration testing\\n-  Pact for contract testing (consumer-driven contracts for both synchronous (HTTP) and event-driven (Kafka) communication)\\n-  Test Containers for component testing\\n-  Use of Spring Cloud Kubernetes and Spring Cloud vault for environment-specific configuration (as per the [12-factor app](https://12factor.net/))\\n- Jenkin X pipelines to build and deploy helm charts for each service and environment.\\n- Keycloak for identity management.\\n- Rolling updates of k8s deployments for no-outage releases.\\n\\nAlso contributed to the YTree technical blog sharing knowledge amongst the team in the form of both written blogs and recorded videos. \\n\\n\\n\\n\\n\\n\",\n        \"location\": \"London\",\n        \"id\": \"5eedd4803c8d74001e4497f5\"\n      }\n    ],\n    \"blogs\": [],\n    \"id\": \"5f635bf05ee4c9001d2b9637\"\n  },\n  {\n    \"includeOnResume\": false,\n    \"_id\": \"5f635c005ee4c9001d2b9638\",\n    \"name\": \"Spring Cloud Vault\",\n    \"rating\": 9.5,\n    \"createdAt\": \"2020-09-17T12:52:16.825Z\",\n    \"updatedAt\": \"2020-09-22T06:11:07.223Z\",\n    \"__v\": 0,\n    \"created_by\": {\n      \"_id\": \"5e4839cd1c2d53001dcc0696\",\n      \"username\": \"simon.rowe@gmail.com\",\n      \"createdAt\": \"2020-02-15T18:34:53.155Z\",\n      \"updatedAt\": \"2020-09-17T07:45:13.526Z\",\n      \"__v\": 0,\n      \"id\": \"5e4839cd1c2d53001dcc0696\"\n    },\n    \"updated_by\": {\n      \"_id\": \"5e4839cd1c2d53001dcc0696\",\n      \"username\": \"simon.rowe@gmail.com\",\n      \"createdAt\": \"2020-02-15T18:34:53.155Z\",\n      \"updatedAt\": \"2020-09-17T07:45:13.526Z\",\n      \"__v\": 0,\n      \"id\": \"5e4839cd1c2d53001dcc0696\"\n    },\n    \"image\": {\n      \"_id\": \"5f6852c25ee4c9001d2b96bb\",\n      \"name\": \"spring_cloud_vault.png\",\n      \"alternativeText\": \"\",\n      \"caption\": \"\",\n      \"hash\": \"spring_cloud_vault_568fba5416\",\n      \"ext\": \".png\",\n      \"mime\": \"image/png\",\n      \"size\": 26.03,\n      \"width\": 264,\n      \"height\": 271,\n      \"url\": \"/uploads/spring_cloud_vault_568fba5416.png\",\n      \"formats\": {\n        \"thumbnail\": {\n          \"name\": \"thumbnail_spring_cloud_vault.png\",\n          \"hash\": \"thumbnail_spring_cloud_vault_568fba5416\",\n          \"ext\": \".png\",\n          \"mime\": \"image/png\",\n          \"width\": 152,\n          \"height\": 156,\n          \"size\": 18.04,\n          \"path\": null,\n          \"url\": \"/uploads/thumbnail_spring_cloud_vault_568fba5416.png\"\n        }\n      },\n      \"provider\": \"local\",\n      \"related\": [\n        \"5f635c005ee4c9001d2b9638\"\n      ],\n      \"createdAt\": \"2020-09-21T07:14:10.602Z\",\n      \"updatedAt\": \"2020-09-21T07:14:13.697Z\",\n      \"__v\": 0,\n      \"created_by\": \"5e4839cd1c2d53001dcc0696\",\n      \"updated_by\": \"5e4839cd1c2d53001dcc0696\",\n      \"id\": \"5f6852c25ee4c9001d2b96bb\"\n    },\n    \"description\": \"Spring Cloud Vault Config provides client-side support for externalized configuration in a distributed system. With HashiCorpâ€™s Vault you have a central place to manage external secret properties for applications across all environments:\\n\\n- Injection of secrets for dbs, api keys, certificates from vault\\n- Authentication with vault using k8s service account.\",\n    \"jobs\": [\n      {\n        \"education\": false,\n        \"includeOnResume\": true,\n        \"attachments\": [],\n        \"skills\": [\n          \"5f635b7e5ee4c9001d2b9633\",\n          \"5f635b8b5ee4c9001d2b9634\",\n          \"5f635bf05ee4c9001d2b9637\",\n          \"5f635c0f5ee4c9001d2b9639\",\n          \"5f635c185ee4c9001d2b963a\",\n          \"5f635c1e5ee4c9001d2b963b\",\n          \"5f635c005ee4c9001d2b9638\",\n          \"5f635c2e5ee4c9001d2b963c\",\n          \"5f635c4f5ee4c9001d2b963f\",\n          \"5f635c675ee4c9001d2b9640\",\n          \"5f635c745ee4c9001d2b9641\",\n          \"5f635c845ee4c9001d2b9642\",\n          \"5f635ceb5ee4c9001d2b9647\",\n          \"5f635cf75ee4c9001d2b9648\",\n          \"5f635d045ee4c9001d2b9649\",\n          \"5f635d115ee4c9001d2b964a\",\n          \"5f635d1e5ee4c9001d2b964b\",\n          \"5f635d2c5ee4c9001d2b964c\",\n          \"5f635d425ee4c9001d2b964d\",\n          \"5f635d905ee4c9001d2b9651\",\n          \"5f635db55ee4c9001d2b9654\",\n          \"5f635dde5ee4c9001d2b9658\",\n          \"5f635e235ee4c9001d2b965b\",\n          \"5f635e2c5ee4c9001d2b965c\",\n          \"5f635e935ee4c9001d2b9665\",\n          \"5f635ef05ee4c9001d2b9669\",\n          \"5f635f8f5ee4c9001d2b966c\",\n          \"5f635f995ee4c9001d2b966d\",\n          \"5f635f025ee4c9001d2b966b\",\n          \"5f63608d5ee4c9001d2b966e\",\n          \"602234ba9dc383001e945dd6\",\n          \"5f635b555ee4c9001d2b9631\",\n          \"5f635b6a5ee4c9001d2b9632\",\n          \"5f635ca45ee4c9001d2b9643\",\n          \"5f635eae5ee4c9001d2b9667\",\n          \"5f635ef75ee4c9001d2b966a\",\n          \"5f635c375ee4c9001d2b963d\",\n          \"5f635e625ee4c9001d2b9660\",\n          \"5f635dd35ee4c9001d2b9657\",\n          \"5f635bb85ee4c9001d2b9635\",\n          \"60291c5d9dc383001e945de2\"\n        ],\n        \"_id\": \"5eedd4803c8d74001e4497f5\",\n        \"startDate\": \"2020-05-04\",\n        \"company\": \"Y-Tree\",\n        \"companyUrl\": \"https://y-tree.com/\",\n        \"title\": \"Senior Developer\",\n        \"createdAt\": \"2020-06-20T09:18:56.102Z\",\n        \"updatedAt\": \"2021-02-26T22:39:33.470Z\",\n        \"__v\": 0,\n        \"companyImage\": {\n          \"_id\": \"5eedd46e3c8d74001e4497f4\",\n          \"name\": \"YTree\",\n          \"alternativeText\": \"\",\n          \"caption\": \"\",\n          \"hash\": \"YT_ree_50b80993fc\",\n          \"ext\": \".png\",\n          \"mime\": \"image/png\",\n          \"size\": 6.33,\n          \"width\": 200,\n          \"height\": 200,\n          \"url\": \"/uploads/YT_ree_50b80993fc.png\",\n          \"formats\": {\n            \"thumbnail\": {\n              \"hash\": \"thumbnail_YT_ree_50b80993fc\",\n              \"ext\": \".png\",\n              \"mime\": \"image/png\",\n              \"width\": 156,\n              \"height\": 156,\n              \"size\": 10.07,\n              \"path\": null,\n              \"url\": \"/uploads/thumbnail_YT_ree_50b80993fc.png\"\n            }\n          },\n          \"provider\": \"local\",\n          \"related\": [\n            \"5eedd4803c8d74001e4497f5\"\n          ],\n          \"createdAt\": \"2020-06-20T09:18:38.337Z\",\n          \"updatedAt\": \"2020-06-20T09:18:56.106Z\",\n          \"__v\": 0,\n          \"id\": \"5eedd46e3c8d74001e4497f4\"\n        },\n        \"shortDescription\": \"Lead Developer of exciting fin-tech platform composed of event-driven and restful microservices.\",\n        \"updated_by\": \"5e4839cd1c2d53001dcc0696\",\n        \"longDescription\": \"Lead Developer of exciting fin-tech platform composed of event-driven and restful microservices.\\n\\nHeavily involved in transforming a monolithic application into a suite of fault-tolerant event-driven and restful microservices written with Kotlin and Spring Boot. \\n\\nLead a cloud-native transformation by improving the path to production of services by introducing a number of tools and technologies to aide with continuous delivery of features:\\n\\n-  Cucumber for integration testing\\n-  Pact for contract testing (consumer-driven contracts for both synchronous (HTTP) and event-driven (Kafka) communication)\\n-  Test Containers for component testing\\n-  Use of Spring Cloud Kubernetes and Spring Cloud vault for environment-specific configuration (as per the [12-factor app](https://12factor.net/))\\n- Jenkin X pipelines to build and deploy helm charts for each service and environment.\\n- Keycloak for identity management.\\n- Rolling updates of k8s deployments for no-outage releases.\\n\\nAlso contributed to the YTree technical blog sharing knowledge amongst the team in the form of both written blogs and recorded videos. \\n\\n\\n\\n\\n\\n\",\n        \"location\": \"London\",\n        \"id\": \"5eedd4803c8d74001e4497f5\"\n      }\n    ],\n    \"blogs\": [],\n    \"id\": \"5f635c005ee4c9001d2b9638\"\n  },\n  {\n    \"includeOnResume\": false,\n    \"_id\": \"5f635c0f5ee4c9001d2b9639\",\n    \"name\": \"Spring Cloud Gateway\",\n    \"rating\": 8.5,\n    \"createdAt\": \"2020-09-17T12:52:31.126Z\",\n    \"updatedAt\": \"2020-09-22T06:11:56.837Z\",\n    \"__v\": 0,\n    \"created_by\": {\n      \"_id\": \"5e4839cd1c2d53001dcc0696\",\n      \"username\": \"simon.rowe@gmail.com\",\n      \"createdAt\": \"2020-02-15T18:34:53.155Z\",\n      \"updatedAt\": \"2020-09-17T07:45:13.526Z\",\n      \"__v\": 0,\n      \"id\": \"5e4839cd1c2d53001dcc0696\"\n    },\n    \"updated_by\": {\n      \"_id\": \"5e4839cd1c2d53001dcc0696\",\n      \"username\": \"simon.rowe@gmail.com\",\n      \"createdAt\": \"2020-02-15T18:34:53.155Z\",\n      \"updatedAt\": \"2020-09-17T07:45:13.526Z\",\n      \"__v\": 0,\n      \"id\": \"5e4839cd1c2d53001dcc0696\"\n    },\n    \"image\": {\n      \"_id\": \"5f6853025ee4c9001d2b96bd\",\n      \"name\": \"spring cloud gateway.png\",\n      \"alternativeText\": \"\",\n      \"caption\": \"\",\n      \"hash\": \"spring_cloud_gateway_b00870bd09\",\n      \"ext\": \".png\",\n      \"mime\": \"image/png\",\n      \"size\": 6.24,\n      \"width\": 237,\n      \"height\": 213,\n      \"url\": \"/uploads/spring_cloud_gateway_b00870bd09.png\",\n      \"formats\": {\n        \"thumbnail\": {\n          \"name\": \"thumbnail_spring cloud gateway.png\",\n          \"hash\": \"thumbnail_spring_cloud_gateway_b00870bd09\",\n          \"ext\": \".png\",\n          \"mime\": \"image/png\",\n          \"width\": 174,\n          \"height\": 156,\n          \"size\": 10.54,\n          \"path\": null,\n          \"url\": \"/uploads/thumbnail_spring_cloud_gateway_b00870bd09.png\"\n        }\n      },\n      \"provider\": \"local\",\n      \"related\": [\n        \"5f635c0f5ee4c9001d2b9639\"\n      ],\n      \"createdAt\": \"2020-09-21T07:15:14.337Z\",\n      \"updatedAt\": \"2020-09-21T07:15:17.428Z\",\n      \"__v\": 0,\n      \"created_by\": \"5e4839cd1c2d53001dcc0696\",\n      \"updated_by\": \"5e4839cd1c2d53001dcc0696\",\n      \"id\": \"5f6853025ee4c9001d2b96bd\"\n    },\n    \"description\": \"This project provides a library for building an API Gateway on top of Spring MVC. Spring Cloud Gateway aims to provide a simple, yet effective way to route to APIs and provide cross cutting concerns to them such as: security, monitoring/metrics, and resiliency.\\n\\n\",\n    \"jobs\": [\n      {\n        \"education\": false,\n        \"includeOnResume\": true,\n        \"attachments\": [],\n        \"skills\": [\n          \"5f635b7e5ee4c9001d2b9633\",\n          \"5f635b8b5ee4c9001d2b9634\",\n          \"5f635c0f5ee4c9001d2b9639\",\n          \"5f635c1e5ee4c9001d2b963b\",\n          \"5f635c2e5ee4c9001d2b963c\",\n          \"5f635c745ee4c9001d2b9641\",\n          \"5f635c845ee4c9001d2b9642\",\n          \"5f635d1e5ee4c9001d2b964b\",\n          \"5f635d2c5ee4c9001d2b964c\",\n          \"5f635d905ee4c9001d2b9651\",\n          \"5f635db55ee4c9001d2b9654\",\n          \"5f635e365ee4c9001d2b965d\",\n          \"5f635e235ee4c9001d2b965b\",\n          \"5f635e2c5ee4c9001d2b965c\",\n          \"5f635e405ee4c9001d2b965e\",\n          \"5f635e935ee4c9001d2b9665\",\n          \"5f635f025ee4c9001d2b966b\",\n          \"5f635c185ee4c9001d2b963a\",\n          \"5f635ceb5ee4c9001d2b9647\",\n          \"5f635cf75ee4c9001d2b9648\",\n          \"5f635d045ee4c9001d2b9649\",\n          \"5f635d115ee4c9001d2b964a\",\n          \"5f63608d5ee4c9001d2b966e\",\n          \"602234ba9dc383001e945dd6\",\n          \"5f635b495ee4c9001d2b9630\",\n          \"5f635b555ee4c9001d2b9631\",\n          \"5f635b6a5ee4c9001d2b9632\",\n          \"5f635ca45ee4c9001d2b9643\",\n          \"5f635eae5ee4c9001d2b9667\",\n          \"5f635ef75ee4c9001d2b966a\",\n          \"5f635e625ee4c9001d2b9660\",\n          \"5f635dd35ee4c9001d2b9657\",\n          \"5f635bb85ee4c9001d2b9635\"\n        ],\n        \"_id\": \"5e53704f11c196001d06f914\",\n        \"title\": \"Software Engineering Lead\",\n        \"startDate\": \"2019-04-15\",\n        \"company\": \"Upp Technologies\",\n        \"companyUrl\": \"https://upp.ai\",\n        \"shortDescription\": \"Hands-on lead engineer in a small cross-functional team.\\n\",\n        \"createdAt\": \"2020-02-24T06:42:23.147Z\",\n        \"updatedAt\": \"2021-02-26T22:37:22.370Z\",\n        \"__v\": 0,\n        \"endDate\": \"2020-05-01\",\n        \"companyImage\": {\n          \"_id\": \"6020f0499dc383001e945dd3\",\n          \"name\": \"upp.png\",\n          \"alternativeText\": \"\",\n          \"caption\": \"\",\n          \"hash\": \"upp_4780c5270b\",\n          \"ext\": \".png\",\n          \"mime\": \"image/png\",\n          \"size\": 2.21,\n          \"width\": 141,\n          \"height\": 106,\n          \"url\": \"/uploads/upp_4780c5270b.png\",\n          \"provider\": \"local\",\n          \"related\": [\n            \"5e53704f11c196001d06f914\"\n          ],\n          \"createdAt\": \"2021-02-08T08:03:21.134Z\",\n          \"updatedAt\": \"2021-02-08T08:03:37.545Z\",\n          \"__v\": 0,\n          \"created_by\": \"5e4839cd1c2d53001dcc0696\",\n          \"updated_by\": \"5e4839cd1c2d53001dcc0696\",\n          \"id\": \"6020f0499dc383001e945dd3\"\n        },\n        \"updated_by\": \"5e4839cd1c2d53001dcc0696\",\n        \"longDescription\": \"Lead Engineer working on all verticals (front end, backend, ops) of the Upp Intelligent Platform. Lead a small cross-functional team of 5 to deliver an event-driven, microservices architecture compromising of the following modules:\\n\\n* Onboarding - data ingestion from 3rd party product providers such as Magento, Shopify and others in conjunction with IPaas (Integration Platform as a Service) This module also consisted of a proprietary data mapping solution.\\n* Products - enrichment, bulk operations and search functionality (using an inverted index).\\n* Margin Hub - a suite of microservices integrating numerous different data points to report on product profitability and suggest intelligent actions to optimise margin.\\n\\n\\nIn addition to leading feature development, my role also comprised of promoting best practises amongst other agile teams including but not limited to:\\n\\n* Creating a customized version of spring initializr that generated skeleton services with all required libraries, Jenkins pipeline definitions, Kubernetes manifest files etc so developers could concentrate on delivering business logic and not plumbing;\\n* Spring Boot starter library for event sourcing\\n* Component testing using test containers\\n* Service - Service authentication using OIDC client credentials with keycloak.\",\n        \"location\": \"London\",\n        \"id\": \"5e53704f11c196001d06f914\"\n      },\n      {\n        \"education\": false,\n        \"includeOnResume\": true,\n        \"attachments\": [],\n        \"skills\": [\n          \"5f635b7e5ee4c9001d2b9633\",\n          \"5f635b8b5ee4c9001d2b9634\",\n          \"5f635bf05ee4c9001d2b9637\",\n          \"5f635c0f5ee4c9001d2b9639\",\n          \"5f635c185ee4c9001d2b963a\",\n          \"5f635c1e5ee4c9001d2b963b\",\n          \"5f635c005ee4c9001d2b9638\",\n          \"5f635c2e5ee4c9001d2b963c\",\n          \"5f635c4f5ee4c9001d2b963f\",\n          \"5f635c675ee4c9001d2b9640\",\n          \"5f635c745ee4c9001d2b9641\",\n          \"5f635c845ee4c9001d2b9642\",\n          \"5f635ceb5ee4c9001d2b9647\",\n          \"5f635cf75ee4c9001d2b9648\",\n          \"5f635d045ee4c9001d2b9649\",\n          \"5f635d115ee4c9001d2b964a\",\n          \"5f635d1e5ee4c9001d2b964b\",\n          \"5f635d2c5ee4c9001d2b964c\",\n          \"5f635d425ee4c9001d2b964d\",\n          \"5f635d905ee4c9001d2b9651\",\n          \"5f635db55ee4c9001d2b9654\",\n          \"5f635dde5ee4c9001d2b9658\",\n          \"5f635e235ee4c9001d2b965b\",\n          \"5f635e2c5ee4c9001d2b965c\",\n          \"5f635e935ee4c9001d2b9665\",\n          \"5f635ef05ee4c9001d2b9669\",\n          \"5f635f8f5ee4c9001d2b966c\",\n          \"5f635f995ee4c9001d2b966d\",\n          \"5f635f025ee4c9001d2b966b\",\n          \"5f63608d5ee4c9001d2b966e\",\n          \"602234ba9dc383001e945dd6\",\n          \"5f635b555ee4c9001d2b9631\",\n          \"5f635b6a5ee4c9001d2b9632\",\n          \"5f635ca45ee4c9001d2b9643\",\n          \"5f635eae5ee4c9001d2b9667\",\n          \"5f635ef75ee4c9001d2b966a\",\n          \"5f635c375ee4c9001d2b963d\",\n          \"5f635e625ee4c9001d2b9660\",\n          \"5f635dd35ee4c9001d2b9657\",\n          \"5f635bb85ee4c9001d2b9635\",\n          \"60291c5d9dc383001e945de2\"\n        ],\n        \"_id\": \"5eedd4803c8d74001e4497f5\",\n        \"startDate\": \"2020-05-04\",\n        \"company\": \"Y-Tree\",\n        \"companyUrl\": \"https://y-tree.com/\",\n        \"title\": \"Senior Developer\",\n        \"createdAt\": \"2020-06-20T09:18:56.102Z\",\n        \"updatedAt\": \"2021-02-26T22:39:33.470Z\",\n        \"__v\": 0,\n        \"companyImage\": {\n          \"_id\": \"5eedd46e3c8d74001e4497f4\",\n          \"name\": \"YTree\",\n          \"alternativeText\": \"\",\n          \"caption\": \"\",\n          \"hash\": \"YT_ree_50b80993fc\",\n          \"ext\": \".png\",\n          \"mime\": \"image/png\",\n          \"size\": 6.33,\n          \"width\": 200,\n          \"height\": 200,\n          \"url\": \"/uploads/YT_ree_50b80993fc.png\",\n          \"formats\": {\n            \"thumbnail\": {\n              \"hash\": \"thumbnail_YT_ree_50b80993fc\",\n              \"ext\": \".png\",\n              \"mime\": \"image/png\",\n              \"width\": 156,\n              \"height\": 156,\n              \"size\": 10.07,\n              \"path\": null,\n              \"url\": \"/uploads/thumbnail_YT_ree_50b80993fc.png\"\n            }\n          },\n          \"provider\": \"local\",\n          \"related\": [\n            \"5eedd4803c8d74001e4497f5\"\n          ],\n          \"createdAt\": \"2020-06-20T09:18:38.337Z\",\n          \"updatedAt\": \"2020-06-20T09:18:56.106Z\",\n          \"__v\": 0,\n          \"id\": \"5eedd46e3c8d74001e4497f4\"\n        },\n        \"shortDescription\": \"Lead Developer of exciting fin-tech platform composed of event-driven and restful microservices.\",\n        \"updated_by\": \"5e4839cd1c2d53001dcc0696\",\n        \"longDescription\": \"Lead Developer of exciting fin-tech platform composed of event-driven and restful microservices.\\n\\nHeavily involved in transforming a monolithic application into a suite of fault-tolerant event-driven and restful microservices written with Kotlin and Spring Boot. \\n\\nLead a cloud-native transformation by improving the path to production of services by introducing a number of tools and technologies to aide with continuous delivery of features:\\n\\n-  Cucumber for integration testing\\n-  Pact for contract testing (consumer-driven contracts for both synchronous (HTTP) and event-driven (Kafka) communication)\\n-  Test Containers for component testing\\n-  Use of Spring Cloud Kubernetes and Spring Cloud vault for environment-specific configuration (as per the [12-factor app](https://12factor.net/))\\n- Jenkin X pipelines to build and deploy helm charts for each service and environment.\\n- Keycloak for identity management.\\n- Rolling updates of k8s deployments for no-outage releases.\\n\\nAlso contributed to the YTree technical blog sharing knowledge amongst the team in the form of both written blogs and recorded videos. \\n\\n\\n\\n\\n\\n\",\n        \"location\": \"London\",\n        \"id\": \"5eedd4803c8d74001e4497f5\"\n      }\n    ],\n    \"blogs\": [],\n    \"id\": \"5f635c0f5ee4c9001d2b9639\"\n  },\n  {\n    \"includeOnResume\": false,\n    \"_id\": \"5f635c185ee4c9001d2b963a\",\n    \"name\": \"Maven\",\n    \"rating\": 9.6,\n    \"createdAt\": \"2020-09-17T12:52:40.922Z\",\n    \"updatedAt\": \"2020-09-22T06:36:50.576Z\",\n    \"__v\": 0,\n    \"created_by\": {\n      \"_id\": \"5e4839cd1c2d53001dcc0696\",\n      \"username\": \"simon.rowe@gmail.com\",\n      \"createdAt\": \"2020-02-15T18:34:53.155Z\",\n      \"updatedAt\": \"2020-09-17T07:45:13.526Z\",\n      \"__v\": 0,\n      \"id\": \"5e4839cd1c2d53001dcc0696\"\n    },\n    \"updated_by\": {\n      \"_id\": \"5e4839cd1c2d53001dcc0696\",\n      \"username\": \"simon.rowe@gmail.com\",\n      \"createdAt\": \"2020-02-15T18:34:53.155Z\",\n      \"updatedAt\": \"2020-09-17T07:45:13.526Z\",\n      \"__v\": 0,\n      \"id\": \"5e4839cd1c2d53001dcc0696\"\n    },\n    \"image\": {\n      \"_id\": \"5f6853265ee4c9001d2b96bf\",\n      \"name\": \"maven.png\",\n      \"alternativeText\": \"\",\n      \"caption\": \"\",\n      \"hash\": \"maven_8510b1d6fa\",\n      \"ext\": \".png\",\n      \"mime\": \"image/png\",\n      \"size\": 30.77,\n      \"width\": 1280,\n      \"height\": 324,\n      \"url\": \"/uploads/maven_8510b1d6fa.png\",\n      \"formats\": {\n        \"thumbnail\": {\n          \"name\": \"thumbnail_maven.png\",\n          \"hash\": \"thumbnail_maven_8510b1d6fa\",\n          \"ext\": \".png\",\n          \"mime\": \"image/png\",\n          \"width\": 245,\n          \"height\": 62,\n          \"size\": 10.07,\n          \"path\": null,\n          \"url\": \"/uploads/thumbnail_maven_8510b1d6fa.png\"\n        },\n        \"large\": {\n          \"name\": \"large_maven.png\",\n          \"hash\": \"large_maven_8510b1d6fa\",\n          \"ext\": \".png\",\n          \"mime\": \"image/png\",\n          \"width\": 1000,\n          \"height\": 253,\n          \"size\": 68.02,\n          \"path\": null,\n          \"url\": \"/uploads/large_maven_8510b1d6fa.png\"\n        },\n        \"medium\": {\n          \"name\": \"medium_maven.png\",\n          \"hash\": \"medium_maven_8510b1d6fa\",\n          \"ext\": \".png\",\n          \"mime\": \"image/png\",\n          \"width\": 750,\n          \"height\": 190,\n          \"size\": 46.3,\n          \"path\": null,\n          \"url\": \"/uploads/medium_maven_8510b1d6fa.png\"\n        },\n        \"small\": {\n          \"name\": \"small_maven.png\",\n          \"hash\": \"small_maven_8510b1d6fa\",\n          \"ext\": \".png\",\n          \"mime\": \"image/png\",\n          \"width\": 500,\n          \"height\": 127,\n          \"size\": 27.01,\n          \"path\": null,\n          \"url\": \"/uploads/small_maven_8510b1d6fa.png\"\n        }\n      },\n      \"provider\": \"local\",\n      \"related\": [\n        \"5f635c185ee4c9001d2b963a\"\n      ],\n      \"createdAt\": \"2020-09-21T07:15:50.288Z\",\n      \"updatedAt\": \"2020-09-21T07:15:57.208Z\",\n      \"__v\": 0,\n      \"created_by\": \"5e4839cd1c2d53001dcc0696\",\n      \"updated_by\": \"5e4839cd1c2d53001dcc0696\",\n      \"id\": \"5f6853265ee4c9001d2b96bf\"\n    },\n    \"description\": \"Maven is a build automation tool used primarily for Java projects. Maven can also be used to build and manage projects written in C#, Ruby, Scala, and other languages. \\n\\nMaven addresses two aspects of building software: how software is built, and its dependencies. An XML file describes the software project being built, its dependencies on other external modules and components, the build order, directories, and required plug-ins. \",\n    \"jobs\": [\n      {\n        \"education\": false,\n        \"includeOnResume\": true,\n        \"attachments\": [],\n        \"skills\": [\n          \"5f635b7e5ee4c9001d2b9633\",\n          \"5f635b8b5ee4c9001d2b9634\",\n          \"5f635c0f5ee4c9001d2b9639\",\n          \"5f635c1e5ee4c9001d2b963b\",\n          \"5f635c2e5ee4c9001d2b963c\",\n          \"5f635c745ee4c9001d2b9641\",\n          \"5f635c845ee4c9001d2b9642\",\n          \"5f635d1e5ee4c9001d2b964b\",\n          \"5f635d2c5ee4c9001d2b964c\",\n          \"5f635d905ee4c9001d2b9651\",\n          \"5f635db55ee4c9001d2b9654\",\n          \"5f635e365ee4c9001d2b965d\",\n          \"5f635e235ee4c9001d2b965b\",\n          \"5f635e2c5ee4c9001d2b965c\",\n          \"5f635e405ee4c9001d2b965e\",\n          \"5f635e935ee4c9001d2b9665\",\n          \"5f635f025ee4c9001d2b966b\",\n          \"5f635c185ee4c9001d2b963a\",\n          \"5f635ceb5ee4c9001d2b9647\",\n          \"5f635cf75ee4c9001d2b9648\",\n          \"5f635d045ee4c9001d2b9649\",\n          \"5f635d115ee4c9001d2b964a\",\n          \"5f63608d5ee4c9001d2b966e\",\n          \"602234ba9dc383001e945dd6\",\n          \"5f635b495ee4c9001d2b9630\",\n          \"5f635b555ee4c9001d2b9631\",\n          \"5f635b6a5ee4c9001d2b9632\",\n          \"5f635ca45ee4c9001d2b9643\",\n          \"5f635eae5ee4c9001d2b9667\",\n          \"5f635ef75ee4c9001d2b966a\",\n          \"5f635e625ee4c9001d2b9660\",\n          \"5f635dd35ee4c9001d2b9657\",\n          \"5f635bb85ee4c9001d2b9635\"\n        ],\n        \"_id\": \"5e53704f11c196001d06f914\",\n        \"title\": \"Software Engineering Lead\",\n        \"startDate\": \"2019-04-15\",\n        \"company\": \"Upp Technologies\",\n        \"companyUrl\": \"https://upp.ai\",\n        \"shortDescription\": \"Hands-on lead engineer in a small cross-functional team.\\n\",\n        \"createdAt\": \"2020-02-24T06:42:23.147Z\",\n        \"updatedAt\": \"2021-02-26T22:37:22.370Z\",\n        \"__v\": 0,\n        \"endDate\": \"2020-05-01\",\n        \"companyImage\": {\n          \"_id\": \"6020f0499dc383001e945dd3\",\n          \"name\": \"upp.png\",\n          \"alternativeText\": \"\",\n          \"caption\": \"\",\n          \"hash\": \"upp_4780c5270b\",\n          \"ext\": \".png\",\n          \"mime\": \"image/png\",\n          \"size\": 2.21,\n          \"width\": 141,\n          \"height\": 106,\n          \"url\": \"/uploads/upp_4780c5270b.png\",\n          \"provider\": \"local\",\n          \"related\": [\n            \"5e53704f11c196001d06f914\"\n          ],\n          \"createdAt\": \"2021-02-08T08:03:21.134Z\",\n          \"updatedAt\": \"2021-02-08T08:03:37.545Z\",\n          \"__v\": 0,\n          \"created_by\": \"5e4839cd1c2d53001dcc0696\",\n          \"updated_by\": \"5e4839cd1c2d53001dcc0696\",\n          \"id\": \"6020f0499dc383001e945dd3\"\n        },\n        \"updated_by\": \"5e4839cd1c2d53001dcc0696\",\n        \"longDescription\": \"Lead Engineer working on all verticals (front end, backend, ops) of the Upp Intelligent Platform. Lead a small cross-functional team of 5 to deliver an event-driven, microservices architecture compromising of the following modules:\\n\\n* Onboarding - data ingestion from 3rd party product providers such as Magento, Shopify and others in conjunction with IPaas (Integration Platform as a Service) This module also consisted of a proprietary data mapping solution.\\n* Products - enrichment, bulk operations and search functionality (using an inverted index).\\n* Margin Hub - a suite of microservices integrating numerous different data points to report on product profitability and suggest intelligent actions to optimise margin.\\n\\n\\nIn addition to leading feature development, my role also comprised of promoting best practises amongst other agile teams including but not limited to:\\n\\n* Creating a customized version of spring initializr that generated skeleton services with all required libraries, Jenkins pipeline definitions, Kubernetes manifest files etc so developers could concentrate on delivering business logic and not plumbing;\\n* Spring Boot starter library for event sourcing\\n* Component testing using test containers\\n* Service - Service authentication using OIDC client credentials with keycloak.\",\n        \"location\": \"London\",\n        \"id\": \"5e53704f11c196001d06f914\"\n      },\n      {\n        \"education\": false,\n        \"includeOnResume\": true,\n        \"attachments\": [],\n        \"skills\": [\n          \"5f635b3f5ee4c9001d2b962f\",\n          \"5f635b7e5ee4c9001d2b9633\",\n          \"5f635b8b5ee4c9001d2b9634\",\n          \"5f635bcd5ee4c9001d2b9636\",\n          \"5f635bf05ee4c9001d2b9637\",\n          \"5f635c1e5ee4c9001d2b963b\",\n          \"5f635c455ee4c9001d2b963e\",\n          \"5f635c745ee4c9001d2b9641\",\n          \"5f635c845ee4c9001d2b9642\",\n          \"5f635d645ee4c9001d2b964e\",\n          \"5f635d425ee4c9001d2b964d\",\n          \"5f635c185ee4c9001d2b963a\",\n          \"5f635da95ee4c9001d2b9653\",\n          \"5f635e405ee4c9001d2b965e\",\n          \"5f635e365ee4c9001d2b965d\",\n          \"5f635ea45ee4c9001d2b9666\",\n          \"602235769dc383001e945dd9\",\n          \"5f63608d5ee4c9001d2b966e\",\n          \"5f635b495ee4c9001d2b9630\",\n          \"5f635b6a5ee4c9001d2b9632\",\n          \"5f635ca45ee4c9001d2b9643\",\n          \"5f635bb85ee4c9001d2b9635\"\n        ],\n        \"_id\": \"5e5370e311c196001d06f917\",\n        \"title\": \"Senior Platform Architect\",\n        \"startDate\": \"2018-08-01\",\n        \"endDate\": \"2019-04-12\",\n        \"company\": \"Pivotal\",\n        \"companyUrl\": \"https://pivotal.io/\",\n        \"shortDescription\": \"Applications Focused Platform Architect specialising in cloud native development.\",\n        \"createdAt\": \"2020-02-24T06:44:51.218Z\",\n        \"updatedAt\": \"2021-02-26T22:37:22.370Z\",\n        \"__v\": 0,\n        \"companyImage\": {\n          \"_id\": \"5f6618165ee4c9001d2b969a\",\n          \"name\": \"pivotal (1).png\",\n          \"alternativeText\": \"\",\n          \"caption\": \"\",\n          \"hash\": \"pivotal_1_06ffe33158\",\n          \"ext\": \".png\",\n          \"mime\": \"image/jpeg\",\n          \"size\": 1.9,\n          \"width\": 200,\n          \"height\": 200,\n          \"url\": \"/uploads/pivotal_1_06ffe33158.png\",\n          \"formats\": {\n            \"thumbnail\": {\n              \"name\": \"thumbnail_pivotal (1).png\",\n              \"hash\": \"thumbnail_pivotal_1_06ffe33158\",\n              \"ext\": \".png\",\n              \"mime\": \"image/jpeg\",\n              \"width\": 156,\n              \"height\": 156,\n              \"size\": 1.52,\n              \"path\": null,\n              \"url\": \"/uploads/thumbnail_pivotal_1_06ffe33158.png\"\n            }\n          },\n          \"provider\": \"local\",\n          \"related\": [\n            \"5e5370e311c196001d06f917\"\n          ],\n          \"createdAt\": \"2020-09-19T14:39:18.005Z\",\n          \"updatedAt\": \"2021-02-08T08:20:54.295Z\",\n          \"__v\": 0,\n          \"created_by\": \"5e4839cd1c2d53001dcc0696\",\n          \"updated_by\": \"5e4839cd1c2d53001dcc0696\",\n          \"id\": \"5f6618165ee4c9001d2b969a\"\n        },\n        \"updated_by\": \"5e4839cd1c2d53001dcc0696\",\n        \"longDescription\": \"Applications focused platform architect, aiding clients to become successful by building cloud-native apps utilizing the Spring ecosystem and platforms like Cloud Foundry and Kubernetes.\\n\\nDuties included:\\n- Delivering Cloud-Native Developer and other workshops to a number of clients which contained topics (not limited to):\\n  - Introduction to Spring Boot\\n  - Reactive programming with Spring Boot and Project Reactor\\n  - Producer driven contracts with Spring Cloud Contract\\n  - Cloud Foundry and BOSH\\n  - The mechanics behind ```cf push``` and the service broker.\\n  - Buildpacks\\n  - Steeltoe\\n\\n- Speaking at the cloud-native meetups and webinars including the most ever subscribed webinar for Pivotal EMEA (at the time): [Securing microservices with Spring and Cloud Foundry](https://www.brighttalk.com/webcast/14883/345709/securing-microservices-with-spring-and-pivotal-cloud-foundry)\\n\\n- Pre-sales pitches to prospective clients outlining the positive outcomes of building cloud-native apps with spring and running them with Cloud Foundry.\",\n        \"location\": \"London\",\n        \"id\": \"5e5370e311c196001d06f917\"\n      },\n      {\n        \"education\": false,\n        \"includeOnResume\": true,\n        \"attachments\": [],\n        \"skills\": [\n          \"5f635b3f5ee4c9001d2b962f\",\n          \"5f635b8b5ee4c9001d2b9634\",\n          \"5f635c185ee4c9001d2b963a\",\n          \"5f635c2e5ee4c9001d2b963c\",\n          \"5f635c675ee4c9001d2b9640\",\n          \"5f635c745ee4c9001d2b9641\",\n          \"5f635c845ee4c9001d2b9642\",\n          \"5f635cb65ee4c9001d2b9644\",\n          \"5f635cc45ee4c9001d2b9645\",\n          \"5f635cdc5ee4c9001d2b9646\",\n          \"5f635ceb5ee4c9001d2b9647\",\n          \"5f635d045ee4c9001d2b9649\",\n          \"5f635d115ee4c9001d2b964a\",\n          \"5f635d1e5ee4c9001d2b964b\",\n          \"5f635d2c5ee4c9001d2b964c\",\n          \"5f635d425ee4c9001d2b964d\",\n          \"5f635d7e5ee4c9001d2b964f\",\n          \"5f635d875ee4c9001d2b9650\",\n          \"5f635d905ee4c9001d2b9651\",\n          \"5f635d9e5ee4c9001d2b9652\",\n          \"5f635da95ee4c9001d2b9653\",\n          \"5f635dbe5ee4c9001d2b9655\",\n          \"5f635dde5ee4c9001d2b9658\",\n          \"5f635e235ee4c9001d2b965b\",\n          \"5f635e595ee4c9001d2b965f\",\n          \"5f635e755ee4c9001d2b9662\",\n          \"5f635df45ee4c9001d2b965a\",\n          \"5f635de75ee4c9001d2b9659\",\n          \"5f635e7d5ee4c9001d2b9663\",\n          \"5f635e885ee4c9001d2b9664\",\n          \"5f635ea45ee4c9001d2b9666\",\n          \"5f635ee35ee4c9001d2b9668\",\n          \"602236d69dc383001e945ddc\",\n          \"6029446c9dc383001e945de9\",\n          \"5f635b6a5ee4c9001d2b9632\",\n          \"5f635bb85ee4c9001d2b9635\"\n        ],\n        \"_id\": \"5e53713a11c196001d06f91a\",\n        \"title\": \"Senior Director, Java Development\",\n        \"startDate\": \"2011-07-12\",\n        \"createdAt\": \"2020-02-24T06:46:18.484Z\",\n        \"updatedAt\": \"2021-02-26T22:37:22.370Z\",\n        \"__v\": 0,\n        \"company\": \"Universal Music Publishing\",\n        \"companyUrl\": \"https://www.umusicpub.com/\",\n        \"endDate\": \"2018-08-11\",\n        \"shortDescription\": \"Technology leader in cloud native development for business critical applications.\",\n        \"companyImage\": {\n          \"_id\": \"5f6618325ee4c9001d2b969c\",\n          \"name\": \"umpg.png\",\n          \"alternativeText\": \"\",\n          \"caption\": \"\",\n          \"hash\": \"umpg_121becd400\",\n          \"ext\": \".png\",\n          \"mime\": \"image/png\",\n          \"size\": 129.45,\n          \"width\": 400,\n          \"height\": 400,\n          \"url\": \"/uploads/umpg_121becd400.png\",\n          \"formats\": {\n            \"thumbnail\": {\n              \"name\": \"thumbnail_umpg.png\",\n              \"hash\": \"thumbnail_umpg_121becd400\",\n              \"ext\": \".png\",\n              \"mime\": \"image/png\",\n              \"width\": 156,\n              \"height\": 156,\n              \"size\": 31.14,\n              \"path\": null,\n              \"url\": \"/uploads/thumbnail_umpg_121becd400.png\"\n            }\n          },\n          \"provider\": \"local\",\n          \"related\": [\n            \"5e53713a11c196001d06f91a\"\n          ],\n          \"createdAt\": \"2020-09-19T14:39:46.169Z\",\n          \"updatedAt\": \"2021-02-08T08:15:39.296Z\",\n          \"__v\": 0,\n          \"created_by\": \"5e4839cd1c2d53001dcc0696\",\n          \"updated_by\": \"5e4839cd1c2d53001dcc0696\",\n          \"id\": \"5f6618325ee4c9001d2b969c\"\n        },\n        \"updated_by\": \"5e4839cd1c2d53001dcc0696\",\n        \"longDescription\": \"Responsible for architecture and delivery of greenfield internal and public facing business applications. Super scrum master, removing obstacles for four dynamic scrum teams. Frequent commiter.\\n\\nRe-architecture of multiple monoliths with single points of failure to AWS,resulting in scalable, fault tolerant software reducing the operational cost significantly.\\n\\nIntroduced automated testing as a development activity utilising technologies such as cucumber, selenium, docker which allows for far shorter release cycles.\\n\\nDesigned the company's first 'serverless' application at AWS, Utilising ECS Fargate, Lambda, SQS, SNS, ElasticSearch, S3.\",\n        \"location\": \"London\",\n        \"id\": \"5e53713a11c196001d06f91a\"\n      },\n      {\n        \"education\": false,\n        \"includeOnResume\": true,\n        \"attachments\": [],\n        \"skills\": [\n          \"5f635b3f5ee4c9001d2b962f\",\n          \"5f635c185ee4c9001d2b963a\",\n          \"5f635c845ee4c9001d2b9642\",\n          \"5f635dc55ee4c9001d2b9656\",\n          \"602942659dc383001e945de5\",\n          \"6029446c9dc383001e945de9\",\n          \"5f635bb85ee4c9001d2b9635\"\n        ],\n        \"_id\": \"5e5371ef11c196001d06f91d\",\n        \"title\": \"Senior Applications Developer\",\n        \"startDate\": \"2009-11-01\",\n        \"endDate\": \"2011-05-19\",\n        \"createdAt\": \"2020-02-24T06:49:19.909Z\",\n        \"updatedAt\": \"2021-02-26T22:37:22.370Z\",\n        \"__v\": 0,\n        \"company\": \"Workcover Queensland\",\n        \"companyUrl\": \"https://www.worksafe.qld.gov.au/\",\n        \"shortDescription\": \"Team Leader working on an external-facing self-service portal in addition to migration of internal business-critical Oracle Forms applications to Spring MVC.\",\n        \"companyImage\": {\n          \"_id\": \"5f6618515ee4c9001d2b969e\",\n          \"name\": \"workcover.jpg\",\n          \"alternativeText\": \"\",\n          \"caption\": \"\",\n          \"hash\": \"workcover_15d9bd50bd\",\n          \"ext\": \".jpg\",\n          \"mime\": \"image/jpeg\",\n          \"size\": 24.35,\n          \"width\": 896,\n          \"height\": 530,\n          \"url\": \"/uploads/workcover_15d9bd50bd.jpg\",\n          \"formats\": {\n            \"thumbnail\": {\n              \"name\": \"thumbnail_workcover.jpg\",\n              \"hash\": \"thumbnail_workcover_15d9bd50bd\",\n              \"ext\": \".jpg\",\n              \"mime\": \"image/jpeg\",\n              \"width\": 245,\n              \"height\": 145,\n              \"size\": 5.05,\n              \"path\": null,\n              \"url\": \"/uploads/thumbnail_workcover_15d9bd50bd.jpg\"\n            },\n            \"medium\": {\n              \"name\": \"medium_workcover.jpg\",\n              \"hash\": \"medium_workcover_15d9bd50bd\",\n              \"ext\": \".jpg\",\n              \"mime\": \"image/jpeg\",\n              \"width\": 750,\n              \"height\": 444,\n              \"size\": 19.38,\n              \"path\": null,\n              \"url\": \"/uploads/medium_workcover_15d9bd50bd.jpg\"\n            },\n            \"small\": {\n              \"name\": \"small_workcover.jpg\",\n              \"hash\": \"small_workcover_15d9bd50bd\",\n              \"ext\": \".jpg\",\n              \"mime\": \"image/jpeg\",\n              \"width\": 500,\n              \"height\": 296,\n              \"size\": 11.09,\n              \"path\": null,\n              \"url\": \"/uploads/small_workcover_15d9bd50bd.jpg\"\n            }\n          },\n          \"provider\": \"local\",\n          \"related\": [\n            \"5e5371ef11c196001d06f91d\"\n          ],\n          \"createdAt\": \"2020-09-19T14:40:17.127Z\",\n          \"updatedAt\": \"2020-09-19T14:40:20.116Z\",\n          \"__v\": 0,\n          \"created_by\": \"5e4839cd1c2d53001dcc0696\",\n          \"updated_by\": \"5e4839cd1c2d53001dcc0696\",\n          \"id\": \"5f6618515ee4c9001d2b969e\"\n        },\n        \"updated_by\": \"5e4839cd1c2d53001dcc0696\",\n        \"longDescription\": \"Analysis, Design, Development, Testing & Documentation of enhancements to internal and external facing web applications within an agile environment\\n\\nMentoring of less experienced developers\\n\\nTechnologies used: JEE, JSP, Spring, Ibatis, Tiles, HTML, JQuery, Oracle, Ruby, Cucumber, Watir, PowerMock, EasyMock, TeamCity, Weblogic. SVN, DWR, Jasper Reports, Eclipse, SVN, CVS, Apache FOP, XML, XSLT.\",\n        \"location\": \"Brisbane\",\n        \"id\": \"5e5371ef11c196001d06f91d\"\n      },\n      {\n        \"education\": false,\n        \"includeOnResume\": true,\n        \"attachments\": [],\n        \"skills\": [\n          \"5f635b7e5ee4c9001d2b9633\",\n          \"5f635b8b5ee4c9001d2b9634\",\n          \"5f635bf05ee4c9001d2b9637\",\n          \"5f635c0f5ee4c9001d2b9639\",\n          \"5f635c185ee4c9001d2b963a\",\n          \"5f635c1e5ee4c9001d2b963b\",\n          \"5f635c005ee4c9001d2b9638\",\n          \"5f635c2e5ee4c9001d2b963c\",\n          \"5f635c4f5ee4c9001d2b963f\",\n          \"5f635c675ee4c9001d2b9640\",\n          \"5f635c745ee4c9001d2b9641\",\n          \"5f635c845ee4c9001d2b9642\",\n          \"5f635ceb5ee4c9001d2b9647\",\n          \"5f635cf75ee4c9001d2b9648\",\n          \"5f635d045ee4c9001d2b9649\",\n          \"5f635d115ee4c9001d2b964a\",\n          \"5f635d1e5ee4c9001d2b964b\",\n          \"5f635d2c5ee4c9001d2b964c\",\n          \"5f635d425ee4c9001d2b964d\",\n          \"5f635d905ee4c9001d2b9651\",\n          \"5f635db55ee4c9001d2b9654\",\n          \"5f635dde5ee4c9001d2b9658\",\n          \"5f635e235ee4c9001d2b965b\",\n          \"5f635e2c5ee4c9001d2b965c\",\n          \"5f635e935ee4c9001d2b9665\",\n          \"5f635ef05ee4c9001d2b9669\",\n          \"5f635f8f5ee4c9001d2b966c\",\n          \"5f635f995ee4c9001d2b966d\",\n          \"5f635f025ee4c9001d2b966b\",\n          \"5f63608d5ee4c9001d2b966e\",\n          \"602234ba9dc383001e945dd6\",\n          \"5f635b555ee4c9001d2b9631\",\n          \"5f635b6a5ee4c9001d2b9632\",\n          \"5f635ca45ee4c9001d2b9643\",\n          \"5f635eae5ee4c9001d2b9667\",\n          \"5f635ef75ee4c9001d2b966a\",\n          \"5f635c375ee4c9001d2b963d\",\n          \"5f635e625ee4c9001d2b9660\",\n          \"5f635dd35ee4c9001d2b9657\",\n          \"5f635bb85ee4c9001d2b9635\",\n          \"60291c5d9dc383001e945de2\"\n        ],\n        \"_id\": \"5eedd4803c8d74001e4497f5\",\n        \"startDate\": \"2020-05-04\",\n        \"company\": \"Y-Tree\",\n        \"companyUrl\": \"https://y-tree.com/\",\n        \"title\": \"Senior Developer\",\n        \"createdAt\": \"2020-06-20T09:18:56.102Z\",\n        \"updatedAt\": \"2021-02-26T22:39:33.470Z\",\n        \"__v\": 0,\n        \"companyImage\": {\n          \"_id\": \"5eedd46e3c8d74001e4497f4\",\n          \"name\": \"YTree\",\n          \"alternativeText\": \"\",\n          \"caption\": \"\",\n          \"hash\": \"YT_ree_50b80993fc\",\n          \"ext\": \".png\",\n          \"mime\": \"image/png\",\n          \"size\": 6.33,\n          \"width\": 200,\n          \"height\": 200,\n          \"url\": \"/uploads/YT_ree_50b80993fc.png\",\n          \"formats\": {\n            \"thumbnail\": {\n              \"hash\": \"thumbnail_YT_ree_50b80993fc\",\n              \"ext\": \".png\",\n              \"mime\": \"image/png\",\n              \"width\": 156,\n              \"height\": 156,\n              \"size\": 10.07,\n              \"path\": null,\n              \"url\": \"/uploads/thumbnail_YT_ree_50b80993fc.png\"\n            }\n          },\n          \"provider\": \"local\",\n          \"related\": [\n            \"5eedd4803c8d74001e4497f5\"\n          ],\n          \"createdAt\": \"2020-06-20T09:18:38.337Z\",\n          \"updatedAt\": \"2020-06-20T09:18:56.106Z\",\n          \"__v\": 0,\n          \"id\": \"5eedd46e3c8d74001e4497f4\"\n        },\n        \"shortDescription\": \"Lead Developer of exciting fin-tech platform composed of event-driven and restful microservices.\",\n        \"updated_by\": \"5e4839cd1c2d53001dcc0696\",\n        \"longDescription\": \"Lead Developer of exciting fin-tech platform composed of event-driven and restful microservices.\\n\\nHeavily involved in transforming a monolithic application into a suite of fault-tolerant event-driven and restful microservices written with Kotlin and Spring Boot. \\n\\nLead a cloud-native transformation by improving the path to production of services by introducing a number of tools and technologies to aide with continuous delivery of features:\\n\\n-  Cucumber for integration testing\\n-  Pact for contract testing (consumer-driven contracts for both synchronous (HTTP) and event-driven (Kafka) communication)\\n-  Test Containers for component testing\\n-  Use of Spring Cloud Kubernetes and Spring Cloud vault for environment-specific configuration (as per the [12-factor app](https://12factor.net/))\\n- Jenkin X pipelines to build and deploy helm charts for each service and environment.\\n- Keycloak for identity management.\\n- Rolling updates of k8s deployments for no-outage releases.\\n\\nAlso contributed to the YTree technical blog sharing knowledge amongst the team in the form of both written blogs and recorded videos. \\n\\n\\n\\n\\n\\n\",\n        \"location\": \"London\",\n        \"id\": \"5eedd4803c8d74001e4497f5\"\n      }\n    ],\n    \"blogs\": [\n      {\n        \"published\": true,\n        \"tags\": [\n          \"5e495da7bc8d7d001ddbd7c5\",\n          \"5f02da709d8081001fd38fa4\",\n          \"5f03901b9d8081001fd38fa7\",\n          \"5f0390249d8081001fd38fa8\",\n          \"5f0390329d8081001fd38fa9\",\n          \"5f0390499d8081001fd38faa\"\n        ],\n        \"skills\": [\n          \"5f635c2e5ee4c9001d2b963c\",\n          \"5f635f8f5ee4c9001d2b966c\",\n          \"5f635f995ee4c9001d2b966d\",\n          \"5f635c185ee4c9001d2b963a\",\n          \"5f635c4f5ee4c9001d2b963f\",\n          \"5f635e935ee4c9001d2b9665\",\n          \"5f635b555ee4c9001d2b9631\",\n          \"5f635b6a5ee4c9001d2b9632\",\n          \"5f635ca45ee4c9001d2b9643\",\n          \"5f635c375ee4c9001d2b963d\",\n          \"5f635e625ee4c9001d2b9660\"\n        ],\n        \"_id\": \"5f0215c69d8081001fd38fa1\",\n        \"title\": \"Creating a rich web app that can be hosted from home\",\n        \"shortDescription\": \"A quick introduction into the various components of my personal website including jenkinsx, kubernetes, letsencrypt and more.\",\n        \"createdAt\": \"2020-07-05T18:02:46.731Z\",\n        \"updatedAt\": \"2021-02-26T22:37:08.645Z\",\n        \"__v\": 0,\n        \"image\": {\n          \"_id\": \"5f6616045ee4c9001d2b968a\",\n          \"name\": \"Website Icon.jpeg\",\n          \"alternativeText\": \"\",\n          \"caption\": \"\",\n          \"hash\": \"Website_Icon_727b161f01\",\n          \"ext\": \".jpeg\",\n          \"mime\": \"image/jpeg\",\n          \"size\": 48.93,\n          \"width\": 776,\n          \"height\": 542,\n          \"url\": \"/uploads/Website_Icon_727b161f01.jpeg\",\n          \"formats\": {\n            \"thumbnail\": {\n              \"name\": \"thumbnail_Website Icon.jpeg\",\n              \"hash\": \"thumbnail_Website_Icon_727b161f01\",\n              \"ext\": \".jpeg\",\n              \"mime\": \"image/jpeg\",\n              \"width\": 223,\n              \"height\": 156,\n              \"size\": 6.2,\n              \"path\": null,\n              \"url\": \"/uploads/thumbnail_Website_Icon_727b161f01.jpeg\"\n            },\n            \"medium\": {\n              \"name\": \"medium_Website Icon.jpeg\",\n              \"hash\": \"medium_Website_Icon_727b161f01\",\n              \"ext\": \".jpeg\",\n              \"mime\": \"image/jpeg\",\n              \"width\": 750,\n              \"height\": 524,\n              \"size\": 45.54,\n              \"path\": null,\n              \"url\": \"/uploads/medium_Website_Icon_727b161f01.jpeg\"\n            },\n            \"small\": {\n              \"name\": \"small_Website Icon.jpeg\",\n              \"hash\": \"small_Website_Icon_727b161f01\",\n              \"ext\": \".jpeg\",\n              \"mime\": \"image/jpeg\",\n              \"width\": 500,\n              \"height\": 349,\n              \"size\": 22.91,\n              \"path\": null,\n              \"url\": \"/uploads/small_Website_Icon_727b161f01.jpeg\"\n            }\n          },\n          \"provider\": \"local\",\n          \"related\": [\n            \"5f0215c69d8081001fd38fa1\"\n          ],\n          \"createdAt\": \"2020-09-19T14:30:28.441Z\",\n          \"updatedAt\": \"2021-02-21T19:31:52.126Z\",\n          \"__v\": 0,\n          \"created_by\": \"5e4839cd1c2d53001dcc0696\",\n          \"updated_by\": \"5e4839cd1c2d53001dcc0696\",\n          \"id\": \"5f6616045ee4c9001d2b968a\"\n        },\n        \"content\": \"I'm the kind of person that learns by doing - the more I do, the more it sinks in. Whilst attempting to keep my skills up to date, I had the idea of building a rich web application which would serve up my CV, and it could also double as a place to hone and demonstrate my skillsets in certain technologies. Eventually, I could even start blogging about these experiences. \\n\\nThe first thing I decided I would need would be a CMS (Content Management System). The content of my website would have to be dynamic, as I would like to keep my CV and blog up to date.  There were many options available here, but I finally settled on a headless CMS named ([strapi](https://strapi.io/)). Strapi would also require some sort of persistence layer, and  [mongodb](https://www.mongodb.com/ seemed to be a sensible choice.\\n\\nFor the web interface itself, there was a bit of competition between React and Angular. After spending years commercially working on Angular projects, I decided that React could be a good thing to learn and went with that.  \\n\\n```npx create-react-app my-app --template typescript``` is the command used to boostrap my react SPA (single page application) and I found a boostrap template from [here](https://wrapbootstrap.com/).\\n\\nSo far so good right ? I had picked the basic building blocks for building this dynamic CV/blog, but where would I run it ? I had a perfectly good iMac that was unused, and a fast enough internet connection. This app doesnt need to be highly available, as its just a little hobby app so this would suit well. I could use [ngrok](https://ngrok.com/) to make my app available to the internet, and I could use [Route 53](https://aws.amazon.com/route53/) to set up and configure my domain.\\n\\nKubernetes is a very popular way or running cloud native apps, so this was a pretty easy choice, the only issue was what flavour of it would work best on a mac. I started off with minikube, but started to have issues with persistent volumes, so eventually went with [kind (kubernetes in docker)](https://kind.sigs.k8s.io/). I could easily install nginx ingress controller, and it was super easy to configure.\\n\\nThe last thing to consider was how to deploy the individual components or services to the kubernetes cluster. One of my requirements was that I would want to make continual improvments to my app, so the deployment process must be as simple as possible. I would want to have git projects for each service,  build a container image, and deploy a helm chart (a helm chart is a collection of files that describe a related set of Kubernetes resources).  [Jenkins X](https://jenkins-x.io/) describes itself as *Jenkins X provides pipeline automation, built-in GitOps, and preview environments to help teams collaborate and accelerate their software delivery at any scale*. There was out of the box support for kubernetes flavours such as GKE (google cloud) and EKS (amazon web services), but a bit of customisation would be required if i wanted to run this on my local kubernetes cluster. This was easy enough and I was able to configure the following:\\n- [Harbor](https://goharbor.io/) as the container registry of choice\\n- [Cert Manager](https://cert-manager.io/) - configure cert manager to generate lets encrpt certificates using ACME challennges based on my use of AWS Route 53 for dns.\\n- Installed MongoDB in the control plane.\\n\\nOverall my initial architecture looked something like this:\\n\\n![Website V1](/uploads/Website_V1_c3889a1afa.jpeg)\\n\\n\\n*All source code for this app can be found here: (https://github.com/simonjamesrowe)*\",\n        \"updated_by\": \"5e4839cd1c2d53001dcc0696\",\n        \"id\": \"5f0215c69d8081001fd38fa1\"\n      }\n    ],\n    \"id\": \"5f635c185ee4c9001d2b963a\"\n  },\n  {\n    \"includeOnResume\": false,\n    \"_id\": \"5f635c1e5ee4c9001d2b963b\",\n    \"name\": \"Gradle\",\n    \"rating\": 9,\n    \"createdAt\": \"2020-09-17T12:52:46.994Z\",\n    \"updatedAt\": \"2020-09-22T06:39:39.136Z\",\n    \"__v\": 0,\n    \"created_by\": {\n      \"_id\": \"5e4839cd1c2d53001dcc0696\",\n      \"username\": \"simon.rowe@gmail.com\",\n      \"createdAt\": \"2020-02-15T18:34:53.155Z\",\n      \"updatedAt\": \"2020-09-17T07:45:13.526Z\",\n      \"__v\": 0,\n      \"id\": \"5e4839cd1c2d53001dcc0696\"\n    },\n    \"updated_by\": {\n      \"_id\": \"5e4839cd1c2d53001dcc0696\",\n      \"username\": \"simon.rowe@gmail.com\",\n      \"createdAt\": \"2020-02-15T18:34:53.155Z\",\n      \"updatedAt\": \"2020-09-17T07:45:13.526Z\",\n      \"__v\": 0,\n      \"id\": \"5e4839cd1c2d53001dcc0696\"\n    },\n    \"image\": {\n      \"_id\": \"5f6853535ee4c9001d2b96c1\",\n      \"name\": \"Gradle_logo.png\",\n      \"alternativeText\": \"\",\n      \"caption\": \"\",\n      \"hash\": \"Gradle_logo_eec2d0b60b\",\n      \"ext\": \".png\",\n      \"mime\": \"image/png\",\n      \"size\": 7.59,\n      \"width\": 876,\n      \"height\": 306,\n      \"url\": \"/uploads/Gradle_logo_eec2d0b60b.png\",\n      \"formats\": {\n        \"thumbnail\": {\n          \"name\": \"thumbnail_Gradle_logo.png\",\n          \"hash\": \"thumbnail_Gradle_logo_eec2d0b60b\",\n          \"ext\": \".png\",\n          \"mime\": \"image/png\",\n          \"width\": 245,\n          \"height\": 86,\n          \"size\": 6.94,\n          \"path\": null,\n          \"url\": \"/uploads/thumbnail_Gradle_logo_eec2d0b60b.png\"\n        },\n        \"medium\": {\n          \"name\": \"medium_Gradle_logo.png\",\n          \"hash\": \"medium_Gradle_logo_eec2d0b60b\",\n          \"ext\": \".png\",\n          \"mime\": \"image/png\",\n          \"width\": 750,\n          \"height\": 262,\n          \"size\": 25.22,\n          \"path\": null,\n          \"url\": \"/uploads/medium_Gradle_logo_eec2d0b60b.png\"\n        },\n        \"small\": {\n          \"name\": \"small_Gradle_logo.png\",\n          \"hash\": \"small_Gradle_logo_eec2d0b60b\",\n          \"ext\": \".png\",\n          \"mime\": \"image/png\",\n          \"width\": 500,\n          \"height\": 175,\n          \"size\": 15.87,\n          \"path\": null,\n          \"url\": \"/uploads/small_Gradle_logo_eec2d0b60b.png\"\n        }\n      },\n      \"provider\": \"local\",\n      \"related\": [\n        \"5f635c1e5ee4c9001d2b963b\",\n        \"5feed34e67bdd6001e9c12ce\"\n      ],\n      \"createdAt\": \"2020-09-21T07:16:35.326Z\",\n      \"updatedAt\": \"2021-01-01T07:46:22.759Z\",\n      \"__v\": 0,\n      \"created_by\": \"5e4839cd1c2d53001dcc0696\",\n      \"updated_by\": \"5e4839cd1c2d53001dcc0696\",\n      \"id\": \"5f6853535ee4c9001d2b96c1\"\n    },\n    \"description\": \"Gradle is a build automation tool for multi-language software development. It controls the development process in the tasks of compilation and packaging to testing, deployment, and publishing.\\n \\nIt uses groovy-based domain-specific language, rather than using the XML form used by Maven for declaring the project configuration.\\n\\nGradle was designed for multi-project builds, which can grow to be large. It operates based on a series of build tasks that can run serially or in parallel. Incremental builds are supported by determining the parts of the build tree that are already up to date; any task dependent only on those parts does not need to be re-executed\",\n    \"jobs\": [\n      {\n        \"education\": false,\n        \"includeOnResume\": true,\n        \"attachments\": [],\n        \"skills\": [\n          \"5f635b7e5ee4c9001d2b9633\",\n          \"5f635b8b5ee4c9001d2b9634\",\n          \"5f635c0f5ee4c9001d2b9639\",\n          \"5f635c1e5ee4c9001d2b963b\",\n          \"5f635c2e5ee4c9001d2b963c\",\n          \"5f635c745ee4c9001d2b9641\",\n          \"5f635c845ee4c9001d2b9642\",\n          \"5f635d1e5ee4c9001d2b964b\",\n          \"5f635d2c5ee4c9001d2b964c\",\n          \"5f635d905ee4c9001d2b9651\",\n          \"5f635db55ee4c9001d2b9654\",\n          \"5f635e365ee4c9001d2b965d\",\n          \"5f635e235ee4c9001d2b965b\",\n          \"5f635e2c5ee4c9001d2b965c\",\n          \"5f635e405ee4c9001d2b965e\",\n          \"5f635e935ee4c9001d2b9665\",\n          \"5f635f025ee4c9001d2b966b\",\n          \"5f635c185ee4c9001d2b963a\",\n          \"5f635ceb5ee4c9001d2b9647\",\n          \"5f635cf75ee4c9001d2b9648\",\n          \"5f635d045ee4c9001d2b9649\",\n          \"5f635d115ee4c9001d2b964a\",\n          \"5f63608d5ee4c9001d2b966e\",\n          \"602234ba9dc383001e945dd6\",\n          \"5f635b495ee4c9001d2b9630\",\n          \"5f635b555ee4c9001d2b9631\",\n          \"5f635b6a5ee4c9001d2b9632\",\n          \"5f635ca45ee4c9001d2b9643\",\n          \"5f635eae5ee4c9001d2b9667\",\n          \"5f635ef75ee4c9001d2b966a\",\n          \"5f635e625ee4c9001d2b9660\",\n          \"5f635dd35ee4c9001d2b9657\",\n          \"5f635bb85ee4c9001d2b9635\"\n        ],\n        \"_id\": \"5e53704f11c196001d06f914\",\n        \"title\": \"Software Engineering Lead\",\n        \"startDate\": \"2019-04-15\",\n        \"company\": \"Upp Technologies\",\n        \"companyUrl\": \"https://upp.ai\",\n        \"shortDescription\": \"Hands-on lead engineer in a small cross-functional team.\\n\",\n        \"createdAt\": \"2020-02-24T06:42:23.147Z\",\n        \"updatedAt\": \"2021-02-26T22:37:22.370Z\",\n        \"__v\": 0,\n        \"endDate\": \"2020-05-01\",\n        \"companyImage\": {\n          \"_id\": \"6020f0499dc383001e945dd3\",\n          \"name\": \"upp.png\",\n          \"alternativeText\": \"\",\n          \"caption\": \"\",\n          \"hash\": \"upp_4780c5270b\",\n          \"ext\": \".png\",\n          \"mime\": \"image/png\",\n          \"size\": 2.21,\n          \"width\": 141,\n          \"height\": 106,\n          \"url\": \"/uploads/upp_4780c5270b.png\",\n          \"provider\": \"local\",\n          \"related\": [\n            \"5e53704f11c196001d06f914\"\n          ],\n          \"createdAt\": \"2021-02-08T08:03:21.134Z\",\n          \"updatedAt\": \"2021-02-08T08:03:37.545Z\",\n          \"__v\": 0,\n          \"created_by\": \"5e4839cd1c2d53001dcc0696\",\n          \"updated_by\": \"5e4839cd1c2d53001dcc0696\",\n          \"id\": \"6020f0499dc383001e945dd3\"\n        },\n        \"updated_by\": \"5e4839cd1c2d53001dcc0696\",\n        \"longDescription\": \"Lead Engineer working on all verticals (front end, backend, ops) of the Upp Intelligent Platform. Lead a small cross-functional team of 5 to deliver an event-driven, microservices architecture compromising of the following modules:\\n\\n* Onboarding - data ingestion from 3rd party product providers such as Magento, Shopify and others in conjunction with IPaas (Integration Platform as a Service) This module also consisted of a proprietary data mapping solution.\\n* Products - enrichment, bulk operations and search functionality (using an inverted index).\\n* Margin Hub - a suite of microservices integrating numerous different data points to report on product profitability and suggest intelligent actions to optimise margin.\\n\\n\\nIn addition to leading feature development, my role also comprised of promoting best practises amongst other agile teams including but not limited to:\\n\\n* Creating a customized version of spring initializr that generated skeleton services with all required libraries, Jenkins pipeline definitions, Kubernetes manifest files etc so developers could concentrate on delivering business logic and not plumbing;\\n* Spring Boot starter library for event sourcing\\n* Component testing using test containers\\n* Service - Service authentication using OIDC client credentials with keycloak.\",\n        \"location\": \"London\",\n        \"id\": \"5e53704f11c196001d06f914\"\n      },\n      {\n        \"education\": false,\n        \"includeOnResume\": true,\n        \"attachments\": [],\n        \"skills\": [\n          \"5f635b3f5ee4c9001d2b962f\",\n          \"5f635b7e5ee4c9001d2b9633\",\n          \"5f635b8b5ee4c9001d2b9634\",\n          \"5f635bcd5ee4c9001d2b9636\",\n          \"5f635bf05ee4c9001d2b9637\",\n          \"5f635c1e5ee4c9001d2b963b\",\n          \"5f635c455ee4c9001d2b963e\",\n          \"5f635c745ee4c9001d2b9641\",\n          \"5f635c845ee4c9001d2b9642\",\n          \"5f635d645ee4c9001d2b964e\",\n          \"5f635d425ee4c9001d2b964d\",\n          \"5f635c185ee4c9001d2b963a\",\n          \"5f635da95ee4c9001d2b9653\",\n          \"5f635e405ee4c9001d2b965e\",\n          \"5f635e365ee4c9001d2b965d\",\n          \"5f635ea45ee4c9001d2b9666\",\n          \"602235769dc383001e945dd9\",\n          \"5f63608d5ee4c9001d2b966e\",\n          \"5f635b495ee4c9001d2b9630\",\n          \"5f635b6a5ee4c9001d2b9632\",\n          \"5f635ca45ee4c9001d2b9643\",\n          \"5f635bb85ee4c9001d2b9635\"\n        ],\n        \"_id\": \"5e5370e311c196001d06f917\",\n        \"title\": \"Senior Platform Architect\",\n        \"startDate\": \"2018-08-01\",\n        \"endDate\": \"2019-04-12\",\n        \"company\": \"Pivotal\",\n        \"companyUrl\": \"https://pivotal.io/\",\n        \"shortDescription\": \"Applications Focused Platform Architect specialising in cloud native development.\",\n        \"createdAt\": \"2020-02-24T06:44:51.218Z\",\n        \"updatedAt\": \"2021-02-26T22:37:22.370Z\",\n        \"__v\": 0,\n        \"companyImage\": {\n          \"_id\": \"5f6618165ee4c9001d2b969a\",\n          \"name\": \"pivotal (1).png\",\n          \"alternativeText\": \"\",\n          \"caption\": \"\",\n          \"hash\": \"pivotal_1_06ffe33158\",\n          \"ext\": \".png\",\n          \"mime\": \"image/jpeg\",\n          \"size\": 1.9,\n          \"width\": 200,\n          \"height\": 200,\n          \"url\": \"/uploads/pivotal_1_06ffe33158.png\",\n          \"formats\": {\n            \"thumbnail\": {\n              \"name\": \"thumbnail_pivotal (1).png\",\n              \"hash\": \"thumbnail_pivotal_1_06ffe33158\",\n              \"ext\": \".png\",\n              \"mime\": \"image/jpeg\",\n              \"width\": 156,\n              \"height\": 156,\n              \"size\": 1.52,\n              \"path\": null,\n              \"url\": \"/uploads/thumbnail_pivotal_1_06ffe33158.png\"\n            }\n          },\n          \"provider\": \"local\",\n          \"related\": [\n            \"5e5370e311c196001d06f917\"\n          ],\n          \"createdAt\": \"2020-09-19T14:39:18.005Z\",\n          \"updatedAt\": \"2021-02-08T08:20:54.295Z\",\n          \"__v\": 0,\n          \"created_by\": \"5e4839cd1c2d53001dcc0696\",\n          \"updated_by\": \"5e4839cd1c2d53001dcc0696\",\n          \"id\": \"5f6618165ee4c9001d2b969a\"\n        },\n        \"updated_by\": \"5e4839cd1c2d53001dcc0696\",\n        \"longDescription\": \"Applications focused platform architect, aiding clients to become successful by building cloud-native apps utilizing the Spring ecosystem and platforms like Cloud Foundry and Kubernetes.\\n\\nDuties included:\\n- Delivering Cloud-Native Developer and other workshops to a number of clients which contained topics (not limited to):\\n  - Introduction to Spring Boot\\n  - Reactive programming with Spring Boot and Project Reactor\\n  - Producer driven contracts with Spring Cloud Contract\\n  - Cloud Foundry and BOSH\\n  - The mechanics behind ```cf push``` and the service broker.\\n  - Buildpacks\\n  - Steeltoe\\n\\n- Speaking at the cloud-native meetups and webinars including the most ever subscribed webinar for Pivotal EMEA (at the time): [Securing microservices with Spring and Cloud Foundry](https://www.brighttalk.com/webcast/14883/345709/securing-microservices-with-spring-and-pivotal-cloud-foundry)\\n\\n- Pre-sales pitches to prospective clients outlining the positive outcomes of building cloud-native apps with spring and running them with Cloud Foundry.\",\n        \"location\": \"London\",\n        \"id\": \"5e5370e311c196001d06f917\"\n      },\n      {\n        \"education\": false,\n        \"includeOnResume\": true,\n        \"attachments\": [],\n        \"skills\": [\n          \"5f635b7e5ee4c9001d2b9633\",\n          \"5f635b8b5ee4c9001d2b9634\",\n          \"5f635bf05ee4c9001d2b9637\",\n          \"5f635c0f5ee4c9001d2b9639\",\n          \"5f635c185ee4c9001d2b963a\",\n          \"5f635c1e5ee4c9001d2b963b\",\n          \"5f635c005ee4c9001d2b9638\",\n          \"5f635c2e5ee4c9001d2b963c\",\n          \"5f635c4f5ee4c9001d2b963f\",\n          \"5f635c675ee4c9001d2b9640\",\n          \"5f635c745ee4c9001d2b9641\",\n          \"5f635c845ee4c9001d2b9642\",\n          \"5f635ceb5ee4c9001d2b9647\",\n          \"5f635cf75ee4c9001d2b9648\",\n          \"5f635d045ee4c9001d2b9649\",\n          \"5f635d115ee4c9001d2b964a\",\n          \"5f635d1e5ee4c9001d2b964b\",\n          \"5f635d2c5ee4c9001d2b964c\",\n          \"5f635d425ee4c9001d2b964d\",\n          \"5f635d905ee4c9001d2b9651\",\n          \"5f635db55ee4c9001d2b9654\",\n          \"5f635dde5ee4c9001d2b9658\",\n          \"5f635e235ee4c9001d2b965b\",\n          \"5f635e2c5ee4c9001d2b965c\",\n          \"5f635e935ee4c9001d2b9665\",\n          \"5f635ef05ee4c9001d2b9669\",\n          \"5f635f8f5ee4c9001d2b966c\",\n          \"5f635f995ee4c9001d2b966d\",\n          \"5f635f025ee4c9001d2b966b\",\n          \"5f63608d5ee4c9001d2b966e\",\n          \"602234ba9dc383001e945dd6\",\n          \"5f635b555ee4c9001d2b9631\",\n          \"5f635b6a5ee4c9001d2b9632\",\n          \"5f635ca45ee4c9001d2b9643\",\n          \"5f635eae5ee4c9001d2b9667\",\n          \"5f635ef75ee4c9001d2b966a\",\n          \"5f635c375ee4c9001d2b963d\",\n          \"5f635e625ee4c9001d2b9660\",\n          \"5f635dd35ee4c9001d2b9657\",\n          \"5f635bb85ee4c9001d2b9635\",\n          \"60291c5d9dc383001e945de2\"\n        ],\n        \"_id\": \"5eedd4803c8d74001e4497f5\",\n        \"startDate\": \"2020-05-04\",\n        \"company\": \"Y-Tree\",\n        \"companyUrl\": \"https://y-tree.com/\",\n        \"title\": \"Senior Developer\",\n        \"createdAt\": \"2020-06-20T09:18:56.102Z\",\n        \"updatedAt\": \"2021-02-26T22:39:33.470Z\",\n        \"__v\": 0,\n        \"companyImage\": {\n          \"_id\": \"5eedd46e3c8d74001e4497f4\",\n          \"name\": \"YTree\",\n          \"alternativeText\": \"\",\n          \"caption\": \"\",\n          \"hash\": \"YT_ree_50b80993fc\",\n          \"ext\": \".png\",\n          \"mime\": \"image/png\",\n          \"size\": 6.33,\n          \"width\": 200,\n          \"height\": 200,\n          \"url\": \"/uploads/YT_ree_50b80993fc.png\",\n          \"formats\": {\n            \"thumbnail\": {\n              \"hash\": \"thumbnail_YT_ree_50b80993fc\",\n              \"ext\": \".png\",\n              \"mime\": \"image/png\",\n              \"width\": 156,\n              \"height\": 156,\n              \"size\": 10.07,\n              \"path\": null,\n              \"url\": \"/uploads/thumbnail_YT_ree_50b80993fc.png\"\n            }\n          },\n          \"provider\": \"local\",\n          \"related\": [\n            \"5eedd4803c8d74001e4497f5\"\n          ],\n          \"createdAt\": \"2020-06-20T09:18:38.337Z\",\n          \"updatedAt\": \"2020-06-20T09:18:56.106Z\",\n          \"__v\": 0,\n          \"id\": \"5eedd46e3c8d74001e4497f4\"\n        },\n        \"shortDescription\": \"Lead Developer of exciting fin-tech platform composed of event-driven and restful microservices.\",\n        \"updated_by\": \"5e4839cd1c2d53001dcc0696\",\n        \"longDescription\": \"Lead Developer of exciting fin-tech platform composed of event-driven and restful microservices.\\n\\nHeavily involved in transforming a monolithic application into a suite of fault-tolerant event-driven and restful microservices written with Kotlin and Spring Boot. \\n\\nLead a cloud-native transformation by improving the path to production of services by introducing a number of tools and technologies to aide with continuous delivery of features:\\n\\n-  Cucumber for integration testing\\n-  Pact for contract testing (consumer-driven contracts for both synchronous (HTTP) and event-driven (Kafka) communication)\\n-  Test Containers for component testing\\n-  Use of Spring Cloud Kubernetes and Spring Cloud vault for environment-specific configuration (as per the [12-factor app](https://12factor.net/))\\n- Jenkin X pipelines to build and deploy helm charts for each service and environment.\\n- Keycloak for identity management.\\n- Rolling updates of k8s deployments for no-outage releases.\\n\\nAlso contributed to the YTree technical blog sharing knowledge amongst the team in the form of both written blogs and recorded videos. \\n\\n\\n\\n\\n\\n\",\n        \"location\": \"London\",\n        \"id\": \"5eedd4803c8d74001e4497f5\"\n      }\n    ],\n    \"blogs\": [\n      {\n        \"published\": true,\n        \"tags\": [\n          \"5f02da709d8081001fd38fa4\",\n          \"5e495da7bc8d7d001ddbd7c5\"\n        ],\n        \"skills\": [\n          \"5f635c1e5ee4c9001d2b963b\",\n          \"5f635f8f5ee4c9001d2b966c\",\n          \"5f635c2e5ee4c9001d2b963c\",\n          \"5f635c4f5ee4c9001d2b963f\",\n          \"5f635b495ee4c9001d2b9630\",\n          \"5f635b555ee4c9001d2b9631\",\n          \"5f635c375ee4c9001d2b963d\"\n        ],\n        \"_id\": \"5feed34e67bdd6001e9c12ce\",\n        \"title\": \"Adding Custom Gradle 6 Build Pack to Jenkins X\",\n        \"shortDescription\": \"In this post we will look at how to add a new custom build pack to Jenkins X so we can support builds using Gradle 6 and JDK 11.\",\n        \"createdAt\": \"2021-01-02T07:46:22.753Z\",\n        \"updatedAt\": \"2021-02-26T22:36:56.990Z\",\n        \"__v\": 0,\n        \"created_by\": \"5e4839cd1c2d53001dcc0696\",\n        \"image\": {\n          \"_id\": \"5f6853535ee4c9001d2b96c1\",\n          \"name\": \"Gradle_logo.png\",\n          \"alternativeText\": \"\",\n          \"caption\": \"\",\n          \"hash\": \"Gradle_logo_eec2d0b60b\",\n          \"ext\": \".png\",\n          \"mime\": \"image/png\",\n          \"size\": 7.59,\n          \"width\": 876,\n          \"height\": 306,\n          \"url\": \"/uploads/Gradle_logo_eec2d0b60b.png\",\n          \"formats\": {\n            \"thumbnail\": {\n              \"name\": \"thumbnail_Gradle_logo.png\",\n              \"hash\": \"thumbnail_Gradle_logo_eec2d0b60b\",\n              \"ext\": \".png\",\n              \"mime\": \"image/png\",\n              \"width\": 245,\n              \"height\": 86,\n              \"size\": 6.94,\n              \"path\": null,\n              \"url\": \"/uploads/thumbnail_Gradle_logo_eec2d0b60b.png\"\n            },\n            \"medium\": {\n              \"name\": \"medium_Gradle_logo.png\",\n              \"hash\": \"medium_Gradle_logo_eec2d0b60b\",\n              \"ext\": \".png\",\n              \"mime\": \"image/png\",\n              \"width\": 750,\n              \"height\": 262,\n              \"size\": 25.22,\n              \"path\": null,\n              \"url\": \"/uploads/medium_Gradle_logo_eec2d0b60b.png\"\n            },\n            \"small\": {\n              \"name\": \"small_Gradle_logo.png\",\n              \"hash\": \"small_Gradle_logo_eec2d0b60b\",\n              \"ext\": \".png\",\n              \"mime\": \"image/png\",\n              \"width\": 500,\n              \"height\": 175,\n              \"size\": 15.87,\n              \"path\": null,\n              \"url\": \"/uploads/small_Gradle_logo_eec2d0b60b.png\"\n            }\n          },\n          \"provider\": \"local\",\n          \"related\": [\n            \"5f635c1e5ee4c9001d2b963b\",\n            \"5feed34e67bdd6001e9c12ce\"\n          ],\n          \"createdAt\": \"2020-09-21T07:16:35.326Z\",\n          \"updatedAt\": \"2021-01-01T07:46:22.759Z\",\n          \"__v\": 0,\n          \"created_by\": \"5e4839cd1c2d53001dcc0696\",\n          \"updated_by\": \"5e4839cd1c2d53001dcc0696\",\n          \"id\": \"5f6853535ee4c9001d2b96c1\"\n        },\n        \"updated_by\": \"5e4839cd1c2d53001dcc0696\",\n        \"content\": \"Jenkins X supports quite a lot of build packs out of the box, but support for gradle build packs is quite limited. The [jenkins-x-kubernetes](https://github.com/jenkins-x-buildpacks/jenkins-x-kubernetes) does contain a gradle build pack, but the builder image only contains gradle 5 and JDK 8. Seeing as I wanted to use spring boot 2.3.3 (which requires gradle 6) and above to build the microservices that power this web application, and I also want to use kotlin and java 11, I will need to add this build pack myself.\\n\\nThe first thing I will need to do is provide an image for this. Luckily this is pretty easy as I can just copy the existing gradle builder image from [here](https://github.com/jenkins-x/jenkins-x-builders/blob/master/builder-gradle5/Dockerfile) and change a few things:\\n\\nHere is the result (all source code can also be found [here](https://github.com/simonjamesrowe/jenkinsx-buildpacks/))\\n```docker\\nFROM gcr.io/jenkinsxio/builder-base:0.0.86\\n\\nCMD [\\\"gradle\\\"]\\n\\nENV ANDROID_VERSION 4333796\\nENV ANDROID_HOME /opt/android-sdk-linux\\nENV PATH ${PATH}:${ANDROID_HOME}/tools:${ANDROID_HOME}/tools/bin:${ANDROID_HOME}/platform-tools\\n\\nRUN yum install -y java-11-openjdk-devel\\n\\nENV GRADLE_HOME /opt/gradle\\nENV GRADLE_VERSION 6.5.1\\n\\nRUN set -o errexit -o nounset \\\\\\n    && echo \\\"Set URLS\\\" \\\\\\n    && GRADLE_URL=\\\"https://services.gradle.org/distributions/gradle-${GRADLE_VERSION}-bin.zip\\\" \\\\\\n    && SHA256_URL=\\\"${GRADLE_URL}.sha256\\\" \\\\\\n    \\\\\\n    && echo \\\"Determine sha256sum\\\" \\\\\\n    && GRADLE_DOWNLOAD_SHA256=$(curl -sLf \\\"${SHA256_URL}\\\") \\\\\\n    \\\\\\n\\t&& echo \\\"Downloading Gradle\\\" \\\\\\n\\t&& wget -q -O gradle.zip \\\"${GRADLE_URL}\\\" \\\\\\n\\t\\\\\\n\\t&& echo \\\"Checking download hash\\\" \\\\\\n\\t&& echo \\\"${GRADLE_DOWNLOAD_SHA256} *gradle.zip\\\" | sha256sum -c - \\\\\\n\\t\\\\\\n\\t&& echo \\\"Installing Gradle\\\" \\\\\\n\\t&& unzip -q gradle.zip \\\\\\n\\t&& rm gradle.zip \\\\\\n\\t&& mkdir -p /opt \\\\\\n\\t&& mv \\\"gradle-${GRADLE_VERSION}\\\" \\\"${GRADLE_HOME}/\\\" \\\\\\n\\t&& ln -s \\\"${GRADLE_HOME}/bin/gradle\\\" /usr/bin/gradle\\n\\nRUN gradle --version\\n\\n# jx\\nENV JX_VERSION 2.1.153\\nRUN curl -f -L https://github.com/jenkins-x/jx/releases/download/v${JX_VERSION}/jx-linux-amd64.tar.gz | tar xzv && \\\\\\n  mv jx /usr/bin/\\n```\\n\\nThe image can be built and pushed with the following commands (we will also need docker login)\\n```shell\\ndocker build -t simonjamesrowe/gradle6-java11:2020-26-12 .\\ndocker push simonjamesrowe/gradle6-java11:2020-26-12\\n```\\n\\nNow that the image has been pushed to the container registry the next thing we will need to think about is defining the build pod template. This template is something which jenkins x and tekton use to spin up pods in kubernetes which run these builds. In order to do this we will need to make some modifications to the jenkins-x control plane, which has its own gitops repo (which can be found [here](https://github.com/simonjamesrowe/environment-simonjamesrowe-dev)). \\n\\nI want to define a kubernetes secret that contains a gradle initialisation script that can be used to define where our nexus repository lives, and also credentials for publishing artefacts to this repository. The following helm values can be defined in ```env/values.tmpl.yaml```:\\n```yaml\\ngradle:\\n  initScript: |-\\n    allprojects {\\n\\n        apply plugin: 'maven-publish'\\n\\n        repositories {\\n            maven {\\n                url \\\"http://nexus/repository/maven-group/\\\"\\n            }\\n            mavenCentral()\\n        }\\n\\n      publishing {\\n            repositories {\\n                maven {\\n                    def releasesRepoUrl = \\\"http://nexus/repository/maven-releases/\\\"\\n                    def snapshotsRepoUrl = \\\"http://nexus/repository/maven-snapshots/\\\"\\n                    url = version.endsWith('SNAPSHOT') ? snapshotsRepoUrl : releasesRepoUrl\\n                    credentials {\\n                        username \\\"{{ .Parameters.adminUser.username }}\\\"\\n                        password \\\"{{ .Parameters.adminUser.password }}\\\"\\n                    }\\n                }\\n            }\\n        }\\n\\n       configurations.all {\\n          resolutionStrategy.cacheChangingModulesFor 0, 'seconds'\\n          resolutionStrategy.cacheDynamicVersionsFor 0, 'seconds'\\n       }\\n    }\\n```\\nThen the secret can be defined in ```env/templates/jenkins-gradle-secret.yaml```:\\n```yaml\\napiVersion: v1\\nkind: Secret\\ntype: Opaque\\nmetadata:\\n  name: jenkins-gradle-init\\ndata:\\n  init.gradle: {{ .Values.gradle.initScript | b64enc }}\\n```\\n\\nFor the build pod template, this will require some more values to be defined in ```env/jenkins-x-platform/values.tmpl.yaml```:\\n```yaml\\njenkins:\\n  Agent:\\n    PodTemplates:\\n      Gradle6-Java11:\\n        Name: gradle6-java11\\n        Label: jenkins-gradle6-java11\\n        DevPodPorts: 5005, 8080\\n        volumes:\\n          - type: Secret\\n            secretName: jenkins-docker-cfg\\n            mountPath: /home/jenkins/.docker\\n          - type: Secret\\n            secretName: jenkins-release-gpg\\n            mountPath: /home/jenkins/.gnupg\\n          - type: Secret\\n            secretName: jenkins-gradle-init\\n            mountPath: /home/jenkins/.gradle\\n        EnvVars:\\n          GIT_COMMITTER_EMAIL: jenkins-x@googlegroups.com\\n          GIT_AUTHOR_EMAIL: jenkins-x@googlegroups.com\\n          GIT_AUTHOR_NAME: jenkins-x-bot\\n          GIT_COMMITTER_NAME: jenkins-x-bot\\n          XDG_CONFIG_HOME: /home/jenkins\\n          DOCKER_CONFIG: /home/jenkins/.docker/\\n        ServiceAccount: jenkins\\n        Containers:\\n          Gradle6-Java11:\\n            Image: simonjamesrowe/gradle6-java11:2020-12-26\\n            Privileged: true\\n            RequestCpu: \\\"400m\\\"\\n            RequestMemory: \\\"512Mi\\\"\\n            LimitCpu: \\\"1\\\"\\n            Command: \\\"/bin/sh -c\\\"\\n            Args: \\\"cat\\\"\\n            Tty: true\\n```\\n\\nThe next thing to do is define the tekton pipeline. I have another my github repo containing buildpacks [jenkinsx-buildpacks](https://github.com/simonjamesrowe/jenkinsx-buildpacks). In ```packs/gradle6-java11/pipeline.yaml, we define the tekton pipeline:\\n```yaml\\nagent:\\n  label: jenkins-gradle6-java11\\n  container: gradle6-java11\\npipelines:\\n  pullRequest:\\n    build:\\n      steps:\\n        - sh: echo \\\\$(jx-release-version)-SNAPSHOT > VERSION\\n          name: next-version\\n          comment: so we can retrieve the version in later steps\\n        - sh: gradle -I /home/jenkins/.gradle/init.gradle clean build publish -Pversion=\\\\$(cat VERSION) --info\\n          name: gradle-build\\n  release:\\n    setVersion:\\n      steps:\\n        - sh: echo \\\\$(jx-release-version) > VERSION\\n          name: next-version\\n          comment: so we can retrieve the version in later step\\n        - sh: jx step tag --version \\\\$(cat VERSION)\\n          name: tag-version\\n    build:\\n      steps:\\n        - sh: gradle -I /home/jenkins/.gradle/init.gradle clean build publish -Pversion=\\\\$(cat VERSION) --info\\n          name: gradle-build\\n```\\nPay attention to the ```agent.label``` which specifies the build pod template to use (i.e. the one that has been defined above).  Here we also have 2 pipelines, one for a pull request that simply publishes a snapshot to the nexus repository (which is part of the jenkins x control plane), and another one for master. Also you can see that ```-I /home/jenkins/.gradle/init.gradle``` is also included so that we can run the initialisation script that we defined in a k8s secret above. In this example the secret is mounted into the container as a volume.\\n\\nLastly, we will need to tell jx about the git repository that we are using to host our build packs. This can be simply added to the ```jx-requirements.yml``` file\\n```yaml\\nbuildPacks:\\n  buildPackLibrary:\\n    gitRef: master\\n    gitURL: https://github.com/simonjamesrowe/jenkinsx-buildpacks.git\\n    name: simonjamesrowe\\n```\\nAnd of course we will need to run ```jx boot``` to update our control plane with all of the changes that we have made:\\n- gradle init script k8s secret\\n- build pod template\\n- custom build pack library configuration.\\n\\nNow we can use this build pack in order to build [https://github.com/simonjamesrowe/component-test](https://github.com/simonjamesrowe/component-test).  See ```jenkins-x.yml```:\\n```yaml\\nbuildPack: gradle6-java11\\n```\\n\\nWe can see that this project now deploys artefacts to nexus:\\n![nexus-component-test.png](/uploads/nexus_component_test_7e8f5aea69.png)\\n\",\n        \"id\": \"5feed34e67bdd6001e9c12ce\"\n      }\n    ],\n    \"id\": \"5f635c1e5ee4c9001d2b963b\"\n  },\n  {\n    \"includeOnResume\": false,\n    \"_id\": \"5f635c2e5ee4c9001d2b963c\",\n    \"name\": \"Jenkins Pipeline\",\n    \"rating\": 8,\n    \"createdAt\": \"2020-09-17T12:53:02.588Z\",\n    \"updatedAt\": \"2020-09-22T06:41:07.845Z\",\n    \"__v\": 0,\n    \"created_by\": {\n      \"_id\": \"5e4839cd1c2d53001dcc0696\",\n      \"username\": \"simon.rowe@gmail.com\",\n      \"createdAt\": \"2020-02-15T18:34:53.155Z\",\n      \"updatedAt\": \"2020-09-17T07:45:13.526Z\",\n      \"__v\": 0,\n      \"id\": \"5e4839cd1c2d53001dcc0696\"\n    },\n    \"updated_by\": {\n      \"_id\": \"5e4839cd1c2d53001dcc0696\",\n      \"username\": \"simon.rowe@gmail.com\",\n      \"createdAt\": \"2020-02-15T18:34:53.155Z\",\n      \"updatedAt\": \"2020-09-17T07:45:13.526Z\",\n      \"__v\": 0,\n      \"id\": \"5e4839cd1c2d53001dcc0696\"\n    },\n    \"image\": {\n      \"_id\": \"5f65ed105ee4c9001d2b967c\",\n      \"name\": \"jenkins-5-569553.png\",\n      \"alternativeText\": \"\",\n      \"caption\": \"\",\n      \"hash\": \"jenkins_5_569553_cb54b85a4c\",\n      \"ext\": \".png\",\n      \"mime\": \"image/png\",\n      \"size\": 12.15,\n      \"width\": 256,\n      \"height\": 256,\n      \"url\": \"/uploads/jenkins_5_569553_cb54b85a4c.png\",\n      \"formats\": {\n        \"thumbnail\": {\n          \"name\": \"thumbnail_jenkins-5-569553.png\",\n          \"hash\": \"thumbnail_jenkins_5_569553_cb54b85a4c\",\n          \"ext\": \".png\",\n          \"mime\": \"image/png\",\n          \"width\": 156,\n          \"height\": 156,\n          \"size\": 16.21,\n          \"path\": null,\n          \"url\": \"/uploads/thumbnail_jenkins_5_569553_cb54b85a4c.png\"\n        }\n      },\n      \"provider\": \"local\",\n      \"related\": [\n        \"5f635a195ee4c9001d2b962a\",\n        \"5f635c2e5ee4c9001d2b963c\"\n      ],\n      \"createdAt\": \"2020-09-19T11:35:44.624Z\",\n      \"updatedAt\": \"2020-09-21T07:16:50.216Z\",\n      \"__v\": 0,\n      \"created_by\": \"5e4839cd1c2d53001dcc0696\",\n      \"updated_by\": \"5e4839cd1c2d53001dcc0696\",\n      \"id\": \"5f65ed105ee4c9001d2b967c\"\n    },\n    \"description\": \"Pipeline is a suite of plugins that supports implementing and integrating continuous delivery pipelines into Jenkins. Pipeline provides an extensible set of tools for modelling simple-to-complex delivery pipelines \\\"as code\\\" via the Pipeline DSL (groovy). \",\n    \"jobs\": [\n      {\n        \"education\": false,\n        \"includeOnResume\": true,\n        \"attachments\": [],\n        \"skills\": [\n          \"5f635b7e5ee4c9001d2b9633\",\n          \"5f635b8b5ee4c9001d2b9634\",\n          \"5f635c0f5ee4c9001d2b9639\",\n          \"5f635c1e5ee4c9001d2b963b\",\n          \"5f635c2e5ee4c9001d2b963c\",\n          \"5f635c745ee4c9001d2b9641\",\n          \"5f635c845ee4c9001d2b9642\",\n          \"5f635d1e5ee4c9001d2b964b\",\n          \"5f635d2c5ee4c9001d2b964c\",\n          \"5f635d905ee4c9001d2b9651\",\n          \"5f635db55ee4c9001d2b9654\",\n          \"5f635e365ee4c9001d2b965d\",\n          \"5f635e235ee4c9001d2b965b\",\n          \"5f635e2c5ee4c9001d2b965c\",\n          \"5f635e405ee4c9001d2b965e\",\n          \"5f635e935ee4c9001d2b9665\",\n          \"5f635f025ee4c9001d2b966b\",\n          \"5f635c185ee4c9001d2b963a\",\n          \"5f635ceb5ee4c9001d2b9647\",\n          \"5f635cf75ee4c9001d2b9648\",\n          \"5f635d045ee4c9001d2b9649\",\n          \"5f635d115ee4c9001d2b964a\",\n          \"5f63608d5ee4c9001d2b966e\",\n          \"602234ba9dc383001e945dd6\",\n          \"5f635b495ee4c9001d2b9630\",\n          \"5f635b555ee4c9001d2b9631\",\n          \"5f635b6a5ee4c9001d2b9632\",\n          \"5f635ca45ee4c9001d2b9643\",\n          \"5f635eae5ee4c9001d2b9667\",\n          \"5f635ef75ee4c9001d2b966a\",\n          \"5f635e625ee4c9001d2b9660\",\n          \"5f635dd35ee4c9001d2b9657\",\n          \"5f635bb85ee4c9001d2b9635\"\n        ],\n        \"_id\": \"5e53704f11c196001d06f914\",\n        \"title\": \"Software Engineering Lead\",\n        \"startDate\": \"2019-04-15\",\n        \"company\": \"Upp Technologies\",\n        \"companyUrl\": \"https://upp.ai\",\n        \"shortDescription\": \"Hands-on lead engineer in a small cross-functional team.\\n\",\n        \"createdAt\": \"2020-02-24T06:42:23.147Z\",\n        \"updatedAt\": \"2021-02-26T22:37:22.370Z\",\n        \"__v\": 0,\n        \"endDate\": \"2020-05-01\",\n        \"companyImage\": {\n          \"_id\": \"6020f0499dc383001e945dd3\",\n          \"name\": \"upp.png\",\n          \"alternativeText\": \"\",\n          \"caption\": \"\",\n          \"hash\": \"upp_4780c5270b\",\n          \"ext\": \".png\",\n          \"mime\": \"image/png\",\n          \"size\": 2.21,\n          \"width\": 141,\n          \"height\": 106,\n          \"url\": \"/uploads/upp_4780c5270b.png\",\n          \"provider\": \"local\",\n          \"related\": [\n            \"5e53704f11c196001d06f914\"\n          ],\n          \"createdAt\": \"2021-02-08T08:03:21.134Z\",\n          \"updatedAt\": \"2021-02-08T08:03:37.545Z\",\n          \"__v\": 0,\n          \"created_by\": \"5e4839cd1c2d53001dcc0696\",\n          \"updated_by\": \"5e4839cd1c2d53001dcc0696\",\n          \"id\": \"6020f0499dc383001e945dd3\"\n        },\n        \"updated_by\": \"5e4839cd1c2d53001dcc0696\",\n        \"longDescription\": \"Lead Engineer working on all verticals (front end, backend, ops) of the Upp Intelligent Platform. Lead a small cross-functional team of 5 to deliver an event-driven, microservices architecture compromising of the following modules:\\n\\n* Onboarding - data ingestion from 3rd party product providers such as Magento, Shopify and others in conjunction with IPaas (Integration Platform as a Service) This module also consisted of a proprietary data mapping solution.\\n* Products - enrichment, bulk operations and search functionality (using an inverted index).\\n* Margin Hub - a suite of microservices integrating numerous different data points to report on product profitability and suggest intelligent actions to optimise margin.\\n\\n\\nIn addition to leading feature development, my role also comprised of promoting best practises amongst other agile teams including but not limited to:\\n\\n* Creating a customized version of spring initializr that generated skeleton services with all required libraries, Jenkins pipeline definitions, Kubernetes manifest files etc so developers could concentrate on delivering business logic and not plumbing;\\n* Spring Boot starter library for event sourcing\\n* Component testing using test containers\\n* Service - Service authentication using OIDC client credentials with keycloak.\",\n        \"location\": \"London\",\n        \"id\": \"5e53704f11c196001d06f914\"\n      },\n      {\n        \"education\": false,\n        \"includeOnResume\": true,\n        \"attachments\": [],\n        \"skills\": [\n          \"5f635b3f5ee4c9001d2b962f\",\n          \"5f635b8b5ee4c9001d2b9634\",\n          \"5f635c185ee4c9001d2b963a\",\n          \"5f635c2e5ee4c9001d2b963c\",\n          \"5f635c675ee4c9001d2b9640\",\n          \"5f635c745ee4c9001d2b9641\",\n          \"5f635c845ee4c9001d2b9642\",\n          \"5f635cb65ee4c9001d2b9644\",\n          \"5f635cc45ee4c9001d2b9645\",\n          \"5f635cdc5ee4c9001d2b9646\",\n          \"5f635ceb5ee4c9001d2b9647\",\n          \"5f635d045ee4c9001d2b9649\",\n          \"5f635d115ee4c9001d2b964a\",\n          \"5f635d1e5ee4c9001d2b964b\",\n          \"5f635d2c5ee4c9001d2b964c\",\n          \"5f635d425ee4c9001d2b964d\",\n          \"5f635d7e5ee4c9001d2b964f\",\n          \"5f635d875ee4c9001d2b9650\",\n          \"5f635d905ee4c9001d2b9651\",\n          \"5f635d9e5ee4c9001d2b9652\",\n          \"5f635da95ee4c9001d2b9653\",\n          \"5f635dbe5ee4c9001d2b9655\",\n          \"5f635dde5ee4c9001d2b9658\",\n          \"5f635e235ee4c9001d2b965b\",\n          \"5f635e595ee4c9001d2b965f\",\n          \"5f635e755ee4c9001d2b9662\",\n          \"5f635df45ee4c9001d2b965a\",\n          \"5f635de75ee4c9001d2b9659\",\n          \"5f635e7d5ee4c9001d2b9663\",\n          \"5f635e885ee4c9001d2b9664\",\n          \"5f635ea45ee4c9001d2b9666\",\n          \"5f635ee35ee4c9001d2b9668\",\n          \"602236d69dc383001e945ddc\",\n          \"6029446c9dc383001e945de9\",\n          \"5f635b6a5ee4c9001d2b9632\",\n          \"5f635bb85ee4c9001d2b9635\"\n        ],\n        \"_id\": \"5e53713a11c196001d06f91a\",\n        \"title\": \"Senior Director, Java Development\",\n        \"startDate\": \"2011-07-12\",\n        \"createdAt\": \"2020-02-24T06:46:18.484Z\",\n        \"updatedAt\": \"2021-02-26T22:37:22.370Z\",\n        \"__v\": 0,\n        \"company\": \"Universal Music Publishing\",\n        \"companyUrl\": \"https://www.umusicpub.com/\",\n        \"endDate\": \"2018-08-11\",\n        \"shortDescription\": \"Technology leader in cloud native development for business critical applications.\",\n        \"companyImage\": {\n          \"_id\": \"5f6618325ee4c9001d2b969c\",\n          \"name\": \"umpg.png\",\n          \"alternativeText\": \"\",\n          \"caption\": \"\",\n          \"hash\": \"umpg_121becd400\",\n          \"ext\": \".png\",\n          \"mime\": \"image/png\",\n          \"size\": 129.45,\n          \"width\": 400,\n          \"height\": 400,\n          \"url\": \"/uploads/umpg_121becd400.png\",\n          \"formats\": {\n            \"thumbnail\": {\n              \"name\": \"thumbnail_umpg.png\",\n              \"hash\": \"thumbnail_umpg_121becd400\",\n              \"ext\": \".png\",\n              \"mime\": \"image/png\",\n              \"width\": 156,\n              \"height\": 156,\n              \"size\": 31.14,\n              \"path\": null,\n              \"url\": \"/uploads/thumbnail_umpg_121becd400.png\"\n            }\n          },\n          \"provider\": \"local\",\n          \"related\": [\n            \"5e53713a11c196001d06f91a\"\n          ],\n          \"createdAt\": \"2020-09-19T14:39:46.169Z\",\n          \"updatedAt\": \"2021-02-08T08:15:39.296Z\",\n          \"__v\": 0,\n          \"created_by\": \"5e4839cd1c2d53001dcc0696\",\n          \"updated_by\": \"5e4839cd1c2d53001dcc0696\",\n          \"id\": \"5f6618325ee4c9001d2b969c\"\n        },\n        \"updated_by\": \"5e4839cd1c2d53001dcc0696\",\n        \"longDescription\": \"Responsible for architecture and delivery of greenfield internal and public facing business applications. Super scrum master, removing obstacles for four dynamic scrum teams. Frequent commiter.\\n\\nRe-architecture of multiple monoliths with single points of failure to AWS,resulting in scalable, fault tolerant software reducing the operational cost significantly.\\n\\nIntroduced automated testing as a development activity utilising technologies such as cucumber, selenium, docker which allows for far shorter release cycles.\\n\\nDesigned the company's first 'serverless' application at AWS, Utilising ECS Fargate, Lambda, SQS, SNS, ElasticSearch, S3.\",\n        \"location\": \"London\",\n        \"id\": \"5e53713a11c196001d06f91a\"\n      },\n      {\n        \"education\": false,\n        \"includeOnResume\": true,\n        \"attachments\": [],\n        \"skills\": [\n          \"5f635b7e5ee4c9001d2b9633\",\n          \"5f635b8b5ee4c9001d2b9634\",\n          \"5f635bf05ee4c9001d2b9637\",\n          \"5f635c0f5ee4c9001d2b9639\",\n          \"5f635c185ee4c9001d2b963a\",\n          \"5f635c1e5ee4c9001d2b963b\",\n          \"5f635c005ee4c9001d2b9638\",\n          \"5f635c2e5ee4c9001d2b963c\",\n          \"5f635c4f5ee4c9001d2b963f\",\n          \"5f635c675ee4c9001d2b9640\",\n          \"5f635c745ee4c9001d2b9641\",\n          \"5f635c845ee4c9001d2b9642\",\n          \"5f635ceb5ee4c9001d2b9647\",\n          \"5f635cf75ee4c9001d2b9648\",\n          \"5f635d045ee4c9001d2b9649\",\n          \"5f635d115ee4c9001d2b964a\",\n          \"5f635d1e5ee4c9001d2b964b\",\n          \"5f635d2c5ee4c9001d2b964c\",\n          \"5f635d425ee4c9001d2b964d\",\n          \"5f635d905ee4c9001d2b9651\",\n          \"5f635db55ee4c9001d2b9654\",\n          \"5f635dde5ee4c9001d2b9658\",\n          \"5f635e235ee4c9001d2b965b\",\n          \"5f635e2c5ee4c9001d2b965c\",\n          \"5f635e935ee4c9001d2b9665\",\n          \"5f635ef05ee4c9001d2b9669\",\n          \"5f635f8f5ee4c9001d2b966c\",\n          \"5f635f995ee4c9001d2b966d\",\n          \"5f635f025ee4c9001d2b966b\",\n          \"5f63608d5ee4c9001d2b966e\",\n          \"602234ba9dc383001e945dd6\",\n          \"5f635b555ee4c9001d2b9631\",\n          \"5f635b6a5ee4c9001d2b9632\",\n          \"5f635ca45ee4c9001d2b9643\",\n          \"5f635eae5ee4c9001d2b9667\",\n          \"5f635ef75ee4c9001d2b966a\",\n          \"5f635c375ee4c9001d2b963d\",\n          \"5f635e625ee4c9001d2b9660\",\n          \"5f635dd35ee4c9001d2b9657\",\n          \"5f635bb85ee4c9001d2b9635\",\n          \"60291c5d9dc383001e945de2\"\n        ],\n        \"_id\": \"5eedd4803c8d74001e4497f5\",\n        \"startDate\": \"2020-05-04\",\n        \"company\": \"Y-Tree\",\n        \"companyUrl\": \"https://y-tree.com/\",\n        \"title\": \"Senior Developer\",\n        \"createdAt\": \"2020-06-20T09:18:56.102Z\",\n        \"updatedAt\": \"2021-02-26T22:39:33.470Z\",\n        \"__v\": 0,\n        \"companyImage\": {\n          \"_id\": \"5eedd46e3c8d74001e4497f4\",\n          \"name\": \"YTree\",\n          \"alternativeText\": \"\",\n          \"caption\": \"\",\n          \"hash\": \"YT_ree_50b80993fc\",\n          \"ext\": \".png\",\n          \"mime\": \"image/png\",\n          \"size\": 6.33,\n          \"width\": 200,\n          \"height\": 200,\n          \"url\": \"/uploads/YT_ree_50b80993fc.png\",\n          \"formats\": {\n            \"thumbnail\": {\n              \"hash\": \"thumbnail_YT_ree_50b80993fc\",\n              \"ext\": \".png\",\n              \"mime\": \"image/png\",\n              \"width\": 156,\n              \"height\": 156,\n              \"size\": 10.07,\n              \"path\": null,\n              \"url\": \"/uploads/thumbnail_YT_ree_50b80993fc.png\"\n            }\n          },\n          \"provider\": \"local\",\n          \"related\": [\n            \"5eedd4803c8d74001e4497f5\"\n          ],\n          \"createdAt\": \"2020-06-20T09:18:38.337Z\",\n          \"updatedAt\": \"2020-06-20T09:18:56.106Z\",\n          \"__v\": 0,\n          \"id\": \"5eedd46e3c8d74001e4497f4\"\n        },\n        \"shortDescription\": \"Lead Developer of exciting fin-tech platform composed of event-driven and restful microservices.\",\n        \"updated_by\": \"5e4839cd1c2d53001dcc0696\",\n        \"longDescription\": \"Lead Developer of exciting fin-tech platform composed of event-driven and restful microservices.\\n\\nHeavily involved in transforming a monolithic application into a suite of fault-tolerant event-driven and restful microservices written with Kotlin and Spring Boot. \\n\\nLead a cloud-native transformation by improving the path to production of services by introducing a number of tools and technologies to aide with continuous delivery of features:\\n\\n-  Cucumber for integration testing\\n-  Pact for contract testing (consumer-driven contracts for both synchronous (HTTP) and event-driven (Kafka) communication)\\n-  Test Containers for component testing\\n-  Use of Spring Cloud Kubernetes and Spring Cloud vault for environment-specific configuration (as per the [12-factor app](https://12factor.net/))\\n- Jenkin X pipelines to build and deploy helm charts for each service and environment.\\n- Keycloak for identity management.\\n- Rolling updates of k8s deployments for no-outage releases.\\n\\nAlso contributed to the YTree technical blog sharing knowledge amongst the team in the form of both written blogs and recorded videos. \\n\\n\\n\\n\\n\\n\",\n        \"location\": \"London\",\n        \"id\": \"5eedd4803c8d74001e4497f5\"\n      }\n    ],\n    \"blogs\": [\n      {\n        \"published\": true,\n        \"tags\": [\n          \"5e495da7bc8d7d001ddbd7c5\",\n          \"5f02da709d8081001fd38fa4\",\n          \"5f03901b9d8081001fd38fa7\",\n          \"5f0390249d8081001fd38fa8\",\n          \"5f0390329d8081001fd38fa9\",\n          \"5f0390499d8081001fd38faa\"\n        ],\n        \"skills\": [\n          \"5f635c2e5ee4c9001d2b963c\",\n          \"5f635f8f5ee4c9001d2b966c\",\n          \"5f635f995ee4c9001d2b966d\",\n          \"5f635c185ee4c9001d2b963a\",\n          \"5f635c4f5ee4c9001d2b963f\",\n          \"5f635e935ee4c9001d2b9665\",\n          \"5f635b555ee4c9001d2b9631\",\n          \"5f635b6a5ee4c9001d2b9632\",\n          \"5f635ca45ee4c9001d2b9643\",\n          \"5f635c375ee4c9001d2b963d\",\n          \"5f635e625ee4c9001d2b9660\"\n        ],\n        \"_id\": \"5f0215c69d8081001fd38fa1\",\n        \"title\": \"Creating a rich web app that can be hosted from home\",\n        \"shortDescription\": \"A quick introduction into the various components of my personal website including jenkinsx, kubernetes, letsencrypt and more.\",\n        \"createdAt\": \"2020-07-05T18:02:46.731Z\",\n        \"updatedAt\": \"2021-02-26T22:37:08.645Z\",\n        \"__v\": 0,\n        \"image\": {\n          \"_id\": \"5f6616045ee4c9001d2b968a\",\n          \"name\": \"Website Icon.jpeg\",\n          \"alternativeText\": \"\",\n          \"caption\": \"\",\n          \"hash\": \"Website_Icon_727b161f01\",\n          \"ext\": \".jpeg\",\n          \"mime\": \"image/jpeg\",\n          \"size\": 48.93,\n          \"width\": 776,\n          \"height\": 542,\n          \"url\": \"/uploads/Website_Icon_727b161f01.jpeg\",\n          \"formats\": {\n            \"thumbnail\": {\n              \"name\": \"thumbnail_Website Icon.jpeg\",\n              \"hash\": \"thumbnail_Website_Icon_727b161f01\",\n              \"ext\": \".jpeg\",\n              \"mime\": \"image/jpeg\",\n              \"width\": 223,\n              \"height\": 156,\n              \"size\": 6.2,\n              \"path\": null,\n              \"url\": \"/uploads/thumbnail_Website_Icon_727b161f01.jpeg\"\n            },\n            \"medium\": {\n              \"name\": \"medium_Website Icon.jpeg\",\n              \"hash\": \"medium_Website_Icon_727b161f01\",\n              \"ext\": \".jpeg\",\n              \"mime\": \"image/jpeg\",\n              \"width\": 750,\n              \"height\": 524,\n              \"size\": 45.54,\n              \"path\": null,\n              \"url\": \"/uploads/medium_Website_Icon_727b161f01.jpeg\"\n            },\n            \"small\": {\n              \"name\": \"small_Website Icon.jpeg\",\n              \"hash\": \"small_Website_Icon_727b161f01\",\n              \"ext\": \".jpeg\",\n              \"mime\": \"image/jpeg\",\n              \"width\": 500,\n              \"height\": 349,\n              \"size\": 22.91,\n              \"path\": null,\n              \"url\": \"/uploads/small_Website_Icon_727b161f01.jpeg\"\n            }\n          },\n          \"provider\": \"local\",\n          \"related\": [\n            \"5f0215c69d8081001fd38fa1\"\n          ],\n          \"createdAt\": \"2020-09-19T14:30:28.441Z\",\n          \"updatedAt\": \"2021-02-21T19:31:52.126Z\",\n          \"__v\": 0,\n          \"created_by\": \"5e4839cd1c2d53001dcc0696\",\n          \"updated_by\": \"5e4839cd1c2d53001dcc0696\",\n          \"id\": \"5f6616045ee4c9001d2b968a\"\n        },\n        \"content\": \"I'm the kind of person that learns by doing - the more I do, the more it sinks in. Whilst attempting to keep my skills up to date, I had the idea of building a rich web application which would serve up my CV, and it could also double as a place to hone and demonstrate my skillsets in certain technologies. Eventually, I could even start blogging about these experiences. \\n\\nThe first thing I decided I would need would be a CMS (Content Management System). The content of my website would have to be dynamic, as I would like to keep my CV and blog up to date.  There were many options available here, but I finally settled on a headless CMS named ([strapi](https://strapi.io/)). Strapi would also require some sort of persistence layer, and  [mongodb](https://www.mongodb.com/ seemed to be a sensible choice.\\n\\nFor the web interface itself, there was a bit of competition between React and Angular. After spending years commercially working on Angular projects, I decided that React could be a good thing to learn and went with that.  \\n\\n```npx create-react-app my-app --template typescript``` is the command used to boostrap my react SPA (single page application) and I found a boostrap template from [here](https://wrapbootstrap.com/).\\n\\nSo far so good right ? I had picked the basic building blocks for building this dynamic CV/blog, but where would I run it ? I had a perfectly good iMac that was unused, and a fast enough internet connection. This app doesnt need to be highly available, as its just a little hobby app so this would suit well. I could use [ngrok](https://ngrok.com/) to make my app available to the internet, and I could use [Route 53](https://aws.amazon.com/route53/) to set up and configure my domain.\\n\\nKubernetes is a very popular way or running cloud native apps, so this was a pretty easy choice, the only issue was what flavour of it would work best on a mac. I started off with minikube, but started to have issues with persistent volumes, so eventually went with [kind (kubernetes in docker)](https://kind.sigs.k8s.io/). I could easily install nginx ingress controller, and it was super easy to configure.\\n\\nThe last thing to consider was how to deploy the individual components or services to the kubernetes cluster. One of my requirements was that I would want to make continual improvments to my app, so the deployment process must be as simple as possible. I would want to have git projects for each service,  build a container image, and deploy a helm chart (a helm chart is a collection of files that describe a related set of Kubernetes resources).  [Jenkins X](https://jenkins-x.io/) describes itself as *Jenkins X provides pipeline automation, built-in GitOps, and preview environments to help teams collaborate and accelerate their software delivery at any scale*. There was out of the box support for kubernetes flavours such as GKE (google cloud) and EKS (amazon web services), but a bit of customisation would be required if i wanted to run this on my local kubernetes cluster. This was easy enough and I was able to configure the following:\\n- [Harbor](https://goharbor.io/) as the container registry of choice\\n- [Cert Manager](https://cert-manager.io/) - configure cert manager to generate lets encrpt certificates using ACME challennges based on my use of AWS Route 53 for dns.\\n- Installed MongoDB in the control plane.\\n\\nOverall my initial architecture looked something like this:\\n\\n![Website V1](/uploads/Website_V1_c3889a1afa.jpeg)\\n\\n\\n*All source code for this app can be found here: (https://github.com/simonjamesrowe)*\",\n        \"updated_by\": \"5e4839cd1c2d53001dcc0696\",\n        \"id\": \"5f0215c69d8081001fd38fa1\"\n      },\n      {\n        \"published\": true,\n        \"tags\": [\n          \"5f02da709d8081001fd38fa4\",\n          \"5e495da7bc8d7d001ddbd7c5\"\n        ],\n        \"skills\": [\n          \"5f635c1e5ee4c9001d2b963b\",\n          \"5f635f8f5ee4c9001d2b966c\",\n          \"5f635c2e5ee4c9001d2b963c\",\n          \"5f635c4f5ee4c9001d2b963f\",\n          \"5f635b495ee4c9001d2b9630\",\n          \"5f635b555ee4c9001d2b9631\",\n          \"5f635c375ee4c9001d2b963d\"\n        ],\n        \"_id\": \"5feed34e67bdd6001e9c12ce\",\n        \"title\": \"Adding Custom Gradle 6 Build Pack to Jenkins X\",\n        \"shortDescription\": \"In this post we will look at how to add a new custom build pack to Jenkins X so we can support builds using Gradle 6 and JDK 11.\",\n        \"createdAt\": \"2021-01-02T07:46:22.753Z\",\n        \"updatedAt\": \"2021-02-26T22:36:56.990Z\",\n        \"__v\": 0,\n        \"created_by\": \"5e4839cd1c2d53001dcc0696\",\n        \"image\": {\n          \"_id\": \"5f6853535ee4c9001d2b96c1\",\n          \"name\": \"Gradle_logo.png\",\n          \"alternativeText\": \"\",\n          \"caption\": \"\",\n          \"hash\": \"Gradle_logo_eec2d0b60b\",\n          \"ext\": \".png\",\n          \"mime\": \"image/png\",\n          \"size\": 7.59,\n          \"width\": 876,\n          \"height\": 306,\n          \"url\": \"/uploads/Gradle_logo_eec2d0b60b.png\",\n          \"formats\": {\n            \"thumbnail\": {\n              \"name\": \"thumbnail_Gradle_logo.png\",\n              \"hash\": \"thumbnail_Gradle_logo_eec2d0b60b\",\n              \"ext\": \".png\",\n              \"mime\": \"image/png\",\n              \"width\": 245,\n              \"height\": 86,\n              \"size\": 6.94,\n              \"path\": null,\n              \"url\": \"/uploads/thumbnail_Gradle_logo_eec2d0b60b.png\"\n            },\n            \"medium\": {\n              \"name\": \"medium_Gradle_logo.png\",\n              \"hash\": \"medium_Gradle_logo_eec2d0b60b\",\n              \"ext\": \".png\",\n              \"mime\": \"image/png\",\n              \"width\": 750,\n              \"height\": 262,\n              \"size\": 25.22,\n              \"path\": null,\n              \"url\": \"/uploads/medium_Gradle_logo_eec2d0b60b.png\"\n            },\n            \"small\": {\n              \"name\": \"small_Gradle_logo.png\",\n              \"hash\": \"small_Gradle_logo_eec2d0b60b\",\n              \"ext\": \".png\",\n              \"mime\": \"image/png\",\n              \"width\": 500,\n              \"height\": 175,\n              \"size\": 15.87,\n              \"path\": null,\n              \"url\": \"/uploads/small_Gradle_logo_eec2d0b60b.png\"\n            }\n          },\n          \"provider\": \"local\",\n          \"related\": [\n            \"5f635c1e5ee4c9001d2b963b\",\n            \"5feed34e67bdd6001e9c12ce\"\n          ],\n          \"createdAt\": \"2020-09-21T07:16:35.326Z\",\n          \"updatedAt\": \"2021-01-01T07:46:22.759Z\",\n          \"__v\": 0,\n          \"created_by\": \"5e4839cd1c2d53001dcc0696\",\n          \"updated_by\": \"5e4839cd1c2d53001dcc0696\",\n          \"id\": \"5f6853535ee4c9001d2b96c1\"\n        },\n        \"updated_by\": \"5e4839cd1c2d53001dcc0696\",\n        \"content\": \"Jenkins X supports quite a lot of build packs out of the box, but support for gradle build packs is quite limited. The [jenkins-x-kubernetes](https://github.com/jenkins-x-buildpacks/jenkins-x-kubernetes) does contain a gradle build pack, but the builder image only contains gradle 5 and JDK 8. Seeing as I wanted to use spring boot 2.3.3 (which requires gradle 6) and above to build the microservices that power this web application, and I also want to use kotlin and java 11, I will need to add this build pack myself.\\n\\nThe first thing I will need to do is provide an image for this. Luckily this is pretty easy as I can just copy the existing gradle builder image from [here](https://github.com/jenkins-x/jenkins-x-builders/blob/master/builder-gradle5/Dockerfile) and change a few things:\\n\\nHere is the result (all source code can also be found [here](https://github.com/simonjamesrowe/jenkinsx-buildpacks/))\\n```docker\\nFROM gcr.io/jenkinsxio/builder-base:0.0.86\\n\\nCMD [\\\"gradle\\\"]\\n\\nENV ANDROID_VERSION 4333796\\nENV ANDROID_HOME /opt/android-sdk-linux\\nENV PATH ${PATH}:${ANDROID_HOME}/tools:${ANDROID_HOME}/tools/bin:${ANDROID_HOME}/platform-tools\\n\\nRUN yum install -y java-11-openjdk-devel\\n\\nENV GRADLE_HOME /opt/gradle\\nENV GRADLE_VERSION 6.5.1\\n\\nRUN set -o errexit -o nounset \\\\\\n    && echo \\\"Set URLS\\\" \\\\\\n    && GRADLE_URL=\\\"https://services.gradle.org/distributions/gradle-${GRADLE_VERSION}-bin.zip\\\" \\\\\\n    && SHA256_URL=\\\"${GRADLE_URL}.sha256\\\" \\\\\\n    \\\\\\n    && echo \\\"Determine sha256sum\\\" \\\\\\n    && GRADLE_DOWNLOAD_SHA256=$(curl -sLf \\\"${SHA256_URL}\\\") \\\\\\n    \\\\\\n\\t&& echo \\\"Downloading Gradle\\\" \\\\\\n\\t&& wget -q -O gradle.zip \\\"${GRADLE_URL}\\\" \\\\\\n\\t\\\\\\n\\t&& echo \\\"Checking download hash\\\" \\\\\\n\\t&& echo \\\"${GRADLE_DOWNLOAD_SHA256} *gradle.zip\\\" | sha256sum -c - \\\\\\n\\t\\\\\\n\\t&& echo \\\"Installing Gradle\\\" \\\\\\n\\t&& unzip -q gradle.zip \\\\\\n\\t&& rm gradle.zip \\\\\\n\\t&& mkdir -p /opt \\\\\\n\\t&& mv \\\"gradle-${GRADLE_VERSION}\\\" \\\"${GRADLE_HOME}/\\\" \\\\\\n\\t&& ln -s \\\"${GRADLE_HOME}/bin/gradle\\\" /usr/bin/gradle\\n\\nRUN gradle --version\\n\\n# jx\\nENV JX_VERSION 2.1.153\\nRUN curl -f -L https://github.com/jenkins-x/jx/releases/download/v${JX_VERSION}/jx-linux-amd64.tar.gz | tar xzv && \\\\\\n  mv jx /usr/bin/\\n```\\n\\nThe image can be built and pushed with the following commands (we will also need docker login)\\n```shell\\ndocker build -t simonjamesrowe/gradle6-java11:2020-26-12 .\\ndocker push simonjamesrowe/gradle6-java11:2020-26-12\\n```\\n\\nNow that the image has been pushed to the container registry the next thing we will need to think about is defining the build pod template. This template is something which jenkins x and tekton use to spin up pods in kubernetes which run these builds. In order to do this we will need to make some modifications to the jenkins-x control plane, which has its own gitops repo (which can be found [here](https://github.com/simonjamesrowe/environment-simonjamesrowe-dev)). \\n\\nI want to define a kubernetes secret that contains a gradle initialisation script that can be used to define where our nexus repository lives, and also credentials for publishing artefacts to this repository. The following helm values can be defined in ```env/values.tmpl.yaml```:\\n```yaml\\ngradle:\\n  initScript: |-\\n    allprojects {\\n\\n        apply plugin: 'maven-publish'\\n\\n        repositories {\\n            maven {\\n                url \\\"http://nexus/repository/maven-group/\\\"\\n            }\\n            mavenCentral()\\n        }\\n\\n      publishing {\\n            repositories {\\n                maven {\\n                    def releasesRepoUrl = \\\"http://nexus/repository/maven-releases/\\\"\\n                    def snapshotsRepoUrl = \\\"http://nexus/repository/maven-snapshots/\\\"\\n                    url = version.endsWith('SNAPSHOT') ? snapshotsRepoUrl : releasesRepoUrl\\n                    credentials {\\n                        username \\\"{{ .Parameters.adminUser.username }}\\\"\\n                        password \\\"{{ .Parameters.adminUser.password }}\\\"\\n                    }\\n                }\\n            }\\n        }\\n\\n       configurations.all {\\n          resolutionStrategy.cacheChangingModulesFor 0, 'seconds'\\n          resolutionStrategy.cacheDynamicVersionsFor 0, 'seconds'\\n       }\\n    }\\n```\\nThen the secret can be defined in ```env/templates/jenkins-gradle-secret.yaml```:\\n```yaml\\napiVersion: v1\\nkind: Secret\\ntype: Opaque\\nmetadata:\\n  name: jenkins-gradle-init\\ndata:\\n  init.gradle: {{ .Values.gradle.initScript | b64enc }}\\n```\\n\\nFor the build pod template, this will require some more values to be defined in ```env/jenkins-x-platform/values.tmpl.yaml```:\\n```yaml\\njenkins:\\n  Agent:\\n    PodTemplates:\\n      Gradle6-Java11:\\n        Name: gradle6-java11\\n        Label: jenkins-gradle6-java11\\n        DevPodPorts: 5005, 8080\\n        volumes:\\n          - type: Secret\\n            secretName: jenkins-docker-cfg\\n            mountPath: /home/jenkins/.docker\\n          - type: Secret\\n            secretName: jenkins-release-gpg\\n            mountPath: /home/jenkins/.gnupg\\n          - type: Secret\\n            secretName: jenkins-gradle-init\\n            mountPath: /home/jenkins/.gradle\\n        EnvVars:\\n          GIT_COMMITTER_EMAIL: jenkins-x@googlegroups.com\\n          GIT_AUTHOR_EMAIL: jenkins-x@googlegroups.com\\n          GIT_AUTHOR_NAME: jenkins-x-bot\\n          GIT_COMMITTER_NAME: jenkins-x-bot\\n          XDG_CONFIG_HOME: /home/jenkins\\n          DOCKER_CONFIG: /home/jenkins/.docker/\\n        ServiceAccount: jenkins\\n        Containers:\\n          Gradle6-Java11:\\n            Image: simonjamesrowe/gradle6-java11:2020-12-26\\n            Privileged: true\\n            RequestCpu: \\\"400m\\\"\\n            RequestMemory: \\\"512Mi\\\"\\n            LimitCpu: \\\"1\\\"\\n            Command: \\\"/bin/sh -c\\\"\\n            Args: \\\"cat\\\"\\n            Tty: true\\n```\\n\\nThe next thing to do is define the tekton pipeline. I have another my github repo containing buildpacks [jenkinsx-buildpacks](https://github.com/simonjamesrowe/jenkinsx-buildpacks). In ```packs/gradle6-java11/pipeline.yaml, we define the tekton pipeline:\\n```yaml\\nagent:\\n  label: jenkins-gradle6-java11\\n  container: gradle6-java11\\npipelines:\\n  pullRequest:\\n    build:\\n      steps:\\n        - sh: echo \\\\$(jx-release-version)-SNAPSHOT > VERSION\\n          name: next-version\\n          comment: so we can retrieve the version in later steps\\n        - sh: gradle -I /home/jenkins/.gradle/init.gradle clean build publish -Pversion=\\\\$(cat VERSION) --info\\n          name: gradle-build\\n  release:\\n    setVersion:\\n      steps:\\n        - sh: echo \\\\$(jx-release-version) > VERSION\\n          name: next-version\\n          comment: so we can retrieve the version in later step\\n        - sh: jx step tag --version \\\\$(cat VERSION)\\n          name: tag-version\\n    build:\\n      steps:\\n        - sh: gradle -I /home/jenkins/.gradle/init.gradle clean build publish -Pversion=\\\\$(cat VERSION) --info\\n          name: gradle-build\\n```\\nPay attention to the ```agent.label``` which specifies the build pod template to use (i.e. the one that has been defined above).  Here we also have 2 pipelines, one for a pull request that simply publishes a snapshot to the nexus repository (which is part of the jenkins x control plane), and another one for master. Also you can see that ```-I /home/jenkins/.gradle/init.gradle``` is also included so that we can run the initialisation script that we defined in a k8s secret above. In this example the secret is mounted into the container as a volume.\\n\\nLastly, we will need to tell jx about the git repository that we are using to host our build packs. This can be simply added to the ```jx-requirements.yml``` file\\n```yaml\\nbuildPacks:\\n  buildPackLibrary:\\n    gitRef: master\\n    gitURL: https://github.com/simonjamesrowe/jenkinsx-buildpacks.git\\n    name: simonjamesrowe\\n```\\nAnd of course we will need to run ```jx boot``` to update our control plane with all of the changes that we have made:\\n- gradle init script k8s secret\\n- build pod template\\n- custom build pack library configuration.\\n\\nNow we can use this build pack in order to build [https://github.com/simonjamesrowe/component-test](https://github.com/simonjamesrowe/component-test).  See ```jenkins-x.yml```:\\n```yaml\\nbuildPack: gradle6-java11\\n```\\n\\nWe can see that this project now deploys artefacts to nexus:\\n![nexus-component-test.png](/uploads/nexus_component_test_7e8f5aea69.png)\\n\",\n        \"id\": \"5feed34e67bdd6001e9c12ce\"\n      }\n    ],\n    \"id\": \"5f635c2e5ee4c9001d2b963c\"\n  },\n  {\n    \"includeOnResume\": true,\n    \"_id\": \"5f635c375ee4c9001d2b963d\",\n    \"name\": \"Jenkins X\",\n    \"rating\": 9,\n    \"createdAt\": \"2020-09-17T12:53:11.954Z\",\n    \"updatedAt\": \"2021-02-26T22:36:56.993Z\",\n    \"__v\": 0,\n    \"created_by\": {\n      \"_id\": \"5e4839cd1c2d53001dcc0696\",\n      \"username\": \"simon.rowe@gmail.com\",\n      \"createdAt\": \"2020-02-15T18:34:53.155Z\",\n      \"updatedAt\": \"2020-09-17T07:45:13.526Z\",\n      \"__v\": 0,\n      \"id\": \"5e4839cd1c2d53001dcc0696\"\n    },\n    \"updated_by\": {\n      \"_id\": \"5e4839cd1c2d53001dcc0696\",\n      \"username\": \"simon.rowe@gmail.com\",\n      \"createdAt\": \"2020-02-15T18:34:53.155Z\",\n      \"updatedAt\": \"2020-09-17T07:45:13.526Z\",\n      \"__v\": 0,\n      \"id\": \"5e4839cd1c2d53001dcc0696\"\n    },\n    \"image\": {\n      \"_id\": \"5f6616545ee4c9001d2b9690\",\n      \"name\": \"jenkinsx.png\",\n      \"alternativeText\": \"\",\n      \"caption\": \"\",\n      \"hash\": \"jenkinsx_d56c6fea15\",\n      \"ext\": \".png\",\n      \"mime\": \"image/png\",\n      \"size\": 25.16,\n      \"width\": 696,\n      \"height\": 398,\n      \"url\": \"/uploads/jenkinsx_d56c6fea15.png\",\n      \"formats\": {\n        \"thumbnail\": {\n          \"name\": \"thumbnail_jenkinsx.png\",\n          \"hash\": \"thumbnail_jenkinsx_d56c6fea15\",\n          \"ext\": \".png\",\n          \"mime\": \"image/png\",\n          \"width\": 245,\n          \"height\": 140,\n          \"size\": 9.18,\n          \"path\": null,\n          \"url\": \"/uploads/thumbnail_jenkinsx_d56c6fea15.png\"\n        },\n        \"small\": {\n          \"name\": \"small_jenkinsx.png\",\n          \"hash\": \"small_jenkinsx_d56c6fea15\",\n          \"ext\": \".png\",\n          \"mime\": \"image/png\",\n          \"width\": 500,\n          \"height\": 286,\n          \"size\": 22.51,\n          \"path\": null,\n          \"url\": \"/uploads/small_jenkinsx_d56c6fea15.png\"\n        }\n      },\n      \"provider\": \"local\",\n      \"related\": [\n        \"5f0413739d8081001fd38fb6\",\n        \"5f635c375ee4c9001d2b963d\"\n      ],\n      \"createdAt\": \"2020-09-19T14:31:48.129Z\",\n      \"updatedAt\": \"2020-09-21T07:17:01.500Z\",\n      \"__v\": 0,\n      \"created_by\": \"5e4839cd1c2d53001dcc0696\",\n      \"updated_by\": \"5e4839cd1c2d53001dcc0696\",\n      \"id\": \"5f6616545ee4c9001d2b9690\"\n    },\n    \"description\": \"Jenkins X provides pipeline automation, built-in GitOps, and preview environments to help teams collaborate and accelerate their software delivery at any scale. Jenkins X builds upon the following core components:\\n- Kubernetes and Docker\\n- Helm and Draft\",\n    \"order\": 7,\n    \"jobs\": [\n      {\n        \"education\": false,\n        \"includeOnResume\": true,\n        \"attachments\": [],\n        \"skills\": [\n          \"5f635b7e5ee4c9001d2b9633\",\n          \"5f635b8b5ee4c9001d2b9634\",\n          \"5f635bf05ee4c9001d2b9637\",\n          \"5f635c0f5ee4c9001d2b9639\",\n          \"5f635c185ee4c9001d2b963a\",\n          \"5f635c1e5ee4c9001d2b963b\",\n          \"5f635c005ee4c9001d2b9638\",\n          \"5f635c2e5ee4c9001d2b963c\",\n          \"5f635c4f5ee4c9001d2b963f\",\n          \"5f635c675ee4c9001d2b9640\",\n          \"5f635c745ee4c9001d2b9641\",\n          \"5f635c845ee4c9001d2b9642\",\n          \"5f635ceb5ee4c9001d2b9647\",\n          \"5f635cf75ee4c9001d2b9648\",\n          \"5f635d045ee4c9001d2b9649\",\n          \"5f635d115ee4c9001d2b964a\",\n          \"5f635d1e5ee4c9001d2b964b\",\n          \"5f635d2c5ee4c9001d2b964c\",\n          \"5f635d425ee4c9001d2b964d\",\n          \"5f635d905ee4c9001d2b9651\",\n          \"5f635db55ee4c9001d2b9654\",\n          \"5f635dde5ee4c9001d2b9658\",\n          \"5f635e235ee4c9001d2b965b\",\n          \"5f635e2c5ee4c9001d2b965c\",\n          \"5f635e935ee4c9001d2b9665\",\n          \"5f635ef05ee4c9001d2b9669\",\n          \"5f635f8f5ee4c9001d2b966c\",\n          \"5f635f995ee4c9001d2b966d\",\n          \"5f635f025ee4c9001d2b966b\",\n          \"5f63608d5ee4c9001d2b966e\",\n          \"602234ba9dc383001e945dd6\",\n          \"5f635b555ee4c9001d2b9631\",\n          \"5f635b6a5ee4c9001d2b9632\",\n          \"5f635ca45ee4c9001d2b9643\",\n          \"5f635eae5ee4c9001d2b9667\",\n          \"5f635ef75ee4c9001d2b966a\",\n          \"5f635c375ee4c9001d2b963d\",\n          \"5f635e625ee4c9001d2b9660\",\n          \"5f635dd35ee4c9001d2b9657\",\n          \"5f635bb85ee4c9001d2b9635\",\n          \"60291c5d9dc383001e945de2\"\n        ],\n        \"_id\": \"5eedd4803c8d74001e4497f5\",\n        \"startDate\": \"2020-05-04\",\n        \"company\": \"Y-Tree\",\n        \"companyUrl\": \"https://y-tree.com/\",\n        \"title\": \"Senior Developer\",\n        \"createdAt\": \"2020-06-20T09:18:56.102Z\",\n        \"updatedAt\": \"2021-02-26T22:39:33.470Z\",\n        \"__v\": 0,\n        \"companyImage\": {\n          \"_id\": \"5eedd46e3c8d74001e4497f4\",\n          \"name\": \"YTree\",\n          \"alternativeText\": \"\",\n          \"caption\": \"\",\n          \"hash\": \"YT_ree_50b80993fc\",\n          \"ext\": \".png\",\n          \"mime\": \"image/png\",\n          \"size\": 6.33,\n          \"width\": 200,\n          \"height\": 200,\n          \"url\": \"/uploads/YT_ree_50b80993fc.png\",\n          \"formats\": {\n            \"thumbnail\": {\n              \"hash\": \"thumbnail_YT_ree_50b80993fc\",\n              \"ext\": \".png\",\n              \"mime\": \"image/png\",\n              \"width\": 156,\n              \"height\": 156,\n              \"size\": 10.07,\n              \"path\": null,\n              \"url\": \"/uploads/thumbnail_YT_ree_50b80993fc.png\"\n            }\n          },\n          \"provider\": \"local\",\n          \"related\": [\n            \"5eedd4803c8d74001e4497f5\"\n          ],\n          \"createdAt\": \"2020-06-20T09:18:38.337Z\",\n          \"updatedAt\": \"2020-06-20T09:18:56.106Z\",\n          \"__v\": 0,\n          \"id\": \"5eedd46e3c8d74001e4497f4\"\n        },\n        \"shortDescription\": \"Lead Developer of exciting fin-tech platform composed of event-driven and restful microservices.\",\n        \"updated_by\": \"5e4839cd1c2d53001dcc0696\",\n        \"longDescription\": \"Lead Developer of exciting fin-tech platform composed of event-driven and restful microservices.\\n\\nHeavily involved in transforming a monolithic application into a suite of fault-tolerant event-driven and restful microservices written with Kotlin and Spring Boot. \\n\\nLead a cloud-native transformation by improving the path to production of services by introducing a number of tools and technologies to aide with continuous delivery of features:\\n\\n-  Cucumber for integration testing\\n-  Pact for contract testing (consumer-driven contracts for both synchronous (HTTP) and event-driven (Kafka) communication)\\n-  Test Containers for component testing\\n-  Use of Spring Cloud Kubernetes and Spring Cloud vault for environment-specific configuration (as per the [12-factor app](https://12factor.net/))\\n- Jenkin X pipelines to build and deploy helm charts for each service and environment.\\n- Keycloak for identity management.\\n- Rolling updates of k8s deployments for no-outage releases.\\n\\nAlso contributed to the YTree technical blog sharing knowledge amongst the team in the form of both written blogs and recorded videos. \\n\\n\\n\\n\\n\\n\",\n        \"location\": \"London\",\n        \"id\": \"5eedd4803c8d74001e4497f5\"\n      }\n    ],\n    \"blogs\": [\n      {\n        \"published\": true,\n        \"tags\": [\n          \"5e495da7bc8d7d001ddbd7c5\",\n          \"5f02da709d8081001fd38fa4\",\n          \"5f03901b9d8081001fd38fa7\",\n          \"5f0390249d8081001fd38fa8\",\n          \"5f0390329d8081001fd38fa9\",\n          \"5f0390499d8081001fd38faa\"\n        ],\n        \"skills\": [\n          \"5f635c2e5ee4c9001d2b963c\",\n          \"5f635f8f5ee4c9001d2b966c\",\n          \"5f635f995ee4c9001d2b966d\",\n          \"5f635c185ee4c9001d2b963a\",\n          \"5f635c4f5ee4c9001d2b963f\",\n          \"5f635e935ee4c9001d2b9665\",\n          \"5f635b555ee4c9001d2b9631\",\n          \"5f635b6a5ee4c9001d2b9632\",\n          \"5f635ca45ee4c9001d2b9643\",\n          \"5f635c375ee4c9001d2b963d\",\n          \"5f635e625ee4c9001d2b9660\"\n        ],\n        \"_id\": \"5f0215c69d8081001fd38fa1\",\n        \"title\": \"Creating a rich web app that can be hosted from home\",\n        \"shortDescription\": \"A quick introduction into the various components of my personal website including jenkinsx, kubernetes, letsencrypt and more.\",\n        \"createdAt\": \"2020-07-05T18:02:46.731Z\",\n        \"updatedAt\": \"2021-02-26T22:37:08.645Z\",\n        \"__v\": 0,\n        \"image\": {\n          \"_id\": \"5f6616045ee4c9001d2b968a\",\n          \"name\": \"Website Icon.jpeg\",\n          \"alternativeText\": \"\",\n          \"caption\": \"\",\n          \"hash\": \"Website_Icon_727b161f01\",\n          \"ext\": \".jpeg\",\n          \"mime\": \"image/jpeg\",\n          \"size\": 48.93,\n          \"width\": 776,\n          \"height\": 542,\n          \"url\": \"/uploads/Website_Icon_727b161f01.jpeg\",\n          \"formats\": {\n            \"thumbnail\": {\n              \"name\": \"thumbnail_Website Icon.jpeg\",\n              \"hash\": \"thumbnail_Website_Icon_727b161f01\",\n              \"ext\": \".jpeg\",\n              \"mime\": \"image/jpeg\",\n              \"width\": 223,\n              \"height\": 156,\n              \"size\": 6.2,\n              \"path\": null,\n              \"url\": \"/uploads/thumbnail_Website_Icon_727b161f01.jpeg\"\n            },\n            \"medium\": {\n              \"name\": \"medium_Website Icon.jpeg\",\n              \"hash\": \"medium_Website_Icon_727b161f01\",\n              \"ext\": \".jpeg\",\n              \"mime\": \"image/jpeg\",\n              \"width\": 750,\n              \"height\": 524,\n              \"size\": 45.54,\n              \"path\": null,\n              \"url\": \"/uploads/medium_Website_Icon_727b161f01.jpeg\"\n            },\n            \"small\": {\n              \"name\": \"small_Website Icon.jpeg\",\n              \"hash\": \"small_Website_Icon_727b161f01\",\n              \"ext\": \".jpeg\",\n              \"mime\": \"image/jpeg\",\n              \"width\": 500,\n              \"height\": 349,\n              \"size\": 22.91,\n              \"path\": null,\n              \"url\": \"/uploads/small_Website_Icon_727b161f01.jpeg\"\n            }\n          },\n          \"provider\": \"local\",\n          \"related\": [\n            \"5f0215c69d8081001fd38fa1\"\n          ],\n          \"createdAt\": \"2020-09-19T14:30:28.441Z\",\n          \"updatedAt\": \"2021-02-21T19:31:52.126Z\",\n          \"__v\": 0,\n          \"created_by\": \"5e4839cd1c2d53001dcc0696\",\n          \"updated_by\": \"5e4839cd1c2d53001dcc0696\",\n          \"id\": \"5f6616045ee4c9001d2b968a\"\n        },\n        \"content\": \"I'm the kind of person that learns by doing - the more I do, the more it sinks in. Whilst attempting to keep my skills up to date, I had the idea of building a rich web application which would serve up my CV, and it could also double as a place to hone and demonstrate my skillsets in certain technologies. Eventually, I could even start blogging about these experiences. \\n\\nThe first thing I decided I would need would be a CMS (Content Management System). The content of my website would have to be dynamic, as I would like to keep my CV and blog up to date.  There were many options available here, but I finally settled on a headless CMS named ([strapi](https://strapi.io/)). Strapi would also require some sort of persistence layer, and  [mongodb](https://www.mongodb.com/ seemed to be a sensible choice.\\n\\nFor the web interface itself, there was a bit of competition between React and Angular. After spending years commercially working on Angular projects, I decided that React could be a good thing to learn and went with that.  \\n\\n```npx create-react-app my-app --template typescript``` is the command used to boostrap my react SPA (single page application) and I found a boostrap template from [here](https://wrapbootstrap.com/).\\n\\nSo far so good right ? I had picked the basic building blocks for building this dynamic CV/blog, but where would I run it ? I had a perfectly good iMac that was unused, and a fast enough internet connection. This app doesnt need to be highly available, as its just a little hobby app so this would suit well. I could use [ngrok](https://ngrok.com/) to make my app available to the internet, and I could use [Route 53](https://aws.amazon.com/route53/) to set up and configure my domain.\\n\\nKubernetes is a very popular way or running cloud native apps, so this was a pretty easy choice, the only issue was what flavour of it would work best on a mac. I started off with minikube, but started to have issues with persistent volumes, so eventually went with [kind (kubernetes in docker)](https://kind.sigs.k8s.io/). I could easily install nginx ingress controller, and it was super easy to configure.\\n\\nThe last thing to consider was how to deploy the individual components or services to the kubernetes cluster. One of my requirements was that I would want to make continual improvments to my app, so the deployment process must be as simple as possible. I would want to have git projects for each service,  build a container image, and deploy a helm chart (a helm chart is a collection of files that describe a related set of Kubernetes resources).  [Jenkins X](https://jenkins-x.io/) describes itself as *Jenkins X provides pipeline automation, built-in GitOps, and preview environments to help teams collaborate and accelerate their software delivery at any scale*. There was out of the box support for kubernetes flavours such as GKE (google cloud) and EKS (amazon web services), but a bit of customisation would be required if i wanted to run this on my local kubernetes cluster. This was easy enough and I was able to configure the following:\\n- [Harbor](https://goharbor.io/) as the container registry of choice\\n- [Cert Manager](https://cert-manager.io/) - configure cert manager to generate lets encrpt certificates using ACME challennges based on my use of AWS Route 53 for dns.\\n- Installed MongoDB in the control plane.\\n\\nOverall my initial architecture looked something like this:\\n\\n![Website V1](/uploads/Website_V1_c3889a1afa.jpeg)\\n\\n\\n*All source code for this app can be found here: (https://github.com/simonjamesrowe)*\",\n        \"updated_by\": \"5e4839cd1c2d53001dcc0696\",\n        \"id\": \"5f0215c69d8081001fd38fa1\"\n      },\n      {\n        \"published\": true,\n        \"tags\": [\n          \"5f02da709d8081001fd38fa4\",\n          \"5e495da7bc8d7d001ddbd7c5\"\n        ],\n        \"skills\": [\n          \"5f635c1e5ee4c9001d2b963b\",\n          \"5f635f8f5ee4c9001d2b966c\",\n          \"5f635c2e5ee4c9001d2b963c\",\n          \"5f635c4f5ee4c9001d2b963f\",\n          \"5f635b495ee4c9001d2b9630\",\n          \"5f635b555ee4c9001d2b9631\",\n          \"5f635c375ee4c9001d2b963d\"\n        ],\n        \"_id\": \"5feed34e67bdd6001e9c12ce\",\n        \"title\": \"Adding Custom Gradle 6 Build Pack to Jenkins X\",\n        \"shortDescription\": \"In this post we will look at how to add a new custom build pack to Jenkins X so we can support builds using Gradle 6 and JDK 11.\",\n        \"createdAt\": \"2021-01-02T07:46:22.753Z\",\n        \"updatedAt\": \"2021-02-26T22:36:56.990Z\",\n        \"__v\": 0,\n        \"created_by\": \"5e4839cd1c2d53001dcc0696\",\n        \"image\": {\n          \"_id\": \"5f6853535ee4c9001d2b96c1\",\n          \"name\": \"Gradle_logo.png\",\n          \"alternativeText\": \"\",\n          \"caption\": \"\",\n          \"hash\": \"Gradle_logo_eec2d0b60b\",\n          \"ext\": \".png\",\n          \"mime\": \"image/png\",\n          \"size\": 7.59,\n          \"width\": 876,\n          \"height\": 306,\n          \"url\": \"/uploads/Gradle_logo_eec2d0b60b.png\",\n          \"formats\": {\n            \"thumbnail\": {\n              \"name\": \"thumbnail_Gradle_logo.png\",\n              \"hash\": \"thumbnail_Gradle_logo_eec2d0b60b\",\n              \"ext\": \".png\",\n              \"mime\": \"image/png\",\n              \"width\": 245,\n              \"height\": 86,\n              \"size\": 6.94,\n              \"path\": null,\n              \"url\": \"/uploads/thumbnail_Gradle_logo_eec2d0b60b.png\"\n            },\n            \"medium\": {\n              \"name\": \"medium_Gradle_logo.png\",\n              \"hash\": \"medium_Gradle_logo_eec2d0b60b\",\n              \"ext\": \".png\",\n              \"mime\": \"image/png\",\n              \"width\": 750,\n              \"height\": 262,\n              \"size\": 25.22,\n              \"path\": null,\n              \"url\": \"/uploads/medium_Gradle_logo_eec2d0b60b.png\"\n            },\n            \"small\": {\n              \"name\": \"small_Gradle_logo.png\",\n              \"hash\": \"small_Gradle_logo_eec2d0b60b\",\n              \"ext\": \".png\",\n              \"mime\": \"image/png\",\n              \"width\": 500,\n              \"height\": 175,\n              \"size\": 15.87,\n              \"path\": null,\n              \"url\": \"/uploads/small_Gradle_logo_eec2d0b60b.png\"\n            }\n          },\n          \"provider\": \"local\",\n          \"related\": [\n            \"5f635c1e5ee4c9001d2b963b\",\n            \"5feed34e67bdd6001e9c12ce\"\n          ],\n          \"createdAt\": \"2020-09-21T07:16:35.326Z\",\n          \"updatedAt\": \"2021-01-01T07:46:22.759Z\",\n          \"__v\": 0,\n          \"created_by\": \"5e4839cd1c2d53001dcc0696\",\n          \"updated_by\": \"5e4839cd1c2d53001dcc0696\",\n          \"id\": \"5f6853535ee4c9001d2b96c1\"\n        },\n        \"updated_by\": \"5e4839cd1c2d53001dcc0696\",\n        \"content\": \"Jenkins X supports quite a lot of build packs out of the box, but support for gradle build packs is quite limited. The [jenkins-x-kubernetes](https://github.com/jenkins-x-buildpacks/jenkins-x-kubernetes) does contain a gradle build pack, but the builder image only contains gradle 5 and JDK 8. Seeing as I wanted to use spring boot 2.3.3 (which requires gradle 6) and above to build the microservices that power this web application, and I also want to use kotlin and java 11, I will need to add this build pack myself.\\n\\nThe first thing I will need to do is provide an image for this. Luckily this is pretty easy as I can just copy the existing gradle builder image from [here](https://github.com/jenkins-x/jenkins-x-builders/blob/master/builder-gradle5/Dockerfile) and change a few things:\\n\\nHere is the result (all source code can also be found [here](https://github.com/simonjamesrowe/jenkinsx-buildpacks/))\\n```docker\\nFROM gcr.io/jenkinsxio/builder-base:0.0.86\\n\\nCMD [\\\"gradle\\\"]\\n\\nENV ANDROID_VERSION 4333796\\nENV ANDROID_HOME /opt/android-sdk-linux\\nENV PATH ${PATH}:${ANDROID_HOME}/tools:${ANDROID_HOME}/tools/bin:${ANDROID_HOME}/platform-tools\\n\\nRUN yum install -y java-11-openjdk-devel\\n\\nENV GRADLE_HOME /opt/gradle\\nENV GRADLE_VERSION 6.5.1\\n\\nRUN set -o errexit -o nounset \\\\\\n    && echo \\\"Set URLS\\\" \\\\\\n    && GRADLE_URL=\\\"https://services.gradle.org/distributions/gradle-${GRADLE_VERSION}-bin.zip\\\" \\\\\\n    && SHA256_URL=\\\"${GRADLE_URL}.sha256\\\" \\\\\\n    \\\\\\n    && echo \\\"Determine sha256sum\\\" \\\\\\n    && GRADLE_DOWNLOAD_SHA256=$(curl -sLf \\\"${SHA256_URL}\\\") \\\\\\n    \\\\\\n\\t&& echo \\\"Downloading Gradle\\\" \\\\\\n\\t&& wget -q -O gradle.zip \\\"${GRADLE_URL}\\\" \\\\\\n\\t\\\\\\n\\t&& echo \\\"Checking download hash\\\" \\\\\\n\\t&& echo \\\"${GRADLE_DOWNLOAD_SHA256} *gradle.zip\\\" | sha256sum -c - \\\\\\n\\t\\\\\\n\\t&& echo \\\"Installing Gradle\\\" \\\\\\n\\t&& unzip -q gradle.zip \\\\\\n\\t&& rm gradle.zip \\\\\\n\\t&& mkdir -p /opt \\\\\\n\\t&& mv \\\"gradle-${GRADLE_VERSION}\\\" \\\"${GRADLE_HOME}/\\\" \\\\\\n\\t&& ln -s \\\"${GRADLE_HOME}/bin/gradle\\\" /usr/bin/gradle\\n\\nRUN gradle --version\\n\\n# jx\\nENV JX_VERSION 2.1.153\\nRUN curl -f -L https://github.com/jenkins-x/jx/releases/download/v${JX_VERSION}/jx-linux-amd64.tar.gz | tar xzv && \\\\\\n  mv jx /usr/bin/\\n```\\n\\nThe image can be built and pushed with the following commands (we will also need docker login)\\n```shell\\ndocker build -t simonjamesrowe/gradle6-java11:2020-26-12 .\\ndocker push simonjamesrowe/gradle6-java11:2020-26-12\\n```\\n\\nNow that the image has been pushed to the container registry the next thing we will need to think about is defining the build pod template. This template is something which jenkins x and tekton use to spin up pods in kubernetes which run these builds. In order to do this we will need to make some modifications to the jenkins-x control plane, which has its own gitops repo (which can be found [here](https://github.com/simonjamesrowe/environment-simonjamesrowe-dev)). \\n\\nI want to define a kubernetes secret that contains a gradle initialisation script that can be used to define where our nexus repository lives, and also credentials for publishing artefacts to this repository. The following helm values can be defined in ```env/values.tmpl.yaml```:\\n```yaml\\ngradle:\\n  initScript: |-\\n    allprojects {\\n\\n        apply plugin: 'maven-publish'\\n\\n        repositories {\\n            maven {\\n                url \\\"http://nexus/repository/maven-group/\\\"\\n            }\\n            mavenCentral()\\n        }\\n\\n      publishing {\\n            repositories {\\n                maven {\\n                    def releasesRepoUrl = \\\"http://nexus/repository/maven-releases/\\\"\\n                    def snapshotsRepoUrl = \\\"http://nexus/repository/maven-snapshots/\\\"\\n                    url = version.endsWith('SNAPSHOT') ? snapshotsRepoUrl : releasesRepoUrl\\n                    credentials {\\n                        username \\\"{{ .Parameters.adminUser.username }}\\\"\\n                        password \\\"{{ .Parameters.adminUser.password }}\\\"\\n                    }\\n                }\\n            }\\n        }\\n\\n       configurations.all {\\n          resolutionStrategy.cacheChangingModulesFor 0, 'seconds'\\n          resolutionStrategy.cacheDynamicVersionsFor 0, 'seconds'\\n       }\\n    }\\n```\\nThen the secret can be defined in ```env/templates/jenkins-gradle-secret.yaml```:\\n```yaml\\napiVersion: v1\\nkind: Secret\\ntype: Opaque\\nmetadata:\\n  name: jenkins-gradle-init\\ndata:\\n  init.gradle: {{ .Values.gradle.initScript | b64enc }}\\n```\\n\\nFor the build pod template, this will require some more values to be defined in ```env/jenkins-x-platform/values.tmpl.yaml```:\\n```yaml\\njenkins:\\n  Agent:\\n    PodTemplates:\\n      Gradle6-Java11:\\n        Name: gradle6-java11\\n        Label: jenkins-gradle6-java11\\n        DevPodPorts: 5005, 8080\\n        volumes:\\n          - type: Secret\\n            secretName: jenkins-docker-cfg\\n            mountPath: /home/jenkins/.docker\\n          - type: Secret\\n            secretName: jenkins-release-gpg\\n            mountPath: /home/jenkins/.gnupg\\n          - type: Secret\\n            secretName: jenkins-gradle-init\\n            mountPath: /home/jenkins/.gradle\\n        EnvVars:\\n          GIT_COMMITTER_EMAIL: jenkins-x@googlegroups.com\\n          GIT_AUTHOR_EMAIL: jenkins-x@googlegroups.com\\n          GIT_AUTHOR_NAME: jenkins-x-bot\\n          GIT_COMMITTER_NAME: jenkins-x-bot\\n          XDG_CONFIG_HOME: /home/jenkins\\n          DOCKER_CONFIG: /home/jenkins/.docker/\\n        ServiceAccount: jenkins\\n        Containers:\\n          Gradle6-Java11:\\n            Image: simonjamesrowe/gradle6-java11:2020-12-26\\n            Privileged: true\\n            RequestCpu: \\\"400m\\\"\\n            RequestMemory: \\\"512Mi\\\"\\n            LimitCpu: \\\"1\\\"\\n            Command: \\\"/bin/sh -c\\\"\\n            Args: \\\"cat\\\"\\n            Tty: true\\n```\\n\\nThe next thing to do is define the tekton pipeline. I have another my github repo containing buildpacks [jenkinsx-buildpacks](https://github.com/simonjamesrowe/jenkinsx-buildpacks). In ```packs/gradle6-java11/pipeline.yaml, we define the tekton pipeline:\\n```yaml\\nagent:\\n  label: jenkins-gradle6-java11\\n  container: gradle6-java11\\npipelines:\\n  pullRequest:\\n    build:\\n      steps:\\n        - sh: echo \\\\$(jx-release-version)-SNAPSHOT > VERSION\\n          name: next-version\\n          comment: so we can retrieve the version in later steps\\n        - sh: gradle -I /home/jenkins/.gradle/init.gradle clean build publish -Pversion=\\\\$(cat VERSION) --info\\n          name: gradle-build\\n  release:\\n    setVersion:\\n      steps:\\n        - sh: echo \\\\$(jx-release-version) > VERSION\\n          name: next-version\\n          comment: so we can retrieve the version in later step\\n        - sh: jx step tag --version \\\\$(cat VERSION)\\n          name: tag-version\\n    build:\\n      steps:\\n        - sh: gradle -I /home/jenkins/.gradle/init.gradle clean build publish -Pversion=\\\\$(cat VERSION) --info\\n          name: gradle-build\\n```\\nPay attention to the ```agent.label``` which specifies the build pod template to use (i.e. the one that has been defined above).  Here we also have 2 pipelines, one for a pull request that simply publishes a snapshot to the nexus repository (which is part of the jenkins x control plane), and another one for master. Also you can see that ```-I /home/jenkins/.gradle/init.gradle``` is also included so that we can run the initialisation script that we defined in a k8s secret above. In this example the secret is mounted into the container as a volume.\\n\\nLastly, we will need to tell jx about the git repository that we are using to host our build packs. This can be simply added to the ```jx-requirements.yml``` file\\n```yaml\\nbuildPacks:\\n  buildPackLibrary:\\n    gitRef: master\\n    gitURL: https://github.com/simonjamesrowe/jenkinsx-buildpacks.git\\n    name: simonjamesrowe\\n```\\nAnd of course we will need to run ```jx boot``` to update our control plane with all of the changes that we have made:\\n- gradle init script k8s secret\\n- build pod template\\n- custom build pack library configuration.\\n\\nNow we can use this build pack in order to build [https://github.com/simonjamesrowe/component-test](https://github.com/simonjamesrowe/component-test).  See ```jenkins-x.yml```:\\n```yaml\\nbuildPack: gradle6-java11\\n```\\n\\nWe can see that this project now deploys artefacts to nexus:\\n![nexus-component-test.png](/uploads/nexus_component_test_7e8f5aea69.png)\\n\",\n        \"id\": \"5feed34e67bdd6001e9c12ce\"\n      },\n      {\n        \"published\": true,\n        \"tags\": [\n          \"5f02da709d8081001fd38fa4\",\n          \"5feed20367bdd6001e9c12cc\"\n        ],\n        \"skills\": [\n          \"5f635f8f5ee4c9001d2b966c\",\n          \"5f635b495ee4c9001d2b9630\",\n          \"5f635b555ee4c9001d2b9631\",\n          \"5f635b6a5ee4c9001d2b9632\",\n          \"5f635c375ee4c9001d2b963d\"\n        ],\n        \"_id\": \"5feed4c667bdd6001e9c12d0\",\n        \"title\": \"Creating custom version of Spring Initializr\",\n        \"shortDescription\": \"In this post we will look at forking the start.spring.io github repo to create a customised version of the spring initializr that will generate skeleton apps that can be imported into jenkins x.\",\n        \"createdAt\": \"2021-01-03T07:52:38.827Z\",\n        \"updatedAt\": \"2021-02-26T22:36:56.990Z\",\n        \"__v\": 0,\n        \"created_by\": \"5e4839cd1c2d53001dcc0696\",\n        \"image\": {\n          \"_id\": \"5f6851a85ee4c9001d2b96af\",\n          \"name\": \"spring-boot.jpeg\",\n          \"alternativeText\": \"\",\n          \"caption\": \"\",\n          \"hash\": \"spring_boot_5ee37de4c1\",\n          \"ext\": \".jpeg\",\n          \"mime\": \"image/png\",\n          \"size\": 7.98,\n          \"width\": 400,\n          \"height\": 400,\n          \"url\": \"/uploads/spring_boot_5ee37de4c1.jpeg\",\n          \"formats\": {\n            \"thumbnail\": {\n              \"name\": \"thumbnail_spring-boot.jpeg\",\n              \"hash\": \"thumbnail_spring_boot_5ee37de4c1\",\n              \"ext\": \".jpeg\",\n              \"mime\": \"image/png\",\n              \"width\": 156,\n              \"height\": 156,\n              \"size\": 5.21,\n              \"path\": null,\n              \"url\": \"/uploads/thumbnail_spring_boot_5ee37de4c1.jpeg\"\n            }\n          },\n          \"provider\": \"local\",\n          \"related\": [\n            \"5f635b6a5ee4c9001d2b9632\",\n            \"5feed4c667bdd6001e9c12d0\"\n          ],\n          \"createdAt\": \"2020-09-21T07:09:28.458Z\",\n          \"updatedAt\": \"2021-01-01T21:02:32.991Z\",\n          \"__v\": 0,\n          \"created_by\": \"5e4839cd1c2d53001dcc0696\",\n          \"updated_by\": \"5e4839cd1c2d53001dcc0696\",\n          \"id\": \"5f6851a85ee4c9001d2b96af\"\n        },\n        \"updated_by\": \"5e4839cd1c2d53001dcc0696\",\n        \"content\": \"The spring initializr [start.spring.io](https://start.spring.io) allows developers to get up and running quickly when developing spring boot based microservices. It generates a skeleton spring boot project with the specified dependencies that you can easily import into your IDE (or trigger generation directly from your IDE)\\n![start-spring-io.png](/uploads/start_spring_io_f4e9eaab9b.png)\\n\\n This website [www.simonjamesrowe.com](https://www.simonjamesrowe.com) is currently fairly limited in terms of functionality, but I would like to keep adding to it in my spare time. I have chosen to use Jenkins X for my CI/CD pipelines and Kubernetes as the container orchestrator to run my microservices, so it would be nice if I could have my own version of the spring initializr that did the following:\\n- Generated Dockerfile and skaffold template for image definition.\\n- Generated the helm charts that the services would use when deploying to Kubernetes\\n- Automatically add the nexus repository that is part of the jenkins x control plane to ```build.gradle.kts``` and also allow the component-test library to be automatically included\\n-  Generation of the ```jenkins-x.yml``` Jenkins X pipeline declaration file.\\n\\nIn the future it would also be nice for this version to also automatically create the project in github as well as importing into Jenkins X (*but this can wait for v2 or v3*).\\n\\nSo where to begin? Firstly lets fork the repository ([https://github.com/spring-io/start.spring.io](https://github.com/spring-io/start.spring.io)). The repository contains a multi-module maven project that consists of:\\n- start-client - a react SPA (single page application)\\n- start-site - a spring boot application that includes start-client as a web-jar and also contains the various REST endpoints that the react client consumes.\\n\\n\\nLet look at our first requirement, we want to be able to generate new files. We can do this by implementing an interface named ```ProjectContributor```. I have defined an abstract ProjectContributor that the rest of the Contributors extend:\\n```java\\npublic abstract class BaseProjectContributor implements ProjectContributor {\\n\\n\\t@Autowired\\n\\tprotected MutableProjectDescription mutableProjectDescription;\\n\\n\\t@Autowired(required = false)\\n\\tprotected GradleBuild gradleBuild;\\n\\n\\t@Autowired\\n\\tprotected Cache cache;\\n\\n\\tprotected MustacheTemplateRenderer mustacheTemplateRenderer;\\n\\n\\t@PostConstruct\\n\\tpublic void postInit() {\\n\\t\\tmustacheTemplateRenderer = new MustacheTemplateRenderer(\\\"classpath:/templates/\\\", cache);\\n\\t}\\n\\n\\tprotected Map<String, ?> parameters() {\\n\\t\\treturn Map.of(\\\"artifactId\\\", mutableProjectDescription.getArtifactId());\\n\\t}\\n\\n\\tprotected boolean isLib() {\\n\\t\\treturn mutableProjectDescription.getArtifactId().startsWith(\\\"lib\\\");\\n\\t}\\n\\n\\tprotected boolean isService() {\\n\\t\\treturn !isLib();\\n\\t}\\n\\n\\tprotected boolean isGradleBuild() {\\n\\t\\treturn gradleBuild != null;\\n\\t}\\n\\n\\t@Override\\n\\tpublic int getOrder() {\\n\\t\\treturn 0;\\n\\t}\\n\\n}\\n```\\n\\nAs we can see in the code snippet above, this uses [moustache templates](https://mustache.github.io/). Lets look at the following:\\n```java\\npublic class SkaffoldContributor extends BaseProjectContributor {\\n\\n\\t@Override\\n\\tpublic void contribute(Path path) throws IOException {\\n\\t\\tif (isLib()) {\\n\\t\\t\\treturn;\\n\\t\\t}\\n\\t\\tPath file = Files.createFile(path.resolve(\\\"skaffold.yml\\\"));\\n\\t\\tPrintWriter writer = new PrintWriter(Files.newBufferedWriter(file));\\n\\t\\twriter.println(mustacheTemplateRenderer.render(\\\"ms/skaffold.yaml\\\", parameters()));\\n\\t\\twriter.close();\\n\\t}\\n\\n}\\n```\\n\\n```src/main/resources/tempaltes/ms/skaffold.yaml.moustache```\\n```yaml\\napiVersion: skaffold/v1beta2\\nkind: Config\\nbuild:\\n  artifacts:\\n    - image: simonjamesrowe/{{artifactId}}\\n      context: .\\n      docker: {}\\n  tagPolicy:\\n    envTemplate:\\n{{=<% %>=}}\\n      template: '{{.DOCKER_REGISTRY}}/{{.IMAGE_NAME}}:{{.VERSION}}'\\n<%={{ }}=%>\\n  local: {}\\ndeploy:\\n  kubectl: {}\\nprofiles:\\n  - name: dev\\n    build:\\n      tagPolicy:\\n        envTemplate:\\n{{=<% %>=}}\\n          template: '{{.DOCKER_REGISTRY}}/{{.IMAGE_NAME}}:{{.DIGEST_HEX}}'\\n<%={{ }}=%>\\n      local: {}\\n    deploy:\\n      helm:\\n        releases:\\n          - name: {{artifactId}}\\n            chartPath: charts/{{artifactId}}\\n            setValueTemplates:\\n{{=<% %>=}}\\n              image.repository: '{{.DOCKER_REGISTRY}}/{{.IMAGE_NAME}}'\\n              image.tag: '{{.DIGEST_HEX}}'<%={{ }}=%>\\n\\n```\\n\\nThis will generate a file that looks like this:\\n![skaffold-generation.png](/uploads/skaffold_generation_a3e6a9dda0.png)\\n\\nNext let's look at how we can customize our ```build.gradle.kts```. We can define a class that extends BuildCustomizer:\\n```java\\npublic class GradleBuildCustomiser extends KotlinDslGradleBuildWriter implements BuildCustomizer<GradleBuild> {\\n\\n\\t@Autowired\\n\\tprivate MutableProjectDescription mutableProjectDescription;\\n\\n\\t@Override\\n\\tpublic void customize(GradleBuild build) {\\n\\t\\tbuild.repositories().add(MavenRepository\\n\\t\\t\\t\\t.withIdAndUrl(\\\"simonjamesrowe\\\", \\\"https://nexus-jx.simonjamesrowe.com/repository/maven-group/\\\").build());\\n\\t\\tbuild.dependencies().add(\\\"component-test\\\");\\n\\t}\\n\\n\\t@Override\\n\\tprotected void writeTasks(IndentingWriter writer, GradleTaskContainer tasks) {\\n\\t\\tif (mutableProjectDescription.getArtifactId().startsWith(\\\"lib\\\")) {\\n\\t\\t\\tString extraTasks = \\\"\\\\ntasks.getByName<Jar>(\\\\\\\"jar\\\\\\\") {\\\\n\\\" + \\\"\\\\tenabled = true\\\\n\\\" + \\\"}\\\\n\\\" + \\\"\\\\n\\\"\\n\\t\\t\\t\\t\\t+ \\\"tasks.getByName<Jar>(\\\\\\\"bootJar\\\\\\\") {\\\\n\\\" + \\\"\\\\tenabled = false\\\\n\\\" + \\\"}\\\";\\n\\t\\t\\twriter.println(extraTasks);\\n\\t\\t}\\n\\n\\t\\tString publishing = \\\"\\\\npublishing {\\\\n\\\" + \\\"\\\\tpublications {\\\\n\\\" + \\\"\\\\t\\\\tcreate<MavenPublication>(\\\\\\\"maven\\\\\\\") {\\\\n\\\"\\n\\t\\t\\t\\t+ \\\"\\\\t\\\\t\\\\tfrom(components[\\\\\\\"java\\\\\\\"])\\\\n\\\" + \\\"\\\\t\\\\t}\\\\n\\\" + \\\"\\\\t}\\\\n\\\" + \\\"}\\\";\\n\\t\\twriter.println(publishing);\\n\\t}\\n\\n\\t@Override\\n\\tpublic int getOrder() {\\n\\t\\treturn 0;\\n\\t}\\n\\n}\\n```\\n\\nThis will simply disable bootJar task for libraries (like component-test) and also configure the maven-publish plugin, as well as adding the component-test dependency (see ```src/main/resources/application.yml``` for more configuration of dependencies, repositories, languages, build tools).\\n\\nWe will need to ensure that these classes ```GradleBuildCustomiser``` and ```SkaffoldContributor``` are spring beans, so we have a @Configuration class for this:\\n```java\\n@Configuration\\npublic class Config {\\n\\n\\t@Bean\\n\\t@Primary\\n\\tpublic GradleBuildCustomiser gradleBuildCustomiser() {\\n\\t\\treturn new GradleBuildCustomiser();\\n\\t}\\n\\n\\t@Bean\\n\\tpublic DockerfileManifestContributor dockerfileManifestContributor() {\\n\\t\\treturn new DockerfileManifestContributor();\\n\\t}\\n\\n\\t@Bean\\n\\tpublic HelmContributor helmContributor() {\\n\\t\\treturn new HelmContributor();\\n\\t}\\n\\n\\t@Bean\\n\\tpublic JenkinsPipelineContributor jenkinsPipelineContributor() {\\n\\t\\treturn new JenkinsPipelineContributor();\\n\\t}\\n\\n\\t@Bean\\n\\tpublic SkaffoldContributor skaffoldContributor() {\\n\\t\\treturn new SkaffoldContributor();\\n\\t}\\n\\n\\t@Bean\\n\\tpublic Cache templatesCache() {\\n\\t\\treturn new ConcurrentMapCache(\\\"templatesCache\\\");\\n\\t}\\n\\n}\\n```\\n\\nAlso as I have placed all of my classes in the ```com.simonjamesrowe``` package,  the ```src/main/resources/META-INF/spring.factories``` will need to be changed so that it picks up configuration from this package:\\n```properties\\nio.spring.initializr.generator.project.ProjectGenerationConfiguration=\\\\\\nio.spring.start.site.extension.build.gradle.GradleProjectGenerationConfiguration,\\\\\\nio.spring.start.site.extension.build.maven.MavenProjectGenerationConfiguration,\\\\\\n.....\\ncom.simonjamesrowe.initializr.Config  \\n```\\n\\nAnd with a bit of help from Jenkins X, the final result is here: [start.simonjamesrowe.com](https://start.simonjamesrowe.com). All source code can be found [here](https://github.com/simonjamesrowe/start.spring.io).\\n\\n![simon-initializr.png](/uploads/simon_initializr_5121135095.png)\",\n        \"id\": \"5feed4c667bdd6001e9c12d0\"\n      }\n    ],\n    \"id\": \"5f635c375ee4c9001d2b963d\"\n  },\n  {\n    \"includeOnResume\": false,\n    \"_id\": \"5f635c455ee4c9001d2b963e\",\n    \"name\": \"Concourse\",\n    \"rating\": 7,\n    \"createdAt\": \"2020-09-17T12:53:25.344Z\",\n    \"updatedAt\": \"2020-09-22T21:19:53.650Z\",\n    \"__v\": 0,\n    \"created_by\": {\n      \"_id\": \"5e4839cd1c2d53001dcc0696\",\n      \"username\": \"simon.rowe@gmail.com\",\n      \"createdAt\": \"2020-02-15T18:34:53.155Z\",\n      \"updatedAt\": \"2020-09-17T07:45:13.526Z\",\n      \"__v\": 0,\n      \"id\": \"5e4839cd1c2d53001dcc0696\"\n    },\n    \"updated_by\": {\n      \"_id\": \"5e4839cd1c2d53001dcc0696\",\n      \"username\": \"simon.rowe@gmail.com\",\n      \"createdAt\": \"2020-02-15T18:34:53.155Z\",\n      \"updatedAt\": \"2020-09-17T07:45:13.526Z\",\n      \"__v\": 0,\n      \"id\": \"5e4839cd1c2d53001dcc0696\"\n    },\n    \"image\": {\n      \"_id\": \"5f6853865ee4c9001d2b96c5\",\n      \"name\": \"concourse.png\",\n      \"alternativeText\": \"\",\n      \"caption\": \"\",\n      \"hash\": \"concourse_8396b9e8a6\",\n      \"ext\": \".png\",\n      \"mime\": \"image/png\",\n      \"size\": 10.73,\n      \"width\": 400,\n      \"height\": 400,\n      \"url\": \"/uploads/concourse_8396b9e8a6.png\",\n      \"formats\": {\n        \"thumbnail\": {\n          \"name\": \"thumbnail_concourse.png\",\n          \"hash\": \"thumbnail_concourse_8396b9e8a6\",\n          \"ext\": \".png\",\n          \"mime\": \"image/png\",\n          \"width\": 156,\n          \"height\": 156,\n          \"size\": 6.46,\n          \"path\": null,\n          \"url\": \"/uploads/thumbnail_concourse_8396b9e8a6.png\"\n        }\n      },\n      \"provider\": \"local\",\n      \"related\": [\n        \"5f635c455ee4c9001d2b963e\"\n      ],\n      \"createdAt\": \"2020-09-21T07:17:26.996Z\",\n      \"updatedAt\": \"2020-09-21T07:17:29.112Z\",\n      \"__v\": 0,\n      \"created_by\": \"5e4839cd1c2d53001dcc0696\",\n      \"updated_by\": \"5e4839cd1c2d53001dcc0696\",\n      \"id\": \"5f6853865ee4c9001d2b96c5\"\n    },\n    \"description\": \"Built on the simple mechanics of resources, tasks, and jobs, Concourse presents a general approach to automation that makes it great for CI/CD.\",\n    \"jobs\": [\n      {\n        \"education\": false,\n        \"includeOnResume\": true,\n        \"attachments\": [],\n        \"skills\": [\n          \"5f635b3f5ee4c9001d2b962f\",\n          \"5f635b7e5ee4c9001d2b9633\",\n          \"5f635b8b5ee4c9001d2b9634\",\n          \"5f635bcd5ee4c9001d2b9636\",\n          \"5f635bf05ee4c9001d2b9637\",\n          \"5f635c1e5ee4c9001d2b963b\",\n          \"5f635c455ee4c9001d2b963e\",\n          \"5f635c745ee4c9001d2b9641\",\n          \"5f635c845ee4c9001d2b9642\",\n          \"5f635d645ee4c9001d2b964e\",\n          \"5f635d425ee4c9001d2b964d\",\n          \"5f635c185ee4c9001d2b963a\",\n          \"5f635da95ee4c9001d2b9653\",\n          \"5f635e405ee4c9001d2b965e\",\n          \"5f635e365ee4c9001d2b965d\",\n          \"5f635ea45ee4c9001d2b9666\",\n          \"602235769dc383001e945dd9\",\n          \"5f63608d5ee4c9001d2b966e\",\n          \"5f635b495ee4c9001d2b9630\",\n          \"5f635b6a5ee4c9001d2b9632\",\n          \"5f635ca45ee4c9001d2b9643\",\n          \"5f635bb85ee4c9001d2b9635\"\n        ],\n        \"_id\": \"5e5370e311c196001d06f917\",\n        \"title\": \"Senior Platform Architect\",\n        \"startDate\": \"2018-08-01\",\n        \"endDate\": \"2019-04-12\",\n        \"company\": \"Pivotal\",\n        \"companyUrl\": \"https://pivotal.io/\",\n        \"shortDescription\": \"Applications Focused Platform Architect specialising in cloud native development.\",\n        \"createdAt\": \"2020-02-24T06:44:51.218Z\",\n        \"updatedAt\": \"2021-02-26T22:37:22.370Z\",\n        \"__v\": 0,\n        \"companyImage\": {\n          \"_id\": \"5f6618165ee4c9001d2b969a\",\n          \"name\": \"pivotal (1).png\",\n          \"alternativeText\": \"\",\n          \"caption\": \"\",\n          \"hash\": \"pivotal_1_06ffe33158\",\n          \"ext\": \".png\",\n          \"mime\": \"image/jpeg\",\n          \"size\": 1.9,\n          \"width\": 200,\n          \"height\": 200,\n          \"url\": \"/uploads/pivotal_1_06ffe33158.png\",\n          \"formats\": {\n            \"thumbnail\": {\n              \"name\": \"thumbnail_pivotal (1).png\",\n              \"hash\": \"thumbnail_pivotal_1_06ffe33158\",\n              \"ext\": \".png\",\n              \"mime\": \"image/jpeg\",\n              \"width\": 156,\n              \"height\": 156,\n              \"size\": 1.52,\n              \"path\": null,\n              \"url\": \"/uploads/thumbnail_pivotal_1_06ffe33158.png\"\n            }\n          },\n          \"provider\": \"local\",\n          \"related\": [\n            \"5e5370e311c196001d06f917\"\n          ],\n          \"createdAt\": \"2020-09-19T14:39:18.005Z\",\n          \"updatedAt\": \"2021-02-08T08:20:54.295Z\",\n          \"__v\": 0,\n          \"created_by\": \"5e4839cd1c2d53001dcc0696\",\n          \"updated_by\": \"5e4839cd1c2d53001dcc0696\",\n          \"id\": \"5f6618165ee4c9001d2b969a\"\n        },\n        \"updated_by\": \"5e4839cd1c2d53001dcc0696\",\n        \"longDescription\": \"Applications focused platform architect, aiding clients to become successful by building cloud-native apps utilizing the Spring ecosystem and platforms like Cloud Foundry and Kubernetes.\\n\\nDuties included:\\n- Delivering Cloud-Native Developer and other workshops to a number of clients which contained topics (not limited to):\\n  - Introduction to Spring Boot\\n  - Reactive programming with Spring Boot and Project Reactor\\n  - Producer driven contracts with Spring Cloud Contract\\n  - Cloud Foundry and BOSH\\n  - The mechanics behind ```cf push``` and the service broker.\\n  - Buildpacks\\n  - Steeltoe\\n\\n- Speaking at the cloud-native meetups and webinars including the most ever subscribed webinar for Pivotal EMEA (at the time): [Securing microservices with Spring and Cloud Foundry](https://www.brighttalk.com/webcast/14883/345709/securing-microservices-with-spring-and-pivotal-cloud-foundry)\\n\\n- Pre-sales pitches to prospective clients outlining the positive outcomes of building cloud-native apps with spring and running them with Cloud Foundry.\",\n        \"location\": \"London\",\n        \"id\": \"5e5370e311c196001d06f917\"\n      }\n    ],\n    \"blogs\": [],\n    \"id\": \"5f635c455ee4c9001d2b963e\"\n  },\n  {\n    \"includeOnResume\": false,\n    \"_id\": \"5f635c4f5ee4c9001d2b963f\",\n    \"name\": \"Tekton\",\n    \"createdAt\": \"2020-09-17T12:53:35.722Z\",\n    \"updatedAt\": \"2020-09-22T21:20:48.795Z\",\n    \"__v\": 0,\n    \"created_by\": {\n      \"_id\": \"5e4839cd1c2d53001dcc0696\",\n      \"username\": \"simon.rowe@gmail.com\",\n      \"createdAt\": \"2020-02-15T18:34:53.155Z\",\n      \"updatedAt\": \"2020-09-17T07:45:13.526Z\",\n      \"__v\": 0,\n      \"id\": \"5e4839cd1c2d53001dcc0696\"\n    },\n    \"updated_by\": {\n      \"_id\": \"5e4839cd1c2d53001dcc0696\",\n      \"username\": \"simon.rowe@gmail.com\",\n      \"createdAt\": \"2020-02-15T18:34:53.155Z\",\n      \"updatedAt\": \"2020-09-17T07:45:13.526Z\",\n      \"__v\": 0,\n      \"id\": \"5e4839cd1c2d53001dcc0696\"\n    },\n    \"rating\": 8,\n    \"image\": {\n      \"_id\": \"5f6853a55ee4c9001d2b96c7\",\n      \"name\": \"tekton.jpeg\",\n      \"alternativeText\": \"\",\n      \"caption\": \"\",\n      \"hash\": \"tekton_8b8bad63e8\",\n      \"ext\": \".jpeg\",\n      \"mime\": \"image/jpeg\",\n      \"size\": 13.24,\n      \"width\": 213,\n      \"height\": 237,\n      \"url\": \"/uploads/tekton_8b8bad63e8.jpeg\",\n      \"formats\": {\n        \"thumbnail\": {\n          \"name\": \"thumbnail_tekton.jpeg\",\n          \"hash\": \"thumbnail_tekton_8b8bad63e8\",\n          \"ext\": \".jpeg\",\n          \"mime\": \"image/jpeg\",\n          \"width\": 140,\n          \"height\": 156,\n          \"size\": 7.5,\n          \"path\": null,\n          \"url\": \"/uploads/thumbnail_tekton_8b8bad63e8.jpeg\"\n        }\n      },\n      \"provider\": \"local\",\n      \"related\": [\n        \"5f635c4f5ee4c9001d2b963f\"\n      ],\n      \"createdAt\": \"2020-09-21T07:17:57.258Z\",\n      \"updatedAt\": \"2020-09-21T07:17:59.250Z\",\n      \"__v\": 0,\n      \"created_by\": \"5e4839cd1c2d53001dcc0696\",\n      \"updated_by\": \"5e4839cd1c2d53001dcc0696\",\n      \"id\": \"5f6853a55ee4c9001d2b96c7\"\n    },\n    \"description\": \"The Tekton Pipelines project provides k8s-style resources for declaring CI/CD-style pipelines.\\n\\nTekton Pipelines are Cloud Native:\\n\\n- Run on Kubernetes\\n- Have Kubernetes clusters as a first class type\\n- Use containers as their building blocks\\n\",\n    \"jobs\": [\n      {\n        \"education\": false,\n        \"includeOnResume\": true,\n        \"attachments\": [],\n        \"skills\": [\n          \"5f635b7e5ee4c9001d2b9633\",\n          \"5f635b8b5ee4c9001d2b9634\",\n          \"5f635bf05ee4c9001d2b9637\",\n          \"5f635c0f5ee4c9001d2b9639\",\n          \"5f635c185ee4c9001d2b963a\",\n          \"5f635c1e5ee4c9001d2b963b\",\n          \"5f635c005ee4c9001d2b9638\",\n          \"5f635c2e5ee4c9001d2b963c\",\n          \"5f635c4f5ee4c9001d2b963f\",\n          \"5f635c675ee4c9001d2b9640\",\n          \"5f635c745ee4c9001d2b9641\",\n          \"5f635c845ee4c9001d2b9642\",\n          \"5f635ceb5ee4c9001d2b9647\",\n          \"5f635cf75ee4c9001d2b9648\",\n          \"5f635d045ee4c9001d2b9649\",\n          \"5f635d115ee4c9001d2b964a\",\n          \"5f635d1e5ee4c9001d2b964b\",\n          \"5f635d2c5ee4c9001d2b964c\",\n          \"5f635d425ee4c9001d2b964d\",\n          \"5f635d905ee4c9001d2b9651\",\n          \"5f635db55ee4c9001d2b9654\",\n          \"5f635dde5ee4c9001d2b9658\",\n          \"5f635e235ee4c9001d2b965b\",\n          \"5f635e2c5ee4c9001d2b965c\",\n          \"5f635e935ee4c9001d2b9665\",\n          \"5f635ef05ee4c9001d2b9669\",\n          \"5f635f8f5ee4c9001d2b966c\",\n          \"5f635f995ee4c9001d2b966d\",\n          \"5f635f025ee4c9001d2b966b\",\n          \"5f63608d5ee4c9001d2b966e\",\n          \"602234ba9dc383001e945dd6\",\n          \"5f635b555ee4c9001d2b9631\",\n          \"5f635b6a5ee4c9001d2b9632\",\n          \"5f635ca45ee4c9001d2b9643\",\n          \"5f635eae5ee4c9001d2b9667\",\n          \"5f635ef75ee4c9001d2b966a\",\n          \"5f635c375ee4c9001d2b963d\",\n          \"5f635e625ee4c9001d2b9660\",\n          \"5f635dd35ee4c9001d2b9657\",\n          \"5f635bb85ee4c9001d2b9635\",\n          \"60291c5d9dc383001e945de2\"\n        ],\n        \"_id\": \"5eedd4803c8d74001e4497f5\",\n        \"startDate\": \"2020-05-04\",\n        \"company\": \"Y-Tree\",\n        \"companyUrl\": \"https://y-tree.com/\",\n        \"title\": \"Senior Developer\",\n        \"createdAt\": \"2020-06-20T09:18:56.102Z\",\n        \"updatedAt\": \"2021-02-26T22:39:33.470Z\",\n        \"__v\": 0,\n        \"companyImage\": {\n          \"_id\": \"5eedd46e3c8d74001e4497f4\",\n          \"name\": \"YTree\",\n          \"alternativeText\": \"\",\n          \"caption\": \"\",\n          \"hash\": \"YT_ree_50b80993fc\",\n          \"ext\": \".png\",\n          \"mime\": \"image/png\",\n          \"size\": 6.33,\n          \"width\": 200,\n          \"height\": 200,\n          \"url\": \"/uploads/YT_ree_50b80993fc.png\",\n          \"formats\": {\n            \"thumbnail\": {\n              \"hash\": \"thumbnail_YT_ree_50b80993fc\",\n              \"ext\": \".png\",\n              \"mime\": \"image/png\",\n              \"width\": 156,\n              \"height\": 156,\n              \"size\": 10.07,\n              \"path\": null,\n              \"url\": \"/uploads/thumbnail_YT_ree_50b80993fc.png\"\n            }\n          },\n          \"provider\": \"local\",\n          \"related\": [\n            \"5eedd4803c8d74001e4497f5\"\n          ],\n          \"createdAt\": \"2020-06-20T09:18:38.337Z\",\n          \"updatedAt\": \"2020-06-20T09:18:56.106Z\",\n          \"__v\": 0,\n          \"id\": \"5eedd46e3c8d74001e4497f4\"\n        },\n        \"shortDescription\": \"Lead Developer of exciting fin-tech platform composed of event-driven and restful microservices.\",\n        \"updated_by\": \"5e4839cd1c2d53001dcc0696\",\n        \"longDescription\": \"Lead Developer of exciting fin-tech platform composed of event-driven and restful microservices.\\n\\nHeavily involved in transforming a monolithic application into a suite of fault-tolerant event-driven and restful microservices written with Kotlin and Spring Boot. \\n\\nLead a cloud-native transformation by improving the path to production of services by introducing a number of tools and technologies to aide with continuous delivery of features:\\n\\n-  Cucumber for integration testing\\n-  Pact for contract testing (consumer-driven contracts for both synchronous (HTTP) and event-driven (Kafka) communication)\\n-  Test Containers for component testing\\n-  Use of Spring Cloud Kubernetes and Spring Cloud vault for environment-specific configuration (as per the [12-factor app](https://12factor.net/))\\n- Jenkin X pipelines to build and deploy helm charts for each service and environment.\\n- Keycloak for identity management.\\n- Rolling updates of k8s deployments for no-outage releases.\\n\\nAlso contributed to the YTree technical blog sharing knowledge amongst the team in the form of both written blogs and recorded videos. \\n\\n\\n\\n\\n\\n\",\n        \"location\": \"London\",\n        \"id\": \"5eedd4803c8d74001e4497f5\"\n      }\n    ],\n    \"blogs\": [\n      {\n        \"published\": true,\n        \"tags\": [\n          \"5e495da7bc8d7d001ddbd7c5\",\n          \"5f02da709d8081001fd38fa4\",\n          \"5f03901b9d8081001fd38fa7\",\n          \"5f0390249d8081001fd38fa8\",\n          \"5f0390329d8081001fd38fa9\",\n          \"5f0390499d8081001fd38faa\"\n        ],\n        \"skills\": [\n          \"5f635c2e5ee4c9001d2b963c\",\n          \"5f635f8f5ee4c9001d2b966c\",\n          \"5f635f995ee4c9001d2b966d\",\n          \"5f635c185ee4c9001d2b963a\",\n          \"5f635c4f5ee4c9001d2b963f\",\n          \"5f635e935ee4c9001d2b9665\",\n          \"5f635b555ee4c9001d2b9631\",\n          \"5f635b6a5ee4c9001d2b9632\",\n          \"5f635ca45ee4c9001d2b9643\",\n          \"5f635c375ee4c9001d2b963d\",\n          \"5f635e625ee4c9001d2b9660\"\n        ],\n        \"_id\": \"5f0215c69d8081001fd38fa1\",\n        \"title\": \"Creating a rich web app that can be hosted from home\",\n        \"shortDescription\": \"A quick introduction into the various components of my personal website including jenkinsx, kubernetes, letsencrypt and more.\",\n        \"createdAt\": \"2020-07-05T18:02:46.731Z\",\n        \"updatedAt\": \"2021-02-26T22:37:08.645Z\",\n        \"__v\": 0,\n        \"image\": {\n          \"_id\": \"5f6616045ee4c9001d2b968a\",\n          \"name\": \"Website Icon.jpeg\",\n          \"alternativeText\": \"\",\n          \"caption\": \"\",\n          \"hash\": \"Website_Icon_727b161f01\",\n          \"ext\": \".jpeg\",\n          \"mime\": \"image/jpeg\",\n          \"size\": 48.93,\n          \"width\": 776,\n          \"height\": 542,\n          \"url\": \"/uploads/Website_Icon_727b161f01.jpeg\",\n          \"formats\": {\n            \"thumbnail\": {\n              \"name\": \"thumbnail_Website Icon.jpeg\",\n              \"hash\": \"thumbnail_Website_Icon_727b161f01\",\n              \"ext\": \".jpeg\",\n              \"mime\": \"image/jpeg\",\n              \"width\": 223,\n              \"height\": 156,\n              \"size\": 6.2,\n              \"path\": null,\n              \"url\": \"/uploads/thumbnail_Website_Icon_727b161f01.jpeg\"\n            },\n            \"medium\": {\n              \"name\": \"medium_Website Icon.jpeg\",\n              \"hash\": \"medium_Website_Icon_727b161f01\",\n              \"ext\": \".jpeg\",\n              \"mime\": \"image/jpeg\",\n              \"width\": 750,\n              \"height\": 524,\n              \"size\": 45.54,\n              \"path\": null,\n              \"url\": \"/uploads/medium_Website_Icon_727b161f01.jpeg\"\n            },\n            \"small\": {\n              \"name\": \"small_Website Icon.jpeg\",\n              \"hash\": \"small_Website_Icon_727b161f01\",\n              \"ext\": \".jpeg\",\n              \"mime\": \"image/jpeg\",\n              \"width\": 500,\n              \"height\": 349,\n              \"size\": 22.91,\n              \"path\": null,\n              \"url\": \"/uploads/small_Website_Icon_727b161f01.jpeg\"\n            }\n          },\n          \"provider\": \"local\",\n          \"related\": [\n            \"5f0215c69d8081001fd38fa1\"\n          ],\n          \"createdAt\": \"2020-09-19T14:30:28.441Z\",\n          \"updatedAt\": \"2021-02-21T19:31:52.126Z\",\n          \"__v\": 0,\n          \"created_by\": \"5e4839cd1c2d53001dcc0696\",\n          \"updated_by\": \"5e4839cd1c2d53001dcc0696\",\n          \"id\": \"5f6616045ee4c9001d2b968a\"\n        },\n        \"content\": \"I'm the kind of person that learns by doing - the more I do, the more it sinks in. Whilst attempting to keep my skills up to date, I had the idea of building a rich web application which would serve up my CV, and it could also double as a place to hone and demonstrate my skillsets in certain technologies. Eventually, I could even start blogging about these experiences. \\n\\nThe first thing I decided I would need would be a CMS (Content Management System). The content of my website would have to be dynamic, as I would like to keep my CV and blog up to date.  There were many options available here, but I finally settled on a headless CMS named ([strapi](https://strapi.io/)). Strapi would also require some sort of persistence layer, and  [mongodb](https://www.mongodb.com/ seemed to be a sensible choice.\\n\\nFor the web interface itself, there was a bit of competition between React and Angular. After spending years commercially working on Angular projects, I decided that React could be a good thing to learn and went with that.  \\n\\n```npx create-react-app my-app --template typescript``` is the command used to boostrap my react SPA (single page application) and I found a boostrap template from [here](https://wrapbootstrap.com/).\\n\\nSo far so good right ? I had picked the basic building blocks for building this dynamic CV/blog, but where would I run it ? I had a perfectly good iMac that was unused, and a fast enough internet connection. This app doesnt need to be highly available, as its just a little hobby app so this would suit well. I could use [ngrok](https://ngrok.com/) to make my app available to the internet, and I could use [Route 53](https://aws.amazon.com/route53/) to set up and configure my domain.\\n\\nKubernetes is a very popular way or running cloud native apps, so this was a pretty easy choice, the only issue was what flavour of it would work best on a mac. I started off with minikube, but started to have issues with persistent volumes, so eventually went with [kind (kubernetes in docker)](https://kind.sigs.k8s.io/). I could easily install nginx ingress controller, and it was super easy to configure.\\n\\nThe last thing to consider was how to deploy the individual components or services to the kubernetes cluster. One of my requirements was that I would want to make continual improvments to my app, so the deployment process must be as simple as possible. I would want to have git projects for each service,  build a container image, and deploy a helm chart (a helm chart is a collection of files that describe a related set of Kubernetes resources).  [Jenkins X](https://jenkins-x.io/) describes itself as *Jenkins X provides pipeline automation, built-in GitOps, and preview environments to help teams collaborate and accelerate their software delivery at any scale*. There was out of the box support for kubernetes flavours such as GKE (google cloud) and EKS (amazon web services), but a bit of customisation would be required if i wanted to run this on my local kubernetes cluster. This was easy enough and I was able to configure the following:\\n- [Harbor](https://goharbor.io/) as the container registry of choice\\n- [Cert Manager](https://cert-manager.io/) - configure cert manager to generate lets encrpt certificates using ACME challennges based on my use of AWS Route 53 for dns.\\n- Installed MongoDB in the control plane.\\n\\nOverall my initial architecture looked something like this:\\n\\n![Website V1](/uploads/Website_V1_c3889a1afa.jpeg)\\n\\n\\n*All source code for this app can be found here: (https://github.com/simonjamesrowe)*\",\n        \"updated_by\": \"5e4839cd1c2d53001dcc0696\",\n        \"id\": \"5f0215c69d8081001fd38fa1\"\n      },\n      {\n        \"published\": true,\n        \"tags\": [\n          \"5f02da709d8081001fd38fa4\",\n          \"5e495da7bc8d7d001ddbd7c5\"\n        ],\n        \"skills\": [\n          \"5f635c1e5ee4c9001d2b963b\",\n          \"5f635f8f5ee4c9001d2b966c\",\n          \"5f635c2e5ee4c9001d2b963c\",\n          \"5f635c4f5ee4c9001d2b963f\",\n          \"5f635b495ee4c9001d2b9630\",\n          \"5f635b555ee4c9001d2b9631\",\n          \"5f635c375ee4c9001d2b963d\"\n        ],\n        \"_id\": \"5feed34e67bdd6001e9c12ce\",\n        \"title\": \"Adding Custom Gradle 6 Build Pack to Jenkins X\",\n        \"shortDescription\": \"In this post we will look at how to add a new custom build pack to Jenkins X so we can support builds using Gradle 6 and JDK 11.\",\n        \"createdAt\": \"2021-01-02T07:46:22.753Z\",\n        \"updatedAt\": \"2021-02-26T22:36:56.990Z\",\n        \"__v\": 0,\n        \"created_by\": \"5e4839cd1c2d53001dcc0696\",\n        \"image\": {\n          \"_id\": \"5f6853535ee4c9001d2b96c1\",\n          \"name\": \"Gradle_logo.png\",\n          \"alternativeText\": \"\",\n          \"caption\": \"\",\n          \"hash\": \"Gradle_logo_eec2d0b60b\",\n          \"ext\": \".png\",\n          \"mime\": \"image/png\",\n          \"size\": 7.59,\n          \"width\": 876,\n          \"height\": 306,\n          \"url\": \"/uploads/Gradle_logo_eec2d0b60b.png\",\n          \"formats\": {\n            \"thumbnail\": {\n              \"name\": \"thumbnail_Gradle_logo.png\",\n              \"hash\": \"thumbnail_Gradle_logo_eec2d0b60b\",\n              \"ext\": \".png\",\n              \"mime\": \"image/png\",\n              \"width\": 245,\n              \"height\": 86,\n              \"size\": 6.94,\n              \"path\": null,\n              \"url\": \"/uploads/thumbnail_Gradle_logo_eec2d0b60b.png\"\n            },\n            \"medium\": {\n              \"name\": \"medium_Gradle_logo.png\",\n              \"hash\": \"medium_Gradle_logo_eec2d0b60b\",\n              \"ext\": \".png\",\n              \"mime\": \"image/png\",\n              \"width\": 750,\n              \"height\": 262,\n              \"size\": 25.22,\n              \"path\": null,\n              \"url\": \"/uploads/medium_Gradle_logo_eec2d0b60b.png\"\n            },\n            \"small\": {\n              \"name\": \"small_Gradle_logo.png\",\n              \"hash\": \"small_Gradle_logo_eec2d0b60b\",\n              \"ext\": \".png\",\n              \"mime\": \"image/png\",\n              \"width\": 500,\n              \"height\": 175,\n              \"size\": 15.87,\n              \"path\": null,\n              \"url\": \"/uploads/small_Gradle_logo_eec2d0b60b.png\"\n            }\n          },\n          \"provider\": \"local\",\n          \"related\": [\n            \"5f635c1e5ee4c9001d2b963b\",\n            \"5feed34e67bdd6001e9c12ce\"\n          ],\n          \"createdAt\": \"2020-09-21T07:16:35.326Z\",\n          \"updatedAt\": \"2021-01-01T07:46:22.759Z\",\n          \"__v\": 0,\n          \"created_by\": \"5e4839cd1c2d53001dcc0696\",\n          \"updated_by\": \"5e4839cd1c2d53001dcc0696\",\n          \"id\": \"5f6853535ee4c9001d2b96c1\"\n        },\n        \"updated_by\": \"5e4839cd1c2d53001dcc0696\",\n        \"content\": \"Jenkins X supports quite a lot of build packs out of the box, but support for gradle build packs is quite limited. The [jenkins-x-kubernetes](https://github.com/jenkins-x-buildpacks/jenkins-x-kubernetes) does contain a gradle build pack, but the builder image only contains gradle 5 and JDK 8. Seeing as I wanted to use spring boot 2.3.3 (which requires gradle 6) and above to build the microservices that power this web application, and I also want to use kotlin and java 11, I will need to add this build pack myself.\\n\\nThe first thing I will need to do is provide an image for this. Luckily this is pretty easy as I can just copy the existing gradle builder image from [here](https://github.com/jenkins-x/jenkins-x-builders/blob/master/builder-gradle5/Dockerfile) and change a few things:\\n\\nHere is the result (all source code can also be found [here](https://github.com/simonjamesrowe/jenkinsx-buildpacks/))\\n```docker\\nFROM gcr.io/jenkinsxio/builder-base:0.0.86\\n\\nCMD [\\\"gradle\\\"]\\n\\nENV ANDROID_VERSION 4333796\\nENV ANDROID_HOME /opt/android-sdk-linux\\nENV PATH ${PATH}:${ANDROID_HOME}/tools:${ANDROID_HOME}/tools/bin:${ANDROID_HOME}/platform-tools\\n\\nRUN yum install -y java-11-openjdk-devel\\n\\nENV GRADLE_HOME /opt/gradle\\nENV GRADLE_VERSION 6.5.1\\n\\nRUN set -o errexit -o nounset \\\\\\n    && echo \\\"Set URLS\\\" \\\\\\n    && GRADLE_URL=\\\"https://services.gradle.org/distributions/gradle-${GRADLE_VERSION}-bin.zip\\\" \\\\\\n    && SHA256_URL=\\\"${GRADLE_URL}.sha256\\\" \\\\\\n    \\\\\\n    && echo \\\"Determine sha256sum\\\" \\\\\\n    && GRADLE_DOWNLOAD_SHA256=$(curl -sLf \\\"${SHA256_URL}\\\") \\\\\\n    \\\\\\n\\t&& echo \\\"Downloading Gradle\\\" \\\\\\n\\t&& wget -q -O gradle.zip \\\"${GRADLE_URL}\\\" \\\\\\n\\t\\\\\\n\\t&& echo \\\"Checking download hash\\\" \\\\\\n\\t&& echo \\\"${GRADLE_DOWNLOAD_SHA256} *gradle.zip\\\" | sha256sum -c - \\\\\\n\\t\\\\\\n\\t&& echo \\\"Installing Gradle\\\" \\\\\\n\\t&& unzip -q gradle.zip \\\\\\n\\t&& rm gradle.zip \\\\\\n\\t&& mkdir -p /opt \\\\\\n\\t&& mv \\\"gradle-${GRADLE_VERSION}\\\" \\\"${GRADLE_HOME}/\\\" \\\\\\n\\t&& ln -s \\\"${GRADLE_HOME}/bin/gradle\\\" /usr/bin/gradle\\n\\nRUN gradle --version\\n\\n# jx\\nENV JX_VERSION 2.1.153\\nRUN curl -f -L https://github.com/jenkins-x/jx/releases/download/v${JX_VERSION}/jx-linux-amd64.tar.gz | tar xzv && \\\\\\n  mv jx /usr/bin/\\n```\\n\\nThe image can be built and pushed with the following commands (we will also need docker login)\\n```shell\\ndocker build -t simonjamesrowe/gradle6-java11:2020-26-12 .\\ndocker push simonjamesrowe/gradle6-java11:2020-26-12\\n```\\n\\nNow that the image has been pushed to the container registry the next thing we will need to think about is defining the build pod template. This template is something which jenkins x and tekton use to spin up pods in kubernetes which run these builds. In order to do this we will need to make some modifications to the jenkins-x control plane, which has its own gitops repo (which can be found [here](https://github.com/simonjamesrowe/environment-simonjamesrowe-dev)). \\n\\nI want to define a kubernetes secret that contains a gradle initialisation script that can be used to define where our nexus repository lives, and also credentials for publishing artefacts to this repository. The following helm values can be defined in ```env/values.tmpl.yaml```:\\n```yaml\\ngradle:\\n  initScript: |-\\n    allprojects {\\n\\n        apply plugin: 'maven-publish'\\n\\n        repositories {\\n            maven {\\n                url \\\"http://nexus/repository/maven-group/\\\"\\n            }\\n            mavenCentral()\\n        }\\n\\n      publishing {\\n            repositories {\\n                maven {\\n                    def releasesRepoUrl = \\\"http://nexus/repository/maven-releases/\\\"\\n                    def snapshotsRepoUrl = \\\"http://nexus/repository/maven-snapshots/\\\"\\n                    url = version.endsWith('SNAPSHOT') ? snapshotsRepoUrl : releasesRepoUrl\\n                    credentials {\\n                        username \\\"{{ .Parameters.adminUser.username }}\\\"\\n                        password \\\"{{ .Parameters.adminUser.password }}\\\"\\n                    }\\n                }\\n            }\\n        }\\n\\n       configurations.all {\\n          resolutionStrategy.cacheChangingModulesFor 0, 'seconds'\\n          resolutionStrategy.cacheDynamicVersionsFor 0, 'seconds'\\n       }\\n    }\\n```\\nThen the secret can be defined in ```env/templates/jenkins-gradle-secret.yaml```:\\n```yaml\\napiVersion: v1\\nkind: Secret\\ntype: Opaque\\nmetadata:\\n  name: jenkins-gradle-init\\ndata:\\n  init.gradle: {{ .Values.gradle.initScript | b64enc }}\\n```\\n\\nFor the build pod template, this will require some more values to be defined in ```env/jenkins-x-platform/values.tmpl.yaml```:\\n```yaml\\njenkins:\\n  Agent:\\n    PodTemplates:\\n      Gradle6-Java11:\\n        Name: gradle6-java11\\n        Label: jenkins-gradle6-java11\\n        DevPodPorts: 5005, 8080\\n        volumes:\\n          - type: Secret\\n            secretName: jenkins-docker-cfg\\n            mountPath: /home/jenkins/.docker\\n          - type: Secret\\n            secretName: jenkins-release-gpg\\n            mountPath: /home/jenkins/.gnupg\\n          - type: Secret\\n            secretName: jenkins-gradle-init\\n            mountPath: /home/jenkins/.gradle\\n        EnvVars:\\n          GIT_COMMITTER_EMAIL: jenkins-x@googlegroups.com\\n          GIT_AUTHOR_EMAIL: jenkins-x@googlegroups.com\\n          GIT_AUTHOR_NAME: jenkins-x-bot\\n          GIT_COMMITTER_NAME: jenkins-x-bot\\n          XDG_CONFIG_HOME: /home/jenkins\\n          DOCKER_CONFIG: /home/jenkins/.docker/\\n        ServiceAccount: jenkins\\n        Containers:\\n          Gradle6-Java11:\\n            Image: simonjamesrowe/gradle6-java11:2020-12-26\\n            Privileged: true\\n            RequestCpu: \\\"400m\\\"\\n            RequestMemory: \\\"512Mi\\\"\\n            LimitCpu: \\\"1\\\"\\n            Command: \\\"/bin/sh -c\\\"\\n            Args: \\\"cat\\\"\\n            Tty: true\\n```\\n\\nThe next thing to do is define the tekton pipeline. I have another my github repo containing buildpacks [jenkinsx-buildpacks](https://github.com/simonjamesrowe/jenkinsx-buildpacks). In ```packs/gradle6-java11/pipeline.yaml, we define the tekton pipeline:\\n```yaml\\nagent:\\n  label: jenkins-gradle6-java11\\n  container: gradle6-java11\\npipelines:\\n  pullRequest:\\n    build:\\n      steps:\\n        - sh: echo \\\\$(jx-release-version)-SNAPSHOT > VERSION\\n          name: next-version\\n          comment: so we can retrieve the version in later steps\\n        - sh: gradle -I /home/jenkins/.gradle/init.gradle clean build publish -Pversion=\\\\$(cat VERSION) --info\\n          name: gradle-build\\n  release:\\n    setVersion:\\n      steps:\\n        - sh: echo \\\\$(jx-release-version) > VERSION\\n          name: next-version\\n          comment: so we can retrieve the version in later step\\n        - sh: jx step tag --version \\\\$(cat VERSION)\\n          name: tag-version\\n    build:\\n      steps:\\n        - sh: gradle -I /home/jenkins/.gradle/init.gradle clean build publish -Pversion=\\\\$(cat VERSION) --info\\n          name: gradle-build\\n```\\nPay attention to the ```agent.label``` which specifies the build pod template to use (i.e. the one that has been defined above).  Here we also have 2 pipelines, one for a pull request that simply publishes a snapshot to the nexus repository (which is part of the jenkins x control plane), and another one for master. Also you can see that ```-I /home/jenkins/.gradle/init.gradle``` is also included so that we can run the initialisation script that we defined in a k8s secret above. In this example the secret is mounted into the container as a volume.\\n\\nLastly, we will need to tell jx about the git repository that we are using to host our build packs. This can be simply added to the ```jx-requirements.yml``` file\\n```yaml\\nbuildPacks:\\n  buildPackLibrary:\\n    gitRef: master\\n    gitURL: https://github.com/simonjamesrowe/jenkinsx-buildpacks.git\\n    name: simonjamesrowe\\n```\\nAnd of course we will need to run ```jx boot``` to update our control plane with all of the changes that we have made:\\n- gradle init script k8s secret\\n- build pod template\\n- custom build pack library configuration.\\n\\nNow we can use this build pack in order to build [https://github.com/simonjamesrowe/component-test](https://github.com/simonjamesrowe/component-test).  See ```jenkins-x.yml```:\\n```yaml\\nbuildPack: gradle6-java11\\n```\\n\\nWe can see that this project now deploys artefacts to nexus:\\n![nexus-component-test.png](/uploads/nexus_component_test_7e8f5aea69.png)\\n\",\n        \"id\": \"5feed34e67bdd6001e9c12ce\"\n      }\n    ],\n    \"id\": \"5f635c4f5ee4c9001d2b963f\"\n  },\n  {\n    \"includeOnResume\": false,\n    \"_id\": \"5f635c675ee4c9001d2b9640\",\n    \"name\": \"Nexus\",\n    \"rating\": 9,\n    \"createdAt\": \"2020-09-17T12:53:59.395Z\",\n    \"updatedAt\": \"2020-09-22T21:23:48.288Z\",\n    \"__v\": 0,\n    \"created_by\": {\n      \"_id\": \"5e4839cd1c2d53001dcc0696\",\n      \"username\": \"simon.rowe@gmail.com\",\n      \"createdAt\": \"2020-02-15T18:34:53.155Z\",\n      \"updatedAt\": \"2020-09-17T07:45:13.526Z\",\n      \"__v\": 0,\n      \"id\": \"5e4839cd1c2d53001dcc0696\"\n    },\n    \"updated_by\": {\n      \"_id\": \"5e4839cd1c2d53001dcc0696\",\n      \"username\": \"simon.rowe@gmail.com\",\n      \"createdAt\": \"2020-02-15T18:34:53.155Z\",\n      \"updatedAt\": \"2020-09-17T07:45:13.526Z\",\n      \"__v\": 0,\n      \"id\": \"5e4839cd1c2d53001dcc0696\"\n    },\n    \"image\": {\n      \"_id\": \"5f6853df5ee4c9001d2b96c9\",\n      \"name\": \"nexus.png\",\n      \"alternativeText\": \"\",\n      \"caption\": \"\",\n      \"hash\": \"nexus_af5b62bc44\",\n      \"ext\": \".png\",\n      \"mime\": \"image/png\",\n      \"size\": 44.1,\n      \"width\": 536,\n      \"height\": 137,\n      \"url\": \"/uploads/nexus_af5b62bc44.png\",\n      \"formats\": {\n        \"thumbnail\": {\n          \"name\": \"thumbnail_nexus.png\",\n          \"hash\": \"thumbnail_nexus_af5b62bc44\",\n          \"ext\": \".png\",\n          \"mime\": \"image/png\",\n          \"width\": 245,\n          \"height\": 63,\n          \"size\": 13.38,\n          \"path\": null,\n          \"url\": \"/uploads/thumbnail_nexus_af5b62bc44.png\"\n        },\n        \"small\": {\n          \"name\": \"small_nexus.png\",\n          \"hash\": \"small_nexus_af5b62bc44\",\n          \"ext\": \".png\",\n          \"mime\": \"image/png\",\n          \"width\": 500,\n          \"height\": 128,\n          \"size\": 45.96,\n          \"path\": null,\n          \"url\": \"/uploads/small_nexus_af5b62bc44.png\"\n        }\n      },\n      \"provider\": \"local\",\n      \"related\": [\n        \"5f635c675ee4c9001d2b9640\"\n      ],\n      \"createdAt\": \"2020-09-21T07:18:55.184Z\",\n      \"updatedAt\": \"2020-09-21T07:18:58.683Z\",\n      \"__v\": 0,\n      \"created_by\": \"5e4839cd1c2d53001dcc0696\",\n      \"updated_by\": \"5e4839cd1c2d53001dcc0696\",\n      \"id\": \"5f6853df5ee4c9001d2b96c9\"\n    },\n    \"description\": \"Universal Support for all Popular Build Tools\\n- Store and distribute Maven/Java, npm, NuGet, Helm, Docker, P2, OBR, APT, GO, R, Conan components and more.\\n- Manage components from dev through delivery: binaries, containers, assemblies, and finished goods.\\n- Awesome support for the Java Virtual Machine (JVM) ecosystem, including Gradle, Ant, Maven, and Ivy.\\n\",\n    \"jobs\": [\n      {\n        \"education\": false,\n        \"includeOnResume\": true,\n        \"attachments\": [],\n        \"skills\": [\n          \"5f635b3f5ee4c9001d2b962f\",\n          \"5f635b8b5ee4c9001d2b9634\",\n          \"5f635c185ee4c9001d2b963a\",\n          \"5f635c2e5ee4c9001d2b963c\",\n          \"5f635c675ee4c9001d2b9640\",\n          \"5f635c745ee4c9001d2b9641\",\n          \"5f635c845ee4c9001d2b9642\",\n          \"5f635cb65ee4c9001d2b9644\",\n          \"5f635cc45ee4c9001d2b9645\",\n          \"5f635cdc5ee4c9001d2b9646\",\n          \"5f635ceb5ee4c9001d2b9647\",\n          \"5f635d045ee4c9001d2b9649\",\n          \"5f635d115ee4c9001d2b964a\",\n          \"5f635d1e5ee4c9001d2b964b\",\n          \"5f635d2c5ee4c9001d2b964c\",\n          \"5f635d425ee4c9001d2b964d\",\n          \"5f635d7e5ee4c9001d2b964f\",\n          \"5f635d875ee4c9001d2b9650\",\n          \"5f635d905ee4c9001d2b9651\",\n          \"5f635d9e5ee4c9001d2b9652\",\n          \"5f635da95ee4c9001d2b9653\",\n          \"5f635dbe5ee4c9001d2b9655\",\n          \"5f635dde5ee4c9001d2b9658\",\n          \"5f635e235ee4c9001d2b965b\",\n          \"5f635e595ee4c9001d2b965f\",\n          \"5f635e755ee4c9001d2b9662\",\n          \"5f635df45ee4c9001d2b965a\",\n          \"5f635de75ee4c9001d2b9659\",\n          \"5f635e7d5ee4c9001d2b9663\",\n          \"5f635e885ee4c9001d2b9664\",\n          \"5f635ea45ee4c9001d2b9666\",\n          \"5f635ee35ee4c9001d2b9668\",\n          \"602236d69dc383001e945ddc\",\n          \"6029446c9dc383001e945de9\",\n          \"5f635b6a5ee4c9001d2b9632\",\n          \"5f635bb85ee4c9001d2b9635\"\n        ],\n        \"_id\": \"5e53713a11c196001d06f91a\",\n        \"title\": \"Senior Director, Java Development\",\n        \"startDate\": \"2011-07-12\",\n        \"createdAt\": \"2020-02-24T06:46:18.484Z\",\n        \"updatedAt\": \"2021-02-26T22:37:22.370Z\",\n        \"__v\": 0,\n        \"company\": \"Universal Music Publishing\",\n        \"companyUrl\": \"https://www.umusicpub.com/\",\n        \"endDate\": \"2018-08-11\",\n        \"shortDescription\": \"Technology leader in cloud native development for business critical applications.\",\n        \"companyImage\": {\n          \"_id\": \"5f6618325ee4c9001d2b969c\",\n          \"name\": \"umpg.png\",\n          \"alternativeText\": \"\",\n          \"caption\": \"\",\n          \"hash\": \"umpg_121becd400\",\n          \"ext\": \".png\",\n          \"mime\": \"image/png\",\n          \"size\": 129.45,\n          \"width\": 400,\n          \"height\": 400,\n          \"url\": \"/uploads/umpg_121becd400.png\",\n          \"formats\": {\n            \"thumbnail\": {\n              \"name\": \"thumbnail_umpg.png\",\n              \"hash\": \"thumbnail_umpg_121becd400\",\n              \"ext\": \".png\",\n              \"mime\": \"image/png\",\n              \"width\": 156,\n              \"height\": 156,\n              \"size\": 31.14,\n              \"path\": null,\n              \"url\": \"/uploads/thumbnail_umpg_121becd400.png\"\n            }\n          },\n          \"provider\": \"local\",\n          \"related\": [\n            \"5e53713a11c196001d06f91a\"\n          ],\n          \"createdAt\": \"2020-09-19T14:39:46.169Z\",\n          \"updatedAt\": \"2021-02-08T08:15:39.296Z\",\n          \"__v\": 0,\n          \"created_by\": \"5e4839cd1c2d53001dcc0696\",\n          \"updated_by\": \"5e4839cd1c2d53001dcc0696\",\n          \"id\": \"5f6618325ee4c9001d2b969c\"\n        },\n        \"updated_by\": \"5e4839cd1c2d53001dcc0696\",\n        \"longDescription\": \"Responsible for architecture and delivery of greenfield internal and public facing business applications. Super scrum master, removing obstacles for four dynamic scrum teams. Frequent commiter.\\n\\nRe-architecture of multiple monoliths with single points of failure to AWS,resulting in scalable, fault tolerant software reducing the operational cost significantly.\\n\\nIntroduced automated testing as a development activity utilising technologies such as cucumber, selenium, docker which allows for far shorter release cycles.\\n\\nDesigned the company's first 'serverless' application at AWS, Utilising ECS Fargate, Lambda, SQS, SNS, ElasticSearch, S3.\",\n        \"location\": \"London\",\n        \"id\": \"5e53713a11c196001d06f91a\"\n      },\n      {\n        \"education\": false,\n        \"includeOnResume\": true,\n        \"attachments\": [],\n        \"skills\": [\n          \"5f635b7e5ee4c9001d2b9633\",\n          \"5f635b8b5ee4c9001d2b9634\",\n          \"5f635bf05ee4c9001d2b9637\",\n          \"5f635c0f5ee4c9001d2b9639\",\n          \"5f635c185ee4c9001d2b963a\",\n          \"5f635c1e5ee4c9001d2b963b\",\n          \"5f635c005ee4c9001d2b9638\",\n          \"5f635c2e5ee4c9001d2b963c\",\n          \"5f635c4f5ee4c9001d2b963f\",\n          \"5f635c675ee4c9001d2b9640\",\n          \"5f635c745ee4c9001d2b9641\",\n          \"5f635c845ee4c9001d2b9642\",\n          \"5f635ceb5ee4c9001d2b9647\",\n          \"5f635cf75ee4c9001d2b9648\",\n          \"5f635d045ee4c9001d2b9649\",\n          \"5f635d115ee4c9001d2b964a\",\n          \"5f635d1e5ee4c9001d2b964b\",\n          \"5f635d2c5ee4c9001d2b964c\",\n          \"5f635d425ee4c9001d2b964d\",\n          \"5f635d905ee4c9001d2b9651\",\n          \"5f635db55ee4c9001d2b9654\",\n          \"5f635dde5ee4c9001d2b9658\",\n          \"5f635e235ee4c9001d2b965b\",\n          \"5f635e2c5ee4c9001d2b965c\",\n          \"5f635e935ee4c9001d2b9665\",\n          \"5f635ef05ee4c9001d2b9669\",\n          \"5f635f8f5ee4c9001d2b966c\",\n          \"5f635f995ee4c9001d2b966d\",\n          \"5f635f025ee4c9001d2b966b\",\n          \"5f63608d5ee4c9001d2b966e\",\n          \"602234ba9dc383001e945dd6\",\n          \"5f635b555ee4c9001d2b9631\",\n          \"5f635b6a5ee4c9001d2b9632\",\n          \"5f635ca45ee4c9001d2b9643\",\n          \"5f635eae5ee4c9001d2b9667\",\n          \"5f635ef75ee4c9001d2b966a\",\n          \"5f635c375ee4c9001d2b963d\",\n          \"5f635e625ee4c9001d2b9660\",\n          \"5f635dd35ee4c9001d2b9657\",\n          \"5f635bb85ee4c9001d2b9635\",\n          \"60291c5d9dc383001e945de2\"\n        ],\n        \"_id\": \"5eedd4803c8d74001e4497f5\",\n        \"startDate\": \"2020-05-04\",\n        \"company\": \"Y-Tree\",\n        \"companyUrl\": \"https://y-tree.com/\",\n        \"title\": \"Senior Developer\",\n        \"createdAt\": \"2020-06-20T09:18:56.102Z\",\n        \"updatedAt\": \"2021-02-26T22:39:33.470Z\",\n        \"__v\": 0,\n        \"companyImage\": {\n          \"_id\": \"5eedd46e3c8d74001e4497f4\",\n          \"name\": \"YTree\",\n          \"alternativeText\": \"\",\n          \"caption\": \"\",\n          \"hash\": \"YT_ree_50b80993fc\",\n          \"ext\": \".png\",\n          \"mime\": \"image/png\",\n          \"size\": 6.33,\n          \"width\": 200,\n          \"height\": 200,\n          \"url\": \"/uploads/YT_ree_50b80993fc.png\",\n          \"formats\": {\n            \"thumbnail\": {\n              \"hash\": \"thumbnail_YT_ree_50b80993fc\",\n              \"ext\": \".png\",\n              \"mime\": \"image/png\",\n              \"width\": 156,\n              \"height\": 156,\n              \"size\": 10.07,\n              \"path\": null,\n              \"url\": \"/uploads/thumbnail_YT_ree_50b80993fc.png\"\n            }\n          },\n          \"provider\": \"local\",\n          \"related\": [\n            \"5eedd4803c8d74001e4497f5\"\n          ],\n          \"createdAt\": \"2020-06-20T09:18:38.337Z\",\n          \"updatedAt\": \"2020-06-20T09:18:56.106Z\",\n          \"__v\": 0,\n          \"id\": \"5eedd46e3c8d74001e4497f4\"\n        },\n        \"shortDescription\": \"Lead Developer of exciting fin-tech platform composed of event-driven and restful microservices.\",\n        \"updated_by\": \"5e4839cd1c2d53001dcc0696\",\n        \"longDescription\": \"Lead Developer of exciting fin-tech platform composed of event-driven and restful microservices.\\n\\nHeavily involved in transforming a monolithic application into a suite of fault-tolerant event-driven and restful microservices written with Kotlin and Spring Boot. \\n\\nLead a cloud-native transformation by improving the path to production of services by introducing a number of tools and technologies to aide with continuous delivery of features:\\n\\n-  Cucumber for integration testing\\n-  Pact for contract testing (consumer-driven contracts for both synchronous (HTTP) and event-driven (Kafka) communication)\\n-  Test Containers for component testing\\n-  Use of Spring Cloud Kubernetes and Spring Cloud vault for environment-specific configuration (as per the [12-factor app](https://12factor.net/))\\n- Jenkin X pipelines to build and deploy helm charts for each service and environment.\\n- Keycloak for identity management.\\n- Rolling updates of k8s deployments for no-outage releases.\\n\\nAlso contributed to the YTree technical blog sharing knowledge amongst the team in the form of both written blogs and recorded videos. \\n\\n\\n\\n\\n\\n\",\n        \"location\": \"London\",\n        \"id\": \"5eedd4803c8d74001e4497f5\"\n      }\n    ],\n    \"blogs\": [],\n    \"id\": \"5f635c675ee4c9001d2b9640\"\n  },\n  {\n    \"includeOnResume\": false,\n    \"_id\": \"5f635c745ee4c9001d2b9641\",\n    \"name\": \"Docker\",\n    \"rating\": 9,\n    \"createdAt\": \"2020-09-17T12:54:12.792Z\",\n    \"updatedAt\": \"2020-09-22T21:24:51.714Z\",\n    \"__v\": 0,\n    \"created_by\": {\n      \"_id\": \"5e4839cd1c2d53001dcc0696\",\n      \"username\": \"simon.rowe@gmail.com\",\n      \"createdAt\": \"2020-02-15T18:34:53.155Z\",\n      \"updatedAt\": \"2020-09-17T07:45:13.526Z\",\n      \"__v\": 0,\n      \"id\": \"5e4839cd1c2d53001dcc0696\"\n    },\n    \"updated_by\": {\n      \"_id\": \"5e4839cd1c2d53001dcc0696\",\n      \"username\": \"simon.rowe@gmail.com\",\n      \"createdAt\": \"2020-02-15T18:34:53.155Z\",\n      \"updatedAt\": \"2020-09-17T07:45:13.526Z\",\n      \"__v\": 0,\n      \"id\": \"5e4839cd1c2d53001dcc0696\"\n    },\n    \"image\": {\n      \"_id\": \"5f6854055ee4c9001d2b96cb\",\n      \"name\": \"docker.jpg\",\n      \"alternativeText\": \"\",\n      \"caption\": \"\",\n      \"hash\": \"docker_7c96f92432\",\n      \"ext\": \".jpg\",\n      \"mime\": \"image/jpeg\",\n      \"size\": 48.98,\n      \"width\": 1920,\n      \"height\": 773,\n      \"url\": \"/uploads/docker_7c96f92432.jpg\",\n      \"formats\": {\n        \"thumbnail\": {\n          \"name\": \"thumbnail_docker.jpg\",\n          \"hash\": \"thumbnail_docker_7c96f92432\",\n          \"ext\": \".jpg\",\n          \"mime\": \"image/jpeg\",\n          \"width\": 245,\n          \"height\": 99,\n          \"size\": 3.9,\n          \"path\": null,\n          \"url\": \"/uploads/thumbnail_docker_7c96f92432.jpg\"\n        },\n        \"large\": {\n          \"name\": \"large_docker.jpg\",\n          \"hash\": \"large_docker_7c96f92432\",\n          \"ext\": \".jpg\",\n          \"mime\": \"image/jpeg\",\n          \"width\": 1000,\n          \"height\": 403,\n          \"size\": 22.78,\n          \"path\": null,\n          \"url\": \"/uploads/large_docker_7c96f92432.jpg\"\n        },\n        \"medium\": {\n          \"name\": \"medium_docker.jpg\",\n          \"hash\": \"medium_docker_7c96f92432\",\n          \"ext\": \".jpg\",\n          \"mime\": \"image/jpeg\",\n          \"width\": 750,\n          \"height\": 302,\n          \"size\": 16.09,\n          \"path\": null,\n          \"url\": \"/uploads/medium_docker_7c96f92432.jpg\"\n        },\n        \"small\": {\n          \"name\": \"small_docker.jpg\",\n          \"hash\": \"small_docker_7c96f92432\",\n          \"ext\": \".jpg\",\n          \"mime\": \"image/jpeg\",\n          \"width\": 500,\n          \"height\": 201,\n          \"size\": 9.27,\n          \"path\": null,\n          \"url\": \"/uploads/small_docker_7c96f92432.jpg\"\n        }\n      },\n      \"provider\": \"local\",\n      \"related\": [\n        \"5f635c745ee4c9001d2b9641\"\n      ],\n      \"createdAt\": \"2020-09-21T07:19:33.005Z\",\n      \"updatedAt\": \"2020-09-21T07:19:36.606Z\",\n      \"__v\": 0,\n      \"created_by\": \"5e4839cd1c2d53001dcc0696\",\n      \"updated_by\": \"5e4839cd1c2d53001dcc0696\",\n      \"id\": \"5f6854055ee4c9001d2b96cb\"\n    },\n    \"description\": \"Docker is a set of platform as a service (PaaS) products that use OS-level virtualization to deliver software in packages called containers. Containers are isolated from one another and bundle their own software, libraries and configuration files; they can communicate with each other through well-defined channels. All containers are run by a single operating system kernel and therefore use fewer resources than virtual machines\",\n    \"jobs\": [\n      {\n        \"education\": false,\n        \"includeOnResume\": true,\n        \"attachments\": [],\n        \"skills\": [\n          \"5f635b7e5ee4c9001d2b9633\",\n          \"5f635b8b5ee4c9001d2b9634\",\n          \"5f635c0f5ee4c9001d2b9639\",\n          \"5f635c1e5ee4c9001d2b963b\",\n          \"5f635c2e5ee4c9001d2b963c\",\n          \"5f635c745ee4c9001d2b9641\",\n          \"5f635c845ee4c9001d2b9642\",\n          \"5f635d1e5ee4c9001d2b964b\",\n          \"5f635d2c5ee4c9001d2b964c\",\n          \"5f635d905ee4c9001d2b9651\",\n          \"5f635db55ee4c9001d2b9654\",\n          \"5f635e365ee4c9001d2b965d\",\n          \"5f635e235ee4c9001d2b965b\",\n          \"5f635e2c5ee4c9001d2b965c\",\n          \"5f635e405ee4c9001d2b965e\",\n          \"5f635e935ee4c9001d2b9665\",\n          \"5f635f025ee4c9001d2b966b\",\n          \"5f635c185ee4c9001d2b963a\",\n          \"5f635ceb5ee4c9001d2b9647\",\n          \"5f635cf75ee4c9001d2b9648\",\n          \"5f635d045ee4c9001d2b9649\",\n          \"5f635d115ee4c9001d2b964a\",\n          \"5f63608d5ee4c9001d2b966e\",\n          \"602234ba9dc383001e945dd6\",\n          \"5f635b495ee4c9001d2b9630\",\n          \"5f635b555ee4c9001d2b9631\",\n          \"5f635b6a5ee4c9001d2b9632\",\n          \"5f635ca45ee4c9001d2b9643\",\n          \"5f635eae5ee4c9001d2b9667\",\n          \"5f635ef75ee4c9001d2b966a\",\n          \"5f635e625ee4c9001d2b9660\",\n          \"5f635dd35ee4c9001d2b9657\",\n          \"5f635bb85ee4c9001d2b9635\"\n        ],\n        \"_id\": \"5e53704f11c196001d06f914\",\n        \"title\": \"Software Engineering Lead\",\n        \"startDate\": \"2019-04-15\",\n        \"company\": \"Upp Technologies\",\n        \"companyUrl\": \"https://upp.ai\",\n        \"shortDescription\": \"Hands-on lead engineer in a small cross-functional team.\\n\",\n        \"createdAt\": \"2020-02-24T06:42:23.147Z\",\n        \"updatedAt\": \"2021-02-26T22:37:22.370Z\",\n        \"__v\": 0,\n        \"endDate\": \"2020-05-01\",\n        \"companyImage\": {\n          \"_id\": \"6020f0499dc383001e945dd3\",\n          \"name\": \"upp.png\",\n          \"alternativeText\": \"\",\n          \"caption\": \"\",\n          \"hash\": \"upp_4780c5270b\",\n          \"ext\": \".png\",\n          \"mime\": \"image/png\",\n          \"size\": 2.21,\n          \"width\": 141,\n          \"height\": 106,\n          \"url\": \"/uploads/upp_4780c5270b.png\",\n          \"provider\": \"local\",\n          \"related\": [\n            \"5e53704f11c196001d06f914\"\n          ],\n          \"createdAt\": \"2021-02-08T08:03:21.134Z\",\n          \"updatedAt\": \"2021-02-08T08:03:37.545Z\",\n          \"__v\": 0,\n          \"created_by\": \"5e4839cd1c2d53001dcc0696\",\n          \"updated_by\": \"5e4839cd1c2d53001dcc0696\",\n          \"id\": \"6020f0499dc383001e945dd3\"\n        },\n        \"updated_by\": \"5e4839cd1c2d53001dcc0696\",\n        \"longDescription\": \"Lead Engineer working on all verticals (front end, backend, ops) of the Upp Intelligent Platform. Lead a small cross-functional team of 5 to deliver an event-driven, microservices architecture compromising of the following modules:\\n\\n* Onboarding - data ingestion from 3rd party product providers such as Magento, Shopify and others in conjunction with IPaas (Integration Platform as a Service) This module also consisted of a proprietary data mapping solution.\\n* Products - enrichment, bulk operations and search functionality (using an inverted index).\\n* Margin Hub - a suite of microservices integrating numerous different data points to report on product profitability and suggest intelligent actions to optimise margin.\\n\\n\\nIn addition to leading feature development, my role also comprised of promoting best practises amongst other agile teams including but not limited to:\\n\\n* Creating a customized version of spring initializr that generated skeleton services with all required libraries, Jenkins pipeline definitions, Kubernetes manifest files etc so developers could concentrate on delivering business logic and not plumbing;\\n* Spring Boot starter library for event sourcing\\n* Component testing using test containers\\n* Service - Service authentication using OIDC client credentials with keycloak.\",\n        \"location\": \"London\",\n        \"id\": \"5e53704f11c196001d06f914\"\n      },\n      {\n        \"education\": false,\n        \"includeOnResume\": true,\n        \"attachments\": [],\n        \"skills\": [\n          \"5f635b3f5ee4c9001d2b962f\",\n          \"5f635b7e5ee4c9001d2b9633\",\n          \"5f635b8b5ee4c9001d2b9634\",\n          \"5f635bcd5ee4c9001d2b9636\",\n          \"5f635bf05ee4c9001d2b9637\",\n          \"5f635c1e5ee4c9001d2b963b\",\n          \"5f635c455ee4c9001d2b963e\",\n          \"5f635c745ee4c9001d2b9641\",\n          \"5f635c845ee4c9001d2b9642\",\n          \"5f635d645ee4c9001d2b964e\",\n          \"5f635d425ee4c9001d2b964d\",\n          \"5f635c185ee4c9001d2b963a\",\n          \"5f635da95ee4c9001d2b9653\",\n          \"5f635e405ee4c9001d2b965e\",\n          \"5f635e365ee4c9001d2b965d\",\n          \"5f635ea45ee4c9001d2b9666\",\n          \"602235769dc383001e945dd9\",\n          \"5f63608d5ee4c9001d2b966e\",\n          \"5f635b495ee4c9001d2b9630\",\n          \"5f635b6a5ee4c9001d2b9632\",\n          \"5f635ca45ee4c9001d2b9643\",\n          \"5f635bb85ee4c9001d2b9635\"\n        ],\n        \"_id\": \"5e5370e311c196001d06f917\",\n        \"title\": \"Senior Platform Architect\",\n        \"startDate\": \"2018-08-01\",\n        \"endDate\": \"2019-04-12\",\n        \"company\": \"Pivotal\",\n        \"companyUrl\": \"https://pivotal.io/\",\n        \"shortDescription\": \"Applications Focused Platform Architect specialising in cloud native development.\",\n        \"createdAt\": \"2020-02-24T06:44:51.218Z\",\n        \"updatedAt\": \"2021-02-26T22:37:22.370Z\",\n        \"__v\": 0,\n        \"companyImage\": {\n          \"_id\": \"5f6618165ee4c9001d2b969a\",\n          \"name\": \"pivotal (1).png\",\n          \"alternativeText\": \"\",\n          \"caption\": \"\",\n          \"hash\": \"pivotal_1_06ffe33158\",\n          \"ext\": \".png\",\n          \"mime\": \"image/jpeg\",\n          \"size\": 1.9,\n          \"width\": 200,\n          \"height\": 200,\n          \"url\": \"/uploads/pivotal_1_06ffe33158.png\",\n          \"formats\": {\n            \"thumbnail\": {\n              \"name\": \"thumbnail_pivotal (1).png\",\n              \"hash\": \"thumbnail_pivotal_1_06ffe33158\",\n              \"ext\": \".png\",\n              \"mime\": \"image/jpeg\",\n              \"width\": 156,\n              \"height\": 156,\n              \"size\": 1.52,\n              \"path\": null,\n              \"url\": \"/uploads/thumbnail_pivotal_1_06ffe33158.png\"\n            }\n          },\n          \"provider\": \"local\",\n          \"related\": [\n            \"5e5370e311c196001d06f917\"\n          ],\n          \"createdAt\": \"2020-09-19T14:39:18.005Z\",\n          \"updatedAt\": \"2021-02-08T08:20:54.295Z\",\n          \"__v\": 0,\n          \"created_by\": \"5e4839cd1c2d53001dcc0696\",\n          \"updated_by\": \"5e4839cd1c2d53001dcc0696\",\n          \"id\": \"5f6618165ee4c9001d2b969a\"\n        },\n        \"updated_by\": \"5e4839cd1c2d53001dcc0696\",\n        \"longDescription\": \"Applications focused platform architect, aiding clients to become successful by building cloud-native apps utilizing the Spring ecosystem and platforms like Cloud Foundry and Kubernetes.\\n\\nDuties included:\\n- Delivering Cloud-Native Developer and other workshops to a number of clients which contained topics (not limited to):\\n  - Introduction to Spring Boot\\n  - Reactive programming with Spring Boot and Project Reactor\\n  - Producer driven contracts with Spring Cloud Contract\\n  - Cloud Foundry and BOSH\\n  - The mechanics behind ```cf push``` and the service broker.\\n  - Buildpacks\\n  - Steeltoe\\n\\n- Speaking at the cloud-native meetups and webinars including the most ever subscribed webinar for Pivotal EMEA (at the time): [Securing microservices with Spring and Cloud Foundry](https://www.brighttalk.com/webcast/14883/345709/securing-microservices-with-spring-and-pivotal-cloud-foundry)\\n\\n- Pre-sales pitches to prospective clients outlining the positive outcomes of building cloud-native apps with spring and running them with Cloud Foundry.\",\n        \"location\": \"London\",\n        \"id\": \"5e5370e311c196001d06f917\"\n      },\n      {\n        \"education\": false,\n        \"includeOnResume\": true,\n        \"attachments\": [],\n        \"skills\": [\n          \"5f635b3f5ee4c9001d2b962f\",\n          \"5f635b8b5ee4c9001d2b9634\",\n          \"5f635c185ee4c9001d2b963a\",\n          \"5f635c2e5ee4c9001d2b963c\",\n          \"5f635c675ee4c9001d2b9640\",\n          \"5f635c745ee4c9001d2b9641\",\n          \"5f635c845ee4c9001d2b9642\",\n          \"5f635cb65ee4c9001d2b9644\",\n          \"5f635cc45ee4c9001d2b9645\",\n          \"5f635cdc5ee4c9001d2b9646\",\n          \"5f635ceb5ee4c9001d2b9647\",\n          \"5f635d045ee4c9001d2b9649\",\n          \"5f635d115ee4c9001d2b964a\",\n          \"5f635d1e5ee4c9001d2b964b\",\n          \"5f635d2c5ee4c9001d2b964c\",\n          \"5f635d425ee4c9001d2b964d\",\n          \"5f635d7e5ee4c9001d2b964f\",\n          \"5f635d875ee4c9001d2b9650\",\n          \"5f635d905ee4c9001d2b9651\",\n          \"5f635d9e5ee4c9001d2b9652\",\n          \"5f635da95ee4c9001d2b9653\",\n          \"5f635dbe5ee4c9001d2b9655\",\n          \"5f635dde5ee4c9001d2b9658\",\n          \"5f635e235ee4c9001d2b965b\",\n          \"5f635e595ee4c9001d2b965f\",\n          \"5f635e755ee4c9001d2b9662\",\n          \"5f635df45ee4c9001d2b965a\",\n          \"5f635de75ee4c9001d2b9659\",\n          \"5f635e7d5ee4c9001d2b9663\",\n          \"5f635e885ee4c9001d2b9664\",\n          \"5f635ea45ee4c9001d2b9666\",\n          \"5f635ee35ee4c9001d2b9668\",\n          \"602236d69dc383001e945ddc\",\n          \"6029446c9dc383001e945de9\",\n          \"5f635b6a5ee4c9001d2b9632\",\n          \"5f635bb85ee4c9001d2b9635\"\n        ],\n        \"_id\": \"5e53713a11c196001d06f91a\",\n        \"title\": \"Senior Director, Java Development\",\n        \"startDate\": \"2011-07-12\",\n        \"createdAt\": \"2020-02-24T06:46:18.484Z\",\n        \"updatedAt\": \"2021-02-26T22:37:22.370Z\",\n        \"__v\": 0,\n        \"company\": \"Universal Music Publishing\",\n        \"companyUrl\": \"https://www.umusicpub.com/\",\n        \"endDate\": \"2018-08-11\",\n        \"shortDescription\": \"Technology leader in cloud native development for business critical applications.\",\n        \"companyImage\": {\n          \"_id\": \"5f6618325ee4c9001d2b969c\",\n          \"name\": \"umpg.png\",\n          \"alternativeText\": \"\",\n          \"caption\": \"\",\n          \"hash\": \"umpg_121becd400\",\n          \"ext\": \".png\",\n          \"mime\": \"image/png\",\n          \"size\": 129.45,\n          \"width\": 400,\n          \"height\": 400,\n          \"url\": \"/uploads/umpg_121becd400.png\",\n          \"formats\": {\n            \"thumbnail\": {\n              \"name\": \"thumbnail_umpg.png\",\n              \"hash\": \"thumbnail_umpg_121becd400\",\n              \"ext\": \".png\",\n              \"mime\": \"image/png\",\n              \"width\": 156,\n              \"height\": 156,\n              \"size\": 31.14,\n              \"path\": null,\n              \"url\": \"/uploads/thumbnail_umpg_121becd400.png\"\n            }\n          },\n          \"provider\": \"local\",\n          \"related\": [\n            \"5e53713a11c196001d06f91a\"\n          ],\n          \"createdAt\": \"2020-09-19T14:39:46.169Z\",\n          \"updatedAt\": \"2021-02-08T08:15:39.296Z\",\n          \"__v\": 0,\n          \"created_by\": \"5e4839cd1c2d53001dcc0696\",\n          \"updated_by\": \"5e4839cd1c2d53001dcc0696\",\n          \"id\": \"5f6618325ee4c9001d2b969c\"\n        },\n        \"updated_by\": \"5e4839cd1c2d53001dcc0696\",\n        \"longDescription\": \"Responsible for architecture and delivery of greenfield internal and public facing business applications. Super scrum master, removing obstacles for four dynamic scrum teams. Frequent commiter.\\n\\nRe-architecture of multiple monoliths with single points of failure to AWS,resulting in scalable, fault tolerant software reducing the operational cost significantly.\\n\\nIntroduced automated testing as a development activity utilising technologies such as cucumber, selenium, docker which allows for far shorter release cycles.\\n\\nDesigned the company's first 'serverless' application at AWS, Utilising ECS Fargate, Lambda, SQS, SNS, ElasticSearch, S3.\",\n        \"location\": \"London\",\n        \"id\": \"5e53713a11c196001d06f91a\"\n      },\n      {\n        \"education\": false,\n        \"includeOnResume\": true,\n        \"attachments\": [],\n        \"skills\": [\n          \"5f635b7e5ee4c9001d2b9633\",\n          \"5f635b8b5ee4c9001d2b9634\",\n          \"5f635bf05ee4c9001d2b9637\",\n          \"5f635c0f5ee4c9001d2b9639\",\n          \"5f635c185ee4c9001d2b963a\",\n          \"5f635c1e5ee4c9001d2b963b\",\n          \"5f635c005ee4c9001d2b9638\",\n          \"5f635c2e5ee4c9001d2b963c\",\n          \"5f635c4f5ee4c9001d2b963f\",\n          \"5f635c675ee4c9001d2b9640\",\n          \"5f635c745ee4c9001d2b9641\",\n          \"5f635c845ee4c9001d2b9642\",\n          \"5f635ceb5ee4c9001d2b9647\",\n          \"5f635cf75ee4c9001d2b9648\",\n          \"5f635d045ee4c9001d2b9649\",\n          \"5f635d115ee4c9001d2b964a\",\n          \"5f635d1e5ee4c9001d2b964b\",\n          \"5f635d2c5ee4c9001d2b964c\",\n          \"5f635d425ee4c9001d2b964d\",\n          \"5f635d905ee4c9001d2b9651\",\n          \"5f635db55ee4c9001d2b9654\",\n          \"5f635dde5ee4c9001d2b9658\",\n          \"5f635e235ee4c9001d2b965b\",\n          \"5f635e2c5ee4c9001d2b965c\",\n          \"5f635e935ee4c9001d2b9665\",\n          \"5f635ef05ee4c9001d2b9669\",\n          \"5f635f8f5ee4c9001d2b966c\",\n          \"5f635f995ee4c9001d2b966d\",\n          \"5f635f025ee4c9001d2b966b\",\n          \"5f63608d5ee4c9001d2b966e\",\n          \"602234ba9dc383001e945dd6\",\n          \"5f635b555ee4c9001d2b9631\",\n          \"5f635b6a5ee4c9001d2b9632\",\n          \"5f635ca45ee4c9001d2b9643\",\n          \"5f635eae5ee4c9001d2b9667\",\n          \"5f635ef75ee4c9001d2b966a\",\n          \"5f635c375ee4c9001d2b963d\",\n          \"5f635e625ee4c9001d2b9660\",\n          \"5f635dd35ee4c9001d2b9657\",\n          \"5f635bb85ee4c9001d2b9635\",\n          \"60291c5d9dc383001e945de2\"\n        ],\n        \"_id\": \"5eedd4803c8d74001e4497f5\",\n        \"startDate\": \"2020-05-04\",\n        \"company\": \"Y-Tree\",\n        \"companyUrl\": \"https://y-tree.com/\",\n        \"title\": \"Senior Developer\",\n        \"createdAt\": \"2020-06-20T09:18:56.102Z\",\n        \"updatedAt\": \"2021-02-26T22:39:33.470Z\",\n        \"__v\": 0,\n        \"companyImage\": {\n          \"_id\": \"5eedd46e3c8d74001e4497f4\",\n          \"name\": \"YTree\",\n          \"alternativeText\": \"\",\n          \"caption\": \"\",\n          \"hash\": \"YT_ree_50b80993fc\",\n          \"ext\": \".png\",\n          \"mime\": \"image/png\",\n          \"size\": 6.33,\n          \"width\": 200,\n          \"height\": 200,\n          \"url\": \"/uploads/YT_ree_50b80993fc.png\",\n          \"formats\": {\n            \"thumbnail\": {\n              \"hash\": \"thumbnail_YT_ree_50b80993fc\",\n              \"ext\": \".png\",\n              \"mime\": \"image/png\",\n              \"width\": 156,\n              \"height\": 156,\n              \"size\": 10.07,\n              \"path\": null,\n              \"url\": \"/uploads/thumbnail_YT_ree_50b80993fc.png\"\n            }\n          },\n          \"provider\": \"local\",\n          \"related\": [\n            \"5eedd4803c8d74001e4497f5\"\n          ],\n          \"createdAt\": \"2020-06-20T09:18:38.337Z\",\n          \"updatedAt\": \"2020-06-20T09:18:56.106Z\",\n          \"__v\": 0,\n          \"id\": \"5eedd46e3c8d74001e4497f4\"\n        },\n        \"shortDescription\": \"Lead Developer of exciting fin-tech platform composed of event-driven and restful microservices.\",\n        \"updated_by\": \"5e4839cd1c2d53001dcc0696\",\n        \"longDescription\": \"Lead Developer of exciting fin-tech platform composed of event-driven and restful microservices.\\n\\nHeavily involved in transforming a monolithic application into a suite of fault-tolerant event-driven and restful microservices written with Kotlin and Spring Boot. \\n\\nLead a cloud-native transformation by improving the path to production of services by introducing a number of tools and technologies to aide with continuous delivery of features:\\n\\n-  Cucumber for integration testing\\n-  Pact for contract testing (consumer-driven contracts for both synchronous (HTTP) and event-driven (Kafka) communication)\\n-  Test Containers for component testing\\n-  Use of Spring Cloud Kubernetes and Spring Cloud vault for environment-specific configuration (as per the [12-factor app](https://12factor.net/))\\n- Jenkin X pipelines to build and deploy helm charts for each service and environment.\\n- Keycloak for identity management.\\n- Rolling updates of k8s deployments for no-outage releases.\\n\\nAlso contributed to the YTree technical blog sharing knowledge amongst the team in the form of both written blogs and recorded videos. \\n\\n\\n\\n\\n\\n\",\n        \"location\": \"London\",\n        \"id\": \"5eedd4803c8d74001e4497f5\"\n      }\n    ],\n    \"blogs\": [],\n    \"id\": \"5f635c745ee4c9001d2b9641\"\n  },\n  {\n    \"includeOnResume\": false,\n    \"_id\": \"5f635c845ee4c9001d2b9642\",\n    \"name\": \"Git\",\n    \"rating\": 8.5,\n    \"createdAt\": \"2020-09-17T12:54:28.354Z\",\n    \"updatedAt\": \"2020-09-22T21:25:42.765Z\",\n    \"__v\": 0,\n    \"created_by\": {\n      \"_id\": \"5e4839cd1c2d53001dcc0696\",\n      \"username\": \"simon.rowe@gmail.com\",\n      \"createdAt\": \"2020-02-15T18:34:53.155Z\",\n      \"updatedAt\": \"2020-09-17T07:45:13.526Z\",\n      \"__v\": 0,\n      \"id\": \"5e4839cd1c2d53001dcc0696\"\n    },\n    \"updated_by\": {\n      \"_id\": \"5e4839cd1c2d53001dcc0696\",\n      \"username\": \"simon.rowe@gmail.com\",\n      \"createdAt\": \"2020-02-15T18:34:53.155Z\",\n      \"updatedAt\": \"2020-09-17T07:45:13.526Z\",\n      \"__v\": 0,\n      \"id\": \"5e4839cd1c2d53001dcc0696\"\n    },\n    \"image\": {\n      \"_id\": \"5f6854325ee4c9001d2b96cd\",\n      \"name\": \"git.png\",\n      \"alternativeText\": \"\",\n      \"caption\": \"\",\n      \"hash\": \"git_b7469ae68c\",\n      \"ext\": \".png\",\n      \"mime\": \"image/png\",\n      \"size\": 2.33,\n      \"width\": 200,\n      \"height\": 200,\n      \"url\": \"/uploads/git_b7469ae68c.png\",\n      \"formats\": {\n        \"thumbnail\": {\n          \"name\": \"thumbnail_git.png\",\n          \"hash\": \"thumbnail_git_b7469ae68c\",\n          \"ext\": \".png\",\n          \"mime\": \"image/png\",\n          \"width\": 156,\n          \"height\": 156,\n          \"size\": 7.38,\n          \"path\": null,\n          \"url\": \"/uploads/thumbnail_git_b7469ae68c.png\"\n        }\n      },\n      \"provider\": \"local\",\n      \"related\": [\n        \"5f635c845ee4c9001d2b9642\"\n      ],\n      \"createdAt\": \"2020-09-21T07:20:18.490Z\",\n      \"updatedAt\": \"2020-09-21T07:20:20.982Z\",\n      \"__v\": 0,\n      \"created_by\": \"5e4839cd1c2d53001dcc0696\",\n      \"updated_by\": \"5e4839cd1c2d53001dcc0696\",\n      \"id\": \"5f6854325ee4c9001d2b96cd\"\n    },\n    \"description\": \"Git is a free and open source distributed version control system designed to handle everything from small to very large projects with speed and efficiency. \",\n    \"jobs\": [\n      {\n        \"education\": false,\n        \"includeOnResume\": true,\n        \"attachments\": [],\n        \"skills\": [\n          \"5f635b7e5ee4c9001d2b9633\",\n          \"5f635b8b5ee4c9001d2b9634\",\n          \"5f635c0f5ee4c9001d2b9639\",\n          \"5f635c1e5ee4c9001d2b963b\",\n          \"5f635c2e5ee4c9001d2b963c\",\n          \"5f635c745ee4c9001d2b9641\",\n          \"5f635c845ee4c9001d2b9642\",\n          \"5f635d1e5ee4c9001d2b964b\",\n          \"5f635d2c5ee4c9001d2b964c\",\n          \"5f635d905ee4c9001d2b9651\",\n          \"5f635db55ee4c9001d2b9654\",\n          \"5f635e365ee4c9001d2b965d\",\n          \"5f635e235ee4c9001d2b965b\",\n          \"5f635e2c5ee4c9001d2b965c\",\n          \"5f635e405ee4c9001d2b965e\",\n          \"5f635e935ee4c9001d2b9665\",\n          \"5f635f025ee4c9001d2b966b\",\n          \"5f635c185ee4c9001d2b963a\",\n          \"5f635ceb5ee4c9001d2b9647\",\n          \"5f635cf75ee4c9001d2b9648\",\n          \"5f635d045ee4c9001d2b9649\",\n          \"5f635d115ee4c9001d2b964a\",\n          \"5f63608d5ee4c9001d2b966e\",\n          \"602234ba9dc383001e945dd6\",\n          \"5f635b495ee4c9001d2b9630\",\n          \"5f635b555ee4c9001d2b9631\",\n          \"5f635b6a5ee4c9001d2b9632\",\n          \"5f635ca45ee4c9001d2b9643\",\n          \"5f635eae5ee4c9001d2b9667\",\n          \"5f635ef75ee4c9001d2b966a\",\n          \"5f635e625ee4c9001d2b9660\",\n          \"5f635dd35ee4c9001d2b9657\",\n          \"5f635bb85ee4c9001d2b9635\"\n        ],\n        \"_id\": \"5e53704f11c196001d06f914\",\n        \"title\": \"Software Engineering Lead\",\n        \"startDate\": \"2019-04-15\",\n        \"company\": \"Upp Technologies\",\n        \"companyUrl\": \"https://upp.ai\",\n        \"shortDescription\": \"Hands-on lead engineer in a small cross-functional team.\\n\",\n        \"createdAt\": \"2020-02-24T06:42:23.147Z\",\n        \"updatedAt\": \"2021-02-26T22:37:22.370Z\",\n        \"__v\": 0,\n        \"endDate\": \"2020-05-01\",\n        \"companyImage\": {\n          \"_id\": \"6020f0499dc383001e945dd3\",\n          \"name\": \"upp.png\",\n          \"alternativeText\": \"\",\n          \"caption\": \"\",\n          \"hash\": \"upp_4780c5270b\",\n          \"ext\": \".png\",\n          \"mime\": \"image/png\",\n          \"size\": 2.21,\n          \"width\": 141,\n          \"height\": 106,\n          \"url\": \"/uploads/upp_4780c5270b.png\",\n          \"provider\": \"local\",\n          \"related\": [\n            \"5e53704f11c196001d06f914\"\n          ],\n          \"createdAt\": \"2021-02-08T08:03:21.134Z\",\n          \"updatedAt\": \"2021-02-08T08:03:37.545Z\",\n          \"__v\": 0,\n          \"created_by\": \"5e4839cd1c2d53001dcc0696\",\n          \"updated_by\": \"5e4839cd1c2d53001dcc0696\",\n          \"id\": \"6020f0499dc383001e945dd3\"\n        },\n        \"updated_by\": \"5e4839cd1c2d53001dcc0696\",\n        \"longDescription\": \"Lead Engineer working on all verticals (front end, backend, ops) of the Upp Intelligent Platform. Lead a small cross-functional team of 5 to deliver an event-driven, microservices architecture compromising of the following modules:\\n\\n* Onboarding - data ingestion from 3rd party product providers such as Magento, Shopify and others in conjunction with IPaas (Integration Platform as a Service) This module also consisted of a proprietary data mapping solution.\\n* Products - enrichment, bulk operations and search functionality (using an inverted index).\\n* Margin Hub - a suite of microservices integrating numerous different data points to report on product profitability and suggest intelligent actions to optimise margin.\\n\\n\\nIn addition to leading feature development, my role also comprised of promoting best practises amongst other agile teams including but not limited to:\\n\\n* Creating a customized version of spring initializr that generated skeleton services with all required libraries, Jenkins pipeline definitions, Kubernetes manifest files etc so developers could concentrate on delivering business logic and not plumbing;\\n* Spring Boot starter library for event sourcing\\n* Component testing using test containers\\n* Service - Service authentication using OIDC client credentials with keycloak.\",\n        \"location\": \"London\",\n        \"id\": \"5e53704f11c196001d06f914\"\n      },\n      {\n        \"education\": false,\n        \"includeOnResume\": true,\n        \"attachments\": [],\n        \"skills\": [\n          \"5f635b3f5ee4c9001d2b962f\",\n          \"5f635b7e5ee4c9001d2b9633\",\n          \"5f635b8b5ee4c9001d2b9634\",\n          \"5f635bcd5ee4c9001d2b9636\",\n          \"5f635bf05ee4c9001d2b9637\",\n          \"5f635c1e5ee4c9001d2b963b\",\n          \"5f635c455ee4c9001d2b963e\",\n          \"5f635c745ee4c9001d2b9641\",\n          \"5f635c845ee4c9001d2b9642\",\n          \"5f635d645ee4c9001d2b964e\",\n          \"5f635d425ee4c9001d2b964d\",\n          \"5f635c185ee4c9001d2b963a\",\n          \"5f635da95ee4c9001d2b9653\",\n          \"5f635e405ee4c9001d2b965e\",\n          \"5f635e365ee4c9001d2b965d\",\n          \"5f635ea45ee4c9001d2b9666\",\n          \"602235769dc383001e945dd9\",\n          \"5f63608d5ee4c9001d2b966e\",\n          \"5f635b495ee4c9001d2b9630\",\n          \"5f635b6a5ee4c9001d2b9632\",\n          \"5f635ca45ee4c9001d2b9643\",\n          \"5f635bb85ee4c9001d2b9635\"\n        ],\n        \"_id\": \"5e5370e311c196001d06f917\",\n        \"title\": \"Senior Platform Architect\",\n        \"startDate\": \"2018-08-01\",\n        \"endDate\": \"2019-04-12\",\n        \"company\": \"Pivotal\",\n        \"companyUrl\": \"https://pivotal.io/\",\n        \"shortDescription\": \"Applications Focused Platform Architect specialising in cloud native development.\",\n        \"createdAt\": \"2020-02-24T06:44:51.218Z\",\n        \"updatedAt\": \"2021-02-26T22:37:22.370Z\",\n        \"__v\": 0,\n        \"companyImage\": {\n          \"_id\": \"5f6618165ee4c9001d2b969a\",\n          \"name\": \"pivotal (1).png\",\n          \"alternativeText\": \"\",\n          \"caption\": \"\",\n          \"hash\": \"pivotal_1_06ffe33158\",\n          \"ext\": \".png\",\n          \"mime\": \"image/jpeg\",\n          \"size\": 1.9,\n          \"width\": 200,\n          \"height\": 200,\n          \"url\": \"/uploads/pivotal_1_06ffe33158.png\",\n          \"formats\": {\n            \"thumbnail\": {\n              \"name\": \"thumbnail_pivotal (1).png\",\n              \"hash\": \"thumbnail_pivotal_1_06ffe33158\",\n              \"ext\": \".png\",\n              \"mime\": \"image/jpeg\",\n              \"width\": 156,\n              \"height\": 156,\n              \"size\": 1.52,\n              \"path\": null,\n              \"url\": \"/uploads/thumbnail_pivotal_1_06ffe33158.png\"\n            }\n          },\n          \"provider\": \"local\",\n          \"related\": [\n            \"5e5370e311c196001d06f917\"\n          ],\n          \"createdAt\": \"2020-09-19T14:39:18.005Z\",\n          \"updatedAt\": \"2021-02-08T08:20:54.295Z\",\n          \"__v\": 0,\n          \"created_by\": \"5e4839cd1c2d53001dcc0696\",\n          \"updated_by\": \"5e4839cd1c2d53001dcc0696\",\n          \"id\": \"5f6618165ee4c9001d2b969a\"\n        },\n        \"updated_by\": \"5e4839cd1c2d53001dcc0696\",\n        \"longDescription\": \"Applications focused platform architect, aiding clients to become successful by building cloud-native apps utilizing the Spring ecosystem and platforms like Cloud Foundry and Kubernetes.\\n\\nDuties included:\\n- Delivering Cloud-Native Developer and other workshops to a number of clients which contained topics (not limited to):\\n  - Introduction to Spring Boot\\n  - Reactive programming with Spring Boot and Project Reactor\\n  - Producer driven contracts with Spring Cloud Contract\\n  - Cloud Foundry and BOSH\\n  - The mechanics behind ```cf push``` and the service broker.\\n  - Buildpacks\\n  - Steeltoe\\n\\n- Speaking at the cloud-native meetups and webinars including the most ever subscribed webinar for Pivotal EMEA (at the time): [Securing microservices with Spring and Cloud Foundry](https://www.brighttalk.com/webcast/14883/345709/securing-microservices-with-spring-and-pivotal-cloud-foundry)\\n\\n- Pre-sales pitches to prospective clients outlining the positive outcomes of building cloud-native apps with spring and running them with Cloud Foundry.\",\n        \"location\": \"London\",\n        \"id\": \"5e5370e311c196001d06f917\"\n      },\n      {\n        \"education\": false,\n        \"includeOnResume\": true,\n        \"attachments\": [],\n        \"skills\": [\n          \"5f635b3f5ee4c9001d2b962f\",\n          \"5f635b8b5ee4c9001d2b9634\",\n          \"5f635c185ee4c9001d2b963a\",\n          \"5f635c2e5ee4c9001d2b963c\",\n          \"5f635c675ee4c9001d2b9640\",\n          \"5f635c745ee4c9001d2b9641\",\n          \"5f635c845ee4c9001d2b9642\",\n          \"5f635cb65ee4c9001d2b9644\",\n          \"5f635cc45ee4c9001d2b9645\",\n          \"5f635cdc5ee4c9001d2b9646\",\n          \"5f635ceb5ee4c9001d2b9647\",\n          \"5f635d045ee4c9001d2b9649\",\n          \"5f635d115ee4c9001d2b964a\",\n          \"5f635d1e5ee4c9001d2b964b\",\n          \"5f635d2c5ee4c9001d2b964c\",\n          \"5f635d425ee4c9001d2b964d\",\n          \"5f635d7e5ee4c9001d2b964f\",\n          \"5f635d875ee4c9001d2b9650\",\n          \"5f635d905ee4c9001d2b9651\",\n          \"5f635d9e5ee4c9001d2b9652\",\n          \"5f635da95ee4c9001d2b9653\",\n          \"5f635dbe5ee4c9001d2b9655\",\n          \"5f635dde5ee4c9001d2b9658\",\n          \"5f635e235ee4c9001d2b965b\",\n          \"5f635e595ee4c9001d2b965f\",\n          \"5f635e755ee4c9001d2b9662\",\n          \"5f635df45ee4c9001d2b965a\",\n          \"5f635de75ee4c9001d2b9659\",\n          \"5f635e7d5ee4c9001d2b9663\",\n          \"5f635e885ee4c9001d2b9664\",\n          \"5f635ea45ee4c9001d2b9666\",\n          \"5f635ee35ee4c9001d2b9668\",\n          \"602236d69dc383001e945ddc\",\n          \"6029446c9dc383001e945de9\",\n          \"5f635b6a5ee4c9001d2b9632\",\n          \"5f635bb85ee4c9001d2b9635\"\n        ],\n        \"_id\": \"5e53713a11c196001d06f91a\",\n        \"title\": \"Senior Director, Java Development\",\n        \"startDate\": \"2011-07-12\",\n        \"createdAt\": \"2020-02-24T06:46:18.484Z\",\n        \"updatedAt\": \"2021-02-26T22:37:22.370Z\",\n        \"__v\": 0,\n        \"company\": \"Universal Music Publishing\",\n        \"companyUrl\": \"https://www.umusicpub.com/\",\n        \"endDate\": \"2018-08-11\",\n        \"shortDescription\": \"Technology leader in cloud native development for business critical applications.\",\n        \"companyImage\": {\n          \"_id\": \"5f6618325ee4c9001d2b969c\",\n          \"name\": \"umpg.png\",\n          \"alternativeText\": \"\",\n          \"caption\": \"\",\n          \"hash\": \"umpg_121becd400\",\n          \"ext\": \".png\",\n          \"mime\": \"image/png\",\n          \"size\": 129.45,\n          \"width\": 400,\n          \"height\": 400,\n          \"url\": \"/uploads/umpg_121becd400.png\",\n          \"formats\": {\n            \"thumbnail\": {\n              \"name\": \"thumbnail_umpg.png\",\n              \"hash\": \"thumbnail_umpg_121becd400\",\n              \"ext\": \".png\",\n              \"mime\": \"image/png\",\n              \"width\": 156,\n              \"height\": 156,\n              \"size\": 31.14,\n              \"path\": null,\n              \"url\": \"/uploads/thumbnail_umpg_121becd400.png\"\n            }\n          },\n          \"provider\": \"local\",\n          \"related\": [\n            \"5e53713a11c196001d06f91a\"\n          ],\n          \"createdAt\": \"2020-09-19T14:39:46.169Z\",\n          \"updatedAt\": \"2021-02-08T08:15:39.296Z\",\n          \"__v\": 0,\n          \"created_by\": \"5e4839cd1c2d53001dcc0696\",\n          \"updated_by\": \"5e4839cd1c2d53001dcc0696\",\n          \"id\": \"5f6618325ee4c9001d2b969c\"\n        },\n        \"updated_by\": \"5e4839cd1c2d53001dcc0696\",\n        \"longDescription\": \"Responsible for architecture and delivery of greenfield internal and public facing business applications. Super scrum master, removing obstacles for four dynamic scrum teams. Frequent commiter.\\n\\nRe-architecture of multiple monoliths with single points of failure to AWS,resulting in scalable, fault tolerant software reducing the operational cost significantly.\\n\\nIntroduced automated testing as a development activity utilising technologies such as cucumber, selenium, docker which allows for far shorter release cycles.\\n\\nDesigned the company's first 'serverless' application at AWS, Utilising ECS Fargate, Lambda, SQS, SNS, ElasticSearch, S3.\",\n        \"location\": \"London\",\n        \"id\": \"5e53713a11c196001d06f91a\"\n      },\n      {\n        \"education\": false,\n        \"includeOnResume\": true,\n        \"attachments\": [],\n        \"skills\": [\n          \"5f635b3f5ee4c9001d2b962f\",\n          \"5f635c185ee4c9001d2b963a\",\n          \"5f635c845ee4c9001d2b9642\",\n          \"5f635dc55ee4c9001d2b9656\",\n          \"602942659dc383001e945de5\",\n          \"6029446c9dc383001e945de9\",\n          \"5f635bb85ee4c9001d2b9635\"\n        ],\n        \"_id\": \"5e5371ef11c196001d06f91d\",\n        \"title\": \"Senior Applications Developer\",\n        \"startDate\": \"2009-11-01\",\n        \"endDate\": \"2011-05-19\",\n        \"createdAt\": \"2020-02-24T06:49:19.909Z\",\n        \"updatedAt\": \"2021-02-26T22:37:22.370Z\",\n        \"__v\": 0,\n        \"company\": \"Workcover Queensland\",\n        \"companyUrl\": \"https://www.worksafe.qld.gov.au/\",\n        \"shortDescription\": \"Team Leader working on an external-facing self-service portal in addition to migration of internal business-critical Oracle Forms applications to Spring MVC.\",\n        \"companyImage\": {\n          \"_id\": \"5f6618515ee4c9001d2b969e\",\n          \"name\": \"workcover.jpg\",\n          \"alternativeText\": \"\",\n          \"caption\": \"\",\n          \"hash\": \"workcover_15d9bd50bd\",\n          \"ext\": \".jpg\",\n          \"mime\": \"image/jpeg\",\n          \"size\": 24.35,\n          \"width\": 896,\n          \"height\": 530,\n          \"url\": \"/uploads/workcover_15d9bd50bd.jpg\",\n          \"formats\": {\n            \"thumbnail\": {\n              \"name\": \"thumbnail_workcover.jpg\",\n              \"hash\": \"thumbnail_workcover_15d9bd50bd\",\n              \"ext\": \".jpg\",\n              \"mime\": \"image/jpeg\",\n              \"width\": 245,\n              \"height\": 145,\n              \"size\": 5.05,\n              \"path\": null,\n              \"url\": \"/uploads/thumbnail_workcover_15d9bd50bd.jpg\"\n            },\n            \"medium\": {\n              \"name\": \"medium_workcover.jpg\",\n              \"hash\": \"medium_workcover_15d9bd50bd\",\n              \"ext\": \".jpg\",\n              \"mime\": \"image/jpeg\",\n              \"width\": 750,\n              \"height\": 444,\n              \"size\": 19.38,\n              \"path\": null,\n              \"url\": \"/uploads/medium_workcover_15d9bd50bd.jpg\"\n            },\n            \"small\": {\n              \"name\": \"small_workcover.jpg\",\n              \"hash\": \"small_workcover_15d9bd50bd\",\n              \"ext\": \".jpg\",\n              \"mime\": \"image/jpeg\",\n              \"width\": 500,\n              \"height\": 296,\n              \"size\": 11.09,\n              \"path\": null,\n              \"url\": \"/uploads/small_workcover_15d9bd50bd.jpg\"\n            }\n          },\n          \"provider\": \"local\",\n          \"related\": [\n            \"5e5371ef11c196001d06f91d\"\n          ],\n          \"createdAt\": \"2020-09-19T14:40:17.127Z\",\n          \"updatedAt\": \"2020-09-19T14:40:20.116Z\",\n          \"__v\": 0,\n          \"created_by\": \"5e4839cd1c2d53001dcc0696\",\n          \"updated_by\": \"5e4839cd1c2d53001dcc0696\",\n          \"id\": \"5f6618515ee4c9001d2b969e\"\n        },\n        \"updated_by\": \"5e4839cd1c2d53001dcc0696\",\n        \"longDescription\": \"Analysis, Design, Development, Testing & Documentation of enhancements to internal and external facing web applications within an agile environment\\n\\nMentoring of less experienced developers\\n\\nTechnologies used: JEE, JSP, Spring, Ibatis, Tiles, HTML, JQuery, Oracle, Ruby, Cucumber, Watir, PowerMock, EasyMock, TeamCity, Weblogic. SVN, DWR, Jasper Reports, Eclipse, SVN, CVS, Apache FOP, XML, XSLT.\",\n        \"location\": \"Brisbane\",\n        \"id\": \"5e5371ef11c196001d06f91d\"\n      },\n      {\n        \"education\": false,\n        \"includeOnResume\": true,\n        \"attachments\": [],\n        \"skills\": [\n          \"5f635b7e5ee4c9001d2b9633\",\n          \"5f635b8b5ee4c9001d2b9634\",\n          \"5f635bf05ee4c9001d2b9637\",\n          \"5f635c0f5ee4c9001d2b9639\",\n          \"5f635c185ee4c9001d2b963a\",\n          \"5f635c1e5ee4c9001d2b963b\",\n          \"5f635c005ee4c9001d2b9638\",\n          \"5f635c2e5ee4c9001d2b963c\",\n          \"5f635c4f5ee4c9001d2b963f\",\n          \"5f635c675ee4c9001d2b9640\",\n          \"5f635c745ee4c9001d2b9641\",\n          \"5f635c845ee4c9001d2b9642\",\n          \"5f635ceb5ee4c9001d2b9647\",\n          \"5f635cf75ee4c9001d2b9648\",\n          \"5f635d045ee4c9001d2b9649\",\n          \"5f635d115ee4c9001d2b964a\",\n          \"5f635d1e5ee4c9001d2b964b\",\n          \"5f635d2c5ee4c9001d2b964c\",\n          \"5f635d425ee4c9001d2b964d\",\n          \"5f635d905ee4c9001d2b9651\",\n          \"5f635db55ee4c9001d2b9654\",\n          \"5f635dde5ee4c9001d2b9658\",\n          \"5f635e235ee4c9001d2b965b\",\n          \"5f635e2c5ee4c9001d2b965c\",\n          \"5f635e935ee4c9001d2b9665\",\n          \"5f635ef05ee4c9001d2b9669\",\n          \"5f635f8f5ee4c9001d2b966c\",\n          \"5f635f995ee4c9001d2b966d\",\n          \"5f635f025ee4c9001d2b966b\",\n          \"5f63608d5ee4c9001d2b966e\",\n          \"602234ba9dc383001e945dd6\",\n          \"5f635b555ee4c9001d2b9631\",\n          \"5f635b6a5ee4c9001d2b9632\",\n          \"5f635ca45ee4c9001d2b9643\",\n          \"5f635eae5ee4c9001d2b9667\",\n          \"5f635ef75ee4c9001d2b966a\",\n          \"5f635c375ee4c9001d2b963d\",\n          \"5f635e625ee4c9001d2b9660\",\n          \"5f635dd35ee4c9001d2b9657\",\n          \"5f635bb85ee4c9001d2b9635\",\n          \"60291c5d9dc383001e945de2\"\n        ],\n        \"_id\": \"5eedd4803c8d74001e4497f5\",\n        \"startDate\": \"2020-05-04\",\n        \"company\": \"Y-Tree\",\n        \"companyUrl\": \"https://y-tree.com/\",\n        \"title\": \"Senior Developer\",\n        \"createdAt\": \"2020-06-20T09:18:56.102Z\",\n        \"updatedAt\": \"2021-02-26T22:39:33.470Z\",\n        \"__v\": 0,\n        \"companyImage\": {\n          \"_id\": \"5eedd46e3c8d74001e4497f4\",\n          \"name\": \"YTree\",\n          \"alternativeText\": \"\",\n          \"caption\": \"\",\n          \"hash\": \"YT_ree_50b80993fc\",\n          \"ext\": \".png\",\n          \"mime\": \"image/png\",\n          \"size\": 6.33,\n          \"width\": 200,\n          \"height\": 200,\n          \"url\": \"/uploads/YT_ree_50b80993fc.png\",\n          \"formats\": {\n            \"thumbnail\": {\n              \"hash\": \"thumbnail_YT_ree_50b80993fc\",\n              \"ext\": \".png\",\n              \"mime\": \"image/png\",\n              \"width\": 156,\n              \"height\": 156,\n              \"size\": 10.07,\n              \"path\": null,\n              \"url\": \"/uploads/thumbnail_YT_ree_50b80993fc.png\"\n            }\n          },\n          \"provider\": \"local\",\n          \"related\": [\n            \"5eedd4803c8d74001e4497f5\"\n          ],\n          \"createdAt\": \"2020-06-20T09:18:38.337Z\",\n          \"updatedAt\": \"2020-06-20T09:18:56.106Z\",\n          \"__v\": 0,\n          \"id\": \"5eedd46e3c8d74001e4497f4\"\n        },\n        \"shortDescription\": \"Lead Developer of exciting fin-tech platform composed of event-driven and restful microservices.\",\n        \"updated_by\": \"5e4839cd1c2d53001dcc0696\",\n        \"longDescription\": \"Lead Developer of exciting fin-tech platform composed of event-driven and restful microservices.\\n\\nHeavily involved in transforming a monolithic application into a suite of fault-tolerant event-driven and restful microservices written with Kotlin and Spring Boot. \\n\\nLead a cloud-native transformation by improving the path to production of services by introducing a number of tools and technologies to aide with continuous delivery of features:\\n\\n-  Cucumber for integration testing\\n-  Pact for contract testing (consumer-driven contracts for both synchronous (HTTP) and event-driven (Kafka) communication)\\n-  Test Containers for component testing\\n-  Use of Spring Cloud Kubernetes and Spring Cloud vault for environment-specific configuration (as per the [12-factor app](https://12factor.net/))\\n- Jenkin X pipelines to build and deploy helm charts for each service and environment.\\n- Keycloak for identity management.\\n- Rolling updates of k8s deployments for no-outage releases.\\n\\nAlso contributed to the YTree technical blog sharing knowledge amongst the team in the form of both written blogs and recorded videos. \\n\\n\\n\\n\\n\\n\",\n        \"location\": \"London\",\n        \"id\": \"5eedd4803c8d74001e4497f5\"\n      }\n    ],\n    \"blogs\": [],\n    \"id\": \"5f635c845ee4c9001d2b9642\"\n  },\n  {\n    \"includeOnResume\": true,\n    \"_id\": \"5f635ca45ee4c9001d2b9643\",\n    \"name\": \"Kubernetes\",\n    \"rating\": 8,\n    \"createdAt\": \"2020-09-17T12:55:00.632Z\",\n    \"updatedAt\": \"2021-02-26T22:36:32.798Z\",\n    \"__v\": 0,\n    \"created_by\": {\n      \"_id\": \"5e4839cd1c2d53001dcc0696\",\n      \"username\": \"simon.rowe@gmail.com\",\n      \"createdAt\": \"2020-02-15T18:34:53.155Z\",\n      \"updatedAt\": \"2020-09-17T07:45:13.526Z\",\n      \"__v\": 0,\n      \"id\": \"5e4839cd1c2d53001dcc0696\"\n    },\n    \"updated_by\": {\n      \"_id\": \"5e4839cd1c2d53001dcc0696\",\n      \"username\": \"simon.rowe@gmail.com\",\n      \"createdAt\": \"2020-02-15T18:34:53.155Z\",\n      \"updatedAt\": \"2020-09-17T07:45:13.526Z\",\n      \"__v\": 0,\n      \"id\": \"5e4839cd1c2d53001dcc0696\"\n    },\n    \"image\": {\n      \"_id\": \"5f66163d5ee4c9001d2b968e\",\n      \"name\": \"kubernetes.jpeg\",\n      \"alternativeText\": \"\",\n      \"caption\": \"\",\n      \"hash\": \"kubernetes_c13e33fa8c\",\n      \"ext\": \".jpeg\",\n      \"mime\": \"image/jpeg\",\n      \"size\": 17.62,\n      \"width\": 400,\n      \"height\": 388,\n      \"url\": \"/uploads/kubernetes_c13e33fa8c.jpeg\",\n      \"formats\": {\n        \"thumbnail\": {\n          \"name\": \"thumbnail_kubernetes.jpeg\",\n          \"hash\": \"thumbnail_kubernetes_c13e33fa8c\",\n          \"ext\": \".jpeg\",\n          \"mime\": \"image/jpeg\",\n          \"width\": 161,\n          \"height\": 156,\n          \"size\": 6.17,\n          \"path\": null,\n          \"url\": \"/uploads/thumbnail_kubernetes_c13e33fa8c.jpeg\"\n        }\n      },\n      \"provider\": \"local\",\n      \"related\": [\n        \"5f0408c59d8081001fd38fb1\",\n        \"5f635ca45ee4c9001d2b9643\"\n      ],\n      \"createdAt\": \"2020-09-19T14:31:25.284Z\",\n      \"updatedAt\": \"2020-09-21T12:08:28.703Z\",\n      \"__v\": 0,\n      \"created_by\": \"5e4839cd1c2d53001dcc0696\",\n      \"updated_by\": \"5e4839cd1c2d53001dcc0696\",\n      \"id\": \"5f66163d5ee4c9001d2b968e\"\n    },\n    \"description\": \"Kubernetes is a portable, extensible, open-source platform for managing containerized workloads and services, that facilitates both declarative configuration and automation. It has a large, rapidly growing ecosystem. Kubernetes provides you with:\\n\\n- **Service discovery and load balancing**\\n- **Automated rollouts and rollbacks**: You provide Kubernetes with a cluster of nodes that it can use to run containerized tasks. You tell Kubernetes how much CPU and memory (RAM) each container needs. Kubernetes can fit containers onto your nodes to make the best use of your resources.\\n- **Self-healing** Kubernetes restarts containers that fail, replaces containers, kills containers that don't respond to your user-defined health check, and doesn't advertise them to clients until they are ready to serve.\\n- **Secret and configuration management** \",\n    \"order\": 4,\n    \"jobs\": [\n      {\n        \"education\": false,\n        \"includeOnResume\": true,\n        \"attachments\": [],\n        \"skills\": [\n          \"5f635b7e5ee4c9001d2b9633\",\n          \"5f635b8b5ee4c9001d2b9634\",\n          \"5f635c0f5ee4c9001d2b9639\",\n          \"5f635c1e5ee4c9001d2b963b\",\n          \"5f635c2e5ee4c9001d2b963c\",\n          \"5f635c745ee4c9001d2b9641\",\n          \"5f635c845ee4c9001d2b9642\",\n          \"5f635d1e5ee4c9001d2b964b\",\n          \"5f635d2c5ee4c9001d2b964c\",\n          \"5f635d905ee4c9001d2b9651\",\n          \"5f635db55ee4c9001d2b9654\",\n          \"5f635e365ee4c9001d2b965d\",\n          \"5f635e235ee4c9001d2b965b\",\n          \"5f635e2c5ee4c9001d2b965c\",\n          \"5f635e405ee4c9001d2b965e\",\n          \"5f635e935ee4c9001d2b9665\",\n          \"5f635f025ee4c9001d2b966b\",\n          \"5f635c185ee4c9001d2b963a\",\n          \"5f635ceb5ee4c9001d2b9647\",\n          \"5f635cf75ee4c9001d2b9648\",\n          \"5f635d045ee4c9001d2b9649\",\n          \"5f635d115ee4c9001d2b964a\",\n          \"5f63608d5ee4c9001d2b966e\",\n          \"602234ba9dc383001e945dd6\",\n          \"5f635b495ee4c9001d2b9630\",\n          \"5f635b555ee4c9001d2b9631\",\n          \"5f635b6a5ee4c9001d2b9632\",\n          \"5f635ca45ee4c9001d2b9643\",\n          \"5f635eae5ee4c9001d2b9667\",\n          \"5f635ef75ee4c9001d2b966a\",\n          \"5f635e625ee4c9001d2b9660\",\n          \"5f635dd35ee4c9001d2b9657\",\n          \"5f635bb85ee4c9001d2b9635\"\n        ],\n        \"_id\": \"5e53704f11c196001d06f914\",\n        \"title\": \"Software Engineering Lead\",\n        \"startDate\": \"2019-04-15\",\n        \"company\": \"Upp Technologies\",\n        \"companyUrl\": \"https://upp.ai\",\n        \"shortDescription\": \"Hands-on lead engineer in a small cross-functional team.\\n\",\n        \"createdAt\": \"2020-02-24T06:42:23.147Z\",\n        \"updatedAt\": \"2021-02-26T22:37:22.370Z\",\n        \"__v\": 0,\n        \"endDate\": \"2020-05-01\",\n        \"companyImage\": {\n          \"_id\": \"6020f0499dc383001e945dd3\",\n          \"name\": \"upp.png\",\n          \"alternativeText\": \"\",\n          \"caption\": \"\",\n          \"hash\": \"upp_4780c5270b\",\n          \"ext\": \".png\",\n          \"mime\": \"image/png\",\n          \"size\": 2.21,\n          \"width\": 141,\n          \"height\": 106,\n          \"url\": \"/uploads/upp_4780c5270b.png\",\n          \"provider\": \"local\",\n          \"related\": [\n            \"5e53704f11c196001d06f914\"\n          ],\n          \"createdAt\": \"2021-02-08T08:03:21.134Z\",\n          \"updatedAt\": \"2021-02-08T08:03:37.545Z\",\n          \"__v\": 0,\n          \"created_by\": \"5e4839cd1c2d53001dcc0696\",\n          \"updated_by\": \"5e4839cd1c2d53001dcc0696\",\n          \"id\": \"6020f0499dc383001e945dd3\"\n        },\n        \"updated_by\": \"5e4839cd1c2d53001dcc0696\",\n        \"longDescription\": \"Lead Engineer working on all verticals (front end, backend, ops) of the Upp Intelligent Platform. Lead a small cross-functional team of 5 to deliver an event-driven, microservices architecture compromising of the following modules:\\n\\n* Onboarding - data ingestion from 3rd party product providers such as Magento, Shopify and others in conjunction with IPaas (Integration Platform as a Service) This module also consisted of a proprietary data mapping solution.\\n* Products - enrichment, bulk operations and search functionality (using an inverted index).\\n* Margin Hub - a suite of microservices integrating numerous different data points to report on product profitability and suggest intelligent actions to optimise margin.\\n\\n\\nIn addition to leading feature development, my role also comprised of promoting best practises amongst other agile teams including but not limited to:\\n\\n* Creating a customized version of spring initializr that generated skeleton services with all required libraries, Jenkins pipeline definitions, Kubernetes manifest files etc so developers could concentrate on delivering business logic and not plumbing;\\n* Spring Boot starter library for event sourcing\\n* Component testing using test containers\\n* Service - Service authentication using OIDC client credentials with keycloak.\",\n        \"location\": \"London\",\n        \"id\": \"5e53704f11c196001d06f914\"\n      },\n      {\n        \"education\": false,\n        \"includeOnResume\": true,\n        \"attachments\": [],\n        \"skills\": [\n          \"5f635b3f5ee4c9001d2b962f\",\n          \"5f635b7e5ee4c9001d2b9633\",\n          \"5f635b8b5ee4c9001d2b9634\",\n          \"5f635bcd5ee4c9001d2b9636\",\n          \"5f635bf05ee4c9001d2b9637\",\n          \"5f635c1e5ee4c9001d2b963b\",\n          \"5f635c455ee4c9001d2b963e\",\n          \"5f635c745ee4c9001d2b9641\",\n          \"5f635c845ee4c9001d2b9642\",\n          \"5f635d645ee4c9001d2b964e\",\n          \"5f635d425ee4c9001d2b964d\",\n          \"5f635c185ee4c9001d2b963a\",\n          \"5f635da95ee4c9001d2b9653\",\n          \"5f635e405ee4c9001d2b965e\",\n          \"5f635e365ee4c9001d2b965d\",\n          \"5f635ea45ee4c9001d2b9666\",\n          \"602235769dc383001e945dd9\",\n          \"5f63608d5ee4c9001d2b966e\",\n          \"5f635b495ee4c9001d2b9630\",\n          \"5f635b6a5ee4c9001d2b9632\",\n          \"5f635ca45ee4c9001d2b9643\",\n          \"5f635bb85ee4c9001d2b9635\"\n        ],\n        \"_id\": \"5e5370e311c196001d06f917\",\n        \"title\": \"Senior Platform Architect\",\n        \"startDate\": \"2018-08-01\",\n        \"endDate\": \"2019-04-12\",\n        \"company\": \"Pivotal\",\n        \"companyUrl\": \"https://pivotal.io/\",\n        \"shortDescription\": \"Applications Focused Platform Architect specialising in cloud native development.\",\n        \"createdAt\": \"2020-02-24T06:44:51.218Z\",\n        \"updatedAt\": \"2021-02-26T22:37:22.370Z\",\n        \"__v\": 0,\n        \"companyImage\": {\n          \"_id\": \"5f6618165ee4c9001d2b969a\",\n          \"name\": \"pivotal (1).png\",\n          \"alternativeText\": \"\",\n          \"caption\": \"\",\n          \"hash\": \"pivotal_1_06ffe33158\",\n          \"ext\": \".png\",\n          \"mime\": \"image/jpeg\",\n          \"size\": 1.9,\n          \"width\": 200,\n          \"height\": 200,\n          \"url\": \"/uploads/pivotal_1_06ffe33158.png\",\n          \"formats\": {\n            \"thumbnail\": {\n              \"name\": \"thumbnail_pivotal (1).png\",\n              \"hash\": \"thumbnail_pivotal_1_06ffe33158\",\n              \"ext\": \".png\",\n              \"mime\": \"image/jpeg\",\n              \"width\": 156,\n              \"height\": 156,\n              \"size\": 1.52,\n              \"path\": null,\n              \"url\": \"/uploads/thumbnail_pivotal_1_06ffe33158.png\"\n            }\n          },\n          \"provider\": \"local\",\n          \"related\": [\n            \"5e5370e311c196001d06f917\"\n          ],\n          \"createdAt\": \"2020-09-19T14:39:18.005Z\",\n          \"updatedAt\": \"2021-02-08T08:20:54.295Z\",\n          \"__v\": 0,\n          \"created_by\": \"5e4839cd1c2d53001dcc0696\",\n          \"updated_by\": \"5e4839cd1c2d53001dcc0696\",\n          \"id\": \"5f6618165ee4c9001d2b969a\"\n        },\n        \"updated_by\": \"5e4839cd1c2d53001dcc0696\",\n        \"longDescription\": \"Applications focused platform architect, aiding clients to become successful by building cloud-native apps utilizing the Spring ecosystem and platforms like Cloud Foundry and Kubernetes.\\n\\nDuties included:\\n- Delivering Cloud-Native Developer and other workshops to a number of clients which contained topics (not limited to):\\n  - Introduction to Spring Boot\\n  - Reactive programming with Spring Boot and Project Reactor\\n  - Producer driven contracts with Spring Cloud Contract\\n  - Cloud Foundry and BOSH\\n  - The mechanics behind ```cf push``` and the service broker.\\n  - Buildpacks\\n  - Steeltoe\\n\\n- Speaking at the cloud-native meetups and webinars including the most ever subscribed webinar for Pivotal EMEA (at the time): [Securing microservices with Spring and Cloud Foundry](https://www.brighttalk.com/webcast/14883/345709/securing-microservices-with-spring-and-pivotal-cloud-foundry)\\n\\n- Pre-sales pitches to prospective clients outlining the positive outcomes of building cloud-native apps with spring and running them with Cloud Foundry.\",\n        \"location\": \"London\",\n        \"id\": \"5e5370e311c196001d06f917\"\n      },\n      {\n        \"education\": false,\n        \"includeOnResume\": true,\n        \"attachments\": [],\n        \"skills\": [\n          \"5f635b7e5ee4c9001d2b9633\",\n          \"5f635b8b5ee4c9001d2b9634\",\n          \"5f635bf05ee4c9001d2b9637\",\n          \"5f635c0f5ee4c9001d2b9639\",\n          \"5f635c185ee4c9001d2b963a\",\n          \"5f635c1e5ee4c9001d2b963b\",\n          \"5f635c005ee4c9001d2b9638\",\n          \"5f635c2e5ee4c9001d2b963c\",\n          \"5f635c4f5ee4c9001d2b963f\",\n          \"5f635c675ee4c9001d2b9640\",\n          \"5f635c745ee4c9001d2b9641\",\n          \"5f635c845ee4c9001d2b9642\",\n          \"5f635ceb5ee4c9001d2b9647\",\n          \"5f635cf75ee4c9001d2b9648\",\n          \"5f635d045ee4c9001d2b9649\",\n          \"5f635d115ee4c9001d2b964a\",\n          \"5f635d1e5ee4c9001d2b964b\",\n          \"5f635d2c5ee4c9001d2b964c\",\n          \"5f635d425ee4c9001d2b964d\",\n          \"5f635d905ee4c9001d2b9651\",\n          \"5f635db55ee4c9001d2b9654\",\n          \"5f635dde5ee4c9001d2b9658\",\n          \"5f635e235ee4c9001d2b965b\",\n          \"5f635e2c5ee4c9001d2b965c\",\n          \"5f635e935ee4c9001d2b9665\",\n          \"5f635ef05ee4c9001d2b9669\",\n          \"5f635f8f5ee4c9001d2b966c\",\n          \"5f635f995ee4c9001d2b966d\",\n          \"5f635f025ee4c9001d2b966b\",\n          \"5f63608d5ee4c9001d2b966e\",\n          \"602234ba9dc383001e945dd6\",\n          \"5f635b555ee4c9001d2b9631\",\n          \"5f635b6a5ee4c9001d2b9632\",\n          \"5f635ca45ee4c9001d2b9643\",\n          \"5f635eae5ee4c9001d2b9667\",\n          \"5f635ef75ee4c9001d2b966a\",\n          \"5f635c375ee4c9001d2b963d\",\n          \"5f635e625ee4c9001d2b9660\",\n          \"5f635dd35ee4c9001d2b9657\",\n          \"5f635bb85ee4c9001d2b9635\",\n          \"60291c5d9dc383001e945de2\"\n        ],\n        \"_id\": \"5eedd4803c8d74001e4497f5\",\n        \"startDate\": \"2020-05-04\",\n        \"company\": \"Y-Tree\",\n        \"companyUrl\": \"https://y-tree.com/\",\n        \"title\": \"Senior Developer\",\n        \"createdAt\": \"2020-06-20T09:18:56.102Z\",\n        \"updatedAt\": \"2021-02-26T22:39:33.470Z\",\n        \"__v\": 0,\n        \"companyImage\": {\n          \"_id\": \"5eedd46e3c8d74001e4497f4\",\n          \"name\": \"YTree\",\n          \"alternativeText\": \"\",\n          \"caption\": \"\",\n          \"hash\": \"YT_ree_50b80993fc\",\n          \"ext\": \".png\",\n          \"mime\": \"image/png\",\n          \"size\": 6.33,\n          \"width\": 200,\n          \"height\": 200,\n          \"url\": \"/uploads/YT_ree_50b80993fc.png\",\n          \"formats\": {\n            \"thumbnail\": {\n              \"hash\": \"thumbnail_YT_ree_50b80993fc\",\n              \"ext\": \".png\",\n              \"mime\": \"image/png\",\n              \"width\": 156,\n              \"height\": 156,\n              \"size\": 10.07,\n              \"path\": null,\n              \"url\": \"/uploads/thumbnail_YT_ree_50b80993fc.png\"\n            }\n          },\n          \"provider\": \"local\",\n          \"related\": [\n            \"5eedd4803c8d74001e4497f5\"\n          ],\n          \"createdAt\": \"2020-06-20T09:18:38.337Z\",\n          \"updatedAt\": \"2020-06-20T09:18:56.106Z\",\n          \"__v\": 0,\n          \"id\": \"5eedd46e3c8d74001e4497f4\"\n        },\n        \"shortDescription\": \"Lead Developer of exciting fin-tech platform composed of event-driven and restful microservices.\",\n        \"updated_by\": \"5e4839cd1c2d53001dcc0696\",\n        \"longDescription\": \"Lead Developer of exciting fin-tech platform composed of event-driven and restful microservices.\\n\\nHeavily involved in transforming a monolithic application into a suite of fault-tolerant event-driven and restful microservices written with Kotlin and Spring Boot. \\n\\nLead a cloud-native transformation by improving the path to production of services by introducing a number of tools and technologies to aide with continuous delivery of features:\\n\\n-  Cucumber for integration testing\\n-  Pact for contract testing (consumer-driven contracts for both synchronous (HTTP) and event-driven (Kafka) communication)\\n-  Test Containers for component testing\\n-  Use of Spring Cloud Kubernetes and Spring Cloud vault for environment-specific configuration (as per the [12-factor app](https://12factor.net/))\\n- Jenkin X pipelines to build and deploy helm charts for each service and environment.\\n- Keycloak for identity management.\\n- Rolling updates of k8s deployments for no-outage releases.\\n\\nAlso contributed to the YTree technical blog sharing knowledge amongst the team in the form of both written blogs and recorded videos. \\n\\n\\n\\n\\n\\n\",\n        \"location\": \"London\",\n        \"id\": \"5eedd4803c8d74001e4497f5\"\n      }\n    ],\n    \"blogs\": [\n      {\n        \"published\": true,\n        \"tags\": [\n          \"5e495da7bc8d7d001ddbd7c5\",\n          \"5f02da709d8081001fd38fa4\",\n          \"5f03901b9d8081001fd38fa7\",\n          \"5f0390249d8081001fd38fa8\",\n          \"5f0390329d8081001fd38fa9\",\n          \"5f0390499d8081001fd38faa\"\n        ],\n        \"skills\": [\n          \"5f635c2e5ee4c9001d2b963c\",\n          \"5f635f8f5ee4c9001d2b966c\",\n          \"5f635f995ee4c9001d2b966d\",\n          \"5f635c185ee4c9001d2b963a\",\n          \"5f635c4f5ee4c9001d2b963f\",\n          \"5f635e935ee4c9001d2b9665\",\n          \"5f635b555ee4c9001d2b9631\",\n          \"5f635b6a5ee4c9001d2b9632\",\n          \"5f635ca45ee4c9001d2b9643\",\n          \"5f635c375ee4c9001d2b963d\",\n          \"5f635e625ee4c9001d2b9660\"\n        ],\n        \"_id\": \"5f0215c69d8081001fd38fa1\",\n        \"title\": \"Creating a rich web app that can be hosted from home\",\n        \"shortDescription\": \"A quick introduction into the various components of my personal website including jenkinsx, kubernetes, letsencrypt and more.\",\n        \"createdAt\": \"2020-07-05T18:02:46.731Z\",\n        \"updatedAt\": \"2021-02-26T22:37:08.645Z\",\n        \"__v\": 0,\n        \"image\": {\n          \"_id\": \"5f6616045ee4c9001d2b968a\",\n          \"name\": \"Website Icon.jpeg\",\n          \"alternativeText\": \"\",\n          \"caption\": \"\",\n          \"hash\": \"Website_Icon_727b161f01\",\n          \"ext\": \".jpeg\",\n          \"mime\": \"image/jpeg\",\n          \"size\": 48.93,\n          \"width\": 776,\n          \"height\": 542,\n          \"url\": \"/uploads/Website_Icon_727b161f01.jpeg\",\n          \"formats\": {\n            \"thumbnail\": {\n              \"name\": \"thumbnail_Website Icon.jpeg\",\n              \"hash\": \"thumbnail_Website_Icon_727b161f01\",\n              \"ext\": \".jpeg\",\n              \"mime\": \"image/jpeg\",\n              \"width\": 223,\n              \"height\": 156,\n              \"size\": 6.2,\n              \"path\": null,\n              \"url\": \"/uploads/thumbnail_Website_Icon_727b161f01.jpeg\"\n            },\n            \"medium\": {\n              \"name\": \"medium_Website Icon.jpeg\",\n              \"hash\": \"medium_Website_Icon_727b161f01\",\n              \"ext\": \".jpeg\",\n              \"mime\": \"image/jpeg\",\n              \"width\": 750,\n              \"height\": 524,\n              \"size\": 45.54,\n              \"path\": null,\n              \"url\": \"/uploads/medium_Website_Icon_727b161f01.jpeg\"\n            },\n            \"small\": {\n              \"name\": \"small_Website Icon.jpeg\",\n              \"hash\": \"small_Website_Icon_727b161f01\",\n              \"ext\": \".jpeg\",\n              \"mime\": \"image/jpeg\",\n              \"width\": 500,\n              \"height\": 349,\n              \"size\": 22.91,\n              \"path\": null,\n              \"url\": \"/uploads/small_Website_Icon_727b161f01.jpeg\"\n            }\n          },\n          \"provider\": \"local\",\n          \"related\": [\n            \"5f0215c69d8081001fd38fa1\"\n          ],\n          \"createdAt\": \"2020-09-19T14:30:28.441Z\",\n          \"updatedAt\": \"2021-02-21T19:31:52.126Z\",\n          \"__v\": 0,\n          \"created_by\": \"5e4839cd1c2d53001dcc0696\",\n          \"updated_by\": \"5e4839cd1c2d53001dcc0696\",\n          \"id\": \"5f6616045ee4c9001d2b968a\"\n        },\n        \"content\": \"I'm the kind of person that learns by doing - the more I do, the more it sinks in. Whilst attempting to keep my skills up to date, I had the idea of building a rich web application which would serve up my CV, and it could also double as a place to hone and demonstrate my skillsets in certain technologies. Eventually, I could even start blogging about these experiences. \\n\\nThe first thing I decided I would need would be a CMS (Content Management System). The content of my website would have to be dynamic, as I would like to keep my CV and blog up to date.  There were many options available here, but I finally settled on a headless CMS named ([strapi](https://strapi.io/)). Strapi would also require some sort of persistence layer, and  [mongodb](https://www.mongodb.com/ seemed to be a sensible choice.\\n\\nFor the web interface itself, there was a bit of competition between React and Angular. After spending years commercially working on Angular projects, I decided that React could be a good thing to learn and went with that.  \\n\\n```npx create-react-app my-app --template typescript``` is the command used to boostrap my react SPA (single page application) and I found a boostrap template from [here](https://wrapbootstrap.com/).\\n\\nSo far so good right ? I had picked the basic building blocks for building this dynamic CV/blog, but where would I run it ? I had a perfectly good iMac that was unused, and a fast enough internet connection. This app doesnt need to be highly available, as its just a little hobby app so this would suit well. I could use [ngrok](https://ngrok.com/) to make my app available to the internet, and I could use [Route 53](https://aws.amazon.com/route53/) to set up and configure my domain.\\n\\nKubernetes is a very popular way or running cloud native apps, so this was a pretty easy choice, the only issue was what flavour of it would work best on a mac. I started off with minikube, but started to have issues with persistent volumes, so eventually went with [kind (kubernetes in docker)](https://kind.sigs.k8s.io/). I could easily install nginx ingress controller, and it was super easy to configure.\\n\\nThe last thing to consider was how to deploy the individual components or services to the kubernetes cluster. One of my requirements was that I would want to make continual improvments to my app, so the deployment process must be as simple as possible. I would want to have git projects for each service,  build a container image, and deploy a helm chart (a helm chart is a collection of files that describe a related set of Kubernetes resources).  [Jenkins X](https://jenkins-x.io/) describes itself as *Jenkins X provides pipeline automation, built-in GitOps, and preview environments to help teams collaborate and accelerate their software delivery at any scale*. There was out of the box support for kubernetes flavours such as GKE (google cloud) and EKS (amazon web services), but a bit of customisation would be required if i wanted to run this on my local kubernetes cluster. This was easy enough and I was able to configure the following:\\n- [Harbor](https://goharbor.io/) as the container registry of choice\\n- [Cert Manager](https://cert-manager.io/) - configure cert manager to generate lets encrpt certificates using ACME challennges based on my use of AWS Route 53 for dns.\\n- Installed MongoDB in the control plane.\\n\\nOverall my initial architecture looked something like this:\\n\\n![Website V1](/uploads/Website_V1_c3889a1afa.jpeg)\\n\\n\\n*All source code for this app can be found here: (https://github.com/simonjamesrowe)*\",\n        \"updated_by\": \"5e4839cd1c2d53001dcc0696\",\n        \"id\": \"5f0215c69d8081001fd38fa1\"\n      }\n    ],\n    \"id\": \"5f635ca45ee4c9001d2b9643\"\n  },\n  {\n    \"includeOnResume\": false,\n    \"_id\": \"5f635cb65ee4c9001d2b9644\",\n    \"name\": \"AWS - ECS\",\n    \"rating\": 8,\n    \"description\": \"Amazon Elastic Container Service (ECS) is a highly scalable, high performance container management service that supports Docker containers and allows you to easily run applications on a managed cluster of Amazon EC2 instances. Amazon ECS eliminates the need for you to install, operate, and scale your own cluster management infrastructure. With simple API calls, you can launch and stop container-enabled applications, query the complete state of your cluster, and access many familiar features like security groups, Elastic Load Balancing, EBS volumes and IAM roles\",\n    \"createdAt\": \"2020-09-17T12:55:18.301Z\",\n    \"updatedAt\": \"2020-09-27T06:49:35.428Z\",\n    \"__v\": 0,\n    \"created_by\": {\n      \"_id\": \"5e4839cd1c2d53001dcc0696\",\n      \"username\": \"simon.rowe@gmail.com\",\n      \"createdAt\": \"2020-02-15T18:34:53.155Z\",\n      \"updatedAt\": \"2020-09-17T07:45:13.526Z\",\n      \"__v\": 0,\n      \"id\": \"5e4839cd1c2d53001dcc0696\"\n    },\n    \"updated_by\": {\n      \"_id\": \"5e4839cd1c2d53001dcc0696\",\n      \"username\": \"simon.rowe@gmail.com\",\n      \"createdAt\": \"2020-02-15T18:34:53.155Z\",\n      \"updatedAt\": \"2020-09-17T07:45:13.526Z\",\n      \"__v\": 0,\n      \"id\": \"5e4839cd1c2d53001dcc0696\"\n    },\n    \"image\": {\n      \"_id\": \"5f6897ea76320d001e515e60\",\n      \"name\": \"ecs.png\",\n      \"alternativeText\": \"\",\n      \"caption\": \"\",\n      \"hash\": \"ecs_f4508bbd79\",\n      \"ext\": \".png\",\n      \"mime\": \"image/png\",\n      \"size\": 4.69,\n      \"width\": 225,\n      \"height\": 225,\n      \"url\": \"/uploads/ecs_f4508bbd79.png\",\n      \"formats\": {\n        \"thumbnail\": {\n          \"name\": \"thumbnail_ecs.png\",\n          \"hash\": \"thumbnail_ecs_f4508bbd79\",\n          \"ext\": \".png\",\n          \"mime\": \"image/png\",\n          \"width\": 156,\n          \"height\": 156,\n          \"size\": 7.42,\n          \"path\": null,\n          \"url\": \"/uploads/thumbnail_ecs_f4508bbd79.png\"\n        }\n      },\n      \"provider\": \"local\",\n      \"related\": [\n        \"5f635cb65ee4c9001d2b9644\"\n      ],\n      \"createdAt\": \"2020-09-21T12:09:14.953Z\",\n      \"updatedAt\": \"2020-09-21T12:09:17.864Z\",\n      \"__v\": 0,\n      \"created_by\": \"5e4839cd1c2d53001dcc0696\",\n      \"updated_by\": \"5e4839cd1c2d53001dcc0696\",\n      \"id\": \"5f6897ea76320d001e515e60\"\n    },\n    \"jobs\": [\n      {\n        \"education\": false,\n        \"includeOnResume\": true,\n        \"attachments\": [],\n        \"skills\": [\n          \"5f635b3f5ee4c9001d2b962f\",\n          \"5f635b8b5ee4c9001d2b9634\",\n          \"5f635c185ee4c9001d2b963a\",\n          \"5f635c2e5ee4c9001d2b963c\",\n          \"5f635c675ee4c9001d2b9640\",\n          \"5f635c745ee4c9001d2b9641\",\n          \"5f635c845ee4c9001d2b9642\",\n          \"5f635cb65ee4c9001d2b9644\",\n          \"5f635cc45ee4c9001d2b9645\",\n          \"5f635cdc5ee4c9001d2b9646\",\n          \"5f635ceb5ee4c9001d2b9647\",\n          \"5f635d045ee4c9001d2b9649\",\n          \"5f635d115ee4c9001d2b964a\",\n          \"5f635d1e5ee4c9001d2b964b\",\n          \"5f635d2c5ee4c9001d2b964c\",\n          \"5f635d425ee4c9001d2b964d\",\n          \"5f635d7e5ee4c9001d2b964f\",\n          \"5f635d875ee4c9001d2b9650\",\n          \"5f635d905ee4c9001d2b9651\",\n          \"5f635d9e5ee4c9001d2b9652\",\n          \"5f635da95ee4c9001d2b9653\",\n          \"5f635dbe5ee4c9001d2b9655\",\n          \"5f635dde5ee4c9001d2b9658\",\n          \"5f635e235ee4c9001d2b965b\",\n          \"5f635e595ee4c9001d2b965f\",\n          \"5f635e755ee4c9001d2b9662\",\n          \"5f635df45ee4c9001d2b965a\",\n          \"5f635de75ee4c9001d2b9659\",\n          \"5f635e7d5ee4c9001d2b9663\",\n          \"5f635e885ee4c9001d2b9664\",\n          \"5f635ea45ee4c9001d2b9666\",\n          \"5f635ee35ee4c9001d2b9668\",\n          \"602236d69dc383001e945ddc\",\n          \"6029446c9dc383001e945de9\",\n          \"5f635b6a5ee4c9001d2b9632\",\n          \"5f635bb85ee4c9001d2b9635\"\n        ],\n        \"_id\": \"5e53713a11c196001d06f91a\",\n        \"title\": \"Senior Director, Java Development\",\n        \"startDate\": \"2011-07-12\",\n        \"createdAt\": \"2020-02-24T06:46:18.484Z\",\n        \"updatedAt\": \"2021-02-26T22:37:22.370Z\",\n        \"__v\": 0,\n        \"company\": \"Universal Music Publishing\",\n        \"companyUrl\": \"https://www.umusicpub.com/\",\n        \"endDate\": \"2018-08-11\",\n        \"shortDescription\": \"Technology leader in cloud native development for business critical applications.\",\n        \"companyImage\": {\n          \"_id\": \"5f6618325ee4c9001d2b969c\",\n          \"name\": \"umpg.png\",\n          \"alternativeText\": \"\",\n          \"caption\": \"\",\n          \"hash\": \"umpg_121becd400\",\n          \"ext\": \".png\",\n          \"mime\": \"image/png\",\n          \"size\": 129.45,\n          \"width\": 400,\n          \"height\": 400,\n          \"url\": \"/uploads/umpg_121becd400.png\",\n          \"formats\": {\n            \"thumbnail\": {\n              \"name\": \"thumbnail_umpg.png\",\n              \"hash\": \"thumbnail_umpg_121becd400\",\n              \"ext\": \".png\",\n              \"mime\": \"image/png\",\n              \"width\": 156,\n              \"height\": 156,\n              \"size\": 31.14,\n              \"path\": null,\n              \"url\": \"/uploads/thumbnail_umpg_121becd400.png\"\n            }\n          },\n          \"provider\": \"local\",\n          \"related\": [\n            \"5e53713a11c196001d06f91a\"\n          ],\n          \"createdAt\": \"2020-09-19T14:39:46.169Z\",\n          \"updatedAt\": \"2021-02-08T08:15:39.296Z\",\n          \"__v\": 0,\n          \"created_by\": \"5e4839cd1c2d53001dcc0696\",\n          \"updated_by\": \"5e4839cd1c2d53001dcc0696\",\n          \"id\": \"5f6618325ee4c9001d2b969c\"\n        },\n        \"updated_by\": \"5e4839cd1c2d53001dcc0696\",\n        \"longDescription\": \"Responsible for architecture and delivery of greenfield internal and public facing business applications. Super scrum master, removing obstacles for four dynamic scrum teams. Frequent commiter.\\n\\nRe-architecture of multiple monoliths with single points of failure to AWS,resulting in scalable, fault tolerant software reducing the operational cost significantly.\\n\\nIntroduced automated testing as a development activity utilising technologies such as cucumber, selenium, docker which allows for far shorter release cycles.\\n\\nDesigned the company's first 'serverless' application at AWS, Utilising ECS Fargate, Lambda, SQS, SNS, ElasticSearch, S3.\",\n        \"location\": \"London\",\n        \"id\": \"5e53713a11c196001d06f91a\"\n      }\n    ],\n    \"blogs\": [],\n    \"id\": \"5f635cb65ee4c9001d2b9644\"\n  },\n  {\n    \"includeOnResume\": false,\n    \"_id\": \"5f635cc45ee4c9001d2b9645\",\n    \"name\": \"AWS - Fargate\",\n    \"rating\": 7,\n    \"createdAt\": \"2020-09-17T12:55:32.680Z\",\n    \"updatedAt\": \"2020-09-27T06:50:18.561Z\",\n    \"__v\": 0,\n    \"created_by\": {\n      \"_id\": \"5e4839cd1c2d53001dcc0696\",\n      \"username\": \"simon.rowe@gmail.com\",\n      \"createdAt\": \"2020-02-15T18:34:53.155Z\",\n      \"updatedAt\": \"2020-09-17T07:45:13.526Z\",\n      \"__v\": 0,\n      \"id\": \"5e4839cd1c2d53001dcc0696\"\n    },\n    \"updated_by\": {\n      \"_id\": \"5e4839cd1c2d53001dcc0696\",\n      \"username\": \"simon.rowe@gmail.com\",\n      \"createdAt\": \"2020-02-15T18:34:53.155Z\",\n      \"updatedAt\": \"2020-09-17T07:45:13.526Z\",\n      \"__v\": 0,\n      \"id\": \"5e4839cd1c2d53001dcc0696\"\n    },\n    \"image\": {\n      \"_id\": \"5f68982076320d001e515e62\",\n      \"name\": \"fargate.png\",\n      \"alternativeText\": \"\",\n      \"caption\": \"\",\n      \"hash\": \"fargate_3b86f9892a\",\n      \"ext\": \".png\",\n      \"mime\": \"image/png\",\n      \"size\": 3.65,\n      \"width\": 200,\n      \"height\": 200,\n      \"url\": \"/uploads/fargate_3b86f9892a.png\",\n      \"formats\": {\n        \"thumbnail\": {\n          \"name\": \"thumbnail_fargate.png\",\n          \"hash\": \"thumbnail_fargate_3b86f9892a\",\n          \"ext\": \".png\",\n          \"mime\": \"image/png\",\n          \"width\": 156,\n          \"height\": 156,\n          \"size\": 8.41,\n          \"path\": null,\n          \"url\": \"/uploads/thumbnail_fargate_3b86f9892a.png\"\n        }\n      },\n      \"provider\": \"local\",\n      \"related\": [\n        \"5f635cc45ee4c9001d2b9645\"\n      ],\n      \"createdAt\": \"2020-09-21T12:10:08.819Z\",\n      \"updatedAt\": \"2020-09-21T12:10:11.658Z\",\n      \"__v\": 0,\n      \"created_by\": \"5e4839cd1c2d53001dcc0696\",\n      \"updated_by\": \"5e4839cd1c2d53001dcc0696\",\n      \"id\": \"5f68982076320d001e515e62\"\n    },\n    \"description\": \"AWS Fargate is a serverless compute engine for containers that works with both Amazon Elastic Container Service (ECS) and Amazon Elastic Kubernetes Service (EKS). Fargate makes it easy for you to focus on building your applications. Fargate removes the need to provision and manage servers, lets you specify and pay for resources per application, and improves security through application isolation by design.\",\n    \"jobs\": [\n      {\n        \"education\": false,\n        \"includeOnResume\": true,\n        \"attachments\": [],\n        \"skills\": [\n          \"5f635b3f5ee4c9001d2b962f\",\n          \"5f635b8b5ee4c9001d2b9634\",\n          \"5f635c185ee4c9001d2b963a\",\n          \"5f635c2e5ee4c9001d2b963c\",\n          \"5f635c675ee4c9001d2b9640\",\n          \"5f635c745ee4c9001d2b9641\",\n          \"5f635c845ee4c9001d2b9642\",\n          \"5f635cb65ee4c9001d2b9644\",\n          \"5f635cc45ee4c9001d2b9645\",\n          \"5f635cdc5ee4c9001d2b9646\",\n          \"5f635ceb5ee4c9001d2b9647\",\n          \"5f635d045ee4c9001d2b9649\",\n          \"5f635d115ee4c9001d2b964a\",\n          \"5f635d1e5ee4c9001d2b964b\",\n          \"5f635d2c5ee4c9001d2b964c\",\n          \"5f635d425ee4c9001d2b964d\",\n          \"5f635d7e5ee4c9001d2b964f\",\n          \"5f635d875ee4c9001d2b9650\",\n          \"5f635d905ee4c9001d2b9651\",\n          \"5f635d9e5ee4c9001d2b9652\",\n          \"5f635da95ee4c9001d2b9653\",\n          \"5f635dbe5ee4c9001d2b9655\",\n          \"5f635dde5ee4c9001d2b9658\",\n          \"5f635e235ee4c9001d2b965b\",\n          \"5f635e595ee4c9001d2b965f\",\n          \"5f635e755ee4c9001d2b9662\",\n          \"5f635df45ee4c9001d2b965a\",\n          \"5f635de75ee4c9001d2b9659\",\n          \"5f635e7d5ee4c9001d2b9663\",\n          \"5f635e885ee4c9001d2b9664\",\n          \"5f635ea45ee4c9001d2b9666\",\n          \"5f635ee35ee4c9001d2b9668\",\n          \"602236d69dc383001e945ddc\",\n          \"6029446c9dc383001e945de9\",\n          \"5f635b6a5ee4c9001d2b9632\",\n          \"5f635bb85ee4c9001d2b9635\"\n        ],\n        \"_id\": \"5e53713a11c196001d06f91a\",\n        \"title\": \"Senior Director, Java Development\",\n        \"startDate\": \"2011-07-12\",\n        \"createdAt\": \"2020-02-24T06:46:18.484Z\",\n        \"updatedAt\": \"2021-02-26T22:37:22.370Z\",\n        \"__v\": 0,\n        \"company\": \"Universal Music Publishing\",\n        \"companyUrl\": \"https://www.umusicpub.com/\",\n        \"endDate\": \"2018-08-11\",\n        \"shortDescription\": \"Technology leader in cloud native development for business critical applications.\",\n        \"companyImage\": {\n          \"_id\": \"5f6618325ee4c9001d2b969c\",\n          \"name\": \"umpg.png\",\n          \"alternativeText\": \"\",\n          \"caption\": \"\",\n          \"hash\": \"umpg_121becd400\",\n          \"ext\": \".png\",\n          \"mime\": \"image/png\",\n          \"size\": 129.45,\n          \"width\": 400,\n          \"height\": 400,\n          \"url\": \"/uploads/umpg_121becd400.png\",\n          \"formats\": {\n            \"thumbnail\": {\n              \"name\": \"thumbnail_umpg.png\",\n              \"hash\": \"thumbnail_umpg_121becd400\",\n              \"ext\": \".png\",\n              \"mime\": \"image/png\",\n              \"width\": 156,\n              \"height\": 156,\n              \"size\": 31.14,\n              \"path\": null,\n              \"url\": \"/uploads/thumbnail_umpg_121becd400.png\"\n            }\n          },\n          \"provider\": \"local\",\n          \"related\": [\n            \"5e53713a11c196001d06f91a\"\n          ],\n          \"createdAt\": \"2020-09-19T14:39:46.169Z\",\n          \"updatedAt\": \"2021-02-08T08:15:39.296Z\",\n          \"__v\": 0,\n          \"created_by\": \"5e4839cd1c2d53001dcc0696\",\n          \"updated_by\": \"5e4839cd1c2d53001dcc0696\",\n          \"id\": \"5f6618325ee4c9001d2b969c\"\n        },\n        \"updated_by\": \"5e4839cd1c2d53001dcc0696\",\n        \"longDescription\": \"Responsible for architecture and delivery of greenfield internal and public facing business applications. Super scrum master, removing obstacles for four dynamic scrum teams. Frequent commiter.\\n\\nRe-architecture of multiple monoliths with single points of failure to AWS,resulting in scalable, fault tolerant software reducing the operational cost significantly.\\n\\nIntroduced automated testing as a development activity utilising technologies such as cucumber, selenium, docker which allows for far shorter release cycles.\\n\\nDesigned the company's first 'serverless' application at AWS, Utilising ECS Fargate, Lambda, SQS, SNS, ElasticSearch, S3.\",\n        \"location\": \"London\",\n        \"id\": \"5e53713a11c196001d06f91a\"\n      }\n    ],\n    \"blogs\": [],\n    \"id\": \"5f635cc45ee4c9001d2b9645\"\n  },\n  {\n    \"includeOnResume\": false,\n    \"_id\": \"5f635cdc5ee4c9001d2b9646\",\n    \"name\": \"AWS - CloudFormation\",\n    \"rating\": 9.5,\n    \"createdAt\": \"2020-09-17T12:55:56.841Z\",\n    \"updatedAt\": \"2020-09-27T06:51:24.500Z\",\n    \"__v\": 0,\n    \"created_by\": {\n      \"_id\": \"5e4839cd1c2d53001dcc0696\",\n      \"username\": \"simon.rowe@gmail.com\",\n      \"createdAt\": \"2020-02-15T18:34:53.155Z\",\n      \"updatedAt\": \"2020-09-17T07:45:13.526Z\",\n      \"__v\": 0,\n      \"id\": \"5e4839cd1c2d53001dcc0696\"\n    },\n    \"updated_by\": {\n      \"_id\": \"5e4839cd1c2d53001dcc0696\",\n      \"username\": \"simon.rowe@gmail.com\",\n      \"createdAt\": \"2020-02-15T18:34:53.155Z\",\n      \"updatedAt\": \"2020-09-17T07:45:13.526Z\",\n      \"__v\": 0,\n      \"id\": \"5e4839cd1c2d53001dcc0696\"\n    },\n    \"image\": {\n      \"_id\": \"5f68983d76320d001e515e64\",\n      \"name\": \"cf.jpg\",\n      \"alternativeText\": \"\",\n      \"caption\": \"\",\n      \"hash\": \"cf_7ceac17244\",\n      \"ext\": \".jpg\",\n      \"mime\": \"image/jpeg\",\n      \"size\": 66.75,\n      \"width\": 1200,\n      \"height\": 701,\n      \"url\": \"/uploads/cf_7ceac17244.jpg\",\n      \"formats\": {\n        \"thumbnail\": {\n          \"name\": \"thumbnail_cf.jpg\",\n          \"hash\": \"thumbnail_cf_7ceac17244\",\n          \"ext\": \".jpg\",\n          \"mime\": \"image/jpeg\",\n          \"width\": 245,\n          \"height\": 143,\n          \"size\": 10.07,\n          \"path\": null,\n          \"url\": \"/uploads/thumbnail_cf_7ceac17244.jpg\"\n        },\n        \"large\": {\n          \"name\": \"large_cf.jpg\",\n          \"hash\": \"large_cf_7ceac17244\",\n          \"ext\": \".jpg\",\n          \"mime\": \"image/jpeg\",\n          \"width\": 1000,\n          \"height\": 584,\n          \"size\": 66.83,\n          \"path\": null,\n          \"url\": \"/uploads/large_cf_7ceac17244.jpg\"\n        },\n        \"medium\": {\n          \"name\": \"medium_cf.jpg\",\n          \"hash\": \"medium_cf_7ceac17244\",\n          \"ext\": \".jpg\",\n          \"mime\": \"image/jpeg\",\n          \"width\": 750,\n          \"height\": 438,\n          \"size\": 42.12,\n          \"path\": null,\n          \"url\": \"/uploads/medium_cf_7ceac17244.jpg\"\n        },\n        \"small\": {\n          \"name\": \"small_cf.jpg\",\n          \"hash\": \"small_cf_7ceac17244\",\n          \"ext\": \".jpg\",\n          \"mime\": \"image/jpeg\",\n          \"width\": 500,\n          \"height\": 292,\n          \"size\": 24.01,\n          \"path\": null,\n          \"url\": \"/uploads/small_cf_7ceac17244.jpg\"\n        }\n      },\n      \"provider\": \"local\",\n      \"related\": [\n        \"5f635cdc5ee4c9001d2b9646\"\n      ],\n      \"createdAt\": \"2020-09-21T12:10:37.168Z\",\n      \"updatedAt\": \"2020-09-21T12:10:39.988Z\",\n      \"__v\": 0,\n      \"created_by\": \"5e4839cd1c2d53001dcc0696\",\n      \"updated_by\": \"5e4839cd1c2d53001dcc0696\",\n      \"id\": \"5f68983d76320d001e515e64\"\n    },\n    \"description\": \"AWS CloudFormation is a service that gives developers and businesses an easy way to create a collection of related AWS and third party resources and provision them in an orderly and predictable fashion.\\n\\nIt automates and simplifies the task of repeatedly and predictably creating groups of related resources that power your applications. Creating and interconnecting all resources your application needs to run is now as simple as creating a single EC2 or RDS instance.\",\n    \"jobs\": [\n      {\n        \"education\": false,\n        \"includeOnResume\": true,\n        \"attachments\": [],\n        \"skills\": [\n          \"5f635b3f5ee4c9001d2b962f\",\n          \"5f635b8b5ee4c9001d2b9634\",\n          \"5f635c185ee4c9001d2b963a\",\n          \"5f635c2e5ee4c9001d2b963c\",\n          \"5f635c675ee4c9001d2b9640\",\n          \"5f635c745ee4c9001d2b9641\",\n          \"5f635c845ee4c9001d2b9642\",\n          \"5f635cb65ee4c9001d2b9644\",\n          \"5f635cc45ee4c9001d2b9645\",\n          \"5f635cdc5ee4c9001d2b9646\",\n          \"5f635ceb5ee4c9001d2b9647\",\n          \"5f635d045ee4c9001d2b9649\",\n          \"5f635d115ee4c9001d2b964a\",\n          \"5f635d1e5ee4c9001d2b964b\",\n          \"5f635d2c5ee4c9001d2b964c\",\n          \"5f635d425ee4c9001d2b964d\",\n          \"5f635d7e5ee4c9001d2b964f\",\n          \"5f635d875ee4c9001d2b9650\",\n          \"5f635d905ee4c9001d2b9651\",\n          \"5f635d9e5ee4c9001d2b9652\",\n          \"5f635da95ee4c9001d2b9653\",\n          \"5f635dbe5ee4c9001d2b9655\",\n          \"5f635dde5ee4c9001d2b9658\",\n          \"5f635e235ee4c9001d2b965b\",\n          \"5f635e595ee4c9001d2b965f\",\n          \"5f635e755ee4c9001d2b9662\",\n          \"5f635df45ee4c9001d2b965a\",\n          \"5f635de75ee4c9001d2b9659\",\n          \"5f635e7d5ee4c9001d2b9663\",\n          \"5f635e885ee4c9001d2b9664\",\n          \"5f635ea45ee4c9001d2b9666\",\n          \"5f635ee35ee4c9001d2b9668\",\n          \"602236d69dc383001e945ddc\",\n          \"6029446c9dc383001e945de9\",\n          \"5f635b6a5ee4c9001d2b9632\",\n          \"5f635bb85ee4c9001d2b9635\"\n        ],\n        \"_id\": \"5e53713a11c196001d06f91a\",\n        \"title\": \"Senior Director, Java Development\",\n        \"startDate\": \"2011-07-12\",\n        \"createdAt\": \"2020-02-24T06:46:18.484Z\",\n        \"updatedAt\": \"2021-02-26T22:37:22.370Z\",\n        \"__v\": 0,\n        \"company\": \"Universal Music Publishing\",\n        \"companyUrl\": \"https://www.umusicpub.com/\",\n        \"endDate\": \"2018-08-11\",\n        \"shortDescription\": \"Technology leader in cloud native development for business critical applications.\",\n        \"companyImage\": {\n          \"_id\": \"5f6618325ee4c9001d2b969c\",\n          \"name\": \"umpg.png\",\n          \"alternativeText\": \"\",\n          \"caption\": \"\",\n          \"hash\": \"umpg_121becd400\",\n          \"ext\": \".png\",\n          \"mime\": \"image/png\",\n          \"size\": 129.45,\n          \"width\": 400,\n          \"height\": 400,\n          \"url\": \"/uploads/umpg_121becd400.png\",\n          \"formats\": {\n            \"thumbnail\": {\n              \"name\": \"thumbnail_umpg.png\",\n              \"hash\": \"thumbnail_umpg_121becd400\",\n              \"ext\": \".png\",\n              \"mime\": \"image/png\",\n              \"width\": 156,\n              \"height\": 156,\n              \"size\": 31.14,\n              \"path\": null,\n              \"url\": \"/uploads/thumbnail_umpg_121becd400.png\"\n            }\n          },\n          \"provider\": \"local\",\n          \"related\": [\n            \"5e53713a11c196001d06f91a\"\n          ],\n          \"createdAt\": \"2020-09-19T14:39:46.169Z\",\n          \"updatedAt\": \"2021-02-08T08:15:39.296Z\",\n          \"__v\": 0,\n          \"created_by\": \"5e4839cd1c2d53001dcc0696\",\n          \"updated_by\": \"5e4839cd1c2d53001dcc0696\",\n          \"id\": \"5f6618325ee4c9001d2b969c\"\n        },\n        \"updated_by\": \"5e4839cd1c2d53001dcc0696\",\n        \"longDescription\": \"Responsible for architecture and delivery of greenfield internal and public facing business applications. Super scrum master, removing obstacles for four dynamic scrum teams. Frequent commiter.\\n\\nRe-architecture of multiple monoliths with single points of failure to AWS,resulting in scalable, fault tolerant software reducing the operational cost significantly.\\n\\nIntroduced automated testing as a development activity utilising technologies such as cucumber, selenium, docker which allows for far shorter release cycles.\\n\\nDesigned the company's first 'serverless' application at AWS, Utilising ECS Fargate, Lambda, SQS, SNS, ElasticSearch, S3.\",\n        \"location\": \"London\",\n        \"id\": \"5e53713a11c196001d06f91a\"\n      }\n    ],\n    \"blogs\": [],\n    \"id\": \"5f635cdc5ee4c9001d2b9646\"\n  },\n  {\n    \"includeOnResume\": false,\n    \"_id\": \"5f635ceb5ee4c9001d2b9647\",\n    \"name\": \"AWS - S3\",\n    \"rating\": 8,\n    \"createdAt\": \"2020-09-17T12:56:11.563Z\",\n    \"updatedAt\": \"2020-09-27T06:52:01.746Z\",\n    \"__v\": 0,\n    \"created_by\": {\n      \"_id\": \"5e4839cd1c2d53001dcc0696\",\n      \"username\": \"simon.rowe@gmail.com\",\n      \"createdAt\": \"2020-02-15T18:34:53.155Z\",\n      \"updatedAt\": \"2020-09-17T07:45:13.526Z\",\n      \"__v\": 0,\n      \"id\": \"5e4839cd1c2d53001dcc0696\"\n    },\n    \"updated_by\": {\n      \"_id\": \"5e4839cd1c2d53001dcc0696\",\n      \"username\": \"simon.rowe@gmail.com\",\n      \"createdAt\": \"2020-02-15T18:34:53.155Z\",\n      \"updatedAt\": \"2020-09-17T07:45:13.526Z\",\n      \"__v\": 0,\n      \"id\": \"5e4839cd1c2d53001dcc0696\"\n    },\n    \"image\": {\n      \"_id\": \"5f68985776320d001e515e66\",\n      \"name\": \"s3.png\",\n      \"alternativeText\": \"\",\n      \"caption\": \"\",\n      \"hash\": \"s3_f1eb448aa2\",\n      \"ext\": \".png\",\n      \"mime\": \"image/png\",\n      \"size\": 23.68,\n      \"width\": 640,\n      \"height\": 480,\n      \"url\": \"/uploads/s3_f1eb448aa2.png\",\n      \"formats\": {\n        \"thumbnail\": {\n          \"name\": \"thumbnail_s3.png\",\n          \"hash\": \"thumbnail_s3_f1eb448aa2\",\n          \"ext\": \".png\",\n          \"mime\": \"image/png\",\n          \"width\": 208,\n          \"height\": 156,\n          \"size\": 9.08,\n          \"path\": null,\n          \"url\": \"/uploads/thumbnail_s3_f1eb448aa2.png\"\n        },\n        \"small\": {\n          \"name\": \"small_s3.png\",\n          \"hash\": \"small_s3_f1eb448aa2\",\n          \"ext\": \".png\",\n          \"mime\": \"image/png\",\n          \"width\": 500,\n          \"height\": 375,\n          \"size\": 25.31,\n          \"path\": null,\n          \"url\": \"/uploads/small_s3_f1eb448aa2.png\"\n        }\n      },\n      \"provider\": \"local\",\n      \"related\": [\n        \"5f635ceb5ee4c9001d2b9647\"\n      ],\n      \"createdAt\": \"2020-09-21T12:11:03.327Z\",\n      \"updatedAt\": \"2020-09-21T12:11:05.739Z\",\n      \"__v\": 0,\n      \"created_by\": \"5e4839cd1c2d53001dcc0696\",\n      \"updated_by\": \"5e4839cd1c2d53001dcc0696\",\n      \"id\": \"5f68985776320d001e515e66\"\n    },\n    \"description\": \"Amazon S3 is object storage built to store and retrieve any amount of data from anywhere on the Internet. Itâ€™s a simple storage service that offers an extremely durable, highly available, and infinitely scalable data storage infrastructure at very low costs.\",\n    \"jobs\": [\n      {\n        \"education\": false,\n        \"includeOnResume\": true,\n        \"attachments\": [],\n        \"skills\": [\n          \"5f635b7e5ee4c9001d2b9633\",\n          \"5f635b8b5ee4c9001d2b9634\",\n          \"5f635c0f5ee4c9001d2b9639\",\n          \"5f635c1e5ee4c9001d2b963b\",\n          \"5f635c2e5ee4c9001d2b963c\",\n          \"5f635c745ee4c9001d2b9641\",\n          \"5f635c845ee4c9001d2b9642\",\n          \"5f635d1e5ee4c9001d2b964b\",\n          \"5f635d2c5ee4c9001d2b964c\",\n          \"5f635d905ee4c9001d2b9651\",\n          \"5f635db55ee4c9001d2b9654\",\n          \"5f635e365ee4c9001d2b965d\",\n          \"5f635e235ee4c9001d2b965b\",\n          \"5f635e2c5ee4c9001d2b965c\",\n          \"5f635e405ee4c9001d2b965e\",\n          \"5f635e935ee4c9001d2b9665\",\n          \"5f635f025ee4c9001d2b966b\",\n          \"5f635c185ee4c9001d2b963a\",\n          \"5f635ceb5ee4c9001d2b9647\",\n          \"5f635cf75ee4c9001d2b9648\",\n          \"5f635d045ee4c9001d2b9649\",\n          \"5f635d115ee4c9001d2b964a\",\n          \"5f63608d5ee4c9001d2b966e\",\n          \"602234ba9dc383001e945dd6\",\n          \"5f635b495ee4c9001d2b9630\",\n          \"5f635b555ee4c9001d2b9631\",\n          \"5f635b6a5ee4c9001d2b9632\",\n          \"5f635ca45ee4c9001d2b9643\",\n          \"5f635eae5ee4c9001d2b9667\",\n          \"5f635ef75ee4c9001d2b966a\",\n          \"5f635e625ee4c9001d2b9660\",\n          \"5f635dd35ee4c9001d2b9657\",\n          \"5f635bb85ee4c9001d2b9635\"\n        ],\n        \"_id\": \"5e53704f11c196001d06f914\",\n        \"title\": \"Software Engineering Lead\",\n        \"startDate\": \"2019-04-15\",\n        \"company\": \"Upp Technologies\",\n        \"companyUrl\": \"https://upp.ai\",\n        \"shortDescription\": \"Hands-on lead engineer in a small cross-functional team.\\n\",\n        \"createdAt\": \"2020-02-24T06:42:23.147Z\",\n        \"updatedAt\": \"2021-02-26T22:37:22.370Z\",\n        \"__v\": 0,\n        \"endDate\": \"2020-05-01\",\n        \"companyImage\": {\n          \"_id\": \"6020f0499dc383001e945dd3\",\n          \"name\": \"upp.png\",\n          \"alternativeText\": \"\",\n          \"caption\": \"\",\n          \"hash\": \"upp_4780c5270b\",\n          \"ext\": \".png\",\n          \"mime\": \"image/png\",\n          \"size\": 2.21,\n          \"width\": 141,\n          \"height\": 106,\n          \"url\": \"/uploads/upp_4780c5270b.png\",\n          \"provider\": \"local\",\n          \"related\": [\n            \"5e53704f11c196001d06f914\"\n          ],\n          \"createdAt\": \"2021-02-08T08:03:21.134Z\",\n          \"updatedAt\": \"2021-02-08T08:03:37.545Z\",\n          \"__v\": 0,\n          \"created_by\": \"5e4839cd1c2d53001dcc0696\",\n          \"updated_by\": \"5e4839cd1c2d53001dcc0696\",\n          \"id\": \"6020f0499dc383001e945dd3\"\n        },\n        \"updated_by\": \"5e4839cd1c2d53001dcc0696\",\n        \"longDescription\": \"Lead Engineer working on all verticals (front end, backend, ops) of the Upp Intelligent Platform. Lead a small cross-functional team of 5 to deliver an event-driven, microservices architecture compromising of the following modules:\\n\\n* Onboarding - data ingestion from 3rd party product providers such as Magento, Shopify and others in conjunction with IPaas (Integration Platform as a Service) This module also consisted of a proprietary data mapping solution.\\n* Products - enrichment, bulk operations and search functionality (using an inverted index).\\n* Margin Hub - a suite of microservices integrating numerous different data points to report on product profitability and suggest intelligent actions to optimise margin.\\n\\n\\nIn addition to leading feature development, my role also comprised of promoting best practises amongst other agile teams including but not limited to:\\n\\n* Creating a customized version of spring initializr that generated skeleton services with all required libraries, Jenkins pipeline definitions, Kubernetes manifest files etc so developers could concentrate on delivering business logic and not plumbing;\\n* Spring Boot starter library for event sourcing\\n* Component testing using test containers\\n* Service - Service authentication using OIDC client credentials with keycloak.\",\n        \"location\": \"London\",\n        \"id\": \"5e53704f11c196001d06f914\"\n      },\n      {\n        \"education\": false,\n        \"includeOnResume\": true,\n        \"attachments\": [],\n        \"skills\": [\n          \"5f635b3f5ee4c9001d2b962f\",\n          \"5f635b8b5ee4c9001d2b9634\",\n          \"5f635c185ee4c9001d2b963a\",\n          \"5f635c2e5ee4c9001d2b963c\",\n          \"5f635c675ee4c9001d2b9640\",\n          \"5f635c745ee4c9001d2b9641\",\n          \"5f635c845ee4c9001d2b9642\",\n          \"5f635cb65ee4c9001d2b9644\",\n          \"5f635cc45ee4c9001d2b9645\",\n          \"5f635cdc5ee4c9001d2b9646\",\n          \"5f635ceb5ee4c9001d2b9647\",\n          \"5f635d045ee4c9001d2b9649\",\n          \"5f635d115ee4c9001d2b964a\",\n          \"5f635d1e5ee4c9001d2b964b\",\n          \"5f635d2c5ee4c9001d2b964c\",\n          \"5f635d425ee4c9001d2b964d\",\n          \"5f635d7e5ee4c9001d2b964f\",\n          \"5f635d875ee4c9001d2b9650\",\n          \"5f635d905ee4c9001d2b9651\",\n          \"5f635d9e5ee4c9001d2b9652\",\n          \"5f635da95ee4c9001d2b9653\",\n          \"5f635dbe5ee4c9001d2b9655\",\n          \"5f635dde5ee4c9001d2b9658\",\n          \"5f635e235ee4c9001d2b965b\",\n          \"5f635e595ee4c9001d2b965f\",\n          \"5f635e755ee4c9001d2b9662\",\n          \"5f635df45ee4c9001d2b965a\",\n          \"5f635de75ee4c9001d2b9659\",\n          \"5f635e7d5ee4c9001d2b9663\",\n          \"5f635e885ee4c9001d2b9664\",\n          \"5f635ea45ee4c9001d2b9666\",\n          \"5f635ee35ee4c9001d2b9668\",\n          \"602236d69dc383001e945ddc\",\n          \"6029446c9dc383001e945de9\",\n          \"5f635b6a5ee4c9001d2b9632\",\n          \"5f635bb85ee4c9001d2b9635\"\n        ],\n        \"_id\": \"5e53713a11c196001d06f91a\",\n        \"title\": \"Senior Director, Java Development\",\n        \"startDate\": \"2011-07-12\",\n        \"createdAt\": \"2020-02-24T06:46:18.484Z\",\n        \"updatedAt\": \"2021-02-26T22:37:22.370Z\",\n        \"__v\": 0,\n        \"company\": \"Universal Music Publishing\",\n        \"companyUrl\": \"https://www.umusicpub.com/\",\n        \"endDate\": \"2018-08-11\",\n        \"shortDescription\": \"Technology leader in cloud native development for business critical applications.\",\n        \"companyImage\": {\n          \"_id\": \"5f6618325ee4c9001d2b969c\",\n          \"name\": \"umpg.png\",\n          \"alternativeText\": \"\",\n          \"caption\": \"\",\n          \"hash\": \"umpg_121becd400\",\n          \"ext\": \".png\",\n          \"mime\": \"image/png\",\n          \"size\": 129.45,\n          \"width\": 400,\n          \"height\": 400,\n          \"url\": \"/uploads/umpg_121becd400.png\",\n          \"formats\": {\n            \"thumbnail\": {\n              \"name\": \"thumbnail_umpg.png\",\n              \"hash\": \"thumbnail_umpg_121becd400\",\n              \"ext\": \".png\",\n              \"mime\": \"image/png\",\n              \"width\": 156,\n              \"height\": 156,\n              \"size\": 31.14,\n              \"path\": null,\n              \"url\": \"/uploads/thumbnail_umpg_121becd400.png\"\n            }\n          },\n          \"provider\": \"local\",\n          \"related\": [\n            \"5e53713a11c196001d06f91a\"\n          ],\n          \"createdAt\": \"2020-09-19T14:39:46.169Z\",\n          \"updatedAt\": \"2021-02-08T08:15:39.296Z\",\n          \"__v\": 0,\n          \"created_by\": \"5e4839cd1c2d53001dcc0696\",\n          \"updated_by\": \"5e4839cd1c2d53001dcc0696\",\n          \"id\": \"5f6618325ee4c9001d2b969c\"\n        },\n        \"updated_by\": \"5e4839cd1c2d53001dcc0696\",\n        \"longDescription\": \"Responsible for architecture and delivery of greenfield internal and public facing business applications. Super scrum master, removing obstacles for four dynamic scrum teams. Frequent commiter.\\n\\nRe-architecture of multiple monoliths with single points of failure to AWS,resulting in scalable, fault tolerant software reducing the operational cost significantly.\\n\\nIntroduced automated testing as a development activity utilising technologies such as cucumber, selenium, docker which allows for far shorter release cycles.\\n\\nDesigned the company's first 'serverless' application at AWS, Utilising ECS Fargate, Lambda, SQS, SNS, ElasticSearch, S3.\",\n        \"location\": \"London\",\n        \"id\": \"5e53713a11c196001d06f91a\"\n      },\n      {\n        \"education\": false,\n        \"includeOnResume\": true,\n        \"attachments\": [],\n        \"skills\": [\n          \"5f635b7e5ee4c9001d2b9633\",\n          \"5f635b8b5ee4c9001d2b9634\",\n          \"5f635bf05ee4c9001d2b9637\",\n          \"5f635c0f5ee4c9001d2b9639\",\n          \"5f635c185ee4c9001d2b963a\",\n          \"5f635c1e5ee4c9001d2b963b\",\n          \"5f635c005ee4c9001d2b9638\",\n          \"5f635c2e5ee4c9001d2b963c\",\n          \"5f635c4f5ee4c9001d2b963f\",\n          \"5f635c675ee4c9001d2b9640\",\n          \"5f635c745ee4c9001d2b9641\",\n          \"5f635c845ee4c9001d2b9642\",\n          \"5f635ceb5ee4c9001d2b9647\",\n          \"5f635cf75ee4c9001d2b9648\",\n          \"5f635d045ee4c9001d2b9649\",\n          \"5f635d115ee4c9001d2b964a\",\n          \"5f635d1e5ee4c9001d2b964b\",\n          \"5f635d2c5ee4c9001d2b964c\",\n          \"5f635d425ee4c9001d2b964d\",\n          \"5f635d905ee4c9001d2b9651\",\n          \"5f635db55ee4c9001d2b9654\",\n          \"5f635dde5ee4c9001d2b9658\",\n          \"5f635e235ee4c9001d2b965b\",\n          \"5f635e2c5ee4c9001d2b965c\",\n          \"5f635e935ee4c9001d2b9665\",\n          \"5f635ef05ee4c9001d2b9669\",\n          \"5f635f8f5ee4c9001d2b966c\",\n          \"5f635f995ee4c9001d2b966d\",\n          \"5f635f025ee4c9001d2b966b\",\n          \"5f63608d5ee4c9001d2b966e\",\n          \"602234ba9dc383001e945dd6\",\n          \"5f635b555ee4c9001d2b9631\",\n          \"5f635b6a5ee4c9001d2b9632\",\n          \"5f635ca45ee4c9001d2b9643\",\n          \"5f635eae5ee4c9001d2b9667\",\n          \"5f635ef75ee4c9001d2b966a\",\n          \"5f635c375ee4c9001d2b963d\",\n          \"5f635e625ee4c9001d2b9660\",\n          \"5f635dd35ee4c9001d2b9657\",\n          \"5f635bb85ee4c9001d2b9635\",\n          \"60291c5d9dc383001e945de2\"\n        ],\n        \"_id\": \"5eedd4803c8d74001e4497f5\",\n        \"startDate\": \"2020-05-04\",\n        \"company\": \"Y-Tree\",\n        \"companyUrl\": \"https://y-tree.com/\",\n        \"title\": \"Senior Developer\",\n        \"createdAt\": \"2020-06-20T09:18:56.102Z\",\n        \"updatedAt\": \"2021-02-26T22:39:33.470Z\",\n        \"__v\": 0,\n        \"companyImage\": {\n          \"_id\": \"5eedd46e3c8d74001e4497f4\",\n          \"name\": \"YTree\",\n          \"alternativeText\": \"\",\n          \"caption\": \"\",\n          \"hash\": \"YT_ree_50b80993fc\",\n          \"ext\": \".png\",\n          \"mime\": \"image/png\",\n          \"size\": 6.33,\n          \"width\": 200,\n          \"height\": 200,\n          \"url\": \"/uploads/YT_ree_50b80993fc.png\",\n          \"formats\": {\n            \"thumbnail\": {\n              \"hash\": \"thumbnail_YT_ree_50b80993fc\",\n              \"ext\": \".png\",\n              \"mime\": \"image/png\",\n              \"width\": 156,\n              \"height\": 156,\n              \"size\": 10.07,\n              \"path\": null,\n              \"url\": \"/uploads/thumbnail_YT_ree_50b80993fc.png\"\n            }\n          },\n          \"provider\": \"local\",\n          \"related\": [\n            \"5eedd4803c8d74001e4497f5\"\n          ],\n          \"createdAt\": \"2020-06-20T09:18:38.337Z\",\n          \"updatedAt\": \"2020-06-20T09:18:56.106Z\",\n          \"__v\": 0,\n          \"id\": \"5eedd46e3c8d74001e4497f4\"\n        },\n        \"shortDescription\": \"Lead Developer of exciting fin-tech platform composed of event-driven and restful microservices.\",\n        \"updated_by\": \"5e4839cd1c2d53001dcc0696\",\n        \"longDescription\": \"Lead Developer of exciting fin-tech platform composed of event-driven and restful microservices.\\n\\nHeavily involved in transforming a monolithic application into a suite of fault-tolerant event-driven and restful microservices written with Kotlin and Spring Boot. \\n\\nLead a cloud-native transformation by improving the path to production of services by introducing a number of tools and technologies to aide with continuous delivery of features:\\n\\n-  Cucumber for integration testing\\n-  Pact for contract testing (consumer-driven contracts for both synchronous (HTTP) and event-driven (Kafka) communication)\\n-  Test Containers for component testing\\n-  Use of Spring Cloud Kubernetes and Spring Cloud vault for environment-specific configuration (as per the [12-factor app](https://12factor.net/))\\n- Jenkin X pipelines to build and deploy helm charts for each service and environment.\\n- Keycloak for identity management.\\n- Rolling updates of k8s deployments for no-outage releases.\\n\\nAlso contributed to the YTree technical blog sharing knowledge amongst the team in the form of both written blogs and recorded videos. \\n\\n\\n\\n\\n\\n\",\n        \"location\": \"London\",\n        \"id\": \"5eedd4803c8d74001e4497f5\"\n      }\n    ],\n    \"blogs\": [],\n    \"id\": \"5f635ceb5ee4c9001d2b9647\"\n  },\n  {\n    \"includeOnResume\": false,\n    \"_id\": \"5f635cf75ee4c9001d2b9648\",\n    \"name\": \"AWS - EKS\",\n    \"rating\": 7,\n    \"createdAt\": \"2020-09-17T12:56:23.906Z\",\n    \"updatedAt\": \"2020-09-27T06:52:31.214Z\",\n    \"__v\": 0,\n    \"created_by\": {\n      \"_id\": \"5e4839cd1c2d53001dcc0696\",\n      \"username\": \"simon.rowe@gmail.com\",\n      \"createdAt\": \"2020-02-15T18:34:53.155Z\",\n      \"updatedAt\": \"2020-09-17T07:45:13.526Z\",\n      \"__v\": 0,\n      \"id\": \"5e4839cd1c2d53001dcc0696\"\n    },\n    \"updated_by\": {\n      \"_id\": \"5e4839cd1c2d53001dcc0696\",\n      \"username\": \"simon.rowe@gmail.com\",\n      \"createdAt\": \"2020-02-15T18:34:53.155Z\",\n      \"updatedAt\": \"2020-09-17T07:45:13.526Z\",\n      \"__v\": 0,\n      \"id\": \"5e4839cd1c2d53001dcc0696\"\n    },\n    \"image\": {\n      \"_id\": \"5f68988576320d001e515e68\",\n      \"name\": \"eks.png\",\n      \"alternativeText\": \"\",\n      \"caption\": \"\",\n      \"hash\": \"eks_0690809a3d\",\n      \"ext\": \".png\",\n      \"mime\": \"image/png\",\n      \"size\": 7.01,\n      \"width\": 200,\n      \"height\": 197,\n      \"url\": \"/uploads/eks_0690809a3d.png\",\n      \"formats\": {\n        \"thumbnail\": {\n          \"name\": \"thumbnail_eks.png\",\n          \"hash\": \"thumbnail_eks_0690809a3d\",\n          \"ext\": \".png\",\n          \"mime\": \"image/png\",\n          \"width\": 158,\n          \"height\": 156,\n          \"size\": 15,\n          \"path\": null,\n          \"url\": \"/uploads/thumbnail_eks_0690809a3d.png\"\n        }\n      },\n      \"provider\": \"local\",\n      \"related\": [\n        \"5f635cf75ee4c9001d2b9648\"\n      ],\n      \"createdAt\": \"2020-09-21T12:11:49.261Z\",\n      \"updatedAt\": \"2020-09-21T12:11:52.176Z\",\n      \"__v\": 0,\n      \"created_by\": \"5e4839cd1c2d53001dcc0696\",\n      \"updated_by\": \"5e4839cd1c2d53001dcc0696\",\n      \"id\": \"5f68988576320d001e515e68\"\n    },\n    \"description\": \"Amazon EKS is a managed service that makes it easy for you to run Kubernetes on AWS without needing to install and operate your own Kubernetes control plane or worker nodes.\",\n    \"jobs\": [\n      {\n        \"education\": false,\n        \"includeOnResume\": true,\n        \"attachments\": [],\n        \"skills\": [\n          \"5f635b7e5ee4c9001d2b9633\",\n          \"5f635b8b5ee4c9001d2b9634\",\n          \"5f635c0f5ee4c9001d2b9639\",\n          \"5f635c1e5ee4c9001d2b963b\",\n          \"5f635c2e5ee4c9001d2b963c\",\n          \"5f635c745ee4c9001d2b9641\",\n          \"5f635c845ee4c9001d2b9642\",\n          \"5f635d1e5ee4c9001d2b964b\",\n          \"5f635d2c5ee4c9001d2b964c\",\n          \"5f635d905ee4c9001d2b9651\",\n          \"5f635db55ee4c9001d2b9654\",\n          \"5f635e365ee4c9001d2b965d\",\n          \"5f635e235ee4c9001d2b965b\",\n          \"5f635e2c5ee4c9001d2b965c\",\n          \"5f635e405ee4c9001d2b965e\",\n          \"5f635e935ee4c9001d2b9665\",\n          \"5f635f025ee4c9001d2b966b\",\n          \"5f635c185ee4c9001d2b963a\",\n          \"5f635ceb5ee4c9001d2b9647\",\n          \"5f635cf75ee4c9001d2b9648\",\n          \"5f635d045ee4c9001d2b9649\",\n          \"5f635d115ee4c9001d2b964a\",\n          \"5f63608d5ee4c9001d2b966e\",\n          \"602234ba9dc383001e945dd6\",\n          \"5f635b495ee4c9001d2b9630\",\n          \"5f635b555ee4c9001d2b9631\",\n          \"5f635b6a5ee4c9001d2b9632\",\n          \"5f635ca45ee4c9001d2b9643\",\n          \"5f635eae5ee4c9001d2b9667\",\n          \"5f635ef75ee4c9001d2b966a\",\n          \"5f635e625ee4c9001d2b9660\",\n          \"5f635dd35ee4c9001d2b9657\",\n          \"5f635bb85ee4c9001d2b9635\"\n        ],\n        \"_id\": \"5e53704f11c196001d06f914\",\n        \"title\": \"Software Engineering Lead\",\n        \"startDate\": \"2019-04-15\",\n        \"company\": \"Upp Technologies\",\n        \"companyUrl\": \"https://upp.ai\",\n        \"shortDescription\": \"Hands-on lead engineer in a small cross-functional team.\\n\",\n        \"createdAt\": \"2020-02-24T06:42:23.147Z\",\n        \"updatedAt\": \"2021-02-26T22:37:22.370Z\",\n        \"__v\": 0,\n        \"endDate\": \"2020-05-01\",\n        \"companyImage\": {\n          \"_id\": \"6020f0499dc383001e945dd3\",\n          \"name\": \"upp.png\",\n          \"alternativeText\": \"\",\n          \"caption\": \"\",\n          \"hash\": \"upp_4780c5270b\",\n          \"ext\": \".png\",\n          \"mime\": \"image/png\",\n          \"size\": 2.21,\n          \"width\": 141,\n          \"height\": 106,\n          \"url\": \"/uploads/upp_4780c5270b.png\",\n          \"provider\": \"local\",\n          \"related\": [\n            \"5e53704f11c196001d06f914\"\n          ],\n          \"createdAt\": \"2021-02-08T08:03:21.134Z\",\n          \"updatedAt\": \"2021-02-08T08:03:37.545Z\",\n          \"__v\": 0,\n          \"created_by\": \"5e4839cd1c2d53001dcc0696\",\n          \"updated_by\": \"5e4839cd1c2d53001dcc0696\",\n          \"id\": \"6020f0499dc383001e945dd3\"\n        },\n        \"updated_by\": \"5e4839cd1c2d53001dcc0696\",\n        \"longDescription\": \"Lead Engineer working on all verticals (front end, backend, ops) of the Upp Intelligent Platform. Lead a small cross-functional team of 5 to deliver an event-driven, microservices architecture compromising of the following modules:\\n\\n* Onboarding - data ingestion from 3rd party product providers such as Magento, Shopify and others in conjunction with IPaas (Integration Platform as a Service) This module also consisted of a proprietary data mapping solution.\\n* Products - enrichment, bulk operations and search functionality (using an inverted index).\\n* Margin Hub - a suite of microservices integrating numerous different data points to report on product profitability and suggest intelligent actions to optimise margin.\\n\\n\\nIn addition to leading feature development, my role also comprised of promoting best practises amongst other agile teams including but not limited to:\\n\\n* Creating a customized version of spring initializr that generated skeleton services with all required libraries, Jenkins pipeline definitions, Kubernetes manifest files etc so developers could concentrate on delivering business logic and not plumbing;\\n* Spring Boot starter library for event sourcing\\n* Component testing using test containers\\n* Service - Service authentication using OIDC client credentials with keycloak.\",\n        \"location\": \"London\",\n        \"id\": \"5e53704f11c196001d06f914\"\n      },\n      {\n        \"education\": false,\n        \"includeOnResume\": true,\n        \"attachments\": [],\n        \"skills\": [\n          \"5f635b7e5ee4c9001d2b9633\",\n          \"5f635b8b5ee4c9001d2b9634\",\n          \"5f635bf05ee4c9001d2b9637\",\n          \"5f635c0f5ee4c9001d2b9639\",\n          \"5f635c185ee4c9001d2b963a\",\n          \"5f635c1e5ee4c9001d2b963b\",\n          \"5f635c005ee4c9001d2b9638\",\n          \"5f635c2e5ee4c9001d2b963c\",\n          \"5f635c4f5ee4c9001d2b963f\",\n          \"5f635c675ee4c9001d2b9640\",\n          \"5f635c745ee4c9001d2b9641\",\n          \"5f635c845ee4c9001d2b9642\",\n          \"5f635ceb5ee4c9001d2b9647\",\n          \"5f635cf75ee4c9001d2b9648\",\n          \"5f635d045ee4c9001d2b9649\",\n          \"5f635d115ee4c9001d2b964a\",\n          \"5f635d1e5ee4c9001d2b964b\",\n          \"5f635d2c5ee4c9001d2b964c\",\n          \"5f635d425ee4c9001d2b964d\",\n          \"5f635d905ee4c9001d2b9651\",\n          \"5f635db55ee4c9001d2b9654\",\n          \"5f635dde5ee4c9001d2b9658\",\n          \"5f635e235ee4c9001d2b965b\",\n          \"5f635e2c5ee4c9001d2b965c\",\n          \"5f635e935ee4c9001d2b9665\",\n          \"5f635ef05ee4c9001d2b9669\",\n          \"5f635f8f5ee4c9001d2b966c\",\n          \"5f635f995ee4c9001d2b966d\",\n          \"5f635f025ee4c9001d2b966b\",\n          \"5f63608d5ee4c9001d2b966e\",\n          \"602234ba9dc383001e945dd6\",\n          \"5f635b555ee4c9001d2b9631\",\n          \"5f635b6a5ee4c9001d2b9632\",\n          \"5f635ca45ee4c9001d2b9643\",\n          \"5f635eae5ee4c9001d2b9667\",\n          \"5f635ef75ee4c9001d2b966a\",\n          \"5f635c375ee4c9001d2b963d\",\n          \"5f635e625ee4c9001d2b9660\",\n          \"5f635dd35ee4c9001d2b9657\",\n          \"5f635bb85ee4c9001d2b9635\",\n          \"60291c5d9dc383001e945de2\"\n        ],\n        \"_id\": \"5eedd4803c8d74001e4497f5\",\n        \"startDate\": \"2020-05-04\",\n        \"company\": \"Y-Tree\",\n        \"companyUrl\": \"https://y-tree.com/\",\n        \"title\": \"Senior Developer\",\n        \"createdAt\": \"2020-06-20T09:18:56.102Z\",\n        \"updatedAt\": \"2021-02-26T22:39:33.470Z\",\n        \"__v\": 0,\n        \"companyImage\": {\n          \"_id\": \"5eedd46e3c8d74001e4497f4\",\n          \"name\": \"YTree\",\n          \"alternativeText\": \"\",\n          \"caption\": \"\",\n          \"hash\": \"YT_ree_50b80993fc\",\n          \"ext\": \".png\",\n          \"mime\": \"image/png\",\n          \"size\": 6.33,\n          \"width\": 200,\n          \"height\": 200,\n          \"url\": \"/uploads/YT_ree_50b80993fc.png\",\n          \"formats\": {\n            \"thumbnail\": {\n              \"hash\": \"thumbnail_YT_ree_50b80993fc\",\n              \"ext\": \".png\",\n              \"mime\": \"image/png\",\n              \"width\": 156,\n              \"height\": 156,\n              \"size\": 10.07,\n              \"path\": null,\n              \"url\": \"/uploads/thumbnail_YT_ree_50b80993fc.png\"\n            }\n          },\n          \"provider\": \"local\",\n          \"related\": [\n            \"5eedd4803c8d74001e4497f5\"\n          ],\n          \"createdAt\": \"2020-06-20T09:18:38.337Z\",\n          \"updatedAt\": \"2020-06-20T09:18:56.106Z\",\n          \"__v\": 0,\n          \"id\": \"5eedd46e3c8d74001e4497f4\"\n        },\n        \"shortDescription\": \"Lead Developer of exciting fin-tech platform composed of event-driven and restful microservices.\",\n        \"updated_by\": \"5e4839cd1c2d53001dcc0696\",\n        \"longDescription\": \"Lead Developer of exciting fin-tech platform composed of event-driven and restful microservices.\\n\\nHeavily involved in transforming a monolithic application into a suite of fault-tolerant event-driven and restful microservices written with Kotlin and Spring Boot. \\n\\nLead a cloud-native transformation by improving the path to production of services by introducing a number of tools and technologies to aide with continuous delivery of features:\\n\\n-  Cucumber for integration testing\\n-  Pact for contract testing (consumer-driven contracts for both synchronous (HTTP) and event-driven (Kafka) communication)\\n-  Test Containers for component testing\\n-  Use of Spring Cloud Kubernetes and Spring Cloud vault for environment-specific configuration (as per the [12-factor app](https://12factor.net/))\\n- Jenkin X pipelines to build and deploy helm charts for each service and environment.\\n- Keycloak for identity management.\\n- Rolling updates of k8s deployments for no-outage releases.\\n\\nAlso contributed to the YTree technical blog sharing knowledge amongst the team in the form of both written blogs and recorded videos. \\n\\n\\n\\n\\n\\n\",\n        \"location\": \"London\",\n        \"id\": \"5eedd4803c8d74001e4497f5\"\n      }\n    ],\n    \"blogs\": [],\n    \"id\": \"5f635cf75ee4c9001d2b9648\"\n  },\n  {\n    \"includeOnResume\": false,\n    \"_id\": \"5f635d045ee4c9001d2b9649\",\n    \"name\": \"AWS - Route53\",\n    \"rating\": 7.5,\n    \"createdAt\": \"2020-09-17T12:56:36.422Z\",\n    \"updatedAt\": \"2020-09-27T06:53:15.051Z\",\n    \"__v\": 0,\n    \"created_by\": {\n      \"_id\": \"5e4839cd1c2d53001dcc0696\",\n      \"username\": \"simon.rowe@gmail.com\",\n      \"createdAt\": \"2020-02-15T18:34:53.155Z\",\n      \"updatedAt\": \"2020-09-17T07:45:13.526Z\",\n      \"__v\": 0,\n      \"id\": \"5e4839cd1c2d53001dcc0696\"\n    },\n    \"updated_by\": {\n      \"_id\": \"5e4839cd1c2d53001dcc0696\",\n      \"username\": \"simon.rowe@gmail.com\",\n      \"createdAt\": \"2020-02-15T18:34:53.155Z\",\n      \"updatedAt\": \"2020-09-17T07:45:13.526Z\",\n      \"__v\": 0,\n      \"id\": \"5e4839cd1c2d53001dcc0696\"\n    },\n    \"image\": {\n      \"_id\": \"5f6898a276320d001e515e6a\",\n      \"name\": \"route53.png\",\n      \"alternativeText\": \"\",\n      \"caption\": \"\",\n      \"hash\": \"route53_57997bf7d8\",\n      \"ext\": \".png\",\n      \"mime\": \"image/png\",\n      \"size\": 2.56,\n      \"width\": 192,\n      \"height\": 130,\n      \"url\": \"/uploads/route53_57997bf7d8.png\",\n      \"provider\": \"local\",\n      \"related\": [\n        \"5f635d045ee4c9001d2b9649\"\n      ],\n      \"createdAt\": \"2020-09-21T12:12:18.441Z\",\n      \"updatedAt\": \"2020-09-21T12:12:24.038Z\",\n      \"__v\": 0,\n      \"created_by\": \"5e4839cd1c2d53001dcc0696\",\n      \"updated_by\": \"5e4839cd1c2d53001dcc0696\",\n      \"id\": \"5f6898a276320d001e515e6a\"\n    },\n    \"description\": \"Amazon Route 53 is a highly available and scalable cloud Domain Name System (DNS) web service. It is designed to give developers and businesses an extremely reliable and cost effective way to route end users to Internet applications by translating names like www.example.com into the numeric IP addresses like 192.0.2.1 that computers use to connect to each other. Amazon Route 53 is fully compliant with IPv6 as well\",\n    \"jobs\": [\n      {\n        \"education\": false,\n        \"includeOnResume\": true,\n        \"attachments\": [],\n        \"skills\": [\n          \"5f635b7e5ee4c9001d2b9633\",\n          \"5f635b8b5ee4c9001d2b9634\",\n          \"5f635c0f5ee4c9001d2b9639\",\n          \"5f635c1e5ee4c9001d2b963b\",\n          \"5f635c2e5ee4c9001d2b963c\",\n          \"5f635c745ee4c9001d2b9641\",\n          \"5f635c845ee4c9001d2b9642\",\n          \"5f635d1e5ee4c9001d2b964b\",\n          \"5f635d2c5ee4c9001d2b964c\",\n          \"5f635d905ee4c9001d2b9651\",\n          \"5f635db55ee4c9001d2b9654\",\n          \"5f635e365ee4c9001d2b965d\",\n          \"5f635e235ee4c9001d2b965b\",\n          \"5f635e2c5ee4c9001d2b965c\",\n          \"5f635e405ee4c9001d2b965e\",\n          \"5f635e935ee4c9001d2b9665\",\n          \"5f635f025ee4c9001d2b966b\",\n          \"5f635c185ee4c9001d2b963a\",\n          \"5f635ceb5ee4c9001d2b9647\",\n          \"5f635cf75ee4c9001d2b9648\",\n          \"5f635d045ee4c9001d2b9649\",\n          \"5f635d115ee4c9001d2b964a\",\n          \"5f63608d5ee4c9001d2b966e\",\n          \"602234ba9dc383001e945dd6\",\n          \"5f635b495ee4c9001d2b9630\",\n          \"5f635b555ee4c9001d2b9631\",\n          \"5f635b6a5ee4c9001d2b9632\",\n          \"5f635ca45ee4c9001d2b9643\",\n          \"5f635eae5ee4c9001d2b9667\",\n          \"5f635ef75ee4c9001d2b966a\",\n          \"5f635e625ee4c9001d2b9660\",\n          \"5f635dd35ee4c9001d2b9657\",\n          \"5f635bb85ee4c9001d2b9635\"\n        ],\n        \"_id\": \"5e53704f11c196001d06f914\",\n        \"title\": \"Software Engineering Lead\",\n        \"startDate\": \"2019-04-15\",\n        \"company\": \"Upp Technologies\",\n        \"companyUrl\": \"https://upp.ai\",\n        \"shortDescription\": \"Hands-on lead engineer in a small cross-functional team.\\n\",\n        \"createdAt\": \"2020-02-24T06:42:23.147Z\",\n        \"updatedAt\": \"2021-02-26T22:37:22.370Z\",\n        \"__v\": 0,\n        \"endDate\": \"2020-05-01\",\n        \"companyImage\": {\n          \"_id\": \"6020f0499dc383001e945dd3\",\n          \"name\": \"upp.png\",\n          \"alternativeText\": \"\",\n          \"caption\": \"\",\n          \"hash\": \"upp_4780c5270b\",\n          \"ext\": \".png\",\n          \"mime\": \"image/png\",\n          \"size\": 2.21,\n          \"width\": 141,\n          \"height\": 106,\n          \"url\": \"/uploads/upp_4780c5270b.png\",\n          \"provider\": \"local\",\n          \"related\": [\n            \"5e53704f11c196001d06f914\"\n          ],\n          \"createdAt\": \"2021-02-08T08:03:21.134Z\",\n          \"updatedAt\": \"2021-02-08T08:03:37.545Z\",\n          \"__v\": 0,\n          \"created_by\": \"5e4839cd1c2d53001dcc0696\",\n          \"updated_by\": \"5e4839cd1c2d53001dcc0696\",\n          \"id\": \"6020f0499dc383001e945dd3\"\n        },\n        \"updated_by\": \"5e4839cd1c2d53001dcc0696\",\n        \"longDescription\": \"Lead Engineer working on all verticals (front end, backend, ops) of the Upp Intelligent Platform. Lead a small cross-functional team of 5 to deliver an event-driven, microservices architecture compromising of the following modules:\\n\\n* Onboarding - data ingestion from 3rd party product providers such as Magento, Shopify and others in conjunction with IPaas (Integration Platform as a Service) This module also consisted of a proprietary data mapping solution.\\n* Products - enrichment, bulk operations and search functionality (using an inverted index).\\n* Margin Hub - a suite of microservices integrating numerous different data points to report on product profitability and suggest intelligent actions to optimise margin.\\n\\n\\nIn addition to leading feature development, my role also comprised of promoting best practises amongst other agile teams including but not limited to:\\n\\n* Creating a customized version of spring initializr that generated skeleton services with all required libraries, Jenkins pipeline definitions, Kubernetes manifest files etc so developers could concentrate on delivering business logic and not plumbing;\\n* Spring Boot starter library for event sourcing\\n* Component testing using test containers\\n* Service - Service authentication using OIDC client credentials with keycloak.\",\n        \"location\": \"London\",\n        \"id\": \"5e53704f11c196001d06f914\"\n      },\n      {\n        \"education\": false,\n        \"includeOnResume\": true,\n        \"attachments\": [],\n        \"skills\": [\n          \"5f635b3f5ee4c9001d2b962f\",\n          \"5f635b8b5ee4c9001d2b9634\",\n          \"5f635c185ee4c9001d2b963a\",\n          \"5f635c2e5ee4c9001d2b963c\",\n          \"5f635c675ee4c9001d2b9640\",\n          \"5f635c745ee4c9001d2b9641\",\n          \"5f635c845ee4c9001d2b9642\",\n          \"5f635cb65ee4c9001d2b9644\",\n          \"5f635cc45ee4c9001d2b9645\",\n          \"5f635cdc5ee4c9001d2b9646\",\n          \"5f635ceb5ee4c9001d2b9647\",\n          \"5f635d045ee4c9001d2b9649\",\n          \"5f635d115ee4c9001d2b964a\",\n          \"5f635d1e5ee4c9001d2b964b\",\n          \"5f635d2c5ee4c9001d2b964c\",\n          \"5f635d425ee4c9001d2b964d\",\n          \"5f635d7e5ee4c9001d2b964f\",\n          \"5f635d875ee4c9001d2b9650\",\n          \"5f635d905ee4c9001d2b9651\",\n          \"5f635d9e5ee4c9001d2b9652\",\n          \"5f635da95ee4c9001d2b9653\",\n          \"5f635dbe5ee4c9001d2b9655\",\n          \"5f635dde5ee4c9001d2b9658\",\n          \"5f635e235ee4c9001d2b965b\",\n          \"5f635e595ee4c9001d2b965f\",\n          \"5f635e755ee4c9001d2b9662\",\n          \"5f635df45ee4c9001d2b965a\",\n          \"5f635de75ee4c9001d2b9659\",\n          \"5f635e7d5ee4c9001d2b9663\",\n          \"5f635e885ee4c9001d2b9664\",\n          \"5f635ea45ee4c9001d2b9666\",\n          \"5f635ee35ee4c9001d2b9668\",\n          \"602236d69dc383001e945ddc\",\n          \"6029446c9dc383001e945de9\",\n          \"5f635b6a5ee4c9001d2b9632\",\n          \"5f635bb85ee4c9001d2b9635\"\n        ],\n        \"_id\": \"5e53713a11c196001d06f91a\",\n        \"title\": \"Senior Director, Java Development\",\n        \"startDate\": \"2011-07-12\",\n        \"createdAt\": \"2020-02-24T06:46:18.484Z\",\n        \"updatedAt\": \"2021-02-26T22:37:22.370Z\",\n        \"__v\": 0,\n        \"company\": \"Universal Music Publishing\",\n        \"companyUrl\": \"https://www.umusicpub.com/\",\n        \"endDate\": \"2018-08-11\",\n        \"shortDescription\": \"Technology leader in cloud native development for business critical applications.\",\n        \"companyImage\": {\n          \"_id\": \"5f6618325ee4c9001d2b969c\",\n          \"name\": \"umpg.png\",\n          \"alternativeText\": \"\",\n          \"caption\": \"\",\n          \"hash\": \"umpg_121becd400\",\n          \"ext\": \".png\",\n          \"mime\": \"image/png\",\n          \"size\": 129.45,\n          \"width\": 400,\n          \"height\": 400,\n          \"url\": \"/uploads/umpg_121becd400.png\",\n          \"formats\": {\n            \"thumbnail\": {\n              \"name\": \"thumbnail_umpg.png\",\n              \"hash\": \"thumbnail_umpg_121becd400\",\n              \"ext\": \".png\",\n              \"mime\": \"image/png\",\n              \"width\": 156,\n              \"height\": 156,\n              \"size\": 31.14,\n              \"path\": null,\n              \"url\": \"/uploads/thumbnail_umpg_121becd400.png\"\n            }\n          },\n          \"provider\": \"local\",\n          \"related\": [\n            \"5e53713a11c196001d06f91a\"\n          ],\n          \"createdAt\": \"2020-09-19T14:39:46.169Z\",\n          \"updatedAt\": \"2021-02-08T08:15:39.296Z\",\n          \"__v\": 0,\n          \"created_by\": \"5e4839cd1c2d53001dcc0696\",\n          \"updated_by\": \"5e4839cd1c2d53001dcc0696\",\n          \"id\": \"5f6618325ee4c9001d2b969c\"\n        },\n        \"updated_by\": \"5e4839cd1c2d53001dcc0696\",\n        \"longDescription\": \"Responsible for architecture and delivery of greenfield internal and public facing business applications. Super scrum master, removing obstacles for four dynamic scrum teams. Frequent commiter.\\n\\nRe-architecture of multiple monoliths with single points of failure to AWS,resulting in scalable, fault tolerant software reducing the operational cost significantly.\\n\\nIntroduced automated testing as a development activity utilising technologies such as cucumber, selenium, docker which allows for far shorter release cycles.\\n\\nDesigned the company's first 'serverless' application at AWS, Utilising ECS Fargate, Lambda, SQS, SNS, ElasticSearch, S3.\",\n        \"location\": \"London\",\n        \"id\": \"5e53713a11c196001d06f91a\"\n      },\n      {\n        \"education\": false,\n        \"includeOnResume\": true,\n        \"attachments\": [],\n        \"skills\": [\n          \"5f635b7e5ee4c9001d2b9633\",\n          \"5f635b8b5ee4c9001d2b9634\",\n          \"5f635bf05ee4c9001d2b9637\",\n          \"5f635c0f5ee4c9001d2b9639\",\n          \"5f635c185ee4c9001d2b963a\",\n          \"5f635c1e5ee4c9001d2b963b\",\n          \"5f635c005ee4c9001d2b9638\",\n          \"5f635c2e5ee4c9001d2b963c\",\n          \"5f635c4f5ee4c9001d2b963f\",\n          \"5f635c675ee4c9001d2b9640\",\n          \"5f635c745ee4c9001d2b9641\",\n          \"5f635c845ee4c9001d2b9642\",\n          \"5f635ceb5ee4c9001d2b9647\",\n          \"5f635cf75ee4c9001d2b9648\",\n          \"5f635d045ee4c9001d2b9649\",\n          \"5f635d115ee4c9001d2b964a\",\n          \"5f635d1e5ee4c9001d2b964b\",\n          \"5f635d2c5ee4c9001d2b964c\",\n          \"5f635d425ee4c9001d2b964d\",\n          \"5f635d905ee4c9001d2b9651\",\n          \"5f635db55ee4c9001d2b9654\",\n          \"5f635dde5ee4c9001d2b9658\",\n          \"5f635e235ee4c9001d2b965b\",\n          \"5f635e2c5ee4c9001d2b965c\",\n          \"5f635e935ee4c9001d2b9665\",\n          \"5f635ef05ee4c9001d2b9669\",\n          \"5f635f8f5ee4c9001d2b966c\",\n          \"5f635f995ee4c9001d2b966d\",\n          \"5f635f025ee4c9001d2b966b\",\n          \"5f63608d5ee4c9001d2b966e\",\n          \"602234ba9dc383001e945dd6\",\n          \"5f635b555ee4c9001d2b9631\",\n          \"5f635b6a5ee4c9001d2b9632\",\n          \"5f635ca45ee4c9001d2b9643\",\n          \"5f635eae5ee4c9001d2b9667\",\n          \"5f635ef75ee4c9001d2b966a\",\n          \"5f635c375ee4c9001d2b963d\",\n          \"5f635e625ee4c9001d2b9660\",\n          \"5f635dd35ee4c9001d2b9657\",\n          \"5f635bb85ee4c9001d2b9635\",\n          \"60291c5d9dc383001e945de2\"\n        ],\n        \"_id\": \"5eedd4803c8d74001e4497f5\",\n        \"startDate\": \"2020-05-04\",\n        \"company\": \"Y-Tree\",\n        \"companyUrl\": \"https://y-tree.com/\",\n        \"title\": \"Senior Developer\",\n        \"createdAt\": \"2020-06-20T09:18:56.102Z\",\n        \"updatedAt\": \"2021-02-26T22:39:33.470Z\",\n        \"__v\": 0,\n        \"companyImage\": {\n          \"_id\": \"5eedd46e3c8d74001e4497f4\",\n          \"name\": \"YTree\",\n          \"alternativeText\": \"\",\n          \"caption\": \"\",\n          \"hash\": \"YT_ree_50b80993fc\",\n          \"ext\": \".png\",\n          \"mime\": \"image/png\",\n          \"size\": 6.33,\n          \"width\": 200,\n          \"height\": 200,\n          \"url\": \"/uploads/YT_ree_50b80993fc.png\",\n          \"formats\": {\n            \"thumbnail\": {\n              \"hash\": \"thumbnail_YT_ree_50b80993fc\",\n              \"ext\": \".png\",\n              \"mime\": \"image/png\",\n              \"width\": 156,\n              \"height\": 156,\n              \"size\": 10.07,\n              \"path\": null,\n              \"url\": \"/uploads/thumbnail_YT_ree_50b80993fc.png\"\n            }\n          },\n          \"provider\": \"local\",\n          \"related\": [\n            \"5eedd4803c8d74001e4497f5\"\n          ],\n          \"createdAt\": \"2020-06-20T09:18:38.337Z\",\n          \"updatedAt\": \"2020-06-20T09:18:56.106Z\",\n          \"__v\": 0,\n          \"id\": \"5eedd46e3c8d74001e4497f4\"\n        },\n        \"shortDescription\": \"Lead Developer of exciting fin-tech platform composed of event-driven and restful microservices.\",\n        \"updated_by\": \"5e4839cd1c2d53001dcc0696\",\n        \"longDescription\": \"Lead Developer of exciting fin-tech platform composed of event-driven and restful microservices.\\n\\nHeavily involved in transforming a monolithic application into a suite of fault-tolerant event-driven and restful microservices written with Kotlin and Spring Boot. \\n\\nLead a cloud-native transformation by improving the path to production of services by introducing a number of tools and technologies to aide with continuous delivery of features:\\n\\n-  Cucumber for integration testing\\n-  Pact for contract testing (consumer-driven contracts for both synchronous (HTTP) and event-driven (Kafka) communication)\\n-  Test Containers for component testing\\n-  Use of Spring Cloud Kubernetes and Spring Cloud vault for environment-specific configuration (as per the [12-factor app](https://12factor.net/))\\n- Jenkin X pipelines to build and deploy helm charts for each service and environment.\\n- Keycloak for identity management.\\n- Rolling updates of k8s deployments for no-outage releases.\\n\\nAlso contributed to the YTree technical blog sharing knowledge amongst the team in the form of both written blogs and recorded videos. \\n\\n\\n\\n\\n\\n\",\n        \"location\": \"London\",\n        \"id\": \"5eedd4803c8d74001e4497f5\"\n      }\n    ],\n    \"blogs\": [],\n    \"id\": \"5f635d045ee4c9001d2b9649\"\n  },\n  {\n    \"includeOnResume\": false,\n    \"_id\": \"5f635d115ee4c9001d2b964a\",\n    \"name\": \"AWS - IAM\",\n    \"rating\": 7,\n    \"createdAt\": \"2020-09-17T12:56:49.670Z\",\n    \"updatedAt\": \"2020-09-27T06:53:59.726Z\",\n    \"__v\": 0,\n    \"created_by\": {\n      \"_id\": \"5e4839cd1c2d53001dcc0696\",\n      \"username\": \"simon.rowe@gmail.com\",\n      \"createdAt\": \"2020-02-15T18:34:53.155Z\",\n      \"updatedAt\": \"2020-09-17T07:45:13.526Z\",\n      \"__v\": 0,\n      \"id\": \"5e4839cd1c2d53001dcc0696\"\n    },\n    \"updated_by\": {\n      \"_id\": \"5e4839cd1c2d53001dcc0696\",\n      \"username\": \"simon.rowe@gmail.com\",\n      \"createdAt\": \"2020-02-15T18:34:53.155Z\",\n      \"updatedAt\": \"2020-09-17T07:45:13.526Z\",\n      \"__v\": 0,\n      \"id\": \"5e4839cd1c2d53001dcc0696\"\n    },\n    \"image\": {\n      \"_id\": \"5f6898ca76320d001e515e6c\",\n      \"name\": \"iam.png\",\n      \"alternativeText\": \"\",\n      \"caption\": \"\",\n      \"hash\": \"iam_aee5d387fa\",\n      \"ext\": \".png\",\n      \"mime\": \"image/png\",\n      \"size\": 3.46,\n      \"width\": 225,\n      \"height\": 225,\n      \"url\": \"/uploads/iam_aee5d387fa.png\",\n      \"formats\": {\n        \"thumbnail\": {\n          \"name\": \"thumbnail_iam.png\",\n          \"hash\": \"thumbnail_iam_aee5d387fa\",\n          \"ext\": \".png\",\n          \"mime\": \"image/png\",\n          \"width\": 156,\n          \"height\": 156,\n          \"size\": 5.51,\n          \"path\": null,\n          \"url\": \"/uploads/thumbnail_iam_aee5d387fa.png\"\n        }\n      },\n      \"provider\": \"local\",\n      \"related\": [\n        \"5f635d115ee4c9001d2b964a\"\n      ],\n      \"createdAt\": \"2020-09-21T12:12:58.193Z\",\n      \"updatedAt\": \"2020-09-21T12:13:02.099Z\",\n      \"__v\": 0,\n      \"created_by\": \"5e4839cd1c2d53001dcc0696\",\n      \"updated_by\": \"5e4839cd1c2d53001dcc0696\",\n      \"id\": \"5f6898ca76320d001e515e6c\"\n    },\n    \"description\": \"AWS Identity and Access Management (IAM) enables you to manage access to AWS services and resources securely. Using IAM, you can create and manage AWS users and groups, and use permissions to allow and deny their access to AWS resources.\",\n    \"jobs\": [\n      {\n        \"education\": false,\n        \"includeOnResume\": true,\n        \"attachments\": [],\n        \"skills\": [\n          \"5f635b7e5ee4c9001d2b9633\",\n          \"5f635b8b5ee4c9001d2b9634\",\n          \"5f635c0f5ee4c9001d2b9639\",\n          \"5f635c1e5ee4c9001d2b963b\",\n          \"5f635c2e5ee4c9001d2b963c\",\n          \"5f635c745ee4c9001d2b9641\",\n          \"5f635c845ee4c9001d2b9642\",\n          \"5f635d1e5ee4c9001d2b964b\",\n          \"5f635d2c5ee4c9001d2b964c\",\n          \"5f635d905ee4c9001d2b9651\",\n          \"5f635db55ee4c9001d2b9654\",\n          \"5f635e365ee4c9001d2b965d\",\n          \"5f635e235ee4c9001d2b965b\",\n          \"5f635e2c5ee4c9001d2b965c\",\n          \"5f635e405ee4c9001d2b965e\",\n          \"5f635e935ee4c9001d2b9665\",\n          \"5f635f025ee4c9001d2b966b\",\n          \"5f635c185ee4c9001d2b963a\",\n          \"5f635ceb5ee4c9001d2b9647\",\n          \"5f635cf75ee4c9001d2b9648\",\n          \"5f635d045ee4c9001d2b9649\",\n          \"5f635d115ee4c9001d2b964a\",\n          \"5f63608d5ee4c9001d2b966e\",\n          \"602234ba9dc383001e945dd6\",\n          \"5f635b495ee4c9001d2b9630\",\n          \"5f635b555ee4c9001d2b9631\",\n          \"5f635b6a5ee4c9001d2b9632\",\n          \"5f635ca45ee4c9001d2b9643\",\n          \"5f635eae5ee4c9001d2b9667\",\n          \"5f635ef75ee4c9001d2b966a\",\n          \"5f635e625ee4c9001d2b9660\",\n          \"5f635dd35ee4c9001d2b9657\",\n          \"5f635bb85ee4c9001d2b9635\"\n        ],\n        \"_id\": \"5e53704f11c196001d06f914\",\n        \"title\": \"Software Engineering Lead\",\n        \"startDate\": \"2019-04-15\",\n        \"company\": \"Upp Technologies\",\n        \"companyUrl\": \"https://upp.ai\",\n        \"shortDescription\": \"Hands-on lead engineer in a small cross-functional team.\\n\",\n        \"createdAt\": \"2020-02-24T06:42:23.147Z\",\n        \"updatedAt\": \"2021-02-26T22:37:22.370Z\",\n        \"__v\": 0,\n        \"endDate\": \"2020-05-01\",\n        \"companyImage\": {\n          \"_id\": \"6020f0499dc383001e945dd3\",\n          \"name\": \"upp.png\",\n          \"alternativeText\": \"\",\n          \"caption\": \"\",\n          \"hash\": \"upp_4780c5270b\",\n          \"ext\": \".png\",\n          \"mime\": \"image/png\",\n          \"size\": 2.21,\n          \"width\": 141,\n          \"height\": 106,\n          \"url\": \"/uploads/upp_4780c5270b.png\",\n          \"provider\": \"local\",\n          \"related\": [\n            \"5e53704f11c196001d06f914\"\n          ],\n          \"createdAt\": \"2021-02-08T08:03:21.134Z\",\n          \"updatedAt\": \"2021-02-08T08:03:37.545Z\",\n          \"__v\": 0,\n          \"created_by\": \"5e4839cd1c2d53001dcc0696\",\n          \"updated_by\": \"5e4839cd1c2d53001dcc0696\",\n          \"id\": \"6020f0499dc383001e945dd3\"\n        },\n        \"updated_by\": \"5e4839cd1c2d53001dcc0696\",\n        \"longDescription\": \"Lead Engineer working on all verticals (front end, backend, ops) of the Upp Intelligent Platform. Lead a small cross-functional team of 5 to deliver an event-driven, microservices architecture compromising of the following modules:\\n\\n* Onboarding - data ingestion from 3rd party product providers such as Magento, Shopify and others in conjunction with IPaas (Integration Platform as a Service) This module also consisted of a proprietary data mapping solution.\\n* Products - enrichment, bulk operations and search functionality (using an inverted index).\\n* Margin Hub - a suite of microservices integrating numerous different data points to report on product profitability and suggest intelligent actions to optimise margin.\\n\\n\\nIn addition to leading feature development, my role also comprised of promoting best practises amongst other agile teams including but not limited to:\\n\\n* Creating a customized version of spring initializr that generated skeleton services with all required libraries, Jenkins pipeline definitions, Kubernetes manifest files etc so developers could concentrate on delivering business logic and not plumbing;\\n* Spring Boot starter library for event sourcing\\n* Component testing using test containers\\n* Service - Service authentication using OIDC client credentials with keycloak.\",\n        \"location\": \"London\",\n        \"id\": \"5e53704f11c196001d06f914\"\n      },\n      {\n        \"education\": false,\n        \"includeOnResume\": true,\n        \"attachments\": [],\n        \"skills\": [\n          \"5f635b3f5ee4c9001d2b962f\",\n          \"5f635b8b5ee4c9001d2b9634\",\n          \"5f635c185ee4c9001d2b963a\",\n          \"5f635c2e5ee4c9001d2b963c\",\n          \"5f635c675ee4c9001d2b9640\",\n          \"5f635c745ee4c9001d2b9641\",\n          \"5f635c845ee4c9001d2b9642\",\n          \"5f635cb65ee4c9001d2b9644\",\n          \"5f635cc45ee4c9001d2b9645\",\n          \"5f635cdc5ee4c9001d2b9646\",\n          \"5f635ceb5ee4c9001d2b9647\",\n          \"5f635d045ee4c9001d2b9649\",\n          \"5f635d115ee4c9001d2b964a\",\n          \"5f635d1e5ee4c9001d2b964b\",\n          \"5f635d2c5ee4c9001d2b964c\",\n          \"5f635d425ee4c9001d2b964d\",\n          \"5f635d7e5ee4c9001d2b964f\",\n          \"5f635d875ee4c9001d2b9650\",\n          \"5f635d905ee4c9001d2b9651\",\n          \"5f635d9e5ee4c9001d2b9652\",\n          \"5f635da95ee4c9001d2b9653\",\n          \"5f635dbe5ee4c9001d2b9655\",\n          \"5f635dde5ee4c9001d2b9658\",\n          \"5f635e235ee4c9001d2b965b\",\n          \"5f635e595ee4c9001d2b965f\",\n          \"5f635e755ee4c9001d2b9662\",\n          \"5f635df45ee4c9001d2b965a\",\n          \"5f635de75ee4c9001d2b9659\",\n          \"5f635e7d5ee4c9001d2b9663\",\n          \"5f635e885ee4c9001d2b9664\",\n          \"5f635ea45ee4c9001d2b9666\",\n          \"5f635ee35ee4c9001d2b9668\",\n          \"602236d69dc383001e945ddc\",\n          \"6029446c9dc383001e945de9\",\n          \"5f635b6a5ee4c9001d2b9632\",\n          \"5f635bb85ee4c9001d2b9635\"\n        ],\n        \"_id\": \"5e53713a11c196001d06f91a\",\n        \"title\": \"Senior Director, Java Development\",\n        \"startDate\": \"2011-07-12\",\n        \"createdAt\": \"2020-02-24T06:46:18.484Z\",\n        \"updatedAt\": \"2021-02-26T22:37:22.370Z\",\n        \"__v\": 0,\n        \"company\": \"Universal Music Publishing\",\n        \"companyUrl\": \"https://www.umusicpub.com/\",\n        \"endDate\": \"2018-08-11\",\n        \"shortDescription\": \"Technology leader in cloud native development for business critical applications.\",\n        \"companyImage\": {\n          \"_id\": \"5f6618325ee4c9001d2b969c\",\n          \"name\": \"umpg.png\",\n          \"alternativeText\": \"\",\n          \"caption\": \"\",\n          \"hash\": \"umpg_121becd400\",\n          \"ext\": \".png\",\n          \"mime\": \"image/png\",\n          \"size\": 129.45,\n          \"width\": 400,\n          \"height\": 400,\n          \"url\": \"/uploads/umpg_121becd400.png\",\n          \"formats\": {\n            \"thumbnail\": {\n              \"name\": \"thumbnail_umpg.png\",\n              \"hash\": \"thumbnail_umpg_121becd400\",\n              \"ext\": \".png\",\n              \"mime\": \"image/png\",\n              \"width\": 156,\n              \"height\": 156,\n              \"size\": 31.14,\n              \"path\": null,\n              \"url\": \"/uploads/thumbnail_umpg_121becd400.png\"\n            }\n          },\n          \"provider\": \"local\",\n          \"related\": [\n            \"5e53713a11c196001d06f91a\"\n          ],\n          \"createdAt\": \"2020-09-19T14:39:46.169Z\",\n          \"updatedAt\": \"2021-02-08T08:15:39.296Z\",\n          \"__v\": 0,\n          \"created_by\": \"5e4839cd1c2d53001dcc0696\",\n          \"updated_by\": \"5e4839cd1c2d53001dcc0696\",\n          \"id\": \"5f6618325ee4c9001d2b969c\"\n        },\n        \"updated_by\": \"5e4839cd1c2d53001dcc0696\",\n        \"longDescription\": \"Responsible for architecture and delivery of greenfield internal and public facing business applications. Super scrum master, removing obstacles for four dynamic scrum teams. Frequent commiter.\\n\\nRe-architecture of multiple monoliths with single points of failure to AWS,resulting in scalable, fault tolerant software reducing the operational cost significantly.\\n\\nIntroduced automated testing as a development activity utilising technologies such as cucumber, selenium, docker which allows for far shorter release cycles.\\n\\nDesigned the company's first 'serverless' application at AWS, Utilising ECS Fargate, Lambda, SQS, SNS, ElasticSearch, S3.\",\n        \"location\": \"London\",\n        \"id\": \"5e53713a11c196001d06f91a\"\n      },\n      {\n        \"education\": false,\n        \"includeOnResume\": true,\n        \"attachments\": [],\n        \"skills\": [\n          \"5f635b7e5ee4c9001d2b9633\",\n          \"5f635b8b5ee4c9001d2b9634\",\n          \"5f635bf05ee4c9001d2b9637\",\n          \"5f635c0f5ee4c9001d2b9639\",\n          \"5f635c185ee4c9001d2b963a\",\n          \"5f635c1e5ee4c9001d2b963b\",\n          \"5f635c005ee4c9001d2b9638\",\n          \"5f635c2e5ee4c9001d2b963c\",\n          \"5f635c4f5ee4c9001d2b963f\",\n          \"5f635c675ee4c9001d2b9640\",\n          \"5f635c745ee4c9001d2b9641\",\n          \"5f635c845ee4c9001d2b9642\",\n          \"5f635ceb5ee4c9001d2b9647\",\n          \"5f635cf75ee4c9001d2b9648\",\n          \"5f635d045ee4c9001d2b9649\",\n          \"5f635d115ee4c9001d2b964a\",\n          \"5f635d1e5ee4c9001d2b964b\",\n          \"5f635d2c5ee4c9001d2b964c\",\n          \"5f635d425ee4c9001d2b964d\",\n          \"5f635d905ee4c9001d2b9651\",\n          \"5f635db55ee4c9001d2b9654\",\n          \"5f635dde5ee4c9001d2b9658\",\n          \"5f635e235ee4c9001d2b965b\",\n          \"5f635e2c5ee4c9001d2b965c\",\n          \"5f635e935ee4c9001d2b9665\",\n          \"5f635ef05ee4c9001d2b9669\",\n          \"5f635f8f5ee4c9001d2b966c\",\n          \"5f635f995ee4c9001d2b966d\",\n          \"5f635f025ee4c9001d2b966b\",\n          \"5f63608d5ee4c9001d2b966e\",\n          \"602234ba9dc383001e945dd6\",\n          \"5f635b555ee4c9001d2b9631\",\n          \"5f635b6a5ee4c9001d2b9632\",\n          \"5f635ca45ee4c9001d2b9643\",\n          \"5f635eae5ee4c9001d2b9667\",\n          \"5f635ef75ee4c9001d2b966a\",\n          \"5f635c375ee4c9001d2b963d\",\n          \"5f635e625ee4c9001d2b9660\",\n          \"5f635dd35ee4c9001d2b9657\",\n          \"5f635bb85ee4c9001d2b9635\",\n          \"60291c5d9dc383001e945de2\"\n        ],\n        \"_id\": \"5eedd4803c8d74001e4497f5\",\n        \"startDate\": \"2020-05-04\",\n        \"company\": \"Y-Tree\",\n        \"companyUrl\": \"https://y-tree.com/\",\n        \"title\": \"Senior Developer\",\n        \"createdAt\": \"2020-06-20T09:18:56.102Z\",\n        \"updatedAt\": \"2021-02-26T22:39:33.470Z\",\n        \"__v\": 0,\n        \"companyImage\": {\n          \"_id\": \"5eedd46e3c8d74001e4497f4\",\n          \"name\": \"YTree\",\n          \"alternativeText\": \"\",\n          \"caption\": \"\",\n          \"hash\": \"YT_ree_50b80993fc\",\n          \"ext\": \".png\",\n          \"mime\": \"image/png\",\n          \"size\": 6.33,\n          \"width\": 200,\n          \"height\": 200,\n          \"url\": \"/uploads/YT_ree_50b80993fc.png\",\n          \"formats\": {\n            \"thumbnail\": {\n              \"hash\": \"thumbnail_YT_ree_50b80993fc\",\n              \"ext\": \".png\",\n              \"mime\": \"image/png\",\n              \"width\": 156,\n              \"height\": 156,\n              \"size\": 10.07,\n              \"path\": null,\n              \"url\": \"/uploads/thumbnail_YT_ree_50b80993fc.png\"\n            }\n          },\n          \"provider\": \"local\",\n          \"related\": [\n            \"5eedd4803c8d74001e4497f5\"\n          ],\n          \"createdAt\": \"2020-06-20T09:18:38.337Z\",\n          \"updatedAt\": \"2020-06-20T09:18:56.106Z\",\n          \"__v\": 0,\n          \"id\": \"5eedd46e3c8d74001e4497f4\"\n        },\n        \"shortDescription\": \"Lead Developer of exciting fin-tech platform composed of event-driven and restful microservices.\",\n        \"updated_by\": \"5e4839cd1c2d53001dcc0696\",\n        \"longDescription\": \"Lead Developer of exciting fin-tech platform composed of event-driven and restful microservices.\\n\\nHeavily involved in transforming a monolithic application into a suite of fault-tolerant event-driven and restful microservices written with Kotlin and Spring Boot. \\n\\nLead a cloud-native transformation by improving the path to production of services by introducing a number of tools and technologies to aide with continuous delivery of features:\\n\\n-  Cucumber for integration testing\\n-  Pact for contract testing (consumer-driven contracts for both synchronous (HTTP) and event-driven (Kafka) communication)\\n-  Test Containers for component testing\\n-  Use of Spring Cloud Kubernetes and Spring Cloud vault for environment-specific configuration (as per the [12-factor app](https://12factor.net/))\\n- Jenkin X pipelines to build and deploy helm charts for each service and environment.\\n- Keycloak for identity management.\\n- Rolling updates of k8s deployments for no-outage releases.\\n\\nAlso contributed to the YTree technical blog sharing knowledge amongst the team in the form of both written blogs and recorded videos. \\n\\n\\n\\n\\n\\n\",\n        \"location\": \"London\",\n        \"id\": \"5eedd4803c8d74001e4497f5\"\n      }\n    ],\n    \"blogs\": [],\n    \"id\": \"5f635d115ee4c9001d2b964a\"\n  },\n  {\n    \"includeOnResume\": false,\n    \"_id\": \"5f635d1e5ee4c9001d2b964b\",\n    \"name\": \"AWS - Lambda\",\n    \"rating\": 7.5,\n    \"createdAt\": \"2020-09-17T12:57:02.884Z\",\n    \"updatedAt\": \"2020-09-27T06:55:02.355Z\",\n    \"__v\": 0,\n    \"created_by\": {\n      \"_id\": \"5e4839cd1c2d53001dcc0696\",\n      \"username\": \"simon.rowe@gmail.com\",\n      \"createdAt\": \"2020-02-15T18:34:53.155Z\",\n      \"updatedAt\": \"2020-09-17T07:45:13.526Z\",\n      \"__v\": 0,\n      \"id\": \"5e4839cd1c2d53001dcc0696\"\n    },\n    \"updated_by\": {\n      \"_id\": \"5e4839cd1c2d53001dcc0696\",\n      \"username\": \"simon.rowe@gmail.com\",\n      \"createdAt\": \"2020-02-15T18:34:53.155Z\",\n      \"updatedAt\": \"2020-09-17T07:45:13.526Z\",\n      \"__v\": 0,\n      \"id\": \"5e4839cd1c2d53001dcc0696\"\n    },\n    \"image\": {\n      \"_id\": \"5f6898e876320d001e515e6e\",\n      \"name\": \"lambda.png\",\n      \"alternativeText\": \"\",\n      \"caption\": \"\",\n      \"hash\": \"lambda_83b6712cd2\",\n      \"ext\": \".png\",\n      \"mime\": \"image/png\",\n      \"size\": 4.7,\n      \"width\": 334,\n      \"height\": 183,\n      \"url\": \"/uploads/lambda_83b6712cd2.png\",\n      \"formats\": {\n        \"thumbnail\": {\n          \"name\": \"thumbnail_lambda.png\",\n          \"hash\": \"thumbnail_lambda_83b6712cd2\",\n          \"ext\": \".png\",\n          \"mime\": \"image/png\",\n          \"width\": 245,\n          \"height\": 134,\n          \"size\": 7,\n          \"path\": null,\n          \"url\": \"/uploads/thumbnail_lambda_83b6712cd2.png\"\n        }\n      },\n      \"provider\": \"local\",\n      \"related\": [\n        \"5f635d1e5ee4c9001d2b964b\"\n      ],\n      \"createdAt\": \"2020-09-21T12:13:28.463Z\",\n      \"updatedAt\": \"2020-09-21T12:13:31.866Z\",\n      \"__v\": 0,\n      \"created_by\": \"5e4839cd1c2d53001dcc0696\",\n      \"updated_by\": \"5e4839cd1c2d53001dcc0696\",\n      \"id\": \"5f6898e876320d001e515e6e\"\n    },\n    \"description\": \"AWS Lambda is a compute service that lets you run code without provisioning or managing servers. AWS Lambda executes your code only when needed and scales automatically, from a few requests per day to thousands per second. You pay only for the compute time you consume - there is no charge when your code is not running\",\n    \"jobs\": [\n      {\n        \"education\": false,\n        \"includeOnResume\": true,\n        \"attachments\": [],\n        \"skills\": [\n          \"5f635b7e5ee4c9001d2b9633\",\n          \"5f635b8b5ee4c9001d2b9634\",\n          \"5f635c0f5ee4c9001d2b9639\",\n          \"5f635c1e5ee4c9001d2b963b\",\n          \"5f635c2e5ee4c9001d2b963c\",\n          \"5f635c745ee4c9001d2b9641\",\n          \"5f635c845ee4c9001d2b9642\",\n          \"5f635d1e5ee4c9001d2b964b\",\n          \"5f635d2c5ee4c9001d2b964c\",\n          \"5f635d905ee4c9001d2b9651\",\n          \"5f635db55ee4c9001d2b9654\",\n          \"5f635e365ee4c9001d2b965d\",\n          \"5f635e235ee4c9001d2b965b\",\n          \"5f635e2c5ee4c9001d2b965c\",\n          \"5f635e405ee4c9001d2b965e\",\n          \"5f635e935ee4c9001d2b9665\",\n          \"5f635f025ee4c9001d2b966b\",\n          \"5f635c185ee4c9001d2b963a\",\n          \"5f635ceb5ee4c9001d2b9647\",\n          \"5f635cf75ee4c9001d2b9648\",\n          \"5f635d045ee4c9001d2b9649\",\n          \"5f635d115ee4c9001d2b964a\",\n          \"5f63608d5ee4c9001d2b966e\",\n          \"602234ba9dc383001e945dd6\",\n          \"5f635b495ee4c9001d2b9630\",\n          \"5f635b555ee4c9001d2b9631\",\n          \"5f635b6a5ee4c9001d2b9632\",\n          \"5f635ca45ee4c9001d2b9643\",\n          \"5f635eae5ee4c9001d2b9667\",\n          \"5f635ef75ee4c9001d2b966a\",\n          \"5f635e625ee4c9001d2b9660\",\n          \"5f635dd35ee4c9001d2b9657\",\n          \"5f635bb85ee4c9001d2b9635\"\n        ],\n        \"_id\": \"5e53704f11c196001d06f914\",\n        \"title\": \"Software Engineering Lead\",\n        \"startDate\": \"2019-04-15\",\n        \"company\": \"Upp Technologies\",\n        \"companyUrl\": \"https://upp.ai\",\n        \"shortDescription\": \"Hands-on lead engineer in a small cross-functional team.\\n\",\n        \"createdAt\": \"2020-02-24T06:42:23.147Z\",\n        \"updatedAt\": \"2021-02-26T22:37:22.370Z\",\n        \"__v\": 0,\n        \"endDate\": \"2020-05-01\",\n        \"companyImage\": {\n          \"_id\": \"6020f0499dc383001e945dd3\",\n          \"name\": \"upp.png\",\n          \"alternativeText\": \"\",\n          \"caption\": \"\",\n          \"hash\": \"upp_4780c5270b\",\n          \"ext\": \".png\",\n          \"mime\": \"image/png\",\n          \"size\": 2.21,\n          \"width\": 141,\n          \"height\": 106,\n          \"url\": \"/uploads/upp_4780c5270b.png\",\n          \"provider\": \"local\",\n          \"related\": [\n            \"5e53704f11c196001d06f914\"\n          ],\n          \"createdAt\": \"2021-02-08T08:03:21.134Z\",\n          \"updatedAt\": \"2021-02-08T08:03:37.545Z\",\n          \"__v\": 0,\n          \"created_by\": \"5e4839cd1c2d53001dcc0696\",\n          \"updated_by\": \"5e4839cd1c2d53001dcc0696\",\n          \"id\": \"6020f0499dc383001e945dd3\"\n        },\n        \"updated_by\": \"5e4839cd1c2d53001dcc0696\",\n        \"longDescription\": \"Lead Engineer working on all verticals (front end, backend, ops) of the Upp Intelligent Platform. Lead a small cross-functional team of 5 to deliver an event-driven, microservices architecture compromising of the following modules:\\n\\n* Onboarding - data ingestion from 3rd party product providers such as Magento, Shopify and others in conjunction with IPaas (Integration Platform as a Service) This module also consisted of a proprietary data mapping solution.\\n* Products - enrichment, bulk operations and search functionality (using an inverted index).\\n* Margin Hub - a suite of microservices integrating numerous different data points to report on product profitability and suggest intelligent actions to optimise margin.\\n\\n\\nIn addition to leading feature development, my role also comprised of promoting best practises amongst other agile teams including but not limited to:\\n\\n* Creating a customized version of spring initializr that generated skeleton services with all required libraries, Jenkins pipeline definitions, Kubernetes manifest files etc so developers could concentrate on delivering business logic and not plumbing;\\n* Spring Boot starter library for event sourcing\\n* Component testing using test containers\\n* Service - Service authentication using OIDC client credentials with keycloak.\",\n        \"location\": \"London\",\n        \"id\": \"5e53704f11c196001d06f914\"\n      },\n      {\n        \"education\": false,\n        \"includeOnResume\": true,\n        \"attachments\": [],\n        \"skills\": [\n          \"5f635b3f5ee4c9001d2b962f\",\n          \"5f635b8b5ee4c9001d2b9634\",\n          \"5f635c185ee4c9001d2b963a\",\n          \"5f635c2e5ee4c9001d2b963c\",\n          \"5f635c675ee4c9001d2b9640\",\n          \"5f635c745ee4c9001d2b9641\",\n          \"5f635c845ee4c9001d2b9642\",\n          \"5f635cb65ee4c9001d2b9644\",\n          \"5f635cc45ee4c9001d2b9645\",\n          \"5f635cdc5ee4c9001d2b9646\",\n          \"5f635ceb5ee4c9001d2b9647\",\n          \"5f635d045ee4c9001d2b9649\",\n          \"5f635d115ee4c9001d2b964a\",\n          \"5f635d1e5ee4c9001d2b964b\",\n          \"5f635d2c5ee4c9001d2b964c\",\n          \"5f635d425ee4c9001d2b964d\",\n          \"5f635d7e5ee4c9001d2b964f\",\n          \"5f635d875ee4c9001d2b9650\",\n          \"5f635d905ee4c9001d2b9651\",\n          \"5f635d9e5ee4c9001d2b9652\",\n          \"5f635da95ee4c9001d2b9653\",\n          \"5f635dbe5ee4c9001d2b9655\",\n          \"5f635dde5ee4c9001d2b9658\",\n          \"5f635e235ee4c9001d2b965b\",\n          \"5f635e595ee4c9001d2b965f\",\n          \"5f635e755ee4c9001d2b9662\",\n          \"5f635df45ee4c9001d2b965a\",\n          \"5f635de75ee4c9001d2b9659\",\n          \"5f635e7d5ee4c9001d2b9663\",\n          \"5f635e885ee4c9001d2b9664\",\n          \"5f635ea45ee4c9001d2b9666\",\n          \"5f635ee35ee4c9001d2b9668\",\n          \"602236d69dc383001e945ddc\",\n          \"6029446c9dc383001e945de9\",\n          \"5f635b6a5ee4c9001d2b9632\",\n          \"5f635bb85ee4c9001d2b9635\"\n        ],\n        \"_id\": \"5e53713a11c196001d06f91a\",\n        \"title\": \"Senior Director, Java Development\",\n        \"startDate\": \"2011-07-12\",\n        \"createdAt\": \"2020-02-24T06:46:18.484Z\",\n        \"updatedAt\": \"2021-02-26T22:37:22.370Z\",\n        \"__v\": 0,\n        \"company\": \"Universal Music Publishing\",\n        \"companyUrl\": \"https://www.umusicpub.com/\",\n        \"endDate\": \"2018-08-11\",\n        \"shortDescription\": \"Technology leader in cloud native development for business critical applications.\",\n        \"companyImage\": {\n          \"_id\": \"5f6618325ee4c9001d2b969c\",\n          \"name\": \"umpg.png\",\n          \"alternativeText\": \"\",\n          \"caption\": \"\",\n          \"hash\": \"umpg_121becd400\",\n          \"ext\": \".png\",\n          \"mime\": \"image/png\",\n          \"size\": 129.45,\n          \"width\": 400,\n          \"height\": 400,\n          \"url\": \"/uploads/umpg_121becd400.png\",\n          \"formats\": {\n            \"thumbnail\": {\n              \"name\": \"thumbnail_umpg.png\",\n              \"hash\": \"thumbnail_umpg_121becd400\",\n              \"ext\": \".png\",\n              \"mime\": \"image/png\",\n              \"width\": 156,\n              \"height\": 156,\n              \"size\": 31.14,\n              \"path\": null,\n              \"url\": \"/uploads/thumbnail_umpg_121becd400.png\"\n            }\n          },\n          \"provider\": \"local\",\n          \"related\": [\n            \"5e53713a11c196001d06f91a\"\n          ],\n          \"createdAt\": \"2020-09-19T14:39:46.169Z\",\n          \"updatedAt\": \"2021-02-08T08:15:39.296Z\",\n          \"__v\": 0,\n          \"created_by\": \"5e4839cd1c2d53001dcc0696\",\n          \"updated_by\": \"5e4839cd1c2d53001dcc0696\",\n          \"id\": \"5f6618325ee4c9001d2b969c\"\n        },\n        \"updated_by\": \"5e4839cd1c2d53001dcc0696\",\n        \"longDescription\": \"Responsible for architecture and delivery of greenfield internal and public facing business applications. Super scrum master, removing obstacles for four dynamic scrum teams. Frequent commiter.\\n\\nRe-architecture of multiple monoliths with single points of failure to AWS,resulting in scalable, fault tolerant software reducing the operational cost significantly.\\n\\nIntroduced automated testing as a development activity utilising technologies such as cucumber, selenium, docker which allows for far shorter release cycles.\\n\\nDesigned the company's first 'serverless' application at AWS, Utilising ECS Fargate, Lambda, SQS, SNS, ElasticSearch, S3.\",\n        \"location\": \"London\",\n        \"id\": \"5e53713a11c196001d06f91a\"\n      },\n      {\n        \"education\": false,\n        \"includeOnResume\": true,\n        \"attachments\": [],\n        \"skills\": [\n          \"5f635b7e5ee4c9001d2b9633\",\n          \"5f635b8b5ee4c9001d2b9634\",\n          \"5f635bf05ee4c9001d2b9637\",\n          \"5f635c0f5ee4c9001d2b9639\",\n          \"5f635c185ee4c9001d2b963a\",\n          \"5f635c1e5ee4c9001d2b963b\",\n          \"5f635c005ee4c9001d2b9638\",\n          \"5f635c2e5ee4c9001d2b963c\",\n          \"5f635c4f5ee4c9001d2b963f\",\n          \"5f635c675ee4c9001d2b9640\",\n          \"5f635c745ee4c9001d2b9641\",\n          \"5f635c845ee4c9001d2b9642\",\n          \"5f635ceb5ee4c9001d2b9647\",\n          \"5f635cf75ee4c9001d2b9648\",\n          \"5f635d045ee4c9001d2b9649\",\n          \"5f635d115ee4c9001d2b964a\",\n          \"5f635d1e5ee4c9001d2b964b\",\n          \"5f635d2c5ee4c9001d2b964c\",\n          \"5f635d425ee4c9001d2b964d\",\n          \"5f635d905ee4c9001d2b9651\",\n          \"5f635db55ee4c9001d2b9654\",\n          \"5f635dde5ee4c9001d2b9658\",\n          \"5f635e235ee4c9001d2b965b\",\n          \"5f635e2c5ee4c9001d2b965c\",\n          \"5f635e935ee4c9001d2b9665\",\n          \"5f635ef05ee4c9001d2b9669\",\n          \"5f635f8f5ee4c9001d2b966c\",\n          \"5f635f995ee4c9001d2b966d\",\n          \"5f635f025ee4c9001d2b966b\",\n          \"5f63608d5ee4c9001d2b966e\",\n          \"602234ba9dc383001e945dd6\",\n          \"5f635b555ee4c9001d2b9631\",\n          \"5f635b6a5ee4c9001d2b9632\",\n          \"5f635ca45ee4c9001d2b9643\",\n          \"5f635eae5ee4c9001d2b9667\",\n          \"5f635ef75ee4c9001d2b966a\",\n          \"5f635c375ee4c9001d2b963d\",\n          \"5f635e625ee4c9001d2b9660\",\n          \"5f635dd35ee4c9001d2b9657\",\n          \"5f635bb85ee4c9001d2b9635\",\n          \"60291c5d9dc383001e945de2\"\n        ],\n        \"_id\": \"5eedd4803c8d74001e4497f5\",\n        \"startDate\": \"2020-05-04\",\n        \"company\": \"Y-Tree\",\n        \"companyUrl\": \"https://y-tree.com/\",\n        \"title\": \"Senior Developer\",\n        \"createdAt\": \"2020-06-20T09:18:56.102Z\",\n        \"updatedAt\": \"2021-02-26T22:39:33.470Z\",\n        \"__v\": 0,\n        \"companyImage\": {\n          \"_id\": \"5eedd46e3c8d74001e4497f4\",\n          \"name\": \"YTree\",\n          \"alternativeText\": \"\",\n          \"caption\": \"\",\n          \"hash\": \"YT_ree_50b80993fc\",\n          \"ext\": \".png\",\n          \"mime\": \"image/png\",\n          \"size\": 6.33,\n          \"width\": 200,\n          \"height\": 200,\n          \"url\": \"/uploads/YT_ree_50b80993fc.png\",\n          \"formats\": {\n            \"thumbnail\": {\n              \"hash\": \"thumbnail_YT_ree_50b80993fc\",\n              \"ext\": \".png\",\n              \"mime\": \"image/png\",\n              \"width\": 156,\n              \"height\": 156,\n              \"size\": 10.07,\n              \"path\": null,\n              \"url\": \"/uploads/thumbnail_YT_ree_50b80993fc.png\"\n            }\n          },\n          \"provider\": \"local\",\n          \"related\": [\n            \"5eedd4803c8d74001e4497f5\"\n          ],\n          \"createdAt\": \"2020-06-20T09:18:38.337Z\",\n          \"updatedAt\": \"2020-06-20T09:18:56.106Z\",\n          \"__v\": 0,\n          \"id\": \"5eedd46e3c8d74001e4497f4\"\n        },\n        \"shortDescription\": \"Lead Developer of exciting fin-tech platform composed of event-driven and restful microservices.\",\n        \"updated_by\": \"5e4839cd1c2d53001dcc0696\",\n        \"longDescription\": \"Lead Developer of exciting fin-tech platform composed of event-driven and restful microservices.\\n\\nHeavily involved in transforming a monolithic application into a suite of fault-tolerant event-driven and restful microservices written with Kotlin and Spring Boot. \\n\\nLead a cloud-native transformation by improving the path to production of services by introducing a number of tools and technologies to aide with continuous delivery of features:\\n\\n-  Cucumber for integration testing\\n-  Pact for contract testing (consumer-driven contracts for both synchronous (HTTP) and event-driven (Kafka) communication)\\n-  Test Containers for component testing\\n-  Use of Spring Cloud Kubernetes and Spring Cloud vault for environment-specific configuration (as per the [12-factor app](https://12factor.net/))\\n- Jenkin X pipelines to build and deploy helm charts for each service and environment.\\n- Keycloak for identity management.\\n- Rolling updates of k8s deployments for no-outage releases.\\n\\nAlso contributed to the YTree technical blog sharing knowledge amongst the team in the form of both written blogs and recorded videos. \\n\\n\\n\\n\\n\\n\",\n        \"location\": \"London\",\n        \"id\": \"5eedd4803c8d74001e4497f5\"\n      }\n    ],\n    \"blogs\": [],\n    \"id\": \"5f635d1e5ee4c9001d2b964b\"\n  },\n  {\n    \"includeOnResume\": false,\n    \"_id\": \"5f635d2c5ee4c9001d2b964c\",\n    \"name\": \"AWS - RDS\",\n    \"rating\": 7.5,\n    \"createdAt\": \"2020-09-17T12:57:16.194Z\",\n    \"updatedAt\": \"2020-09-27T06:55:35.600Z\",\n    \"__v\": 0,\n    \"created_by\": {\n      \"_id\": \"5e4839cd1c2d53001dcc0696\",\n      \"username\": \"simon.rowe@gmail.com\",\n      \"createdAt\": \"2020-02-15T18:34:53.155Z\",\n      \"updatedAt\": \"2020-09-17T07:45:13.526Z\",\n      \"__v\": 0,\n      \"id\": \"5e4839cd1c2d53001dcc0696\"\n    },\n    \"updated_by\": {\n      \"_id\": \"5e4839cd1c2d53001dcc0696\",\n      \"username\": \"simon.rowe@gmail.com\",\n      \"createdAt\": \"2020-02-15T18:34:53.155Z\",\n      \"updatedAt\": \"2020-09-17T07:45:13.526Z\",\n      \"__v\": 0,\n      \"id\": \"5e4839cd1c2d53001dcc0696\"\n    },\n    \"image\": {\n      \"_id\": \"5f68990776320d001e515e70\",\n      \"name\": \"rds.png\",\n      \"alternativeText\": \"\",\n      \"caption\": \"\",\n      \"hash\": \"rds_67bfb2bd99\",\n      \"ext\": \".png\",\n      \"mime\": \"image/png\",\n      \"size\": 4.21,\n      \"width\": 210,\n      \"height\": 240,\n      \"url\": \"/uploads/rds_67bfb2bd99.png\",\n      \"formats\": {\n        \"thumbnail\": {\n          \"name\": \"thumbnail_rds.png\",\n          \"hash\": \"thumbnail_rds_67bfb2bd99\",\n          \"ext\": \".png\",\n          \"mime\": \"image/png\",\n          \"width\": 136,\n          \"height\": 156,\n          \"size\": 5.72,\n          \"path\": null,\n          \"url\": \"/uploads/thumbnail_rds_67bfb2bd99.png\"\n        }\n      },\n      \"provider\": \"local\",\n      \"related\": [\n        \"5f635d2c5ee4c9001d2b964c\"\n      ],\n      \"createdAt\": \"2020-09-21T12:13:59.118Z\",\n      \"updatedAt\": \"2020-09-21T12:14:02.232Z\",\n      \"__v\": 0,\n      \"created_by\": \"5e4839cd1c2d53001dcc0696\",\n      \"updated_by\": \"5e4839cd1c2d53001dcc0696\",\n      \"id\": \"5f68990776320d001e515e70\"\n    },\n    \"description\": \"Amazon Relational Database Service (Amazon RDS) makes it easy to set up, operate, and scale a relational database in the cloud. It provides cost-efficient and resizable capacity while automating time-consuming administration tasks such as hardware provisioning, database setup, patching and backups. It frees you to focus on your applications so you can give them the fast performance, high availability, security and compatibility they need.\",\n    \"jobs\": [\n      {\n        \"education\": false,\n        \"includeOnResume\": true,\n        \"attachments\": [],\n        \"skills\": [\n          \"5f635b7e5ee4c9001d2b9633\",\n          \"5f635b8b5ee4c9001d2b9634\",\n          \"5f635c0f5ee4c9001d2b9639\",\n          \"5f635c1e5ee4c9001d2b963b\",\n          \"5f635c2e5ee4c9001d2b963c\",\n          \"5f635c745ee4c9001d2b9641\",\n          \"5f635c845ee4c9001d2b9642\",\n          \"5f635d1e5ee4c9001d2b964b\",\n          \"5f635d2c5ee4c9001d2b964c\",\n          \"5f635d905ee4c9001d2b9651\",\n          \"5f635db55ee4c9001d2b9654\",\n          \"5f635e365ee4c9001d2b965d\",\n          \"5f635e235ee4c9001d2b965b\",\n          \"5f635e2c5ee4c9001d2b965c\",\n          \"5f635e405ee4c9001d2b965e\",\n          \"5f635e935ee4c9001d2b9665\",\n          \"5f635f025ee4c9001d2b966b\",\n          \"5f635c185ee4c9001d2b963a\",\n          \"5f635ceb5ee4c9001d2b9647\",\n          \"5f635cf75ee4c9001d2b9648\",\n          \"5f635d045ee4c9001d2b9649\",\n          \"5f635d115ee4c9001d2b964a\",\n          \"5f63608d5ee4c9001d2b966e\",\n          \"602234ba9dc383001e945dd6\",\n          \"5f635b495ee4c9001d2b9630\",\n          \"5f635b555ee4c9001d2b9631\",\n          \"5f635b6a5ee4c9001d2b9632\",\n          \"5f635ca45ee4c9001d2b9643\",\n          \"5f635eae5ee4c9001d2b9667\",\n          \"5f635ef75ee4c9001d2b966a\",\n          \"5f635e625ee4c9001d2b9660\",\n          \"5f635dd35ee4c9001d2b9657\",\n          \"5f635bb85ee4c9001d2b9635\"\n        ],\n        \"_id\": \"5e53704f11c196001d06f914\",\n        \"title\": \"Software Engineering Lead\",\n        \"startDate\": \"2019-04-15\",\n        \"company\": \"Upp Technologies\",\n        \"companyUrl\": \"https://upp.ai\",\n        \"shortDescription\": \"Hands-on lead engineer in a small cross-functional team.\\n\",\n        \"createdAt\": \"2020-02-24T06:42:23.147Z\",\n        \"updatedAt\": \"2021-02-26T22:37:22.370Z\",\n        \"__v\": 0,\n        \"endDate\": \"2020-05-01\",\n        \"companyImage\": {\n          \"_id\": \"6020f0499dc383001e945dd3\",\n          \"name\": \"upp.png\",\n          \"alternativeText\": \"\",\n          \"caption\": \"\",\n          \"hash\": \"upp_4780c5270b\",\n          \"ext\": \".png\",\n          \"mime\": \"image/png\",\n          \"size\": 2.21,\n          \"width\": 141,\n          \"height\": 106,\n          \"url\": \"/uploads/upp_4780c5270b.png\",\n          \"provider\": \"local\",\n          \"related\": [\n            \"5e53704f11c196001d06f914\"\n          ],\n          \"createdAt\": \"2021-02-08T08:03:21.134Z\",\n          \"updatedAt\": \"2021-02-08T08:03:37.545Z\",\n          \"__v\": 0,\n          \"created_by\": \"5e4839cd1c2d53001dcc0696\",\n          \"updated_by\": \"5e4839cd1c2d53001dcc0696\",\n          \"id\": \"6020f0499dc383001e945dd3\"\n        },\n        \"updated_by\": \"5e4839cd1c2d53001dcc0696\",\n        \"longDescription\": \"Lead Engineer working on all verticals (front end, backend, ops) of the Upp Intelligent Platform. Lead a small cross-functional team of 5 to deliver an event-driven, microservices architecture compromising of the following modules:\\n\\n* Onboarding - data ingestion from 3rd party product providers such as Magento, Shopify and others in conjunction with IPaas (Integration Platform as a Service) This module also consisted of a proprietary data mapping solution.\\n* Products - enrichment, bulk operations and search functionality (using an inverted index).\\n* Margin Hub - a suite of microservices integrating numerous different data points to report on product profitability and suggest intelligent actions to optimise margin.\\n\\n\\nIn addition to leading feature development, my role also comprised of promoting best practises amongst other agile teams including but not limited to:\\n\\n* Creating a customized version of spring initializr that generated skeleton services with all required libraries, Jenkins pipeline definitions, Kubernetes manifest files etc so developers could concentrate on delivering business logic and not plumbing;\\n* Spring Boot starter library for event sourcing\\n* Component testing using test containers\\n* Service - Service authentication using OIDC client credentials with keycloak.\",\n        \"location\": \"London\",\n        \"id\": \"5e53704f11c196001d06f914\"\n      },\n      {\n        \"education\": false,\n        \"includeOnResume\": true,\n        \"attachments\": [],\n        \"skills\": [\n          \"5f635b3f5ee4c9001d2b962f\",\n          \"5f635b8b5ee4c9001d2b9634\",\n          \"5f635c185ee4c9001d2b963a\",\n          \"5f635c2e5ee4c9001d2b963c\",\n          \"5f635c675ee4c9001d2b9640\",\n          \"5f635c745ee4c9001d2b9641\",\n          \"5f635c845ee4c9001d2b9642\",\n          \"5f635cb65ee4c9001d2b9644\",\n          \"5f635cc45ee4c9001d2b9645\",\n          \"5f635cdc5ee4c9001d2b9646\",\n          \"5f635ceb5ee4c9001d2b9647\",\n          \"5f635d045ee4c9001d2b9649\",\n          \"5f635d115ee4c9001d2b964a\",\n          \"5f635d1e5ee4c9001d2b964b\",\n          \"5f635d2c5ee4c9001d2b964c\",\n          \"5f635d425ee4c9001d2b964d\",\n          \"5f635d7e5ee4c9001d2b964f\",\n          \"5f635d875ee4c9001d2b9650\",\n          \"5f635d905ee4c9001d2b9651\",\n          \"5f635d9e5ee4c9001d2b9652\",\n          \"5f635da95ee4c9001d2b9653\",\n          \"5f635dbe5ee4c9001d2b9655\",\n          \"5f635dde5ee4c9001d2b9658\",\n          \"5f635e235ee4c9001d2b965b\",\n          \"5f635e595ee4c9001d2b965f\",\n          \"5f635e755ee4c9001d2b9662\",\n          \"5f635df45ee4c9001d2b965a\",\n          \"5f635de75ee4c9001d2b9659\",\n          \"5f635e7d5ee4c9001d2b9663\",\n          \"5f635e885ee4c9001d2b9664\",\n          \"5f635ea45ee4c9001d2b9666\",\n          \"5f635ee35ee4c9001d2b9668\",\n          \"602236d69dc383001e945ddc\",\n          \"6029446c9dc383001e945de9\",\n          \"5f635b6a5ee4c9001d2b9632\",\n          \"5f635bb85ee4c9001d2b9635\"\n        ],\n        \"_id\": \"5e53713a11c196001d06f91a\",\n        \"title\": \"Senior Director, Java Development\",\n        \"startDate\": \"2011-07-12\",\n        \"createdAt\": \"2020-02-24T06:46:18.484Z\",\n        \"updatedAt\": \"2021-02-26T22:37:22.370Z\",\n        \"__v\": 0,\n        \"company\": \"Universal Music Publishing\",\n        \"companyUrl\": \"https://www.umusicpub.com/\",\n        \"endDate\": \"2018-08-11\",\n        \"shortDescription\": \"Technology leader in cloud native development for business critical applications.\",\n        \"companyImage\": {\n          \"_id\": \"5f6618325ee4c9001d2b969c\",\n          \"name\": \"umpg.png\",\n          \"alternativeText\": \"\",\n          \"caption\": \"\",\n          \"hash\": \"umpg_121becd400\",\n          \"ext\": \".png\",\n          \"mime\": \"image/png\",\n          \"size\": 129.45,\n          \"width\": 400,\n          \"height\": 400,\n          \"url\": \"/uploads/umpg_121becd400.png\",\n          \"formats\": {\n            \"thumbnail\": {\n              \"name\": \"thumbnail_umpg.png\",\n              \"hash\": \"thumbnail_umpg_121becd400\",\n              \"ext\": \".png\",\n              \"mime\": \"image/png\",\n              \"width\": 156,\n              \"height\": 156,\n              \"size\": 31.14,\n              \"path\": null,\n              \"url\": \"/uploads/thumbnail_umpg_121becd400.png\"\n            }\n          },\n          \"provider\": \"local\",\n          \"related\": [\n            \"5e53713a11c196001d06f91a\"\n          ],\n          \"createdAt\": \"2020-09-19T14:39:46.169Z\",\n          \"updatedAt\": \"2021-02-08T08:15:39.296Z\",\n          \"__v\": 0,\n          \"created_by\": \"5e4839cd1c2d53001dcc0696\",\n          \"updated_by\": \"5e4839cd1c2d53001dcc0696\",\n          \"id\": \"5f6618325ee4c9001d2b969c\"\n        },\n        \"updated_by\": \"5e4839cd1c2d53001dcc0696\",\n        \"longDescription\": \"Responsible for architecture and delivery of greenfield internal and public facing business applications. Super scrum master, removing obstacles for four dynamic scrum teams. Frequent commiter.\\n\\nRe-architecture of multiple monoliths with single points of failure to AWS,resulting in scalable, fault tolerant software reducing the operational cost significantly.\\n\\nIntroduced automated testing as a development activity utilising technologies such as cucumber, selenium, docker which allows for far shorter release cycles.\\n\\nDesigned the company's first 'serverless' application at AWS, Utilising ECS Fargate, Lambda, SQS, SNS, ElasticSearch, S3.\",\n        \"location\": \"London\",\n        \"id\": \"5e53713a11c196001d06f91a\"\n      },\n      {\n        \"education\": false,\n        \"includeOnResume\": true,\n        \"attachments\": [],\n        \"skills\": [\n          \"5f635b7e5ee4c9001d2b9633\",\n          \"5f635b8b5ee4c9001d2b9634\",\n          \"5f635bf05ee4c9001d2b9637\",\n          \"5f635c0f5ee4c9001d2b9639\",\n          \"5f635c185ee4c9001d2b963a\",\n          \"5f635c1e5ee4c9001d2b963b\",\n          \"5f635c005ee4c9001d2b9638\",\n          \"5f635c2e5ee4c9001d2b963c\",\n          \"5f635c4f5ee4c9001d2b963f\",\n          \"5f635c675ee4c9001d2b9640\",\n          \"5f635c745ee4c9001d2b9641\",\n          \"5f635c845ee4c9001d2b9642\",\n          \"5f635ceb5ee4c9001d2b9647\",\n          \"5f635cf75ee4c9001d2b9648\",\n          \"5f635d045ee4c9001d2b9649\",\n          \"5f635d115ee4c9001d2b964a\",\n          \"5f635d1e5ee4c9001d2b964b\",\n          \"5f635d2c5ee4c9001d2b964c\",\n          \"5f635d425ee4c9001d2b964d\",\n          \"5f635d905ee4c9001d2b9651\",\n          \"5f635db55ee4c9001d2b9654\",\n          \"5f635dde5ee4c9001d2b9658\",\n          \"5f635e235ee4c9001d2b965b\",\n          \"5f635e2c5ee4c9001d2b965c\",\n          \"5f635e935ee4c9001d2b9665\",\n          \"5f635ef05ee4c9001d2b9669\",\n          \"5f635f8f5ee4c9001d2b966c\",\n          \"5f635f995ee4c9001d2b966d\",\n          \"5f635f025ee4c9001d2b966b\",\n          \"5f63608d5ee4c9001d2b966e\",\n          \"602234ba9dc383001e945dd6\",\n          \"5f635b555ee4c9001d2b9631\",\n          \"5f635b6a5ee4c9001d2b9632\",\n          \"5f635ca45ee4c9001d2b9643\",\n          \"5f635eae5ee4c9001d2b9667\",\n          \"5f635ef75ee4c9001d2b966a\",\n          \"5f635c375ee4c9001d2b963d\",\n          \"5f635e625ee4c9001d2b9660\",\n          \"5f635dd35ee4c9001d2b9657\",\n          \"5f635bb85ee4c9001d2b9635\",\n          \"60291c5d9dc383001e945de2\"\n        ],\n        \"_id\": \"5eedd4803c8d74001e4497f5\",\n        \"startDate\": \"2020-05-04\",\n        \"company\": \"Y-Tree\",\n        \"companyUrl\": \"https://y-tree.com/\",\n        \"title\": \"Senior Developer\",\n        \"createdAt\": \"2020-06-20T09:18:56.102Z\",\n        \"updatedAt\": \"2021-02-26T22:39:33.470Z\",\n        \"__v\": 0,\n        \"companyImage\": {\n          \"_id\": \"5eedd46e3c8d74001e4497f4\",\n          \"name\": \"YTree\",\n          \"alternativeText\": \"\",\n          \"caption\": \"\",\n          \"hash\": \"YT_ree_50b80993fc\",\n          \"ext\": \".png\",\n          \"mime\": \"image/png\",\n          \"size\": 6.33,\n          \"width\": 200,\n          \"height\": 200,\n          \"url\": \"/uploads/YT_ree_50b80993fc.png\",\n          \"formats\": {\n            \"thumbnail\": {\n              \"hash\": \"thumbnail_YT_ree_50b80993fc\",\n              \"ext\": \".png\",\n              \"mime\": \"image/png\",\n              \"width\": 156,\n              \"height\": 156,\n              \"size\": 10.07,\n              \"path\": null,\n              \"url\": \"/uploads/thumbnail_YT_ree_50b80993fc.png\"\n            }\n          },\n          \"provider\": \"local\",\n          \"related\": [\n            \"5eedd4803c8d74001e4497f5\"\n          ],\n          \"createdAt\": \"2020-06-20T09:18:38.337Z\",\n          \"updatedAt\": \"2020-06-20T09:18:56.106Z\",\n          \"__v\": 0,\n          \"id\": \"5eedd46e3c8d74001e4497f4\"\n        },\n        \"shortDescription\": \"Lead Developer of exciting fin-tech platform composed of event-driven and restful microservices.\",\n        \"updated_by\": \"5e4839cd1c2d53001dcc0696\",\n        \"longDescription\": \"Lead Developer of exciting fin-tech platform composed of event-driven and restful microservices.\\n\\nHeavily involved in transforming a monolithic application into a suite of fault-tolerant event-driven and restful microservices written with Kotlin and Spring Boot. \\n\\nLead a cloud-native transformation by improving the path to production of services by introducing a number of tools and technologies to aide with continuous delivery of features:\\n\\n-  Cucumber for integration testing\\n-  Pact for contract testing (consumer-driven contracts for both synchronous (HTTP) and event-driven (Kafka) communication)\\n-  Test Containers for component testing\\n-  Use of Spring Cloud Kubernetes and Spring Cloud vault for environment-specific configuration (as per the [12-factor app](https://12factor.net/))\\n- Jenkin X pipelines to build and deploy helm charts for each service and environment.\\n- Keycloak for identity management.\\n- Rolling updates of k8s deployments for no-outage releases.\\n\\nAlso contributed to the YTree technical blog sharing knowledge amongst the team in the form of both written blogs and recorded videos. \\n\\n\\n\\n\\n\\n\",\n        \"location\": \"London\",\n        \"id\": \"5eedd4803c8d74001e4497f5\"\n      }\n    ],\n    \"blogs\": [],\n    \"id\": \"5f635d2c5ee4c9001d2b964c\"\n  },\n  {\n    \"includeOnResume\": false,\n    \"_id\": \"5f635d425ee4c9001d2b964d\",\n    \"name\": \"Redis\",\n    \"rating\": 8,\n    \"createdAt\": \"2020-09-17T12:57:38.768Z\",\n    \"updatedAt\": \"2020-09-27T06:56:29.134Z\",\n    \"__v\": 0,\n    \"created_by\": {\n      \"_id\": \"5e4839cd1c2d53001dcc0696\",\n      \"username\": \"simon.rowe@gmail.com\",\n      \"createdAt\": \"2020-02-15T18:34:53.155Z\",\n      \"updatedAt\": \"2020-09-17T07:45:13.526Z\",\n      \"__v\": 0,\n      \"id\": \"5e4839cd1c2d53001dcc0696\"\n    },\n    \"updated_by\": {\n      \"_id\": \"5e4839cd1c2d53001dcc0696\",\n      \"username\": \"simon.rowe@gmail.com\",\n      \"createdAt\": \"2020-02-15T18:34:53.155Z\",\n      \"updatedAt\": \"2020-09-17T07:45:13.526Z\",\n      \"__v\": 0,\n      \"id\": \"5e4839cd1c2d53001dcc0696\"\n    },\n    \"image\": {\n      \"_id\": \"5f68553f5ee4c9001d2b96d3\",\n      \"name\": \"redis-logo-2.png\",\n      \"alternativeText\": \"\",\n      \"caption\": \"\",\n      \"hash\": \"redis_logo_2_b02d4d4e13\",\n      \"ext\": \".png\",\n      \"mime\": \"image/png\",\n      \"size\": 105.56,\n      \"width\": 900,\n      \"height\": 900,\n      \"url\": \"/uploads/redis_logo_2_b02d4d4e13.png\",\n      \"formats\": {\n        \"thumbnail\": {\n          \"name\": \"thumbnail_redis-logo-2.png\",\n          \"hash\": \"thumbnail_redis_logo_2_b02d4d4e13\",\n          \"ext\": \".png\",\n          \"mime\": \"image/png\",\n          \"width\": 156,\n          \"height\": 156,\n          \"size\": 6.96,\n          \"path\": null,\n          \"url\": \"/uploads/thumbnail_redis_logo_2_b02d4d4e13.png\"\n        },\n        \"medium\": {\n          \"name\": \"medium_redis-logo-2.png\",\n          \"hash\": \"medium_redis_logo_2_b02d4d4e13\",\n          \"ext\": \".png\",\n          \"mime\": \"image/png\",\n          \"width\": 750,\n          \"height\": 750,\n          \"size\": 83.5,\n          \"path\": null,\n          \"url\": \"/uploads/medium_redis_logo_2_b02d4d4e13.png\"\n        },\n        \"small\": {\n          \"name\": \"small_redis-logo-2.png\",\n          \"hash\": \"small_redis_logo_2_b02d4d4e13\",\n          \"ext\": \".png\",\n          \"mime\": \"image/png\",\n          \"width\": 500,\n          \"height\": 500,\n          \"size\": 40.75,\n          \"path\": null,\n          \"url\": \"/uploads/small_redis_logo_2_b02d4d4e13.png\"\n        }\n      },\n      \"provider\": \"local\",\n      \"related\": [\n        \"5f635d425ee4c9001d2b964d\"\n      ],\n      \"createdAt\": \"2020-09-21T07:24:47.646Z\",\n      \"updatedAt\": \"2020-09-21T07:24:50.074Z\",\n      \"__v\": 0,\n      \"created_by\": \"5e4839cd1c2d53001dcc0696\",\n      \"updated_by\": \"5e4839cd1c2d53001dcc0696\",\n      \"id\": \"5f68553f5ee4c9001d2b96d3\"\n    },\n    \"description\": \"Redis is an open source (BSD licensed), in-memory data structure store, used as a database, cache and message broker. It supports data structures such as strings, hashes, lists, sets, sorted sets with range queries, bitmaps, hyperloglogs, geospatial indexes with radius queries and streams. Redis has built-in replication, Lua scripting, LRU eviction, transactions and different levels of on-disk persistence, and provides high availability and automatic partitioning.\",\n    \"jobs\": [\n      {\n        \"education\": false,\n        \"includeOnResume\": true,\n        \"attachments\": [],\n        \"skills\": [\n          \"5f635b3f5ee4c9001d2b962f\",\n          \"5f635b7e5ee4c9001d2b9633\",\n          \"5f635b8b5ee4c9001d2b9634\",\n          \"5f635bcd5ee4c9001d2b9636\",\n          \"5f635bf05ee4c9001d2b9637\",\n          \"5f635c1e5ee4c9001d2b963b\",\n          \"5f635c455ee4c9001d2b963e\",\n          \"5f635c745ee4c9001d2b9641\",\n          \"5f635c845ee4c9001d2b9642\",\n          \"5f635d645ee4c9001d2b964e\",\n          \"5f635d425ee4c9001d2b964d\",\n          \"5f635c185ee4c9001d2b963a\",\n          \"5f635da95ee4c9001d2b9653\",\n          \"5f635e405ee4c9001d2b965e\",\n          \"5f635e365ee4c9001d2b965d\",\n          \"5f635ea45ee4c9001d2b9666\",\n          \"602235769dc383001e945dd9\",\n          \"5f63608d5ee4c9001d2b966e\",\n          \"5f635b495ee4c9001d2b9630\",\n          \"5f635b6a5ee4c9001d2b9632\",\n          \"5f635ca45ee4c9001d2b9643\",\n          \"5f635bb85ee4c9001d2b9635\"\n        ],\n        \"_id\": \"5e5370e311c196001d06f917\",\n        \"title\": \"Senior Platform Architect\",\n        \"startDate\": \"2018-08-01\",\n        \"endDate\": \"2019-04-12\",\n        \"company\": \"Pivotal\",\n        \"companyUrl\": \"https://pivotal.io/\",\n        \"shortDescription\": \"Applications Focused Platform Architect specialising in cloud native development.\",\n        \"createdAt\": \"2020-02-24T06:44:51.218Z\",\n        \"updatedAt\": \"2021-02-26T22:37:22.370Z\",\n        \"__v\": 0,\n        \"companyImage\": {\n          \"_id\": \"5f6618165ee4c9001d2b969a\",\n          \"name\": \"pivotal (1).png\",\n          \"alternativeText\": \"\",\n          \"caption\": \"\",\n          \"hash\": \"pivotal_1_06ffe33158\",\n          \"ext\": \".png\",\n          \"mime\": \"image/jpeg\",\n          \"size\": 1.9,\n          \"width\": 200,\n          \"height\": 200,\n          \"url\": \"/uploads/pivotal_1_06ffe33158.png\",\n          \"formats\": {\n            \"thumbnail\": {\n              \"name\": \"thumbnail_pivotal (1).png\",\n              \"hash\": \"thumbnail_pivotal_1_06ffe33158\",\n              \"ext\": \".png\",\n              \"mime\": \"image/jpeg\",\n              \"width\": 156,\n              \"height\": 156,\n              \"size\": 1.52,\n              \"path\": null,\n              \"url\": \"/uploads/thumbnail_pivotal_1_06ffe33158.png\"\n            }\n          },\n          \"provider\": \"local\",\n          \"related\": [\n            \"5e5370e311c196001d06f917\"\n          ],\n          \"createdAt\": \"2020-09-19T14:39:18.005Z\",\n          \"updatedAt\": \"2021-02-08T08:20:54.295Z\",\n          \"__v\": 0,\n          \"created_by\": \"5e4839cd1c2d53001dcc0696\",\n          \"updated_by\": \"5e4839cd1c2d53001dcc0696\",\n          \"id\": \"5f6618165ee4c9001d2b969a\"\n        },\n        \"updated_by\": \"5e4839cd1c2d53001dcc0696\",\n        \"longDescription\": \"Applications focused platform architect, aiding clients to become successful by building cloud-native apps utilizing the Spring ecosystem and platforms like Cloud Foundry and Kubernetes.\\n\\nDuties included:\\n- Delivering Cloud-Native Developer and other workshops to a number of clients which contained topics (not limited to):\\n  - Introduction to Spring Boot\\n  - Reactive programming with Spring Boot and Project Reactor\\n  - Producer driven contracts with Spring Cloud Contract\\n  - Cloud Foundry and BOSH\\n  - The mechanics behind ```cf push``` and the service broker.\\n  - Buildpacks\\n  - Steeltoe\\n\\n- Speaking at the cloud-native meetups and webinars including the most ever subscribed webinar for Pivotal EMEA (at the time): [Securing microservices with Spring and Cloud Foundry](https://www.brighttalk.com/webcast/14883/345709/securing-microservices-with-spring-and-pivotal-cloud-foundry)\\n\\n- Pre-sales pitches to prospective clients outlining the positive outcomes of building cloud-native apps with spring and running them with Cloud Foundry.\",\n        \"location\": \"London\",\n        \"id\": \"5e5370e311c196001d06f917\"\n      },\n      {\n        \"education\": false,\n        \"includeOnResume\": true,\n        \"attachments\": [],\n        \"skills\": [\n          \"5f635b3f5ee4c9001d2b962f\",\n          \"5f635b8b5ee4c9001d2b9634\",\n          \"5f635c185ee4c9001d2b963a\",\n          \"5f635c2e5ee4c9001d2b963c\",\n          \"5f635c675ee4c9001d2b9640\",\n          \"5f635c745ee4c9001d2b9641\",\n          \"5f635c845ee4c9001d2b9642\",\n          \"5f635cb65ee4c9001d2b9644\",\n          \"5f635cc45ee4c9001d2b9645\",\n          \"5f635cdc5ee4c9001d2b9646\",\n          \"5f635ceb5ee4c9001d2b9647\",\n          \"5f635d045ee4c9001d2b9649\",\n          \"5f635d115ee4c9001d2b964a\",\n          \"5f635d1e5ee4c9001d2b964b\",\n          \"5f635d2c5ee4c9001d2b964c\",\n          \"5f635d425ee4c9001d2b964d\",\n          \"5f635d7e5ee4c9001d2b964f\",\n          \"5f635d875ee4c9001d2b9650\",\n          \"5f635d905ee4c9001d2b9651\",\n          \"5f635d9e5ee4c9001d2b9652\",\n          \"5f635da95ee4c9001d2b9653\",\n          \"5f635dbe5ee4c9001d2b9655\",\n          \"5f635dde5ee4c9001d2b9658\",\n          \"5f635e235ee4c9001d2b965b\",\n          \"5f635e595ee4c9001d2b965f\",\n          \"5f635e755ee4c9001d2b9662\",\n          \"5f635df45ee4c9001d2b965a\",\n          \"5f635de75ee4c9001d2b9659\",\n          \"5f635e7d5ee4c9001d2b9663\",\n          \"5f635e885ee4c9001d2b9664\",\n          \"5f635ea45ee4c9001d2b9666\",\n          \"5f635ee35ee4c9001d2b9668\",\n          \"602236d69dc383001e945ddc\",\n          \"6029446c9dc383001e945de9\",\n          \"5f635b6a5ee4c9001d2b9632\",\n          \"5f635bb85ee4c9001d2b9635\"\n        ],\n        \"_id\": \"5e53713a11c196001d06f91a\",\n        \"title\": \"Senior Director, Java Development\",\n        \"startDate\": \"2011-07-12\",\n        \"createdAt\": \"2020-02-24T06:46:18.484Z\",\n        \"updatedAt\": \"2021-02-26T22:37:22.370Z\",\n        \"__v\": 0,\n        \"company\": \"Universal Music Publishing\",\n        \"companyUrl\": \"https://www.umusicpub.com/\",\n        \"endDate\": \"2018-08-11\",\n        \"shortDescription\": \"Technology leader in cloud native development for business critical applications.\",\n        \"companyImage\": {\n          \"_id\": \"5f6618325ee4c9001d2b969c\",\n          \"name\": \"umpg.png\",\n          \"alternativeText\": \"\",\n          \"caption\": \"\",\n          \"hash\": \"umpg_121becd400\",\n          \"ext\": \".png\",\n          \"mime\": \"image/png\",\n          \"size\": 129.45,\n          \"width\": 400,\n          \"height\": 400,\n          \"url\": \"/uploads/umpg_121becd400.png\",\n          \"formats\": {\n            \"thumbnail\": {\n              \"name\": \"thumbnail_umpg.png\",\n              \"hash\": \"thumbnail_umpg_121becd400\",\n              \"ext\": \".png\",\n              \"mime\": \"image/png\",\n              \"width\": 156,\n              \"height\": 156,\n              \"size\": 31.14,\n              \"path\": null,\n              \"url\": \"/uploads/thumbnail_umpg_121becd400.png\"\n            }\n          },\n          \"provider\": \"local\",\n          \"related\": [\n            \"5e53713a11c196001d06f91a\"\n          ],\n          \"createdAt\": \"2020-09-19T14:39:46.169Z\",\n          \"updatedAt\": \"2021-02-08T08:15:39.296Z\",\n          \"__v\": 0,\n          \"created_by\": \"5e4839cd1c2d53001dcc0696\",\n          \"updated_by\": \"5e4839cd1c2d53001dcc0696\",\n          \"id\": \"5f6618325ee4c9001d2b969c\"\n        },\n        \"updated_by\": \"5e4839cd1c2d53001dcc0696\",\n        \"longDescription\": \"Responsible for architecture and delivery of greenfield internal and public facing business applications. Super scrum master, removing obstacles for four dynamic scrum teams. Frequent commiter.\\n\\nRe-architecture of multiple monoliths with single points of failure to AWS,resulting in scalable, fault tolerant software reducing the operational cost significantly.\\n\\nIntroduced automated testing as a development activity utilising technologies such as cucumber, selenium, docker which allows for far shorter release cycles.\\n\\nDesigned the company's first 'serverless' application at AWS, Utilising ECS Fargate, Lambda, SQS, SNS, ElasticSearch, S3.\",\n        \"location\": \"London\",\n        \"id\": \"5e53713a11c196001d06f91a\"\n      },\n      {\n        \"education\": false,\n        \"includeOnResume\": true,\n        \"attachments\": [],\n        \"skills\": [\n          \"5f635b7e5ee4c9001d2b9633\",\n          \"5f635b8b5ee4c9001d2b9634\",\n          \"5f635bf05ee4c9001d2b9637\",\n          \"5f635c0f5ee4c9001d2b9639\",\n          \"5f635c185ee4c9001d2b963a\",\n          \"5f635c1e5ee4c9001d2b963b\",\n          \"5f635c005ee4c9001d2b9638\",\n          \"5f635c2e5ee4c9001d2b963c\",\n          \"5f635c4f5ee4c9001d2b963f\",\n          \"5f635c675ee4c9001d2b9640\",\n          \"5f635c745ee4c9001d2b9641\",\n          \"5f635c845ee4c9001d2b9642\",\n          \"5f635ceb5ee4c9001d2b9647\",\n          \"5f635cf75ee4c9001d2b9648\",\n          \"5f635d045ee4c9001d2b9649\",\n          \"5f635d115ee4c9001d2b964a\",\n          \"5f635d1e5ee4c9001d2b964b\",\n          \"5f635d2c5ee4c9001d2b964c\",\n          \"5f635d425ee4c9001d2b964d\",\n          \"5f635d905ee4c9001d2b9651\",\n          \"5f635db55ee4c9001d2b9654\",\n          \"5f635dde5ee4c9001d2b9658\",\n          \"5f635e235ee4c9001d2b965b\",\n          \"5f635e2c5ee4c9001d2b965c\",\n          \"5f635e935ee4c9001d2b9665\",\n          \"5f635ef05ee4c9001d2b9669\",\n          \"5f635f8f5ee4c9001d2b966c\",\n          \"5f635f995ee4c9001d2b966d\",\n          \"5f635f025ee4c9001d2b966b\",\n          \"5f63608d5ee4c9001d2b966e\",\n          \"602234ba9dc383001e945dd6\",\n          \"5f635b555ee4c9001d2b9631\",\n          \"5f635b6a5ee4c9001d2b9632\",\n          \"5f635ca45ee4c9001d2b9643\",\n          \"5f635eae5ee4c9001d2b9667\",\n          \"5f635ef75ee4c9001d2b966a\",\n          \"5f635c375ee4c9001d2b963d\",\n          \"5f635e625ee4c9001d2b9660\",\n          \"5f635dd35ee4c9001d2b9657\",\n          \"5f635bb85ee4c9001d2b9635\",\n          \"60291c5d9dc383001e945de2\"\n        ],\n        \"_id\": \"5eedd4803c8d74001e4497f5\",\n        \"startDate\": \"2020-05-04\",\n        \"company\": \"Y-Tree\",\n        \"companyUrl\": \"https://y-tree.com/\",\n        \"title\": \"Senior Developer\",\n        \"createdAt\": \"2020-06-20T09:18:56.102Z\",\n        \"updatedAt\": \"2021-02-26T22:39:33.470Z\",\n        \"__v\": 0,\n        \"companyImage\": {\n          \"_id\": \"5eedd46e3c8d74001e4497f4\",\n          \"name\": \"YTree\",\n          \"alternativeText\": \"\",\n          \"caption\": \"\",\n          \"hash\": \"YT_ree_50b80993fc\",\n          \"ext\": \".png\",\n          \"mime\": \"image/png\",\n          \"size\": 6.33,\n          \"width\": 200,\n          \"height\": 200,\n          \"url\": \"/uploads/YT_ree_50b80993fc.png\",\n          \"formats\": {\n            \"thumbnail\": {\n              \"hash\": \"thumbnail_YT_ree_50b80993fc\",\n              \"ext\": \".png\",\n              \"mime\": \"image/png\",\n              \"width\": 156,\n              \"height\": 156,\n              \"size\": 10.07,\n              \"path\": null,\n              \"url\": \"/uploads/thumbnail_YT_ree_50b80993fc.png\"\n            }\n          },\n          \"provider\": \"local\",\n          \"related\": [\n            \"5eedd4803c8d74001e4497f5\"\n          ],\n          \"createdAt\": \"2020-06-20T09:18:38.337Z\",\n          \"updatedAt\": \"2020-06-20T09:18:56.106Z\",\n          \"__v\": 0,\n          \"id\": \"5eedd46e3c8d74001e4497f4\"\n        },\n        \"shortDescription\": \"Lead Developer of exciting fin-tech platform composed of event-driven and restful microservices.\",\n        \"updated_by\": \"5e4839cd1c2d53001dcc0696\",\n        \"longDescription\": \"Lead Developer of exciting fin-tech platform composed of event-driven and restful microservices.\\n\\nHeavily involved in transforming a monolithic application into a suite of fault-tolerant event-driven and restful microservices written with Kotlin and Spring Boot. \\n\\nLead a cloud-native transformation by improving the path to production of services by introducing a number of tools and technologies to aide with continuous delivery of features:\\n\\n-  Cucumber for integration testing\\n-  Pact for contract testing (consumer-driven contracts for both synchronous (HTTP) and event-driven (Kafka) communication)\\n-  Test Containers for component testing\\n-  Use of Spring Cloud Kubernetes and Spring Cloud vault for environment-specific configuration (as per the [12-factor app](https://12factor.net/))\\n- Jenkin X pipelines to build and deploy helm charts for each service and environment.\\n- Keycloak for identity management.\\n- Rolling updates of k8s deployments for no-outage releases.\\n\\nAlso contributed to the YTree technical blog sharing knowledge amongst the team in the form of both written blogs and recorded videos. \\n\\n\\n\\n\\n\\n\",\n        \"location\": \"London\",\n        \"id\": \"5eedd4803c8d74001e4497f5\"\n      }\n    ],\n    \"blogs\": [],\n    \"id\": \"5f635d425ee4c9001d2b964d\"\n  },\n  {\n    \"includeOnResume\": false,\n    \"_id\": \"5f635d645ee4c9001d2b964e\",\n    \"name\": \"Cloud Foundry\",\n    \"rating\": 8,\n    \"createdAt\": \"2020-09-17T12:58:12.302Z\",\n    \"updatedAt\": \"2020-09-27T06:57:57.822Z\",\n    \"__v\": 0,\n    \"created_by\": {\n      \"_id\": \"5e4839cd1c2d53001dcc0696\",\n      \"username\": \"simon.rowe@gmail.com\",\n      \"createdAt\": \"2020-02-15T18:34:53.155Z\",\n      \"updatedAt\": \"2020-09-17T07:45:13.526Z\",\n      \"__v\": 0,\n      \"id\": \"5e4839cd1c2d53001dcc0696\"\n    },\n    \"updated_by\": {\n      \"_id\": \"5e4839cd1c2d53001dcc0696\",\n      \"username\": \"simon.rowe@gmail.com\",\n      \"createdAt\": \"2020-02-15T18:34:53.155Z\",\n      \"updatedAt\": \"2020-09-17T07:45:13.526Z\",\n      \"__v\": 0,\n      \"id\": \"5e4839cd1c2d53001dcc0696\"\n    },\n    \"image\": {\n      \"_id\": \"5f68555c5ee4c9001d2b96d5\",\n      \"name\": \"cf.png\",\n      \"alternativeText\": \"\",\n      \"caption\": \"\",\n      \"hash\": \"cf_d151cb7889\",\n      \"ext\": \".png\",\n      \"mime\": \"image/png\",\n      \"size\": 15.2,\n      \"width\": 280,\n      \"height\": 280,\n      \"url\": \"/uploads/cf_d151cb7889.png\",\n      \"formats\": {\n        \"thumbnail\": {\n          \"name\": \"thumbnail_cf.png\",\n          \"hash\": \"thumbnail_cf_d151cb7889\",\n          \"ext\": \".png\",\n          \"mime\": \"image/png\",\n          \"width\": 156,\n          \"height\": 156,\n          \"size\": 10.72,\n          \"path\": null,\n          \"url\": \"/uploads/thumbnail_cf_d151cb7889.png\"\n        }\n      },\n      \"provider\": \"local\",\n      \"related\": [\n        \"5f635d645ee4c9001d2b964e\"\n      ],\n      \"createdAt\": \"2020-09-21T07:25:16.222Z\",\n      \"updatedAt\": \"2020-09-21T07:25:18.608Z\",\n      \"__v\": 0,\n      \"created_by\": \"5e4839cd1c2d53001dcc0696\",\n      \"updated_by\": \"5e4839cd1c2d53001dcc0696\",\n      \"id\": \"5f68555c5ee4c9001d2b96d5\"\n    },\n    \"description\": \"Cloud Foundry is an open application Platform as a Service (PaaS) developed under an open source license. In other words, Cloud Foundry is a system to easily deploy, operate and scale stateless applications which are written in any programming language or framework.\",\n    \"jobs\": [\n      {\n        \"education\": false,\n        \"includeOnResume\": true,\n        \"attachments\": [],\n        \"skills\": [\n          \"5f635b3f5ee4c9001d2b962f\",\n          \"5f635b7e5ee4c9001d2b9633\",\n          \"5f635b8b5ee4c9001d2b9634\",\n          \"5f635bcd5ee4c9001d2b9636\",\n          \"5f635bf05ee4c9001d2b9637\",\n          \"5f635c1e5ee4c9001d2b963b\",\n          \"5f635c455ee4c9001d2b963e\",\n          \"5f635c745ee4c9001d2b9641\",\n          \"5f635c845ee4c9001d2b9642\",\n          \"5f635d645ee4c9001d2b964e\",\n          \"5f635d425ee4c9001d2b964d\",\n          \"5f635c185ee4c9001d2b963a\",\n          \"5f635da95ee4c9001d2b9653\",\n          \"5f635e405ee4c9001d2b965e\",\n          \"5f635e365ee4c9001d2b965d\",\n          \"5f635ea45ee4c9001d2b9666\",\n          \"602235769dc383001e945dd9\",\n          \"5f63608d5ee4c9001d2b966e\",\n          \"5f635b495ee4c9001d2b9630\",\n          \"5f635b6a5ee4c9001d2b9632\",\n          \"5f635ca45ee4c9001d2b9643\",\n          \"5f635bb85ee4c9001d2b9635\"\n        ],\n        \"_id\": \"5e5370e311c196001d06f917\",\n        \"title\": \"Senior Platform Architect\",\n        \"startDate\": \"2018-08-01\",\n        \"endDate\": \"2019-04-12\",\n        \"company\": \"Pivotal\",\n        \"companyUrl\": \"https://pivotal.io/\",\n        \"shortDescription\": \"Applications Focused Platform Architect specialising in cloud native development.\",\n        \"createdAt\": \"2020-02-24T06:44:51.218Z\",\n        \"updatedAt\": \"2021-02-26T22:37:22.370Z\",\n        \"__v\": 0,\n        \"companyImage\": {\n          \"_id\": \"5f6618165ee4c9001d2b969a\",\n          \"name\": \"pivotal (1).png\",\n          \"alternativeText\": \"\",\n          \"caption\": \"\",\n          \"hash\": \"pivotal_1_06ffe33158\",\n          \"ext\": \".png\",\n          \"mime\": \"image/jpeg\",\n          \"size\": 1.9,\n          \"width\": 200,\n          \"height\": 200,\n          \"url\": \"/uploads/pivotal_1_06ffe33158.png\",\n          \"formats\": {\n            \"thumbnail\": {\n              \"name\": \"thumbnail_pivotal (1).png\",\n              \"hash\": \"thumbnail_pivotal_1_06ffe33158\",\n              \"ext\": \".png\",\n              \"mime\": \"image/jpeg\",\n              \"width\": 156,\n              \"height\": 156,\n              \"size\": 1.52,\n              \"path\": null,\n              \"url\": \"/uploads/thumbnail_pivotal_1_06ffe33158.png\"\n            }\n          },\n          \"provider\": \"local\",\n          \"related\": [\n            \"5e5370e311c196001d06f917\"\n          ],\n          \"createdAt\": \"2020-09-19T14:39:18.005Z\",\n          \"updatedAt\": \"2021-02-08T08:20:54.295Z\",\n          \"__v\": 0,\n          \"created_by\": \"5e4839cd1c2d53001dcc0696\",\n          \"updated_by\": \"5e4839cd1c2d53001dcc0696\",\n          \"id\": \"5f6618165ee4c9001d2b969a\"\n        },\n        \"updated_by\": \"5e4839cd1c2d53001dcc0696\",\n        \"longDescription\": \"Applications focused platform architect, aiding clients to become successful by building cloud-native apps utilizing the Spring ecosystem and platforms like Cloud Foundry and Kubernetes.\\n\\nDuties included:\\n- Delivering Cloud-Native Developer and other workshops to a number of clients which contained topics (not limited to):\\n  - Introduction to Spring Boot\\n  - Reactive programming with Spring Boot and Project Reactor\\n  - Producer driven contracts with Spring Cloud Contract\\n  - Cloud Foundry and BOSH\\n  - The mechanics behind ```cf push``` and the service broker.\\n  - Buildpacks\\n  - Steeltoe\\n\\n- Speaking at the cloud-native meetups and webinars including the most ever subscribed webinar for Pivotal EMEA (at the time): [Securing microservices with Spring and Cloud Foundry](https://www.brighttalk.com/webcast/14883/345709/securing-microservices-with-spring-and-pivotal-cloud-foundry)\\n\\n- Pre-sales pitches to prospective clients outlining the positive outcomes of building cloud-native apps with spring and running them with Cloud Foundry.\",\n        \"location\": \"London\",\n        \"id\": \"5e5370e311c196001d06f917\"\n      }\n    ],\n    \"blogs\": [],\n    \"id\": \"5f635d645ee4c9001d2b964e\"\n  },\n  {\n    \"includeOnResume\": false,\n    \"_id\": \"5f635d7e5ee4c9001d2b964f\",\n    \"name\": \"Elastic Search\",\n    \"rating\": 8,\n    \"createdAt\": \"2020-09-17T12:58:38.380Z\",\n    \"updatedAt\": \"2020-09-27T06:58:23.605Z\",\n    \"__v\": 0,\n    \"created_by\": {\n      \"_id\": \"5e4839cd1c2d53001dcc0696\",\n      \"username\": \"simon.rowe@gmail.com\",\n      \"createdAt\": \"2020-02-15T18:34:53.155Z\",\n      \"updatedAt\": \"2020-09-17T07:45:13.526Z\",\n      \"__v\": 0,\n      \"id\": \"5e4839cd1c2d53001dcc0696\"\n    },\n    \"updated_by\": {\n      \"_id\": \"5e4839cd1c2d53001dcc0696\",\n      \"username\": \"simon.rowe@gmail.com\",\n      \"createdAt\": \"2020-02-15T18:34:53.155Z\",\n      \"updatedAt\": \"2020-09-17T07:45:13.526Z\",\n      \"__v\": 0,\n      \"id\": \"5e4839cd1c2d53001dcc0696\"\n    },\n    \"image\": {\n      \"_id\": \"5f6855745ee4c9001d2b96d7\",\n      \"name\": \"es.png\",\n      \"alternativeText\": \"\",\n      \"caption\": \"\",\n      \"hash\": \"es_ade26b1517\",\n      \"ext\": \".png\",\n      \"mime\": \"image/png\",\n      \"size\": 5.08,\n      \"width\": 200,\n      \"height\": 200,\n      \"url\": \"/uploads/es_ade26b1517.png\",\n      \"formats\": {\n        \"thumbnail\": {\n          \"name\": \"thumbnail_es.png\",\n          \"hash\": \"thumbnail_es_ade26b1517\",\n          \"ext\": \".png\",\n          \"mime\": \"image/png\",\n          \"width\": 156,\n          \"height\": 156,\n          \"size\": 5.88,\n          \"path\": null,\n          \"url\": \"/uploads/thumbnail_es_ade26b1517.png\"\n        }\n      },\n      \"provider\": \"local\",\n      \"related\": [\n        \"5f635d7e5ee4c9001d2b964f\"\n      ],\n      \"createdAt\": \"2020-09-21T07:25:40.480Z\",\n      \"updatedAt\": \"2020-09-21T07:25:42.481Z\",\n      \"__v\": 0,\n      \"created_by\": \"5e4839cd1c2d53001dcc0696\",\n      \"updated_by\": \"5e4839cd1c2d53001dcc0696\",\n      \"id\": \"5f6855745ee4c9001d2b96d7\"\n    },\n    \"description\": \"Elasticsearch is a search engine based on the Lucene library. It provides a distributed, multitenant-capable full-text search engine with an HTTP web interface and schema-free JSON documents\",\n    \"jobs\": [\n      {\n        \"education\": false,\n        \"includeOnResume\": true,\n        \"attachments\": [],\n        \"skills\": [\n          \"5f635b3f5ee4c9001d2b962f\",\n          \"5f635b8b5ee4c9001d2b9634\",\n          \"5f635c185ee4c9001d2b963a\",\n          \"5f635c2e5ee4c9001d2b963c\",\n          \"5f635c675ee4c9001d2b9640\",\n          \"5f635c745ee4c9001d2b9641\",\n          \"5f635c845ee4c9001d2b9642\",\n          \"5f635cb65ee4c9001d2b9644\",\n          \"5f635cc45ee4c9001d2b9645\",\n          \"5f635cdc5ee4c9001d2b9646\",\n          \"5f635ceb5ee4c9001d2b9647\",\n          \"5f635d045ee4c9001d2b9649\",\n          \"5f635d115ee4c9001d2b964a\",\n          \"5f635d1e5ee4c9001d2b964b\",\n          \"5f635d2c5ee4c9001d2b964c\",\n          \"5f635d425ee4c9001d2b964d\",\n          \"5f635d7e5ee4c9001d2b964f\",\n          \"5f635d875ee4c9001d2b9650\",\n          \"5f635d905ee4c9001d2b9651\",\n          \"5f635d9e5ee4c9001d2b9652\",\n          \"5f635da95ee4c9001d2b9653\",\n          \"5f635dbe5ee4c9001d2b9655\",\n          \"5f635dde5ee4c9001d2b9658\",\n          \"5f635e235ee4c9001d2b965b\",\n          \"5f635e595ee4c9001d2b965f\",\n          \"5f635e755ee4c9001d2b9662\",\n          \"5f635df45ee4c9001d2b965a\",\n          \"5f635de75ee4c9001d2b9659\",\n          \"5f635e7d5ee4c9001d2b9663\",\n          \"5f635e885ee4c9001d2b9664\",\n          \"5f635ea45ee4c9001d2b9666\",\n          \"5f635ee35ee4c9001d2b9668\",\n          \"602236d69dc383001e945ddc\",\n          \"6029446c9dc383001e945de9\",\n          \"5f635b6a5ee4c9001d2b9632\",\n          \"5f635bb85ee4c9001d2b9635\"\n        ],\n        \"_id\": \"5e53713a11c196001d06f91a\",\n        \"title\": \"Senior Director, Java Development\",\n        \"startDate\": \"2011-07-12\",\n        \"createdAt\": \"2020-02-24T06:46:18.484Z\",\n        \"updatedAt\": \"2021-02-26T22:37:22.370Z\",\n        \"__v\": 0,\n        \"company\": \"Universal Music Publishing\",\n        \"companyUrl\": \"https://www.umusicpub.com/\",\n        \"endDate\": \"2018-08-11\",\n        \"shortDescription\": \"Technology leader in cloud native development for business critical applications.\",\n        \"companyImage\": {\n          \"_id\": \"5f6618325ee4c9001d2b969c\",\n          \"name\": \"umpg.png\",\n          \"alternativeText\": \"\",\n          \"caption\": \"\",\n          \"hash\": \"umpg_121becd400\",\n          \"ext\": \".png\",\n          \"mime\": \"image/png\",\n          \"size\": 129.45,\n          \"width\": 400,\n          \"height\": 400,\n          \"url\": \"/uploads/umpg_121becd400.png\",\n          \"formats\": {\n            \"thumbnail\": {\n              \"name\": \"thumbnail_umpg.png\",\n              \"hash\": \"thumbnail_umpg_121becd400\",\n              \"ext\": \".png\",\n              \"mime\": \"image/png\",\n              \"width\": 156,\n              \"height\": 156,\n              \"size\": 31.14,\n              \"path\": null,\n              \"url\": \"/uploads/thumbnail_umpg_121becd400.png\"\n            }\n          },\n          \"provider\": \"local\",\n          \"related\": [\n            \"5e53713a11c196001d06f91a\"\n          ],\n          \"createdAt\": \"2020-09-19T14:39:46.169Z\",\n          \"updatedAt\": \"2021-02-08T08:15:39.296Z\",\n          \"__v\": 0,\n          \"created_by\": \"5e4839cd1c2d53001dcc0696\",\n          \"updated_by\": \"5e4839cd1c2d53001dcc0696\",\n          \"id\": \"5f6618325ee4c9001d2b969c\"\n        },\n        \"updated_by\": \"5e4839cd1c2d53001dcc0696\",\n        \"longDescription\": \"Responsible for architecture and delivery of greenfield internal and public facing business applications. Super scrum master, removing obstacles for four dynamic scrum teams. Frequent commiter.\\n\\nRe-architecture of multiple monoliths with single points of failure to AWS,resulting in scalable, fault tolerant software reducing the operational cost significantly.\\n\\nIntroduced automated testing as a development activity utilising technologies such as cucumber, selenium, docker which allows for far shorter release cycles.\\n\\nDesigned the company's first 'serverless' application at AWS, Utilising ECS Fargate, Lambda, SQS, SNS, ElasticSearch, S3.\",\n        \"location\": \"London\",\n        \"id\": \"5e53713a11c196001d06f91a\"\n      }\n    ],\n    \"blogs\": [],\n    \"id\": \"5f635d7e5ee4c9001d2b964f\"\n  },\n  {\n    \"includeOnResume\": false,\n    \"_id\": \"5f635d875ee4c9001d2b9650\",\n    \"name\": \"Solr\",\n    \"rating\": 7.7,\n    \"createdAt\": \"2020-09-17T12:58:47.231Z\",\n    \"updatedAt\": \"2020-09-27T06:59:23.925Z\",\n    \"__v\": 0,\n    \"created_by\": {\n      \"_id\": \"5e4839cd1c2d53001dcc0696\",\n      \"username\": \"simon.rowe@gmail.com\",\n      \"createdAt\": \"2020-02-15T18:34:53.155Z\",\n      \"updatedAt\": \"2020-09-17T07:45:13.526Z\",\n      \"__v\": 0,\n      \"id\": \"5e4839cd1c2d53001dcc0696\"\n    },\n    \"updated_by\": {\n      \"_id\": \"5e4839cd1c2d53001dcc0696\",\n      \"username\": \"simon.rowe@gmail.com\",\n      \"createdAt\": \"2020-02-15T18:34:53.155Z\",\n      \"updatedAt\": \"2020-09-17T07:45:13.526Z\",\n      \"__v\": 0,\n      \"id\": \"5e4839cd1c2d53001dcc0696\"\n    },\n    \"image\": {\n      \"_id\": \"5f68558f5ee4c9001d2b96d9\",\n      \"name\": \"solr.png\",\n      \"alternativeText\": \"\",\n      \"caption\": \"\",\n      \"hash\": \"solr_9bf8fe4844\",\n      \"ext\": \".png\",\n      \"mime\": \"image/png\",\n      \"size\": 39.59,\n      \"width\": 283,\n      \"height\": 156,\n      \"url\": \"/uploads/solr_9bf8fe4844.png\",\n      \"formats\": {\n        \"thumbnail\": {\n          \"name\": \"thumbnail_solr.png\",\n          \"hash\": \"thumbnail_solr_9bf8fe4844\",\n          \"ext\": \".png\",\n          \"mime\": \"image/png\",\n          \"width\": 245,\n          \"height\": 135,\n          \"size\": 45.65,\n          \"path\": null,\n          \"url\": \"/uploads/thumbnail_solr_9bf8fe4844.png\"\n        }\n      },\n      \"provider\": \"local\",\n      \"related\": [\n        \"5f635d875ee4c9001d2b9650\"\n      ],\n      \"createdAt\": \"2020-09-21T07:26:07.746Z\",\n      \"updatedAt\": \"2020-09-21T07:26:09.772Z\",\n      \"__v\": 0,\n      \"created_by\": \"5e4839cd1c2d53001dcc0696\",\n      \"updated_by\": \"5e4839cd1c2d53001dcc0696\",\n      \"id\": \"5f68558f5ee4c9001d2b96d9\"\n    },\n    \"description\": \"Solr is highly reliable, scalable and fault tolerant, providing distributed indexing, replication and load-balanced querying, automated failover and recovery, centralized configuration and more. Solr powers the search and navigation features of many of the world's largest internet sites\",\n    \"jobs\": [\n      {\n        \"education\": false,\n        \"includeOnResume\": true,\n        \"attachments\": [],\n        \"skills\": [\n          \"5f635b3f5ee4c9001d2b962f\",\n          \"5f635b8b5ee4c9001d2b9634\",\n          \"5f635c185ee4c9001d2b963a\",\n          \"5f635c2e5ee4c9001d2b963c\",\n          \"5f635c675ee4c9001d2b9640\",\n          \"5f635c745ee4c9001d2b9641\",\n          \"5f635c845ee4c9001d2b9642\",\n          \"5f635cb65ee4c9001d2b9644\",\n          \"5f635cc45ee4c9001d2b9645\",\n          \"5f635cdc5ee4c9001d2b9646\",\n          \"5f635ceb5ee4c9001d2b9647\",\n          \"5f635d045ee4c9001d2b9649\",\n          \"5f635d115ee4c9001d2b964a\",\n          \"5f635d1e5ee4c9001d2b964b\",\n          \"5f635d2c5ee4c9001d2b964c\",\n          \"5f635d425ee4c9001d2b964d\",\n          \"5f635d7e5ee4c9001d2b964f\",\n          \"5f635d875ee4c9001d2b9650\",\n          \"5f635d905ee4c9001d2b9651\",\n          \"5f635d9e5ee4c9001d2b9652\",\n          \"5f635da95ee4c9001d2b9653\",\n          \"5f635dbe5ee4c9001d2b9655\",\n          \"5f635dde5ee4c9001d2b9658\",\n          \"5f635e235ee4c9001d2b965b\",\n          \"5f635e595ee4c9001d2b965f\",\n          \"5f635e755ee4c9001d2b9662\",\n          \"5f635df45ee4c9001d2b965a\",\n          \"5f635de75ee4c9001d2b9659\",\n          \"5f635e7d5ee4c9001d2b9663\",\n          \"5f635e885ee4c9001d2b9664\",\n          \"5f635ea45ee4c9001d2b9666\",\n          \"5f635ee35ee4c9001d2b9668\",\n          \"602236d69dc383001e945ddc\",\n          \"6029446c9dc383001e945de9\",\n          \"5f635b6a5ee4c9001d2b9632\",\n          \"5f635bb85ee4c9001d2b9635\"\n        ],\n        \"_id\": \"5e53713a11c196001d06f91a\",\n        \"title\": \"Senior Director, Java Development\",\n        \"startDate\": \"2011-07-12\",\n        \"createdAt\": \"2020-02-24T06:46:18.484Z\",\n        \"updatedAt\": \"2021-02-26T22:37:22.370Z\",\n        \"__v\": 0,\n        \"company\": \"Universal Music Publishing\",\n        \"companyUrl\": \"https://www.umusicpub.com/\",\n        \"endDate\": \"2018-08-11\",\n        \"shortDescription\": \"Technology leader in cloud native development for business critical applications.\",\n        \"companyImage\": {\n          \"_id\": \"5f6618325ee4c9001d2b969c\",\n          \"name\": \"umpg.png\",\n          \"alternativeText\": \"\",\n          \"caption\": \"\",\n          \"hash\": \"umpg_121becd400\",\n          \"ext\": \".png\",\n          \"mime\": \"image/png\",\n          \"size\": 129.45,\n          \"width\": 400,\n          \"height\": 400,\n          \"url\": \"/uploads/umpg_121becd400.png\",\n          \"formats\": {\n            \"thumbnail\": {\n              \"name\": \"thumbnail_umpg.png\",\n              \"hash\": \"thumbnail_umpg_121becd400\",\n              \"ext\": \".png\",\n              \"mime\": \"image/png\",\n              \"width\": 156,\n              \"height\": 156,\n              \"size\": 31.14,\n              \"path\": null,\n              \"url\": \"/uploads/thumbnail_umpg_121becd400.png\"\n            }\n          },\n          \"provider\": \"local\",\n          \"related\": [\n            \"5e53713a11c196001d06f91a\"\n          ],\n          \"createdAt\": \"2020-09-19T14:39:46.169Z\",\n          \"updatedAt\": \"2021-02-08T08:15:39.296Z\",\n          \"__v\": 0,\n          \"created_by\": \"5e4839cd1c2d53001dcc0696\",\n          \"updated_by\": \"5e4839cd1c2d53001dcc0696\",\n          \"id\": \"5f6618325ee4c9001d2b969c\"\n        },\n        \"updated_by\": \"5e4839cd1c2d53001dcc0696\",\n        \"longDescription\": \"Responsible for architecture and delivery of greenfield internal and public facing business applications. Super scrum master, removing obstacles for four dynamic scrum teams. Frequent commiter.\\n\\nRe-architecture of multiple monoliths with single points of failure to AWS,resulting in scalable, fault tolerant software reducing the operational cost significantly.\\n\\nIntroduced automated testing as a development activity utilising technologies such as cucumber, selenium, docker which allows for far shorter release cycles.\\n\\nDesigned the company's first 'serverless' application at AWS, Utilising ECS Fargate, Lambda, SQS, SNS, ElasticSearch, S3.\",\n        \"location\": \"London\",\n        \"id\": \"5e53713a11c196001d06f91a\"\n      }\n    ],\n    \"blogs\": [],\n    \"id\": \"5f635d875ee4c9001d2b9650\"\n  },\n  {\n    \"includeOnResume\": false,\n    \"_id\": \"5f635d905ee4c9001d2b9651\",\n    \"name\": \"MongoDB\",\n    \"rating\": 9,\n    \"createdAt\": \"2020-09-17T12:58:56.643Z\",\n    \"updatedAt\": \"2020-09-27T07:41:31.043Z\",\n    \"__v\": 0,\n    \"created_by\": {\n      \"_id\": \"5e4839cd1c2d53001dcc0696\",\n      \"username\": \"simon.rowe@gmail.com\",\n      \"createdAt\": \"2020-02-15T18:34:53.155Z\",\n      \"updatedAt\": \"2020-09-17T07:45:13.526Z\",\n      \"__v\": 0,\n      \"id\": \"5e4839cd1c2d53001dcc0696\"\n    },\n    \"updated_by\": {\n      \"_id\": \"5e4839cd1c2d53001dcc0696\",\n      \"username\": \"simon.rowe@gmail.com\",\n      \"createdAt\": \"2020-02-15T18:34:53.155Z\",\n      \"updatedAt\": \"2020-09-17T07:45:13.526Z\",\n      \"__v\": 0,\n      \"id\": \"5e4839cd1c2d53001dcc0696\"\n    },\n    \"image\": {\n      \"_id\": \"5f6855b65ee4c9001d2b96db\",\n      \"name\": \"mongodb.jpg\",\n      \"alternativeText\": \"\",\n      \"caption\": \"\",\n      \"hash\": \"mongodb_1846260238\",\n      \"ext\": \".jpg\",\n      \"mime\": \"image/jpeg\",\n      \"size\": 5.25,\n      \"width\": 399,\n      \"height\": 399,\n      \"url\": \"/uploads/mongodb_1846260238.jpg\",\n      \"formats\": {\n        \"thumbnail\": {\n          \"name\": \"thumbnail_mongodb.jpg\",\n          \"hash\": \"thumbnail_mongodb_1846260238\",\n          \"ext\": \".jpg\",\n          \"mime\": \"image/jpeg\",\n          \"width\": 156,\n          \"height\": 156,\n          \"size\": 1.85,\n          \"path\": null,\n          \"url\": \"/uploads/thumbnail_mongodb_1846260238.jpg\"\n        }\n      },\n      \"provider\": \"local\",\n      \"related\": [\n        \"5f635d905ee4c9001d2b9651\"\n      ],\n      \"createdAt\": \"2020-09-21T07:26:46.012Z\",\n      \"updatedAt\": \"2020-09-21T07:26:49.716Z\",\n      \"__v\": 0,\n      \"created_by\": \"5e4839cd1c2d53001dcc0696\",\n      \"updated_by\": \"5e4839cd1c2d53001dcc0696\",\n      \"id\": \"5f6855b65ee4c9001d2b96db\"\n    },\n    \"description\": \"MongoDB is a general purpose, document-based, distributed database built for modern application developers and for the cloud era.\",\n    \"jobs\": [\n      {\n        \"education\": false,\n        \"includeOnResume\": true,\n        \"attachments\": [],\n        \"skills\": [\n          \"5f635b7e5ee4c9001d2b9633\",\n          \"5f635b8b5ee4c9001d2b9634\",\n          \"5f635c0f5ee4c9001d2b9639\",\n          \"5f635c1e5ee4c9001d2b963b\",\n          \"5f635c2e5ee4c9001d2b963c\",\n          \"5f635c745ee4c9001d2b9641\",\n          \"5f635c845ee4c9001d2b9642\",\n          \"5f635d1e5ee4c9001d2b964b\",\n          \"5f635d2c5ee4c9001d2b964c\",\n          \"5f635d905ee4c9001d2b9651\",\n          \"5f635db55ee4c9001d2b9654\",\n          \"5f635e365ee4c9001d2b965d\",\n          \"5f635e235ee4c9001d2b965b\",\n          \"5f635e2c5ee4c9001d2b965c\",\n          \"5f635e405ee4c9001d2b965e\",\n          \"5f635e935ee4c9001d2b9665\",\n          \"5f635f025ee4c9001d2b966b\",\n          \"5f635c185ee4c9001d2b963a\",\n          \"5f635ceb5ee4c9001d2b9647\",\n          \"5f635cf75ee4c9001d2b9648\",\n          \"5f635d045ee4c9001d2b9649\",\n          \"5f635d115ee4c9001d2b964a\",\n          \"5f63608d5ee4c9001d2b966e\",\n          \"602234ba9dc383001e945dd6\",\n          \"5f635b495ee4c9001d2b9630\",\n          \"5f635b555ee4c9001d2b9631\",\n          \"5f635b6a5ee4c9001d2b9632\",\n          \"5f635ca45ee4c9001d2b9643\",\n          \"5f635eae5ee4c9001d2b9667\",\n          \"5f635ef75ee4c9001d2b966a\",\n          \"5f635e625ee4c9001d2b9660\",\n          \"5f635dd35ee4c9001d2b9657\",\n          \"5f635bb85ee4c9001d2b9635\"\n        ],\n        \"_id\": \"5e53704f11c196001d06f914\",\n        \"title\": \"Software Engineering Lead\",\n        \"startDate\": \"2019-04-15\",\n        \"company\": \"Upp Technologies\",\n        \"companyUrl\": \"https://upp.ai\",\n        \"shortDescription\": \"Hands-on lead engineer in a small cross-functional team.\\n\",\n        \"createdAt\": \"2020-02-24T06:42:23.147Z\",\n        \"updatedAt\": \"2021-02-26T22:37:22.370Z\",\n        \"__v\": 0,\n        \"endDate\": \"2020-05-01\",\n        \"companyImage\": {\n          \"_id\": \"6020f0499dc383001e945dd3\",\n          \"name\": \"upp.png\",\n          \"alternativeText\": \"\",\n          \"caption\": \"\",\n          \"hash\": \"upp_4780c5270b\",\n          \"ext\": \".png\",\n          \"mime\": \"image/png\",\n          \"size\": 2.21,\n          \"width\": 141,\n          \"height\": 106,\n          \"url\": \"/uploads/upp_4780c5270b.png\",\n          \"provider\": \"local\",\n          \"related\": [\n            \"5e53704f11c196001d06f914\"\n          ],\n          \"createdAt\": \"2021-02-08T08:03:21.134Z\",\n          \"updatedAt\": \"2021-02-08T08:03:37.545Z\",\n          \"__v\": 0,\n          \"created_by\": \"5e4839cd1c2d53001dcc0696\",\n          \"updated_by\": \"5e4839cd1c2d53001dcc0696\",\n          \"id\": \"6020f0499dc383001e945dd3\"\n        },\n        \"updated_by\": \"5e4839cd1c2d53001dcc0696\",\n        \"longDescription\": \"Lead Engineer working on all verticals (front end, backend, ops) of the Upp Intelligent Platform. Lead a small cross-functional team of 5 to deliver an event-driven, microservices architecture compromising of the following modules:\\n\\n* Onboarding - data ingestion from 3rd party product providers such as Magento, Shopify and others in conjunction with IPaas (Integration Platform as a Service) This module also consisted of a proprietary data mapping solution.\\n* Products - enrichment, bulk operations and search functionality (using an inverted index).\\n* Margin Hub - a suite of microservices integrating numerous different data points to report on product profitability and suggest intelligent actions to optimise margin.\\n\\n\\nIn addition to leading feature development, my role also comprised of promoting best practises amongst other agile teams including but not limited to:\\n\\n* Creating a customized version of spring initializr that generated skeleton services with all required libraries, Jenkins pipeline definitions, Kubernetes manifest files etc so developers could concentrate on delivering business logic and not plumbing;\\n* Spring Boot starter library for event sourcing\\n* Component testing using test containers\\n* Service - Service authentication using OIDC client credentials with keycloak.\",\n        \"location\": \"London\",\n        \"id\": \"5e53704f11c196001d06f914\"\n      },\n      {\n        \"education\": false,\n        \"includeOnResume\": true,\n        \"attachments\": [],\n        \"skills\": [\n          \"5f635b3f5ee4c9001d2b962f\",\n          \"5f635b8b5ee4c9001d2b9634\",\n          \"5f635c185ee4c9001d2b963a\",\n          \"5f635c2e5ee4c9001d2b963c\",\n          \"5f635c675ee4c9001d2b9640\",\n          \"5f635c745ee4c9001d2b9641\",\n          \"5f635c845ee4c9001d2b9642\",\n          \"5f635cb65ee4c9001d2b9644\",\n          \"5f635cc45ee4c9001d2b9645\",\n          \"5f635cdc5ee4c9001d2b9646\",\n          \"5f635ceb5ee4c9001d2b9647\",\n          \"5f635d045ee4c9001d2b9649\",\n          \"5f635d115ee4c9001d2b964a\",\n          \"5f635d1e5ee4c9001d2b964b\",\n          \"5f635d2c5ee4c9001d2b964c\",\n          \"5f635d425ee4c9001d2b964d\",\n          \"5f635d7e5ee4c9001d2b964f\",\n          \"5f635d875ee4c9001d2b9650\",\n          \"5f635d905ee4c9001d2b9651\",\n          \"5f635d9e5ee4c9001d2b9652\",\n          \"5f635da95ee4c9001d2b9653\",\n          \"5f635dbe5ee4c9001d2b9655\",\n          \"5f635dde5ee4c9001d2b9658\",\n          \"5f635e235ee4c9001d2b965b\",\n          \"5f635e595ee4c9001d2b965f\",\n          \"5f635e755ee4c9001d2b9662\",\n          \"5f635df45ee4c9001d2b965a\",\n          \"5f635de75ee4c9001d2b9659\",\n          \"5f635e7d5ee4c9001d2b9663\",\n          \"5f635e885ee4c9001d2b9664\",\n          \"5f635ea45ee4c9001d2b9666\",\n          \"5f635ee35ee4c9001d2b9668\",\n          \"602236d69dc383001e945ddc\",\n          \"6029446c9dc383001e945de9\",\n          \"5f635b6a5ee4c9001d2b9632\",\n          \"5f635bb85ee4c9001d2b9635\"\n        ],\n        \"_id\": \"5e53713a11c196001d06f91a\",\n        \"title\": \"Senior Director, Java Development\",\n        \"startDate\": \"2011-07-12\",\n        \"createdAt\": \"2020-02-24T06:46:18.484Z\",\n        \"updatedAt\": \"2021-02-26T22:37:22.370Z\",\n        \"__v\": 0,\n        \"company\": \"Universal Music Publishing\",\n        \"companyUrl\": \"https://www.umusicpub.com/\",\n        \"endDate\": \"2018-08-11\",\n        \"shortDescription\": \"Technology leader in cloud native development for business critical applications.\",\n        \"companyImage\": {\n          \"_id\": \"5f6618325ee4c9001d2b969c\",\n          \"name\": \"umpg.png\",\n          \"alternativeText\": \"\",\n          \"caption\": \"\",\n          \"hash\": \"umpg_121becd400\",\n          \"ext\": \".png\",\n          \"mime\": \"image/png\",\n          \"size\": 129.45,\n          \"width\": 400,\n          \"height\": 400,\n          \"url\": \"/uploads/umpg_121becd400.png\",\n          \"formats\": {\n            \"thumbnail\": {\n              \"name\": \"thumbnail_umpg.png\",\n              \"hash\": \"thumbnail_umpg_121becd400\",\n              \"ext\": \".png\",\n              \"mime\": \"image/png\",\n              \"width\": 156,\n              \"height\": 156,\n              \"size\": 31.14,\n              \"path\": null,\n              \"url\": \"/uploads/thumbnail_umpg_121becd400.png\"\n            }\n          },\n          \"provider\": \"local\",\n          \"related\": [\n            \"5e53713a11c196001d06f91a\"\n          ],\n          \"createdAt\": \"2020-09-19T14:39:46.169Z\",\n          \"updatedAt\": \"2021-02-08T08:15:39.296Z\",\n          \"__v\": 0,\n          \"created_by\": \"5e4839cd1c2d53001dcc0696\",\n          \"updated_by\": \"5e4839cd1c2d53001dcc0696\",\n          \"id\": \"5f6618325ee4c9001d2b969c\"\n        },\n        \"updated_by\": \"5e4839cd1c2d53001dcc0696\",\n        \"longDescription\": \"Responsible for architecture and delivery of greenfield internal and public facing business applications. Super scrum master, removing obstacles for four dynamic scrum teams. Frequent commiter.\\n\\nRe-architecture of multiple monoliths with single points of failure to AWS,resulting in scalable, fault tolerant software reducing the operational cost significantly.\\n\\nIntroduced automated testing as a development activity utilising technologies such as cucumber, selenium, docker which allows for far shorter release cycles.\\n\\nDesigned the company's first 'serverless' application at AWS, Utilising ECS Fargate, Lambda, SQS, SNS, ElasticSearch, S3.\",\n        \"location\": \"London\",\n        \"id\": \"5e53713a11c196001d06f91a\"\n      },\n      {\n        \"education\": false,\n        \"includeOnResume\": true,\n        \"attachments\": [],\n        \"skills\": [\n          \"5f635b7e5ee4c9001d2b9633\",\n          \"5f635b8b5ee4c9001d2b9634\",\n          \"5f635bf05ee4c9001d2b9637\",\n          \"5f635c0f5ee4c9001d2b9639\",\n          \"5f635c185ee4c9001d2b963a\",\n          \"5f635c1e5ee4c9001d2b963b\",\n          \"5f635c005ee4c9001d2b9638\",\n          \"5f635c2e5ee4c9001d2b963c\",\n          \"5f635c4f5ee4c9001d2b963f\",\n          \"5f635c675ee4c9001d2b9640\",\n          \"5f635c745ee4c9001d2b9641\",\n          \"5f635c845ee4c9001d2b9642\",\n          \"5f635ceb5ee4c9001d2b9647\",\n          \"5f635cf75ee4c9001d2b9648\",\n          \"5f635d045ee4c9001d2b9649\",\n          \"5f635d115ee4c9001d2b964a\",\n          \"5f635d1e5ee4c9001d2b964b\",\n          \"5f635d2c5ee4c9001d2b964c\",\n          \"5f635d425ee4c9001d2b964d\",\n          \"5f635d905ee4c9001d2b9651\",\n          \"5f635db55ee4c9001d2b9654\",\n          \"5f635dde5ee4c9001d2b9658\",\n          \"5f635e235ee4c9001d2b965b\",\n          \"5f635e2c5ee4c9001d2b965c\",\n          \"5f635e935ee4c9001d2b9665\",\n          \"5f635ef05ee4c9001d2b9669\",\n          \"5f635f8f5ee4c9001d2b966c\",\n          \"5f635f995ee4c9001d2b966d\",\n          \"5f635f025ee4c9001d2b966b\",\n          \"5f63608d5ee4c9001d2b966e\",\n          \"602234ba9dc383001e945dd6\",\n          \"5f635b555ee4c9001d2b9631\",\n          \"5f635b6a5ee4c9001d2b9632\",\n          \"5f635ca45ee4c9001d2b9643\",\n          \"5f635eae5ee4c9001d2b9667\",\n          \"5f635ef75ee4c9001d2b966a\",\n          \"5f635c375ee4c9001d2b963d\",\n          \"5f635e625ee4c9001d2b9660\",\n          \"5f635dd35ee4c9001d2b9657\",\n          \"5f635bb85ee4c9001d2b9635\",\n          \"60291c5d9dc383001e945de2\"\n        ],\n        \"_id\": \"5eedd4803c8d74001e4497f5\",\n        \"startDate\": \"2020-05-04\",\n        \"company\": \"Y-Tree\",\n        \"companyUrl\": \"https://y-tree.com/\",\n        \"title\": \"Senior Developer\",\n        \"createdAt\": \"2020-06-20T09:18:56.102Z\",\n        \"updatedAt\": \"2021-02-26T22:39:33.470Z\",\n        \"__v\": 0,\n        \"companyImage\": {\n          \"_id\": \"5eedd46e3c8d74001e4497f4\",\n          \"name\": \"YTree\",\n          \"alternativeText\": \"\",\n          \"caption\": \"\",\n          \"hash\": \"YT_ree_50b80993fc\",\n          \"ext\": \".png\",\n          \"mime\": \"image/png\",\n          \"size\": 6.33,\n          \"width\": 200,\n          \"height\": 200,\n          \"url\": \"/uploads/YT_ree_50b80993fc.png\",\n          \"formats\": {\n            \"thumbnail\": {\n              \"hash\": \"thumbnail_YT_ree_50b80993fc\",\n              \"ext\": \".png\",\n              \"mime\": \"image/png\",\n              \"width\": 156,\n              \"height\": 156,\n              \"size\": 10.07,\n              \"path\": null,\n              \"url\": \"/uploads/thumbnail_YT_ree_50b80993fc.png\"\n            }\n          },\n          \"provider\": \"local\",\n          \"related\": [\n            \"5eedd4803c8d74001e4497f5\"\n          ],\n          \"createdAt\": \"2020-06-20T09:18:38.337Z\",\n          \"updatedAt\": \"2020-06-20T09:18:56.106Z\",\n          \"__v\": 0,\n          \"id\": \"5eedd46e3c8d74001e4497f4\"\n        },\n        \"shortDescription\": \"Lead Developer of exciting fin-tech platform composed of event-driven and restful microservices.\",\n        \"updated_by\": \"5e4839cd1c2d53001dcc0696\",\n        \"longDescription\": \"Lead Developer of exciting fin-tech platform composed of event-driven and restful microservices.\\n\\nHeavily involved in transforming a monolithic application into a suite of fault-tolerant event-driven and restful microservices written with Kotlin and Spring Boot. \\n\\nLead a cloud-native transformation by improving the path to production of services by introducing a number of tools and technologies to aide with continuous delivery of features:\\n\\n-  Cucumber for integration testing\\n-  Pact for contract testing (consumer-driven contracts for both synchronous (HTTP) and event-driven (Kafka) communication)\\n-  Test Containers for component testing\\n-  Use of Spring Cloud Kubernetes and Spring Cloud vault for environment-specific configuration (as per the [12-factor app](https://12factor.net/))\\n- Jenkin X pipelines to build and deploy helm charts for each service and environment.\\n- Keycloak for identity management.\\n- Rolling updates of k8s deployments for no-outage releases.\\n\\nAlso contributed to the YTree technical blog sharing knowledge amongst the team in the form of both written blogs and recorded videos. \\n\\n\\n\\n\\n\\n\",\n        \"location\": \"London\",\n        \"id\": \"5eedd4803c8d74001e4497f5\"\n      }\n    ],\n    \"blogs\": [\n      {\n        \"published\": true,\n        \"tags\": [\n          \"5f04154f9d8081001fd38fbb\",\n          \"5feed20367bdd6001e9c12cc\",\n          \"5feed20e67bdd6001e9c12cd\",\n          \"5f0390329d8081001fd38fa9\"\n        ],\n        \"skills\": [\n          \"5f63608d5ee4c9001d2b966e\",\n          \"5f635d905ee4c9001d2b9651\",\n          \"5f635b3f5ee4c9001d2b962f\",\n          \"5f635b495ee4c9001d2b9630\",\n          \"5f635b6a5ee4c9001d2b9632\",\n          \"5f635dd35ee4c9001d2b9657\"\n        ],\n        \"_id\": \"5feed01b67bdd6001e9c12c8\",\n        \"title\": \"Component Testing Spring Apps using Test Containers\",\n        \"shortDescription\": \"In this post we will look at how we can use test containers to perform component tests for Spring Boot applications.\",\n        \"createdAt\": \"2021-01-01T07:32:43.596Z\",\n        \"updatedAt\": \"2021-02-26T22:37:14.981Z\",\n        \"__v\": 0,\n        \"created_by\": \"5e4839cd1c2d53001dcc0696\",\n        \"image\": {\n          \"_id\": \"5feed11f67bdd6001e9c12ca\",\n          \"name\": \"testcontainers.png\",\n          \"alternativeText\": \"\",\n          \"caption\": \"\",\n          \"hash\": \"testcontainers_2f37d400f4\",\n          \"ext\": \".png\",\n          \"mime\": \"image/png\",\n          \"size\": 42,\n          \"width\": 1024,\n          \"height\": 512,\n          \"url\": \"/uploads/testcontainers_2f37d400f4.png\",\n          \"formats\": {\n            \"thumbnail\": {\n              \"name\": \"thumbnail_testcontainers.png\",\n              \"hash\": \"thumbnail_testcontainers_2f37d400f4\",\n              \"ext\": \".png\",\n              \"mime\": \"image/png\",\n              \"width\": 245,\n              \"height\": 122,\n              \"size\": 10.52,\n              \"path\": null,\n              \"url\": \"/uploads/thumbnail_testcontainers_2f37d400f4.png\"\n            },\n            \"large\": {\n              \"name\": \"large_testcontainers.png\",\n              \"hash\": \"large_testcontainers_2f37d400f4\",\n              \"ext\": \".png\",\n              \"mime\": \"image/png\",\n              \"width\": 1000,\n              \"height\": 500,\n              \"size\": 63.76,\n              \"path\": null,\n              \"url\": \"/uploads/large_testcontainers_2f37d400f4.png\"\n            },\n            \"medium\": {\n              \"name\": \"medium_testcontainers.png\",\n              \"hash\": \"medium_testcontainers_2f37d400f4\",\n              \"ext\": \".png\",\n              \"mime\": \"image/png\",\n              \"width\": 750,\n              \"height\": 375,\n              \"size\": 41.92,\n              \"path\": null,\n              \"url\": \"/uploads/medium_testcontainers_2f37d400f4.png\"\n            },\n            \"small\": {\n              \"name\": \"small_testcontainers.png\",\n              \"hash\": \"small_testcontainers_2f37d400f4\",\n              \"ext\": \".png\",\n              \"mime\": \"image/png\",\n              \"width\": 500,\n              \"height\": 250,\n              \"size\": 24.53,\n              \"path\": null,\n              \"url\": \"/uploads/small_testcontainers_2f37d400f4.png\"\n            }\n          },\n          \"provider\": \"local\",\n          \"related\": [\n            \"5feed01b67bdd6001e9c12c8\"\n          ],\n          \"createdAt\": \"2021-01-01T07:37:03.807Z\",\n          \"updatedAt\": \"2021-01-01T07:37:21.880Z\",\n          \"__v\": 0,\n          \"created_by\": \"5e4839cd1c2d53001dcc0696\",\n          \"updated_by\": \"5e4839cd1c2d53001dcc0696\",\n          \"id\": \"5feed11f67bdd6001e9c12ca\"\n        },\n        \"updated_by\": \"5e4839cd1c2d53001dcc0696\",\n        \"content\": \"If we look at the test pyramid, below the first dotted lines are the kinds of tests that provide developers the fastest possible feedback on whether their software does what they expect it to do. \\n\\n![test pyramid.png](/uploads/test_pyramid_20a291f0ee.png)\\n\\nUnit tests can be used to test individual classes, and can use mocks (using libraries like mockito, mockk or easy mock) to mock dependencies. But what about when we need to test whether our application can read and write from a database in the expected manner, or produce and consume from some messaging middleware like kafka or rabbitmq ? \\n\\n[Test Containers](https://www.testcontainers.org/) is a fantastic library where you can spin up docker containers  where you can run these kinds of tests. It has fantastic built in support for all sorts of technologies from nosql to rdbc datastores, kafka, in memory data grids like redis and so forth.  It has fantastic integration with JUnit5 and also Spring Boot.\\n\\nHere is an example of how we can write a simple component test to test an applications data access layer (DAO) where we are using postgres as the data store:\\n```java\\n@DataJpaTest\\n@ContextConfiguration(initializers = {SampleRepositoryComponentTest.Initializer.class})\\npublic class SampleRepositoryComponentTest {\\n\\n    @Autowired\\n    private SampleRepository sampleRepository;\\n\\n    @ClassRule\\n    public static PostgreSQLContainer postgreSQLContainer = new PostgreSQLContainer(\\\"postgres:11.1\\\")\\n      .withDatabaseName(\\\"test\\\")\\n      .withUsername(\\\"user\\\")\\n      .withPassword(\\\"password\\\");\\n\\n    static class Initializer\\n      implements ApplicationContextInitializer<ConfigurableApplicationContext> {\\n        public void initialize(ConfigurableApplicationContext configurableApplicationContext) {\\n            TestPropertyValues.of(\\n              \\\"spring.datasource.url=\\\" + postgreSQLContainer.getJdbcUrl(),\\n              \\\"spring.datasource.username=\\\" + postgreSQLContainer.getUsername(),\\n              \\\"spring.datasource.password=\\\" + postgreSQLContainer.getPassword()\\n            ).applyTo(configurableApplicationContext.getEnvironment());\\n        }\\n    }\\n\\n   @Test\\n   public void testInsertSampleRecords() {\\n      .....\\n   }\\n}\\n```\\n\\nPretty neat right ? We can create a @ClassRule to define what kind of test container we want, and then use a static class to provide the spring context with the appropriate properties so that it can create the Datasource and run the tests. \\n\\nIf we have a number of other repositories that need similar tests, we could easily start to see a lot of duplicated code creep in, as well as the fact that this container will only stay alive for the duration that tests on this class are being executed. If we had a number of other @DataJpaTest's as well as other integration tests, this overhead of spinning up and destroying containers could have a negative impact on the feedback cycle back to the developer.\\n\\nI have created my own library called component-test, that allows some simple annotations to be used when working with Spring Boot tests and test containers. You can check out the github repo [here](https://github.com/simonjamesrowe/component-test), and if you want to use this library you can simply include my nexus repository ```https://nexus-jx.simonjamesrowe.com/repository/maven-group/``` and include the test dependency ```testImplementation(\\\"com.simonjamesrowe:component-test:0.0.5\\\")```.\\n\\nIf we were to write a similar test to the one above using the component-test library it would look something like this:\\n```java\\n@ExtendWith(TestContainersExtension.class)\\n@WithPostgresContainer\\n@DataJpaTest\\npublic class SampleRepositoryComponentTest {\\n\\n  @Autowired\\n  private SampleRepository sampleRepository;\\n\\n   @Test\\n   public void testInsertSampleRecords() {\\n      .....\\n   }\\n}\\n```\\n\\nMost of the work here is done in the ```TestContainersExtension``` class, which looks at any annotation on the test class that extends ```@TestContainer``` annotation and co-ordinates the initialisation of the containers before the spring test context is started, and provides the test context with the relevant properties. At the time of this writing my projects caused me to support a number of containers (that all extend the ```@TestContainer``` annotation):\\n-  ```@WithElasticSearchContainer```\\n-  ```@WithMongoDbContainer```\\n-  ```@WithRedisContainer```\\n-  ```@WithVaultContainer```\\n\\nThe library also supports use of Embedded Kafka via a customised @EmbeddedKafka annotation. An example of how to use this is here:\\n\\n```java\\n@WithEmbeddedKafka\\n@DirtiesContext(classMode = DirtiesContext.ClassMode.BEFORE_CLASS)\\n@Import({TestKafkaListener.class, KafkaAutoConfiguration.class})\\npublic class EmbeddedKafkaTest extends BaseComponentTest {\\n\\n  @Autowired\\n  private KafkaTemplate kafkaTemplate;\\n\\n  @Autowired\\n  private TestKafkaListener testKafkaListener;\\n\\n  @Test\\n  public void testKafkaContainer() throws Exception {\\n    kafkaTemplate.send(\\\"test\\\", \\\"key\\\", \\\"Hello World\\\");\\n\\n    Failsafe.with(new RetryPolicy().withMaxRetries(5).withBackoff(1, 10, ChronoUnit.SECONDS))\\n        .get(() -> assertThat(testKafkaListener.getData()).isEqualTo(\\\"Hello World\\\")\\n        );\\n  }\\n}\\n\\n@Service\\n@Lazy\\nclass TestKafkaListener {\\n\\n  private String data;\\n\\n  public String getData() {\\n    return data;\\n  }\\n\\n  @KafkaListener(topics = \\\"test\\\", groupId = \\\"test\\\")\\n  public void listen(@Payload String messagePayload) {\\n    data = messagePayload;\\n  }\\n\\n}\\n```\\n\\nLast but not least, this library also includes support for wiremock. Simple add a json file containing these contents in the ```src/main/resources/META-INF/mappings``` directory: \\n```json\\n{\\n  \\\"request\\\": {\\n    \\\"method\\\": \\\"GET\\\",\\n    \\\"url\\\": \\\"/test\\\"\\n  },\\n  \\\"response\\\": {\\n    \\\"status\\\": 200,\\n    \\\"jsonBody\\\":  {\\n      \\\"hello\\\" : \\\"world\\\"\\n    },\\n    \\\"headers\\\": {\\n      \\\"Content-Type\\\": \\\"application/json\\\"\\n    }\\n  }\\n}\\n```\\n\\nAnd we can write a test that looks like this:\\n```java\\npublic class WiremockBootstrapContextTest extends BaseComponentTest {\\n\\n    @Value(\\\"http://localhost:${wiremock.server.port}/test\\\")\\n    private String testEndpoint;\\n\\n    @Test\\n    public void testCanAccessWiremockServer() {\\n        RestTemplate restTemplate = new RestTemplate();\\n        Map<String,String> helloWorld = restTemplate.getForObject(testEndpoint, Map.class);\\n        assertThat(helloWorld).containsEntry(\\\"hello\\\", \\\"world\\\");\\n    }\\n\\n}\\n```\\nThis is extremely useful if the service that we are performing component tests for is consuming some 3rd party api's via http(s). \",\n        \"id\": \"5feed01b67bdd6001e9c12c8\"\n      }\n    ],\n    \"id\": \"5f635d905ee4c9001d2b9651\"\n  },\n  {\n    \"includeOnResume\": false,\n    \"_id\": \"5f635d9e5ee4c9001d2b9652\",\n    \"name\": \"DynamoDB\",\n    \"rating\": 8,\n    \"createdAt\": \"2020-09-17T12:59:10.267Z\",\n    \"updatedAt\": \"2020-09-27T07:42:02.868Z\",\n    \"__v\": 0,\n    \"created_by\": {\n      \"_id\": \"5e4839cd1c2d53001dcc0696\",\n      \"username\": \"simon.rowe@gmail.com\",\n      \"createdAt\": \"2020-02-15T18:34:53.155Z\",\n      \"updatedAt\": \"2020-09-17T07:45:13.526Z\",\n      \"__v\": 0,\n      \"id\": \"5e4839cd1c2d53001dcc0696\"\n    },\n    \"updated_by\": {\n      \"_id\": \"5e4839cd1c2d53001dcc0696\",\n      \"username\": \"simon.rowe@gmail.com\",\n      \"createdAt\": \"2020-02-15T18:34:53.155Z\",\n      \"updatedAt\": \"2020-09-17T07:45:13.526Z\",\n      \"__v\": 0,\n      \"id\": \"5e4839cd1c2d53001dcc0696\"\n    },\n    \"image\": {\n      \"_id\": \"5f6855d95ee4c9001d2b96dd\",\n      \"name\": \"DynamoDB.png\",\n      \"alternativeText\": \"\",\n      \"caption\": \"\",\n      \"hash\": \"Dynamo_DB_ab2ab57060\",\n      \"ext\": \".png\",\n      \"mime\": \"image/png\",\n      \"size\": 11.8,\n      \"width\": 245,\n      \"height\": 222,\n      \"url\": \"/uploads/Dynamo_DB_ab2ab57060.png\",\n      \"formats\": {\n        \"thumbnail\": {\n          \"name\": \"thumbnail_DynamoDB.png\",\n          \"hash\": \"thumbnail_Dynamo_DB_ab2ab57060\",\n          \"ext\": \".png\",\n          \"mime\": \"image/png\",\n          \"width\": 172,\n          \"height\": 156,\n          \"size\": 14.6,\n          \"path\": null,\n          \"url\": \"/uploads/thumbnail_Dynamo_DB_ab2ab57060.png\"\n        }\n      },\n      \"provider\": \"local\",\n      \"related\": [\n        \"5f635d9e5ee4c9001d2b9652\"\n      ],\n      \"createdAt\": \"2020-09-21T07:27:21.465Z\",\n      \"updatedAt\": \"2020-09-21T07:27:23.868Z\",\n      \"__v\": 0,\n      \"created_by\": \"5e4839cd1c2d53001dcc0696\",\n      \"updated_by\": \"5e4839cd1c2d53001dcc0696\",\n      \"id\": \"5f6855d95ee4c9001d2b96dd\"\n    },\n    \"description\": \"Amazon DynamoDB is a fully managed proprietary NoSQL database service that supports key-value and document data structures\",\n    \"jobs\": [\n      {\n        \"education\": false,\n        \"includeOnResume\": true,\n        \"attachments\": [],\n        \"skills\": [\n          \"5f635b3f5ee4c9001d2b962f\",\n          \"5f635b8b5ee4c9001d2b9634\",\n          \"5f635c185ee4c9001d2b963a\",\n          \"5f635c2e5ee4c9001d2b963c\",\n          \"5f635c675ee4c9001d2b9640\",\n          \"5f635c745ee4c9001d2b9641\",\n          \"5f635c845ee4c9001d2b9642\",\n          \"5f635cb65ee4c9001d2b9644\",\n          \"5f635cc45ee4c9001d2b9645\",\n          \"5f635cdc5ee4c9001d2b9646\",\n          \"5f635ceb5ee4c9001d2b9647\",\n          \"5f635d045ee4c9001d2b9649\",\n          \"5f635d115ee4c9001d2b964a\",\n          \"5f635d1e5ee4c9001d2b964b\",\n          \"5f635d2c5ee4c9001d2b964c\",\n          \"5f635d425ee4c9001d2b964d\",\n          \"5f635d7e5ee4c9001d2b964f\",\n          \"5f635d875ee4c9001d2b9650\",\n          \"5f635d905ee4c9001d2b9651\",\n          \"5f635d9e5ee4c9001d2b9652\",\n          \"5f635da95ee4c9001d2b9653\",\n          \"5f635dbe5ee4c9001d2b9655\",\n          \"5f635dde5ee4c9001d2b9658\",\n          \"5f635e235ee4c9001d2b965b\",\n          \"5f635e595ee4c9001d2b965f\",\n          \"5f635e755ee4c9001d2b9662\",\n          \"5f635df45ee4c9001d2b965a\",\n          \"5f635de75ee4c9001d2b9659\",\n          \"5f635e7d5ee4c9001d2b9663\",\n          \"5f635e885ee4c9001d2b9664\",\n          \"5f635ea45ee4c9001d2b9666\",\n          \"5f635ee35ee4c9001d2b9668\",\n          \"602236d69dc383001e945ddc\",\n          \"6029446c9dc383001e945de9\",\n          \"5f635b6a5ee4c9001d2b9632\",\n          \"5f635bb85ee4c9001d2b9635\"\n        ],\n        \"_id\": \"5e53713a11c196001d06f91a\",\n        \"title\": \"Senior Director, Java Development\",\n        \"startDate\": \"2011-07-12\",\n        \"createdAt\": \"2020-02-24T06:46:18.484Z\",\n        \"updatedAt\": \"2021-02-26T22:37:22.370Z\",\n        \"__v\": 0,\n        \"company\": \"Universal Music Publishing\",\n        \"companyUrl\": \"https://www.umusicpub.com/\",\n        \"endDate\": \"2018-08-11\",\n        \"shortDescription\": \"Technology leader in cloud native development for business critical applications.\",\n        \"companyImage\": {\n          \"_id\": \"5f6618325ee4c9001d2b969c\",\n          \"name\": \"umpg.png\",\n          \"alternativeText\": \"\",\n          \"caption\": \"\",\n          \"hash\": \"umpg_121becd400\",\n          \"ext\": \".png\",\n          \"mime\": \"image/png\",\n          \"size\": 129.45,\n          \"width\": 400,\n          \"height\": 400,\n          \"url\": \"/uploads/umpg_121becd400.png\",\n          \"formats\": {\n            \"thumbnail\": {\n              \"name\": \"thumbnail_umpg.png\",\n              \"hash\": \"thumbnail_umpg_121becd400\",\n              \"ext\": \".png\",\n              \"mime\": \"image/png\",\n              \"width\": 156,\n              \"height\": 156,\n              \"size\": 31.14,\n              \"path\": null,\n              \"url\": \"/uploads/thumbnail_umpg_121becd400.png\"\n            }\n          },\n          \"provider\": \"local\",\n          \"related\": [\n            \"5e53713a11c196001d06f91a\"\n          ],\n          \"createdAt\": \"2020-09-19T14:39:46.169Z\",\n          \"updatedAt\": \"2021-02-08T08:15:39.296Z\",\n          \"__v\": 0,\n          \"created_by\": \"5e4839cd1c2d53001dcc0696\",\n          \"updated_by\": \"5e4839cd1c2d53001dcc0696\",\n          \"id\": \"5f6618325ee4c9001d2b969c\"\n        },\n        \"updated_by\": \"5e4839cd1c2d53001dcc0696\",\n        \"longDescription\": \"Responsible for architecture and delivery of greenfield internal and public facing business applications. Super scrum master, removing obstacles for four dynamic scrum teams. Frequent commiter.\\n\\nRe-architecture of multiple monoliths with single points of failure to AWS,resulting in scalable, fault tolerant software reducing the operational cost significantly.\\n\\nIntroduced automated testing as a development activity utilising technologies such as cucumber, selenium, docker which allows for far shorter release cycles.\\n\\nDesigned the company's first 'serverless' application at AWS, Utilising ECS Fargate, Lambda, SQS, SNS, ElasticSearch, S3.\",\n        \"location\": \"London\",\n        \"id\": \"5e53713a11c196001d06f91a\"\n      }\n    ],\n    \"blogs\": [],\n    \"id\": \"5f635d9e5ee4c9001d2b9652\"\n  },\n  {\n    \"includeOnResume\": false,\n    \"_id\": \"5f635da95ee4c9001d2b9653\",\n    \"name\": \"MySQL\",\n    \"rating\": 8.5,\n    \"createdAt\": \"2020-09-17T12:59:21.795Z\",\n    \"updatedAt\": \"2020-09-27T07:42:40.719Z\",\n    \"__v\": 0,\n    \"created_by\": {\n      \"_id\": \"5e4839cd1c2d53001dcc0696\",\n      \"username\": \"simon.rowe@gmail.com\",\n      \"createdAt\": \"2020-02-15T18:34:53.155Z\",\n      \"updatedAt\": \"2020-09-17T07:45:13.526Z\",\n      \"__v\": 0,\n      \"id\": \"5e4839cd1c2d53001dcc0696\"\n    },\n    \"updated_by\": {\n      \"_id\": \"5e4839cd1c2d53001dcc0696\",\n      \"username\": \"simon.rowe@gmail.com\",\n      \"createdAt\": \"2020-02-15T18:34:53.155Z\",\n      \"updatedAt\": \"2020-09-17T07:45:13.526Z\",\n      \"__v\": 0,\n      \"id\": \"5e4839cd1c2d53001dcc0696\"\n    },\n    \"image\": {\n      \"_id\": \"5f6855f55ee4c9001d2b96df\",\n      \"name\": \"mysql.png\",\n      \"alternativeText\": \"\",\n      \"caption\": \"\",\n      \"hash\": \"mysql_221a645453\",\n      \"ext\": \".png\",\n      \"mime\": \"image/png\",\n      \"size\": 28.22,\n      \"width\": 1024,\n      \"height\": 530,\n      \"url\": \"/uploads/mysql_221a645453.png\",\n      \"formats\": {\n        \"thumbnail\": {\n          \"name\": \"thumbnail_mysql.png\",\n          \"hash\": \"thumbnail_mysql_221a645453\",\n          \"ext\": \".png\",\n          \"mime\": \"image/png\",\n          \"width\": 245,\n          \"height\": 127,\n          \"size\": 12.65,\n          \"path\": null,\n          \"url\": \"/uploads/thumbnail_mysql_221a645453.png\"\n        },\n        \"large\": {\n          \"name\": \"large_mysql.png\",\n          \"hash\": \"large_mysql_221a645453\",\n          \"ext\": \".png\",\n          \"mime\": \"image/png\",\n          \"width\": 1000,\n          \"height\": 518,\n          \"size\": 75.57,\n          \"path\": null,\n          \"url\": \"/uploads/large_mysql_221a645453.png\"\n        },\n        \"medium\": {\n          \"name\": \"medium_mysql.png\",\n          \"hash\": \"medium_mysql_221a645453\",\n          \"ext\": \".png\",\n          \"mime\": \"image/png\",\n          \"width\": 750,\n          \"height\": 388,\n          \"size\": 53.06,\n          \"path\": null,\n          \"url\": \"/uploads/medium_mysql_221a645453.png\"\n        },\n        \"small\": {\n          \"name\": \"small_mysql.png\",\n          \"hash\": \"small_mysql_221a645453\",\n          \"ext\": \".png\",\n          \"mime\": \"image/png\",\n          \"width\": 500,\n          \"height\": 259,\n          \"size\": 31.53,\n          \"path\": null,\n          \"url\": \"/uploads/small_mysql_221a645453.png\"\n        }\n      },\n      \"provider\": \"local\",\n      \"related\": [\n        \"5f635da95ee4c9001d2b9653\"\n      ],\n      \"createdAt\": \"2020-09-21T07:27:49.643Z\",\n      \"updatedAt\": \"2020-09-21T07:27:52.540Z\",\n      \"__v\": 0,\n      \"created_by\": \"5e4839cd1c2d53001dcc0696\",\n      \"updated_by\": \"5e4839cd1c2d53001dcc0696\",\n      \"id\": \"5f6855f55ee4c9001d2b96df\"\n    },\n    \"description\": \"MySQL is a freely available open source Relational Database Management System (RDBMS) that uses Structured Query Language (SQL). SQL is the most popular language for adding, accessing and managing content in a database. It is most noted for its quick processing, proven reliability, ease and flexibility of use\",\n    \"jobs\": [\n      {\n        \"education\": false,\n        \"includeOnResume\": true,\n        \"attachments\": [],\n        \"skills\": [\n          \"5f635b3f5ee4c9001d2b962f\",\n          \"5f635b7e5ee4c9001d2b9633\",\n          \"5f635b8b5ee4c9001d2b9634\",\n          \"5f635bcd5ee4c9001d2b9636\",\n          \"5f635bf05ee4c9001d2b9637\",\n          \"5f635c1e5ee4c9001d2b963b\",\n          \"5f635c455ee4c9001d2b963e\",\n          \"5f635c745ee4c9001d2b9641\",\n          \"5f635c845ee4c9001d2b9642\",\n          \"5f635d645ee4c9001d2b964e\",\n          \"5f635d425ee4c9001d2b964d\",\n          \"5f635c185ee4c9001d2b963a\",\n          \"5f635da95ee4c9001d2b9653\",\n          \"5f635e405ee4c9001d2b965e\",\n          \"5f635e365ee4c9001d2b965d\",\n          \"5f635ea45ee4c9001d2b9666\",\n          \"602235769dc383001e945dd9\",\n          \"5f63608d5ee4c9001d2b966e\",\n          \"5f635b495ee4c9001d2b9630\",\n          \"5f635b6a5ee4c9001d2b9632\",\n          \"5f635ca45ee4c9001d2b9643\",\n          \"5f635bb85ee4c9001d2b9635\"\n        ],\n        \"_id\": \"5e5370e311c196001d06f917\",\n        \"title\": \"Senior Platform Architect\",\n        \"startDate\": \"2018-08-01\",\n        \"endDate\": \"2019-04-12\",\n        \"company\": \"Pivotal\",\n        \"companyUrl\": \"https://pivotal.io/\",\n        \"shortDescription\": \"Applications Focused Platform Architect specialising in cloud native development.\",\n        \"createdAt\": \"2020-02-24T06:44:51.218Z\",\n        \"updatedAt\": \"2021-02-26T22:37:22.370Z\",\n        \"__v\": 0,\n        \"companyImage\": {\n          \"_id\": \"5f6618165ee4c9001d2b969a\",\n          \"name\": \"pivotal (1).png\",\n          \"alternativeText\": \"\",\n          \"caption\": \"\",\n          \"hash\": \"pivotal_1_06ffe33158\",\n          \"ext\": \".png\",\n          \"mime\": \"image/jpeg\",\n          \"size\": 1.9,\n          \"width\": 200,\n          \"height\": 200,\n          \"url\": \"/uploads/pivotal_1_06ffe33158.png\",\n          \"formats\": {\n            \"thumbnail\": {\n              \"name\": \"thumbnail_pivotal (1).png\",\n              \"hash\": \"thumbnail_pivotal_1_06ffe33158\",\n              \"ext\": \".png\",\n              \"mime\": \"image/jpeg\",\n              \"width\": 156,\n              \"height\": 156,\n              \"size\": 1.52,\n              \"path\": null,\n              \"url\": \"/uploads/thumbnail_pivotal_1_06ffe33158.png\"\n            }\n          },\n          \"provider\": \"local\",\n          \"related\": [\n            \"5e5370e311c196001d06f917\"\n          ],\n          \"createdAt\": \"2020-09-19T14:39:18.005Z\",\n          \"updatedAt\": \"2021-02-08T08:20:54.295Z\",\n          \"__v\": 0,\n          \"created_by\": \"5e4839cd1c2d53001dcc0696\",\n          \"updated_by\": \"5e4839cd1c2d53001dcc0696\",\n          \"id\": \"5f6618165ee4c9001d2b969a\"\n        },\n        \"updated_by\": \"5e4839cd1c2d53001dcc0696\",\n        \"longDescription\": \"Applications focused platform architect, aiding clients to become successful by building cloud-native apps utilizing the Spring ecosystem and platforms like Cloud Foundry and Kubernetes.\\n\\nDuties included:\\n- Delivering Cloud-Native Developer and other workshops to a number of clients which contained topics (not limited to):\\n  - Introduction to Spring Boot\\n  - Reactive programming with Spring Boot and Project Reactor\\n  - Producer driven contracts with Spring Cloud Contract\\n  - Cloud Foundry and BOSH\\n  - The mechanics behind ```cf push``` and the service broker.\\n  - Buildpacks\\n  - Steeltoe\\n\\n- Speaking at the cloud-native meetups and webinars including the most ever subscribed webinar for Pivotal EMEA (at the time): [Securing microservices with Spring and Cloud Foundry](https://www.brighttalk.com/webcast/14883/345709/securing-microservices-with-spring-and-pivotal-cloud-foundry)\\n\\n- Pre-sales pitches to prospective clients outlining the positive outcomes of building cloud-native apps with spring and running them with Cloud Foundry.\",\n        \"location\": \"London\",\n        \"id\": \"5e5370e311c196001d06f917\"\n      },\n      {\n        \"education\": false,\n        \"includeOnResume\": true,\n        \"attachments\": [],\n        \"skills\": [\n          \"5f635b3f5ee4c9001d2b962f\",\n          \"5f635b8b5ee4c9001d2b9634\",\n          \"5f635c185ee4c9001d2b963a\",\n          \"5f635c2e5ee4c9001d2b963c\",\n          \"5f635c675ee4c9001d2b9640\",\n          \"5f635c745ee4c9001d2b9641\",\n          \"5f635c845ee4c9001d2b9642\",\n          \"5f635cb65ee4c9001d2b9644\",\n          \"5f635cc45ee4c9001d2b9645\",\n          \"5f635cdc5ee4c9001d2b9646\",\n          \"5f635ceb5ee4c9001d2b9647\",\n          \"5f635d045ee4c9001d2b9649\",\n          \"5f635d115ee4c9001d2b964a\",\n          \"5f635d1e5ee4c9001d2b964b\",\n          \"5f635d2c5ee4c9001d2b964c\",\n          \"5f635d425ee4c9001d2b964d\",\n          \"5f635d7e5ee4c9001d2b964f\",\n          \"5f635d875ee4c9001d2b9650\",\n          \"5f635d905ee4c9001d2b9651\",\n          \"5f635d9e5ee4c9001d2b9652\",\n          \"5f635da95ee4c9001d2b9653\",\n          \"5f635dbe5ee4c9001d2b9655\",\n          \"5f635dde5ee4c9001d2b9658\",\n          \"5f635e235ee4c9001d2b965b\",\n          \"5f635e595ee4c9001d2b965f\",\n          \"5f635e755ee4c9001d2b9662\",\n          \"5f635df45ee4c9001d2b965a\",\n          \"5f635de75ee4c9001d2b9659\",\n          \"5f635e7d5ee4c9001d2b9663\",\n          \"5f635e885ee4c9001d2b9664\",\n          \"5f635ea45ee4c9001d2b9666\",\n          \"5f635ee35ee4c9001d2b9668\",\n          \"602236d69dc383001e945ddc\",\n          \"6029446c9dc383001e945de9\",\n          \"5f635b6a5ee4c9001d2b9632\",\n          \"5f635bb85ee4c9001d2b9635\"\n        ],\n        \"_id\": \"5e53713a11c196001d06f91a\",\n        \"title\": \"Senior Director, Java Development\",\n        \"startDate\": \"2011-07-12\",\n        \"createdAt\": \"2020-02-24T06:46:18.484Z\",\n        \"updatedAt\": \"2021-02-26T22:37:22.370Z\",\n        \"__v\": 0,\n        \"company\": \"Universal Music Publishing\",\n        \"companyUrl\": \"https://www.umusicpub.com/\",\n        \"endDate\": \"2018-08-11\",\n        \"shortDescription\": \"Technology leader in cloud native development for business critical applications.\",\n        \"companyImage\": {\n          \"_id\": \"5f6618325ee4c9001d2b969c\",\n          \"name\": \"umpg.png\",\n          \"alternativeText\": \"\",\n          \"caption\": \"\",\n          \"hash\": \"umpg_121becd400\",\n          \"ext\": \".png\",\n          \"mime\": \"image/png\",\n          \"size\": 129.45,\n          \"width\": 400,\n          \"height\": 400,\n          \"url\": \"/uploads/umpg_121becd400.png\",\n          \"formats\": {\n            \"thumbnail\": {\n              \"name\": \"thumbnail_umpg.png\",\n              \"hash\": \"thumbnail_umpg_121becd400\",\n              \"ext\": \".png\",\n              \"mime\": \"image/png\",\n              \"width\": 156,\n              \"height\": 156,\n              \"size\": 31.14,\n              \"path\": null,\n              \"url\": \"/uploads/thumbnail_umpg_121becd400.png\"\n            }\n          },\n          \"provider\": \"local\",\n          \"related\": [\n            \"5e53713a11c196001d06f91a\"\n          ],\n          \"createdAt\": \"2020-09-19T14:39:46.169Z\",\n          \"updatedAt\": \"2021-02-08T08:15:39.296Z\",\n          \"__v\": 0,\n          \"created_by\": \"5e4839cd1c2d53001dcc0696\",\n          \"updated_by\": \"5e4839cd1c2d53001dcc0696\",\n          \"id\": \"5f6618325ee4c9001d2b969c\"\n        },\n        \"updated_by\": \"5e4839cd1c2d53001dcc0696\",\n        \"longDescription\": \"Responsible for architecture and delivery of greenfield internal and public facing business applications. Super scrum master, removing obstacles for four dynamic scrum teams. Frequent commiter.\\n\\nRe-architecture of multiple monoliths with single points of failure to AWS,resulting in scalable, fault tolerant software reducing the operational cost significantly.\\n\\nIntroduced automated testing as a development activity utilising technologies such as cucumber, selenium, docker which allows for far shorter release cycles.\\n\\nDesigned the company's first 'serverless' application at AWS, Utilising ECS Fargate, Lambda, SQS, SNS, ElasticSearch, S3.\",\n        \"location\": \"London\",\n        \"id\": \"5e53713a11c196001d06f91a\"\n      }\n    ],\n    \"blogs\": [],\n    \"id\": \"5f635da95ee4c9001d2b9653\"\n  },\n  {\n    \"includeOnResume\": false,\n    \"_id\": \"5f635db55ee4c9001d2b9654\",\n    \"name\": \"Postgres\",\n    \"rating\": 8,\n    \"createdAt\": \"2020-09-17T12:59:33.406Z\",\n    \"updatedAt\": \"2020-09-27T07:44:23.404Z\",\n    \"__v\": 0,\n    \"created_by\": {\n      \"_id\": \"5e4839cd1c2d53001dcc0696\",\n      \"username\": \"simon.rowe@gmail.com\",\n      \"createdAt\": \"2020-02-15T18:34:53.155Z\",\n      \"updatedAt\": \"2020-09-17T07:45:13.526Z\",\n      \"__v\": 0,\n      \"id\": \"5e4839cd1c2d53001dcc0696\"\n    },\n    \"updated_by\": {\n      \"_id\": \"5e4839cd1c2d53001dcc0696\",\n      \"username\": \"simon.rowe@gmail.com\",\n      \"createdAt\": \"2020-02-15T18:34:53.155Z\",\n      \"updatedAt\": \"2020-09-17T07:45:13.526Z\",\n      \"__v\": 0,\n      \"id\": \"5e4839cd1c2d53001dcc0696\"\n    },\n    \"image\": {\n      \"_id\": \"5f6856225ee4c9001d2b96e1\",\n      \"name\": \"postgres.png\",\n      \"alternativeText\": \"\",\n      \"caption\": \"\",\n      \"hash\": \"postgres_2af638d699\",\n      \"ext\": \".png\",\n      \"mime\": \"image/png\",\n      \"size\": 99.17,\n      \"width\": 1200,\n      \"height\": 1238,\n      \"url\": \"/uploads/postgres_2af638d699.png\",\n      \"formats\": {\n        \"thumbnail\": {\n          \"name\": \"thumbnail_postgres.png\",\n          \"hash\": \"thumbnail_postgres_2af638d699\",\n          \"ext\": \".png\",\n          \"mime\": \"image/png\",\n          \"width\": 151,\n          \"height\": 156,\n          \"size\": 15.15,\n          \"path\": null,\n          \"url\": \"/uploads/thumbnail_postgres_2af638d699.png\"\n        },\n        \"large\": {\n          \"name\": \"large_postgres.png\",\n          \"hash\": \"large_postgres_2af638d699\",\n          \"ext\": \".png\",\n          \"mime\": \"image/png\",\n          \"width\": 969,\n          \"height\": 1000,\n          \"size\": 147.14,\n          \"path\": null,\n          \"url\": \"/uploads/large_postgres_2af638d699.png\"\n        },\n        \"medium\": {\n          \"name\": \"medium_postgres.png\",\n          \"hash\": \"medium_postgres_2af638d699\",\n          \"ext\": \".png\",\n          \"mime\": \"image/png\",\n          \"width\": 727,\n          \"height\": 750,\n          \"size\": 99.62,\n          \"path\": null,\n          \"url\": \"/uploads/medium_postgres_2af638d699.png\"\n        },\n        \"small\": {\n          \"name\": \"small_postgres.png\",\n          \"hash\": \"small_postgres_2af638d699\",\n          \"ext\": \".png\",\n          \"mime\": \"image/png\",\n          \"width\": 485,\n          \"height\": 500,\n          \"size\": 59.67,\n          \"path\": null,\n          \"url\": \"/uploads/small_postgres_2af638d699.png\"\n        }\n      },\n      \"provider\": \"local\",\n      \"related\": [\n        \"5f635db55ee4c9001d2b9654\"\n      ],\n      \"createdAt\": \"2020-09-21T07:28:34.757Z\",\n      \"updatedAt\": \"2020-09-21T07:28:38.883Z\",\n      \"__v\": 0,\n      \"created_by\": \"5e4839cd1c2d53001dcc0696\",\n      \"updated_by\": \"5e4839cd1c2d53001dcc0696\",\n      \"id\": \"5f6856225ee4c9001d2b96e1\"\n    },\n    \"description\": \"PostgreSQL is a powerful, open source object-relational database system with over 30 years of active development that has earned it a strong reputation for reliability, feature robustness, and performance\",\n    \"jobs\": [\n      {\n        \"education\": false,\n        \"includeOnResume\": true,\n        \"attachments\": [],\n        \"skills\": [\n          \"5f635b7e5ee4c9001d2b9633\",\n          \"5f635b8b5ee4c9001d2b9634\",\n          \"5f635c0f5ee4c9001d2b9639\",\n          \"5f635c1e5ee4c9001d2b963b\",\n          \"5f635c2e5ee4c9001d2b963c\",\n          \"5f635c745ee4c9001d2b9641\",\n          \"5f635c845ee4c9001d2b9642\",\n          \"5f635d1e5ee4c9001d2b964b\",\n          \"5f635d2c5ee4c9001d2b964c\",\n          \"5f635d905ee4c9001d2b9651\",\n          \"5f635db55ee4c9001d2b9654\",\n          \"5f635e365ee4c9001d2b965d\",\n          \"5f635e235ee4c9001d2b965b\",\n          \"5f635e2c5ee4c9001d2b965c\",\n          \"5f635e405ee4c9001d2b965e\",\n          \"5f635e935ee4c9001d2b9665\",\n          \"5f635f025ee4c9001d2b966b\",\n          \"5f635c185ee4c9001d2b963a\",\n          \"5f635ceb5ee4c9001d2b9647\",\n          \"5f635cf75ee4c9001d2b9648\",\n          \"5f635d045ee4c9001d2b9649\",\n          \"5f635d115ee4c9001d2b964a\",\n          \"5f63608d5ee4c9001d2b966e\",\n          \"602234ba9dc383001e945dd6\",\n          \"5f635b495ee4c9001d2b9630\",\n          \"5f635b555ee4c9001d2b9631\",\n          \"5f635b6a5ee4c9001d2b9632\",\n          \"5f635ca45ee4c9001d2b9643\",\n          \"5f635eae5ee4c9001d2b9667\",\n          \"5f635ef75ee4c9001d2b966a\",\n          \"5f635e625ee4c9001d2b9660\",\n          \"5f635dd35ee4c9001d2b9657\",\n          \"5f635bb85ee4c9001d2b9635\"\n        ],\n        \"_id\": \"5e53704f11c196001d06f914\",\n        \"title\": \"Software Engineering Lead\",\n        \"startDate\": \"2019-04-15\",\n        \"company\": \"Upp Technologies\",\n        \"companyUrl\": \"https://upp.ai\",\n        \"shortDescription\": \"Hands-on lead engineer in a small cross-functional team.\\n\",\n        \"createdAt\": \"2020-02-24T06:42:23.147Z\",\n        \"updatedAt\": \"2021-02-26T22:37:22.370Z\",\n        \"__v\": 0,\n        \"endDate\": \"2020-05-01\",\n        \"companyImage\": {\n          \"_id\": \"6020f0499dc383001e945dd3\",\n          \"name\": \"upp.png\",\n          \"alternativeText\": \"\",\n          \"caption\": \"\",\n          \"hash\": \"upp_4780c5270b\",\n          \"ext\": \".png\",\n          \"mime\": \"image/png\",\n          \"size\": 2.21,\n          \"width\": 141,\n          \"height\": 106,\n          \"url\": \"/uploads/upp_4780c5270b.png\",\n          \"provider\": \"local\",\n          \"related\": [\n            \"5e53704f11c196001d06f914\"\n          ],\n          \"createdAt\": \"2021-02-08T08:03:21.134Z\",\n          \"updatedAt\": \"2021-02-08T08:03:37.545Z\",\n          \"__v\": 0,\n          \"created_by\": \"5e4839cd1c2d53001dcc0696\",\n          \"updated_by\": \"5e4839cd1c2d53001dcc0696\",\n          \"id\": \"6020f0499dc383001e945dd3\"\n        },\n        \"updated_by\": \"5e4839cd1c2d53001dcc0696\",\n        \"longDescription\": \"Lead Engineer working on all verticals (front end, backend, ops) of the Upp Intelligent Platform. Lead a small cross-functional team of 5 to deliver an event-driven, microservices architecture compromising of the following modules:\\n\\n* Onboarding - data ingestion from 3rd party product providers such as Magento, Shopify and others in conjunction with IPaas (Integration Platform as a Service) This module also consisted of a proprietary data mapping solution.\\n* Products - enrichment, bulk operations and search functionality (using an inverted index).\\n* Margin Hub - a suite of microservices integrating numerous different data points to report on product profitability and suggest intelligent actions to optimise margin.\\n\\n\\nIn addition to leading feature development, my role also comprised of promoting best practises amongst other agile teams including but not limited to:\\n\\n* Creating a customized version of spring initializr that generated skeleton services with all required libraries, Jenkins pipeline definitions, Kubernetes manifest files etc so developers could concentrate on delivering business logic and not plumbing;\\n* Spring Boot starter library for event sourcing\\n* Component testing using test containers\\n* Service - Service authentication using OIDC client credentials with keycloak.\",\n        \"location\": \"London\",\n        \"id\": \"5e53704f11c196001d06f914\"\n      },\n      {\n        \"education\": false,\n        \"includeOnResume\": true,\n        \"attachments\": [],\n        \"skills\": [\n          \"5f635b7e5ee4c9001d2b9633\",\n          \"5f635b8b5ee4c9001d2b9634\",\n          \"5f635bf05ee4c9001d2b9637\",\n          \"5f635c0f5ee4c9001d2b9639\",\n          \"5f635c185ee4c9001d2b963a\",\n          \"5f635c1e5ee4c9001d2b963b\",\n          \"5f635c005ee4c9001d2b9638\",\n          \"5f635c2e5ee4c9001d2b963c\",\n          \"5f635c4f5ee4c9001d2b963f\",\n          \"5f635c675ee4c9001d2b9640\",\n          \"5f635c745ee4c9001d2b9641\",\n          \"5f635c845ee4c9001d2b9642\",\n          \"5f635ceb5ee4c9001d2b9647\",\n          \"5f635cf75ee4c9001d2b9648\",\n          \"5f635d045ee4c9001d2b9649\",\n          \"5f635d115ee4c9001d2b964a\",\n          \"5f635d1e5ee4c9001d2b964b\",\n          \"5f635d2c5ee4c9001d2b964c\",\n          \"5f635d425ee4c9001d2b964d\",\n          \"5f635d905ee4c9001d2b9651\",\n          \"5f635db55ee4c9001d2b9654\",\n          \"5f635dde5ee4c9001d2b9658\",\n          \"5f635e235ee4c9001d2b965b\",\n          \"5f635e2c5ee4c9001d2b965c\",\n          \"5f635e935ee4c9001d2b9665\",\n          \"5f635ef05ee4c9001d2b9669\",\n          \"5f635f8f5ee4c9001d2b966c\",\n          \"5f635f995ee4c9001d2b966d\",\n          \"5f635f025ee4c9001d2b966b\",\n          \"5f63608d5ee4c9001d2b966e\",\n          \"602234ba9dc383001e945dd6\",\n          \"5f635b555ee4c9001d2b9631\",\n          \"5f635b6a5ee4c9001d2b9632\",\n          \"5f635ca45ee4c9001d2b9643\",\n          \"5f635eae5ee4c9001d2b9667\",\n          \"5f635ef75ee4c9001d2b966a\",\n          \"5f635c375ee4c9001d2b963d\",\n          \"5f635e625ee4c9001d2b9660\",\n          \"5f635dd35ee4c9001d2b9657\",\n          \"5f635bb85ee4c9001d2b9635\",\n          \"60291c5d9dc383001e945de2\"\n        ],\n        \"_id\": \"5eedd4803c8d74001e4497f5\",\n        \"startDate\": \"2020-05-04\",\n        \"company\": \"Y-Tree\",\n        \"companyUrl\": \"https://y-tree.com/\",\n        \"title\": \"Senior Developer\",\n        \"createdAt\": \"2020-06-20T09:18:56.102Z\",\n        \"updatedAt\": \"2021-02-26T22:39:33.470Z\",\n        \"__v\": 0,\n        \"companyImage\": {\n          \"_id\": \"5eedd46e3c8d74001e4497f4\",\n          \"name\": \"YTree\",\n          \"alternativeText\": \"\",\n          \"caption\": \"\",\n          \"hash\": \"YT_ree_50b80993fc\",\n          \"ext\": \".png\",\n          \"mime\": \"image/png\",\n          \"size\": 6.33,\n          \"width\": 200,\n          \"height\": 200,\n          \"url\": \"/uploads/YT_ree_50b80993fc.png\",\n          \"formats\": {\n            \"thumbnail\": {\n              \"hash\": \"thumbnail_YT_ree_50b80993fc\",\n              \"ext\": \".png\",\n              \"mime\": \"image/png\",\n              \"width\": 156,\n              \"height\": 156,\n              \"size\": 10.07,\n              \"path\": null,\n              \"url\": \"/uploads/thumbnail_YT_ree_50b80993fc.png\"\n            }\n          },\n          \"provider\": \"local\",\n          \"related\": [\n            \"5eedd4803c8d74001e4497f5\"\n          ],\n          \"createdAt\": \"2020-06-20T09:18:38.337Z\",\n          \"updatedAt\": \"2020-06-20T09:18:56.106Z\",\n          \"__v\": 0,\n          \"id\": \"5eedd46e3c8d74001e4497f4\"\n        },\n        \"shortDescription\": \"Lead Developer of exciting fin-tech platform composed of event-driven and restful microservices.\",\n        \"updated_by\": \"5e4839cd1c2d53001dcc0696\",\n        \"longDescription\": \"Lead Developer of exciting fin-tech platform composed of event-driven and restful microservices.\\n\\nHeavily involved in transforming a monolithic application into a suite of fault-tolerant event-driven and restful microservices written with Kotlin and Spring Boot. \\n\\nLead a cloud-native transformation by improving the path to production of services by introducing a number of tools and technologies to aide with continuous delivery of features:\\n\\n-  Cucumber for integration testing\\n-  Pact for contract testing (consumer-driven contracts for both synchronous (HTTP) and event-driven (Kafka) communication)\\n-  Test Containers for component testing\\n-  Use of Spring Cloud Kubernetes and Spring Cloud vault for environment-specific configuration (as per the [12-factor app](https://12factor.net/))\\n- Jenkin X pipelines to build and deploy helm charts for each service and environment.\\n- Keycloak for identity management.\\n- Rolling updates of k8s deployments for no-outage releases.\\n\\nAlso contributed to the YTree technical blog sharing knowledge amongst the team in the form of both written blogs and recorded videos. \\n\\n\\n\\n\\n\\n\",\n        \"location\": \"London\",\n        \"id\": \"5eedd4803c8d74001e4497f5\"\n      }\n    ],\n    \"blogs\": [],\n    \"id\": \"5f635db55ee4c9001d2b9654\"\n  },\n  {\n    \"includeOnResume\": false,\n    \"_id\": \"5f635dbe5ee4c9001d2b9655\",\n    \"name\": \"SQL Server\",\n    \"rating\": 7,\n    \"createdAt\": \"2020-09-17T12:59:42.299Z\",\n    \"updatedAt\": \"2020-09-27T07:44:51.169Z\",\n    \"__v\": 0,\n    \"created_by\": {\n      \"_id\": \"5e4839cd1c2d53001dcc0696\",\n      \"username\": \"simon.rowe@gmail.com\",\n      \"createdAt\": \"2020-02-15T18:34:53.155Z\",\n      \"updatedAt\": \"2020-09-17T07:45:13.526Z\",\n      \"__v\": 0,\n      \"id\": \"5e4839cd1c2d53001dcc0696\"\n    },\n    \"updated_by\": {\n      \"_id\": \"5e4839cd1c2d53001dcc0696\",\n      \"username\": \"simon.rowe@gmail.com\",\n      \"createdAt\": \"2020-02-15T18:34:53.155Z\",\n      \"updatedAt\": \"2020-09-17T07:45:13.526Z\",\n      \"__v\": 0,\n      \"id\": \"5e4839cd1c2d53001dcc0696\"\n    },\n    \"image\": {\n      \"_id\": \"5f68574f76320d001e515e5b\",\n      \"name\": \"sqlserver2.png\",\n      \"alternativeText\": \"\",\n      \"caption\": \"\",\n      \"hash\": \"sqlserver2_2463700f52\",\n      \"ext\": \".png\",\n      \"mime\": \"image/png\",\n      \"size\": 27.42,\n      \"width\": 512,\n      \"height\": 196,\n      \"url\": \"/uploads/sqlserver2_2463700f52.png\",\n      \"formats\": {\n        \"thumbnail\": {\n          \"name\": \"thumbnail_sqlserver2.png\",\n          \"hash\": \"thumbnail_sqlserver2_2463700f52\",\n          \"ext\": \".png\",\n          \"mime\": \"image/png\",\n          \"width\": 245,\n          \"height\": 94,\n          \"size\": 12.62,\n          \"path\": null,\n          \"url\": \"/uploads/thumbnail_sqlserver2_2463700f52.png\"\n        },\n        \"small\": {\n          \"name\": \"small_sqlserver2.png\",\n          \"hash\": \"small_sqlserver2_2463700f52\",\n          \"ext\": \".png\",\n          \"mime\": \"image/png\",\n          \"width\": 500,\n          \"height\": 191,\n          \"size\": 36.93,\n          \"path\": null,\n          \"url\": \"/uploads/small_sqlserver2_2463700f52.png\"\n        }\n      },\n      \"provider\": \"local\",\n      \"related\": [\n        \"5f635dbe5ee4c9001d2b9655\"\n      ],\n      \"createdAt\": \"2020-09-21T07:33:35.115Z\",\n      \"updatedAt\": \"2020-09-21T07:33:38.518Z\",\n      \"__v\": 0,\n      \"created_by\": \"5e4839cd1c2d53001dcc0696\",\n      \"updated_by\": \"5e4839cd1c2d53001dcc0696\",\n      \"id\": \"5f68574f76320d001e515e5b\"\n    },\n    \"description\": \"SQL Server is a relational database management system, or RDBMS, developed and marketed by Microsoft.\",\n    \"jobs\": [\n      {\n        \"education\": false,\n        \"includeOnResume\": true,\n        \"attachments\": [],\n        \"skills\": [\n          \"5f635b3f5ee4c9001d2b962f\",\n          \"5f635b8b5ee4c9001d2b9634\",\n          \"5f635c185ee4c9001d2b963a\",\n          \"5f635c2e5ee4c9001d2b963c\",\n          \"5f635c675ee4c9001d2b9640\",\n          \"5f635c745ee4c9001d2b9641\",\n          \"5f635c845ee4c9001d2b9642\",\n          \"5f635cb65ee4c9001d2b9644\",\n          \"5f635cc45ee4c9001d2b9645\",\n          \"5f635cdc5ee4c9001d2b9646\",\n          \"5f635ceb5ee4c9001d2b9647\",\n          \"5f635d045ee4c9001d2b9649\",\n          \"5f635d115ee4c9001d2b964a\",\n          \"5f635d1e5ee4c9001d2b964b\",\n          \"5f635d2c5ee4c9001d2b964c\",\n          \"5f635d425ee4c9001d2b964d\",\n          \"5f635d7e5ee4c9001d2b964f\",\n          \"5f635d875ee4c9001d2b9650\",\n          \"5f635d905ee4c9001d2b9651\",\n          \"5f635d9e5ee4c9001d2b9652\",\n          \"5f635da95ee4c9001d2b9653\",\n          \"5f635dbe5ee4c9001d2b9655\",\n          \"5f635dde5ee4c9001d2b9658\",\n          \"5f635e235ee4c9001d2b965b\",\n          \"5f635e595ee4c9001d2b965f\",\n          \"5f635e755ee4c9001d2b9662\",\n          \"5f635df45ee4c9001d2b965a\",\n          \"5f635de75ee4c9001d2b9659\",\n          \"5f635e7d5ee4c9001d2b9663\",\n          \"5f635e885ee4c9001d2b9664\",\n          \"5f635ea45ee4c9001d2b9666\",\n          \"5f635ee35ee4c9001d2b9668\",\n          \"602236d69dc383001e945ddc\",\n          \"6029446c9dc383001e945de9\",\n          \"5f635b6a5ee4c9001d2b9632\",\n          \"5f635bb85ee4c9001d2b9635\"\n        ],\n        \"_id\": \"5e53713a11c196001d06f91a\",\n        \"title\": \"Senior Director, Java Development\",\n        \"startDate\": \"2011-07-12\",\n        \"createdAt\": \"2020-02-24T06:46:18.484Z\",\n        \"updatedAt\": \"2021-02-26T22:37:22.370Z\",\n        \"__v\": 0,\n        \"company\": \"Universal Music Publishing\",\n        \"companyUrl\": \"https://www.umusicpub.com/\",\n        \"endDate\": \"2018-08-11\",\n        \"shortDescription\": \"Technology leader in cloud native development for business critical applications.\",\n        \"companyImage\": {\n          \"_id\": \"5f6618325ee4c9001d2b969c\",\n          \"name\": \"umpg.png\",\n          \"alternativeText\": \"\",\n          \"caption\": \"\",\n          \"hash\": \"umpg_121becd400\",\n          \"ext\": \".png\",\n          \"mime\": \"image/png\",\n          \"size\": 129.45,\n          \"width\": 400,\n          \"height\": 400,\n          \"url\": \"/uploads/umpg_121becd400.png\",\n          \"formats\": {\n            \"thumbnail\": {\n              \"name\": \"thumbnail_umpg.png\",\n              \"hash\": \"thumbnail_umpg_121becd400\",\n              \"ext\": \".png\",\n              \"mime\": \"image/png\",\n              \"width\": 156,\n              \"height\": 156,\n              \"size\": 31.14,\n              \"path\": null,\n              \"url\": \"/uploads/thumbnail_umpg_121becd400.png\"\n            }\n          },\n          \"provider\": \"local\",\n          \"related\": [\n            \"5e53713a11c196001d06f91a\"\n          ],\n          \"createdAt\": \"2020-09-19T14:39:46.169Z\",\n          \"updatedAt\": \"2021-02-08T08:15:39.296Z\",\n          \"__v\": 0,\n          \"created_by\": \"5e4839cd1c2d53001dcc0696\",\n          \"updated_by\": \"5e4839cd1c2d53001dcc0696\",\n          \"id\": \"5f6618325ee4c9001d2b969c\"\n        },\n        \"updated_by\": \"5e4839cd1c2d53001dcc0696\",\n        \"longDescription\": \"Responsible for architecture and delivery of greenfield internal and public facing business applications. Super scrum master, removing obstacles for four dynamic scrum teams. Frequent commiter.\\n\\nRe-architecture of multiple monoliths with single points of failure to AWS,resulting in scalable, fault tolerant software reducing the operational cost significantly.\\n\\nIntroduced automated testing as a development activity utilising technologies such as cucumber, selenium, docker which allows for far shorter release cycles.\\n\\nDesigned the company's first 'serverless' application at AWS, Utilising ECS Fargate, Lambda, SQS, SNS, ElasticSearch, S3.\",\n        \"location\": \"London\",\n        \"id\": \"5e53713a11c196001d06f91a\"\n      },\n      {\n        \"education\": false,\n        \"includeOnResume\": true,\n        \"attachments\": [],\n        \"skills\": [\n          \"5f635e755ee4c9001d2b9662\",\n          \"5f635e7d5ee4c9001d2b9663\",\n          \"5f635e885ee4c9001d2b9664\",\n          \"5f635dbe5ee4c9001d2b9655\",\n          \"602942659dc383001e945de5\",\n          \"6029446c9dc383001e945de9\",\n          \"5f635bb85ee4c9001d2b9635\"\n        ],\n        \"_id\": \"5e53733b11c196001d06f920\",\n        \"title\": \"Analyst / Programmer\",\n        \"startDate\": \"2008-02-01\",\n        \"endDate\": \"2009-11-01\",\n        \"company\": \"Macquarie Group\",\n        \"companyUrl\": \"https://www.macquarie.com/uk/en.html\",\n        \"shortDescription\": \"Built real-time, batch and web applications using Struts and Spring framework for the Risk Management Group.\\n\\n\",\n        \"createdAt\": \"2020-02-24T06:54:51.222Z\",\n        \"updatedAt\": \"2021-02-26T22:37:22.370Z\",\n        \"__v\": 0,\n        \"companyImage\": {\n          \"_id\": \"5f6618675ee4c9001d2b96a0\",\n          \"name\": \"macquarie.png\",\n          \"alternativeText\": \"\",\n          \"caption\": \"\",\n          \"hash\": \"macquarie_5a3682b3db\",\n          \"ext\": \".png\",\n          \"mime\": \"image/png\",\n          \"size\": 11.24,\n          \"width\": 264,\n          \"height\": 229,\n          \"url\": \"/uploads/macquarie_5a3682b3db.png\",\n          \"formats\": {\n            \"thumbnail\": {\n              \"name\": \"thumbnail_macquarie.png\",\n              \"hash\": \"thumbnail_macquarie_5a3682b3db\",\n              \"ext\": \".png\",\n              \"mime\": \"image/png\",\n              \"width\": 180,\n              \"height\": 156,\n              \"size\": 7.99,\n              \"path\": null,\n              \"url\": \"/uploads/thumbnail_macquarie_5a3682b3db.png\"\n            }\n          },\n          \"provider\": \"local\",\n          \"related\": [\n            \"5e53733b11c196001d06f920\"\n          ],\n          \"createdAt\": \"2020-09-19T14:40:39.885Z\",\n          \"updatedAt\": \"2021-02-08T08:33:28.402Z\",\n          \"__v\": 0,\n          \"created_by\": \"5e4839cd1c2d53001dcc0696\",\n          \"updated_by\": \"5e4839cd1c2d53001dcc0696\",\n          \"id\": \"5f6618675ee4c9001d2b96a0\"\n        },\n        \"updated_by\": \"5e4839cd1c2d53001dcc0696\",\n        \"longDescription\": \"Design, Build, Test & Document new software solutions across the Risk Management Group\\n\\nMaintain and Enhance existing systems.\\n\\nMentoring of junior developers.\\n\\nTechnologies Used: JEE, Java, JSP, HTML, JQuery, Dojo, Spring, Hibernate, Sybase,HSQLDB, SQL Server, Tiles, JUnit, Selenium, PHP\",\n        \"location\": \"Sydney\",\n        \"id\": \"5e53733b11c196001d06f920\"\n      }\n    ],\n    \"blogs\": [],\n    \"id\": \"5f635dbe5ee4c9001d2b9655\"\n  },\n  {\n    \"includeOnResume\": false,\n    \"_id\": \"5f635dc55ee4c9001d2b9656\",\n    \"name\": \"Oracle\",\n    \"rating\": 7,\n    \"createdAt\": \"2020-09-17T12:59:49.944Z\",\n    \"updatedAt\": \"2020-09-27T07:45:26.028Z\",\n    \"__v\": 0,\n    \"created_by\": {\n      \"_id\": \"5e4839cd1c2d53001dcc0696\",\n      \"username\": \"simon.rowe@gmail.com\",\n      \"createdAt\": \"2020-02-15T18:34:53.155Z\",\n      \"updatedAt\": \"2020-09-17T07:45:13.526Z\",\n      \"__v\": 0,\n      \"id\": \"5e4839cd1c2d53001dcc0696\"\n    },\n    \"updated_by\": {\n      \"_id\": \"5e4839cd1c2d53001dcc0696\",\n      \"username\": \"simon.rowe@gmail.com\",\n      \"createdAt\": \"2020-02-15T18:34:53.155Z\",\n      \"updatedAt\": \"2020-09-17T07:45:13.526Z\",\n      \"__v\": 0,\n      \"id\": \"5e4839cd1c2d53001dcc0696\"\n    },\n    \"image\": {\n      \"_id\": \"5f68576e76320d001e515e5d\",\n      \"name\": \"oracle.png\",\n      \"alternativeText\": \"\",\n      \"caption\": \"\",\n      \"hash\": \"oracle_d1b0f44ae8\",\n      \"ext\": \".png\",\n      \"mime\": \"image/png\",\n      \"size\": 5.62,\n      \"width\": 300,\n      \"height\": 149,\n      \"url\": \"/uploads/oracle_d1b0f44ae8.png\",\n      \"formats\": {\n        \"thumbnail\": {\n          \"name\": \"thumbnail_oracle.png\",\n          \"hash\": \"thumbnail_oracle_d1b0f44ae8\",\n          \"ext\": \".png\",\n          \"mime\": \"image/png\",\n          \"width\": 245,\n          \"height\": 122,\n          \"size\": 6.57,\n          \"path\": null,\n          \"url\": \"/uploads/thumbnail_oracle_d1b0f44ae8.png\"\n        }\n      },\n      \"provider\": \"local\",\n      \"related\": [\n        \"5f635dc55ee4c9001d2b9656\"\n      ],\n      \"createdAt\": \"2020-09-21T07:34:06.882Z\",\n      \"updatedAt\": \"2020-09-21T07:34:08.896Z\",\n      \"__v\": 0,\n      \"created_by\": \"5e4839cd1c2d53001dcc0696\",\n      \"updated_by\": \"5e4839cd1c2d53001dcc0696\",\n      \"id\": \"5f68576e76320d001e515e5d\"\n    },\n    \"description\": \"Oracle Database (commonly referred to as Oracle DBMS or simply as Oracle) is a multi-model database management system produced and marketed by Oracle Corporation. It is a database commonly used for running online transaction processing (OLTP), data warehousing (DW) and mixed (OLTP & DW) database workloads\",\n    \"jobs\": [\n      {\n        \"education\": false,\n        \"includeOnResume\": true,\n        \"attachments\": [],\n        \"skills\": [\n          \"5f635b3f5ee4c9001d2b962f\",\n          \"5f635c185ee4c9001d2b963a\",\n          \"5f635c845ee4c9001d2b9642\",\n          \"5f635dc55ee4c9001d2b9656\",\n          \"602942659dc383001e945de5\",\n          \"6029446c9dc383001e945de9\",\n          \"5f635bb85ee4c9001d2b9635\"\n        ],\n        \"_id\": \"5e5371ef11c196001d06f91d\",\n        \"title\": \"Senior Applications Developer\",\n        \"startDate\": \"2009-11-01\",\n        \"endDate\": \"2011-05-19\",\n        \"createdAt\": \"2020-02-24T06:49:19.909Z\",\n        \"updatedAt\": \"2021-02-26T22:37:22.370Z\",\n        \"__v\": 0,\n        \"company\": \"Workcover Queensland\",\n        \"companyUrl\": \"https://www.worksafe.qld.gov.au/\",\n        \"shortDescription\": \"Team Leader working on an external-facing self-service portal in addition to migration of internal business-critical Oracle Forms applications to Spring MVC.\",\n        \"companyImage\": {\n          \"_id\": \"5f6618515ee4c9001d2b969e\",\n          \"name\": \"workcover.jpg\",\n          \"alternativeText\": \"\",\n          \"caption\": \"\",\n          \"hash\": \"workcover_15d9bd50bd\",\n          \"ext\": \".jpg\",\n          \"mime\": \"image/jpeg\",\n          \"size\": 24.35,\n          \"width\": 896,\n          \"height\": 530,\n          \"url\": \"/uploads/workcover_15d9bd50bd.jpg\",\n          \"formats\": {\n            \"thumbnail\": {\n              \"name\": \"thumbnail_workcover.jpg\",\n              \"hash\": \"thumbnail_workcover_15d9bd50bd\",\n              \"ext\": \".jpg\",\n              \"mime\": \"image/jpeg\",\n              \"width\": 245,\n              \"height\": 145,\n              \"size\": 5.05,\n              \"path\": null,\n              \"url\": \"/uploads/thumbnail_workcover_15d9bd50bd.jpg\"\n            },\n            \"medium\": {\n              \"name\": \"medium_workcover.jpg\",\n              \"hash\": \"medium_workcover_15d9bd50bd\",\n              \"ext\": \".jpg\",\n              \"mime\": \"image/jpeg\",\n              \"width\": 750,\n              \"height\": 444,\n              \"size\": 19.38,\n              \"path\": null,\n              \"url\": \"/uploads/medium_workcover_15d9bd50bd.jpg\"\n            },\n            \"small\": {\n              \"name\": \"small_workcover.jpg\",\n              \"hash\": \"small_workcover_15d9bd50bd\",\n              \"ext\": \".jpg\",\n              \"mime\": \"image/jpeg\",\n              \"width\": 500,\n              \"height\": 296,\n              \"size\": 11.09,\n              \"path\": null,\n              \"url\": \"/uploads/small_workcover_15d9bd50bd.jpg\"\n            }\n          },\n          \"provider\": \"local\",\n          \"related\": [\n            \"5e5371ef11c196001d06f91d\"\n          ],\n          \"createdAt\": \"2020-09-19T14:40:17.127Z\",\n          \"updatedAt\": \"2020-09-19T14:40:20.116Z\",\n          \"__v\": 0,\n          \"created_by\": \"5e4839cd1c2d53001dcc0696\",\n          \"updated_by\": \"5e4839cd1c2d53001dcc0696\",\n          \"id\": \"5f6618515ee4c9001d2b969e\"\n        },\n        \"updated_by\": \"5e4839cd1c2d53001dcc0696\",\n        \"longDescription\": \"Analysis, Design, Development, Testing & Documentation of enhancements to internal and external facing web applications within an agile environment\\n\\nMentoring of less experienced developers\\n\\nTechnologies used: JEE, JSP, Spring, Ibatis, Tiles, HTML, JQuery, Oracle, Ruby, Cucumber, Watir, PowerMock, EasyMock, TeamCity, Weblogic. SVN, DWR, Jasper Reports, Eclipse, SVN, CVS, Apache FOP, XML, XSLT.\",\n        \"location\": \"Brisbane\",\n        \"id\": \"5e5371ef11c196001d06f91d\"\n      }\n    ],\n    \"blogs\": [],\n    \"id\": \"5f635dc55ee4c9001d2b9656\"\n  },\n  {\n    \"includeOnResume\": true,\n    \"_id\": \"5f635dd35ee4c9001d2b9657\",\n    \"name\": \"Test Containers\",\n    \"rating\": 8,\n    \"createdAt\": \"2020-09-17T13:00:03.265Z\",\n    \"updatedAt\": \"2021-02-26T22:37:14.983Z\",\n    \"__v\": 0,\n    \"created_by\": {\n      \"_id\": \"5e4839cd1c2d53001dcc0696\",\n      \"username\": \"simon.rowe@gmail.com\",\n      \"createdAt\": \"2020-02-15T18:34:53.155Z\",\n      \"updatedAt\": \"2020-09-17T07:45:13.526Z\",\n      \"__v\": 0,\n      \"id\": \"5e4839cd1c2d53001dcc0696\"\n    },\n    \"updated_by\": {\n      \"_id\": \"5e4839cd1c2d53001dcc0696\",\n      \"username\": \"simon.rowe@gmail.com\",\n      \"createdAt\": \"2020-02-15T18:34:53.155Z\",\n      \"updatedAt\": \"2020-09-17T07:45:13.526Z\",\n      \"__v\": 0,\n      \"id\": \"5e4839cd1c2d53001dcc0696\"\n    },\n    \"image\": {\n      \"_id\": \"5f689d0c76320d001e515e9c\",\n      \"name\": \"testcontainers.png\",\n      \"alternativeText\": \"\",\n      \"caption\": \"\",\n      \"hash\": \"testcontainers_15703f40de\",\n      \"ext\": \".png\",\n      \"mime\": \"image/png\",\n      \"size\": 18.16,\n      \"width\": 400,\n      \"height\": 400,\n      \"url\": \"/uploads/testcontainers_15703f40de.png\",\n      \"formats\": {\n        \"thumbnail\": {\n          \"name\": \"thumbnail_testcontainers.png\",\n          \"hash\": \"thumbnail_testcontainers_15703f40de\",\n          \"ext\": \".png\",\n          \"mime\": \"image/png\",\n          \"width\": 156,\n          \"height\": 156,\n          \"size\": 7.48,\n          \"path\": null,\n          \"url\": \"/uploads/thumbnail_testcontainers_15703f40de.png\"\n        }\n      },\n      \"provider\": \"local\",\n      \"related\": [\n        \"5f635dd35ee4c9001d2b9657\"\n      ],\n      \"createdAt\": \"2020-09-21T12:31:08.912Z\",\n      \"updatedAt\": \"2021-01-01T07:37:21.880Z\",\n      \"__v\": 0,\n      \"created_by\": \"5e4839cd1c2d53001dcc0696\",\n      \"updated_by\": \"5e4839cd1c2d53001dcc0696\",\n      \"id\": \"5f689d0c76320d001e515e9c\"\n    },\n    \"description\": \"Testcontainers is a Java library that supports JUnit tests, providing lightweight, throwaway instances of common databases, Selenium web browsers, or anything else that can run in a Docker container.\\n\\nTestcontainers make the following kinds of tests easier:\\n\\n-** Data access layer integration tests**: use a containerized instance of a MySQL, PostgreSQL or Oracle database to test your data access layer code for complete compatibility, but without requiring complex setup on developers' machines and safe in the knowledge that your tests will always start with a known DB state. Any other database type that can be containerized can also be used.\\n- **Application integration tests**: for running your application in a short-lived test mode with dependencies, such as databases, message queues or web servers.\\n- **UI/Acceptance tests**: use containerized web browsers, compatible with Selenium, for conducting automated UI tests. Each test can get a fresh instance of the browser, with no browser state, plugin variations or automated browser upgrades to worry about. And you get a video recording of each test session, or just each session where tests failed\",\n    \"order\": 9,\n    \"jobs\": [\n      {\n        \"education\": false,\n        \"includeOnResume\": true,\n        \"attachments\": [],\n        \"skills\": [\n          \"5f635b7e5ee4c9001d2b9633\",\n          \"5f635b8b5ee4c9001d2b9634\",\n          \"5f635c0f5ee4c9001d2b9639\",\n          \"5f635c1e5ee4c9001d2b963b\",\n          \"5f635c2e5ee4c9001d2b963c\",\n          \"5f635c745ee4c9001d2b9641\",\n          \"5f635c845ee4c9001d2b9642\",\n          \"5f635d1e5ee4c9001d2b964b\",\n          \"5f635d2c5ee4c9001d2b964c\",\n          \"5f635d905ee4c9001d2b9651\",\n          \"5f635db55ee4c9001d2b9654\",\n          \"5f635e365ee4c9001d2b965d\",\n          \"5f635e235ee4c9001d2b965b\",\n          \"5f635e2c5ee4c9001d2b965c\",\n          \"5f635e405ee4c9001d2b965e\",\n          \"5f635e935ee4c9001d2b9665\",\n          \"5f635f025ee4c9001d2b966b\",\n          \"5f635c185ee4c9001d2b963a\",\n          \"5f635ceb5ee4c9001d2b9647\",\n          \"5f635cf75ee4c9001d2b9648\",\n          \"5f635d045ee4c9001d2b9649\",\n          \"5f635d115ee4c9001d2b964a\",\n          \"5f63608d5ee4c9001d2b966e\",\n          \"602234ba9dc383001e945dd6\",\n          \"5f635b495ee4c9001d2b9630\",\n          \"5f635b555ee4c9001d2b9631\",\n          \"5f635b6a5ee4c9001d2b9632\",\n          \"5f635ca45ee4c9001d2b9643\",\n          \"5f635eae5ee4c9001d2b9667\",\n          \"5f635ef75ee4c9001d2b966a\",\n          \"5f635e625ee4c9001d2b9660\",\n          \"5f635dd35ee4c9001d2b9657\",\n          \"5f635bb85ee4c9001d2b9635\"\n        ],\n        \"_id\": \"5e53704f11c196001d06f914\",\n        \"title\": \"Software Engineering Lead\",\n        \"startDate\": \"2019-04-15\",\n        \"company\": \"Upp Technologies\",\n        \"companyUrl\": \"https://upp.ai\",\n        \"shortDescription\": \"Hands-on lead engineer in a small cross-functional team.\\n\",\n        \"createdAt\": \"2020-02-24T06:42:23.147Z\",\n        \"updatedAt\": \"2021-02-26T22:37:22.370Z\",\n        \"__v\": 0,\n        \"endDate\": \"2020-05-01\",\n        \"companyImage\": {\n          \"_id\": \"6020f0499dc383001e945dd3\",\n          \"name\": \"upp.png\",\n          \"alternativeText\": \"\",\n          \"caption\": \"\",\n          \"hash\": \"upp_4780c5270b\",\n          \"ext\": \".png\",\n          \"mime\": \"image/png\",\n          \"size\": 2.21,\n          \"width\": 141,\n          \"height\": 106,\n          \"url\": \"/uploads/upp_4780c5270b.png\",\n          \"provider\": \"local\",\n          \"related\": [\n            \"5e53704f11c196001d06f914\"\n          ],\n          \"createdAt\": \"2021-02-08T08:03:21.134Z\",\n          \"updatedAt\": \"2021-02-08T08:03:37.545Z\",\n          \"__v\": 0,\n          \"created_by\": \"5e4839cd1c2d53001dcc0696\",\n          \"updated_by\": \"5e4839cd1c2d53001dcc0696\",\n          \"id\": \"6020f0499dc383001e945dd3\"\n        },\n        \"updated_by\": \"5e4839cd1c2d53001dcc0696\",\n        \"longDescription\": \"Lead Engineer working on all verticals (front end, backend, ops) of the Upp Intelligent Platform. Lead a small cross-functional team of 5 to deliver an event-driven, microservices architecture compromising of the following modules:\\n\\n* Onboarding - data ingestion from 3rd party product providers such as Magento, Shopify and others in conjunction with IPaas (Integration Platform as a Service) This module also consisted of a proprietary data mapping solution.\\n* Products - enrichment, bulk operations and search functionality (using an inverted index).\\n* Margin Hub - a suite of microservices integrating numerous different data points to report on product profitability and suggest intelligent actions to optimise margin.\\n\\n\\nIn addition to leading feature development, my role also comprised of promoting best practises amongst other agile teams including but not limited to:\\n\\n* Creating a customized version of spring initializr that generated skeleton services with all required libraries, Jenkins pipeline definitions, Kubernetes manifest files etc so developers could concentrate on delivering business logic and not plumbing;\\n* Spring Boot starter library for event sourcing\\n* Component testing using test containers\\n* Service - Service authentication using OIDC client credentials with keycloak.\",\n        \"location\": \"London\",\n        \"id\": \"5e53704f11c196001d06f914\"\n      },\n      {\n        \"education\": false,\n        \"includeOnResume\": true,\n        \"attachments\": [],\n        \"skills\": [\n          \"5f635b7e5ee4c9001d2b9633\",\n          \"5f635b8b5ee4c9001d2b9634\",\n          \"5f635bf05ee4c9001d2b9637\",\n          \"5f635c0f5ee4c9001d2b9639\",\n          \"5f635c185ee4c9001d2b963a\",\n          \"5f635c1e5ee4c9001d2b963b\",\n          \"5f635c005ee4c9001d2b9638\",\n          \"5f635c2e5ee4c9001d2b963c\",\n          \"5f635c4f5ee4c9001d2b963f\",\n          \"5f635c675ee4c9001d2b9640\",\n          \"5f635c745ee4c9001d2b9641\",\n          \"5f635c845ee4c9001d2b9642\",\n          \"5f635ceb5ee4c9001d2b9647\",\n          \"5f635cf75ee4c9001d2b9648\",\n          \"5f635d045ee4c9001d2b9649\",\n          \"5f635d115ee4c9001d2b964a\",\n          \"5f635d1e5ee4c9001d2b964b\",\n          \"5f635d2c5ee4c9001d2b964c\",\n          \"5f635d425ee4c9001d2b964d\",\n          \"5f635d905ee4c9001d2b9651\",\n          \"5f635db55ee4c9001d2b9654\",\n          \"5f635dde5ee4c9001d2b9658\",\n          \"5f635e235ee4c9001d2b965b\",\n          \"5f635e2c5ee4c9001d2b965c\",\n          \"5f635e935ee4c9001d2b9665\",\n          \"5f635ef05ee4c9001d2b9669\",\n          \"5f635f8f5ee4c9001d2b966c\",\n          \"5f635f995ee4c9001d2b966d\",\n          \"5f635f025ee4c9001d2b966b\",\n          \"5f63608d5ee4c9001d2b966e\",\n          \"602234ba9dc383001e945dd6\",\n          \"5f635b555ee4c9001d2b9631\",\n          \"5f635b6a5ee4c9001d2b9632\",\n          \"5f635ca45ee4c9001d2b9643\",\n          \"5f635eae5ee4c9001d2b9667\",\n          \"5f635ef75ee4c9001d2b966a\",\n          \"5f635c375ee4c9001d2b963d\",\n          \"5f635e625ee4c9001d2b9660\",\n          \"5f635dd35ee4c9001d2b9657\",\n          \"5f635bb85ee4c9001d2b9635\",\n          \"60291c5d9dc383001e945de2\"\n        ],\n        \"_id\": \"5eedd4803c8d74001e4497f5\",\n        \"startDate\": \"2020-05-04\",\n        \"company\": \"Y-Tree\",\n        \"companyUrl\": \"https://y-tree.com/\",\n        \"title\": \"Senior Developer\",\n        \"createdAt\": \"2020-06-20T09:18:56.102Z\",\n        \"updatedAt\": \"2021-02-26T22:39:33.470Z\",\n        \"__v\": 0,\n        \"companyImage\": {\n          \"_id\": \"5eedd46e3c8d74001e4497f4\",\n          \"name\": \"YTree\",\n          \"alternativeText\": \"\",\n          \"caption\": \"\",\n          \"hash\": \"YT_ree_50b80993fc\",\n          \"ext\": \".png\",\n          \"mime\": \"image/png\",\n          \"size\": 6.33,\n          \"width\": 200,\n          \"height\": 200,\n          \"url\": \"/uploads/YT_ree_50b80993fc.png\",\n          \"formats\": {\n            \"thumbnail\": {\n              \"hash\": \"thumbnail_YT_ree_50b80993fc\",\n              \"ext\": \".png\",\n              \"mime\": \"image/png\",\n              \"width\": 156,\n              \"height\": 156,\n              \"size\": 10.07,\n              \"path\": null,\n              \"url\": \"/uploads/thumbnail_YT_ree_50b80993fc.png\"\n            }\n          },\n          \"provider\": \"local\",\n          \"related\": [\n            \"5eedd4803c8d74001e4497f5\"\n          ],\n          \"createdAt\": \"2020-06-20T09:18:38.337Z\",\n          \"updatedAt\": \"2020-06-20T09:18:56.106Z\",\n          \"__v\": 0,\n          \"id\": \"5eedd46e3c8d74001e4497f4\"\n        },\n        \"shortDescription\": \"Lead Developer of exciting fin-tech platform composed of event-driven and restful microservices.\",\n        \"updated_by\": \"5e4839cd1c2d53001dcc0696\",\n        \"longDescription\": \"Lead Developer of exciting fin-tech platform composed of event-driven and restful microservices.\\n\\nHeavily involved in transforming a monolithic application into a suite of fault-tolerant event-driven and restful microservices written with Kotlin and Spring Boot. \\n\\nLead a cloud-native transformation by improving the path to production of services by introducing a number of tools and technologies to aide with continuous delivery of features:\\n\\n-  Cucumber for integration testing\\n-  Pact for contract testing (consumer-driven contracts for both synchronous (HTTP) and event-driven (Kafka) communication)\\n-  Test Containers for component testing\\n-  Use of Spring Cloud Kubernetes and Spring Cloud vault for environment-specific configuration (as per the [12-factor app](https://12factor.net/))\\n- Jenkin X pipelines to build and deploy helm charts for each service and environment.\\n- Keycloak for identity management.\\n- Rolling updates of k8s deployments for no-outage releases.\\n\\nAlso contributed to the YTree technical blog sharing knowledge amongst the team in the form of both written blogs and recorded videos. \\n\\n\\n\\n\\n\\n\",\n        \"location\": \"London\",\n        \"id\": \"5eedd4803c8d74001e4497f5\"\n      }\n    ],\n    \"blogs\": [\n      {\n        \"published\": true,\n        \"tags\": [\n          \"5f04154f9d8081001fd38fbb\",\n          \"5feed20367bdd6001e9c12cc\",\n          \"5feed20e67bdd6001e9c12cd\",\n          \"5f0390329d8081001fd38fa9\"\n        ],\n        \"skills\": [\n          \"5f63608d5ee4c9001d2b966e\",\n          \"5f635d905ee4c9001d2b9651\",\n          \"5f635b3f5ee4c9001d2b962f\",\n          \"5f635b495ee4c9001d2b9630\",\n          \"5f635b6a5ee4c9001d2b9632\",\n          \"5f635dd35ee4c9001d2b9657\"\n        ],\n        \"_id\": \"5feed01b67bdd6001e9c12c8\",\n        \"title\": \"Component Testing Spring Apps using Test Containers\",\n        \"shortDescription\": \"In this post we will look at how we can use test containers to perform component tests for Spring Boot applications.\",\n        \"createdAt\": \"2021-01-01T07:32:43.596Z\",\n        \"updatedAt\": \"2021-02-26T22:37:14.981Z\",\n        \"__v\": 0,\n        \"created_by\": \"5e4839cd1c2d53001dcc0696\",\n        \"image\": {\n          \"_id\": \"5feed11f67bdd6001e9c12ca\",\n          \"name\": \"testcontainers.png\",\n          \"alternativeText\": \"\",\n          \"caption\": \"\",\n          \"hash\": \"testcontainers_2f37d400f4\",\n          \"ext\": \".png\",\n          \"mime\": \"image/png\",\n          \"size\": 42,\n          \"width\": 1024,\n          \"height\": 512,\n          \"url\": \"/uploads/testcontainers_2f37d400f4.png\",\n          \"formats\": {\n            \"thumbnail\": {\n              \"name\": \"thumbnail_testcontainers.png\",\n              \"hash\": \"thumbnail_testcontainers_2f37d400f4\",\n              \"ext\": \".png\",\n              \"mime\": \"image/png\",\n              \"width\": 245,\n              \"height\": 122,\n              \"size\": 10.52,\n              \"path\": null,\n              \"url\": \"/uploads/thumbnail_testcontainers_2f37d400f4.png\"\n            },\n            \"large\": {\n              \"name\": \"large_testcontainers.png\",\n              \"hash\": \"large_testcontainers_2f37d400f4\",\n              \"ext\": \".png\",\n              \"mime\": \"image/png\",\n              \"width\": 1000,\n              \"height\": 500,\n              \"size\": 63.76,\n              \"path\": null,\n              \"url\": \"/uploads/large_testcontainers_2f37d400f4.png\"\n            },\n            \"medium\": {\n              \"name\": \"medium_testcontainers.png\",\n              \"hash\": \"medium_testcontainers_2f37d400f4\",\n              \"ext\": \".png\",\n              \"mime\": \"image/png\",\n              \"width\": 750,\n              \"height\": 375,\n              \"size\": 41.92,\n              \"path\": null,\n              \"url\": \"/uploads/medium_testcontainers_2f37d400f4.png\"\n            },\n            \"small\": {\n              \"name\": \"small_testcontainers.png\",\n              \"hash\": \"small_testcontainers_2f37d400f4\",\n              \"ext\": \".png\",\n              \"mime\": \"image/png\",\n              \"width\": 500,\n              \"height\": 250,\n              \"size\": 24.53,\n              \"path\": null,\n              \"url\": \"/uploads/small_testcontainers_2f37d400f4.png\"\n            }\n          },\n          \"provider\": \"local\",\n          \"related\": [\n            \"5feed01b67bdd6001e9c12c8\"\n          ],\n          \"createdAt\": \"2021-01-01T07:37:03.807Z\",\n          \"updatedAt\": \"2021-01-01T07:37:21.880Z\",\n          \"__v\": 0,\n          \"created_by\": \"5e4839cd1c2d53001dcc0696\",\n          \"updated_by\": \"5e4839cd1c2d53001dcc0696\",\n          \"id\": \"5feed11f67bdd6001e9c12ca\"\n        },\n        \"updated_by\": \"5e4839cd1c2d53001dcc0696\",\n        \"content\": \"If we look at the test pyramid, below the first dotted lines are the kinds of tests that provide developers the fastest possible feedback on whether their software does what they expect it to do. \\n\\n![test pyramid.png](/uploads/test_pyramid_20a291f0ee.png)\\n\\nUnit tests can be used to test individual classes, and can use mocks (using libraries like mockito, mockk or easy mock) to mock dependencies. But what about when we need to test whether our application can read and write from a database in the expected manner, or produce and consume from some messaging middleware like kafka or rabbitmq ? \\n\\n[Test Containers](https://www.testcontainers.org/) is a fantastic library where you can spin up docker containers  where you can run these kinds of tests. It has fantastic built in support for all sorts of technologies from nosql to rdbc datastores, kafka, in memory data grids like redis and so forth.  It has fantastic integration with JUnit5 and also Spring Boot.\\n\\nHere is an example of how we can write a simple component test to test an applications data access layer (DAO) where we are using postgres as the data store:\\n```java\\n@DataJpaTest\\n@ContextConfiguration(initializers = {SampleRepositoryComponentTest.Initializer.class})\\npublic class SampleRepositoryComponentTest {\\n\\n    @Autowired\\n    private SampleRepository sampleRepository;\\n\\n    @ClassRule\\n    public static PostgreSQLContainer postgreSQLContainer = new PostgreSQLContainer(\\\"postgres:11.1\\\")\\n      .withDatabaseName(\\\"test\\\")\\n      .withUsername(\\\"user\\\")\\n      .withPassword(\\\"password\\\");\\n\\n    static class Initializer\\n      implements ApplicationContextInitializer<ConfigurableApplicationContext> {\\n        public void initialize(ConfigurableApplicationContext configurableApplicationContext) {\\n            TestPropertyValues.of(\\n              \\\"spring.datasource.url=\\\" + postgreSQLContainer.getJdbcUrl(),\\n              \\\"spring.datasource.username=\\\" + postgreSQLContainer.getUsername(),\\n              \\\"spring.datasource.password=\\\" + postgreSQLContainer.getPassword()\\n            ).applyTo(configurableApplicationContext.getEnvironment());\\n        }\\n    }\\n\\n   @Test\\n   public void testInsertSampleRecords() {\\n      .....\\n   }\\n}\\n```\\n\\nPretty neat right ? We can create a @ClassRule to define what kind of test container we want, and then use a static class to provide the spring context with the appropriate properties so that it can create the Datasource and run the tests. \\n\\nIf we have a number of other repositories that need similar tests, we could easily start to see a lot of duplicated code creep in, as well as the fact that this container will only stay alive for the duration that tests on this class are being executed. If we had a number of other @DataJpaTest's as well as other integration tests, this overhead of spinning up and destroying containers could have a negative impact on the feedback cycle back to the developer.\\n\\nI have created my own library called component-test, that allows some simple annotations to be used when working with Spring Boot tests and test containers. You can check out the github repo [here](https://github.com/simonjamesrowe/component-test), and if you want to use this library you can simply include my nexus repository ```https://nexus-jx.simonjamesrowe.com/repository/maven-group/``` and include the test dependency ```testImplementation(\\\"com.simonjamesrowe:component-test:0.0.5\\\")```.\\n\\nIf we were to write a similar test to the one above using the component-test library it would look something like this:\\n```java\\n@ExtendWith(TestContainersExtension.class)\\n@WithPostgresContainer\\n@DataJpaTest\\npublic class SampleRepositoryComponentTest {\\n\\n  @Autowired\\n  private SampleRepository sampleRepository;\\n\\n   @Test\\n   public void testInsertSampleRecords() {\\n      .....\\n   }\\n}\\n```\\n\\nMost of the work here is done in the ```TestContainersExtension``` class, which looks at any annotation on the test class that extends ```@TestContainer``` annotation and co-ordinates the initialisation of the containers before the spring test context is started, and provides the test context with the relevant properties. At the time of this writing my projects caused me to support a number of containers (that all extend the ```@TestContainer``` annotation):\\n-  ```@WithElasticSearchContainer```\\n-  ```@WithMongoDbContainer```\\n-  ```@WithRedisContainer```\\n-  ```@WithVaultContainer```\\n\\nThe library also supports use of Embedded Kafka via a customised @EmbeddedKafka annotation. An example of how to use this is here:\\n\\n```java\\n@WithEmbeddedKafka\\n@DirtiesContext(classMode = DirtiesContext.ClassMode.BEFORE_CLASS)\\n@Import({TestKafkaListener.class, KafkaAutoConfiguration.class})\\npublic class EmbeddedKafkaTest extends BaseComponentTest {\\n\\n  @Autowired\\n  private KafkaTemplate kafkaTemplate;\\n\\n  @Autowired\\n  private TestKafkaListener testKafkaListener;\\n\\n  @Test\\n  public void testKafkaContainer() throws Exception {\\n    kafkaTemplate.send(\\\"test\\\", \\\"key\\\", \\\"Hello World\\\");\\n\\n    Failsafe.with(new RetryPolicy().withMaxRetries(5).withBackoff(1, 10, ChronoUnit.SECONDS))\\n        .get(() -> assertThat(testKafkaListener.getData()).isEqualTo(\\\"Hello World\\\")\\n        );\\n  }\\n}\\n\\n@Service\\n@Lazy\\nclass TestKafkaListener {\\n\\n  private String data;\\n\\n  public String getData() {\\n    return data;\\n  }\\n\\n  @KafkaListener(topics = \\\"test\\\", groupId = \\\"test\\\")\\n  public void listen(@Payload String messagePayload) {\\n    data = messagePayload;\\n  }\\n\\n}\\n```\\n\\nLast but not least, this library also includes support for wiremock. Simple add a json file containing these contents in the ```src/main/resources/META-INF/mappings``` directory: \\n```json\\n{\\n  \\\"request\\\": {\\n    \\\"method\\\": \\\"GET\\\",\\n    \\\"url\\\": \\\"/test\\\"\\n  },\\n  \\\"response\\\": {\\n    \\\"status\\\": 200,\\n    \\\"jsonBody\\\":  {\\n      \\\"hello\\\" : \\\"world\\\"\\n    },\\n    \\\"headers\\\": {\\n      \\\"Content-Type\\\": \\\"application/json\\\"\\n    }\\n  }\\n}\\n```\\n\\nAnd we can write a test that looks like this:\\n```java\\npublic class WiremockBootstrapContextTest extends BaseComponentTest {\\n\\n    @Value(\\\"http://localhost:${wiremock.server.port}/test\\\")\\n    private String testEndpoint;\\n\\n    @Test\\n    public void testCanAccessWiremockServer() {\\n        RestTemplate restTemplate = new RestTemplate();\\n        Map<String,String> helloWorld = restTemplate.getForObject(testEndpoint, Map.class);\\n        assertThat(helloWorld).containsEntry(\\\"hello\\\", \\\"world\\\");\\n    }\\n\\n}\\n```\\nThis is extremely useful if the service that we are performing component tests for is consuming some 3rd party api's via http(s). \",\n        \"id\": \"5feed01b67bdd6001e9c12c8\"\n      }\n    ],\n    \"id\": \"5f635dd35ee4c9001d2b9657\"\n  },\n  {\n    \"includeOnResume\": false,\n    \"_id\": \"5f635dde5ee4c9001d2b9658\",\n    \"name\": \"Cucumber\",\n    \"rating\": 9,\n    \"createdAt\": \"2020-09-17T13:00:14.430Z\",\n    \"updatedAt\": \"2020-09-27T07:47:58.367Z\",\n    \"__v\": 0,\n    \"created_by\": {\n      \"_id\": \"5e4839cd1c2d53001dcc0696\",\n      \"username\": \"simon.rowe@gmail.com\",\n      \"createdAt\": \"2020-02-15T18:34:53.155Z\",\n      \"updatedAt\": \"2020-09-17T07:45:13.526Z\",\n      \"__v\": 0,\n      \"id\": \"5e4839cd1c2d53001dcc0696\"\n    },\n    \"updated_by\": {\n      \"_id\": \"5e4839cd1c2d53001dcc0696\",\n      \"username\": \"simon.rowe@gmail.com\",\n      \"createdAt\": \"2020-02-15T18:34:53.155Z\",\n      \"updatedAt\": \"2020-09-17T07:45:13.526Z\",\n      \"__v\": 0,\n      \"id\": \"5e4839cd1c2d53001dcc0696\"\n    },\n    \"image\": {\n      \"_id\": \"5f68995176320d001e515e74\",\n      \"name\": \"cucumber.png\",\n      \"alternativeText\": \"\",\n      \"caption\": \"\",\n      \"hash\": \"cucumber_066c33f46e\",\n      \"ext\": \".png\",\n      \"mime\": \"image/png\",\n      \"size\": 7.33,\n      \"width\": 200,\n      \"height\": 200,\n      \"url\": \"/uploads/cucumber_066c33f46e.png\",\n      \"formats\": {\n        \"thumbnail\": {\n          \"name\": \"thumbnail_cucumber.png\",\n          \"hash\": \"thumbnail_cucumber_066c33f46e\",\n          \"ext\": \".png\",\n          \"mime\": \"image/png\",\n          \"width\": 156,\n          \"height\": 156,\n          \"size\": 11.05,\n          \"path\": null,\n          \"url\": \"/uploads/thumbnail_cucumber_066c33f46e.png\"\n        }\n      },\n      \"provider\": \"local\",\n      \"related\": [\n        \"5f635dde5ee4c9001d2b9658\"\n      ],\n      \"createdAt\": \"2020-09-21T12:15:13.729Z\",\n      \"updatedAt\": \"2020-09-21T12:15:16.633Z\",\n      \"__v\": 0,\n      \"created_by\": \"5e4839cd1c2d53001dcc0696\",\n      \"updated_by\": \"5e4839cd1c2d53001dcc0696\",\n      \"id\": \"5f68995176320d001e515e74\"\n    },\n    \"description\": \"**Cucumber** is a software tool that supports behaviour-driven development (BDD). Central to the Cucumber BDD approach is its ordinary language parser called **Gherkin**. It allows expected software behaviours to be specified in a logical language that customers can understand. As such, Cucumber allows the execution of feature documentation written in business-facing text.\",\n    \"jobs\": [\n      {\n        \"education\": false,\n        \"includeOnResume\": true,\n        \"attachments\": [],\n        \"skills\": [\n          \"5f635b3f5ee4c9001d2b962f\",\n          \"5f635b8b5ee4c9001d2b9634\",\n          \"5f635c185ee4c9001d2b963a\",\n          \"5f635c2e5ee4c9001d2b963c\",\n          \"5f635c675ee4c9001d2b9640\",\n          \"5f635c745ee4c9001d2b9641\",\n          \"5f635c845ee4c9001d2b9642\",\n          \"5f635cb65ee4c9001d2b9644\",\n          \"5f635cc45ee4c9001d2b9645\",\n          \"5f635cdc5ee4c9001d2b9646\",\n          \"5f635ceb5ee4c9001d2b9647\",\n          \"5f635d045ee4c9001d2b9649\",\n          \"5f635d115ee4c9001d2b964a\",\n          \"5f635d1e5ee4c9001d2b964b\",\n          \"5f635d2c5ee4c9001d2b964c\",\n          \"5f635d425ee4c9001d2b964d\",\n          \"5f635d7e5ee4c9001d2b964f\",\n          \"5f635d875ee4c9001d2b9650\",\n          \"5f635d905ee4c9001d2b9651\",\n          \"5f635d9e5ee4c9001d2b9652\",\n          \"5f635da95ee4c9001d2b9653\",\n          \"5f635dbe5ee4c9001d2b9655\",\n          \"5f635dde5ee4c9001d2b9658\",\n          \"5f635e235ee4c9001d2b965b\",\n          \"5f635e595ee4c9001d2b965f\",\n          \"5f635e755ee4c9001d2b9662\",\n          \"5f635df45ee4c9001d2b965a\",\n          \"5f635de75ee4c9001d2b9659\",\n          \"5f635e7d5ee4c9001d2b9663\",\n          \"5f635e885ee4c9001d2b9664\",\n          \"5f635ea45ee4c9001d2b9666\",\n          \"5f635ee35ee4c9001d2b9668\",\n          \"602236d69dc383001e945ddc\",\n          \"6029446c9dc383001e945de9\",\n          \"5f635b6a5ee4c9001d2b9632\",\n          \"5f635bb85ee4c9001d2b9635\"\n        ],\n        \"_id\": \"5e53713a11c196001d06f91a\",\n        \"title\": \"Senior Director, Java Development\",\n        \"startDate\": \"2011-07-12\",\n        \"createdAt\": \"2020-02-24T06:46:18.484Z\",\n        \"updatedAt\": \"2021-02-26T22:37:22.370Z\",\n        \"__v\": 0,\n        \"company\": \"Universal Music Publishing\",\n        \"companyUrl\": \"https://www.umusicpub.com/\",\n        \"endDate\": \"2018-08-11\",\n        \"shortDescription\": \"Technology leader in cloud native development for business critical applications.\",\n        \"companyImage\": {\n          \"_id\": \"5f6618325ee4c9001d2b969c\",\n          \"name\": \"umpg.png\",\n          \"alternativeText\": \"\",\n          \"caption\": \"\",\n          \"hash\": \"umpg_121becd400\",\n          \"ext\": \".png\",\n          \"mime\": \"image/png\",\n          \"size\": 129.45,\n          \"width\": 400,\n          \"height\": 400,\n          \"url\": \"/uploads/umpg_121becd400.png\",\n          \"formats\": {\n            \"thumbnail\": {\n              \"name\": \"thumbnail_umpg.png\",\n              \"hash\": \"thumbnail_umpg_121becd400\",\n              \"ext\": \".png\",\n              \"mime\": \"image/png\",\n              \"width\": 156,\n              \"height\": 156,\n              \"size\": 31.14,\n              \"path\": null,\n              \"url\": \"/uploads/thumbnail_umpg_121becd400.png\"\n            }\n          },\n          \"provider\": \"local\",\n          \"related\": [\n            \"5e53713a11c196001d06f91a\"\n          ],\n          \"createdAt\": \"2020-09-19T14:39:46.169Z\",\n          \"updatedAt\": \"2021-02-08T08:15:39.296Z\",\n          \"__v\": 0,\n          \"created_by\": \"5e4839cd1c2d53001dcc0696\",\n          \"updated_by\": \"5e4839cd1c2d53001dcc0696\",\n          \"id\": \"5f6618325ee4c9001d2b969c\"\n        },\n        \"updated_by\": \"5e4839cd1c2d53001dcc0696\",\n        \"longDescription\": \"Responsible for architecture and delivery of greenfield internal and public facing business applications. Super scrum master, removing obstacles for four dynamic scrum teams. Frequent commiter.\\n\\nRe-architecture of multiple monoliths with single points of failure to AWS,resulting in scalable, fault tolerant software reducing the operational cost significantly.\\n\\nIntroduced automated testing as a development activity utilising technologies such as cucumber, selenium, docker which allows for far shorter release cycles.\\n\\nDesigned the company's first 'serverless' application at AWS, Utilising ECS Fargate, Lambda, SQS, SNS, ElasticSearch, S3.\",\n        \"location\": \"London\",\n        \"id\": \"5e53713a11c196001d06f91a\"\n      },\n      {\n        \"education\": false,\n        \"includeOnResume\": true,\n        \"attachments\": [],\n        \"skills\": [\n          \"5f635b7e5ee4c9001d2b9633\",\n          \"5f635b8b5ee4c9001d2b9634\",\n          \"5f635bf05ee4c9001d2b9637\",\n          \"5f635c0f5ee4c9001d2b9639\",\n          \"5f635c185ee4c9001d2b963a\",\n          \"5f635c1e5ee4c9001d2b963b\",\n          \"5f635c005ee4c9001d2b9638\",\n          \"5f635c2e5ee4c9001d2b963c\",\n          \"5f635c4f5ee4c9001d2b963f\",\n          \"5f635c675ee4c9001d2b9640\",\n          \"5f635c745ee4c9001d2b9641\",\n          \"5f635c845ee4c9001d2b9642\",\n          \"5f635ceb5ee4c9001d2b9647\",\n          \"5f635cf75ee4c9001d2b9648\",\n          \"5f635d045ee4c9001d2b9649\",\n          \"5f635d115ee4c9001d2b964a\",\n          \"5f635d1e5ee4c9001d2b964b\",\n          \"5f635d2c5ee4c9001d2b964c\",\n          \"5f635d425ee4c9001d2b964d\",\n          \"5f635d905ee4c9001d2b9651\",\n          \"5f635db55ee4c9001d2b9654\",\n          \"5f635dde5ee4c9001d2b9658\",\n          \"5f635e235ee4c9001d2b965b\",\n          \"5f635e2c5ee4c9001d2b965c\",\n          \"5f635e935ee4c9001d2b9665\",\n          \"5f635ef05ee4c9001d2b9669\",\n          \"5f635f8f5ee4c9001d2b966c\",\n          \"5f635f995ee4c9001d2b966d\",\n          \"5f635f025ee4c9001d2b966b\",\n          \"5f63608d5ee4c9001d2b966e\",\n          \"602234ba9dc383001e945dd6\",\n          \"5f635b555ee4c9001d2b9631\",\n          \"5f635b6a5ee4c9001d2b9632\",\n          \"5f635ca45ee4c9001d2b9643\",\n          \"5f635eae5ee4c9001d2b9667\",\n          \"5f635ef75ee4c9001d2b966a\",\n          \"5f635c375ee4c9001d2b963d\",\n          \"5f635e625ee4c9001d2b9660\",\n          \"5f635dd35ee4c9001d2b9657\",\n          \"5f635bb85ee4c9001d2b9635\",\n          \"60291c5d9dc383001e945de2\"\n        ],\n        \"_id\": \"5eedd4803c8d74001e4497f5\",\n        \"startDate\": \"2020-05-04\",\n        \"company\": \"Y-Tree\",\n        \"companyUrl\": \"https://y-tree.com/\",\n        \"title\": \"Senior Developer\",\n        \"createdAt\": \"2020-06-20T09:18:56.102Z\",\n        \"updatedAt\": \"2021-02-26T22:39:33.470Z\",\n        \"__v\": 0,\n        \"companyImage\": {\n          \"_id\": \"5eedd46e3c8d74001e4497f4\",\n          \"name\": \"YTree\",\n          \"alternativeText\": \"\",\n          \"caption\": \"\",\n          \"hash\": \"YT_ree_50b80993fc\",\n          \"ext\": \".png\",\n          \"mime\": \"image/png\",\n          \"size\": 6.33,\n          \"width\": 200,\n          \"height\": 200,\n          \"url\": \"/uploads/YT_ree_50b80993fc.png\",\n          \"formats\": {\n            \"thumbnail\": {\n              \"hash\": \"thumbnail_YT_ree_50b80993fc\",\n              \"ext\": \".png\",\n              \"mime\": \"image/png\",\n              \"width\": 156,\n              \"height\": 156,\n              \"size\": 10.07,\n              \"path\": null,\n              \"url\": \"/uploads/thumbnail_YT_ree_50b80993fc.png\"\n            }\n          },\n          \"provider\": \"local\",\n          \"related\": [\n            \"5eedd4803c8d74001e4497f5\"\n          ],\n          \"createdAt\": \"2020-06-20T09:18:38.337Z\",\n          \"updatedAt\": \"2020-06-20T09:18:56.106Z\",\n          \"__v\": 0,\n          \"id\": \"5eedd46e3c8d74001e4497f4\"\n        },\n        \"shortDescription\": \"Lead Developer of exciting fin-tech platform composed of event-driven and restful microservices.\",\n        \"updated_by\": \"5e4839cd1c2d53001dcc0696\",\n        \"longDescription\": \"Lead Developer of exciting fin-tech platform composed of event-driven and restful microservices.\\n\\nHeavily involved in transforming a monolithic application into a suite of fault-tolerant event-driven and restful microservices written with Kotlin and Spring Boot. \\n\\nLead a cloud-native transformation by improving the path to production of services by introducing a number of tools and technologies to aide with continuous delivery of features:\\n\\n-  Cucumber for integration testing\\n-  Pact for contract testing (consumer-driven contracts for both synchronous (HTTP) and event-driven (Kafka) communication)\\n-  Test Containers for component testing\\n-  Use of Spring Cloud Kubernetes and Spring Cloud vault for environment-specific configuration (as per the [12-factor app](https://12factor.net/))\\n- Jenkin X pipelines to build and deploy helm charts for each service and environment.\\n- Keycloak for identity management.\\n- Rolling updates of k8s deployments for no-outage releases.\\n\\nAlso contributed to the YTree technical blog sharing knowledge amongst the team in the form of both written blogs and recorded videos. \\n\\n\\n\\n\\n\\n\",\n        \"location\": \"London\",\n        \"id\": \"5eedd4803c8d74001e4497f5\"\n      }\n    ],\n    \"blogs\": [],\n    \"id\": \"5f635dde5ee4c9001d2b9658\"\n  },\n  {\n    \"includeOnResume\": false,\n    \"_id\": \"5f635de75ee4c9001d2b9659\",\n    \"name\": \"Selenium\",\n    \"rating\": 8.5,\n    \"createdAt\": \"2020-09-17T13:00:23.952Z\",\n    \"updatedAt\": \"2020-09-27T07:49:27.552Z\",\n    \"__v\": 0,\n    \"created_by\": {\n      \"_id\": \"5e4839cd1c2d53001dcc0696\",\n      \"username\": \"simon.rowe@gmail.com\",\n      \"createdAt\": \"2020-02-15T18:34:53.155Z\",\n      \"updatedAt\": \"2020-09-17T07:45:13.526Z\",\n      \"__v\": 0,\n      \"id\": \"5e4839cd1c2d53001dcc0696\"\n    },\n    \"updated_by\": {\n      \"_id\": \"5e4839cd1c2d53001dcc0696\",\n      \"username\": \"simon.rowe@gmail.com\",\n      \"createdAt\": \"2020-02-15T18:34:53.155Z\",\n      \"updatedAt\": \"2020-09-17T07:45:13.526Z\",\n      \"__v\": 0,\n      \"id\": \"5e4839cd1c2d53001dcc0696\"\n    },\n    \"image\": {\n      \"_id\": \"5f68997376320d001e515e76\",\n      \"name\": \"selenium.jpg\",\n      \"alternativeText\": \"\",\n      \"caption\": \"\",\n      \"hash\": \"selenium_405a3ac8a5\",\n      \"ext\": \".jpg\",\n      \"mime\": \"image/jpeg\",\n      \"size\": 18.69,\n      \"width\": 600,\n      \"height\": 400,\n      \"url\": \"/uploads/selenium_405a3ac8a5.jpg\",\n      \"formats\": {\n        \"thumbnail\": {\n          \"name\": \"thumbnail_selenium.jpg\",\n          \"hash\": \"thumbnail_selenium_405a3ac8a5\",\n          \"ext\": \".jpg\",\n          \"mime\": \"image/jpeg\",\n          \"width\": 234,\n          \"height\": 156,\n          \"size\": 5.88,\n          \"path\": null,\n          \"url\": \"/uploads/thumbnail_selenium_405a3ac8a5.jpg\"\n        },\n        \"small\": {\n          \"name\": \"small_selenium.jpg\",\n          \"hash\": \"small_selenium_405a3ac8a5\",\n          \"ext\": \".jpg\",\n          \"mime\": \"image/jpeg\",\n          \"width\": 500,\n          \"height\": 333,\n          \"size\": 15.31,\n          \"path\": null,\n          \"url\": \"/uploads/small_selenium_405a3ac8a5.jpg\"\n        }\n      },\n      \"provider\": \"local\",\n      \"related\": [\n        \"5f635de75ee4c9001d2b9659\"\n      ],\n      \"createdAt\": \"2020-09-21T12:15:47.582Z\",\n      \"updatedAt\": \"2020-09-21T12:15:49.983Z\",\n      \"__v\": 0,\n      \"created_by\": \"5e4839cd1c2d53001dcc0696\",\n      \"updated_by\": \"5e4839cd1c2d53001dcc0696\",\n      \"id\": \"5f68997376320d001e515e76\"\n    },\n    \"description\": \"Selenium is an open-source tool that automates web browsers. It provides a single interface that lets you write test scripts in programming languages like Ruby, Java, NodeJS, PHP, Perl, Python, and C#, among others.\\n\\nA browser-driver then executes these scripts on a browser-instance on your device (more on this in a moment).\",\n    \"jobs\": [\n      {\n        \"education\": false,\n        \"includeOnResume\": true,\n        \"attachments\": [],\n        \"skills\": [\n          \"5f635b3f5ee4c9001d2b962f\",\n          \"5f635b8b5ee4c9001d2b9634\",\n          \"5f635c185ee4c9001d2b963a\",\n          \"5f635c2e5ee4c9001d2b963c\",\n          \"5f635c675ee4c9001d2b9640\",\n          \"5f635c745ee4c9001d2b9641\",\n          \"5f635c845ee4c9001d2b9642\",\n          \"5f635cb65ee4c9001d2b9644\",\n          \"5f635cc45ee4c9001d2b9645\",\n          \"5f635cdc5ee4c9001d2b9646\",\n          \"5f635ceb5ee4c9001d2b9647\",\n          \"5f635d045ee4c9001d2b9649\",\n          \"5f635d115ee4c9001d2b964a\",\n          \"5f635d1e5ee4c9001d2b964b\",\n          \"5f635d2c5ee4c9001d2b964c\",\n          \"5f635d425ee4c9001d2b964d\",\n          \"5f635d7e5ee4c9001d2b964f\",\n          \"5f635d875ee4c9001d2b9650\",\n          \"5f635d905ee4c9001d2b9651\",\n          \"5f635d9e5ee4c9001d2b9652\",\n          \"5f635da95ee4c9001d2b9653\",\n          \"5f635dbe5ee4c9001d2b9655\",\n          \"5f635dde5ee4c9001d2b9658\",\n          \"5f635e235ee4c9001d2b965b\",\n          \"5f635e595ee4c9001d2b965f\",\n          \"5f635e755ee4c9001d2b9662\",\n          \"5f635df45ee4c9001d2b965a\",\n          \"5f635de75ee4c9001d2b9659\",\n          \"5f635e7d5ee4c9001d2b9663\",\n          \"5f635e885ee4c9001d2b9664\",\n          \"5f635ea45ee4c9001d2b9666\",\n          \"5f635ee35ee4c9001d2b9668\",\n          \"602236d69dc383001e945ddc\",\n          \"6029446c9dc383001e945de9\",\n          \"5f635b6a5ee4c9001d2b9632\",\n          \"5f635bb85ee4c9001d2b9635\"\n        ],\n        \"_id\": \"5e53713a11c196001d06f91a\",\n        \"title\": \"Senior Director, Java Development\",\n        \"startDate\": \"2011-07-12\",\n        \"createdAt\": \"2020-02-24T06:46:18.484Z\",\n        \"updatedAt\": \"2021-02-26T22:37:22.370Z\",\n        \"__v\": 0,\n        \"company\": \"Universal Music Publishing\",\n        \"companyUrl\": \"https://www.umusicpub.com/\",\n        \"endDate\": \"2018-08-11\",\n        \"shortDescription\": \"Technology leader in cloud native development for business critical applications.\",\n        \"companyImage\": {\n          \"_id\": \"5f6618325ee4c9001d2b969c\",\n          \"name\": \"umpg.png\",\n          \"alternativeText\": \"\",\n          \"caption\": \"\",\n          \"hash\": \"umpg_121becd400\",\n          \"ext\": \".png\",\n          \"mime\": \"image/png\",\n          \"size\": 129.45,\n          \"width\": 400,\n          \"height\": 400,\n          \"url\": \"/uploads/umpg_121becd400.png\",\n          \"formats\": {\n            \"thumbnail\": {\n              \"name\": \"thumbnail_umpg.png\",\n              \"hash\": \"thumbnail_umpg_121becd400\",\n              \"ext\": \".png\",\n              \"mime\": \"image/png\",\n              \"width\": 156,\n              \"height\": 156,\n              \"size\": 31.14,\n              \"path\": null,\n              \"url\": \"/uploads/thumbnail_umpg_121becd400.png\"\n            }\n          },\n          \"provider\": \"local\",\n          \"related\": [\n            \"5e53713a11c196001d06f91a\"\n          ],\n          \"createdAt\": \"2020-09-19T14:39:46.169Z\",\n          \"updatedAt\": \"2021-02-08T08:15:39.296Z\",\n          \"__v\": 0,\n          \"created_by\": \"5e4839cd1c2d53001dcc0696\",\n          \"updated_by\": \"5e4839cd1c2d53001dcc0696\",\n          \"id\": \"5f6618325ee4c9001d2b969c\"\n        },\n        \"updated_by\": \"5e4839cd1c2d53001dcc0696\",\n        \"longDescription\": \"Responsible for architecture and delivery of greenfield internal and public facing business applications. Super scrum master, removing obstacles for four dynamic scrum teams. Frequent commiter.\\n\\nRe-architecture of multiple monoliths with single points of failure to AWS,resulting in scalable, fault tolerant software reducing the operational cost significantly.\\n\\nIntroduced automated testing as a development activity utilising technologies such as cucumber, selenium, docker which allows for far shorter release cycles.\\n\\nDesigned the company's first 'serverless' application at AWS, Utilising ECS Fargate, Lambda, SQS, SNS, ElasticSearch, S3.\",\n        \"location\": \"London\",\n        \"id\": \"5e53713a11c196001d06f91a\"\n      }\n    ],\n    \"blogs\": [],\n    \"id\": \"5f635de75ee4c9001d2b9659\"\n  },\n  {\n    \"includeOnResume\": false,\n    \"_id\": \"5f635df45ee4c9001d2b965a\",\n    \"name\": \"DBUnit\",\n    \"rating\": 6.5,\n    \"createdAt\": \"2020-09-17T13:00:36.561Z\",\n    \"updatedAt\": \"2020-09-27T07:50:00.014Z\",\n    \"__v\": 0,\n    \"created_by\": {\n      \"_id\": \"5e4839cd1c2d53001dcc0696\",\n      \"username\": \"simon.rowe@gmail.com\",\n      \"createdAt\": \"2020-02-15T18:34:53.155Z\",\n      \"updatedAt\": \"2020-09-17T07:45:13.526Z\",\n      \"__v\": 0,\n      \"id\": \"5e4839cd1c2d53001dcc0696\"\n    },\n    \"updated_by\": {\n      \"_id\": \"5e4839cd1c2d53001dcc0696\",\n      \"username\": \"simon.rowe@gmail.com\",\n      \"createdAt\": \"2020-02-15T18:34:53.155Z\",\n      \"updatedAt\": \"2020-09-17T07:45:13.526Z\",\n      \"__v\": 0,\n      \"id\": \"5e4839cd1c2d53001dcc0696\"\n    },\n    \"image\": {\n      \"_id\": \"5f68999676320d001e515e78\",\n      \"name\": \"dbunit.jpg\",\n      \"alternativeText\": \"\",\n      \"caption\": \"\",\n      \"hash\": \"dbunit_cd69ce96e6\",\n      \"ext\": \".jpg\",\n      \"mime\": \"image/jpeg\",\n      \"size\": 5.63,\n      \"width\": 300,\n      \"height\": 151,\n      \"url\": \"/uploads/dbunit_cd69ce96e6.jpg\",\n      \"formats\": {\n        \"thumbnail\": {\n          \"name\": \"thumbnail_dbunit.jpg\",\n          \"hash\": \"thumbnail_dbunit_cd69ce96e6\",\n          \"ext\": \".jpg\",\n          \"mime\": \"image/jpeg\",\n          \"width\": 245,\n          \"height\": 123,\n          \"size\": 4.78,\n          \"path\": null,\n          \"url\": \"/uploads/thumbnail_dbunit_cd69ce96e6.jpg\"\n        }\n      },\n      \"provider\": \"local\",\n      \"related\": [\n        \"5f635df45ee4c9001d2b965a\"\n      ],\n      \"createdAt\": \"2020-09-21T12:16:22.347Z\",\n      \"updatedAt\": \"2020-09-21T12:16:24.862Z\",\n      \"__v\": 0,\n      \"created_by\": \"5e4839cd1c2d53001dcc0696\",\n      \"updated_by\": \"5e4839cd1c2d53001dcc0696\",\n      \"id\": \"5f68999676320d001e515e78\"\n    },\n    \"description\": \"DbUnit is a JUnit extension (also usable with Ant) targeted at database-driven projects that, among other things, puts your database into a known state between test runs. This is an excellent way to avoid the myriad of problems that can occur when one test case corrupts the database and causes subsequent tests to fail or exacerbate the damage.\\n\\nDbUnit has the ability to export and import your database data to and from XML datasets. Since version 2.0, DbUnit can also work with very large datasets when used in streaming mode. DbUnit can also help you to verify that your database data match an expected set of values\",\n    \"jobs\": [\n      {\n        \"education\": false,\n        \"includeOnResume\": true,\n        \"attachments\": [],\n        \"skills\": [\n          \"5f635b3f5ee4c9001d2b962f\",\n          \"5f635b8b5ee4c9001d2b9634\",\n          \"5f635c185ee4c9001d2b963a\",\n          \"5f635c2e5ee4c9001d2b963c\",\n          \"5f635c675ee4c9001d2b9640\",\n          \"5f635c745ee4c9001d2b9641\",\n          \"5f635c845ee4c9001d2b9642\",\n          \"5f635cb65ee4c9001d2b9644\",\n          \"5f635cc45ee4c9001d2b9645\",\n          \"5f635cdc5ee4c9001d2b9646\",\n          \"5f635ceb5ee4c9001d2b9647\",\n          \"5f635d045ee4c9001d2b9649\",\n          \"5f635d115ee4c9001d2b964a\",\n          \"5f635d1e5ee4c9001d2b964b\",\n          \"5f635d2c5ee4c9001d2b964c\",\n          \"5f635d425ee4c9001d2b964d\",\n          \"5f635d7e5ee4c9001d2b964f\",\n          \"5f635d875ee4c9001d2b9650\",\n          \"5f635d905ee4c9001d2b9651\",\n          \"5f635d9e5ee4c9001d2b9652\",\n          \"5f635da95ee4c9001d2b9653\",\n          \"5f635dbe5ee4c9001d2b9655\",\n          \"5f635dde5ee4c9001d2b9658\",\n          \"5f635e235ee4c9001d2b965b\",\n          \"5f635e595ee4c9001d2b965f\",\n          \"5f635e755ee4c9001d2b9662\",\n          \"5f635df45ee4c9001d2b965a\",\n          \"5f635de75ee4c9001d2b9659\",\n          \"5f635e7d5ee4c9001d2b9663\",\n          \"5f635e885ee4c9001d2b9664\",\n          \"5f635ea45ee4c9001d2b9666\",\n          \"5f635ee35ee4c9001d2b9668\",\n          \"602236d69dc383001e945ddc\",\n          \"6029446c9dc383001e945de9\",\n          \"5f635b6a5ee4c9001d2b9632\",\n          \"5f635bb85ee4c9001d2b9635\"\n        ],\n        \"_id\": \"5e53713a11c196001d06f91a\",\n        \"title\": \"Senior Director, Java Development\",\n        \"startDate\": \"2011-07-12\",\n        \"createdAt\": \"2020-02-24T06:46:18.484Z\",\n        \"updatedAt\": \"2021-02-26T22:37:22.370Z\",\n        \"__v\": 0,\n        \"company\": \"Universal Music Publishing\",\n        \"companyUrl\": \"https://www.umusicpub.com/\",\n        \"endDate\": \"2018-08-11\",\n        \"shortDescription\": \"Technology leader in cloud native development for business critical applications.\",\n        \"companyImage\": {\n          \"_id\": \"5f6618325ee4c9001d2b969c\",\n          \"name\": \"umpg.png\",\n          \"alternativeText\": \"\",\n          \"caption\": \"\",\n          \"hash\": \"umpg_121becd400\",\n          \"ext\": \".png\",\n          \"mime\": \"image/png\",\n          \"size\": 129.45,\n          \"width\": 400,\n          \"height\": 400,\n          \"url\": \"/uploads/umpg_121becd400.png\",\n          \"formats\": {\n            \"thumbnail\": {\n              \"name\": \"thumbnail_umpg.png\",\n              \"hash\": \"thumbnail_umpg_121becd400\",\n              \"ext\": \".png\",\n              \"mime\": \"image/png\",\n              \"width\": 156,\n              \"height\": 156,\n              \"size\": 31.14,\n              \"path\": null,\n              \"url\": \"/uploads/thumbnail_umpg_121becd400.png\"\n            }\n          },\n          \"provider\": \"local\",\n          \"related\": [\n            \"5e53713a11c196001d06f91a\"\n          ],\n          \"createdAt\": \"2020-09-19T14:39:46.169Z\",\n          \"updatedAt\": \"2021-02-08T08:15:39.296Z\",\n          \"__v\": 0,\n          \"created_by\": \"5e4839cd1c2d53001dcc0696\",\n          \"updated_by\": \"5e4839cd1c2d53001dcc0696\",\n          \"id\": \"5f6618325ee4c9001d2b969c\"\n        },\n        \"updated_by\": \"5e4839cd1c2d53001dcc0696\",\n        \"longDescription\": \"Responsible for architecture and delivery of greenfield internal and public facing business applications. Super scrum master, removing obstacles for four dynamic scrum teams. Frequent commiter.\\n\\nRe-architecture of multiple monoliths with single points of failure to AWS,resulting in scalable, fault tolerant software reducing the operational cost significantly.\\n\\nIntroduced automated testing as a development activity utilising technologies such as cucumber, selenium, docker which allows for far shorter release cycles.\\n\\nDesigned the company's first 'serverless' application at AWS, Utilising ECS Fargate, Lambda, SQS, SNS, ElasticSearch, S3.\",\n        \"location\": \"London\",\n        \"id\": \"5e53713a11c196001d06f91a\"\n      }\n    ],\n    \"blogs\": [],\n    \"id\": \"5f635df45ee4c9001d2b965a\"\n  },\n  {\n    \"includeOnResume\": false,\n    \"_id\": \"5f635e235ee4c9001d2b965b\",\n    \"name\": \"Mockito\",\n    \"rating\": 9,\n    \"createdAt\": \"2020-09-17T13:01:23.263Z\",\n    \"updatedAt\": \"2020-09-27T07:51:03.834Z\",\n    \"__v\": 0,\n    \"created_by\": {\n      \"_id\": \"5e4839cd1c2d53001dcc0696\",\n      \"username\": \"simon.rowe@gmail.com\",\n      \"createdAt\": \"2020-02-15T18:34:53.155Z\",\n      \"updatedAt\": \"2020-09-17T07:45:13.526Z\",\n      \"__v\": 0,\n      \"id\": \"5e4839cd1c2d53001dcc0696\"\n    },\n    \"updated_by\": {\n      \"_id\": \"5e4839cd1c2d53001dcc0696\",\n      \"username\": \"simon.rowe@gmail.com\",\n      \"createdAt\": \"2020-02-15T18:34:53.155Z\",\n      \"updatedAt\": \"2020-09-17T07:45:13.526Z\",\n      \"__v\": 0,\n      \"id\": \"5e4839cd1c2d53001dcc0696\"\n    },\n    \"image\": {\n      \"_id\": \"5f6899b376320d001e515e7a\",\n      \"name\": \"mockito.png\",\n      \"alternativeText\": \"\",\n      \"caption\": \"\",\n      \"hash\": \"mockito_186b921417\",\n      \"ext\": \".png\",\n      \"mime\": \"image/png\",\n      \"size\": 19.36,\n      \"width\": 200,\n      \"height\": 200,\n      \"url\": \"/uploads/mockito_186b921417.png\",\n      \"formats\": {\n        \"thumbnail\": {\n          \"name\": \"thumbnail_mockito.png\",\n          \"hash\": \"thumbnail_mockito_186b921417\",\n          \"ext\": \".png\",\n          \"mime\": \"image/png\",\n          \"width\": 156,\n          \"height\": 156,\n          \"size\": 27.22,\n          \"path\": null,\n          \"url\": \"/uploads/thumbnail_mockito_186b921417.png\"\n        }\n      },\n      \"provider\": \"local\",\n      \"related\": [\n        \"5f635e235ee4c9001d2b965b\"\n      ],\n      \"createdAt\": \"2020-09-21T12:16:51.111Z\",\n      \"updatedAt\": \"2020-09-21T12:16:54.409Z\",\n      \"__v\": 0,\n      \"created_by\": \"5e4839cd1c2d53001dcc0696\",\n      \"updated_by\": \"5e4839cd1c2d53001dcc0696\",\n      \"id\": \"5f6899b376320d001e515e7a\"\n    },\n    \"description\": \"Mockito is a mocking framework that tastes really good. It lets you write beautiful tests with a clean & simple API. Mockito doesnâ€™t give you hangover because the tests are very readable and they produce clean verification errors.\",\n    \"jobs\": [\n      {\n        \"education\": false,\n        \"includeOnResume\": true,\n        \"attachments\": [],\n        \"skills\": [\n          \"5f635b7e5ee4c9001d2b9633\",\n          \"5f635b8b5ee4c9001d2b9634\",\n          \"5f635c0f5ee4c9001d2b9639\",\n          \"5f635c1e5ee4c9001d2b963b\",\n          \"5f635c2e5ee4c9001d2b963c\",\n          \"5f635c745ee4c9001d2b9641\",\n          \"5f635c845ee4c9001d2b9642\",\n          \"5f635d1e5ee4c9001d2b964b\",\n          \"5f635d2c5ee4c9001d2b964c\",\n          \"5f635d905ee4c9001d2b9651\",\n          \"5f635db55ee4c9001d2b9654\",\n          \"5f635e365ee4c9001d2b965d\",\n          \"5f635e235ee4c9001d2b965b\",\n          \"5f635e2c5ee4c9001d2b965c\",\n          \"5f635e405ee4c9001d2b965e\",\n          \"5f635e935ee4c9001d2b9665\",\n          \"5f635f025ee4c9001d2b966b\",\n          \"5f635c185ee4c9001d2b963a\",\n          \"5f635ceb5ee4c9001d2b9647\",\n          \"5f635cf75ee4c9001d2b9648\",\n          \"5f635d045ee4c9001d2b9649\",\n          \"5f635d115ee4c9001d2b964a\",\n          \"5f63608d5ee4c9001d2b966e\",\n          \"602234ba9dc383001e945dd6\",\n          \"5f635b495ee4c9001d2b9630\",\n          \"5f635b555ee4c9001d2b9631\",\n          \"5f635b6a5ee4c9001d2b9632\",\n          \"5f635ca45ee4c9001d2b9643\",\n          \"5f635eae5ee4c9001d2b9667\",\n          \"5f635ef75ee4c9001d2b966a\",\n          \"5f635e625ee4c9001d2b9660\",\n          \"5f635dd35ee4c9001d2b9657\",\n          \"5f635bb85ee4c9001d2b9635\"\n        ],\n        \"_id\": \"5e53704f11c196001d06f914\",\n        \"title\": \"Software Engineering Lead\",\n        \"startDate\": \"2019-04-15\",\n        \"company\": \"Upp Technologies\",\n        \"companyUrl\": \"https://upp.ai\",\n        \"shortDescription\": \"Hands-on lead engineer in a small cross-functional team.\\n\",\n        \"createdAt\": \"2020-02-24T06:42:23.147Z\",\n        \"updatedAt\": \"2021-02-26T22:37:22.370Z\",\n        \"__v\": 0,\n        \"endDate\": \"2020-05-01\",\n        \"companyImage\": {\n          \"_id\": \"6020f0499dc383001e945dd3\",\n          \"name\": \"upp.png\",\n          \"alternativeText\": \"\",\n          \"caption\": \"\",\n          \"hash\": \"upp_4780c5270b\",\n          \"ext\": \".png\",\n          \"mime\": \"image/png\",\n          \"size\": 2.21,\n          \"width\": 141,\n          \"height\": 106,\n          \"url\": \"/uploads/upp_4780c5270b.png\",\n          \"provider\": \"local\",\n          \"related\": [\n            \"5e53704f11c196001d06f914\"\n          ],\n          \"createdAt\": \"2021-02-08T08:03:21.134Z\",\n          \"updatedAt\": \"2021-02-08T08:03:37.545Z\",\n          \"__v\": 0,\n          \"created_by\": \"5e4839cd1c2d53001dcc0696\",\n          \"updated_by\": \"5e4839cd1c2d53001dcc0696\",\n          \"id\": \"6020f0499dc383001e945dd3\"\n        },\n        \"updated_by\": \"5e4839cd1c2d53001dcc0696\",\n        \"longDescription\": \"Lead Engineer working on all verticals (front end, backend, ops) of the Upp Intelligent Platform. Lead a small cross-functional team of 5 to deliver an event-driven, microservices architecture compromising of the following modules:\\n\\n* Onboarding - data ingestion from 3rd party product providers such as Magento, Shopify and others in conjunction with IPaas (Integration Platform as a Service) This module also consisted of a proprietary data mapping solution.\\n* Products - enrichment, bulk operations and search functionality (using an inverted index).\\n* Margin Hub - a suite of microservices integrating numerous different data points to report on product profitability and suggest intelligent actions to optimise margin.\\n\\n\\nIn addition to leading feature development, my role also comprised of promoting best practises amongst other agile teams including but not limited to:\\n\\n* Creating a customized version of spring initializr that generated skeleton services with all required libraries, Jenkins pipeline definitions, Kubernetes manifest files etc so developers could concentrate on delivering business logic and not plumbing;\\n* Spring Boot starter library for event sourcing\\n* Component testing using test containers\\n* Service - Service authentication using OIDC client credentials with keycloak.\",\n        \"location\": \"London\",\n        \"id\": \"5e53704f11c196001d06f914\"\n      },\n      {\n        \"education\": false,\n        \"includeOnResume\": true,\n        \"attachments\": [],\n        \"skills\": [\n          \"5f635b3f5ee4c9001d2b962f\",\n          \"5f635b8b5ee4c9001d2b9634\",\n          \"5f635c185ee4c9001d2b963a\",\n          \"5f635c2e5ee4c9001d2b963c\",\n          \"5f635c675ee4c9001d2b9640\",\n          \"5f635c745ee4c9001d2b9641\",\n          \"5f635c845ee4c9001d2b9642\",\n          \"5f635cb65ee4c9001d2b9644\",\n          \"5f635cc45ee4c9001d2b9645\",\n          \"5f635cdc5ee4c9001d2b9646\",\n          \"5f635ceb5ee4c9001d2b9647\",\n          \"5f635d045ee4c9001d2b9649\",\n          \"5f635d115ee4c9001d2b964a\",\n          \"5f635d1e5ee4c9001d2b964b\",\n          \"5f635d2c5ee4c9001d2b964c\",\n          \"5f635d425ee4c9001d2b964d\",\n          \"5f635d7e5ee4c9001d2b964f\",\n          \"5f635d875ee4c9001d2b9650\",\n          \"5f635d905ee4c9001d2b9651\",\n          \"5f635d9e5ee4c9001d2b9652\",\n          \"5f635da95ee4c9001d2b9653\",\n          \"5f635dbe5ee4c9001d2b9655\",\n          \"5f635dde5ee4c9001d2b9658\",\n          \"5f635e235ee4c9001d2b965b\",\n          \"5f635e595ee4c9001d2b965f\",\n          \"5f635e755ee4c9001d2b9662\",\n          \"5f635df45ee4c9001d2b965a\",\n          \"5f635de75ee4c9001d2b9659\",\n          \"5f635e7d5ee4c9001d2b9663\",\n          \"5f635e885ee4c9001d2b9664\",\n          \"5f635ea45ee4c9001d2b9666\",\n          \"5f635ee35ee4c9001d2b9668\",\n          \"602236d69dc383001e945ddc\",\n          \"6029446c9dc383001e945de9\",\n          \"5f635b6a5ee4c9001d2b9632\",\n          \"5f635bb85ee4c9001d2b9635\"\n        ],\n        \"_id\": \"5e53713a11c196001d06f91a\",\n        \"title\": \"Senior Director, Java Development\",\n        \"startDate\": \"2011-07-12\",\n        \"createdAt\": \"2020-02-24T06:46:18.484Z\",\n        \"updatedAt\": \"2021-02-26T22:37:22.370Z\",\n        \"__v\": 0,\n        \"company\": \"Universal Music Publishing\",\n        \"companyUrl\": \"https://www.umusicpub.com/\",\n        \"endDate\": \"2018-08-11\",\n        \"shortDescription\": \"Technology leader in cloud native development for business critical applications.\",\n        \"companyImage\": {\n          \"_id\": \"5f6618325ee4c9001d2b969c\",\n          \"name\": \"umpg.png\",\n          \"alternativeText\": \"\",\n          \"caption\": \"\",\n          \"hash\": \"umpg_121becd400\",\n          \"ext\": \".png\",\n          \"mime\": \"image/png\",\n          \"size\": 129.45,\n          \"width\": 400,\n          \"height\": 400,\n          \"url\": \"/uploads/umpg_121becd400.png\",\n          \"formats\": {\n            \"thumbnail\": {\n              \"name\": \"thumbnail_umpg.png\",\n              \"hash\": \"thumbnail_umpg_121becd400\",\n              \"ext\": \".png\",\n              \"mime\": \"image/png\",\n              \"width\": 156,\n              \"height\": 156,\n              \"size\": 31.14,\n              \"path\": null,\n              \"url\": \"/uploads/thumbnail_umpg_121becd400.png\"\n            }\n          },\n          \"provider\": \"local\",\n          \"related\": [\n            \"5e53713a11c196001d06f91a\"\n          ],\n          \"createdAt\": \"2020-09-19T14:39:46.169Z\",\n          \"updatedAt\": \"2021-02-08T08:15:39.296Z\",\n          \"__v\": 0,\n          \"created_by\": \"5e4839cd1c2d53001dcc0696\",\n          \"updated_by\": \"5e4839cd1c2d53001dcc0696\",\n          \"id\": \"5f6618325ee4c9001d2b969c\"\n        },\n        \"updated_by\": \"5e4839cd1c2d53001dcc0696\",\n        \"longDescription\": \"Responsible for architecture and delivery of greenfield internal and public facing business applications. Super scrum master, removing obstacles for four dynamic scrum teams. Frequent commiter.\\n\\nRe-architecture of multiple monoliths with single points of failure to AWS,resulting in scalable, fault tolerant software reducing the operational cost significantly.\\n\\nIntroduced automated testing as a development activity utilising technologies such as cucumber, selenium, docker which allows for far shorter release cycles.\\n\\nDesigned the company's first 'serverless' application at AWS, Utilising ECS Fargate, Lambda, SQS, SNS, ElasticSearch, S3.\",\n        \"location\": \"London\",\n        \"id\": \"5e53713a11c196001d06f91a\"\n      },\n      {\n        \"education\": false,\n        \"includeOnResume\": true,\n        \"attachments\": [],\n        \"skills\": [\n          \"5f635b7e5ee4c9001d2b9633\",\n          \"5f635b8b5ee4c9001d2b9634\",\n          \"5f635bf05ee4c9001d2b9637\",\n          \"5f635c0f5ee4c9001d2b9639\",\n          \"5f635c185ee4c9001d2b963a\",\n          \"5f635c1e5ee4c9001d2b963b\",\n          \"5f635c005ee4c9001d2b9638\",\n          \"5f635c2e5ee4c9001d2b963c\",\n          \"5f635c4f5ee4c9001d2b963f\",\n          \"5f635c675ee4c9001d2b9640\",\n          \"5f635c745ee4c9001d2b9641\",\n          \"5f635c845ee4c9001d2b9642\",\n          \"5f635ceb5ee4c9001d2b9647\",\n          \"5f635cf75ee4c9001d2b9648\",\n          \"5f635d045ee4c9001d2b9649\",\n          \"5f635d115ee4c9001d2b964a\",\n          \"5f635d1e5ee4c9001d2b964b\",\n          \"5f635d2c5ee4c9001d2b964c\",\n          \"5f635d425ee4c9001d2b964d\",\n          \"5f635d905ee4c9001d2b9651\",\n          \"5f635db55ee4c9001d2b9654\",\n          \"5f635dde5ee4c9001d2b9658\",\n          \"5f635e235ee4c9001d2b965b\",\n          \"5f635e2c5ee4c9001d2b965c\",\n          \"5f635e935ee4c9001d2b9665\",\n          \"5f635ef05ee4c9001d2b9669\",\n          \"5f635f8f5ee4c9001d2b966c\",\n          \"5f635f995ee4c9001d2b966d\",\n          \"5f635f025ee4c9001d2b966b\",\n          \"5f63608d5ee4c9001d2b966e\",\n          \"602234ba9dc383001e945dd6\",\n          \"5f635b555ee4c9001d2b9631\",\n          \"5f635b6a5ee4c9001d2b9632\",\n          \"5f635ca45ee4c9001d2b9643\",\n          \"5f635eae5ee4c9001d2b9667\",\n          \"5f635ef75ee4c9001d2b966a\",\n          \"5f635c375ee4c9001d2b963d\",\n          \"5f635e625ee4c9001d2b9660\",\n          \"5f635dd35ee4c9001d2b9657\",\n          \"5f635bb85ee4c9001d2b9635\",\n          \"60291c5d9dc383001e945de2\"\n        ],\n        \"_id\": \"5eedd4803c8d74001e4497f5\",\n        \"startDate\": \"2020-05-04\",\n        \"company\": \"Y-Tree\",\n        \"companyUrl\": \"https://y-tree.com/\",\n        \"title\": \"Senior Developer\",\n        \"createdAt\": \"2020-06-20T09:18:56.102Z\",\n        \"updatedAt\": \"2021-02-26T22:39:33.470Z\",\n        \"__v\": 0,\n        \"companyImage\": {\n          \"_id\": \"5eedd46e3c8d74001e4497f4\",\n          \"name\": \"YTree\",\n          \"alternativeText\": \"\",\n          \"caption\": \"\",\n          \"hash\": \"YT_ree_50b80993fc\",\n          \"ext\": \".png\",\n          \"mime\": \"image/png\",\n          \"size\": 6.33,\n          \"width\": 200,\n          \"height\": 200,\n          \"url\": \"/uploads/YT_ree_50b80993fc.png\",\n          \"formats\": {\n            \"thumbnail\": {\n              \"hash\": \"thumbnail_YT_ree_50b80993fc\",\n              \"ext\": \".png\",\n              \"mime\": \"image/png\",\n              \"width\": 156,\n              \"height\": 156,\n              \"size\": 10.07,\n              \"path\": null,\n              \"url\": \"/uploads/thumbnail_YT_ree_50b80993fc.png\"\n            }\n          },\n          \"provider\": \"local\",\n          \"related\": [\n            \"5eedd4803c8d74001e4497f5\"\n          ],\n          \"createdAt\": \"2020-06-20T09:18:38.337Z\",\n          \"updatedAt\": \"2020-06-20T09:18:56.106Z\",\n          \"__v\": 0,\n          \"id\": \"5eedd46e3c8d74001e4497f4\"\n        },\n        \"shortDescription\": \"Lead Developer of exciting fin-tech platform composed of event-driven and restful microservices.\",\n        \"updated_by\": \"5e4839cd1c2d53001dcc0696\",\n        \"longDescription\": \"Lead Developer of exciting fin-tech platform composed of event-driven and restful microservices.\\n\\nHeavily involved in transforming a monolithic application into a suite of fault-tolerant event-driven and restful microservices written with Kotlin and Spring Boot. \\n\\nLead a cloud-native transformation by improving the path to production of services by introducing a number of tools and technologies to aide with continuous delivery of features:\\n\\n-  Cucumber for integration testing\\n-  Pact for contract testing (consumer-driven contracts for both synchronous (HTTP) and event-driven (Kafka) communication)\\n-  Test Containers for component testing\\n-  Use of Spring Cloud Kubernetes and Spring Cloud vault for environment-specific configuration (as per the [12-factor app](https://12factor.net/))\\n- Jenkin X pipelines to build and deploy helm charts for each service and environment.\\n- Keycloak for identity management.\\n- Rolling updates of k8s deployments for no-outage releases.\\n\\nAlso contributed to the YTree technical blog sharing knowledge amongst the team in the form of both written blogs and recorded videos. \\n\\n\\n\\n\\n\\n\",\n        \"location\": \"London\",\n        \"id\": \"5eedd4803c8d74001e4497f5\"\n      }\n    ],\n    \"blogs\": [],\n    \"id\": \"5f635e235ee4c9001d2b965b\"\n  },\n  {\n    \"includeOnResume\": false,\n    \"_id\": \"5f635e2c5ee4c9001d2b965c\",\n    \"name\": \"Mockk\",\n    \"rating\": 9,\n    \"createdAt\": \"2020-09-17T13:01:32.552Z\",\n    \"updatedAt\": \"2020-09-21T12:17:10.214Z\",\n    \"__v\": 0,\n    \"created_by\": {\n      \"_id\": \"5e4839cd1c2d53001dcc0696\",\n      \"username\": \"simon.rowe@gmail.com\",\n      \"createdAt\": \"2020-02-15T18:34:53.155Z\",\n      \"updatedAt\": \"2020-09-17T07:45:13.526Z\",\n      \"__v\": 0,\n      \"id\": \"5e4839cd1c2d53001dcc0696\"\n    },\n    \"updated_by\": {\n      \"_id\": \"5e4839cd1c2d53001dcc0696\",\n      \"username\": \"simon.rowe@gmail.com\",\n      \"createdAt\": \"2020-02-15T18:34:53.155Z\",\n      \"updatedAt\": \"2020-09-17T07:45:13.526Z\",\n      \"__v\": 0,\n      \"id\": \"5e4839cd1c2d53001dcc0696\"\n    },\n    \"image\": {\n      \"_id\": \"5f6614835ee4c9001d2b9688\",\n      \"name\": \"mockk.png\",\n      \"alternativeText\": \"\",\n      \"caption\": \"\",\n      \"hash\": \"mockk_bc39ec979c\",\n      \"ext\": \".png\",\n      \"mime\": \"image/png\",\n      \"size\": 270.6,\n      \"width\": 813,\n      \"height\": 300,\n      \"url\": \"/uploads/mockk_bc39ec979c.png\",\n      \"formats\": {\n        \"thumbnail\": {\n          \"name\": \"thumbnail_mockk.png\",\n          \"hash\": \"thumbnail_mockk_bc39ec979c\",\n          \"ext\": \".png\",\n          \"mime\": \"image/png\",\n          \"width\": 245,\n          \"height\": 90,\n          \"size\": 56.72,\n          \"path\": null,\n          \"url\": \"/uploads/thumbnail_mockk_bc39ec979c.png\"\n        },\n        \"medium\": {\n          \"name\": \"medium_mockk.png\",\n          \"hash\": \"medium_mockk_bc39ec979c\",\n          \"ext\": \".png\",\n          \"mime\": \"image/png\",\n          \"width\": 750,\n          \"height\": 277,\n          \"size\": 362.9,\n          \"path\": null,\n          \"url\": \"/uploads/medium_mockk_bc39ec979c.png\"\n        },\n        \"small\": {\n          \"name\": \"small_mockk.png\",\n          \"hash\": \"small_mockk_bc39ec979c\",\n          \"ext\": \".png\",\n          \"mime\": \"image/png\",\n          \"width\": 500,\n          \"height\": 185,\n          \"size\": 191.75,\n          \"path\": null,\n          \"url\": \"/uploads/small_mockk_bc39ec979c.png\"\n        }\n      },\n      \"provider\": \"local\",\n      \"related\": [\n        \"5f635a495ee4c9001d2b962c\",\n        \"5f635e2c5ee4c9001d2b965c\"\n      ],\n      \"createdAt\": \"2020-09-19T14:24:03.125Z\",\n      \"updatedAt\": \"2020-09-21T12:17:10.212Z\",\n      \"__v\": 0,\n      \"created_by\": \"5e4839cd1c2d53001dcc0696\",\n      \"updated_by\": \"5e4839cd1c2d53001dcc0696\",\n      \"id\": \"5f6614835ee4c9001d2b9688\"\n    },\n    \"jobs\": [\n      {\n        \"education\": false,\n        \"includeOnResume\": true,\n        \"attachments\": [],\n        \"skills\": [\n          \"5f635b7e5ee4c9001d2b9633\",\n          \"5f635b8b5ee4c9001d2b9634\",\n          \"5f635c0f5ee4c9001d2b9639\",\n          \"5f635c1e5ee4c9001d2b963b\",\n          \"5f635c2e5ee4c9001d2b963c\",\n          \"5f635c745ee4c9001d2b9641\",\n          \"5f635c845ee4c9001d2b9642\",\n          \"5f635d1e5ee4c9001d2b964b\",\n          \"5f635d2c5ee4c9001d2b964c\",\n          \"5f635d905ee4c9001d2b9651\",\n          \"5f635db55ee4c9001d2b9654\",\n          \"5f635e365ee4c9001d2b965d\",\n          \"5f635e235ee4c9001d2b965b\",\n          \"5f635e2c5ee4c9001d2b965c\",\n          \"5f635e405ee4c9001d2b965e\",\n          \"5f635e935ee4c9001d2b9665\",\n          \"5f635f025ee4c9001d2b966b\",\n          \"5f635c185ee4c9001d2b963a\",\n          \"5f635ceb5ee4c9001d2b9647\",\n          \"5f635cf75ee4c9001d2b9648\",\n          \"5f635d045ee4c9001d2b9649\",\n          \"5f635d115ee4c9001d2b964a\",\n          \"5f63608d5ee4c9001d2b966e\",\n          \"602234ba9dc383001e945dd6\",\n          \"5f635b495ee4c9001d2b9630\",\n          \"5f635b555ee4c9001d2b9631\",\n          \"5f635b6a5ee4c9001d2b9632\",\n          \"5f635ca45ee4c9001d2b9643\",\n          \"5f635eae5ee4c9001d2b9667\",\n          \"5f635ef75ee4c9001d2b966a\",\n          \"5f635e625ee4c9001d2b9660\",\n          \"5f635dd35ee4c9001d2b9657\",\n          \"5f635bb85ee4c9001d2b9635\"\n        ],\n        \"_id\": \"5e53704f11c196001d06f914\",\n        \"title\": \"Software Engineering Lead\",\n        \"startDate\": \"2019-04-15\",\n        \"company\": \"Upp Technologies\",\n        \"companyUrl\": \"https://upp.ai\",\n        \"shortDescription\": \"Hands-on lead engineer in a small cross-functional team.\\n\",\n        \"createdAt\": \"2020-02-24T06:42:23.147Z\",\n        \"updatedAt\": \"2021-02-26T22:37:22.370Z\",\n        \"__v\": 0,\n        \"endDate\": \"2020-05-01\",\n        \"companyImage\": {\n          \"_id\": \"6020f0499dc383001e945dd3\",\n          \"name\": \"upp.png\",\n          \"alternativeText\": \"\",\n          \"caption\": \"\",\n          \"hash\": \"upp_4780c5270b\",\n          \"ext\": \".png\",\n          \"mime\": \"image/png\",\n          \"size\": 2.21,\n          \"width\": 141,\n          \"height\": 106,\n          \"url\": \"/uploads/upp_4780c5270b.png\",\n          \"provider\": \"local\",\n          \"related\": [\n            \"5e53704f11c196001d06f914\"\n          ],\n          \"createdAt\": \"2021-02-08T08:03:21.134Z\",\n          \"updatedAt\": \"2021-02-08T08:03:37.545Z\",\n          \"__v\": 0,\n          \"created_by\": \"5e4839cd1c2d53001dcc0696\",\n          \"updated_by\": \"5e4839cd1c2d53001dcc0696\",\n          \"id\": \"6020f0499dc383001e945dd3\"\n        },\n        \"updated_by\": \"5e4839cd1c2d53001dcc0696\",\n        \"longDescription\": \"Lead Engineer working on all verticals (front end, backend, ops) of the Upp Intelligent Platform. Lead a small cross-functional team of 5 to deliver an event-driven, microservices architecture compromising of the following modules:\\n\\n* Onboarding - data ingestion from 3rd party product providers such as Magento, Shopify and others in conjunction with IPaas (Integration Platform as a Service) This module also consisted of a proprietary data mapping solution.\\n* Products - enrichment, bulk operations and search functionality (using an inverted index).\\n* Margin Hub - a suite of microservices integrating numerous different data points to report on product profitability and suggest intelligent actions to optimise margin.\\n\\n\\nIn addition to leading feature development, my role also comprised of promoting best practises amongst other agile teams including but not limited to:\\n\\n* Creating a customized version of spring initializr that generated skeleton services with all required libraries, Jenkins pipeline definitions, Kubernetes manifest files etc so developers could concentrate on delivering business logic and not plumbing;\\n* Spring Boot starter library for event sourcing\\n* Component testing using test containers\\n* Service - Service authentication using OIDC client credentials with keycloak.\",\n        \"location\": \"London\",\n        \"id\": \"5e53704f11c196001d06f914\"\n      },\n      {\n        \"education\": false,\n        \"includeOnResume\": true,\n        \"attachments\": [],\n        \"skills\": [\n          \"5f635b7e5ee4c9001d2b9633\",\n          \"5f635b8b5ee4c9001d2b9634\",\n          \"5f635bf05ee4c9001d2b9637\",\n          \"5f635c0f5ee4c9001d2b9639\",\n          \"5f635c185ee4c9001d2b963a\",\n          \"5f635c1e5ee4c9001d2b963b\",\n          \"5f635c005ee4c9001d2b9638\",\n          \"5f635c2e5ee4c9001d2b963c\",\n          \"5f635c4f5ee4c9001d2b963f\",\n          \"5f635c675ee4c9001d2b9640\",\n          \"5f635c745ee4c9001d2b9641\",\n          \"5f635c845ee4c9001d2b9642\",\n          \"5f635ceb5ee4c9001d2b9647\",\n          \"5f635cf75ee4c9001d2b9648\",\n          \"5f635d045ee4c9001d2b9649\",\n          \"5f635d115ee4c9001d2b964a\",\n          \"5f635d1e5ee4c9001d2b964b\",\n          \"5f635d2c5ee4c9001d2b964c\",\n          \"5f635d425ee4c9001d2b964d\",\n          \"5f635d905ee4c9001d2b9651\",\n          \"5f635db55ee4c9001d2b9654\",\n          \"5f635dde5ee4c9001d2b9658\",\n          \"5f635e235ee4c9001d2b965b\",\n          \"5f635e2c5ee4c9001d2b965c\",\n          \"5f635e935ee4c9001d2b9665\",\n          \"5f635ef05ee4c9001d2b9669\",\n          \"5f635f8f5ee4c9001d2b966c\",\n          \"5f635f995ee4c9001d2b966d\",\n          \"5f635f025ee4c9001d2b966b\",\n          \"5f63608d5ee4c9001d2b966e\",\n          \"602234ba9dc383001e945dd6\",\n          \"5f635b555ee4c9001d2b9631\",\n          \"5f635b6a5ee4c9001d2b9632\",\n          \"5f635ca45ee4c9001d2b9643\",\n          \"5f635eae5ee4c9001d2b9667\",\n          \"5f635ef75ee4c9001d2b966a\",\n          \"5f635c375ee4c9001d2b963d\",\n          \"5f635e625ee4c9001d2b9660\",\n          \"5f635dd35ee4c9001d2b9657\",\n          \"5f635bb85ee4c9001d2b9635\",\n          \"60291c5d9dc383001e945de2\"\n        ],\n        \"_id\": \"5eedd4803c8d74001e4497f5\",\n        \"startDate\": \"2020-05-04\",\n        \"company\": \"Y-Tree\",\n        \"companyUrl\": \"https://y-tree.com/\",\n        \"title\": \"Senior Developer\",\n        \"createdAt\": \"2020-06-20T09:18:56.102Z\",\n        \"updatedAt\": \"2021-02-26T22:39:33.470Z\",\n        \"__v\": 0,\n        \"companyImage\": {\n          \"_id\": \"5eedd46e3c8d74001e4497f4\",\n          \"name\": \"YTree\",\n          \"alternativeText\": \"\",\n          \"caption\": \"\",\n          \"hash\": \"YT_ree_50b80993fc\",\n          \"ext\": \".png\",\n          \"mime\": \"image/png\",\n          \"size\": 6.33,\n          \"width\": 200,\n          \"height\": 200,\n          \"url\": \"/uploads/YT_ree_50b80993fc.png\",\n          \"formats\": {\n            \"thumbnail\": {\n              \"hash\": \"thumbnail_YT_ree_50b80993fc\",\n              \"ext\": \".png\",\n              \"mime\": \"image/png\",\n              \"width\": 156,\n              \"height\": 156,\n              \"size\": 10.07,\n              \"path\": null,\n              \"url\": \"/uploads/thumbnail_YT_ree_50b80993fc.png\"\n            }\n          },\n          \"provider\": \"local\",\n          \"related\": [\n            \"5eedd4803c8d74001e4497f5\"\n          ],\n          \"createdAt\": \"2020-06-20T09:18:38.337Z\",\n          \"updatedAt\": \"2020-06-20T09:18:56.106Z\",\n          \"__v\": 0,\n          \"id\": \"5eedd46e3c8d74001e4497f4\"\n        },\n        \"shortDescription\": \"Lead Developer of exciting fin-tech platform composed of event-driven and restful microservices.\",\n        \"updated_by\": \"5e4839cd1c2d53001dcc0696\",\n        \"longDescription\": \"Lead Developer of exciting fin-tech platform composed of event-driven and restful microservices.\\n\\nHeavily involved in transforming a monolithic application into a suite of fault-tolerant event-driven and restful microservices written with Kotlin and Spring Boot. \\n\\nLead a cloud-native transformation by improving the path to production of services by introducing a number of tools and technologies to aide with continuous delivery of features:\\n\\n-  Cucumber for integration testing\\n-  Pact for contract testing (consumer-driven contracts for both synchronous (HTTP) and event-driven (Kafka) communication)\\n-  Test Containers for component testing\\n-  Use of Spring Cloud Kubernetes and Spring Cloud vault for environment-specific configuration (as per the [12-factor app](https://12factor.net/))\\n- Jenkin X pipelines to build and deploy helm charts for each service and environment.\\n- Keycloak for identity management.\\n- Rolling updates of k8s deployments for no-outage releases.\\n\\nAlso contributed to the YTree technical blog sharing knowledge amongst the team in the form of both written blogs and recorded videos. \\n\\n\\n\\n\\n\\n\",\n        \"location\": \"London\",\n        \"id\": \"5eedd4803c8d74001e4497f5\"\n      }\n    ],\n    \"blogs\": [],\n    \"id\": \"5f635e2c5ee4c9001d2b965c\"\n  },\n  {\n    \"includeOnResume\": false,\n    \"_id\": \"5f635e365ee4c9001d2b965d\",\n    \"name\": \"Spring Rest Docs\",\n    \"rating\": 8,\n    \"createdAt\": \"2020-09-17T13:01:42.914Z\",\n    \"updatedAt\": \"2020-09-27T08:01:25.593Z\",\n    \"__v\": 0,\n    \"created_by\": {\n      \"_id\": \"5e4839cd1c2d53001dcc0696\",\n      \"username\": \"simon.rowe@gmail.com\",\n      \"createdAt\": \"2020-02-15T18:34:53.155Z\",\n      \"updatedAt\": \"2020-09-17T07:45:13.526Z\",\n      \"__v\": 0,\n      \"id\": \"5e4839cd1c2d53001dcc0696\"\n    },\n    \"updated_by\": {\n      \"_id\": \"5e4839cd1c2d53001dcc0696\",\n      \"username\": \"simon.rowe@gmail.com\",\n      \"createdAt\": \"2020-02-15T18:34:53.155Z\",\n      \"updatedAt\": \"2020-09-17T07:45:13.526Z\",\n      \"__v\": 0,\n      \"id\": \"5e4839cd1c2d53001dcc0696\"\n    },\n    \"image\": {\n      \"_id\": \"5f6899eb76320d001e515e7d\",\n      \"name\": \"spring rest docs.jpg\",\n      \"alternativeText\": \"\",\n      \"caption\": \"\",\n      \"hash\": \"spring_rest_docs_2e39d2917f\",\n      \"ext\": \".jpg\",\n      \"mime\": \"image/jpeg\",\n      \"size\": 15.46,\n      \"width\": 400,\n      \"height\": 400,\n      \"url\": \"/uploads/spring_rest_docs_2e39d2917f.jpg\",\n      \"formats\": {\n        \"thumbnail\": {\n          \"name\": \"thumbnail_spring rest docs.jpg\",\n          \"hash\": \"thumbnail_spring_rest_docs_2e39d2917f\",\n          \"ext\": \".jpg\",\n          \"mime\": \"image/jpeg\",\n          \"width\": 156,\n          \"height\": 156,\n          \"size\": 4.44,\n          \"path\": null,\n          \"url\": \"/uploads/thumbnail_spring_rest_docs_2e39d2917f.jpg\"\n        }\n      },\n      \"provider\": \"local\",\n      \"related\": [\n        \"5f635e365ee4c9001d2b965d\"\n      ],\n      \"createdAt\": \"2020-09-21T12:17:47.737Z\",\n      \"updatedAt\": \"2020-09-21T12:17:50.051Z\",\n      \"__v\": 0,\n      \"created_by\": \"5e4839cd1c2d53001dcc0696\",\n      \"updated_by\": \"5e4839cd1c2d53001dcc0696\",\n      \"id\": \"5f6899eb76320d001e515e7d\"\n    },\n    \"description\": \"It combines hand-written documentation written with Asciidoctor and auto-generated snippets produced with Spring MVC Test. This approach frees you from the limitations of the documentation produced by tools like Swagger.\\n\\nIt helps you to produce documentation that is accurate, concise, and well-structured. This documentation then allows your users to get the information they need with a minimum of fuss.\",\n    \"jobs\": [\n      {\n        \"education\": false,\n        \"includeOnResume\": true,\n        \"attachments\": [],\n        \"skills\": [\n          \"5f635b7e5ee4c9001d2b9633\",\n          \"5f635b8b5ee4c9001d2b9634\",\n          \"5f635c0f5ee4c9001d2b9639\",\n          \"5f635c1e5ee4c9001d2b963b\",\n          \"5f635c2e5ee4c9001d2b963c\",\n          \"5f635c745ee4c9001d2b9641\",\n          \"5f635c845ee4c9001d2b9642\",\n          \"5f635d1e5ee4c9001d2b964b\",\n          \"5f635d2c5ee4c9001d2b964c\",\n          \"5f635d905ee4c9001d2b9651\",\n          \"5f635db55ee4c9001d2b9654\",\n          \"5f635e365ee4c9001d2b965d\",\n          \"5f635e235ee4c9001d2b965b\",\n          \"5f635e2c5ee4c9001d2b965c\",\n          \"5f635e405ee4c9001d2b965e\",\n          \"5f635e935ee4c9001d2b9665\",\n          \"5f635f025ee4c9001d2b966b\",\n          \"5f635c185ee4c9001d2b963a\",\n          \"5f635ceb5ee4c9001d2b9647\",\n          \"5f635cf75ee4c9001d2b9648\",\n          \"5f635d045ee4c9001d2b9649\",\n          \"5f635d115ee4c9001d2b964a\",\n          \"5f63608d5ee4c9001d2b966e\",\n          \"602234ba9dc383001e945dd6\",\n          \"5f635b495ee4c9001d2b9630\",\n          \"5f635b555ee4c9001d2b9631\",\n          \"5f635b6a5ee4c9001d2b9632\",\n          \"5f635ca45ee4c9001d2b9643\",\n          \"5f635eae5ee4c9001d2b9667\",\n          \"5f635ef75ee4c9001d2b966a\",\n          \"5f635e625ee4c9001d2b9660\",\n          \"5f635dd35ee4c9001d2b9657\",\n          \"5f635bb85ee4c9001d2b9635\"\n        ],\n        \"_id\": \"5e53704f11c196001d06f914\",\n        \"title\": \"Software Engineering Lead\",\n        \"startDate\": \"2019-04-15\",\n        \"company\": \"Upp Technologies\",\n        \"companyUrl\": \"https://upp.ai\",\n        \"shortDescription\": \"Hands-on lead engineer in a small cross-functional team.\\n\",\n        \"createdAt\": \"2020-02-24T06:42:23.147Z\",\n        \"updatedAt\": \"2021-02-26T22:37:22.370Z\",\n        \"__v\": 0,\n        \"endDate\": \"2020-05-01\",\n        \"companyImage\": {\n          \"_id\": \"6020f0499dc383001e945dd3\",\n          \"name\": \"upp.png\",\n          \"alternativeText\": \"\",\n          \"caption\": \"\",\n          \"hash\": \"upp_4780c5270b\",\n          \"ext\": \".png\",\n          \"mime\": \"image/png\",\n          \"size\": 2.21,\n          \"width\": 141,\n          \"height\": 106,\n          \"url\": \"/uploads/upp_4780c5270b.png\",\n          \"provider\": \"local\",\n          \"related\": [\n            \"5e53704f11c196001d06f914\"\n          ],\n          \"createdAt\": \"2021-02-08T08:03:21.134Z\",\n          \"updatedAt\": \"2021-02-08T08:03:37.545Z\",\n          \"__v\": 0,\n          \"created_by\": \"5e4839cd1c2d53001dcc0696\",\n          \"updated_by\": \"5e4839cd1c2d53001dcc0696\",\n          \"id\": \"6020f0499dc383001e945dd3\"\n        },\n        \"updated_by\": \"5e4839cd1c2d53001dcc0696\",\n        \"longDescription\": \"Lead Engineer working on all verticals (front end, backend, ops) of the Upp Intelligent Platform. Lead a small cross-functional team of 5 to deliver an event-driven, microservices architecture compromising of the following modules:\\n\\n* Onboarding - data ingestion from 3rd party product providers such as Magento, Shopify and others in conjunction with IPaas (Integration Platform as a Service) This module also consisted of a proprietary data mapping solution.\\n* Products - enrichment, bulk operations and search functionality (using an inverted index).\\n* Margin Hub - a suite of microservices integrating numerous different data points to report on product profitability and suggest intelligent actions to optimise margin.\\n\\n\\nIn addition to leading feature development, my role also comprised of promoting best practises amongst other agile teams including but not limited to:\\n\\n* Creating a customized version of spring initializr that generated skeleton services with all required libraries, Jenkins pipeline definitions, Kubernetes manifest files etc so developers could concentrate on delivering business logic and not plumbing;\\n* Spring Boot starter library for event sourcing\\n* Component testing using test containers\\n* Service - Service authentication using OIDC client credentials with keycloak.\",\n        \"location\": \"London\",\n        \"id\": \"5e53704f11c196001d06f914\"\n      },\n      {\n        \"education\": false,\n        \"includeOnResume\": true,\n        \"attachments\": [],\n        \"skills\": [\n          \"5f635b3f5ee4c9001d2b962f\",\n          \"5f635b7e5ee4c9001d2b9633\",\n          \"5f635b8b5ee4c9001d2b9634\",\n          \"5f635bcd5ee4c9001d2b9636\",\n          \"5f635bf05ee4c9001d2b9637\",\n          \"5f635c1e5ee4c9001d2b963b\",\n          \"5f635c455ee4c9001d2b963e\",\n          \"5f635c745ee4c9001d2b9641\",\n          \"5f635c845ee4c9001d2b9642\",\n          \"5f635d645ee4c9001d2b964e\",\n          \"5f635d425ee4c9001d2b964d\",\n          \"5f635c185ee4c9001d2b963a\",\n          \"5f635da95ee4c9001d2b9653\",\n          \"5f635e405ee4c9001d2b965e\",\n          \"5f635e365ee4c9001d2b965d\",\n          \"5f635ea45ee4c9001d2b9666\",\n          \"602235769dc383001e945dd9\",\n          \"5f63608d5ee4c9001d2b966e\",\n          \"5f635b495ee4c9001d2b9630\",\n          \"5f635b6a5ee4c9001d2b9632\",\n          \"5f635ca45ee4c9001d2b9643\",\n          \"5f635bb85ee4c9001d2b9635\"\n        ],\n        \"_id\": \"5e5370e311c196001d06f917\",\n        \"title\": \"Senior Platform Architect\",\n        \"startDate\": \"2018-08-01\",\n        \"endDate\": \"2019-04-12\",\n        \"company\": \"Pivotal\",\n        \"companyUrl\": \"https://pivotal.io/\",\n        \"shortDescription\": \"Applications Focused Platform Architect specialising in cloud native development.\",\n        \"createdAt\": \"2020-02-24T06:44:51.218Z\",\n        \"updatedAt\": \"2021-02-26T22:37:22.370Z\",\n        \"__v\": 0,\n        \"companyImage\": {\n          \"_id\": \"5f6618165ee4c9001d2b969a\",\n          \"name\": \"pivotal (1).png\",\n          \"alternativeText\": \"\",\n          \"caption\": \"\",\n          \"hash\": \"pivotal_1_06ffe33158\",\n          \"ext\": \".png\",\n          \"mime\": \"image/jpeg\",\n          \"size\": 1.9,\n          \"width\": 200,\n          \"height\": 200,\n          \"url\": \"/uploads/pivotal_1_06ffe33158.png\",\n          \"formats\": {\n            \"thumbnail\": {\n              \"name\": \"thumbnail_pivotal (1).png\",\n              \"hash\": \"thumbnail_pivotal_1_06ffe33158\",\n              \"ext\": \".png\",\n              \"mime\": \"image/jpeg\",\n              \"width\": 156,\n              \"height\": 156,\n              \"size\": 1.52,\n              \"path\": null,\n              \"url\": \"/uploads/thumbnail_pivotal_1_06ffe33158.png\"\n            }\n          },\n          \"provider\": \"local\",\n          \"related\": [\n            \"5e5370e311c196001d06f917\"\n          ],\n          \"createdAt\": \"2020-09-19T14:39:18.005Z\",\n          \"updatedAt\": \"2021-02-08T08:20:54.295Z\",\n          \"__v\": 0,\n          \"created_by\": \"5e4839cd1c2d53001dcc0696\",\n          \"updated_by\": \"5e4839cd1c2d53001dcc0696\",\n          \"id\": \"5f6618165ee4c9001d2b969a\"\n        },\n        \"updated_by\": \"5e4839cd1c2d53001dcc0696\",\n        \"longDescription\": \"Applications focused platform architect, aiding clients to become successful by building cloud-native apps utilizing the Spring ecosystem and platforms like Cloud Foundry and Kubernetes.\\n\\nDuties included:\\n- Delivering Cloud-Native Developer and other workshops to a number of clients which contained topics (not limited to):\\n  - Introduction to Spring Boot\\n  - Reactive programming with Spring Boot and Project Reactor\\n  - Producer driven contracts with Spring Cloud Contract\\n  - Cloud Foundry and BOSH\\n  - The mechanics behind ```cf push``` and the service broker.\\n  - Buildpacks\\n  - Steeltoe\\n\\n- Speaking at the cloud-native meetups and webinars including the most ever subscribed webinar for Pivotal EMEA (at the time): [Securing microservices with Spring and Cloud Foundry](https://www.brighttalk.com/webcast/14883/345709/securing-microservices-with-spring-and-pivotal-cloud-foundry)\\n\\n- Pre-sales pitches to prospective clients outlining the positive outcomes of building cloud-native apps with spring and running them with Cloud Foundry.\",\n        \"location\": \"London\",\n        \"id\": \"5e5370e311c196001d06f917\"\n      }\n    ],\n    \"blogs\": [],\n    \"id\": \"5f635e365ee4c9001d2b965d\"\n  },\n  {\n    \"includeOnResume\": false,\n    \"_id\": \"5f635e405ee4c9001d2b965e\",\n    \"name\": \"Spring Cloud Contract\",\n    \"rating\": 6.5,\n    \"createdAt\": \"2020-09-17T13:01:52.014Z\",\n    \"updatedAt\": \"2020-09-27T08:02:29.220Z\",\n    \"__v\": 0,\n    \"created_by\": {\n      \"_id\": \"5e4839cd1c2d53001dcc0696\",\n      \"username\": \"simon.rowe@gmail.com\",\n      \"createdAt\": \"2020-02-15T18:34:53.155Z\",\n      \"updatedAt\": \"2020-09-17T07:45:13.526Z\",\n      \"__v\": 0,\n      \"id\": \"5e4839cd1c2d53001dcc0696\"\n    },\n    \"updated_by\": {\n      \"_id\": \"5e4839cd1c2d53001dcc0696\",\n      \"username\": \"simon.rowe@gmail.com\",\n      \"createdAt\": \"2020-02-15T18:34:53.155Z\",\n      \"updatedAt\": \"2020-09-17T07:45:13.526Z\",\n      \"__v\": 0,\n      \"id\": \"5e4839cd1c2d53001dcc0696\"\n    },\n    \"image\": {\n      \"_id\": \"5f6851d05ee4c9001d2b96b1\",\n      \"name\": \"spring-cloud-logo.png\",\n      \"alternativeText\": \"\",\n      \"caption\": \"\",\n      \"hash\": \"spring_cloud_logo_4de8e2579b\",\n      \"ext\": \".png\",\n      \"mime\": \"image/png\",\n      \"size\": 31.41,\n      \"width\": 800,\n      \"height\": 753,\n      \"url\": \"/uploads/spring_cloud_logo_4de8e2579b.png\",\n      \"formats\": {\n        \"thumbnail\": {\n          \"name\": \"thumbnail_spring-cloud-logo.png\",\n          \"hash\": \"thumbnail_spring_cloud_logo_4de8e2579b\",\n          \"ext\": \".png\",\n          \"mime\": \"image/png\",\n          \"width\": 166,\n          \"height\": 156,\n          \"size\": 7,\n          \"path\": null,\n          \"url\": \"/uploads/thumbnail_spring_cloud_logo_4de8e2579b.png\"\n        },\n        \"medium\": {\n          \"name\": \"medium_spring-cloud-logo.png\",\n          \"hash\": \"medium_spring_cloud_logo_4de8e2579b\",\n          \"ext\": \".png\",\n          \"mime\": \"image/png\",\n          \"width\": 750,\n          \"height\": 706,\n          \"size\": 44.37,\n          \"path\": null,\n          \"url\": \"/uploads/medium_spring_cloud_logo_4de8e2579b.png\"\n        },\n        \"small\": {\n          \"name\": \"small_spring-cloud-logo.png\",\n          \"hash\": \"small_spring_cloud_logo_4de8e2579b\",\n          \"ext\": \".png\",\n          \"mime\": \"image/png\",\n          \"width\": 500,\n          \"height\": 471,\n          \"size\": 24.52,\n          \"path\": null,\n          \"url\": \"/uploads/small_spring_cloud_logo_4de8e2579b.png\"\n        }\n      },\n      \"provider\": \"local\",\n      \"related\": [\n        \"5f635b7e5ee4c9001d2b9633\",\n        \"5f635e405ee4c9001d2b965e\"\n      ],\n      \"createdAt\": \"2020-09-21T07:10:08.197Z\",\n      \"updatedAt\": \"2020-09-21T12:18:53.085Z\",\n      \"__v\": 0,\n      \"created_by\": \"5e4839cd1c2d53001dcc0696\",\n      \"updated_by\": \"5e4839cd1c2d53001dcc0696\",\n      \"id\": \"5f6851d05ee4c9001d2b96b1\"\n    },\n    \"description\": \"Spring Cloud Contract Verifier is a tool that enables Consumer Driven Contract (CDC) development of JVM-based applications. It is shipped with Contract Definition Language (DSL) written in Groovy or YAML. Contract definitions are used to produce following resources:\\n\\n- by default JSON stub definitions to be used by WireMock (HTTP Server Stub) when doing integration testing on the client code (client tests). Test code must still be written by hand, test data is produced by Spring Cloud Contract Verifier.\\n- Messaging routes if youâ€™re using one. Weâ€™re integrating with Spring Integration, Spring Cloud Stream and Apache Camel. You can however set your own integrations if you want to.\\n- Acceptance tests (by default in JUnit or Spock) used to verify if server-side implementation of the API is compliant with the contract (server tests). Full test is generated by Spring Cloud Contract Verifier\",\n    \"jobs\": [\n      {\n        \"education\": false,\n        \"includeOnResume\": true,\n        \"attachments\": [],\n        \"skills\": [\n          \"5f635b7e5ee4c9001d2b9633\",\n          \"5f635b8b5ee4c9001d2b9634\",\n          \"5f635c0f5ee4c9001d2b9639\",\n          \"5f635c1e5ee4c9001d2b963b\",\n          \"5f635c2e5ee4c9001d2b963c\",\n          \"5f635c745ee4c9001d2b9641\",\n          \"5f635c845ee4c9001d2b9642\",\n          \"5f635d1e5ee4c9001d2b964b\",\n          \"5f635d2c5ee4c9001d2b964c\",\n          \"5f635d905ee4c9001d2b9651\",\n          \"5f635db55ee4c9001d2b9654\",\n          \"5f635e365ee4c9001d2b965d\",\n          \"5f635e235ee4c9001d2b965b\",\n          \"5f635e2c5ee4c9001d2b965c\",\n          \"5f635e405ee4c9001d2b965e\",\n          \"5f635e935ee4c9001d2b9665\",\n          \"5f635f025ee4c9001d2b966b\",\n          \"5f635c185ee4c9001d2b963a\",\n          \"5f635ceb5ee4c9001d2b9647\",\n          \"5f635cf75ee4c9001d2b9648\",\n          \"5f635d045ee4c9001d2b9649\",\n          \"5f635d115ee4c9001d2b964a\",\n          \"5f63608d5ee4c9001d2b966e\",\n          \"602234ba9dc383001e945dd6\",\n          \"5f635b495ee4c9001d2b9630\",\n          \"5f635b555ee4c9001d2b9631\",\n          \"5f635b6a5ee4c9001d2b9632\",\n          \"5f635ca45ee4c9001d2b9643\",\n          \"5f635eae5ee4c9001d2b9667\",\n          \"5f635ef75ee4c9001d2b966a\",\n          \"5f635e625ee4c9001d2b9660\",\n          \"5f635dd35ee4c9001d2b9657\",\n          \"5f635bb85ee4c9001d2b9635\"\n        ],\n        \"_id\": \"5e53704f11c196001d06f914\",\n        \"title\": \"Software Engineering Lead\",\n        \"startDate\": \"2019-04-15\",\n        \"company\": \"Upp Technologies\",\n        \"companyUrl\": \"https://upp.ai\",\n        \"shortDescription\": \"Hands-on lead engineer in a small cross-functional team.\\n\",\n        \"createdAt\": \"2020-02-24T06:42:23.147Z\",\n        \"updatedAt\": \"2021-02-26T22:37:22.370Z\",\n        \"__v\": 0,\n        \"endDate\": \"2020-05-01\",\n        \"companyImage\": {\n          \"_id\": \"6020f0499dc383001e945dd3\",\n          \"name\": \"upp.png\",\n          \"alternativeText\": \"\",\n          \"caption\": \"\",\n          \"hash\": \"upp_4780c5270b\",\n          \"ext\": \".png\",\n          \"mime\": \"image/png\",\n          \"size\": 2.21,\n          \"width\": 141,\n          \"height\": 106,\n          \"url\": \"/uploads/upp_4780c5270b.png\",\n          \"provider\": \"local\",\n          \"related\": [\n            \"5e53704f11c196001d06f914\"\n          ],\n          \"createdAt\": \"2021-02-08T08:03:21.134Z\",\n          \"updatedAt\": \"2021-02-08T08:03:37.545Z\",\n          \"__v\": 0,\n          \"created_by\": \"5e4839cd1c2d53001dcc0696\",\n          \"updated_by\": \"5e4839cd1c2d53001dcc0696\",\n          \"id\": \"6020f0499dc383001e945dd3\"\n        },\n        \"updated_by\": \"5e4839cd1c2d53001dcc0696\",\n        \"longDescription\": \"Lead Engineer working on all verticals (front end, backend, ops) of the Upp Intelligent Platform. Lead a small cross-functional team of 5 to deliver an event-driven, microservices architecture compromising of the following modules:\\n\\n* Onboarding - data ingestion from 3rd party product providers such as Magento, Shopify and others in conjunction with IPaas (Integration Platform as a Service) This module also consisted of a proprietary data mapping solution.\\n* Products - enrichment, bulk operations and search functionality (using an inverted index).\\n* Margin Hub - a suite of microservices integrating numerous different data points to report on product profitability and suggest intelligent actions to optimise margin.\\n\\n\\nIn addition to leading feature development, my role also comprised of promoting best practises amongst other agile teams including but not limited to:\\n\\n* Creating a customized version of spring initializr that generated skeleton services with all required libraries, Jenkins pipeline definitions, Kubernetes manifest files etc so developers could concentrate on delivering business logic and not plumbing;\\n* Spring Boot starter library for event sourcing\\n* Component testing using test containers\\n* Service - Service authentication using OIDC client credentials with keycloak.\",\n        \"location\": \"London\",\n        \"id\": \"5e53704f11c196001d06f914\"\n      },\n      {\n        \"education\": false,\n        \"includeOnResume\": true,\n        \"attachments\": [],\n        \"skills\": [\n          \"5f635b3f5ee4c9001d2b962f\",\n          \"5f635b7e5ee4c9001d2b9633\",\n          \"5f635b8b5ee4c9001d2b9634\",\n          \"5f635bcd5ee4c9001d2b9636\",\n          \"5f635bf05ee4c9001d2b9637\",\n          \"5f635c1e5ee4c9001d2b963b\",\n          \"5f635c455ee4c9001d2b963e\",\n          \"5f635c745ee4c9001d2b9641\",\n          \"5f635c845ee4c9001d2b9642\",\n          \"5f635d645ee4c9001d2b964e\",\n          \"5f635d425ee4c9001d2b964d\",\n          \"5f635c185ee4c9001d2b963a\",\n          \"5f635da95ee4c9001d2b9653\",\n          \"5f635e405ee4c9001d2b965e\",\n          \"5f635e365ee4c9001d2b965d\",\n          \"5f635ea45ee4c9001d2b9666\",\n          \"602235769dc383001e945dd9\",\n          \"5f63608d5ee4c9001d2b966e\",\n          \"5f635b495ee4c9001d2b9630\",\n          \"5f635b6a5ee4c9001d2b9632\",\n          \"5f635ca45ee4c9001d2b9643\",\n          \"5f635bb85ee4c9001d2b9635\"\n        ],\n        \"_id\": \"5e5370e311c196001d06f917\",\n        \"title\": \"Senior Platform Architect\",\n        \"startDate\": \"2018-08-01\",\n        \"endDate\": \"2019-04-12\",\n        \"company\": \"Pivotal\",\n        \"companyUrl\": \"https://pivotal.io/\",\n        \"shortDescription\": \"Applications Focused Platform Architect specialising in cloud native development.\",\n        \"createdAt\": \"2020-02-24T06:44:51.218Z\",\n        \"updatedAt\": \"2021-02-26T22:37:22.370Z\",\n        \"__v\": 0,\n        \"companyImage\": {\n          \"_id\": \"5f6618165ee4c9001d2b969a\",\n          \"name\": \"pivotal (1).png\",\n          \"alternativeText\": \"\",\n          \"caption\": \"\",\n          \"hash\": \"pivotal_1_06ffe33158\",\n          \"ext\": \".png\",\n          \"mime\": \"image/jpeg\",\n          \"size\": 1.9,\n          \"width\": 200,\n          \"height\": 200,\n          \"url\": \"/uploads/pivotal_1_06ffe33158.png\",\n          \"formats\": {\n            \"thumbnail\": {\n              \"name\": \"thumbnail_pivotal (1).png\",\n              \"hash\": \"thumbnail_pivotal_1_06ffe33158\",\n              \"ext\": \".png\",\n              \"mime\": \"image/jpeg\",\n              \"width\": 156,\n              \"height\": 156,\n              \"size\": 1.52,\n              \"path\": null,\n              \"url\": \"/uploads/thumbnail_pivotal_1_06ffe33158.png\"\n            }\n          },\n          \"provider\": \"local\",\n          \"related\": [\n            \"5e5370e311c196001d06f917\"\n          ],\n          \"createdAt\": \"2020-09-19T14:39:18.005Z\",\n          \"updatedAt\": \"2021-02-08T08:20:54.295Z\",\n          \"__v\": 0,\n          \"created_by\": \"5e4839cd1c2d53001dcc0696\",\n          \"updated_by\": \"5e4839cd1c2d53001dcc0696\",\n          \"id\": \"5f6618165ee4c9001d2b969a\"\n        },\n        \"updated_by\": \"5e4839cd1c2d53001dcc0696\",\n        \"longDescription\": \"Applications focused platform architect, aiding clients to become successful by building cloud-native apps utilizing the Spring ecosystem and platforms like Cloud Foundry and Kubernetes.\\n\\nDuties included:\\n- Delivering Cloud-Native Developer and other workshops to a number of clients which contained topics (not limited to):\\n  - Introduction to Spring Boot\\n  - Reactive programming with Spring Boot and Project Reactor\\n  - Producer driven contracts with Spring Cloud Contract\\n  - Cloud Foundry and BOSH\\n  - The mechanics behind ```cf push``` and the service broker.\\n  - Buildpacks\\n  - Steeltoe\\n\\n- Speaking at the cloud-native meetups and webinars including the most ever subscribed webinar for Pivotal EMEA (at the time): [Securing microservices with Spring and Cloud Foundry](https://www.brighttalk.com/webcast/14883/345709/securing-microservices-with-spring-and-pivotal-cloud-foundry)\\n\\n- Pre-sales pitches to prospective clients outlining the positive outcomes of building cloud-native apps with spring and running them with Cloud Foundry.\",\n        \"location\": \"London\",\n        \"id\": \"5e5370e311c196001d06f917\"\n      }\n    ],\n    \"blogs\": [],\n    \"id\": \"5f635e405ee4c9001d2b965e\"\n  },\n  {\n    \"includeOnResume\": false,\n    \"_id\": \"5f635e595ee4c9001d2b965f\",\n    \"name\": \"Angular\",\n    \"rating\": 7,\n    \"createdAt\": \"2020-09-17T13:02:17.185Z\",\n    \"updatedAt\": \"2020-09-27T08:05:37.575Z\",\n    \"__v\": 0,\n    \"created_by\": {\n      \"_id\": \"5e4839cd1c2d53001dcc0696\",\n      \"username\": \"simon.rowe@gmail.com\",\n      \"createdAt\": \"2020-02-15T18:34:53.155Z\",\n      \"updatedAt\": \"2020-09-17T07:45:13.526Z\",\n      \"__v\": 0,\n      \"id\": \"5e4839cd1c2d53001dcc0696\"\n    },\n    \"updated_by\": {\n      \"_id\": \"5e4839cd1c2d53001dcc0696\",\n      \"username\": \"simon.rowe@gmail.com\",\n      \"createdAt\": \"2020-02-15T18:34:53.155Z\",\n      \"updatedAt\": \"2020-09-17T07:45:13.526Z\",\n      \"__v\": 0,\n      \"id\": \"5e4839cd1c2d53001dcc0696\"\n    },\n    \"image\": {\n      \"_id\": \"5f689a4776320d001e515e80\",\n      \"name\": \"angular-logo.png\",\n      \"alternativeText\": \"\",\n      \"caption\": \"\",\n      \"hash\": \"angular_logo_a38728fdd6\",\n      \"ext\": \".png\",\n      \"mime\": \"image/png\",\n      \"size\": 17.41,\n      \"width\": 1200,\n      \"height\": 700,\n      \"url\": \"/uploads/angular_logo_a38728fdd6.png\",\n      \"formats\": {\n        \"thumbnail\": {\n          \"name\": \"thumbnail_angular-logo.png\",\n          \"hash\": \"thumbnail_angular_logo_a38728fdd6\",\n          \"ext\": \".png\",\n          \"mime\": \"image/png\",\n          \"width\": 245,\n          \"height\": 143,\n          \"size\": 5.8,\n          \"path\": null,\n          \"url\": \"/uploads/thumbnail_angular_logo_a38728fdd6.png\"\n        },\n        \"large\": {\n          \"name\": \"large_angular-logo.png\",\n          \"hash\": \"large_angular_logo_a38728fdd6\",\n          \"ext\": \".png\",\n          \"mime\": \"image/png\",\n          \"width\": 1000,\n          \"height\": 583,\n          \"size\": 32.31,\n          \"path\": null,\n          \"url\": \"/uploads/large_angular_logo_a38728fdd6.png\"\n        },\n        \"medium\": {\n          \"name\": \"medium_angular-logo.png\",\n          \"hash\": \"medium_angular_logo_a38728fdd6\",\n          \"ext\": \".png\",\n          \"mime\": \"image/png\",\n          \"width\": 750,\n          \"height\": 438,\n          \"size\": 22.02,\n          \"path\": null,\n          \"url\": \"/uploads/medium_angular_logo_a38728fdd6.png\"\n        },\n        \"small\": {\n          \"name\": \"small_angular-logo.png\",\n          \"hash\": \"small_angular_logo_a38728fdd6\",\n          \"ext\": \".png\",\n          \"mime\": \"image/png\",\n          \"width\": 500,\n          \"height\": 292,\n          \"size\": 12.9,\n          \"path\": null,\n          \"url\": \"/uploads/small_angular_logo_a38728fdd6.png\"\n        }\n      },\n      \"provider\": \"local\",\n      \"related\": [\n        \"5f635e595ee4c9001d2b965f\"\n      ],\n      \"createdAt\": \"2020-09-21T12:19:19.932Z\",\n      \"updatedAt\": \"2020-09-21T12:19:23.123Z\",\n      \"__v\": 0,\n      \"created_by\": \"5e4839cd1c2d53001dcc0696\",\n      \"updated_by\": \"5e4839cd1c2d53001dcc0696\",\n      \"id\": \"5f689a4776320d001e515e80\"\n    },\n    \"description\": \"Angular is a platform and framework for building single-page client applications using HTML and TypeScript. Angular is written in TypeScript. It implements core and optional functionality as a set of TypeScript libraries that you import into your apps.\\n\\nThe architecture of an Angular application relies on certain fundamental concepts. The basic building blocks are NgModules, which provide a compilation context for components. NgModules collect related code into functional sets; an Angular app is defined by a set of NgModules. An app always has at least a root module that enables bootstrapping, and typically has many more feature modules.\\n\\n- Components define views, which are sets of screen elements that Angular can choose among and modify according to your program logic and data.\\n- Components use services, which provide specific functionality not directly related to views. Service providers can be injected into components as dependencies, making your code modular, reusable, and efficient.\",\n    \"jobs\": [\n      {\n        \"education\": false,\n        \"includeOnResume\": true,\n        \"attachments\": [],\n        \"skills\": [\n          \"5f635b3f5ee4c9001d2b962f\",\n          \"5f635b8b5ee4c9001d2b9634\",\n          \"5f635c185ee4c9001d2b963a\",\n          \"5f635c2e5ee4c9001d2b963c\",\n          \"5f635c675ee4c9001d2b9640\",\n          \"5f635c745ee4c9001d2b9641\",\n          \"5f635c845ee4c9001d2b9642\",\n          \"5f635cb65ee4c9001d2b9644\",\n          \"5f635cc45ee4c9001d2b9645\",\n          \"5f635cdc5ee4c9001d2b9646\",\n          \"5f635ceb5ee4c9001d2b9647\",\n          \"5f635d045ee4c9001d2b9649\",\n          \"5f635d115ee4c9001d2b964a\",\n          \"5f635d1e5ee4c9001d2b964b\",\n          \"5f635d2c5ee4c9001d2b964c\",\n          \"5f635d425ee4c9001d2b964d\",\n          \"5f635d7e5ee4c9001d2b964f\",\n          \"5f635d875ee4c9001d2b9650\",\n          \"5f635d905ee4c9001d2b9651\",\n          \"5f635d9e5ee4c9001d2b9652\",\n          \"5f635da95ee4c9001d2b9653\",\n          \"5f635dbe5ee4c9001d2b9655\",\n          \"5f635dde5ee4c9001d2b9658\",\n          \"5f635e235ee4c9001d2b965b\",\n          \"5f635e595ee4c9001d2b965f\",\n          \"5f635e755ee4c9001d2b9662\",\n          \"5f635df45ee4c9001d2b965a\",\n          \"5f635de75ee4c9001d2b9659\",\n          \"5f635e7d5ee4c9001d2b9663\",\n          \"5f635e885ee4c9001d2b9664\",\n          \"5f635ea45ee4c9001d2b9666\",\n          \"5f635ee35ee4c9001d2b9668\",\n          \"602236d69dc383001e945ddc\",\n          \"6029446c9dc383001e945de9\",\n          \"5f635b6a5ee4c9001d2b9632\",\n          \"5f635bb85ee4c9001d2b9635\"\n        ],\n        \"_id\": \"5e53713a11c196001d06f91a\",\n        \"title\": \"Senior Director, Java Development\",\n        \"startDate\": \"2011-07-12\",\n        \"createdAt\": \"2020-02-24T06:46:18.484Z\",\n        \"updatedAt\": \"2021-02-26T22:37:22.370Z\",\n        \"__v\": 0,\n        \"company\": \"Universal Music Publishing\",\n        \"companyUrl\": \"https://www.umusicpub.com/\",\n        \"endDate\": \"2018-08-11\",\n        \"shortDescription\": \"Technology leader in cloud native development for business critical applications.\",\n        \"companyImage\": {\n          \"_id\": \"5f6618325ee4c9001d2b969c\",\n          \"name\": \"umpg.png\",\n          \"alternativeText\": \"\",\n          \"caption\": \"\",\n          \"hash\": \"umpg_121becd400\",\n          \"ext\": \".png\",\n          \"mime\": \"image/png\",\n          \"size\": 129.45,\n          \"width\": 400,\n          \"height\": 400,\n          \"url\": \"/uploads/umpg_121becd400.png\",\n          \"formats\": {\n            \"thumbnail\": {\n              \"name\": \"thumbnail_umpg.png\",\n              \"hash\": \"thumbnail_umpg_121becd400\",\n              \"ext\": \".png\",\n              \"mime\": \"image/png\",\n              \"width\": 156,\n              \"height\": 156,\n              \"size\": 31.14,\n              \"path\": null,\n              \"url\": \"/uploads/thumbnail_umpg_121becd400.png\"\n            }\n          },\n          \"provider\": \"local\",\n          \"related\": [\n            \"5e53713a11c196001d06f91a\"\n          ],\n          \"createdAt\": \"2020-09-19T14:39:46.169Z\",\n          \"updatedAt\": \"2021-02-08T08:15:39.296Z\",\n          \"__v\": 0,\n          \"created_by\": \"5e4839cd1c2d53001dcc0696\",\n          \"updated_by\": \"5e4839cd1c2d53001dcc0696\",\n          \"id\": \"5f6618325ee4c9001d2b969c\"\n        },\n        \"updated_by\": \"5e4839cd1c2d53001dcc0696\",\n        \"longDescription\": \"Responsible for architecture and delivery of greenfield internal and public facing business applications. Super scrum master, removing obstacles for four dynamic scrum teams. Frequent commiter.\\n\\nRe-architecture of multiple monoliths with single points of failure to AWS,resulting in scalable, fault tolerant software reducing the operational cost significantly.\\n\\nIntroduced automated testing as a development activity utilising technologies such as cucumber, selenium, docker which allows for far shorter release cycles.\\n\\nDesigned the company's first 'serverless' application at AWS, Utilising ECS Fargate, Lambda, SQS, SNS, ElasticSearch, S3.\",\n        \"location\": \"London\",\n        \"id\": \"5e53713a11c196001d06f91a\"\n      }\n    ],\n    \"blogs\": [],\n    \"id\": \"5f635e595ee4c9001d2b965f\"\n  },\n  {\n    \"includeOnResume\": true,\n    \"_id\": \"5f635e625ee4c9001d2b9660\",\n    \"name\": \"React\",\n    \"rating\": 8.5,\n    \"createdAt\": \"2020-09-17T13:02:26.277Z\",\n    \"updatedAt\": \"2021-02-26T22:37:08.647Z\",\n    \"__v\": 0,\n    \"created_by\": {\n      \"_id\": \"5e4839cd1c2d53001dcc0696\",\n      \"username\": \"simon.rowe@gmail.com\",\n      \"createdAt\": \"2020-02-15T18:34:53.155Z\",\n      \"updatedAt\": \"2020-09-17T07:45:13.526Z\",\n      \"__v\": 0,\n      \"id\": \"5e4839cd1c2d53001dcc0696\"\n    },\n    \"updated_by\": {\n      \"_id\": \"5e4839cd1c2d53001dcc0696\",\n      \"username\": \"simon.rowe@gmail.com\",\n      \"createdAt\": \"2020-02-15T18:34:53.155Z\",\n      \"updatedAt\": \"2020-09-17T07:45:13.526Z\",\n      \"__v\": 0,\n      \"id\": \"5e4839cd1c2d53001dcc0696\"\n    },\n    \"image\": {\n      \"_id\": \"5f66167a5ee4c9001d2b9692\",\n      \"name\": \"react.jpeg\",\n      \"alternativeText\": \"\",\n      \"caption\": \"\",\n      \"hash\": \"react_56f28418d3\",\n      \"ext\": \".jpeg\",\n      \"mime\": \"image/jpeg\",\n      \"size\": 11.98,\n      \"width\": 500,\n      \"height\": 353,\n      \"url\": \"/uploads/react_56f28418d3.jpeg\",\n      \"formats\": {\n        \"thumbnail\": {\n          \"name\": \"thumbnail_react.jpeg\",\n          \"hash\": \"thumbnail_react_56f28418d3\",\n          \"ext\": \".jpeg\",\n          \"mime\": \"image/jpeg\",\n          \"width\": 221,\n          \"height\": 156,\n          \"size\": 4.08,\n          \"path\": null,\n          \"url\": \"/uploads/thumbnail_react_56f28418d3.jpeg\"\n        }\n      },\n      \"provider\": \"local\",\n      \"related\": [\n        \"5f04152d9d8081001fd38fb9\",\n        \"5f635e625ee4c9001d2b9660\"\n      ],\n      \"createdAt\": \"2020-09-19T14:32:26.690Z\",\n      \"updatedAt\": \"2020-09-21T12:19:36.732Z\",\n      \"__v\": 0,\n      \"created_by\": \"5e4839cd1c2d53001dcc0696\",\n      \"updated_by\": \"5e4839cd1c2d53001dcc0696\",\n      \"id\": \"5f66167a5ee4c9001d2b9692\"\n    },\n    \"description\": \"React.js is an open-source JavaScript library that is used for building user interfaces specifically for single-page applications. Itâ€™s used for handling the view layer for web and mobile apps.\\n\\nReact allows developers to create large web applications that can change data, without reloading the page. The main purpose of React is to be fast, scalable, and simple. It works only on user interfaces in the application\",\n    \"order\": 8,\n    \"jobs\": [\n      {\n        \"education\": false,\n        \"includeOnResume\": true,\n        \"attachments\": [],\n        \"skills\": [\n          \"5f635b7e5ee4c9001d2b9633\",\n          \"5f635b8b5ee4c9001d2b9634\",\n          \"5f635c0f5ee4c9001d2b9639\",\n          \"5f635c1e5ee4c9001d2b963b\",\n          \"5f635c2e5ee4c9001d2b963c\",\n          \"5f635c745ee4c9001d2b9641\",\n          \"5f635c845ee4c9001d2b9642\",\n          \"5f635d1e5ee4c9001d2b964b\",\n          \"5f635d2c5ee4c9001d2b964c\",\n          \"5f635d905ee4c9001d2b9651\",\n          \"5f635db55ee4c9001d2b9654\",\n          \"5f635e365ee4c9001d2b965d\",\n          \"5f635e235ee4c9001d2b965b\",\n          \"5f635e2c5ee4c9001d2b965c\",\n          \"5f635e405ee4c9001d2b965e\",\n          \"5f635e935ee4c9001d2b9665\",\n          \"5f635f025ee4c9001d2b966b\",\n          \"5f635c185ee4c9001d2b963a\",\n          \"5f635ceb5ee4c9001d2b9647\",\n          \"5f635cf75ee4c9001d2b9648\",\n          \"5f635d045ee4c9001d2b9649\",\n          \"5f635d115ee4c9001d2b964a\",\n          \"5f63608d5ee4c9001d2b966e\",\n          \"602234ba9dc383001e945dd6\",\n          \"5f635b495ee4c9001d2b9630\",\n          \"5f635b555ee4c9001d2b9631\",\n          \"5f635b6a5ee4c9001d2b9632\",\n          \"5f635ca45ee4c9001d2b9643\",\n          \"5f635eae5ee4c9001d2b9667\",\n          \"5f635ef75ee4c9001d2b966a\",\n          \"5f635e625ee4c9001d2b9660\",\n          \"5f635dd35ee4c9001d2b9657\",\n          \"5f635bb85ee4c9001d2b9635\"\n        ],\n        \"_id\": \"5e53704f11c196001d06f914\",\n        \"title\": \"Software Engineering Lead\",\n        \"startDate\": \"2019-04-15\",\n        \"company\": \"Upp Technologies\",\n        \"companyUrl\": \"https://upp.ai\",\n        \"shortDescription\": \"Hands-on lead engineer in a small cross-functional team.\\n\",\n        \"createdAt\": \"2020-02-24T06:42:23.147Z\",\n        \"updatedAt\": \"2021-02-26T22:37:22.370Z\",\n        \"__v\": 0,\n        \"endDate\": \"2020-05-01\",\n        \"companyImage\": {\n          \"_id\": \"6020f0499dc383001e945dd3\",\n          \"name\": \"upp.png\",\n          \"alternativeText\": \"\",\n          \"caption\": \"\",\n          \"hash\": \"upp_4780c5270b\",\n          \"ext\": \".png\",\n          \"mime\": \"image/png\",\n          \"size\": 2.21,\n          \"width\": 141,\n          \"height\": 106,\n          \"url\": \"/uploads/upp_4780c5270b.png\",\n          \"provider\": \"local\",\n          \"related\": [\n            \"5e53704f11c196001d06f914\"\n          ],\n          \"createdAt\": \"2021-02-08T08:03:21.134Z\",\n          \"updatedAt\": \"2021-02-08T08:03:37.545Z\",\n          \"__v\": 0,\n          \"created_by\": \"5e4839cd1c2d53001dcc0696\",\n          \"updated_by\": \"5e4839cd1c2d53001dcc0696\",\n          \"id\": \"6020f0499dc383001e945dd3\"\n        },\n        \"updated_by\": \"5e4839cd1c2d53001dcc0696\",\n        \"longDescription\": \"Lead Engineer working on all verticals (front end, backend, ops) of the Upp Intelligent Platform. Lead a small cross-functional team of 5 to deliver an event-driven, microservices architecture compromising of the following modules:\\n\\n* Onboarding - data ingestion from 3rd party product providers such as Magento, Shopify and others in conjunction with IPaas (Integration Platform as a Service) This module also consisted of a proprietary data mapping solution.\\n* Products - enrichment, bulk operations and search functionality (using an inverted index).\\n* Margin Hub - a suite of microservices integrating numerous different data points to report on product profitability and suggest intelligent actions to optimise margin.\\n\\n\\nIn addition to leading feature development, my role also comprised of promoting best practises amongst other agile teams including but not limited to:\\n\\n* Creating a customized version of spring initializr that generated skeleton services with all required libraries, Jenkins pipeline definitions, Kubernetes manifest files etc so developers could concentrate on delivering business logic and not plumbing;\\n* Spring Boot starter library for event sourcing\\n* Component testing using test containers\\n* Service - Service authentication using OIDC client credentials with keycloak.\",\n        \"location\": \"London\",\n        \"id\": \"5e53704f11c196001d06f914\"\n      },\n      {\n        \"education\": false,\n        \"includeOnResume\": true,\n        \"attachments\": [],\n        \"skills\": [\n          \"5f635b7e5ee4c9001d2b9633\",\n          \"5f635b8b5ee4c9001d2b9634\",\n          \"5f635bf05ee4c9001d2b9637\",\n          \"5f635c0f5ee4c9001d2b9639\",\n          \"5f635c185ee4c9001d2b963a\",\n          \"5f635c1e5ee4c9001d2b963b\",\n          \"5f635c005ee4c9001d2b9638\",\n          \"5f635c2e5ee4c9001d2b963c\",\n          \"5f635c4f5ee4c9001d2b963f\",\n          \"5f635c675ee4c9001d2b9640\",\n          \"5f635c745ee4c9001d2b9641\",\n          \"5f635c845ee4c9001d2b9642\",\n          \"5f635ceb5ee4c9001d2b9647\",\n          \"5f635cf75ee4c9001d2b9648\",\n          \"5f635d045ee4c9001d2b9649\",\n          \"5f635d115ee4c9001d2b964a\",\n          \"5f635d1e5ee4c9001d2b964b\",\n          \"5f635d2c5ee4c9001d2b964c\",\n          \"5f635d425ee4c9001d2b964d\",\n          \"5f635d905ee4c9001d2b9651\",\n          \"5f635db55ee4c9001d2b9654\",\n          \"5f635dde5ee4c9001d2b9658\",\n          \"5f635e235ee4c9001d2b965b\",\n          \"5f635e2c5ee4c9001d2b965c\",\n          \"5f635e935ee4c9001d2b9665\",\n          \"5f635ef05ee4c9001d2b9669\",\n          \"5f635f8f5ee4c9001d2b966c\",\n          \"5f635f995ee4c9001d2b966d\",\n          \"5f635f025ee4c9001d2b966b\",\n          \"5f63608d5ee4c9001d2b966e\",\n          \"602234ba9dc383001e945dd6\",\n          \"5f635b555ee4c9001d2b9631\",\n          \"5f635b6a5ee4c9001d2b9632\",\n          \"5f635ca45ee4c9001d2b9643\",\n          \"5f635eae5ee4c9001d2b9667\",\n          \"5f635ef75ee4c9001d2b966a\",\n          \"5f635c375ee4c9001d2b963d\",\n          \"5f635e625ee4c9001d2b9660\",\n          \"5f635dd35ee4c9001d2b9657\",\n          \"5f635bb85ee4c9001d2b9635\",\n          \"60291c5d9dc383001e945de2\"\n        ],\n        \"_id\": \"5eedd4803c8d74001e4497f5\",\n        \"startDate\": \"2020-05-04\",\n        \"company\": \"Y-Tree\",\n        \"companyUrl\": \"https://y-tree.com/\",\n        \"title\": \"Senior Developer\",\n        \"createdAt\": \"2020-06-20T09:18:56.102Z\",\n        \"updatedAt\": \"2021-02-26T22:39:33.470Z\",\n        \"__v\": 0,\n        \"companyImage\": {\n          \"_id\": \"5eedd46e3c8d74001e4497f4\",\n          \"name\": \"YTree\",\n          \"alternativeText\": \"\",\n          \"caption\": \"\",\n          \"hash\": \"YT_ree_50b80993fc\",\n          \"ext\": \".png\",\n          \"mime\": \"image/png\",\n          \"size\": 6.33,\n          \"width\": 200,\n          \"height\": 200,\n          \"url\": \"/uploads/YT_ree_50b80993fc.png\",\n          \"formats\": {\n            \"thumbnail\": {\n              \"hash\": \"thumbnail_YT_ree_50b80993fc\",\n              \"ext\": \".png\",\n              \"mime\": \"image/png\",\n              \"width\": 156,\n              \"height\": 156,\n              \"size\": 10.07,\n              \"path\": null,\n              \"url\": \"/uploads/thumbnail_YT_ree_50b80993fc.png\"\n            }\n          },\n          \"provider\": \"local\",\n          \"related\": [\n            \"5eedd4803c8d74001e4497f5\"\n          ],\n          \"createdAt\": \"2020-06-20T09:18:38.337Z\",\n          \"updatedAt\": \"2020-06-20T09:18:56.106Z\",\n          \"__v\": 0,\n          \"id\": \"5eedd46e3c8d74001e4497f4\"\n        },\n        \"shortDescription\": \"Lead Developer of exciting fin-tech platform composed of event-driven and restful microservices.\",\n        \"updated_by\": \"5e4839cd1c2d53001dcc0696\",\n        \"longDescription\": \"Lead Developer of exciting fin-tech platform composed of event-driven and restful microservices.\\n\\nHeavily involved in transforming a monolithic application into a suite of fault-tolerant event-driven and restful microservices written with Kotlin and Spring Boot. \\n\\nLead a cloud-native transformation by improving the path to production of services by introducing a number of tools and technologies to aide with continuous delivery of features:\\n\\n-  Cucumber for integration testing\\n-  Pact for contract testing (consumer-driven contracts for both synchronous (HTTP) and event-driven (Kafka) communication)\\n-  Test Containers for component testing\\n-  Use of Spring Cloud Kubernetes and Spring Cloud vault for environment-specific configuration (as per the [12-factor app](https://12factor.net/))\\n- Jenkin X pipelines to build and deploy helm charts for each service and environment.\\n- Keycloak for identity management.\\n- Rolling updates of k8s deployments for no-outage releases.\\n\\nAlso contributed to the YTree technical blog sharing knowledge amongst the team in the form of both written blogs and recorded videos. \\n\\n\\n\\n\\n\\n\",\n        \"location\": \"London\",\n        \"id\": \"5eedd4803c8d74001e4497f5\"\n      }\n    ],\n    \"blogs\": [\n      {\n        \"published\": true,\n        \"tags\": [\n          \"5e495da7bc8d7d001ddbd7c5\",\n          \"5f02da709d8081001fd38fa4\",\n          \"5f03901b9d8081001fd38fa7\",\n          \"5f0390249d8081001fd38fa8\",\n          \"5f0390329d8081001fd38fa9\",\n          \"5f0390499d8081001fd38faa\"\n        ],\n        \"skills\": [\n          \"5f635c2e5ee4c9001d2b963c\",\n          \"5f635f8f5ee4c9001d2b966c\",\n          \"5f635f995ee4c9001d2b966d\",\n          \"5f635c185ee4c9001d2b963a\",\n          \"5f635c4f5ee4c9001d2b963f\",\n          \"5f635e935ee4c9001d2b9665\",\n          \"5f635b555ee4c9001d2b9631\",\n          \"5f635b6a5ee4c9001d2b9632\",\n          \"5f635ca45ee4c9001d2b9643\",\n          \"5f635c375ee4c9001d2b963d\",\n          \"5f635e625ee4c9001d2b9660\"\n        ],\n        \"_id\": \"5f0215c69d8081001fd38fa1\",\n        \"title\": \"Creating a rich web app that can be hosted from home\",\n        \"shortDescription\": \"A quick introduction into the various components of my personal website including jenkinsx, kubernetes, letsencrypt and more.\",\n        \"createdAt\": \"2020-07-05T18:02:46.731Z\",\n        \"updatedAt\": \"2021-02-26T22:37:08.645Z\",\n        \"__v\": 0,\n        \"image\": {\n          \"_id\": \"5f6616045ee4c9001d2b968a\",\n          \"name\": \"Website Icon.jpeg\",\n          \"alternativeText\": \"\",\n          \"caption\": \"\",\n          \"hash\": \"Website_Icon_727b161f01\",\n          \"ext\": \".jpeg\",\n          \"mime\": \"image/jpeg\",\n          \"size\": 48.93,\n          \"width\": 776,\n          \"height\": 542,\n          \"url\": \"/uploads/Website_Icon_727b161f01.jpeg\",\n          \"formats\": {\n            \"thumbnail\": {\n              \"name\": \"thumbnail_Website Icon.jpeg\",\n              \"hash\": \"thumbnail_Website_Icon_727b161f01\",\n              \"ext\": \".jpeg\",\n              \"mime\": \"image/jpeg\",\n              \"width\": 223,\n              \"height\": 156,\n              \"size\": 6.2,\n              \"path\": null,\n              \"url\": \"/uploads/thumbnail_Website_Icon_727b161f01.jpeg\"\n            },\n            \"medium\": {\n              \"name\": \"medium_Website Icon.jpeg\",\n              \"hash\": \"medium_Website_Icon_727b161f01\",\n              \"ext\": \".jpeg\",\n              \"mime\": \"image/jpeg\",\n              \"width\": 750,\n              \"height\": 524,\n              \"size\": 45.54,\n              \"path\": null,\n              \"url\": \"/uploads/medium_Website_Icon_727b161f01.jpeg\"\n            },\n            \"small\": {\n              \"name\": \"small_Website Icon.jpeg\",\n              \"hash\": \"small_Website_Icon_727b161f01\",\n              \"ext\": \".jpeg\",\n              \"mime\": \"image/jpeg\",\n              \"width\": 500,\n              \"height\": 349,\n              \"size\": 22.91,\n              \"path\": null,\n              \"url\": \"/uploads/small_Website_Icon_727b161f01.jpeg\"\n            }\n          },\n          \"provider\": \"local\",\n          \"related\": [\n            \"5f0215c69d8081001fd38fa1\"\n          ],\n          \"createdAt\": \"2020-09-19T14:30:28.441Z\",\n          \"updatedAt\": \"2021-02-21T19:31:52.126Z\",\n          \"__v\": 0,\n          \"created_by\": \"5e4839cd1c2d53001dcc0696\",\n          \"updated_by\": \"5e4839cd1c2d53001dcc0696\",\n          \"id\": \"5f6616045ee4c9001d2b968a\"\n        },\n        \"content\": \"I'm the kind of person that learns by doing - the more I do, the more it sinks in. Whilst attempting to keep my skills up to date, I had the idea of building a rich web application which would serve up my CV, and it could also double as a place to hone and demonstrate my skillsets in certain technologies. Eventually, I could even start blogging about these experiences. \\n\\nThe first thing I decided I would need would be a CMS (Content Management System). The content of my website would have to be dynamic, as I would like to keep my CV and blog up to date.  There were many options available here, but I finally settled on a headless CMS named ([strapi](https://strapi.io/)). Strapi would also require some sort of persistence layer, and  [mongodb](https://www.mongodb.com/ seemed to be a sensible choice.\\n\\nFor the web interface itself, there was a bit of competition between React and Angular. After spending years commercially working on Angular projects, I decided that React could be a good thing to learn and went with that.  \\n\\n```npx create-react-app my-app --template typescript``` is the command used to boostrap my react SPA (single page application) and I found a boostrap template from [here](https://wrapbootstrap.com/).\\n\\nSo far so good right ? I had picked the basic building blocks for building this dynamic CV/blog, but where would I run it ? I had a perfectly good iMac that was unused, and a fast enough internet connection. This app doesnt need to be highly available, as its just a little hobby app so this would suit well. I could use [ngrok](https://ngrok.com/) to make my app available to the internet, and I could use [Route 53](https://aws.amazon.com/route53/) to set up and configure my domain.\\n\\nKubernetes is a very popular way or running cloud native apps, so this was a pretty easy choice, the only issue was what flavour of it would work best on a mac. I started off with minikube, but started to have issues with persistent volumes, so eventually went with [kind (kubernetes in docker)](https://kind.sigs.k8s.io/). I could easily install nginx ingress controller, and it was super easy to configure.\\n\\nThe last thing to consider was how to deploy the individual components or services to the kubernetes cluster. One of my requirements was that I would want to make continual improvments to my app, so the deployment process must be as simple as possible. I would want to have git projects for each service,  build a container image, and deploy a helm chart (a helm chart is a collection of files that describe a related set of Kubernetes resources).  [Jenkins X](https://jenkins-x.io/) describes itself as *Jenkins X provides pipeline automation, built-in GitOps, and preview environments to help teams collaborate and accelerate their software delivery at any scale*. There was out of the box support for kubernetes flavours such as GKE (google cloud) and EKS (amazon web services), but a bit of customisation would be required if i wanted to run this on my local kubernetes cluster. This was easy enough and I was able to configure the following:\\n- [Harbor](https://goharbor.io/) as the container registry of choice\\n- [Cert Manager](https://cert-manager.io/) - configure cert manager to generate lets encrpt certificates using ACME challennges based on my use of AWS Route 53 for dns.\\n- Installed MongoDB in the control plane.\\n\\nOverall my initial architecture looked something like this:\\n\\n![Website V1](/uploads/Website_V1_c3889a1afa.jpeg)\\n\\n\\n*All source code for this app can be found here: (https://github.com/simonjamesrowe)*\",\n        \"updated_by\": \"5e4839cd1c2d53001dcc0696\",\n        \"id\": \"5f0215c69d8081001fd38fa1\"\n      }\n    ],\n    \"id\": \"5f635e625ee4c9001d2b9660\"\n  },\n  {\n    \"includeOnResume\": false,\n    \"_id\": \"5f635e6a5ee4c9001d2b9661\",\n    \"name\": \"Redux\",\n    \"rating\": 7,\n    \"createdAt\": \"2020-09-17T13:02:34.081Z\",\n    \"updatedAt\": \"2020-09-27T08:07:44.221Z\",\n    \"__v\": 0,\n    \"created_by\": {\n      \"_id\": \"5e4839cd1c2d53001dcc0696\",\n      \"username\": \"simon.rowe@gmail.com\",\n      \"createdAt\": \"2020-02-15T18:34:53.155Z\",\n      \"updatedAt\": \"2020-09-17T07:45:13.526Z\",\n      \"__v\": 0,\n      \"id\": \"5e4839cd1c2d53001dcc0696\"\n    },\n    \"updated_by\": {\n      \"_id\": \"5e4839cd1c2d53001dcc0696\",\n      \"username\": \"simon.rowe@gmail.com\",\n      \"createdAt\": \"2020-02-15T18:34:53.155Z\",\n      \"updatedAt\": \"2020-09-17T07:45:13.526Z\",\n      \"__v\": 0,\n      \"id\": \"5e4839cd1c2d53001dcc0696\"\n    },\n    \"image\": {\n      \"_id\": \"5f689a7576320d001e515e83\",\n      \"name\": \"redux.png\",\n      \"alternativeText\": \"\",\n      \"caption\": \"\",\n      \"hash\": \"redux_8e22d11f3e\",\n      \"ext\": \".png\",\n      \"mime\": \"image/png\",\n      \"size\": 302.72,\n      \"width\": 1366,\n      \"height\": 1380,\n      \"url\": \"/uploads/redux_8e22d11f3e.png\",\n      \"formats\": {\n        \"thumbnail\": {\n          \"name\": \"thumbnail_redux.png\",\n          \"hash\": \"thumbnail_redux_8e22d11f3e\",\n          \"ext\": \".png\",\n          \"mime\": \"image/png\",\n          \"width\": 154,\n          \"height\": 156,\n          \"size\": 9.26,\n          \"path\": null,\n          \"url\": \"/uploads/thumbnail_redux_8e22d11f3e.png\"\n        },\n        \"large\": {\n          \"name\": \"large_redux.png\",\n          \"hash\": \"large_redux_8e22d11f3e\",\n          \"ext\": \".png\",\n          \"mime\": \"image/png\",\n          \"width\": 990,\n          \"height\": 1000,\n          \"size\": 211.15,\n          \"path\": null,\n          \"url\": \"/uploads/large_redux_8e22d11f3e.png\"\n        },\n        \"medium\": {\n          \"name\": \"medium_redux.png\",\n          \"hash\": \"medium_redux_8e22d11f3e\",\n          \"ext\": \".png\",\n          \"mime\": \"image/png\",\n          \"width\": 742,\n          \"height\": 750,\n          \"size\": 123.78,\n          \"path\": null,\n          \"url\": \"/uploads/medium_redux_8e22d11f3e.png\"\n        },\n        \"small\": {\n          \"name\": \"small_redux.png\",\n          \"hash\": \"small_redux_8e22d11f3e\",\n          \"ext\": \".png\",\n          \"mime\": \"image/png\",\n          \"width\": 495,\n          \"height\": 500,\n          \"size\": 58.68,\n          \"path\": null,\n          \"url\": \"/uploads/small_redux_8e22d11f3e.png\"\n        }\n      },\n      \"provider\": \"local\",\n      \"related\": [\n        \"5f635e6a5ee4c9001d2b9661\"\n      ],\n      \"createdAt\": \"2020-09-21T12:20:05.791Z\",\n      \"updatedAt\": \"2020-09-21T12:20:09.017Z\",\n      \"__v\": 0,\n      \"created_by\": \"5e4839cd1c2d53001dcc0696\",\n      \"updated_by\": \"5e4839cd1c2d53001dcc0696\",\n      \"id\": \"5f689a7576320d001e515e83\"\n    },\n    \"description\": \"Redux is used mostly for application state management. To summarize it, Redux maintains the state of an entire application in a single immutable state tree (object), which can't be changed directly. When something changes, a new object is created (using actions and reducers)\",\n    \"jobs\": [],\n    \"blogs\": [],\n    \"id\": \"5f635e6a5ee4c9001d2b9661\"\n  },\n  {\n    \"includeOnResume\": false,\n    \"_id\": \"5f635e755ee4c9001d2b9662\",\n    \"name\": \"HTML\",\n    \"rating\": 6,\n    \"createdAt\": \"2020-09-17T13:02:45.014Z\",\n    \"updatedAt\": \"2020-09-27T08:08:44.243Z\",\n    \"__v\": 0,\n    \"created_by\": {\n      \"_id\": \"5e4839cd1c2d53001dcc0696\",\n      \"username\": \"simon.rowe@gmail.com\",\n      \"createdAt\": \"2020-02-15T18:34:53.155Z\",\n      \"updatedAt\": \"2020-09-17T07:45:13.526Z\",\n      \"__v\": 0,\n      \"id\": \"5e4839cd1c2d53001dcc0696\"\n    },\n    \"updated_by\": {\n      \"_id\": \"5e4839cd1c2d53001dcc0696\",\n      \"username\": \"simon.rowe@gmail.com\",\n      \"createdAt\": \"2020-02-15T18:34:53.155Z\",\n      \"updatedAt\": \"2020-09-17T07:45:13.526Z\",\n      \"__v\": 0,\n      \"id\": \"5e4839cd1c2d53001dcc0696\"\n    },\n    \"image\": {\n      \"_id\": \"5f689a9376320d001e515e85\",\n      \"name\": \"html.jpg\",\n      \"alternativeText\": \"\",\n      \"caption\": \"\",\n      \"hash\": \"html_c7814e20c6\",\n      \"ext\": \".jpg\",\n      \"mime\": \"image/jpeg\",\n      \"size\": 116.37,\n      \"width\": 900,\n      \"height\": 506,\n      \"url\": \"/uploads/html_c7814e20c6.jpg\",\n      \"formats\": {\n        \"thumbnail\": {\n          \"name\": \"thumbnail_html.jpg\",\n          \"hash\": \"thumbnail_html_c7814e20c6\",\n          \"ext\": \".jpg\",\n          \"mime\": \"image/jpeg\",\n          \"width\": 245,\n          \"height\": 138,\n          \"size\": 7.72,\n          \"path\": null,\n          \"url\": \"/uploads/thumbnail_html_c7814e20c6.jpg\"\n        },\n        \"medium\": {\n          \"name\": \"medium_html.jpg\",\n          \"hash\": \"medium_html_c7814e20c6\",\n          \"ext\": \".jpg\",\n          \"mime\": \"image/jpeg\",\n          \"width\": 750,\n          \"height\": 422,\n          \"size\": 63.84,\n          \"path\": null,\n          \"url\": \"/uploads/medium_html_c7814e20c6.jpg\"\n        },\n        \"small\": {\n          \"name\": \"small_html.jpg\",\n          \"hash\": \"small_html_c7814e20c6\",\n          \"ext\": \".jpg\",\n          \"mime\": \"image/jpeg\",\n          \"width\": 500,\n          \"height\": 281,\n          \"size\": 29.07,\n          \"path\": null,\n          \"url\": \"/uploads/small_html_c7814e20c6.jpg\"\n        }\n      },\n      \"provider\": \"local\",\n      \"related\": [\n        \"5f635e755ee4c9001d2b9662\"\n      ],\n      \"createdAt\": \"2020-09-21T12:20:35.159Z\",\n      \"updatedAt\": \"2020-09-21T12:20:38.166Z\",\n      \"__v\": 0,\n      \"created_by\": \"5e4839cd1c2d53001dcc0696\",\n      \"updated_by\": \"5e4839cd1c2d53001dcc0696\",\n      \"id\": \"5f689a9376320d001e515e85\"\n    },\n    \"description\": \"Hypertext Markup Language is the standard markup language for documents designed to be displayed in a web browser. It can be assisted by technologies such as Cascading Style Sheets and scripting languages such as JavaScript\",\n    \"jobs\": [\n      {\n        \"education\": false,\n        \"includeOnResume\": true,\n        \"attachments\": [],\n        \"skills\": [\n          \"5f635b3f5ee4c9001d2b962f\",\n          \"5f635b8b5ee4c9001d2b9634\",\n          \"5f635c185ee4c9001d2b963a\",\n          \"5f635c2e5ee4c9001d2b963c\",\n          \"5f635c675ee4c9001d2b9640\",\n          \"5f635c745ee4c9001d2b9641\",\n          \"5f635c845ee4c9001d2b9642\",\n          \"5f635cb65ee4c9001d2b9644\",\n          \"5f635cc45ee4c9001d2b9645\",\n          \"5f635cdc5ee4c9001d2b9646\",\n          \"5f635ceb5ee4c9001d2b9647\",\n          \"5f635d045ee4c9001d2b9649\",\n          \"5f635d115ee4c9001d2b964a\",\n          \"5f635d1e5ee4c9001d2b964b\",\n          \"5f635d2c5ee4c9001d2b964c\",\n          \"5f635d425ee4c9001d2b964d\",\n          \"5f635d7e5ee4c9001d2b964f\",\n          \"5f635d875ee4c9001d2b9650\",\n          \"5f635d905ee4c9001d2b9651\",\n          \"5f635d9e5ee4c9001d2b9652\",\n          \"5f635da95ee4c9001d2b9653\",\n          \"5f635dbe5ee4c9001d2b9655\",\n          \"5f635dde5ee4c9001d2b9658\",\n          \"5f635e235ee4c9001d2b965b\",\n          \"5f635e595ee4c9001d2b965f\",\n          \"5f635e755ee4c9001d2b9662\",\n          \"5f635df45ee4c9001d2b965a\",\n          \"5f635de75ee4c9001d2b9659\",\n          \"5f635e7d5ee4c9001d2b9663\",\n          \"5f635e885ee4c9001d2b9664\",\n          \"5f635ea45ee4c9001d2b9666\",\n          \"5f635ee35ee4c9001d2b9668\",\n          \"602236d69dc383001e945ddc\",\n          \"6029446c9dc383001e945de9\",\n          \"5f635b6a5ee4c9001d2b9632\",\n          \"5f635bb85ee4c9001d2b9635\"\n        ],\n        \"_id\": \"5e53713a11c196001d06f91a\",\n        \"title\": \"Senior Director, Java Development\",\n        \"startDate\": \"2011-07-12\",\n        \"createdAt\": \"2020-02-24T06:46:18.484Z\",\n        \"updatedAt\": \"2021-02-26T22:37:22.370Z\",\n        \"__v\": 0,\n        \"company\": \"Universal Music Publishing\",\n        \"companyUrl\": \"https://www.umusicpub.com/\",\n        \"endDate\": \"2018-08-11\",\n        \"shortDescription\": \"Technology leader in cloud native development for business critical applications.\",\n        \"companyImage\": {\n          \"_id\": \"5f6618325ee4c9001d2b969c\",\n          \"name\": \"umpg.png\",\n          \"alternativeText\": \"\",\n          \"caption\": \"\",\n          \"hash\": \"umpg_121becd400\",\n          \"ext\": \".png\",\n          \"mime\": \"image/png\",\n          \"size\": 129.45,\n          \"width\": 400,\n          \"height\": 400,\n          \"url\": \"/uploads/umpg_121becd400.png\",\n          \"formats\": {\n            \"thumbnail\": {\n              \"name\": \"thumbnail_umpg.png\",\n              \"hash\": \"thumbnail_umpg_121becd400\",\n              \"ext\": \".png\",\n              \"mime\": \"image/png\",\n              \"width\": 156,\n              \"height\": 156,\n              \"size\": 31.14,\n              \"path\": null,\n              \"url\": \"/uploads/thumbnail_umpg_121becd400.png\"\n            }\n          },\n          \"provider\": \"local\",\n          \"related\": [\n            \"5e53713a11c196001d06f91a\"\n          ],\n          \"createdAt\": \"2020-09-19T14:39:46.169Z\",\n          \"updatedAt\": \"2021-02-08T08:15:39.296Z\",\n          \"__v\": 0,\n          \"created_by\": \"5e4839cd1c2d53001dcc0696\",\n          \"updated_by\": \"5e4839cd1c2d53001dcc0696\",\n          \"id\": \"5f6618325ee4c9001d2b969c\"\n        },\n        \"updated_by\": \"5e4839cd1c2d53001dcc0696\",\n        \"longDescription\": \"Responsible for architecture and delivery of greenfield internal and public facing business applications. Super scrum master, removing obstacles for four dynamic scrum teams. Frequent commiter.\\n\\nRe-architecture of multiple monoliths with single points of failure to AWS,resulting in scalable, fault tolerant software reducing the operational cost significantly.\\n\\nIntroduced automated testing as a development activity utilising technologies such as cucumber, selenium, docker which allows for far shorter release cycles.\\n\\nDesigned the company's first 'serverless' application at AWS, Utilising ECS Fargate, Lambda, SQS, SNS, ElasticSearch, S3.\",\n        \"location\": \"London\",\n        \"id\": \"5e53713a11c196001d06f91a\"\n      },\n      {\n        \"education\": false,\n        \"includeOnResume\": true,\n        \"attachments\": [],\n        \"skills\": [\n          \"5f635e755ee4c9001d2b9662\",\n          \"5f635e7d5ee4c9001d2b9663\",\n          \"5f635e885ee4c9001d2b9664\",\n          \"5f635dbe5ee4c9001d2b9655\",\n          \"602942659dc383001e945de5\",\n          \"6029446c9dc383001e945de9\",\n          \"5f635bb85ee4c9001d2b9635\"\n        ],\n        \"_id\": \"5e53733b11c196001d06f920\",\n        \"title\": \"Analyst / Programmer\",\n        \"startDate\": \"2008-02-01\",\n        \"endDate\": \"2009-11-01\",\n        \"company\": \"Macquarie Group\",\n        \"companyUrl\": \"https://www.macquarie.com/uk/en.html\",\n        \"shortDescription\": \"Built real-time, batch and web applications using Struts and Spring framework for the Risk Management Group.\\n\\n\",\n        \"createdAt\": \"2020-02-24T06:54:51.222Z\",\n        \"updatedAt\": \"2021-02-26T22:37:22.370Z\",\n        \"__v\": 0,\n        \"companyImage\": {\n          \"_id\": \"5f6618675ee4c9001d2b96a0\",\n          \"name\": \"macquarie.png\",\n          \"alternativeText\": \"\",\n          \"caption\": \"\",\n          \"hash\": \"macquarie_5a3682b3db\",\n          \"ext\": \".png\",\n          \"mime\": \"image/png\",\n          \"size\": 11.24,\n          \"width\": 264,\n          \"height\": 229,\n          \"url\": \"/uploads/macquarie_5a3682b3db.png\",\n          \"formats\": {\n            \"thumbnail\": {\n              \"name\": \"thumbnail_macquarie.png\",\n              \"hash\": \"thumbnail_macquarie_5a3682b3db\",\n              \"ext\": \".png\",\n              \"mime\": \"image/png\",\n              \"width\": 180,\n              \"height\": 156,\n              \"size\": 7.99,\n              \"path\": null,\n              \"url\": \"/uploads/thumbnail_macquarie_5a3682b3db.png\"\n            }\n          },\n          \"provider\": \"local\",\n          \"related\": [\n            \"5e53733b11c196001d06f920\"\n          ],\n          \"createdAt\": \"2020-09-19T14:40:39.885Z\",\n          \"updatedAt\": \"2021-02-08T08:33:28.402Z\",\n          \"__v\": 0,\n          \"created_by\": \"5e4839cd1c2d53001dcc0696\",\n          \"updated_by\": \"5e4839cd1c2d53001dcc0696\",\n          \"id\": \"5f6618675ee4c9001d2b96a0\"\n        },\n        \"updated_by\": \"5e4839cd1c2d53001dcc0696\",\n        \"longDescription\": \"Design, Build, Test & Document new software solutions across the Risk Management Group\\n\\nMaintain and Enhance existing systems.\\n\\nMentoring of junior developers.\\n\\nTechnologies Used: JEE, Java, JSP, HTML, JQuery, Dojo, Spring, Hibernate, Sybase,HSQLDB, SQL Server, Tiles, JUnit, Selenium, PHP\",\n        \"location\": \"Sydney\",\n        \"id\": \"5e53733b11c196001d06f920\"\n      }\n    ],\n    \"blogs\": [],\n    \"id\": \"5f635e755ee4c9001d2b9662\"\n  },\n  {\n    \"includeOnResume\": false,\n    \"_id\": \"5f635e7d5ee4c9001d2b9663\",\n    \"name\": \"CSS\",\n    \"rating\": 6,\n    \"createdAt\": \"2020-09-17T13:02:53.094Z\",\n    \"updatedAt\": \"2020-09-27T08:09:11.422Z\",\n    \"__v\": 0,\n    \"created_by\": {\n      \"_id\": \"5e4839cd1c2d53001dcc0696\",\n      \"username\": \"simon.rowe@gmail.com\",\n      \"createdAt\": \"2020-02-15T18:34:53.155Z\",\n      \"updatedAt\": \"2020-09-17T07:45:13.526Z\",\n      \"__v\": 0,\n      \"id\": \"5e4839cd1c2d53001dcc0696\"\n    },\n    \"updated_by\": {\n      \"_id\": \"5e4839cd1c2d53001dcc0696\",\n      \"username\": \"simon.rowe@gmail.com\",\n      \"createdAt\": \"2020-02-15T18:34:53.155Z\",\n      \"updatedAt\": \"2020-09-17T07:45:13.526Z\",\n      \"__v\": 0,\n      \"id\": \"5e4839cd1c2d53001dcc0696\"\n    },\n    \"image\": {\n      \"_id\": \"5f689aac76320d001e515e87\",\n      \"name\": \"css.jpg\",\n      \"alternativeText\": \"\",\n      \"caption\": \"\",\n      \"hash\": \"css_0ac60a6991\",\n      \"ext\": \".jpg\",\n      \"mime\": \"image/jpeg\",\n      \"size\": 10.86,\n      \"width\": 320,\n      \"height\": 180,\n      \"url\": \"/uploads/css_0ac60a6991.jpg\",\n      \"formats\": {\n        \"thumbnail\": {\n          \"name\": \"thumbnail_css.jpg\",\n          \"hash\": \"thumbnail_css_0ac60a6991\",\n          \"ext\": \".jpg\",\n          \"mime\": \"image/jpeg\",\n          \"width\": 245,\n          \"height\": 138,\n          \"size\": 7.12,\n          \"path\": null,\n          \"url\": \"/uploads/thumbnail_css_0ac60a6991.jpg\"\n        }\n      },\n      \"provider\": \"local\",\n      \"related\": [\n        \"5f635e7d5ee4c9001d2b9663\"\n      ],\n      \"createdAt\": \"2020-09-21T12:21:00.321Z\",\n      \"updatedAt\": \"2020-09-21T12:21:02.514Z\",\n      \"__v\": 0,\n      \"created_by\": \"5e4839cd1c2d53001dcc0696\",\n      \"updated_by\": \"5e4839cd1c2d53001dcc0696\",\n      \"id\": \"5f689aac76320d001e515e87\"\n    },\n    \"description\": \"CSS stands for Cascading Style Sheets. CSS describes how HTML elements are to be displayed on screen, paper, or in other media. CSS saves a lot of work. It can control the layout of multiple web pages all at once. External stylesheets are stored in CSS files\",\n    \"jobs\": [\n      {\n        \"education\": false,\n        \"includeOnResume\": true,\n        \"attachments\": [],\n        \"skills\": [\n          \"5f635b3f5ee4c9001d2b962f\",\n          \"5f635b8b5ee4c9001d2b9634\",\n          \"5f635c185ee4c9001d2b963a\",\n          \"5f635c2e5ee4c9001d2b963c\",\n          \"5f635c675ee4c9001d2b9640\",\n          \"5f635c745ee4c9001d2b9641\",\n          \"5f635c845ee4c9001d2b9642\",\n          \"5f635cb65ee4c9001d2b9644\",\n          \"5f635cc45ee4c9001d2b9645\",\n          \"5f635cdc5ee4c9001d2b9646\",\n          \"5f635ceb5ee4c9001d2b9647\",\n          \"5f635d045ee4c9001d2b9649\",\n          \"5f635d115ee4c9001d2b964a\",\n          \"5f635d1e5ee4c9001d2b964b\",\n          \"5f635d2c5ee4c9001d2b964c\",\n          \"5f635d425ee4c9001d2b964d\",\n          \"5f635d7e5ee4c9001d2b964f\",\n          \"5f635d875ee4c9001d2b9650\",\n          \"5f635d905ee4c9001d2b9651\",\n          \"5f635d9e5ee4c9001d2b9652\",\n          \"5f635da95ee4c9001d2b9653\",\n          \"5f635dbe5ee4c9001d2b9655\",\n          \"5f635dde5ee4c9001d2b9658\",\n          \"5f635e235ee4c9001d2b965b\",\n          \"5f635e595ee4c9001d2b965f\",\n          \"5f635e755ee4c9001d2b9662\",\n          \"5f635df45ee4c9001d2b965a\",\n          \"5f635de75ee4c9001d2b9659\",\n          \"5f635e7d5ee4c9001d2b9663\",\n          \"5f635e885ee4c9001d2b9664\",\n          \"5f635ea45ee4c9001d2b9666\",\n          \"5f635ee35ee4c9001d2b9668\",\n          \"602236d69dc383001e945ddc\",\n          \"6029446c9dc383001e945de9\",\n          \"5f635b6a5ee4c9001d2b9632\",\n          \"5f635bb85ee4c9001d2b9635\"\n        ],\n        \"_id\": \"5e53713a11c196001d06f91a\",\n        \"title\": \"Senior Director, Java Development\",\n        \"startDate\": \"2011-07-12\",\n        \"createdAt\": \"2020-02-24T06:46:18.484Z\",\n        \"updatedAt\": \"2021-02-26T22:37:22.370Z\",\n        \"__v\": 0,\n        \"company\": \"Universal Music Publishing\",\n        \"companyUrl\": \"https://www.umusicpub.com/\",\n        \"endDate\": \"2018-08-11\",\n        \"shortDescription\": \"Technology leader in cloud native development for business critical applications.\",\n        \"companyImage\": {\n          \"_id\": \"5f6618325ee4c9001d2b969c\",\n          \"name\": \"umpg.png\",\n          \"alternativeText\": \"\",\n          \"caption\": \"\",\n          \"hash\": \"umpg_121becd400\",\n          \"ext\": \".png\",\n          \"mime\": \"image/png\",\n          \"size\": 129.45,\n          \"width\": 400,\n          \"height\": 400,\n          \"url\": \"/uploads/umpg_121becd400.png\",\n          \"formats\": {\n            \"thumbnail\": {\n              \"name\": \"thumbnail_umpg.png\",\n              \"hash\": \"thumbnail_umpg_121becd400\",\n              \"ext\": \".png\",\n              \"mime\": \"image/png\",\n              \"width\": 156,\n              \"height\": 156,\n              \"size\": 31.14,\n              \"path\": null,\n              \"url\": \"/uploads/thumbnail_umpg_121becd400.png\"\n            }\n          },\n          \"provider\": \"local\",\n          \"related\": [\n            \"5e53713a11c196001d06f91a\"\n          ],\n          \"createdAt\": \"2020-09-19T14:39:46.169Z\",\n          \"updatedAt\": \"2021-02-08T08:15:39.296Z\",\n          \"__v\": 0,\n          \"created_by\": \"5e4839cd1c2d53001dcc0696\",\n          \"updated_by\": \"5e4839cd1c2d53001dcc0696\",\n          \"id\": \"5f6618325ee4c9001d2b969c\"\n        },\n        \"updated_by\": \"5e4839cd1c2d53001dcc0696\",\n        \"longDescription\": \"Responsible for architecture and delivery of greenfield internal and public facing business applications. Super scrum master, removing obstacles for four dynamic scrum teams. Frequent commiter.\\n\\nRe-architecture of multiple monoliths with single points of failure to AWS,resulting in scalable, fault tolerant software reducing the operational cost significantly.\\n\\nIntroduced automated testing as a development activity utilising technologies such as cucumber, selenium, docker which allows for far shorter release cycles.\\n\\nDesigned the company's first 'serverless' application at AWS, Utilising ECS Fargate, Lambda, SQS, SNS, ElasticSearch, S3.\",\n        \"location\": \"London\",\n        \"id\": \"5e53713a11c196001d06f91a\"\n      },\n      {\n        \"education\": false,\n        \"includeOnResume\": true,\n        \"attachments\": [],\n        \"skills\": [\n          \"5f635e755ee4c9001d2b9662\",\n          \"5f635e7d5ee4c9001d2b9663\",\n          \"5f635e885ee4c9001d2b9664\",\n          \"5f635dbe5ee4c9001d2b9655\",\n          \"602942659dc383001e945de5\",\n          \"6029446c9dc383001e945de9\",\n          \"5f635bb85ee4c9001d2b9635\"\n        ],\n        \"_id\": \"5e53733b11c196001d06f920\",\n        \"title\": \"Analyst / Programmer\",\n        \"startDate\": \"2008-02-01\",\n        \"endDate\": \"2009-11-01\",\n        \"company\": \"Macquarie Group\",\n        \"companyUrl\": \"https://www.macquarie.com/uk/en.html\",\n        \"shortDescription\": \"Built real-time, batch and web applications using Struts and Spring framework for the Risk Management Group.\\n\\n\",\n        \"createdAt\": \"2020-02-24T06:54:51.222Z\",\n        \"updatedAt\": \"2021-02-26T22:37:22.370Z\",\n        \"__v\": 0,\n        \"companyImage\": {\n          \"_id\": \"5f6618675ee4c9001d2b96a0\",\n          \"name\": \"macquarie.png\",\n          \"alternativeText\": \"\",\n          \"caption\": \"\",\n          \"hash\": \"macquarie_5a3682b3db\",\n          \"ext\": \".png\",\n          \"mime\": \"image/png\",\n          \"size\": 11.24,\n          \"width\": 264,\n          \"height\": 229,\n          \"url\": \"/uploads/macquarie_5a3682b3db.png\",\n          \"formats\": {\n            \"thumbnail\": {\n              \"name\": \"thumbnail_macquarie.png\",\n              \"hash\": \"thumbnail_macquarie_5a3682b3db\",\n              \"ext\": \".png\",\n              \"mime\": \"image/png\",\n              \"width\": 180,\n              \"height\": 156,\n              \"size\": 7.99,\n              \"path\": null,\n              \"url\": \"/uploads/thumbnail_macquarie_5a3682b3db.png\"\n            }\n          },\n          \"provider\": \"local\",\n          \"related\": [\n            \"5e53733b11c196001d06f920\"\n          ],\n          \"createdAt\": \"2020-09-19T14:40:39.885Z\",\n          \"updatedAt\": \"2021-02-08T08:33:28.402Z\",\n          \"__v\": 0,\n          \"created_by\": \"5e4839cd1c2d53001dcc0696\",\n          \"updated_by\": \"5e4839cd1c2d53001dcc0696\",\n          \"id\": \"5f6618675ee4c9001d2b96a0\"\n        },\n        \"updated_by\": \"5e4839cd1c2d53001dcc0696\",\n        \"longDescription\": \"Design, Build, Test & Document new software solutions across the Risk Management Group\\n\\nMaintain and Enhance existing systems.\\n\\nMentoring of junior developers.\\n\\nTechnologies Used: JEE, Java, JSP, HTML, JQuery, Dojo, Spring, Hibernate, Sybase,HSQLDB, SQL Server, Tiles, JUnit, Selenium, PHP\",\n        \"location\": \"Sydney\",\n        \"id\": \"5e53733b11c196001d06f920\"\n      }\n    ],\n    \"blogs\": [],\n    \"id\": \"5f635e7d5ee4c9001d2b9663\"\n  },\n  {\n    \"includeOnResume\": false,\n    \"_id\": \"5f635e885ee4c9001d2b9664\",\n    \"name\": \"Javascript\",\n    \"rating\": 8,\n    \"createdAt\": \"2020-09-17T13:03:04.945Z\",\n    \"updatedAt\": \"2020-09-27T08:09:39.698Z\",\n    \"__v\": 0,\n    \"created_by\": {\n      \"_id\": \"5e4839cd1c2d53001dcc0696\",\n      \"username\": \"simon.rowe@gmail.com\",\n      \"createdAt\": \"2020-02-15T18:34:53.155Z\",\n      \"updatedAt\": \"2020-09-17T07:45:13.526Z\",\n      \"__v\": 0,\n      \"id\": \"5e4839cd1c2d53001dcc0696\"\n    },\n    \"updated_by\": {\n      \"_id\": \"5e4839cd1c2d53001dcc0696\",\n      \"username\": \"simon.rowe@gmail.com\",\n      \"createdAt\": \"2020-02-15T18:34:53.155Z\",\n      \"updatedAt\": \"2020-09-17T07:45:13.526Z\",\n      \"__v\": 0,\n      \"id\": \"5e4839cd1c2d53001dcc0696\"\n    },\n    \"image\": {\n      \"_id\": \"5f689acb76320d001e515e89\",\n      \"name\": \"js.png\",\n      \"alternativeText\": \"\",\n      \"caption\": \"\",\n      \"hash\": \"js_67902d7504\",\n      \"ext\": \".png\",\n      \"mime\": \"image/png\",\n      \"size\": 17.78,\n      \"width\": 344,\n      \"height\": 390,\n      \"url\": \"/uploads/js_67902d7504.png\",\n      \"formats\": {\n        \"thumbnail\": {\n          \"name\": \"thumbnail_js.png\",\n          \"hash\": \"thumbnail_js_67902d7504\",\n          \"ext\": \".png\",\n          \"mime\": \"image/png\",\n          \"width\": 138,\n          \"height\": 156,\n          \"size\": 11.2,\n          \"path\": null,\n          \"url\": \"/uploads/thumbnail_js_67902d7504.png\"\n        }\n      },\n      \"provider\": \"local\",\n      \"related\": [\n        \"5f635e885ee4c9001d2b9664\"\n      ],\n      \"createdAt\": \"2020-09-21T12:21:31.977Z\",\n      \"updatedAt\": \"2020-09-21T12:21:34.401Z\",\n      \"__v\": 0,\n      \"created_by\": \"5e4839cd1c2d53001dcc0696\",\n      \"updated_by\": \"5e4839cd1c2d53001dcc0696\",\n      \"id\": \"5f689acb76320d001e515e89\"\n    },\n    \"description\": \"JavaScript, often abbreviated as JS, is a programming language that conforms to the ECMAScript specification. JavaScript is high-level, often just-in-time compiled, and multi-paradigm. It has curly-bracket syntax, dynamic typing, prototype-based object-orientation, and first-class functions\",\n    \"jobs\": [\n      {\n        \"education\": false,\n        \"includeOnResume\": true,\n        \"attachments\": [],\n        \"skills\": [\n          \"5f635b3f5ee4c9001d2b962f\",\n          \"5f635b8b5ee4c9001d2b9634\",\n          \"5f635c185ee4c9001d2b963a\",\n          \"5f635c2e5ee4c9001d2b963c\",\n          \"5f635c675ee4c9001d2b9640\",\n          \"5f635c745ee4c9001d2b9641\",\n          \"5f635c845ee4c9001d2b9642\",\n          \"5f635cb65ee4c9001d2b9644\",\n          \"5f635cc45ee4c9001d2b9645\",\n          \"5f635cdc5ee4c9001d2b9646\",\n          \"5f635ceb5ee4c9001d2b9647\",\n          \"5f635d045ee4c9001d2b9649\",\n          \"5f635d115ee4c9001d2b964a\",\n          \"5f635d1e5ee4c9001d2b964b\",\n          \"5f635d2c5ee4c9001d2b964c\",\n          \"5f635d425ee4c9001d2b964d\",\n          \"5f635d7e5ee4c9001d2b964f\",\n          \"5f635d875ee4c9001d2b9650\",\n          \"5f635d905ee4c9001d2b9651\",\n          \"5f635d9e5ee4c9001d2b9652\",\n          \"5f635da95ee4c9001d2b9653\",\n          \"5f635dbe5ee4c9001d2b9655\",\n          \"5f635dde5ee4c9001d2b9658\",\n          \"5f635e235ee4c9001d2b965b\",\n          \"5f635e595ee4c9001d2b965f\",\n          \"5f635e755ee4c9001d2b9662\",\n          \"5f635df45ee4c9001d2b965a\",\n          \"5f635de75ee4c9001d2b9659\",\n          \"5f635e7d5ee4c9001d2b9663\",\n          \"5f635e885ee4c9001d2b9664\",\n          \"5f635ea45ee4c9001d2b9666\",\n          \"5f635ee35ee4c9001d2b9668\",\n          \"602236d69dc383001e945ddc\",\n          \"6029446c9dc383001e945de9\",\n          \"5f635b6a5ee4c9001d2b9632\",\n          \"5f635bb85ee4c9001d2b9635\"\n        ],\n        \"_id\": \"5e53713a11c196001d06f91a\",\n        \"title\": \"Senior Director, Java Development\",\n        \"startDate\": \"2011-07-12\",\n        \"createdAt\": \"2020-02-24T06:46:18.484Z\",\n        \"updatedAt\": \"2021-02-26T22:37:22.370Z\",\n        \"__v\": 0,\n        \"company\": \"Universal Music Publishing\",\n        \"companyUrl\": \"https://www.umusicpub.com/\",\n        \"endDate\": \"2018-08-11\",\n        \"shortDescription\": \"Technology leader in cloud native development for business critical applications.\",\n        \"companyImage\": {\n          \"_id\": \"5f6618325ee4c9001d2b969c\",\n          \"name\": \"umpg.png\",\n          \"alternativeText\": \"\",\n          \"caption\": \"\",\n          \"hash\": \"umpg_121becd400\",\n          \"ext\": \".png\",\n          \"mime\": \"image/png\",\n          \"size\": 129.45,\n          \"width\": 400,\n          \"height\": 400,\n          \"url\": \"/uploads/umpg_121becd400.png\",\n          \"formats\": {\n            \"thumbnail\": {\n              \"name\": \"thumbnail_umpg.png\",\n              \"hash\": \"thumbnail_umpg_121becd400\",\n              \"ext\": \".png\",\n              \"mime\": \"image/png\",\n              \"width\": 156,\n              \"height\": 156,\n              \"size\": 31.14,\n              \"path\": null,\n              \"url\": \"/uploads/thumbnail_umpg_121becd400.png\"\n            }\n          },\n          \"provider\": \"local\",\n          \"related\": [\n            \"5e53713a11c196001d06f91a\"\n          ],\n          \"createdAt\": \"2020-09-19T14:39:46.169Z\",\n          \"updatedAt\": \"2021-02-08T08:15:39.296Z\",\n          \"__v\": 0,\n          \"created_by\": \"5e4839cd1c2d53001dcc0696\",\n          \"updated_by\": \"5e4839cd1c2d53001dcc0696\",\n          \"id\": \"5f6618325ee4c9001d2b969c\"\n        },\n        \"updated_by\": \"5e4839cd1c2d53001dcc0696\",\n        \"longDescription\": \"Responsible for architecture and delivery of greenfield internal and public facing business applications. Super scrum master, removing obstacles for four dynamic scrum teams. Frequent commiter.\\n\\nRe-architecture of multiple monoliths with single points of failure to AWS,resulting in scalable, fault tolerant software reducing the operational cost significantly.\\n\\nIntroduced automated testing as a development activity utilising technologies such as cucumber, selenium, docker which allows for far shorter release cycles.\\n\\nDesigned the company's first 'serverless' application at AWS, Utilising ECS Fargate, Lambda, SQS, SNS, ElasticSearch, S3.\",\n        \"location\": \"London\",\n        \"id\": \"5e53713a11c196001d06f91a\"\n      },\n      {\n        \"education\": false,\n        \"includeOnResume\": true,\n        \"attachments\": [],\n        \"skills\": [\n          \"5f635e755ee4c9001d2b9662\",\n          \"5f635e7d5ee4c9001d2b9663\",\n          \"5f635e885ee4c9001d2b9664\",\n          \"5f635dbe5ee4c9001d2b9655\",\n          \"602942659dc383001e945de5\",\n          \"6029446c9dc383001e945de9\",\n          \"5f635bb85ee4c9001d2b9635\"\n        ],\n        \"_id\": \"5e53733b11c196001d06f920\",\n        \"title\": \"Analyst / Programmer\",\n        \"startDate\": \"2008-02-01\",\n        \"endDate\": \"2009-11-01\",\n        \"company\": \"Macquarie Group\",\n        \"companyUrl\": \"https://www.macquarie.com/uk/en.html\",\n        \"shortDescription\": \"Built real-time, batch and web applications using Struts and Spring framework for the Risk Management Group.\\n\\n\",\n        \"createdAt\": \"2020-02-24T06:54:51.222Z\",\n        \"updatedAt\": \"2021-02-26T22:37:22.370Z\",\n        \"__v\": 0,\n        \"companyImage\": {\n          \"_id\": \"5f6618675ee4c9001d2b96a0\",\n          \"name\": \"macquarie.png\",\n          \"alternativeText\": \"\",\n          \"caption\": \"\",\n          \"hash\": \"macquarie_5a3682b3db\",\n          \"ext\": \".png\",\n          \"mime\": \"image/png\",\n          \"size\": 11.24,\n          \"width\": 264,\n          \"height\": 229,\n          \"url\": \"/uploads/macquarie_5a3682b3db.png\",\n          \"formats\": {\n            \"thumbnail\": {\n              \"name\": \"thumbnail_macquarie.png\",\n              \"hash\": \"thumbnail_macquarie_5a3682b3db\",\n              \"ext\": \".png\",\n              \"mime\": \"image/png\",\n              \"width\": 180,\n              \"height\": 156,\n              \"size\": 7.99,\n              \"path\": null,\n              \"url\": \"/uploads/thumbnail_macquarie_5a3682b3db.png\"\n            }\n          },\n          \"provider\": \"local\",\n          \"related\": [\n            \"5e53733b11c196001d06f920\"\n          ],\n          \"createdAt\": \"2020-09-19T14:40:39.885Z\",\n          \"updatedAt\": \"2021-02-08T08:33:28.402Z\",\n          \"__v\": 0,\n          \"created_by\": \"5e4839cd1c2d53001dcc0696\",\n          \"updated_by\": \"5e4839cd1c2d53001dcc0696\",\n          \"id\": \"5f6618675ee4c9001d2b96a0\"\n        },\n        \"updated_by\": \"5e4839cd1c2d53001dcc0696\",\n        \"longDescription\": \"Design, Build, Test & Document new software solutions across the Risk Management Group\\n\\nMaintain and Enhance existing systems.\\n\\nMentoring of junior developers.\\n\\nTechnologies Used: JEE, Java, JSP, HTML, JQuery, Dojo, Spring, Hibernate, Sybase,HSQLDB, SQL Server, Tiles, JUnit, Selenium, PHP\",\n        \"location\": \"Sydney\",\n        \"id\": \"5e53733b11c196001d06f920\"\n      }\n    ],\n    \"blogs\": [],\n    \"id\": \"5f635e885ee4c9001d2b9664\"\n  },\n  {\n    \"includeOnResume\": false,\n    \"_id\": \"5f635e935ee4c9001d2b9665\",\n    \"name\": \"Typescript\",\n    \"rating\": 7.5,\n    \"createdAt\": \"2020-09-17T13:03:15.410Z\",\n    \"updatedAt\": \"2020-09-27T08:10:06.054Z\",\n    \"__v\": 0,\n    \"created_by\": {\n      \"_id\": \"5e4839cd1c2d53001dcc0696\",\n      \"username\": \"simon.rowe@gmail.com\",\n      \"createdAt\": \"2020-02-15T18:34:53.155Z\",\n      \"updatedAt\": \"2020-09-17T07:45:13.526Z\",\n      \"__v\": 0,\n      \"id\": \"5e4839cd1c2d53001dcc0696\"\n    },\n    \"updated_by\": {\n      \"_id\": \"5e4839cd1c2d53001dcc0696\",\n      \"username\": \"simon.rowe@gmail.com\",\n      \"createdAt\": \"2020-02-15T18:34:53.155Z\",\n      \"updatedAt\": \"2020-09-17T07:45:13.526Z\",\n      \"__v\": 0,\n      \"id\": \"5e4839cd1c2d53001dcc0696\"\n    },\n    \"image\": {\n      \"_id\": \"5f689aee76320d001e515e8b\",\n      \"name\": \"ts.jpg\",\n      \"alternativeText\": \"\",\n      \"caption\": \"\",\n      \"hash\": \"ts_1c7c89d06d\",\n      \"ext\": \".jpg\",\n      \"mime\": \"image/jpeg\",\n      \"size\": 11.59,\n      \"width\": 400,\n      \"height\": 400,\n      \"url\": \"/uploads/ts_1c7c89d06d.jpg\",\n      \"formats\": {\n        \"thumbnail\": {\n          \"name\": \"thumbnail_ts.jpg\",\n          \"hash\": \"thumbnail_ts_1c7c89d06d\",\n          \"ext\": \".jpg\",\n          \"mime\": \"image/jpeg\",\n          \"width\": 156,\n          \"height\": 156,\n          \"size\": 4.38,\n          \"path\": null,\n          \"url\": \"/uploads/thumbnail_ts_1c7c89d06d.jpg\"\n        }\n      },\n      \"provider\": \"local\",\n      \"related\": [\n        \"5f635e935ee4c9001d2b9665\"\n      ],\n      \"createdAt\": \"2020-09-21T12:22:06.356Z\",\n      \"updatedAt\": \"2020-09-21T12:22:08.459Z\",\n      \"__v\": 0,\n      \"created_by\": \"5e4839cd1c2d53001dcc0696\",\n      \"updated_by\": \"5e4839cd1c2d53001dcc0696\",\n      \"id\": \"5f689aee76320d001e515e8b\"\n    },\n    \"description\": \"TypeScript is an open-source programming language developed and maintained by Microsoft. It is a strict syntactical superset of JavaScript and adds optional static typing to the language. TypeScript is designed for development of large applications and transcompiles to JavaScript\",\n    \"jobs\": [\n      {\n        \"education\": false,\n        \"includeOnResume\": true,\n        \"attachments\": [],\n        \"skills\": [\n          \"5f635b7e5ee4c9001d2b9633\",\n          \"5f635b8b5ee4c9001d2b9634\",\n          \"5f635c0f5ee4c9001d2b9639\",\n          \"5f635c1e5ee4c9001d2b963b\",\n          \"5f635c2e5ee4c9001d2b963c\",\n          \"5f635c745ee4c9001d2b9641\",\n          \"5f635c845ee4c9001d2b9642\",\n          \"5f635d1e5ee4c9001d2b964b\",\n          \"5f635d2c5ee4c9001d2b964c\",\n          \"5f635d905ee4c9001d2b9651\",\n          \"5f635db55ee4c9001d2b9654\",\n          \"5f635e365ee4c9001d2b965d\",\n          \"5f635e235ee4c9001d2b965b\",\n          \"5f635e2c5ee4c9001d2b965c\",\n          \"5f635e405ee4c9001d2b965e\",\n          \"5f635e935ee4c9001d2b9665\",\n          \"5f635f025ee4c9001d2b966b\",\n          \"5f635c185ee4c9001d2b963a\",\n          \"5f635ceb5ee4c9001d2b9647\",\n          \"5f635cf75ee4c9001d2b9648\",\n          \"5f635d045ee4c9001d2b9649\",\n          \"5f635d115ee4c9001d2b964a\",\n          \"5f63608d5ee4c9001d2b966e\",\n          \"602234ba9dc383001e945dd6\",\n          \"5f635b495ee4c9001d2b9630\",\n          \"5f635b555ee4c9001d2b9631\",\n          \"5f635b6a5ee4c9001d2b9632\",\n          \"5f635ca45ee4c9001d2b9643\",\n          \"5f635eae5ee4c9001d2b9667\",\n          \"5f635ef75ee4c9001d2b966a\",\n          \"5f635e625ee4c9001d2b9660\",\n          \"5f635dd35ee4c9001d2b9657\",\n          \"5f635bb85ee4c9001d2b9635\"\n        ],\n        \"_id\": \"5e53704f11c196001d06f914\",\n        \"title\": \"Software Engineering Lead\",\n        \"startDate\": \"2019-04-15\",\n        \"company\": \"Upp Technologies\",\n        \"companyUrl\": \"https://upp.ai\",\n        \"shortDescription\": \"Hands-on lead engineer in a small cross-functional team.\\n\",\n        \"createdAt\": \"2020-02-24T06:42:23.147Z\",\n        \"updatedAt\": \"2021-02-26T22:37:22.370Z\",\n        \"__v\": 0,\n        \"endDate\": \"2020-05-01\",\n        \"companyImage\": {\n          \"_id\": \"6020f0499dc383001e945dd3\",\n          \"name\": \"upp.png\",\n          \"alternativeText\": \"\",\n          \"caption\": \"\",\n          \"hash\": \"upp_4780c5270b\",\n          \"ext\": \".png\",\n          \"mime\": \"image/png\",\n          \"size\": 2.21,\n          \"width\": 141,\n          \"height\": 106,\n          \"url\": \"/uploads/upp_4780c5270b.png\",\n          \"provider\": \"local\",\n          \"related\": [\n            \"5e53704f11c196001d06f914\"\n          ],\n          \"createdAt\": \"2021-02-08T08:03:21.134Z\",\n          \"updatedAt\": \"2021-02-08T08:03:37.545Z\",\n          \"__v\": 0,\n          \"created_by\": \"5e4839cd1c2d53001dcc0696\",\n          \"updated_by\": \"5e4839cd1c2d53001dcc0696\",\n          \"id\": \"6020f0499dc383001e945dd3\"\n        },\n        \"updated_by\": \"5e4839cd1c2d53001dcc0696\",\n        \"longDescription\": \"Lead Engineer working on all verticals (front end, backend, ops) of the Upp Intelligent Platform. Lead a small cross-functional team of 5 to deliver an event-driven, microservices architecture compromising of the following modules:\\n\\n* Onboarding - data ingestion from 3rd party product providers such as Magento, Shopify and others in conjunction with IPaas (Integration Platform as a Service) This module also consisted of a proprietary data mapping solution.\\n* Products - enrichment, bulk operations and search functionality (using an inverted index).\\n* Margin Hub - a suite of microservices integrating numerous different data points to report on product profitability and suggest intelligent actions to optimise margin.\\n\\n\\nIn addition to leading feature development, my role also comprised of promoting best practises amongst other agile teams including but not limited to:\\n\\n* Creating a customized version of spring initializr that generated skeleton services with all required libraries, Jenkins pipeline definitions, Kubernetes manifest files etc so developers could concentrate on delivering business logic and not plumbing;\\n* Spring Boot starter library for event sourcing\\n* Component testing using test containers\\n* Service - Service authentication using OIDC client credentials with keycloak.\",\n        \"location\": \"London\",\n        \"id\": \"5e53704f11c196001d06f914\"\n      },\n      {\n        \"education\": false,\n        \"includeOnResume\": true,\n        \"attachments\": [],\n        \"skills\": [\n          \"5f635b7e5ee4c9001d2b9633\",\n          \"5f635b8b5ee4c9001d2b9634\",\n          \"5f635bf05ee4c9001d2b9637\",\n          \"5f635c0f5ee4c9001d2b9639\",\n          \"5f635c185ee4c9001d2b963a\",\n          \"5f635c1e5ee4c9001d2b963b\",\n          \"5f635c005ee4c9001d2b9638\",\n          \"5f635c2e5ee4c9001d2b963c\",\n          \"5f635c4f5ee4c9001d2b963f\",\n          \"5f635c675ee4c9001d2b9640\",\n          \"5f635c745ee4c9001d2b9641\",\n          \"5f635c845ee4c9001d2b9642\",\n          \"5f635ceb5ee4c9001d2b9647\",\n          \"5f635cf75ee4c9001d2b9648\",\n          \"5f635d045ee4c9001d2b9649\",\n          \"5f635d115ee4c9001d2b964a\",\n          \"5f635d1e5ee4c9001d2b964b\",\n          \"5f635d2c5ee4c9001d2b964c\",\n          \"5f635d425ee4c9001d2b964d\",\n          \"5f635d905ee4c9001d2b9651\",\n          \"5f635db55ee4c9001d2b9654\",\n          \"5f635dde5ee4c9001d2b9658\",\n          \"5f635e235ee4c9001d2b965b\",\n          \"5f635e2c5ee4c9001d2b965c\",\n          \"5f635e935ee4c9001d2b9665\",\n          \"5f635ef05ee4c9001d2b9669\",\n          \"5f635f8f5ee4c9001d2b966c\",\n          \"5f635f995ee4c9001d2b966d\",\n          \"5f635f025ee4c9001d2b966b\",\n          \"5f63608d5ee4c9001d2b966e\",\n          \"602234ba9dc383001e945dd6\",\n          \"5f635b555ee4c9001d2b9631\",\n          \"5f635b6a5ee4c9001d2b9632\",\n          \"5f635ca45ee4c9001d2b9643\",\n          \"5f635eae5ee4c9001d2b9667\",\n          \"5f635ef75ee4c9001d2b966a\",\n          \"5f635c375ee4c9001d2b963d\",\n          \"5f635e625ee4c9001d2b9660\",\n          \"5f635dd35ee4c9001d2b9657\",\n          \"5f635bb85ee4c9001d2b9635\",\n          \"60291c5d9dc383001e945de2\"\n        ],\n        \"_id\": \"5eedd4803c8d74001e4497f5\",\n        \"startDate\": \"2020-05-04\",\n        \"company\": \"Y-Tree\",\n        \"companyUrl\": \"https://y-tree.com/\",\n        \"title\": \"Senior Developer\",\n        \"createdAt\": \"2020-06-20T09:18:56.102Z\",\n        \"updatedAt\": \"2021-02-26T22:39:33.470Z\",\n        \"__v\": 0,\n        \"companyImage\": {\n          \"_id\": \"5eedd46e3c8d74001e4497f4\",\n          \"name\": \"YTree\",\n          \"alternativeText\": \"\",\n          \"caption\": \"\",\n          \"hash\": \"YT_ree_50b80993fc\",\n          \"ext\": \".png\",\n          \"mime\": \"image/png\",\n          \"size\": 6.33,\n          \"width\": 200,\n          \"height\": 200,\n          \"url\": \"/uploads/YT_ree_50b80993fc.png\",\n          \"formats\": {\n            \"thumbnail\": {\n              \"hash\": \"thumbnail_YT_ree_50b80993fc\",\n              \"ext\": \".png\",\n              \"mime\": \"image/png\",\n              \"width\": 156,\n              \"height\": 156,\n              \"size\": 10.07,\n              \"path\": null,\n              \"url\": \"/uploads/thumbnail_YT_ree_50b80993fc.png\"\n            }\n          },\n          \"provider\": \"local\",\n          \"related\": [\n            \"5eedd4803c8d74001e4497f5\"\n          ],\n          \"createdAt\": \"2020-06-20T09:18:38.337Z\",\n          \"updatedAt\": \"2020-06-20T09:18:56.106Z\",\n          \"__v\": 0,\n          \"id\": \"5eedd46e3c8d74001e4497f4\"\n        },\n        \"shortDescription\": \"Lead Developer of exciting fin-tech platform composed of event-driven and restful microservices.\",\n        \"updated_by\": \"5e4839cd1c2d53001dcc0696\",\n        \"longDescription\": \"Lead Developer of exciting fin-tech platform composed of event-driven and restful microservices.\\n\\nHeavily involved in transforming a monolithic application into a suite of fault-tolerant event-driven and restful microservices written with Kotlin and Spring Boot. \\n\\nLead a cloud-native transformation by improving the path to production of services by introducing a number of tools and technologies to aide with continuous delivery of features:\\n\\n-  Cucumber for integration testing\\n-  Pact for contract testing (consumer-driven contracts for both synchronous (HTTP) and event-driven (Kafka) communication)\\n-  Test Containers for component testing\\n-  Use of Spring Cloud Kubernetes and Spring Cloud vault for environment-specific configuration (as per the [12-factor app](https://12factor.net/))\\n- Jenkin X pipelines to build and deploy helm charts for each service and environment.\\n- Keycloak for identity management.\\n- Rolling updates of k8s deployments for no-outage releases.\\n\\nAlso contributed to the YTree technical blog sharing knowledge amongst the team in the form of both written blogs and recorded videos. \\n\\n\\n\\n\\n\\n\",\n        \"location\": \"London\",\n        \"id\": \"5eedd4803c8d74001e4497f5\"\n      }\n    ],\n    \"blogs\": [\n      {\n        \"published\": true,\n        \"tags\": [\n          \"5e495da7bc8d7d001ddbd7c5\",\n          \"5f02da709d8081001fd38fa4\",\n          \"5f03901b9d8081001fd38fa7\",\n          \"5f0390249d8081001fd38fa8\",\n          \"5f0390329d8081001fd38fa9\",\n          \"5f0390499d8081001fd38faa\"\n        ],\n        \"skills\": [\n          \"5f635c2e5ee4c9001d2b963c\",\n          \"5f635f8f5ee4c9001d2b966c\",\n          \"5f635f995ee4c9001d2b966d\",\n          \"5f635c185ee4c9001d2b963a\",\n          \"5f635c4f5ee4c9001d2b963f\",\n          \"5f635e935ee4c9001d2b9665\",\n          \"5f635b555ee4c9001d2b9631\",\n          \"5f635b6a5ee4c9001d2b9632\",\n          \"5f635ca45ee4c9001d2b9643\",\n          \"5f635c375ee4c9001d2b963d\",\n          \"5f635e625ee4c9001d2b9660\"\n        ],\n        \"_id\": \"5f0215c69d8081001fd38fa1\",\n        \"title\": \"Creating a rich web app that can be hosted from home\",\n        \"shortDescription\": \"A quick introduction into the various components of my personal website including jenkinsx, kubernetes, letsencrypt and more.\",\n        \"createdAt\": \"2020-07-05T18:02:46.731Z\",\n        \"updatedAt\": \"2021-02-26T22:37:08.645Z\",\n        \"__v\": 0,\n        \"image\": {\n          \"_id\": \"5f6616045ee4c9001d2b968a\",\n          \"name\": \"Website Icon.jpeg\",\n          \"alternativeText\": \"\",\n          \"caption\": \"\",\n          \"hash\": \"Website_Icon_727b161f01\",\n          \"ext\": \".jpeg\",\n          \"mime\": \"image/jpeg\",\n          \"size\": 48.93,\n          \"width\": 776,\n          \"height\": 542,\n          \"url\": \"/uploads/Website_Icon_727b161f01.jpeg\",\n          \"formats\": {\n            \"thumbnail\": {\n              \"name\": \"thumbnail_Website Icon.jpeg\",\n              \"hash\": \"thumbnail_Website_Icon_727b161f01\",\n              \"ext\": \".jpeg\",\n              \"mime\": \"image/jpeg\",\n              \"width\": 223,\n              \"height\": 156,\n              \"size\": 6.2,\n              \"path\": null,\n              \"url\": \"/uploads/thumbnail_Website_Icon_727b161f01.jpeg\"\n            },\n            \"medium\": {\n              \"name\": \"medium_Website Icon.jpeg\",\n              \"hash\": \"medium_Website_Icon_727b161f01\",\n              \"ext\": \".jpeg\",\n              \"mime\": \"image/jpeg\",\n              \"width\": 750,\n              \"height\": 524,\n              \"size\": 45.54,\n              \"path\": null,\n              \"url\": \"/uploads/medium_Website_Icon_727b161f01.jpeg\"\n            },\n            \"small\": {\n              \"name\": \"small_Website Icon.jpeg\",\n              \"hash\": \"small_Website_Icon_727b161f01\",\n              \"ext\": \".jpeg\",\n              \"mime\": \"image/jpeg\",\n              \"width\": 500,\n              \"height\": 349,\n              \"size\": 22.91,\n              \"path\": null,\n              \"url\": \"/uploads/small_Website_Icon_727b161f01.jpeg\"\n            }\n          },\n          \"provider\": \"local\",\n          \"related\": [\n            \"5f0215c69d8081001fd38fa1\"\n          ],\n          \"createdAt\": \"2020-09-19T14:30:28.441Z\",\n          \"updatedAt\": \"2021-02-21T19:31:52.126Z\",\n          \"__v\": 0,\n          \"created_by\": \"5e4839cd1c2d53001dcc0696\",\n          \"updated_by\": \"5e4839cd1c2d53001dcc0696\",\n          \"id\": \"5f6616045ee4c9001d2b968a\"\n        },\n        \"content\": \"I'm the kind of person that learns by doing - the more I do, the more it sinks in. Whilst attempting to keep my skills up to date, I had the idea of building a rich web application which would serve up my CV, and it could also double as a place to hone and demonstrate my skillsets in certain technologies. Eventually, I could even start blogging about these experiences. \\n\\nThe first thing I decided I would need would be a CMS (Content Management System). The content of my website would have to be dynamic, as I would like to keep my CV and blog up to date.  There were many options available here, but I finally settled on a headless CMS named ([strapi](https://strapi.io/)). Strapi would also require some sort of persistence layer, and  [mongodb](https://www.mongodb.com/ seemed to be a sensible choice.\\n\\nFor the web interface itself, there was a bit of competition between React and Angular. After spending years commercially working on Angular projects, I decided that React could be a good thing to learn and went with that.  \\n\\n```npx create-react-app my-app --template typescript``` is the command used to boostrap my react SPA (single page application) and I found a boostrap template from [here](https://wrapbootstrap.com/).\\n\\nSo far so good right ? I had picked the basic building blocks for building this dynamic CV/blog, but where would I run it ? I had a perfectly good iMac that was unused, and a fast enough internet connection. This app doesnt need to be highly available, as its just a little hobby app so this would suit well. I could use [ngrok](https://ngrok.com/) to make my app available to the internet, and I could use [Route 53](https://aws.amazon.com/route53/) to set up and configure my domain.\\n\\nKubernetes is a very popular way or running cloud native apps, so this was a pretty easy choice, the only issue was what flavour of it would work best on a mac. I started off with minikube, but started to have issues with persistent volumes, so eventually went with [kind (kubernetes in docker)](https://kind.sigs.k8s.io/). I could easily install nginx ingress controller, and it was super easy to configure.\\n\\nThe last thing to consider was how to deploy the individual components or services to the kubernetes cluster. One of my requirements was that I would want to make continual improvments to my app, so the deployment process must be as simple as possible. I would want to have git projects for each service,  build a container image, and deploy a helm chart (a helm chart is a collection of files that describe a related set of Kubernetes resources).  [Jenkins X](https://jenkins-x.io/) describes itself as *Jenkins X provides pipeline automation, built-in GitOps, and preview environments to help teams collaborate and accelerate their software delivery at any scale*. There was out of the box support for kubernetes flavours such as GKE (google cloud) and EKS (amazon web services), but a bit of customisation would be required if i wanted to run this on my local kubernetes cluster. This was easy enough and I was able to configure the following:\\n- [Harbor](https://goharbor.io/) as the container registry of choice\\n- [Cert Manager](https://cert-manager.io/) - configure cert manager to generate lets encrpt certificates using ACME challennges based on my use of AWS Route 53 for dns.\\n- Installed MongoDB in the control plane.\\n\\nOverall my initial architecture looked something like this:\\n\\n![Website V1](/uploads/Website_V1_c3889a1afa.jpeg)\\n\\n\\n*All source code for this app can be found here: (https://github.com/simonjamesrowe)*\",\n        \"updated_by\": \"5e4839cd1c2d53001dcc0696\",\n        \"id\": \"5f0215c69d8081001fd38fa1\"\n      }\n    ],\n    \"id\": \"5f635e935ee4c9001d2b9665\"\n  },\n  {\n    \"includeOnResume\": false,\n    \"_id\": \"5f635ea45ee4c9001d2b9666\",\n    \"name\": \"RabbitMQ\",\n    \"rating\": 7,\n    \"createdAt\": \"2020-09-17T13:03:32.324Z\",\n    \"updatedAt\": \"2020-09-30T05:38:51.186Z\",\n    \"__v\": 0,\n    \"created_by\": {\n      \"_id\": \"5e4839cd1c2d53001dcc0696\",\n      \"username\": \"simon.rowe@gmail.com\",\n      \"createdAt\": \"2020-02-15T18:34:53.155Z\",\n      \"updatedAt\": \"2020-09-17T07:45:13.526Z\",\n      \"__v\": 0,\n      \"id\": \"5e4839cd1c2d53001dcc0696\"\n    },\n    \"updated_by\": {\n      \"_id\": \"5e4839cd1c2d53001dcc0696\",\n      \"username\": \"simon.rowe@gmail.com\",\n      \"createdAt\": \"2020-02-15T18:34:53.155Z\",\n      \"updatedAt\": \"2020-09-17T07:45:13.526Z\",\n      \"__v\": 0,\n      \"id\": \"5e4839cd1c2d53001dcc0696\"\n    },\n    \"image\": {\n      \"_id\": \"5f689b0876320d001e515e8d\",\n      \"name\": \"rabbit.png\",\n      \"alternativeText\": \"\",\n      \"caption\": \"\",\n      \"hash\": \"rabbit_f1d2124442\",\n      \"ext\": \".png\",\n      \"mime\": \"image/png\",\n      \"size\": 10.17,\n      \"width\": 748,\n      \"height\": 511,\n      \"url\": \"/uploads/rabbit_f1d2124442.png\",\n      \"formats\": {\n        \"thumbnail\": {\n          \"name\": \"thumbnail_rabbit.png\",\n          \"hash\": \"thumbnail_rabbit_f1d2124442\",\n          \"ext\": \".png\",\n          \"mime\": \"image/png\",\n          \"width\": 228,\n          \"height\": 156,\n          \"size\": 5.99,\n          \"path\": null,\n          \"url\": \"/uploads/thumbnail_rabbit_f1d2124442.png\"\n        },\n        \"small\": {\n          \"name\": \"small_rabbit.png\",\n          \"hash\": \"small_rabbit_f1d2124442\",\n          \"ext\": \".png\",\n          \"mime\": \"image/png\",\n          \"width\": 500,\n          \"height\": 342,\n          \"size\": 16.88,\n          \"path\": null,\n          \"url\": \"/uploads/small_rabbit_f1d2124442.png\"\n        }\n      },\n      \"provider\": \"local\",\n      \"related\": [\n        \"5f635ea45ee4c9001d2b9666\"\n      ],\n      \"createdAt\": \"2020-09-21T12:22:32.423Z\",\n      \"updatedAt\": \"2020-09-21T12:22:34.916Z\",\n      \"__v\": 0,\n      \"created_by\": \"5e4839cd1c2d53001dcc0696\",\n      \"updated_by\": \"5e4839cd1c2d53001dcc0696\",\n      \"id\": \"5f689b0876320d001e515e8d\"\n    },\n    \"description\": \"RabbitMQ is a messaging broker - an intermediary for messaging. It gives your applications a common platform to send and receive messages, and your messages a safe place to live until received.\\n\\n\\nSupports:\\n- message queueing\\n- delivery acknowledgement\\n-  flexible routing to queues\\n-  multiple exchange type\",\n    \"jobs\": [\n      {\n        \"education\": false,\n        \"includeOnResume\": true,\n        \"attachments\": [],\n        \"skills\": [\n          \"5f635b3f5ee4c9001d2b962f\",\n          \"5f635b7e5ee4c9001d2b9633\",\n          \"5f635b8b5ee4c9001d2b9634\",\n          \"5f635bcd5ee4c9001d2b9636\",\n          \"5f635bf05ee4c9001d2b9637\",\n          \"5f635c1e5ee4c9001d2b963b\",\n          \"5f635c455ee4c9001d2b963e\",\n          \"5f635c745ee4c9001d2b9641\",\n          \"5f635c845ee4c9001d2b9642\",\n          \"5f635d645ee4c9001d2b964e\",\n          \"5f635d425ee4c9001d2b964d\",\n          \"5f635c185ee4c9001d2b963a\",\n          \"5f635da95ee4c9001d2b9653\",\n          \"5f635e405ee4c9001d2b965e\",\n          \"5f635e365ee4c9001d2b965d\",\n          \"5f635ea45ee4c9001d2b9666\",\n          \"602235769dc383001e945dd9\",\n          \"5f63608d5ee4c9001d2b966e\",\n          \"5f635b495ee4c9001d2b9630\",\n          \"5f635b6a5ee4c9001d2b9632\",\n          \"5f635ca45ee4c9001d2b9643\",\n          \"5f635bb85ee4c9001d2b9635\"\n        ],\n        \"_id\": \"5e5370e311c196001d06f917\",\n        \"title\": \"Senior Platform Architect\",\n        \"startDate\": \"2018-08-01\",\n        \"endDate\": \"2019-04-12\",\n        \"company\": \"Pivotal\",\n        \"companyUrl\": \"https://pivotal.io/\",\n        \"shortDescription\": \"Applications Focused Platform Architect specialising in cloud native development.\",\n        \"createdAt\": \"2020-02-24T06:44:51.218Z\",\n        \"updatedAt\": \"2021-02-26T22:37:22.370Z\",\n        \"__v\": 0,\n        \"companyImage\": {\n          \"_id\": \"5f6618165ee4c9001d2b969a\",\n          \"name\": \"pivotal (1).png\",\n          \"alternativeText\": \"\",\n          \"caption\": \"\",\n          \"hash\": \"pivotal_1_06ffe33158\",\n          \"ext\": \".png\",\n          \"mime\": \"image/jpeg\",\n          \"size\": 1.9,\n          \"width\": 200,\n          \"height\": 200,\n          \"url\": \"/uploads/pivotal_1_06ffe33158.png\",\n          \"formats\": {\n            \"thumbnail\": {\n              \"name\": \"thumbnail_pivotal (1).png\",\n              \"hash\": \"thumbnail_pivotal_1_06ffe33158\",\n              \"ext\": \".png\",\n              \"mime\": \"image/jpeg\",\n              \"width\": 156,\n              \"height\": 156,\n              \"size\": 1.52,\n              \"path\": null,\n              \"url\": \"/uploads/thumbnail_pivotal_1_06ffe33158.png\"\n            }\n          },\n          \"provider\": \"local\",\n          \"related\": [\n            \"5e5370e311c196001d06f917\"\n          ],\n          \"createdAt\": \"2020-09-19T14:39:18.005Z\",\n          \"updatedAt\": \"2021-02-08T08:20:54.295Z\",\n          \"__v\": 0,\n          \"created_by\": \"5e4839cd1c2d53001dcc0696\",\n          \"updated_by\": \"5e4839cd1c2d53001dcc0696\",\n          \"id\": \"5f6618165ee4c9001d2b969a\"\n        },\n        \"updated_by\": \"5e4839cd1c2d53001dcc0696\",\n        \"longDescription\": \"Applications focused platform architect, aiding clients to become successful by building cloud-native apps utilizing the Spring ecosystem and platforms like Cloud Foundry and Kubernetes.\\n\\nDuties included:\\n- Delivering Cloud-Native Developer and other workshops to a number of clients which contained topics (not limited to):\\n  - Introduction to Spring Boot\\n  - Reactive programming with Spring Boot and Project Reactor\\n  - Producer driven contracts with Spring Cloud Contract\\n  - Cloud Foundry and BOSH\\n  - The mechanics behind ```cf push``` and the service broker.\\n  - Buildpacks\\n  - Steeltoe\\n\\n- Speaking at the cloud-native meetups and webinars including the most ever subscribed webinar for Pivotal EMEA (at the time): [Securing microservices with Spring and Cloud Foundry](https://www.brighttalk.com/webcast/14883/345709/securing-microservices-with-spring-and-pivotal-cloud-foundry)\\n\\n- Pre-sales pitches to prospective clients outlining the positive outcomes of building cloud-native apps with spring and running them with Cloud Foundry.\",\n        \"location\": \"London\",\n        \"id\": \"5e5370e311c196001d06f917\"\n      },\n      {\n        \"education\": false,\n        \"includeOnResume\": true,\n        \"attachments\": [],\n        \"skills\": [\n          \"5f635b3f5ee4c9001d2b962f\",\n          \"5f635b8b5ee4c9001d2b9634\",\n          \"5f635c185ee4c9001d2b963a\",\n          \"5f635c2e5ee4c9001d2b963c\",\n          \"5f635c675ee4c9001d2b9640\",\n          \"5f635c745ee4c9001d2b9641\",\n          \"5f635c845ee4c9001d2b9642\",\n          \"5f635cb65ee4c9001d2b9644\",\n          \"5f635cc45ee4c9001d2b9645\",\n          \"5f635cdc5ee4c9001d2b9646\",\n          \"5f635ceb5ee4c9001d2b9647\",\n          \"5f635d045ee4c9001d2b9649\",\n          \"5f635d115ee4c9001d2b964a\",\n          \"5f635d1e5ee4c9001d2b964b\",\n          \"5f635d2c5ee4c9001d2b964c\",\n          \"5f635d425ee4c9001d2b964d\",\n          \"5f635d7e5ee4c9001d2b964f\",\n          \"5f635d875ee4c9001d2b9650\",\n          \"5f635d905ee4c9001d2b9651\",\n          \"5f635d9e5ee4c9001d2b9652\",\n          \"5f635da95ee4c9001d2b9653\",\n          \"5f635dbe5ee4c9001d2b9655\",\n          \"5f635dde5ee4c9001d2b9658\",\n          \"5f635e235ee4c9001d2b965b\",\n          \"5f635e595ee4c9001d2b965f\",\n          \"5f635e755ee4c9001d2b9662\",\n          \"5f635df45ee4c9001d2b965a\",\n          \"5f635de75ee4c9001d2b9659\",\n          \"5f635e7d5ee4c9001d2b9663\",\n          \"5f635e885ee4c9001d2b9664\",\n          \"5f635ea45ee4c9001d2b9666\",\n          \"5f635ee35ee4c9001d2b9668\",\n          \"602236d69dc383001e945ddc\",\n          \"6029446c9dc383001e945de9\",\n          \"5f635b6a5ee4c9001d2b9632\",\n          \"5f635bb85ee4c9001d2b9635\"\n        ],\n        \"_id\": \"5e53713a11c196001d06f91a\",\n        \"title\": \"Senior Director, Java Development\",\n        \"startDate\": \"2011-07-12\",\n        \"createdAt\": \"2020-02-24T06:46:18.484Z\",\n        \"updatedAt\": \"2021-02-26T22:37:22.370Z\",\n        \"__v\": 0,\n        \"company\": \"Universal Music Publishing\",\n        \"companyUrl\": \"https://www.umusicpub.com/\",\n        \"endDate\": \"2018-08-11\",\n        \"shortDescription\": \"Technology leader in cloud native development for business critical applications.\",\n        \"companyImage\": {\n          \"_id\": \"5f6618325ee4c9001d2b969c\",\n          \"name\": \"umpg.png\",\n          \"alternativeText\": \"\",\n          \"caption\": \"\",\n          \"hash\": \"umpg_121becd400\",\n          \"ext\": \".png\",\n          \"mime\": \"image/png\",\n          \"size\": 129.45,\n          \"width\": 400,\n          \"height\": 400,\n          \"url\": \"/uploads/umpg_121becd400.png\",\n          \"formats\": {\n            \"thumbnail\": {\n              \"name\": \"thumbnail_umpg.png\",\n              \"hash\": \"thumbnail_umpg_121becd400\",\n              \"ext\": \".png\",\n              \"mime\": \"image/png\",\n              \"width\": 156,\n              \"height\": 156,\n              \"size\": 31.14,\n              \"path\": null,\n              \"url\": \"/uploads/thumbnail_umpg_121becd400.png\"\n            }\n          },\n          \"provider\": \"local\",\n          \"related\": [\n            \"5e53713a11c196001d06f91a\"\n          ],\n          \"createdAt\": \"2020-09-19T14:39:46.169Z\",\n          \"updatedAt\": \"2021-02-08T08:15:39.296Z\",\n          \"__v\": 0,\n          \"created_by\": \"5e4839cd1c2d53001dcc0696\",\n          \"updated_by\": \"5e4839cd1c2d53001dcc0696\",\n          \"id\": \"5f6618325ee4c9001d2b969c\"\n        },\n        \"updated_by\": \"5e4839cd1c2d53001dcc0696\",\n        \"longDescription\": \"Responsible for architecture and delivery of greenfield internal and public facing business applications. Super scrum master, removing obstacles for four dynamic scrum teams. Frequent commiter.\\n\\nRe-architecture of multiple monoliths with single points of failure to AWS,resulting in scalable, fault tolerant software reducing the operational cost significantly.\\n\\nIntroduced automated testing as a development activity utilising technologies such as cucumber, selenium, docker which allows for far shorter release cycles.\\n\\nDesigned the company's first 'serverless' application at AWS, Utilising ECS Fargate, Lambda, SQS, SNS, ElasticSearch, S3.\",\n        \"location\": \"London\",\n        \"id\": \"5e53713a11c196001d06f91a\"\n      }\n    ],\n    \"blogs\": [],\n    \"id\": \"5f635ea45ee4c9001d2b9666\"\n  },\n  {\n    \"includeOnResume\": true,\n    \"_id\": \"5f635eae5ee4c9001d2b9667\",\n    \"name\": \"Kafka\",\n    \"rating\": 8.5,\n    \"createdAt\": \"2020-09-17T13:03:42.887Z\",\n    \"updatedAt\": \"2021-02-26T22:36:41.789Z\",\n    \"__v\": 0,\n    \"created_by\": {\n      \"_id\": \"5e4839cd1c2d53001dcc0696\",\n      \"username\": \"simon.rowe@gmail.com\",\n      \"createdAt\": \"2020-02-15T18:34:53.155Z\",\n      \"updatedAt\": \"2020-09-17T07:45:13.526Z\",\n      \"__v\": 0,\n      \"id\": \"5e4839cd1c2d53001dcc0696\"\n    },\n    \"updated_by\": {\n      \"_id\": \"5e4839cd1c2d53001dcc0696\",\n      \"username\": \"simon.rowe@gmail.com\",\n      \"createdAt\": \"2020-02-15T18:34:53.155Z\",\n      \"updatedAt\": \"2020-09-17T07:45:13.526Z\",\n      \"__v\": 0,\n      \"id\": \"5e4839cd1c2d53001dcc0696\"\n    },\n    \"image\": {\n      \"_id\": \"5f65eda95ee4c9001d2b9684\",\n      \"name\": \"kafka.png\",\n      \"alternativeText\": \"\",\n      \"caption\": \"\",\n      \"hash\": \"kafka_cdd4d396aa\",\n      \"ext\": \".png\",\n      \"mime\": \"image/png\",\n      \"size\": 36.71,\n      \"width\": 1200,\n      \"height\": 1200,\n      \"url\": \"/uploads/kafka_cdd4d396aa.png\",\n      \"formats\": {\n        \"thumbnail\": {\n          \"name\": \"thumbnail_kafka.png\",\n          \"hash\": \"thumbnail_kafka_cdd4d396aa\",\n          \"ext\": \".png\",\n          \"mime\": \"image/png\",\n          \"width\": 156,\n          \"height\": 156,\n          \"size\": 6.01,\n          \"path\": null,\n          \"url\": \"/uploads/thumbnail_kafka_cdd4d396aa.png\"\n        },\n        \"large\": {\n          \"name\": \"large_kafka.png\",\n          \"hash\": \"large_kafka_cdd4d396aa\",\n          \"ext\": \".png\",\n          \"mime\": \"image/png\",\n          \"width\": 1000,\n          \"height\": 1000,\n          \"size\": 52.05,\n          \"path\": null,\n          \"url\": \"/uploads/large_kafka_cdd4d396aa.png\"\n        },\n        \"medium\": {\n          \"name\": \"medium_kafka.png\",\n          \"hash\": \"medium_kafka_cdd4d396aa\",\n          \"ext\": \".png\",\n          \"mime\": \"image/png\",\n          \"width\": 750,\n          \"height\": 750,\n          \"size\": 35.53,\n          \"path\": null,\n          \"url\": \"/uploads/medium_kafka_cdd4d396aa.png\"\n        },\n        \"small\": {\n          \"name\": \"small_kafka.png\",\n          \"hash\": \"small_kafka_cdd4d396aa\",\n          \"ext\": \".png\",\n          \"mime\": \"image/png\",\n          \"width\": 500,\n          \"height\": 500,\n          \"size\": 21.7,\n          \"path\": null,\n          \"url\": \"/uploads/small_kafka_cdd4d396aa.png\"\n        }\n      },\n      \"provider\": \"local\",\n      \"related\": [\n        \"5f635aa25ee4c9001d2b962e\",\n        \"5f635eae5ee4c9001d2b9667\"\n      ],\n      \"createdAt\": \"2020-09-19T11:38:17.752Z\",\n      \"updatedAt\": \"2020-09-21T12:22:45.479Z\",\n      \"__v\": 0,\n      \"created_by\": \"5e4839cd1c2d53001dcc0696\",\n      \"updated_by\": \"5e4839cd1c2d53001dcc0696\",\n      \"id\": \"5f65eda95ee4c9001d2b9684\"\n    },\n    \"description\": \"Apache Kafka is a community distributed event streaming platform capable of handling trillions of events a day. Initially conceived as a messaging queue, Kafka is based on an abstraction of a distributed commit log.\",\n    \"order\": 5,\n    \"jobs\": [\n      {\n        \"education\": false,\n        \"includeOnResume\": true,\n        \"attachments\": [],\n        \"skills\": [\n          \"5f635b7e5ee4c9001d2b9633\",\n          \"5f635b8b5ee4c9001d2b9634\",\n          \"5f635c0f5ee4c9001d2b9639\",\n          \"5f635c1e5ee4c9001d2b963b\",\n          \"5f635c2e5ee4c9001d2b963c\",\n          \"5f635c745ee4c9001d2b9641\",\n          \"5f635c845ee4c9001d2b9642\",\n          \"5f635d1e5ee4c9001d2b964b\",\n          \"5f635d2c5ee4c9001d2b964c\",\n          \"5f635d905ee4c9001d2b9651\",\n          \"5f635db55ee4c9001d2b9654\",\n          \"5f635e365ee4c9001d2b965d\",\n          \"5f635e235ee4c9001d2b965b\",\n          \"5f635e2c5ee4c9001d2b965c\",\n          \"5f635e405ee4c9001d2b965e\",\n          \"5f635e935ee4c9001d2b9665\",\n          \"5f635f025ee4c9001d2b966b\",\n          \"5f635c185ee4c9001d2b963a\",\n          \"5f635ceb5ee4c9001d2b9647\",\n          \"5f635cf75ee4c9001d2b9648\",\n          \"5f635d045ee4c9001d2b9649\",\n          \"5f635d115ee4c9001d2b964a\",\n          \"5f63608d5ee4c9001d2b966e\",\n          \"602234ba9dc383001e945dd6\",\n          \"5f635b495ee4c9001d2b9630\",\n          \"5f635b555ee4c9001d2b9631\",\n          \"5f635b6a5ee4c9001d2b9632\",\n          \"5f635ca45ee4c9001d2b9643\",\n          \"5f635eae5ee4c9001d2b9667\",\n          \"5f635ef75ee4c9001d2b966a\",\n          \"5f635e625ee4c9001d2b9660\",\n          \"5f635dd35ee4c9001d2b9657\",\n          \"5f635bb85ee4c9001d2b9635\"\n        ],\n        \"_id\": \"5e53704f11c196001d06f914\",\n        \"title\": \"Software Engineering Lead\",\n        \"startDate\": \"2019-04-15\",\n        \"company\": \"Upp Technologies\",\n        \"companyUrl\": \"https://upp.ai\",\n        \"shortDescription\": \"Hands-on lead engineer in a small cross-functional team.\\n\",\n        \"createdAt\": \"2020-02-24T06:42:23.147Z\",\n        \"updatedAt\": \"2021-02-26T22:37:22.370Z\",\n        \"__v\": 0,\n        \"endDate\": \"2020-05-01\",\n        \"companyImage\": {\n          \"_id\": \"6020f0499dc383001e945dd3\",\n          \"name\": \"upp.png\",\n          \"alternativeText\": \"\",\n          \"caption\": \"\",\n          \"hash\": \"upp_4780c5270b\",\n          \"ext\": \".png\",\n          \"mime\": \"image/png\",\n          \"size\": 2.21,\n          \"width\": 141,\n          \"height\": 106,\n          \"url\": \"/uploads/upp_4780c5270b.png\",\n          \"provider\": \"local\",\n          \"related\": [\n            \"5e53704f11c196001d06f914\"\n          ],\n          \"createdAt\": \"2021-02-08T08:03:21.134Z\",\n          \"updatedAt\": \"2021-02-08T08:03:37.545Z\",\n          \"__v\": 0,\n          \"created_by\": \"5e4839cd1c2d53001dcc0696\",\n          \"updated_by\": \"5e4839cd1c2d53001dcc0696\",\n          \"id\": \"6020f0499dc383001e945dd3\"\n        },\n        \"updated_by\": \"5e4839cd1c2d53001dcc0696\",\n        \"longDescription\": \"Lead Engineer working on all verticals (front end, backend, ops) of the Upp Intelligent Platform. Lead a small cross-functional team of 5 to deliver an event-driven, microservices architecture compromising of the following modules:\\n\\n* Onboarding - data ingestion from 3rd party product providers such as Magento, Shopify and others in conjunction with IPaas (Integration Platform as a Service) This module also consisted of a proprietary data mapping solution.\\n* Products - enrichment, bulk operations and search functionality (using an inverted index).\\n* Margin Hub - a suite of microservices integrating numerous different data points to report on product profitability and suggest intelligent actions to optimise margin.\\n\\n\\nIn addition to leading feature development, my role also comprised of promoting best practises amongst other agile teams including but not limited to:\\n\\n* Creating a customized version of spring initializr that generated skeleton services with all required libraries, Jenkins pipeline definitions, Kubernetes manifest files etc so developers could concentrate on delivering business logic and not plumbing;\\n* Spring Boot starter library for event sourcing\\n* Component testing using test containers\\n* Service - Service authentication using OIDC client credentials with keycloak.\",\n        \"location\": \"London\",\n        \"id\": \"5e53704f11c196001d06f914\"\n      },\n      {\n        \"education\": false,\n        \"includeOnResume\": true,\n        \"attachments\": [],\n        \"skills\": [\n          \"5f635b7e5ee4c9001d2b9633\",\n          \"5f635b8b5ee4c9001d2b9634\",\n          \"5f635bf05ee4c9001d2b9637\",\n          \"5f635c0f5ee4c9001d2b9639\",\n          \"5f635c185ee4c9001d2b963a\",\n          \"5f635c1e5ee4c9001d2b963b\",\n          \"5f635c005ee4c9001d2b9638\",\n          \"5f635c2e5ee4c9001d2b963c\",\n          \"5f635c4f5ee4c9001d2b963f\",\n          \"5f635c675ee4c9001d2b9640\",\n          \"5f635c745ee4c9001d2b9641\",\n          \"5f635c845ee4c9001d2b9642\",\n          \"5f635ceb5ee4c9001d2b9647\",\n          \"5f635cf75ee4c9001d2b9648\",\n          \"5f635d045ee4c9001d2b9649\",\n          \"5f635d115ee4c9001d2b964a\",\n          \"5f635d1e5ee4c9001d2b964b\",\n          \"5f635d2c5ee4c9001d2b964c\",\n          \"5f635d425ee4c9001d2b964d\",\n          \"5f635d905ee4c9001d2b9651\",\n          \"5f635db55ee4c9001d2b9654\",\n          \"5f635dde5ee4c9001d2b9658\",\n          \"5f635e235ee4c9001d2b965b\",\n          \"5f635e2c5ee4c9001d2b965c\",\n          \"5f635e935ee4c9001d2b9665\",\n          \"5f635ef05ee4c9001d2b9669\",\n          \"5f635f8f5ee4c9001d2b966c\",\n          \"5f635f995ee4c9001d2b966d\",\n          \"5f635f025ee4c9001d2b966b\",\n          \"5f63608d5ee4c9001d2b966e\",\n          \"602234ba9dc383001e945dd6\",\n          \"5f635b555ee4c9001d2b9631\",\n          \"5f635b6a5ee4c9001d2b9632\",\n          \"5f635ca45ee4c9001d2b9643\",\n          \"5f635eae5ee4c9001d2b9667\",\n          \"5f635ef75ee4c9001d2b966a\",\n          \"5f635c375ee4c9001d2b963d\",\n          \"5f635e625ee4c9001d2b9660\",\n          \"5f635dd35ee4c9001d2b9657\",\n          \"5f635bb85ee4c9001d2b9635\",\n          \"60291c5d9dc383001e945de2\"\n        ],\n        \"_id\": \"5eedd4803c8d74001e4497f5\",\n        \"startDate\": \"2020-05-04\",\n        \"company\": \"Y-Tree\",\n        \"companyUrl\": \"https://y-tree.com/\",\n        \"title\": \"Senior Developer\",\n        \"createdAt\": \"2020-06-20T09:18:56.102Z\",\n        \"updatedAt\": \"2021-02-26T22:39:33.470Z\",\n        \"__v\": 0,\n        \"companyImage\": {\n          \"_id\": \"5eedd46e3c8d74001e4497f4\",\n          \"name\": \"YTree\",\n          \"alternativeText\": \"\",\n          \"caption\": \"\",\n          \"hash\": \"YT_ree_50b80993fc\",\n          \"ext\": \".png\",\n          \"mime\": \"image/png\",\n          \"size\": 6.33,\n          \"width\": 200,\n          \"height\": 200,\n          \"url\": \"/uploads/YT_ree_50b80993fc.png\",\n          \"formats\": {\n            \"thumbnail\": {\n              \"hash\": \"thumbnail_YT_ree_50b80993fc\",\n              \"ext\": \".png\",\n              \"mime\": \"image/png\",\n              \"width\": 156,\n              \"height\": 156,\n              \"size\": 10.07,\n              \"path\": null,\n              \"url\": \"/uploads/thumbnail_YT_ree_50b80993fc.png\"\n            }\n          },\n          \"provider\": \"local\",\n          \"related\": [\n            \"5eedd4803c8d74001e4497f5\"\n          ],\n          \"createdAt\": \"2020-06-20T09:18:38.337Z\",\n          \"updatedAt\": \"2020-06-20T09:18:56.106Z\",\n          \"__v\": 0,\n          \"id\": \"5eedd46e3c8d74001e4497f4\"\n        },\n        \"shortDescription\": \"Lead Developer of exciting fin-tech platform composed of event-driven and restful microservices.\",\n        \"updated_by\": \"5e4839cd1c2d53001dcc0696\",\n        \"longDescription\": \"Lead Developer of exciting fin-tech platform composed of event-driven and restful microservices.\\n\\nHeavily involved in transforming a monolithic application into a suite of fault-tolerant event-driven and restful microservices written with Kotlin and Spring Boot. \\n\\nLead a cloud-native transformation by improving the path to production of services by introducing a number of tools and technologies to aide with continuous delivery of features:\\n\\n-  Cucumber for integration testing\\n-  Pact for contract testing (consumer-driven contracts for both synchronous (HTTP) and event-driven (Kafka) communication)\\n-  Test Containers for component testing\\n-  Use of Spring Cloud Kubernetes and Spring Cloud vault for environment-specific configuration (as per the [12-factor app](https://12factor.net/))\\n- Jenkin X pipelines to build and deploy helm charts for each service and environment.\\n- Keycloak for identity management.\\n- Rolling updates of k8s deployments for no-outage releases.\\n\\nAlso contributed to the YTree technical blog sharing knowledge amongst the team in the form of both written blogs and recorded videos. \\n\\n\\n\\n\\n\\n\",\n        \"location\": \"London\",\n        \"id\": \"5eedd4803c8d74001e4497f5\"\n      }\n    ],\n    \"blogs\": [],\n    \"id\": \"5f635eae5ee4c9001d2b9667\"\n  },\n  {\n    \"includeOnResume\": false,\n    \"_id\": \"5f635ee35ee4c9001d2b9668\",\n    \"name\": \"AWS - SQS\",\n    \"rating\": 7,\n    \"createdAt\": \"2020-09-17T13:04:35.666Z\",\n    \"updatedAt\": \"2020-09-30T05:42:31.937Z\",\n    \"__v\": 0,\n    \"created_by\": {\n      \"_id\": \"5e4839cd1c2d53001dcc0696\",\n      \"username\": \"simon.rowe@gmail.com\",\n      \"createdAt\": \"2020-02-15T18:34:53.155Z\",\n      \"updatedAt\": \"2020-09-17T07:45:13.526Z\",\n      \"__v\": 0,\n      \"id\": \"5e4839cd1c2d53001dcc0696\"\n    },\n    \"updated_by\": {\n      \"_id\": \"5e4839cd1c2d53001dcc0696\",\n      \"username\": \"simon.rowe@gmail.com\",\n      \"createdAt\": \"2020-02-15T18:34:53.155Z\",\n      \"updatedAt\": \"2020-09-17T07:45:13.526Z\",\n      \"__v\": 0,\n      \"id\": \"5e4839cd1c2d53001dcc0696\"\n    },\n    \"image\": {\n      \"_id\": \"5f689b2c76320d001e515e90\",\n      \"name\": \"sqs.png\",\n      \"alternativeText\": \"\",\n      \"caption\": \"\",\n      \"hash\": \"sqs_d898893bf0\",\n      \"ext\": \".png\",\n      \"mime\": \"image/png\",\n      \"size\": 5.5,\n      \"width\": 512,\n      \"height\": 512,\n      \"url\": \"/uploads/sqs_d898893bf0.png\",\n      \"formats\": {\n        \"thumbnail\": {\n          \"name\": \"thumbnail_sqs.png\",\n          \"hash\": \"thumbnail_sqs_d898893bf0\",\n          \"ext\": \".png\",\n          \"mime\": \"image/png\",\n          \"width\": 156,\n          \"height\": 156,\n          \"size\": 6.99,\n          \"path\": null,\n          \"url\": \"/uploads/thumbnail_sqs_d898893bf0.png\"\n        },\n        \"small\": {\n          \"name\": \"small_sqs.png\",\n          \"hash\": \"small_sqs_d898893bf0\",\n          \"ext\": \".png\",\n          \"mime\": \"image/png\",\n          \"width\": 500,\n          \"height\": 500,\n          \"size\": 25.43,\n          \"path\": null,\n          \"url\": \"/uploads/small_sqs_d898893bf0.png\"\n        }\n      },\n      \"provider\": \"local\",\n      \"related\": [\n        \"5f635ee35ee4c9001d2b9668\"\n      ],\n      \"createdAt\": \"2020-09-21T12:23:08.978Z\",\n      \"updatedAt\": \"2020-09-21T12:23:10.765Z\",\n      \"__v\": 0,\n      \"created_by\": \"5e4839cd1c2d53001dcc0696\",\n      \"updated_by\": \"5e4839cd1c2d53001dcc0696\",\n      \"id\": \"5f689b2c76320d001e515e90\"\n    },\n    \"description\": \"Amazon Simple Queue Service (SQS) is a fully managed message queuing service. SQS eliminates the complexity and overhead associated with managing and operating message oriented middleware, and empowers developers to focus on differentiating work. Using SQS, you can send, store, and receive messages between software components at any volume, without losing messages or requiring other services to be available. \\n\\nSQS offers two types of message queues. Standard queues offer maximum throughput, best-effort ordering, and at-least-once delivery. SQS FIFO queues are designed to guarantee that messages are processed exactly once, in the exact order that they are sent\",\n    \"jobs\": [\n      {\n        \"education\": false,\n        \"includeOnResume\": true,\n        \"attachments\": [],\n        \"skills\": [\n          \"5f635b3f5ee4c9001d2b962f\",\n          \"5f635b8b5ee4c9001d2b9634\",\n          \"5f635c185ee4c9001d2b963a\",\n          \"5f635c2e5ee4c9001d2b963c\",\n          \"5f635c675ee4c9001d2b9640\",\n          \"5f635c745ee4c9001d2b9641\",\n          \"5f635c845ee4c9001d2b9642\",\n          \"5f635cb65ee4c9001d2b9644\",\n          \"5f635cc45ee4c9001d2b9645\",\n          \"5f635cdc5ee4c9001d2b9646\",\n          \"5f635ceb5ee4c9001d2b9647\",\n          \"5f635d045ee4c9001d2b9649\",\n          \"5f635d115ee4c9001d2b964a\",\n          \"5f635d1e5ee4c9001d2b964b\",\n          \"5f635d2c5ee4c9001d2b964c\",\n          \"5f635d425ee4c9001d2b964d\",\n          \"5f635d7e5ee4c9001d2b964f\",\n          \"5f635d875ee4c9001d2b9650\",\n          \"5f635d905ee4c9001d2b9651\",\n          \"5f635d9e5ee4c9001d2b9652\",\n          \"5f635da95ee4c9001d2b9653\",\n          \"5f635dbe5ee4c9001d2b9655\",\n          \"5f635dde5ee4c9001d2b9658\",\n          \"5f635e235ee4c9001d2b965b\",\n          \"5f635e595ee4c9001d2b965f\",\n          \"5f635e755ee4c9001d2b9662\",\n          \"5f635df45ee4c9001d2b965a\",\n          \"5f635de75ee4c9001d2b9659\",\n          \"5f635e7d5ee4c9001d2b9663\",\n          \"5f635e885ee4c9001d2b9664\",\n          \"5f635ea45ee4c9001d2b9666\",\n          \"5f635ee35ee4c9001d2b9668\",\n          \"602236d69dc383001e945ddc\",\n          \"6029446c9dc383001e945de9\",\n          \"5f635b6a5ee4c9001d2b9632\",\n          \"5f635bb85ee4c9001d2b9635\"\n        ],\n        \"_id\": \"5e53713a11c196001d06f91a\",\n        \"title\": \"Senior Director, Java Development\",\n        \"startDate\": \"2011-07-12\",\n        \"createdAt\": \"2020-02-24T06:46:18.484Z\",\n        \"updatedAt\": \"2021-02-26T22:37:22.370Z\",\n        \"__v\": 0,\n        \"company\": \"Universal Music Publishing\",\n        \"companyUrl\": \"https://www.umusicpub.com/\",\n        \"endDate\": \"2018-08-11\",\n        \"shortDescription\": \"Technology leader in cloud native development for business critical applications.\",\n        \"companyImage\": {\n          \"_id\": \"5f6618325ee4c9001d2b969c\",\n          \"name\": \"umpg.png\",\n          \"alternativeText\": \"\",\n          \"caption\": \"\",\n          \"hash\": \"umpg_121becd400\",\n          \"ext\": \".png\",\n          \"mime\": \"image/png\",\n          \"size\": 129.45,\n          \"width\": 400,\n          \"height\": 400,\n          \"url\": \"/uploads/umpg_121becd400.png\",\n          \"formats\": {\n            \"thumbnail\": {\n              \"name\": \"thumbnail_umpg.png\",\n              \"hash\": \"thumbnail_umpg_121becd400\",\n              \"ext\": \".png\",\n              \"mime\": \"image/png\",\n              \"width\": 156,\n              \"height\": 156,\n              \"size\": 31.14,\n              \"path\": null,\n              \"url\": \"/uploads/thumbnail_umpg_121becd400.png\"\n            }\n          },\n          \"provider\": \"local\",\n          \"related\": [\n            \"5e53713a11c196001d06f91a\"\n          ],\n          \"createdAt\": \"2020-09-19T14:39:46.169Z\",\n          \"updatedAt\": \"2021-02-08T08:15:39.296Z\",\n          \"__v\": 0,\n          \"created_by\": \"5e4839cd1c2d53001dcc0696\",\n          \"updated_by\": \"5e4839cd1c2d53001dcc0696\",\n          \"id\": \"5f6618325ee4c9001d2b969c\"\n        },\n        \"updated_by\": \"5e4839cd1c2d53001dcc0696\",\n        \"longDescription\": \"Responsible for architecture and delivery of greenfield internal and public facing business applications. Super scrum master, removing obstacles for four dynamic scrum teams. Frequent commiter.\\n\\nRe-architecture of multiple monoliths with single points of failure to AWS,resulting in scalable, fault tolerant software reducing the operational cost significantly.\\n\\nIntroduced automated testing as a development activity utilising technologies such as cucumber, selenium, docker which allows for far shorter release cycles.\\n\\nDesigned the company's first 'serverless' application at AWS, Utilising ECS Fargate, Lambda, SQS, SNS, ElasticSearch, S3.\",\n        \"location\": \"London\",\n        \"id\": \"5e53713a11c196001d06f91a\"\n      }\n    ],\n    \"blogs\": [],\n    \"id\": \"5f635ee35ee4c9001d2b9668\"\n  },\n  {\n    \"includeOnResume\": false,\n    \"_id\": \"5f635ef05ee4c9001d2b9669\",\n    \"name\": \"Axon\",\n    \"rating\": 7,\n    \"createdAt\": \"2020-09-17T13:04:48.049Z\",\n    \"updatedAt\": \"2020-09-30T05:42:59.920Z\",\n    \"__v\": 0,\n    \"created_by\": {\n      \"_id\": \"5e4839cd1c2d53001dcc0696\",\n      \"username\": \"simon.rowe@gmail.com\",\n      \"createdAt\": \"2020-02-15T18:34:53.155Z\",\n      \"updatedAt\": \"2020-09-17T07:45:13.526Z\",\n      \"__v\": 0,\n      \"id\": \"5e4839cd1c2d53001dcc0696\"\n    },\n    \"updated_by\": {\n      \"_id\": \"5e4839cd1c2d53001dcc0696\",\n      \"username\": \"simon.rowe@gmail.com\",\n      \"createdAt\": \"2020-02-15T18:34:53.155Z\",\n      \"updatedAt\": \"2020-09-17T07:45:13.526Z\",\n      \"__v\": 0,\n      \"id\": \"5e4839cd1c2d53001dcc0696\"\n    },\n    \"image\": {\n      \"_id\": \"5f689b6d76320d001e515e92\",\n      \"name\": \"axon.png\",\n      \"alternativeText\": \"\",\n      \"caption\": \"\",\n      \"hash\": \"axon_8a2e39aca3\",\n      \"ext\": \".png\",\n      \"mime\": \"image/png\",\n      \"size\": 39.52,\n      \"width\": 280,\n      \"height\": 280,\n      \"url\": \"/uploads/axon_8a2e39aca3.png\",\n      \"formats\": {\n        \"thumbnail\": {\n          \"name\": \"thumbnail_axon.png\",\n          \"hash\": \"thumbnail_axon_8a2e39aca3\",\n          \"ext\": \".png\",\n          \"mime\": \"image/png\",\n          \"width\": 156,\n          \"height\": 156,\n          \"size\": 16.68,\n          \"path\": null,\n          \"url\": \"/uploads/thumbnail_axon_8a2e39aca3.png\"\n        }\n      },\n      \"provider\": \"local\",\n      \"related\": [\n        \"5f635ef05ee4c9001d2b9669\"\n      ],\n      \"createdAt\": \"2020-09-21T12:24:13.686Z\",\n      \"updatedAt\": \"2020-09-21T12:24:16.268Z\",\n      \"__v\": 0,\n      \"created_by\": \"5e4839cd1c2d53001dcc0696\",\n      \"updated_by\": \"5e4839cd1c2d53001dcc0696\",\n      \"id\": \"5f689b6d76320d001e515e92\"\n    },\n    \"description\": \"Axon Framework is a Java framework that provides implementations of the most important building blocks, e.g. aggregates, command and event buses, as well as repositories to help developers apply the CQRS architectural pattern when building applications.\",\n    \"jobs\": [\n      {\n        \"education\": false,\n        \"includeOnResume\": true,\n        \"attachments\": [],\n        \"skills\": [\n          \"5f635b7e5ee4c9001d2b9633\",\n          \"5f635b8b5ee4c9001d2b9634\",\n          \"5f635bf05ee4c9001d2b9637\",\n          \"5f635c0f5ee4c9001d2b9639\",\n          \"5f635c185ee4c9001d2b963a\",\n          \"5f635c1e5ee4c9001d2b963b\",\n          \"5f635c005ee4c9001d2b9638\",\n          \"5f635c2e5ee4c9001d2b963c\",\n          \"5f635c4f5ee4c9001d2b963f\",\n          \"5f635c675ee4c9001d2b9640\",\n          \"5f635c745ee4c9001d2b9641\",\n          \"5f635c845ee4c9001d2b9642\",\n          \"5f635ceb5ee4c9001d2b9647\",\n          \"5f635cf75ee4c9001d2b9648\",\n          \"5f635d045ee4c9001d2b9649\",\n          \"5f635d115ee4c9001d2b964a\",\n          \"5f635d1e5ee4c9001d2b964b\",\n          \"5f635d2c5ee4c9001d2b964c\",\n          \"5f635d425ee4c9001d2b964d\",\n          \"5f635d905ee4c9001d2b9651\",\n          \"5f635db55ee4c9001d2b9654\",\n          \"5f635dde5ee4c9001d2b9658\",\n          \"5f635e235ee4c9001d2b965b\",\n          \"5f635e2c5ee4c9001d2b965c\",\n          \"5f635e935ee4c9001d2b9665\",\n          \"5f635ef05ee4c9001d2b9669\",\n          \"5f635f8f5ee4c9001d2b966c\",\n          \"5f635f995ee4c9001d2b966d\",\n          \"5f635f025ee4c9001d2b966b\",\n          \"5f63608d5ee4c9001d2b966e\",\n          \"602234ba9dc383001e945dd6\",\n          \"5f635b555ee4c9001d2b9631\",\n          \"5f635b6a5ee4c9001d2b9632\",\n          \"5f635ca45ee4c9001d2b9643\",\n          \"5f635eae5ee4c9001d2b9667\",\n          \"5f635ef75ee4c9001d2b966a\",\n          \"5f635c375ee4c9001d2b963d\",\n          \"5f635e625ee4c9001d2b9660\",\n          \"5f635dd35ee4c9001d2b9657\",\n          \"5f635bb85ee4c9001d2b9635\",\n          \"60291c5d9dc383001e945de2\"\n        ],\n        \"_id\": \"5eedd4803c8d74001e4497f5\",\n        \"startDate\": \"2020-05-04\",\n        \"company\": \"Y-Tree\",\n        \"companyUrl\": \"https://y-tree.com/\",\n        \"title\": \"Senior Developer\",\n        \"createdAt\": \"2020-06-20T09:18:56.102Z\",\n        \"updatedAt\": \"2021-02-26T22:39:33.470Z\",\n        \"__v\": 0,\n        \"companyImage\": {\n          \"_id\": \"5eedd46e3c8d74001e4497f4\",\n          \"name\": \"YTree\",\n          \"alternativeText\": \"\",\n          \"caption\": \"\",\n          \"hash\": \"YT_ree_50b80993fc\",\n          \"ext\": \".png\",\n          \"mime\": \"image/png\",\n          \"size\": 6.33,\n          \"width\": 200,\n          \"height\": 200,\n          \"url\": \"/uploads/YT_ree_50b80993fc.png\",\n          \"formats\": {\n            \"thumbnail\": {\n              \"hash\": \"thumbnail_YT_ree_50b80993fc\",\n              \"ext\": \".png\",\n              \"mime\": \"image/png\",\n              \"width\": 156,\n              \"height\": 156,\n              \"size\": 10.07,\n              \"path\": null,\n              \"url\": \"/uploads/thumbnail_YT_ree_50b80993fc.png\"\n            }\n          },\n          \"provider\": \"local\",\n          \"related\": [\n            \"5eedd4803c8d74001e4497f5\"\n          ],\n          \"createdAt\": \"2020-06-20T09:18:38.337Z\",\n          \"updatedAt\": \"2020-06-20T09:18:56.106Z\",\n          \"__v\": 0,\n          \"id\": \"5eedd46e3c8d74001e4497f4\"\n        },\n        \"shortDescription\": \"Lead Developer of exciting fin-tech platform composed of event-driven and restful microservices.\",\n        \"updated_by\": \"5e4839cd1c2d53001dcc0696\",\n        \"longDescription\": \"Lead Developer of exciting fin-tech platform composed of event-driven and restful microservices.\\n\\nHeavily involved in transforming a monolithic application into a suite of fault-tolerant event-driven and restful microservices written with Kotlin and Spring Boot. \\n\\nLead a cloud-native transformation by improving the path to production of services by introducing a number of tools and technologies to aide with continuous delivery of features:\\n\\n-  Cucumber for integration testing\\n-  Pact for contract testing (consumer-driven contracts for both synchronous (HTTP) and event-driven (Kafka) communication)\\n-  Test Containers for component testing\\n-  Use of Spring Cloud Kubernetes and Spring Cloud vault for environment-specific configuration (as per the [12-factor app](https://12factor.net/))\\n- Jenkin X pipelines to build and deploy helm charts for each service and environment.\\n- Keycloak for identity management.\\n- Rolling updates of k8s deployments for no-outage releases.\\n\\nAlso contributed to the YTree technical blog sharing knowledge amongst the team in the form of both written blogs and recorded videos. \\n\\n\\n\\n\\n\\n\",\n        \"location\": \"London\",\n        \"id\": \"5eedd4803c8d74001e4497f5\"\n      }\n    ],\n    \"blogs\": [],\n    \"id\": \"5f635ef05ee4c9001d2b9669\"\n  },\n  {\n    \"includeOnResume\": true,\n    \"_id\": \"5f635ef75ee4c9001d2b966a\",\n    \"name\": \"Event Sourcing\",\n    \"rating\": 8,\n    \"createdAt\": \"2020-09-17T13:04:55.933Z\",\n    \"updatedAt\": \"2021-02-26T22:36:48.994Z\",\n    \"__v\": 0,\n    \"created_by\": {\n      \"_id\": \"5e4839cd1c2d53001dcc0696\",\n      \"username\": \"simon.rowe@gmail.com\",\n      \"createdAt\": \"2020-02-15T18:34:53.155Z\",\n      \"updatedAt\": \"2020-09-17T07:45:13.526Z\",\n      \"__v\": 0,\n      \"id\": \"5e4839cd1c2d53001dcc0696\"\n    },\n    \"updated_by\": {\n      \"_id\": \"5e4839cd1c2d53001dcc0696\",\n      \"username\": \"simon.rowe@gmail.com\",\n      \"createdAt\": \"2020-02-15T18:34:53.155Z\",\n      \"updatedAt\": \"2020-09-17T07:45:13.526Z\",\n      \"__v\": 0,\n      \"id\": \"5e4839cd1c2d53001dcc0696\"\n    },\n    \"image\": {\n      \"_id\": \"5f689ba176320d001e515e94\",\n      \"name\": \"event sourcing.jpeg\",\n      \"alternativeText\": \"\",\n      \"caption\": \"\",\n      \"hash\": \"event_sourcing_427435df53\",\n      \"ext\": \".jpeg\",\n      \"mime\": \"image/jpeg\",\n      \"size\": 6.51,\n      \"width\": 316,\n      \"height\": 160,\n      \"url\": \"/uploads/event_sourcing_427435df53.jpeg\",\n      \"formats\": {\n        \"thumbnail\": {\n          \"name\": \"thumbnail_event sourcing.jpeg\",\n          \"hash\": \"thumbnail_event_sourcing_427435df53\",\n          \"ext\": \".jpeg\",\n          \"mime\": \"image/jpeg\",\n          \"width\": 245,\n          \"height\": 124,\n          \"size\": 5.06,\n          \"path\": null,\n          \"url\": \"/uploads/thumbnail_event_sourcing_427435df53.jpeg\"\n        }\n      },\n      \"provider\": \"local\",\n      \"related\": [\n        \"5f635ef75ee4c9001d2b966a\"\n      ],\n      \"createdAt\": \"2020-09-21T12:25:05.039Z\",\n      \"updatedAt\": \"2020-09-21T12:25:06.939Z\",\n      \"__v\": 0,\n      \"created_by\": \"5e4839cd1c2d53001dcc0696\",\n      \"updated_by\": \"5e4839cd1c2d53001dcc0696\",\n      \"id\": \"5f689ba176320d001e515e94\"\n    },\n    \"description\": \"Event Sourcing ensures that all changes to application state are stored as a sequence of events. Not just can we query these events, we can also use the event log to reconstruct past states, and as a foundation to automatically adjust the state to cope with retroactive changes\",\n    \"order\": 6,\n    \"jobs\": [\n      {\n        \"education\": false,\n        \"includeOnResume\": true,\n        \"attachments\": [],\n        \"skills\": [\n          \"5f635b7e5ee4c9001d2b9633\",\n          \"5f635b8b5ee4c9001d2b9634\",\n          \"5f635c0f5ee4c9001d2b9639\",\n          \"5f635c1e5ee4c9001d2b963b\",\n          \"5f635c2e5ee4c9001d2b963c\",\n          \"5f635c745ee4c9001d2b9641\",\n          \"5f635c845ee4c9001d2b9642\",\n          \"5f635d1e5ee4c9001d2b964b\",\n          \"5f635d2c5ee4c9001d2b964c\",\n          \"5f635d905ee4c9001d2b9651\",\n          \"5f635db55ee4c9001d2b9654\",\n          \"5f635e365ee4c9001d2b965d\",\n          \"5f635e235ee4c9001d2b965b\",\n          \"5f635e2c5ee4c9001d2b965c\",\n          \"5f635e405ee4c9001d2b965e\",\n          \"5f635e935ee4c9001d2b9665\",\n          \"5f635f025ee4c9001d2b966b\",\n          \"5f635c185ee4c9001d2b963a\",\n          \"5f635ceb5ee4c9001d2b9647\",\n          \"5f635cf75ee4c9001d2b9648\",\n          \"5f635d045ee4c9001d2b9649\",\n          \"5f635d115ee4c9001d2b964a\",\n          \"5f63608d5ee4c9001d2b966e\",\n          \"602234ba9dc383001e945dd6\",\n          \"5f635b495ee4c9001d2b9630\",\n          \"5f635b555ee4c9001d2b9631\",\n          \"5f635b6a5ee4c9001d2b9632\",\n          \"5f635ca45ee4c9001d2b9643\",\n          \"5f635eae5ee4c9001d2b9667\",\n          \"5f635ef75ee4c9001d2b966a\",\n          \"5f635e625ee4c9001d2b9660\",\n          \"5f635dd35ee4c9001d2b9657\",\n          \"5f635bb85ee4c9001d2b9635\"\n        ],\n        \"_id\": \"5e53704f11c196001d06f914\",\n        \"title\": \"Software Engineering Lead\",\n        \"startDate\": \"2019-04-15\",\n        \"company\": \"Upp Technologies\",\n        \"companyUrl\": \"https://upp.ai\",\n        \"shortDescription\": \"Hands-on lead engineer in a small cross-functional team.\\n\",\n        \"createdAt\": \"2020-02-24T06:42:23.147Z\",\n        \"updatedAt\": \"2021-02-26T22:37:22.370Z\",\n        \"__v\": 0,\n        \"endDate\": \"2020-05-01\",\n        \"companyImage\": {\n          \"_id\": \"6020f0499dc383001e945dd3\",\n          \"name\": \"upp.png\",\n          \"alternativeText\": \"\",\n          \"caption\": \"\",\n          \"hash\": \"upp_4780c5270b\",\n          \"ext\": \".png\",\n          \"mime\": \"image/png\",\n          \"size\": 2.21,\n          \"width\": 141,\n          \"height\": 106,\n          \"url\": \"/uploads/upp_4780c5270b.png\",\n          \"provider\": \"local\",\n          \"related\": [\n            \"5e53704f11c196001d06f914\"\n          ],\n          \"createdAt\": \"2021-02-08T08:03:21.134Z\",\n          \"updatedAt\": \"2021-02-08T08:03:37.545Z\",\n          \"__v\": 0,\n          \"created_by\": \"5e4839cd1c2d53001dcc0696\",\n          \"updated_by\": \"5e4839cd1c2d53001dcc0696\",\n          \"id\": \"6020f0499dc383001e945dd3\"\n        },\n        \"updated_by\": \"5e4839cd1c2d53001dcc0696\",\n        \"longDescription\": \"Lead Engineer working on all verticals (front end, backend, ops) of the Upp Intelligent Platform. Lead a small cross-functional team of 5 to deliver an event-driven, microservices architecture compromising of the following modules:\\n\\n* Onboarding - data ingestion from 3rd party product providers such as Magento, Shopify and others in conjunction with IPaas (Integration Platform as a Service) This module also consisted of a proprietary data mapping solution.\\n* Products - enrichment, bulk operations and search functionality (using an inverted index).\\n* Margin Hub - a suite of microservices integrating numerous different data points to report on product profitability and suggest intelligent actions to optimise margin.\\n\\n\\nIn addition to leading feature development, my role also comprised of promoting best practises amongst other agile teams including but not limited to:\\n\\n* Creating a customized version of spring initializr that generated skeleton services with all required libraries, Jenkins pipeline definitions, Kubernetes manifest files etc so developers could concentrate on delivering business logic and not plumbing;\\n* Spring Boot starter library for event sourcing\\n* Component testing using test containers\\n* Service - Service authentication using OIDC client credentials with keycloak.\",\n        \"location\": \"London\",\n        \"id\": \"5e53704f11c196001d06f914\"\n      },\n      {\n        \"education\": false,\n        \"includeOnResume\": true,\n        \"attachments\": [],\n        \"skills\": [\n          \"5f635b7e5ee4c9001d2b9633\",\n          \"5f635b8b5ee4c9001d2b9634\",\n          \"5f635bf05ee4c9001d2b9637\",\n          \"5f635c0f5ee4c9001d2b9639\",\n          \"5f635c185ee4c9001d2b963a\",\n          \"5f635c1e5ee4c9001d2b963b\",\n          \"5f635c005ee4c9001d2b9638\",\n          \"5f635c2e5ee4c9001d2b963c\",\n          \"5f635c4f5ee4c9001d2b963f\",\n          \"5f635c675ee4c9001d2b9640\",\n          \"5f635c745ee4c9001d2b9641\",\n          \"5f635c845ee4c9001d2b9642\",\n          \"5f635ceb5ee4c9001d2b9647\",\n          \"5f635cf75ee4c9001d2b9648\",\n          \"5f635d045ee4c9001d2b9649\",\n          \"5f635d115ee4c9001d2b964a\",\n          \"5f635d1e5ee4c9001d2b964b\",\n          \"5f635d2c5ee4c9001d2b964c\",\n          \"5f635d425ee4c9001d2b964d\",\n          \"5f635d905ee4c9001d2b9651\",\n          \"5f635db55ee4c9001d2b9654\",\n          \"5f635dde5ee4c9001d2b9658\",\n          \"5f635e235ee4c9001d2b965b\",\n          \"5f635e2c5ee4c9001d2b965c\",\n          \"5f635e935ee4c9001d2b9665\",\n          \"5f635ef05ee4c9001d2b9669\",\n          \"5f635f8f5ee4c9001d2b966c\",\n          \"5f635f995ee4c9001d2b966d\",\n          \"5f635f025ee4c9001d2b966b\",\n          \"5f63608d5ee4c9001d2b966e\",\n          \"602234ba9dc383001e945dd6\",\n          \"5f635b555ee4c9001d2b9631\",\n          \"5f635b6a5ee4c9001d2b9632\",\n          \"5f635ca45ee4c9001d2b9643\",\n          \"5f635eae5ee4c9001d2b9667\",\n          \"5f635ef75ee4c9001d2b966a\",\n          \"5f635c375ee4c9001d2b963d\",\n          \"5f635e625ee4c9001d2b9660\",\n          \"5f635dd35ee4c9001d2b9657\",\n          \"5f635bb85ee4c9001d2b9635\",\n          \"60291c5d9dc383001e945de2\"\n        ],\n        \"_id\": \"5eedd4803c8d74001e4497f5\",\n        \"startDate\": \"2020-05-04\",\n        \"company\": \"Y-Tree\",\n        \"companyUrl\": \"https://y-tree.com/\",\n        \"title\": \"Senior Developer\",\n        \"createdAt\": \"2020-06-20T09:18:56.102Z\",\n        \"updatedAt\": \"2021-02-26T22:39:33.470Z\",\n        \"__v\": 0,\n        \"companyImage\": {\n          \"_id\": \"5eedd46e3c8d74001e4497f4\",\n          \"name\": \"YTree\",\n          \"alternativeText\": \"\",\n          \"caption\": \"\",\n          \"hash\": \"YT_ree_50b80993fc\",\n          \"ext\": \".png\",\n          \"mime\": \"image/png\",\n          \"size\": 6.33,\n          \"width\": 200,\n          \"height\": 200,\n          \"url\": \"/uploads/YT_ree_50b80993fc.png\",\n          \"formats\": {\n            \"thumbnail\": {\n              \"hash\": \"thumbnail_YT_ree_50b80993fc\",\n              \"ext\": \".png\",\n              \"mime\": \"image/png\",\n              \"width\": 156,\n              \"height\": 156,\n              \"size\": 10.07,\n              \"path\": null,\n              \"url\": \"/uploads/thumbnail_YT_ree_50b80993fc.png\"\n            }\n          },\n          \"provider\": \"local\",\n          \"related\": [\n            \"5eedd4803c8d74001e4497f5\"\n          ],\n          \"createdAt\": \"2020-06-20T09:18:38.337Z\",\n          \"updatedAt\": \"2020-06-20T09:18:56.106Z\",\n          \"__v\": 0,\n          \"id\": \"5eedd46e3c8d74001e4497f4\"\n        },\n        \"shortDescription\": \"Lead Developer of exciting fin-tech platform composed of event-driven and restful microservices.\",\n        \"updated_by\": \"5e4839cd1c2d53001dcc0696\",\n        \"longDescription\": \"Lead Developer of exciting fin-tech platform composed of event-driven and restful microservices.\\n\\nHeavily involved in transforming a monolithic application into a suite of fault-tolerant event-driven and restful microservices written with Kotlin and Spring Boot. \\n\\nLead a cloud-native transformation by improving the path to production of services by introducing a number of tools and technologies to aide with continuous delivery of features:\\n\\n-  Cucumber for integration testing\\n-  Pact for contract testing (consumer-driven contracts for both synchronous (HTTP) and event-driven (Kafka) communication)\\n-  Test Containers for component testing\\n-  Use of Spring Cloud Kubernetes and Spring Cloud vault for environment-specific configuration (as per the [12-factor app](https://12factor.net/))\\n- Jenkin X pipelines to build and deploy helm charts for each service and environment.\\n- Keycloak for identity management.\\n- Rolling updates of k8s deployments for no-outage releases.\\n\\nAlso contributed to the YTree technical blog sharing knowledge amongst the team in the form of both written blogs and recorded videos. \\n\\n\\n\\n\\n\\n\",\n        \"location\": \"London\",\n        \"id\": \"5eedd4803c8d74001e4497f5\"\n      }\n    ],\n    \"blogs\": [],\n    \"id\": \"5f635ef75ee4c9001d2b966a\"\n  },\n  {\n    \"includeOnResume\": false,\n    \"_id\": \"5f635f025ee4c9001d2b966b\",\n    \"name\": \"CQRS\",\n    \"rating\": 7.5,\n    \"createdAt\": \"2020-09-17T13:05:06.404Z\",\n    \"updatedAt\": \"2020-09-30T06:19:44.179Z\",\n    \"__v\": 0,\n    \"created_by\": {\n      \"_id\": \"5e4839cd1c2d53001dcc0696\",\n      \"username\": \"simon.rowe@gmail.com\",\n      \"createdAt\": \"2020-02-15T18:34:53.155Z\",\n      \"updatedAt\": \"2020-09-17T07:45:13.526Z\",\n      \"__v\": 0,\n      \"id\": \"5e4839cd1c2d53001dcc0696\"\n    },\n    \"updated_by\": {\n      \"_id\": \"5e4839cd1c2d53001dcc0696\",\n      \"username\": \"simon.rowe@gmail.com\",\n      \"createdAt\": \"2020-02-15T18:34:53.155Z\",\n      \"updatedAt\": \"2020-09-17T07:45:13.526Z\",\n      \"__v\": 0,\n      \"id\": \"5e4839cd1c2d53001dcc0696\"\n    },\n    \"image\": {\n      \"_id\": \"5f689bf876320d001e515e96\",\n      \"name\": \"cqrs.png\",\n      \"alternativeText\": \"\",\n      \"caption\": \"\",\n      \"hash\": \"cqrs_70783de9a1\",\n      \"ext\": \".png\",\n      \"mime\": \"image/png\",\n      \"size\": 98.76,\n      \"width\": 1980,\n      \"height\": 1299,\n      \"url\": \"/uploads/cqrs_70783de9a1.png\",\n      \"formats\": {\n        \"thumbnail\": {\n          \"name\": \"thumbnail_cqrs.png\",\n          \"hash\": \"thumbnail_cqrs_70783de9a1\",\n          \"ext\": \".png\",\n          \"mime\": \"image/png\",\n          \"width\": 238,\n          \"height\": 156,\n          \"size\": 14.51,\n          \"path\": null,\n          \"url\": \"/uploads/thumbnail_cqrs_70783de9a1.png\"\n        },\n        \"large\": {\n          \"name\": \"large_cqrs.png\",\n          \"hash\": \"large_cqrs_70783de9a1\",\n          \"ext\": \".png\",\n          \"mime\": \"image/png\",\n          \"width\": 1000,\n          \"height\": 656,\n          \"size\": 84.54,\n          \"path\": null,\n          \"url\": \"/uploads/large_cqrs_70783de9a1.png\"\n        },\n        \"medium\": {\n          \"name\": \"medium_cqrs.png\",\n          \"hash\": \"medium_cqrs_70783de9a1\",\n          \"ext\": \".png\",\n          \"mime\": \"image/png\",\n          \"width\": 750,\n          \"height\": 492,\n          \"size\": 59.8,\n          \"path\": null,\n          \"url\": \"/uploads/medium_cqrs_70783de9a1.png\"\n        },\n        \"small\": {\n          \"name\": \"small_cqrs.png\",\n          \"hash\": \"small_cqrs_70783de9a1\",\n          \"ext\": \".png\",\n          \"mime\": \"image/png\",\n          \"width\": 500,\n          \"height\": 328,\n          \"size\": 33.65,\n          \"path\": null,\n          \"url\": \"/uploads/small_cqrs_70783de9a1.png\"\n        }\n      },\n      \"provider\": \"local\",\n      \"related\": [\n        \"5f635f025ee4c9001d2b966b\"\n      ],\n      \"createdAt\": \"2020-09-21T12:26:32.337Z\",\n      \"updatedAt\": \"2020-09-21T12:26:36.238Z\",\n      \"__v\": 0,\n      \"created_by\": \"5e4839cd1c2d53001dcc0696\",\n      \"updated_by\": \"5e4839cd1c2d53001dcc0696\",\n      \"id\": \"5f689bf876320d001e515e96\"\n    },\n    \"description\": \"Command Query Responsibility Segregation (CQRS) is an architectural pattern that separates reading and writing into two different models.\\n\\nThis means that every method should either be a Command that performs an action or a Query that returns data. A Command cannot return data and a Query cannot change the data.\",\n    \"jobs\": [\n      {\n        \"education\": false,\n        \"includeOnResume\": true,\n        \"attachments\": [],\n        \"skills\": [\n          \"5f635b7e5ee4c9001d2b9633\",\n          \"5f635b8b5ee4c9001d2b9634\",\n          \"5f635c0f5ee4c9001d2b9639\",\n          \"5f635c1e5ee4c9001d2b963b\",\n          \"5f635c2e5ee4c9001d2b963c\",\n          \"5f635c745ee4c9001d2b9641\",\n          \"5f635c845ee4c9001d2b9642\",\n          \"5f635d1e5ee4c9001d2b964b\",\n          \"5f635d2c5ee4c9001d2b964c\",\n          \"5f635d905ee4c9001d2b9651\",\n          \"5f635db55ee4c9001d2b9654\",\n          \"5f635e365ee4c9001d2b965d\",\n          \"5f635e235ee4c9001d2b965b\",\n          \"5f635e2c5ee4c9001d2b965c\",\n          \"5f635e405ee4c9001d2b965e\",\n          \"5f635e935ee4c9001d2b9665\",\n          \"5f635f025ee4c9001d2b966b\",\n          \"5f635c185ee4c9001d2b963a\",\n          \"5f635ceb5ee4c9001d2b9647\",\n          \"5f635cf75ee4c9001d2b9648\",\n          \"5f635d045ee4c9001d2b9649\",\n          \"5f635d115ee4c9001d2b964a\",\n          \"5f63608d5ee4c9001d2b966e\",\n          \"602234ba9dc383001e945dd6\",\n          \"5f635b495ee4c9001d2b9630\",\n          \"5f635b555ee4c9001d2b9631\",\n          \"5f635b6a5ee4c9001d2b9632\",\n          \"5f635ca45ee4c9001d2b9643\",\n          \"5f635eae5ee4c9001d2b9667\",\n          \"5f635ef75ee4c9001d2b966a\",\n          \"5f635e625ee4c9001d2b9660\",\n          \"5f635dd35ee4c9001d2b9657\",\n          \"5f635bb85ee4c9001d2b9635\"\n        ],\n        \"_id\": \"5e53704f11c196001d06f914\",\n        \"title\": \"Software Engineering Lead\",\n        \"startDate\": \"2019-04-15\",\n        \"company\": \"Upp Technologies\",\n        \"companyUrl\": \"https://upp.ai\",\n        \"shortDescription\": \"Hands-on lead engineer in a small cross-functional team.\\n\",\n        \"createdAt\": \"2020-02-24T06:42:23.147Z\",\n        \"updatedAt\": \"2021-02-26T22:37:22.370Z\",\n        \"__v\": 0,\n        \"endDate\": \"2020-05-01\",\n        \"companyImage\": {\n          \"_id\": \"6020f0499dc383001e945dd3\",\n          \"name\": \"upp.png\",\n          \"alternativeText\": \"\",\n          \"caption\": \"\",\n          \"hash\": \"upp_4780c5270b\",\n          \"ext\": \".png\",\n          \"mime\": \"image/png\",\n          \"size\": 2.21,\n          \"width\": 141,\n          \"height\": 106,\n          \"url\": \"/uploads/upp_4780c5270b.png\",\n          \"provider\": \"local\",\n          \"related\": [\n            \"5e53704f11c196001d06f914\"\n          ],\n          \"createdAt\": \"2021-02-08T08:03:21.134Z\",\n          \"updatedAt\": \"2021-02-08T08:03:37.545Z\",\n          \"__v\": 0,\n          \"created_by\": \"5e4839cd1c2d53001dcc0696\",\n          \"updated_by\": \"5e4839cd1c2d53001dcc0696\",\n          \"id\": \"6020f0499dc383001e945dd3\"\n        },\n        \"updated_by\": \"5e4839cd1c2d53001dcc0696\",\n        \"longDescription\": \"Lead Engineer working on all verticals (front end, backend, ops) of the Upp Intelligent Platform. Lead a small cross-functional team of 5 to deliver an event-driven, microservices architecture compromising of the following modules:\\n\\n* Onboarding - data ingestion from 3rd party product providers such as Magento, Shopify and others in conjunction with IPaas (Integration Platform as a Service) This module also consisted of a proprietary data mapping solution.\\n* Products - enrichment, bulk operations and search functionality (using an inverted index).\\n* Margin Hub - a suite of microservices integrating numerous different data points to report on product profitability and suggest intelligent actions to optimise margin.\\n\\n\\nIn addition to leading feature development, my role also comprised of promoting best practises amongst other agile teams including but not limited to:\\n\\n* Creating a customized version of spring initializr that generated skeleton services with all required libraries, Jenkins pipeline definitions, Kubernetes manifest files etc so developers could concentrate on delivering business logic and not plumbing;\\n* Spring Boot starter library for event sourcing\\n* Component testing using test containers\\n* Service - Service authentication using OIDC client credentials with keycloak.\",\n        \"location\": \"London\",\n        \"id\": \"5e53704f11c196001d06f914\"\n      },\n      {\n        \"education\": false,\n        \"includeOnResume\": true,\n        \"attachments\": [],\n        \"skills\": [\n          \"5f635b7e5ee4c9001d2b9633\",\n          \"5f635b8b5ee4c9001d2b9634\",\n          \"5f635bf05ee4c9001d2b9637\",\n          \"5f635c0f5ee4c9001d2b9639\",\n          \"5f635c185ee4c9001d2b963a\",\n          \"5f635c1e5ee4c9001d2b963b\",\n          \"5f635c005ee4c9001d2b9638\",\n          \"5f635c2e5ee4c9001d2b963c\",\n          \"5f635c4f5ee4c9001d2b963f\",\n          \"5f635c675ee4c9001d2b9640\",\n          \"5f635c745ee4c9001d2b9641\",\n          \"5f635c845ee4c9001d2b9642\",\n          \"5f635ceb5ee4c9001d2b9647\",\n          \"5f635cf75ee4c9001d2b9648\",\n          \"5f635d045ee4c9001d2b9649\",\n          \"5f635d115ee4c9001d2b964a\",\n          \"5f635d1e5ee4c9001d2b964b\",\n          \"5f635d2c5ee4c9001d2b964c\",\n          \"5f635d425ee4c9001d2b964d\",\n          \"5f635d905ee4c9001d2b9651\",\n          \"5f635db55ee4c9001d2b9654\",\n          \"5f635dde5ee4c9001d2b9658\",\n          \"5f635e235ee4c9001d2b965b\",\n          \"5f635e2c5ee4c9001d2b965c\",\n          \"5f635e935ee4c9001d2b9665\",\n          \"5f635ef05ee4c9001d2b9669\",\n          \"5f635f8f5ee4c9001d2b966c\",\n          \"5f635f995ee4c9001d2b966d\",\n          \"5f635f025ee4c9001d2b966b\",\n          \"5f63608d5ee4c9001d2b966e\",\n          \"602234ba9dc383001e945dd6\",\n          \"5f635b555ee4c9001d2b9631\",\n          \"5f635b6a5ee4c9001d2b9632\",\n          \"5f635ca45ee4c9001d2b9643\",\n          \"5f635eae5ee4c9001d2b9667\",\n          \"5f635ef75ee4c9001d2b966a\",\n          \"5f635c375ee4c9001d2b963d\",\n          \"5f635e625ee4c9001d2b9660\",\n          \"5f635dd35ee4c9001d2b9657\",\n          \"5f635bb85ee4c9001d2b9635\",\n          \"60291c5d9dc383001e945de2\"\n        ],\n        \"_id\": \"5eedd4803c8d74001e4497f5\",\n        \"startDate\": \"2020-05-04\",\n        \"company\": \"Y-Tree\",\n        \"companyUrl\": \"https://y-tree.com/\",\n        \"title\": \"Senior Developer\",\n        \"createdAt\": \"2020-06-20T09:18:56.102Z\",\n        \"updatedAt\": \"2021-02-26T22:39:33.470Z\",\n        \"__v\": 0,\n        \"companyImage\": {\n          \"_id\": \"5eedd46e3c8d74001e4497f4\",\n          \"name\": \"YTree\",\n          \"alternativeText\": \"\",\n          \"caption\": \"\",\n          \"hash\": \"YT_ree_50b80993fc\",\n          \"ext\": \".png\",\n          \"mime\": \"image/png\",\n          \"size\": 6.33,\n          \"width\": 200,\n          \"height\": 200,\n          \"url\": \"/uploads/YT_ree_50b80993fc.png\",\n          \"formats\": {\n            \"thumbnail\": {\n              \"hash\": \"thumbnail_YT_ree_50b80993fc\",\n              \"ext\": \".png\",\n              \"mime\": \"image/png\",\n              \"width\": 156,\n              \"height\": 156,\n              \"size\": 10.07,\n              \"path\": null,\n              \"url\": \"/uploads/thumbnail_YT_ree_50b80993fc.png\"\n            }\n          },\n          \"provider\": \"local\",\n          \"related\": [\n            \"5eedd4803c8d74001e4497f5\"\n          ],\n          \"createdAt\": \"2020-06-20T09:18:38.337Z\",\n          \"updatedAt\": \"2020-06-20T09:18:56.106Z\",\n          \"__v\": 0,\n          \"id\": \"5eedd46e3c8d74001e4497f4\"\n        },\n        \"shortDescription\": \"Lead Developer of exciting fin-tech platform composed of event-driven and restful microservices.\",\n        \"updated_by\": \"5e4839cd1c2d53001dcc0696\",\n        \"longDescription\": \"Lead Developer of exciting fin-tech platform composed of event-driven and restful microservices.\\n\\nHeavily involved in transforming a monolithic application into a suite of fault-tolerant event-driven and restful microservices written with Kotlin and Spring Boot. \\n\\nLead a cloud-native transformation by improving the path to production of services by introducing a number of tools and technologies to aide with continuous delivery of features:\\n\\n-  Cucumber for integration testing\\n-  Pact for contract testing (consumer-driven contracts for both synchronous (HTTP) and event-driven (Kafka) communication)\\n-  Test Containers for component testing\\n-  Use of Spring Cloud Kubernetes and Spring Cloud vault for environment-specific configuration (as per the [12-factor app](https://12factor.net/))\\n- Jenkin X pipelines to build and deploy helm charts for each service and environment.\\n- Keycloak for identity management.\\n- Rolling updates of k8s deployments for no-outage releases.\\n\\nAlso contributed to the YTree technical blog sharing knowledge amongst the team in the form of both written blogs and recorded videos. \\n\\n\\n\\n\\n\\n\",\n        \"location\": \"London\",\n        \"id\": \"5eedd4803c8d74001e4497f5\"\n      }\n    ],\n    \"blogs\": [],\n    \"id\": \"5f635f025ee4c9001d2b966b\"\n  },\n  {\n    \"includeOnResume\": false,\n    \"_id\": \"5f635f8f5ee4c9001d2b966c\",\n    \"name\": \"Helm\",\n    \"rating\": 8,\n    \"createdAt\": \"2020-09-17T13:07:27.527Z\",\n    \"updatedAt\": \"2020-09-30T06:20:10.213Z\",\n    \"__v\": 0,\n    \"created_by\": {\n      \"_id\": \"5e4839cd1c2d53001dcc0696\",\n      \"username\": \"simon.rowe@gmail.com\",\n      \"createdAt\": \"2020-02-15T18:34:53.155Z\",\n      \"updatedAt\": \"2020-09-17T07:45:13.526Z\",\n      \"__v\": 0,\n      \"id\": \"5e4839cd1c2d53001dcc0696\"\n    },\n    \"updated_by\": {\n      \"_id\": \"5e4839cd1c2d53001dcc0696\",\n      \"username\": \"simon.rowe@gmail.com\",\n      \"createdAt\": \"2020-02-15T18:34:53.155Z\",\n      \"updatedAt\": \"2020-09-17T07:45:13.526Z\",\n      \"__v\": 0,\n      \"id\": \"5e4839cd1c2d53001dcc0696\"\n    },\n    \"image\": {\n      \"_id\": \"5f6854785ee4c9001d2b96cf\",\n      \"name\": \"helm.jpg\",\n      \"alternativeText\": \"\",\n      \"caption\": \"\",\n      \"hash\": \"helm_9127651c35\",\n      \"ext\": \".jpg\",\n      \"mime\": \"image/jpeg\",\n      \"size\": 12.82,\n      \"width\": 366,\n      \"height\": 366,\n      \"url\": \"/uploads/helm_9127651c35.jpg\",\n      \"formats\": {\n        \"thumbnail\": {\n          \"name\": \"thumbnail_helm.jpg\",\n          \"hash\": \"thumbnail_helm_9127651c35\",\n          \"ext\": \".jpg\",\n          \"mime\": \"image/jpeg\",\n          \"width\": 156,\n          \"height\": 156,\n          \"size\": 5.11,\n          \"path\": null,\n          \"url\": \"/uploads/thumbnail_helm_9127651c35.jpg\"\n        }\n      },\n      \"provider\": \"local\",\n      \"related\": [\n        \"5f635f8f5ee4c9001d2b966c\"\n      ],\n      \"createdAt\": \"2020-09-21T07:21:28.306Z\",\n      \"updatedAt\": \"2020-09-21T07:21:30.887Z\",\n      \"__v\": 0,\n      \"created_by\": \"5e4839cd1c2d53001dcc0696\",\n      \"updated_by\": \"5e4839cd1c2d53001dcc0696\",\n      \"id\": \"5f6854785ee4c9001d2b96cf\"\n    },\n    \"description\": \"Helm is a tool that streamlines installing and managing Kubernetes applications. ... A single chart might be used to deploy something simple, like a memcached pod, or something complex, like a full web app stack with HTTP servers, databases, caches, etc,\",\n    \"jobs\": [\n      {\n        \"education\": false,\n        \"includeOnResume\": true,\n        \"attachments\": [],\n        \"skills\": [\n          \"5f635b7e5ee4c9001d2b9633\",\n          \"5f635b8b5ee4c9001d2b9634\",\n          \"5f635bf05ee4c9001d2b9637\",\n          \"5f635c0f5ee4c9001d2b9639\",\n          \"5f635c185ee4c9001d2b963a\",\n          \"5f635c1e5ee4c9001d2b963b\",\n          \"5f635c005ee4c9001d2b9638\",\n          \"5f635c2e5ee4c9001d2b963c\",\n          \"5f635c4f5ee4c9001d2b963f\",\n          \"5f635c675ee4c9001d2b9640\",\n          \"5f635c745ee4c9001d2b9641\",\n          \"5f635c845ee4c9001d2b9642\",\n          \"5f635ceb5ee4c9001d2b9647\",\n          \"5f635cf75ee4c9001d2b9648\",\n          \"5f635d045ee4c9001d2b9649\",\n          \"5f635d115ee4c9001d2b964a\",\n          \"5f635d1e5ee4c9001d2b964b\",\n          \"5f635d2c5ee4c9001d2b964c\",\n          \"5f635d425ee4c9001d2b964d\",\n          \"5f635d905ee4c9001d2b9651\",\n          \"5f635db55ee4c9001d2b9654\",\n          \"5f635dde5ee4c9001d2b9658\",\n          \"5f635e235ee4c9001d2b965b\",\n          \"5f635e2c5ee4c9001d2b965c\",\n          \"5f635e935ee4c9001d2b9665\",\n          \"5f635ef05ee4c9001d2b9669\",\n          \"5f635f8f5ee4c9001d2b966c\",\n          \"5f635f995ee4c9001d2b966d\",\n          \"5f635f025ee4c9001d2b966b\",\n          \"5f63608d5ee4c9001d2b966e\",\n          \"602234ba9dc383001e945dd6\",\n          \"5f635b555ee4c9001d2b9631\",\n          \"5f635b6a5ee4c9001d2b9632\",\n          \"5f635ca45ee4c9001d2b9643\",\n          \"5f635eae5ee4c9001d2b9667\",\n          \"5f635ef75ee4c9001d2b966a\",\n          \"5f635c375ee4c9001d2b963d\",\n          \"5f635e625ee4c9001d2b9660\",\n          \"5f635dd35ee4c9001d2b9657\",\n          \"5f635bb85ee4c9001d2b9635\",\n          \"60291c5d9dc383001e945de2\"\n        ],\n        \"_id\": \"5eedd4803c8d74001e4497f5\",\n        \"startDate\": \"2020-05-04\",\n        \"company\": \"Y-Tree\",\n        \"companyUrl\": \"https://y-tree.com/\",\n        \"title\": \"Senior Developer\",\n        \"createdAt\": \"2020-06-20T09:18:56.102Z\",\n        \"updatedAt\": \"2021-02-26T22:39:33.470Z\",\n        \"__v\": 0,\n        \"companyImage\": {\n          \"_id\": \"5eedd46e3c8d74001e4497f4\",\n          \"name\": \"YTree\",\n          \"alternativeText\": \"\",\n          \"caption\": \"\",\n          \"hash\": \"YT_ree_50b80993fc\",\n          \"ext\": \".png\",\n          \"mime\": \"image/png\",\n          \"size\": 6.33,\n          \"width\": 200,\n          \"height\": 200,\n          \"url\": \"/uploads/YT_ree_50b80993fc.png\",\n          \"formats\": {\n            \"thumbnail\": {\n              \"hash\": \"thumbnail_YT_ree_50b80993fc\",\n              \"ext\": \".png\",\n              \"mime\": \"image/png\",\n              \"width\": 156,\n              \"height\": 156,\n              \"size\": 10.07,\n              \"path\": null,\n              \"url\": \"/uploads/thumbnail_YT_ree_50b80993fc.png\"\n            }\n          },\n          \"provider\": \"local\",\n          \"related\": [\n            \"5eedd4803c8d74001e4497f5\"\n          ],\n          \"createdAt\": \"2020-06-20T09:18:38.337Z\",\n          \"updatedAt\": \"2020-06-20T09:18:56.106Z\",\n          \"__v\": 0,\n          \"id\": \"5eedd46e3c8d74001e4497f4\"\n        },\n        \"shortDescription\": \"Lead Developer of exciting fin-tech platform composed of event-driven and restful microservices.\",\n        \"updated_by\": \"5e4839cd1c2d53001dcc0696\",\n        \"longDescription\": \"Lead Developer of exciting fin-tech platform composed of event-driven and restful microservices.\\n\\nHeavily involved in transforming a monolithic application into a suite of fault-tolerant event-driven and restful microservices written with Kotlin and Spring Boot. \\n\\nLead a cloud-native transformation by improving the path to production of services by introducing a number of tools and technologies to aide with continuous delivery of features:\\n\\n-  Cucumber for integration testing\\n-  Pact for contract testing (consumer-driven contracts for both synchronous (HTTP) and event-driven (Kafka) communication)\\n-  Test Containers for component testing\\n-  Use of Spring Cloud Kubernetes and Spring Cloud vault for environment-specific configuration (as per the [12-factor app](https://12factor.net/))\\n- Jenkin X pipelines to build and deploy helm charts for each service and environment.\\n- Keycloak for identity management.\\n- Rolling updates of k8s deployments for no-outage releases.\\n\\nAlso contributed to the YTree technical blog sharing knowledge amongst the team in the form of both written blogs and recorded videos. \\n\\n\\n\\n\\n\\n\",\n        \"location\": \"London\",\n        \"id\": \"5eedd4803c8d74001e4497f5\"\n      }\n    ],\n    \"blogs\": [\n      {\n        \"published\": true,\n        \"tags\": [\n          \"5e495da7bc8d7d001ddbd7c5\",\n          \"5f02da709d8081001fd38fa4\",\n          \"5f03901b9d8081001fd38fa7\",\n          \"5f0390249d8081001fd38fa8\",\n          \"5f0390329d8081001fd38fa9\",\n          \"5f0390499d8081001fd38faa\"\n        ],\n        \"skills\": [\n          \"5f635c2e5ee4c9001d2b963c\",\n          \"5f635f8f5ee4c9001d2b966c\",\n          \"5f635f995ee4c9001d2b966d\",\n          \"5f635c185ee4c9001d2b963a\",\n          \"5f635c4f5ee4c9001d2b963f\",\n          \"5f635e935ee4c9001d2b9665\",\n          \"5f635b555ee4c9001d2b9631\",\n          \"5f635b6a5ee4c9001d2b9632\",\n          \"5f635ca45ee4c9001d2b9643\",\n          \"5f635c375ee4c9001d2b963d\",\n          \"5f635e625ee4c9001d2b9660\"\n        ],\n        \"_id\": \"5f0215c69d8081001fd38fa1\",\n        \"title\": \"Creating a rich web app that can be hosted from home\",\n        \"shortDescription\": \"A quick introduction into the various components of my personal website including jenkinsx, kubernetes, letsencrypt and more.\",\n        \"createdAt\": \"2020-07-05T18:02:46.731Z\",\n        \"updatedAt\": \"2021-02-26T22:37:08.645Z\",\n        \"__v\": 0,\n        \"image\": {\n          \"_id\": \"5f6616045ee4c9001d2b968a\",\n          \"name\": \"Website Icon.jpeg\",\n          \"alternativeText\": \"\",\n          \"caption\": \"\",\n          \"hash\": \"Website_Icon_727b161f01\",\n          \"ext\": \".jpeg\",\n          \"mime\": \"image/jpeg\",\n          \"size\": 48.93,\n          \"width\": 776,\n          \"height\": 542,\n          \"url\": \"/uploads/Website_Icon_727b161f01.jpeg\",\n          \"formats\": {\n            \"thumbnail\": {\n              \"name\": \"thumbnail_Website Icon.jpeg\",\n              \"hash\": \"thumbnail_Website_Icon_727b161f01\",\n              \"ext\": \".jpeg\",\n              \"mime\": \"image/jpeg\",\n              \"width\": 223,\n              \"height\": 156,\n              \"size\": 6.2,\n              \"path\": null,\n              \"url\": \"/uploads/thumbnail_Website_Icon_727b161f01.jpeg\"\n            },\n            \"medium\": {\n              \"name\": \"medium_Website Icon.jpeg\",\n              \"hash\": \"medium_Website_Icon_727b161f01\",\n              \"ext\": \".jpeg\",\n              \"mime\": \"image/jpeg\",\n              \"width\": 750,\n              \"height\": 524,\n              \"size\": 45.54,\n              \"path\": null,\n              \"url\": \"/uploads/medium_Website_Icon_727b161f01.jpeg\"\n            },\n            \"small\": {\n              \"name\": \"small_Website Icon.jpeg\",\n              \"hash\": \"small_Website_Icon_727b161f01\",\n              \"ext\": \".jpeg\",\n              \"mime\": \"image/jpeg\",\n              \"width\": 500,\n              \"height\": 349,\n              \"size\": 22.91,\n              \"path\": null,\n              \"url\": \"/uploads/small_Website_Icon_727b161f01.jpeg\"\n            }\n          },\n          \"provider\": \"local\",\n          \"related\": [\n            \"5f0215c69d8081001fd38fa1\"\n          ],\n          \"createdAt\": \"2020-09-19T14:30:28.441Z\",\n          \"updatedAt\": \"2021-02-21T19:31:52.126Z\",\n          \"__v\": 0,\n          \"created_by\": \"5e4839cd1c2d53001dcc0696\",\n          \"updated_by\": \"5e4839cd1c2d53001dcc0696\",\n          \"id\": \"5f6616045ee4c9001d2b968a\"\n        },\n        \"content\": \"I'm the kind of person that learns by doing - the more I do, the more it sinks in. Whilst attempting to keep my skills up to date, I had the idea of building a rich web application which would serve up my CV, and it could also double as a place to hone and demonstrate my skillsets in certain technologies. Eventually, I could even start blogging about these experiences. \\n\\nThe first thing I decided I would need would be a CMS (Content Management System). The content of my website would have to be dynamic, as I would like to keep my CV and blog up to date.  There were many options available here, but I finally settled on a headless CMS named ([strapi](https://strapi.io/)). Strapi would also require some sort of persistence layer, and  [mongodb](https://www.mongodb.com/ seemed to be a sensible choice.\\n\\nFor the web interface itself, there was a bit of competition between React and Angular. After spending years commercially working on Angular projects, I decided that React could be a good thing to learn and went with that.  \\n\\n```npx create-react-app my-app --template typescript``` is the command used to boostrap my react SPA (single page application) and I found a boostrap template from [here](https://wrapbootstrap.com/).\\n\\nSo far so good right ? I had picked the basic building blocks for building this dynamic CV/blog, but where would I run it ? I had a perfectly good iMac that was unused, and a fast enough internet connection. This app doesnt need to be highly available, as its just a little hobby app so this would suit well. I could use [ngrok](https://ngrok.com/) to make my app available to the internet, and I could use [Route 53](https://aws.amazon.com/route53/) to set up and configure my domain.\\n\\nKubernetes is a very popular way or running cloud native apps, so this was a pretty easy choice, the only issue was what flavour of it would work best on a mac. I started off with minikube, but started to have issues with persistent volumes, so eventually went with [kind (kubernetes in docker)](https://kind.sigs.k8s.io/). I could easily install nginx ingress controller, and it was super easy to configure.\\n\\nThe last thing to consider was how to deploy the individual components or services to the kubernetes cluster. One of my requirements was that I would want to make continual improvments to my app, so the deployment process must be as simple as possible. I would want to have git projects for each service,  build a container image, and deploy a helm chart (a helm chart is a collection of files that describe a related set of Kubernetes resources).  [Jenkins X](https://jenkins-x.io/) describes itself as *Jenkins X provides pipeline automation, built-in GitOps, and preview environments to help teams collaborate and accelerate their software delivery at any scale*. There was out of the box support for kubernetes flavours such as GKE (google cloud) and EKS (amazon web services), but a bit of customisation would be required if i wanted to run this on my local kubernetes cluster. This was easy enough and I was able to configure the following:\\n- [Harbor](https://goharbor.io/) as the container registry of choice\\n- [Cert Manager](https://cert-manager.io/) - configure cert manager to generate lets encrpt certificates using ACME challennges based on my use of AWS Route 53 for dns.\\n- Installed MongoDB in the control plane.\\n\\nOverall my initial architecture looked something like this:\\n\\n![Website V1](/uploads/Website_V1_c3889a1afa.jpeg)\\n\\n\\n*All source code for this app can be found here: (https://github.com/simonjamesrowe)*\",\n        \"updated_by\": \"5e4839cd1c2d53001dcc0696\",\n        \"id\": \"5f0215c69d8081001fd38fa1\"\n      },\n      {\n        \"published\": true,\n        \"tags\": [\n          \"5f02da709d8081001fd38fa4\",\n          \"5e495da7bc8d7d001ddbd7c5\"\n        ],\n        \"skills\": [\n          \"5f635c1e5ee4c9001d2b963b\",\n          \"5f635f8f5ee4c9001d2b966c\",\n          \"5f635c2e5ee4c9001d2b963c\",\n          \"5f635c4f5ee4c9001d2b963f\",\n          \"5f635b495ee4c9001d2b9630\",\n          \"5f635b555ee4c9001d2b9631\",\n          \"5f635c375ee4c9001d2b963d\"\n        ],\n        \"_id\": \"5feed34e67bdd6001e9c12ce\",\n        \"title\": \"Adding Custom Gradle 6 Build Pack to Jenkins X\",\n        \"shortDescription\": \"In this post we will look at how to add a new custom build pack to Jenkins X so we can support builds using Gradle 6 and JDK 11.\",\n        \"createdAt\": \"2021-01-02T07:46:22.753Z\",\n        \"updatedAt\": \"2021-02-26T22:36:56.990Z\",\n        \"__v\": 0,\n        \"created_by\": \"5e4839cd1c2d53001dcc0696\",\n        \"image\": {\n          \"_id\": \"5f6853535ee4c9001d2b96c1\",\n          \"name\": \"Gradle_logo.png\",\n          \"alternativeText\": \"\",\n          \"caption\": \"\",\n          \"hash\": \"Gradle_logo_eec2d0b60b\",\n          \"ext\": \".png\",\n          \"mime\": \"image/png\",\n          \"size\": 7.59,\n          \"width\": 876,\n          \"height\": 306,\n          \"url\": \"/uploads/Gradle_logo_eec2d0b60b.png\",\n          \"formats\": {\n            \"thumbnail\": {\n              \"name\": \"thumbnail_Gradle_logo.png\",\n              \"hash\": \"thumbnail_Gradle_logo_eec2d0b60b\",\n              \"ext\": \".png\",\n              \"mime\": \"image/png\",\n              \"width\": 245,\n              \"height\": 86,\n              \"size\": 6.94,\n              \"path\": null,\n              \"url\": \"/uploads/thumbnail_Gradle_logo_eec2d0b60b.png\"\n            },\n            \"medium\": {\n              \"name\": \"medium_Gradle_logo.png\",\n              \"hash\": \"medium_Gradle_logo_eec2d0b60b\",\n              \"ext\": \".png\",\n              \"mime\": \"image/png\",\n              \"width\": 750,\n              \"height\": 262,\n              \"size\": 25.22,\n              \"path\": null,\n              \"url\": \"/uploads/medium_Gradle_logo_eec2d0b60b.png\"\n            },\n            \"small\": {\n              \"name\": \"small_Gradle_logo.png\",\n              \"hash\": \"small_Gradle_logo_eec2d0b60b\",\n              \"ext\": \".png\",\n              \"mime\": \"image/png\",\n              \"width\": 500,\n              \"height\": 175,\n              \"size\": 15.87,\n              \"path\": null,\n              \"url\": \"/uploads/small_Gradle_logo_eec2d0b60b.png\"\n            }\n          },\n          \"provider\": \"local\",\n          \"related\": [\n            \"5f635c1e5ee4c9001d2b963b\",\n            \"5feed34e67bdd6001e9c12ce\"\n          ],\n          \"createdAt\": \"2020-09-21T07:16:35.326Z\",\n          \"updatedAt\": \"2021-01-01T07:46:22.759Z\",\n          \"__v\": 0,\n          \"created_by\": \"5e4839cd1c2d53001dcc0696\",\n          \"updated_by\": \"5e4839cd1c2d53001dcc0696\",\n          \"id\": \"5f6853535ee4c9001d2b96c1\"\n        },\n        \"updated_by\": \"5e4839cd1c2d53001dcc0696\",\n        \"content\": \"Jenkins X supports quite a lot of build packs out of the box, but support for gradle build packs is quite limited. The [jenkins-x-kubernetes](https://github.com/jenkins-x-buildpacks/jenkins-x-kubernetes) does contain a gradle build pack, but the builder image only contains gradle 5 and JDK 8. Seeing as I wanted to use spring boot 2.3.3 (which requires gradle 6) and above to build the microservices that power this web application, and I also want to use kotlin and java 11, I will need to add this build pack myself.\\n\\nThe first thing I will need to do is provide an image for this. Luckily this is pretty easy as I can just copy the existing gradle builder image from [here](https://github.com/jenkins-x/jenkins-x-builders/blob/master/builder-gradle5/Dockerfile) and change a few things:\\n\\nHere is the result (all source code can also be found [here](https://github.com/simonjamesrowe/jenkinsx-buildpacks/))\\n```docker\\nFROM gcr.io/jenkinsxio/builder-base:0.0.86\\n\\nCMD [\\\"gradle\\\"]\\n\\nENV ANDROID_VERSION 4333796\\nENV ANDROID_HOME /opt/android-sdk-linux\\nENV PATH ${PATH}:${ANDROID_HOME}/tools:${ANDROID_HOME}/tools/bin:${ANDROID_HOME}/platform-tools\\n\\nRUN yum install -y java-11-openjdk-devel\\n\\nENV GRADLE_HOME /opt/gradle\\nENV GRADLE_VERSION 6.5.1\\n\\nRUN set -o errexit -o nounset \\\\\\n    && echo \\\"Set URLS\\\" \\\\\\n    && GRADLE_URL=\\\"https://services.gradle.org/distributions/gradle-${GRADLE_VERSION}-bin.zip\\\" \\\\\\n    && SHA256_URL=\\\"${GRADLE_URL}.sha256\\\" \\\\\\n    \\\\\\n    && echo \\\"Determine sha256sum\\\" \\\\\\n    && GRADLE_DOWNLOAD_SHA256=$(curl -sLf \\\"${SHA256_URL}\\\") \\\\\\n    \\\\\\n\\t&& echo \\\"Downloading Gradle\\\" \\\\\\n\\t&& wget -q -O gradle.zip \\\"${GRADLE_URL}\\\" \\\\\\n\\t\\\\\\n\\t&& echo \\\"Checking download hash\\\" \\\\\\n\\t&& echo \\\"${GRADLE_DOWNLOAD_SHA256} *gradle.zip\\\" | sha256sum -c - \\\\\\n\\t\\\\\\n\\t&& echo \\\"Installing Gradle\\\" \\\\\\n\\t&& unzip -q gradle.zip \\\\\\n\\t&& rm gradle.zip \\\\\\n\\t&& mkdir -p /opt \\\\\\n\\t&& mv \\\"gradle-${GRADLE_VERSION}\\\" \\\"${GRADLE_HOME}/\\\" \\\\\\n\\t&& ln -s \\\"${GRADLE_HOME}/bin/gradle\\\" /usr/bin/gradle\\n\\nRUN gradle --version\\n\\n# jx\\nENV JX_VERSION 2.1.153\\nRUN curl -f -L https://github.com/jenkins-x/jx/releases/download/v${JX_VERSION}/jx-linux-amd64.tar.gz | tar xzv && \\\\\\n  mv jx /usr/bin/\\n```\\n\\nThe image can be built and pushed with the following commands (we will also need docker login)\\n```shell\\ndocker build -t simonjamesrowe/gradle6-java11:2020-26-12 .\\ndocker push simonjamesrowe/gradle6-java11:2020-26-12\\n```\\n\\nNow that the image has been pushed to the container registry the next thing we will need to think about is defining the build pod template. This template is something which jenkins x and tekton use to spin up pods in kubernetes which run these builds. In order to do this we will need to make some modifications to the jenkins-x control plane, which has its own gitops repo (which can be found [here](https://github.com/simonjamesrowe/environment-simonjamesrowe-dev)). \\n\\nI want to define a kubernetes secret that contains a gradle initialisation script that can be used to define where our nexus repository lives, and also credentials for publishing artefacts to this repository. The following helm values can be defined in ```env/values.tmpl.yaml```:\\n```yaml\\ngradle:\\n  initScript: |-\\n    allprojects {\\n\\n        apply plugin: 'maven-publish'\\n\\n        repositories {\\n            maven {\\n                url \\\"http://nexus/repository/maven-group/\\\"\\n            }\\n            mavenCentral()\\n        }\\n\\n      publishing {\\n            repositories {\\n                maven {\\n                    def releasesRepoUrl = \\\"http://nexus/repository/maven-releases/\\\"\\n                    def snapshotsRepoUrl = \\\"http://nexus/repository/maven-snapshots/\\\"\\n                    url = version.endsWith('SNAPSHOT') ? snapshotsRepoUrl : releasesRepoUrl\\n                    credentials {\\n                        username \\\"{{ .Parameters.adminUser.username }}\\\"\\n                        password \\\"{{ .Parameters.adminUser.password }}\\\"\\n                    }\\n                }\\n            }\\n        }\\n\\n       configurations.all {\\n          resolutionStrategy.cacheChangingModulesFor 0, 'seconds'\\n          resolutionStrategy.cacheDynamicVersionsFor 0, 'seconds'\\n       }\\n    }\\n```\\nThen the secret can be defined in ```env/templates/jenkins-gradle-secret.yaml```:\\n```yaml\\napiVersion: v1\\nkind: Secret\\ntype: Opaque\\nmetadata:\\n  name: jenkins-gradle-init\\ndata:\\n  init.gradle: {{ .Values.gradle.initScript | b64enc }}\\n```\\n\\nFor the build pod template, this will require some more values to be defined in ```env/jenkins-x-platform/values.tmpl.yaml```:\\n```yaml\\njenkins:\\n  Agent:\\n    PodTemplates:\\n      Gradle6-Java11:\\n        Name: gradle6-java11\\n        Label: jenkins-gradle6-java11\\n        DevPodPorts: 5005, 8080\\n        volumes:\\n          - type: Secret\\n            secretName: jenkins-docker-cfg\\n            mountPath: /home/jenkins/.docker\\n          - type: Secret\\n            secretName: jenkins-release-gpg\\n            mountPath: /home/jenkins/.gnupg\\n          - type: Secret\\n            secretName: jenkins-gradle-init\\n            mountPath: /home/jenkins/.gradle\\n        EnvVars:\\n          GIT_COMMITTER_EMAIL: jenkins-x@googlegroups.com\\n          GIT_AUTHOR_EMAIL: jenkins-x@googlegroups.com\\n          GIT_AUTHOR_NAME: jenkins-x-bot\\n          GIT_COMMITTER_NAME: jenkins-x-bot\\n          XDG_CONFIG_HOME: /home/jenkins\\n          DOCKER_CONFIG: /home/jenkins/.docker/\\n        ServiceAccount: jenkins\\n        Containers:\\n          Gradle6-Java11:\\n            Image: simonjamesrowe/gradle6-java11:2020-12-26\\n            Privileged: true\\n            RequestCpu: \\\"400m\\\"\\n            RequestMemory: \\\"512Mi\\\"\\n            LimitCpu: \\\"1\\\"\\n            Command: \\\"/bin/sh -c\\\"\\n            Args: \\\"cat\\\"\\n            Tty: true\\n```\\n\\nThe next thing to do is define the tekton pipeline. I have another my github repo containing buildpacks [jenkinsx-buildpacks](https://github.com/simonjamesrowe/jenkinsx-buildpacks). In ```packs/gradle6-java11/pipeline.yaml, we define the tekton pipeline:\\n```yaml\\nagent:\\n  label: jenkins-gradle6-java11\\n  container: gradle6-java11\\npipelines:\\n  pullRequest:\\n    build:\\n      steps:\\n        - sh: echo \\\\$(jx-release-version)-SNAPSHOT > VERSION\\n          name: next-version\\n          comment: so we can retrieve the version in later steps\\n        - sh: gradle -I /home/jenkins/.gradle/init.gradle clean build publish -Pversion=\\\\$(cat VERSION) --info\\n          name: gradle-build\\n  release:\\n    setVersion:\\n      steps:\\n        - sh: echo \\\\$(jx-release-version) > VERSION\\n          name: next-version\\n          comment: so we can retrieve the version in later step\\n        - sh: jx step tag --version \\\\$(cat VERSION)\\n          name: tag-version\\n    build:\\n      steps:\\n        - sh: gradle -I /home/jenkins/.gradle/init.gradle clean build publish -Pversion=\\\\$(cat VERSION) --info\\n          name: gradle-build\\n```\\nPay attention to the ```agent.label``` which specifies the build pod template to use (i.e. the one that has been defined above).  Here we also have 2 pipelines, one for a pull request that simply publishes a snapshot to the nexus repository (which is part of the jenkins x control plane), and another one for master. Also you can see that ```-I /home/jenkins/.gradle/init.gradle``` is also included so that we can run the initialisation script that we defined in a k8s secret above. In this example the secret is mounted into the container as a volume.\\n\\nLastly, we will need to tell jx about the git repository that we are using to host our build packs. This can be simply added to the ```jx-requirements.yml``` file\\n```yaml\\nbuildPacks:\\n  buildPackLibrary:\\n    gitRef: master\\n    gitURL: https://github.com/simonjamesrowe/jenkinsx-buildpacks.git\\n    name: simonjamesrowe\\n```\\nAnd of course we will need to run ```jx boot``` to update our control plane with all of the changes that we have made:\\n- gradle init script k8s secret\\n- build pod template\\n- custom build pack library configuration.\\n\\nNow we can use this build pack in order to build [https://github.com/simonjamesrowe/component-test](https://github.com/simonjamesrowe/component-test).  See ```jenkins-x.yml```:\\n```yaml\\nbuildPack: gradle6-java11\\n```\\n\\nWe can see that this project now deploys artefacts to nexus:\\n![nexus-component-test.png](/uploads/nexus_component_test_7e8f5aea69.png)\\n\",\n        \"id\": \"5feed34e67bdd6001e9c12ce\"\n      },\n      {\n        \"published\": true,\n        \"tags\": [\n          \"5f02da709d8081001fd38fa4\",\n          \"5feed20367bdd6001e9c12cc\"\n        ],\n        \"skills\": [\n          \"5f635f8f5ee4c9001d2b966c\",\n          \"5f635b495ee4c9001d2b9630\",\n          \"5f635b555ee4c9001d2b9631\",\n          \"5f635b6a5ee4c9001d2b9632\",\n          \"5f635c375ee4c9001d2b963d\"\n        ],\n        \"_id\": \"5feed4c667bdd6001e9c12d0\",\n        \"title\": \"Creating custom version of Spring Initializr\",\n        \"shortDescription\": \"In this post we will look at forking the start.spring.io github repo to create a customised version of the spring initializr that will generate skeleton apps that can be imported into jenkins x.\",\n        \"createdAt\": \"2021-01-03T07:52:38.827Z\",\n        \"updatedAt\": \"2021-02-26T22:36:56.990Z\",\n        \"__v\": 0,\n        \"created_by\": \"5e4839cd1c2d53001dcc0696\",\n        \"image\": {\n          \"_id\": \"5f6851a85ee4c9001d2b96af\",\n          \"name\": \"spring-boot.jpeg\",\n          \"alternativeText\": \"\",\n          \"caption\": \"\",\n          \"hash\": \"spring_boot_5ee37de4c1\",\n          \"ext\": \".jpeg\",\n          \"mime\": \"image/png\",\n          \"size\": 7.98,\n          \"width\": 400,\n          \"height\": 400,\n          \"url\": \"/uploads/spring_boot_5ee37de4c1.jpeg\",\n          \"formats\": {\n            \"thumbnail\": {\n              \"name\": \"thumbnail_spring-boot.jpeg\",\n              \"hash\": \"thumbnail_spring_boot_5ee37de4c1\",\n              \"ext\": \".jpeg\",\n              \"mime\": \"image/png\",\n              \"width\": 156,\n              \"height\": 156,\n              \"size\": 5.21,\n              \"path\": null,\n              \"url\": \"/uploads/thumbnail_spring_boot_5ee37de4c1.jpeg\"\n            }\n          },\n          \"provider\": \"local\",\n          \"related\": [\n            \"5f635b6a5ee4c9001d2b9632\",\n            \"5feed4c667bdd6001e9c12d0\"\n          ],\n          \"createdAt\": \"2020-09-21T07:09:28.458Z\",\n          \"updatedAt\": \"2021-01-01T21:02:32.991Z\",\n          \"__v\": 0,\n          \"created_by\": \"5e4839cd1c2d53001dcc0696\",\n          \"updated_by\": \"5e4839cd1c2d53001dcc0696\",\n          \"id\": \"5f6851a85ee4c9001d2b96af\"\n        },\n        \"updated_by\": \"5e4839cd1c2d53001dcc0696\",\n        \"content\": \"The spring initializr [start.spring.io](https://start.spring.io) allows developers to get up and running quickly when developing spring boot based microservices. It generates a skeleton spring boot project with the specified dependencies that you can easily import into your IDE (or trigger generation directly from your IDE)\\n![start-spring-io.png](/uploads/start_spring_io_f4e9eaab9b.png)\\n\\n This website [www.simonjamesrowe.com](https://www.simonjamesrowe.com) is currently fairly limited in terms of functionality, but I would like to keep adding to it in my spare time. I have chosen to use Jenkins X for my CI/CD pipelines and Kubernetes as the container orchestrator to run my microservices, so it would be nice if I could have my own version of the spring initializr that did the following:\\n- Generated Dockerfile and skaffold template for image definition.\\n- Generated the helm charts that the services would use when deploying to Kubernetes\\n- Automatically add the nexus repository that is part of the jenkins x control plane to ```build.gradle.kts``` and also allow the component-test library to be automatically included\\n-  Generation of the ```jenkins-x.yml``` Jenkins X pipeline declaration file.\\n\\nIn the future it would also be nice for this version to also automatically create the project in github as well as importing into Jenkins X (*but this can wait for v2 or v3*).\\n\\nSo where to begin? Firstly lets fork the repository ([https://github.com/spring-io/start.spring.io](https://github.com/spring-io/start.spring.io)). The repository contains a multi-module maven project that consists of:\\n- start-client - a react SPA (single page application)\\n- start-site - a spring boot application that includes start-client as a web-jar and also contains the various REST endpoints that the react client consumes.\\n\\n\\nLet look at our first requirement, we want to be able to generate new files. We can do this by implementing an interface named ```ProjectContributor```. I have defined an abstract ProjectContributor that the rest of the Contributors extend:\\n```java\\npublic abstract class BaseProjectContributor implements ProjectContributor {\\n\\n\\t@Autowired\\n\\tprotected MutableProjectDescription mutableProjectDescription;\\n\\n\\t@Autowired(required = false)\\n\\tprotected GradleBuild gradleBuild;\\n\\n\\t@Autowired\\n\\tprotected Cache cache;\\n\\n\\tprotected MustacheTemplateRenderer mustacheTemplateRenderer;\\n\\n\\t@PostConstruct\\n\\tpublic void postInit() {\\n\\t\\tmustacheTemplateRenderer = new MustacheTemplateRenderer(\\\"classpath:/templates/\\\", cache);\\n\\t}\\n\\n\\tprotected Map<String, ?> parameters() {\\n\\t\\treturn Map.of(\\\"artifactId\\\", mutableProjectDescription.getArtifactId());\\n\\t}\\n\\n\\tprotected boolean isLib() {\\n\\t\\treturn mutableProjectDescription.getArtifactId().startsWith(\\\"lib\\\");\\n\\t}\\n\\n\\tprotected boolean isService() {\\n\\t\\treturn !isLib();\\n\\t}\\n\\n\\tprotected boolean isGradleBuild() {\\n\\t\\treturn gradleBuild != null;\\n\\t}\\n\\n\\t@Override\\n\\tpublic int getOrder() {\\n\\t\\treturn 0;\\n\\t}\\n\\n}\\n```\\n\\nAs we can see in the code snippet above, this uses [moustache templates](https://mustache.github.io/). Lets look at the following:\\n```java\\npublic class SkaffoldContributor extends BaseProjectContributor {\\n\\n\\t@Override\\n\\tpublic void contribute(Path path) throws IOException {\\n\\t\\tif (isLib()) {\\n\\t\\t\\treturn;\\n\\t\\t}\\n\\t\\tPath file = Files.createFile(path.resolve(\\\"skaffold.yml\\\"));\\n\\t\\tPrintWriter writer = new PrintWriter(Files.newBufferedWriter(file));\\n\\t\\twriter.println(mustacheTemplateRenderer.render(\\\"ms/skaffold.yaml\\\", parameters()));\\n\\t\\twriter.close();\\n\\t}\\n\\n}\\n```\\n\\n```src/main/resources/tempaltes/ms/skaffold.yaml.moustache```\\n```yaml\\napiVersion: skaffold/v1beta2\\nkind: Config\\nbuild:\\n  artifacts:\\n    - image: simonjamesrowe/{{artifactId}}\\n      context: .\\n      docker: {}\\n  tagPolicy:\\n    envTemplate:\\n{{=<% %>=}}\\n      template: '{{.DOCKER_REGISTRY}}/{{.IMAGE_NAME}}:{{.VERSION}}'\\n<%={{ }}=%>\\n  local: {}\\ndeploy:\\n  kubectl: {}\\nprofiles:\\n  - name: dev\\n    build:\\n      tagPolicy:\\n        envTemplate:\\n{{=<% %>=}}\\n          template: '{{.DOCKER_REGISTRY}}/{{.IMAGE_NAME}}:{{.DIGEST_HEX}}'\\n<%={{ }}=%>\\n      local: {}\\n    deploy:\\n      helm:\\n        releases:\\n          - name: {{artifactId}}\\n            chartPath: charts/{{artifactId}}\\n            setValueTemplates:\\n{{=<% %>=}}\\n              image.repository: '{{.DOCKER_REGISTRY}}/{{.IMAGE_NAME}}'\\n              image.tag: '{{.DIGEST_HEX}}'<%={{ }}=%>\\n\\n```\\n\\nThis will generate a file that looks like this:\\n![skaffold-generation.png](/uploads/skaffold_generation_a3e6a9dda0.png)\\n\\nNext let's look at how we can customize our ```build.gradle.kts```. We can define a class that extends BuildCustomizer:\\n```java\\npublic class GradleBuildCustomiser extends KotlinDslGradleBuildWriter implements BuildCustomizer<GradleBuild> {\\n\\n\\t@Autowired\\n\\tprivate MutableProjectDescription mutableProjectDescription;\\n\\n\\t@Override\\n\\tpublic void customize(GradleBuild build) {\\n\\t\\tbuild.repositories().add(MavenRepository\\n\\t\\t\\t\\t.withIdAndUrl(\\\"simonjamesrowe\\\", \\\"https://nexus-jx.simonjamesrowe.com/repository/maven-group/\\\").build());\\n\\t\\tbuild.dependencies().add(\\\"component-test\\\");\\n\\t}\\n\\n\\t@Override\\n\\tprotected void writeTasks(IndentingWriter writer, GradleTaskContainer tasks) {\\n\\t\\tif (mutableProjectDescription.getArtifactId().startsWith(\\\"lib\\\")) {\\n\\t\\t\\tString extraTasks = \\\"\\\\ntasks.getByName<Jar>(\\\\\\\"jar\\\\\\\") {\\\\n\\\" + \\\"\\\\tenabled = true\\\\n\\\" + \\\"}\\\\n\\\" + \\\"\\\\n\\\"\\n\\t\\t\\t\\t\\t+ \\\"tasks.getByName<Jar>(\\\\\\\"bootJar\\\\\\\") {\\\\n\\\" + \\\"\\\\tenabled = false\\\\n\\\" + \\\"}\\\";\\n\\t\\t\\twriter.println(extraTasks);\\n\\t\\t}\\n\\n\\t\\tString publishing = \\\"\\\\npublishing {\\\\n\\\" + \\\"\\\\tpublications {\\\\n\\\" + \\\"\\\\t\\\\tcreate<MavenPublication>(\\\\\\\"maven\\\\\\\") {\\\\n\\\"\\n\\t\\t\\t\\t+ \\\"\\\\t\\\\t\\\\tfrom(components[\\\\\\\"java\\\\\\\"])\\\\n\\\" + \\\"\\\\t\\\\t}\\\\n\\\" + \\\"\\\\t}\\\\n\\\" + \\\"}\\\";\\n\\t\\twriter.println(publishing);\\n\\t}\\n\\n\\t@Override\\n\\tpublic int getOrder() {\\n\\t\\treturn 0;\\n\\t}\\n\\n}\\n```\\n\\nThis will simply disable bootJar task for libraries (like component-test) and also configure the maven-publish plugin, as well as adding the component-test dependency (see ```src/main/resources/application.yml``` for more configuration of dependencies, repositories, languages, build tools).\\n\\nWe will need to ensure that these classes ```GradleBuildCustomiser``` and ```SkaffoldContributor``` are spring beans, so we have a @Configuration class for this:\\n```java\\n@Configuration\\npublic class Config {\\n\\n\\t@Bean\\n\\t@Primary\\n\\tpublic GradleBuildCustomiser gradleBuildCustomiser() {\\n\\t\\treturn new GradleBuildCustomiser();\\n\\t}\\n\\n\\t@Bean\\n\\tpublic DockerfileManifestContributor dockerfileManifestContributor() {\\n\\t\\treturn new DockerfileManifestContributor();\\n\\t}\\n\\n\\t@Bean\\n\\tpublic HelmContributor helmContributor() {\\n\\t\\treturn new HelmContributor();\\n\\t}\\n\\n\\t@Bean\\n\\tpublic JenkinsPipelineContributor jenkinsPipelineContributor() {\\n\\t\\treturn new JenkinsPipelineContributor();\\n\\t}\\n\\n\\t@Bean\\n\\tpublic SkaffoldContributor skaffoldContributor() {\\n\\t\\treturn new SkaffoldContributor();\\n\\t}\\n\\n\\t@Bean\\n\\tpublic Cache templatesCache() {\\n\\t\\treturn new ConcurrentMapCache(\\\"templatesCache\\\");\\n\\t}\\n\\n}\\n```\\n\\nAlso as I have placed all of my classes in the ```com.simonjamesrowe``` package,  the ```src/main/resources/META-INF/spring.factories``` will need to be changed so that it picks up configuration from this package:\\n```properties\\nio.spring.initializr.generator.project.ProjectGenerationConfiguration=\\\\\\nio.spring.start.site.extension.build.gradle.GradleProjectGenerationConfiguration,\\\\\\nio.spring.start.site.extension.build.maven.MavenProjectGenerationConfiguration,\\\\\\n.....\\ncom.simonjamesrowe.initializr.Config  \\n```\\n\\nAnd with a bit of help from Jenkins X, the final result is here: [start.simonjamesrowe.com](https://start.simonjamesrowe.com). All source code can be found [here](https://github.com/simonjamesrowe/start.spring.io).\\n\\n![simon-initializr.png](/uploads/simon_initializr_5121135095.png)\",\n        \"id\": \"5feed4c667bdd6001e9c12d0\"\n      }\n    ],\n    \"id\": \"5f635f8f5ee4c9001d2b966c\"\n  },\n  {\n    \"includeOnResume\": false,\n    \"_id\": \"5f635f995ee4c9001d2b966d\",\n    \"name\": \"Chart Museum\",\n    \"rating\": 7,\n    \"createdAt\": \"2020-09-17T13:07:37.145Z\",\n    \"updatedAt\": \"2020-09-30T06:22:03.609Z\",\n    \"__v\": 0,\n    \"created_by\": {\n      \"_id\": \"5e4839cd1c2d53001dcc0696\",\n      \"username\": \"simon.rowe@gmail.com\",\n      \"createdAt\": \"2020-02-15T18:34:53.155Z\",\n      \"updatedAt\": \"2020-09-17T07:45:13.526Z\",\n      \"__v\": 0,\n      \"id\": \"5e4839cd1c2d53001dcc0696\"\n    },\n    \"updated_by\": {\n      \"_id\": \"5e4839cd1c2d53001dcc0696\",\n      \"username\": \"simon.rowe@gmail.com\",\n      \"createdAt\": \"2020-02-15T18:34:53.155Z\",\n      \"updatedAt\": \"2020-09-17T07:45:13.526Z\",\n      \"__v\": 0,\n      \"id\": \"5e4839cd1c2d53001dcc0696\"\n    },\n    \"image\": {\n      \"_id\": \"5f6854c05ee4c9001d2b96d1\",\n      \"name\": \"chart-museum.png\",\n      \"alternativeText\": \"\",\n      \"caption\": \"\",\n      \"hash\": \"chart_museum_a56509005a\",\n      \"ext\": \".png\",\n      \"mime\": \"image/png\",\n      \"size\": 72.28,\n      \"width\": 500,\n      \"height\": 225,\n      \"url\": \"/uploads/chart_museum_a56509005a.png\",\n      \"formats\": {\n        \"thumbnail\": {\n          \"name\": \"thumbnail_chart-museum.png\",\n          \"hash\": \"thumbnail_chart_museum_a56509005a\",\n          \"ext\": \".png\",\n          \"mime\": \"image/png\",\n          \"width\": 245,\n          \"height\": 110,\n          \"size\": 29.64,\n          \"path\": null,\n          \"url\": \"/uploads/thumbnail_chart_museum_a56509005a.png\"\n        }\n      },\n      \"provider\": \"local\",\n      \"related\": [\n        \"5f635f995ee4c9001d2b966d\"\n      ],\n      \"createdAt\": \"2020-09-21T07:22:40.798Z\",\n      \"updatedAt\": \"2020-09-21T07:22:43.401Z\",\n      \"__v\": 0,\n      \"created_by\": \"5e4839cd1c2d53001dcc0696\",\n      \"updated_by\": \"5e4839cd1c2d53001dcc0696\",\n      \"id\": \"5f6854c05ee4c9001d2b96d1\"\n    },\n    \"description\": \"ChartMuseum is an open-source Helm Chart Repository written in Go (Golang), with support for cloud storage backends, including Google Cloud Storage, Amazon S3, Microsoft Azure Blob Storage, Alibaba Cloud OSS Storage and Openstack Object Storage.\",\n    \"jobs\": [\n      {\n        \"education\": false,\n        \"includeOnResume\": true,\n        \"attachments\": [],\n        \"skills\": [\n          \"5f635b7e5ee4c9001d2b9633\",\n          \"5f635b8b5ee4c9001d2b9634\",\n          \"5f635bf05ee4c9001d2b9637\",\n          \"5f635c0f5ee4c9001d2b9639\",\n          \"5f635c185ee4c9001d2b963a\",\n          \"5f635c1e5ee4c9001d2b963b\",\n          \"5f635c005ee4c9001d2b9638\",\n          \"5f635c2e5ee4c9001d2b963c\",\n          \"5f635c4f5ee4c9001d2b963f\",\n          \"5f635c675ee4c9001d2b9640\",\n          \"5f635c745ee4c9001d2b9641\",\n          \"5f635c845ee4c9001d2b9642\",\n          \"5f635ceb5ee4c9001d2b9647\",\n          \"5f635cf75ee4c9001d2b9648\",\n          \"5f635d045ee4c9001d2b9649\",\n          \"5f635d115ee4c9001d2b964a\",\n          \"5f635d1e5ee4c9001d2b964b\",\n          \"5f635d2c5ee4c9001d2b964c\",\n          \"5f635d425ee4c9001d2b964d\",\n          \"5f635d905ee4c9001d2b9651\",\n          \"5f635db55ee4c9001d2b9654\",\n          \"5f635dde5ee4c9001d2b9658\",\n          \"5f635e235ee4c9001d2b965b\",\n          \"5f635e2c5ee4c9001d2b965c\",\n          \"5f635e935ee4c9001d2b9665\",\n          \"5f635ef05ee4c9001d2b9669\",\n          \"5f635f8f5ee4c9001d2b966c\",\n          \"5f635f995ee4c9001d2b966d\",\n          \"5f635f025ee4c9001d2b966b\",\n          \"5f63608d5ee4c9001d2b966e\",\n          \"602234ba9dc383001e945dd6\",\n          \"5f635b555ee4c9001d2b9631\",\n          \"5f635b6a5ee4c9001d2b9632\",\n          \"5f635ca45ee4c9001d2b9643\",\n          \"5f635eae5ee4c9001d2b9667\",\n          \"5f635ef75ee4c9001d2b966a\",\n          \"5f635c375ee4c9001d2b963d\",\n          \"5f635e625ee4c9001d2b9660\",\n          \"5f635dd35ee4c9001d2b9657\",\n          \"5f635bb85ee4c9001d2b9635\",\n          \"60291c5d9dc383001e945de2\"\n        ],\n        \"_id\": \"5eedd4803c8d74001e4497f5\",\n        \"startDate\": \"2020-05-04\",\n        \"company\": \"Y-Tree\",\n        \"companyUrl\": \"https://y-tree.com/\",\n        \"title\": \"Senior Developer\",\n        \"createdAt\": \"2020-06-20T09:18:56.102Z\",\n        \"updatedAt\": \"2021-02-26T22:39:33.470Z\",\n        \"__v\": 0,\n        \"companyImage\": {\n          \"_id\": \"5eedd46e3c8d74001e4497f4\",\n          \"name\": \"YTree\",\n          \"alternativeText\": \"\",\n          \"caption\": \"\",\n          \"hash\": \"YT_ree_50b80993fc\",\n          \"ext\": \".png\",\n          \"mime\": \"image/png\",\n          \"size\": 6.33,\n          \"width\": 200,\n          \"height\": 200,\n          \"url\": \"/uploads/YT_ree_50b80993fc.png\",\n          \"formats\": {\n            \"thumbnail\": {\n              \"hash\": \"thumbnail_YT_ree_50b80993fc\",\n              \"ext\": \".png\",\n              \"mime\": \"image/png\",\n              \"width\": 156,\n              \"height\": 156,\n              \"size\": 10.07,\n              \"path\": null,\n              \"url\": \"/uploads/thumbnail_YT_ree_50b80993fc.png\"\n            }\n          },\n          \"provider\": \"local\",\n          \"related\": [\n            \"5eedd4803c8d74001e4497f5\"\n          ],\n          \"createdAt\": \"2020-06-20T09:18:38.337Z\",\n          \"updatedAt\": \"2020-06-20T09:18:56.106Z\",\n          \"__v\": 0,\n          \"id\": \"5eedd46e3c8d74001e4497f4\"\n        },\n        \"shortDescription\": \"Lead Developer of exciting fin-tech platform composed of event-driven and restful microservices.\",\n        \"updated_by\": \"5e4839cd1c2d53001dcc0696\",\n        \"longDescription\": \"Lead Developer of exciting fin-tech platform composed of event-driven and restful microservices.\\n\\nHeavily involved in transforming a monolithic application into a suite of fault-tolerant event-driven and restful microservices written with Kotlin and Spring Boot. \\n\\nLead a cloud-native transformation by improving the path to production of services by introducing a number of tools and technologies to aide with continuous delivery of features:\\n\\n-  Cucumber for integration testing\\n-  Pact for contract testing (consumer-driven contracts for both synchronous (HTTP) and event-driven (Kafka) communication)\\n-  Test Containers for component testing\\n-  Use of Spring Cloud Kubernetes and Spring Cloud vault for environment-specific configuration (as per the [12-factor app](https://12factor.net/))\\n- Jenkin X pipelines to build and deploy helm charts for each service and environment.\\n- Keycloak for identity management.\\n- Rolling updates of k8s deployments for no-outage releases.\\n\\nAlso contributed to the YTree technical blog sharing knowledge amongst the team in the form of both written blogs and recorded videos. \\n\\n\\n\\n\\n\\n\",\n        \"location\": \"London\",\n        \"id\": \"5eedd4803c8d74001e4497f5\"\n      }\n    ],\n    \"blogs\": [\n      {\n        \"published\": true,\n        \"tags\": [\n          \"5e495da7bc8d7d001ddbd7c5\",\n          \"5f02da709d8081001fd38fa4\",\n          \"5f03901b9d8081001fd38fa7\",\n          \"5f0390249d8081001fd38fa8\",\n          \"5f0390329d8081001fd38fa9\",\n          \"5f0390499d8081001fd38faa\"\n        ],\n        \"skills\": [\n          \"5f635c2e5ee4c9001d2b963c\",\n          \"5f635f8f5ee4c9001d2b966c\",\n          \"5f635f995ee4c9001d2b966d\",\n          \"5f635c185ee4c9001d2b963a\",\n          \"5f635c4f5ee4c9001d2b963f\",\n          \"5f635e935ee4c9001d2b9665\",\n          \"5f635b555ee4c9001d2b9631\",\n          \"5f635b6a5ee4c9001d2b9632\",\n          \"5f635ca45ee4c9001d2b9643\",\n          \"5f635c375ee4c9001d2b963d\",\n          \"5f635e625ee4c9001d2b9660\"\n        ],\n        \"_id\": \"5f0215c69d8081001fd38fa1\",\n        \"title\": \"Creating a rich web app that can be hosted from home\",\n        \"shortDescription\": \"A quick introduction into the various components of my personal website including jenkinsx, kubernetes, letsencrypt and more.\",\n        \"createdAt\": \"2020-07-05T18:02:46.731Z\",\n        \"updatedAt\": \"2021-02-26T22:37:08.645Z\",\n        \"__v\": 0,\n        \"image\": {\n          \"_id\": \"5f6616045ee4c9001d2b968a\",\n          \"name\": \"Website Icon.jpeg\",\n          \"alternativeText\": \"\",\n          \"caption\": \"\",\n          \"hash\": \"Website_Icon_727b161f01\",\n          \"ext\": \".jpeg\",\n          \"mime\": \"image/jpeg\",\n          \"size\": 48.93,\n          \"width\": 776,\n          \"height\": 542,\n          \"url\": \"/uploads/Website_Icon_727b161f01.jpeg\",\n          \"formats\": {\n            \"thumbnail\": {\n              \"name\": \"thumbnail_Website Icon.jpeg\",\n              \"hash\": \"thumbnail_Website_Icon_727b161f01\",\n              \"ext\": \".jpeg\",\n              \"mime\": \"image/jpeg\",\n              \"width\": 223,\n              \"height\": 156,\n              \"size\": 6.2,\n              \"path\": null,\n              \"url\": \"/uploads/thumbnail_Website_Icon_727b161f01.jpeg\"\n            },\n            \"medium\": {\n              \"name\": \"medium_Website Icon.jpeg\",\n              \"hash\": \"medium_Website_Icon_727b161f01\",\n              \"ext\": \".jpeg\",\n              \"mime\": \"image/jpeg\",\n              \"width\": 750,\n              \"height\": 524,\n              \"size\": 45.54,\n              \"path\": null,\n              \"url\": \"/uploads/medium_Website_Icon_727b161f01.jpeg\"\n            },\n            \"small\": {\n              \"name\": \"small_Website Icon.jpeg\",\n              \"hash\": \"small_Website_Icon_727b161f01\",\n              \"ext\": \".jpeg\",\n              \"mime\": \"image/jpeg\",\n              \"width\": 500,\n              \"height\": 349,\n              \"size\": 22.91,\n              \"path\": null,\n              \"url\": \"/uploads/small_Website_Icon_727b161f01.jpeg\"\n            }\n          },\n          \"provider\": \"local\",\n          \"related\": [\n            \"5f0215c69d8081001fd38fa1\"\n          ],\n          \"createdAt\": \"2020-09-19T14:30:28.441Z\",\n          \"updatedAt\": \"2021-02-21T19:31:52.126Z\",\n          \"__v\": 0,\n          \"created_by\": \"5e4839cd1c2d53001dcc0696\",\n          \"updated_by\": \"5e4839cd1c2d53001dcc0696\",\n          \"id\": \"5f6616045ee4c9001d2b968a\"\n        },\n        \"content\": \"I'm the kind of person that learns by doing - the more I do, the more it sinks in. Whilst attempting to keep my skills up to date, I had the idea of building a rich web application which would serve up my CV, and it could also double as a place to hone and demonstrate my skillsets in certain technologies. Eventually, I could even start blogging about these experiences. \\n\\nThe first thing I decided I would need would be a CMS (Content Management System). The content of my website would have to be dynamic, as I would like to keep my CV and blog up to date.  There were many options available here, but I finally settled on a headless CMS named ([strapi](https://strapi.io/)). Strapi would also require some sort of persistence layer, and  [mongodb](https://www.mongodb.com/ seemed to be a sensible choice.\\n\\nFor the web interface itself, there was a bit of competition between React and Angular. After spending years commercially working on Angular projects, I decided that React could be a good thing to learn and went with that.  \\n\\n```npx create-react-app my-app --template typescript``` is the command used to boostrap my react SPA (single page application) and I found a boostrap template from [here](https://wrapbootstrap.com/).\\n\\nSo far so good right ? I had picked the basic building blocks for building this dynamic CV/blog, but where would I run it ? I had a perfectly good iMac that was unused, and a fast enough internet connection. This app doesnt need to be highly available, as its just a little hobby app so this would suit well. I could use [ngrok](https://ngrok.com/) to make my app available to the internet, and I could use [Route 53](https://aws.amazon.com/route53/) to set up and configure my domain.\\n\\nKubernetes is a very popular way or running cloud native apps, so this was a pretty easy choice, the only issue was what flavour of it would work best on a mac. I started off with minikube, but started to have issues with persistent volumes, so eventually went with [kind (kubernetes in docker)](https://kind.sigs.k8s.io/). I could easily install nginx ingress controller, and it was super easy to configure.\\n\\nThe last thing to consider was how to deploy the individual components or services to the kubernetes cluster. One of my requirements was that I would want to make continual improvments to my app, so the deployment process must be as simple as possible. I would want to have git projects for each service,  build a container image, and deploy a helm chart (a helm chart is a collection of files that describe a related set of Kubernetes resources).  [Jenkins X](https://jenkins-x.io/) describes itself as *Jenkins X provides pipeline automation, built-in GitOps, and preview environments to help teams collaborate and accelerate their software delivery at any scale*. There was out of the box support for kubernetes flavours such as GKE (google cloud) and EKS (amazon web services), but a bit of customisation would be required if i wanted to run this on my local kubernetes cluster. This was easy enough and I was able to configure the following:\\n- [Harbor](https://goharbor.io/) as the container registry of choice\\n- [Cert Manager](https://cert-manager.io/) - configure cert manager to generate lets encrpt certificates using ACME challennges based on my use of AWS Route 53 for dns.\\n- Installed MongoDB in the control plane.\\n\\nOverall my initial architecture looked something like this:\\n\\n![Website V1](/uploads/Website_V1_c3889a1afa.jpeg)\\n\\n\\n*All source code for this app can be found here: (https://github.com/simonjamesrowe)*\",\n        \"updated_by\": \"5e4839cd1c2d53001dcc0696\",\n        \"id\": \"5f0215c69d8081001fd38fa1\"\n      }\n    ],\n    \"id\": \"5f635f995ee4c9001d2b966d\"\n  },\n  {\n    \"includeOnResume\": false,\n    \"_id\": \"5f63608d5ee4c9001d2b966e\",\n    \"name\": \"TDD\",\n    \"rating\": 8,\n    \"createdAt\": \"2020-09-17T13:11:41.563Z\",\n    \"updatedAt\": \"2020-09-30T06:22:54.746Z\",\n    \"__v\": 0,\n    \"created_by\": {\n      \"_id\": \"5e4839cd1c2d53001dcc0696\",\n      \"username\": \"simon.rowe@gmail.com\",\n      \"createdAt\": \"2020-02-15T18:34:53.155Z\",\n      \"updatedAt\": \"2020-09-17T07:45:13.526Z\",\n      \"__v\": 0,\n      \"id\": \"5e4839cd1c2d53001dcc0696\"\n    },\n    \"updated_by\": {\n      \"_id\": \"5e4839cd1c2d53001dcc0696\",\n      \"username\": \"simon.rowe@gmail.com\",\n      \"createdAt\": \"2020-02-15T18:34:53.155Z\",\n      \"updatedAt\": \"2020-09-17T07:45:13.526Z\",\n      \"__v\": 0,\n      \"id\": \"5e4839cd1c2d53001dcc0696\"\n    },\n    \"image\": {\n      \"_id\": \"5f689c2276320d001e515e98\",\n      \"name\": \"test-driven-development-TDD.png\",\n      \"alternativeText\": \"\",\n      \"caption\": \"\",\n      \"hash\": \"test_driven_development_TDD_e8a614217f\",\n      \"ext\": \".png\",\n      \"mime\": \"image/png\",\n      \"size\": 33.13,\n      \"width\": 1024,\n      \"height\": 680,\n      \"url\": \"/uploads/test_driven_development_TDD_e8a614217f.png\",\n      \"formats\": {\n        \"thumbnail\": {\n          \"name\": \"thumbnail_test-driven-development-TDD.png\",\n          \"hash\": \"thumbnail_test_driven_development_TDD_e8a614217f\",\n          \"ext\": \".png\",\n          \"mime\": \"image/png\",\n          \"width\": 235,\n          \"height\": 156,\n          \"size\": 12.92,\n          \"path\": null,\n          \"url\": \"/uploads/thumbnail_test_driven_development_TDD_e8a614217f.png\"\n        },\n        \"large\": {\n          \"name\": \"large_test-driven-development-TDD.png\",\n          \"hash\": \"large_test_driven_development_TDD_e8a614217f\",\n          \"ext\": \".png\",\n          \"mime\": \"image/png\",\n          \"width\": 1000,\n          \"height\": 664,\n          \"size\": 77.52,\n          \"path\": null,\n          \"url\": \"/uploads/large_test_driven_development_TDD_e8a614217f.png\"\n        },\n        \"medium\": {\n          \"name\": \"medium_test-driven-development-TDD.png\",\n          \"hash\": \"medium_test_driven_development_TDD_e8a614217f\",\n          \"ext\": \".png\",\n          \"mime\": \"image/png\",\n          \"width\": 750,\n          \"height\": 498,\n          \"size\": 53.53,\n          \"path\": null,\n          \"url\": \"/uploads/medium_test_driven_development_TDD_e8a614217f.png\"\n        },\n        \"small\": {\n          \"name\": \"small_test-driven-development-TDD.png\",\n          \"hash\": \"small_test_driven_development_TDD_e8a614217f\",\n          \"ext\": \".png\",\n          \"mime\": \"image/png\",\n          \"width\": 500,\n          \"height\": 332,\n          \"size\": 31.8,\n          \"path\": null,\n          \"url\": \"/uploads/small_test_driven_development_TDD_e8a614217f.png\"\n        }\n      },\n      \"provider\": \"local\",\n      \"related\": [\n        \"5f63608d5ee4c9001d2b966e\"\n      ],\n      \"createdAt\": \"2020-09-21T12:27:14.778Z\",\n      \"updatedAt\": \"2020-09-21T12:27:17.966Z\",\n      \"__v\": 0,\n      \"created_by\": \"5e4839cd1c2d53001dcc0696\",\n      \"updated_by\": \"5e4839cd1c2d53001dcc0696\",\n      \"id\": \"5f689c2276320d001e515e98\"\n    },\n    \"description\": \"Test-driven development (TDD) , is an evolutionary approach to development which combines test-first development where you write a test before you write just enough production code to fulfill that test and refactoring. \",\n    \"jobs\": [\n      {\n        \"education\": false,\n        \"includeOnResume\": true,\n        \"attachments\": [],\n        \"skills\": [\n          \"5f635b7e5ee4c9001d2b9633\",\n          \"5f635b8b5ee4c9001d2b9634\",\n          \"5f635c0f5ee4c9001d2b9639\",\n          \"5f635c1e5ee4c9001d2b963b\",\n          \"5f635c2e5ee4c9001d2b963c\",\n          \"5f635c745ee4c9001d2b9641\",\n          \"5f635c845ee4c9001d2b9642\",\n          \"5f635d1e5ee4c9001d2b964b\",\n          \"5f635d2c5ee4c9001d2b964c\",\n          \"5f635d905ee4c9001d2b9651\",\n          \"5f635db55ee4c9001d2b9654\",\n          \"5f635e365ee4c9001d2b965d\",\n          \"5f635e235ee4c9001d2b965b\",\n          \"5f635e2c5ee4c9001d2b965c\",\n          \"5f635e405ee4c9001d2b965e\",\n          \"5f635e935ee4c9001d2b9665\",\n          \"5f635f025ee4c9001d2b966b\",\n          \"5f635c185ee4c9001d2b963a\",\n          \"5f635ceb5ee4c9001d2b9647\",\n          \"5f635cf75ee4c9001d2b9648\",\n          \"5f635d045ee4c9001d2b9649\",\n          \"5f635d115ee4c9001d2b964a\",\n          \"5f63608d5ee4c9001d2b966e\",\n          \"602234ba9dc383001e945dd6\",\n          \"5f635b495ee4c9001d2b9630\",\n          \"5f635b555ee4c9001d2b9631\",\n          \"5f635b6a5ee4c9001d2b9632\",\n          \"5f635ca45ee4c9001d2b9643\",\n          \"5f635eae5ee4c9001d2b9667\",\n          \"5f635ef75ee4c9001d2b966a\",\n          \"5f635e625ee4c9001d2b9660\",\n          \"5f635dd35ee4c9001d2b9657\",\n          \"5f635bb85ee4c9001d2b9635\"\n        ],\n        \"_id\": \"5e53704f11c196001d06f914\",\n        \"title\": \"Software Engineering Lead\",\n        \"startDate\": \"2019-04-15\",\n        \"company\": \"Upp Technologies\",\n        \"companyUrl\": \"https://upp.ai\",\n        \"shortDescription\": \"Hands-on lead engineer in a small cross-functional team.\\n\",\n        \"createdAt\": \"2020-02-24T06:42:23.147Z\",\n        \"updatedAt\": \"2021-02-26T22:37:22.370Z\",\n        \"__v\": 0,\n        \"endDate\": \"2020-05-01\",\n        \"companyImage\": {\n          \"_id\": \"6020f0499dc383001e945dd3\",\n          \"name\": \"upp.png\",\n          \"alternativeText\": \"\",\n          \"caption\": \"\",\n          \"hash\": \"upp_4780c5270b\",\n          \"ext\": \".png\",\n          \"mime\": \"image/png\",\n          \"size\": 2.21,\n          \"width\": 141,\n          \"height\": 106,\n          \"url\": \"/uploads/upp_4780c5270b.png\",\n          \"provider\": \"local\",\n          \"related\": [\n            \"5e53704f11c196001d06f914\"\n          ],\n          \"createdAt\": \"2021-02-08T08:03:21.134Z\",\n          \"updatedAt\": \"2021-02-08T08:03:37.545Z\",\n          \"__v\": 0,\n          \"created_by\": \"5e4839cd1c2d53001dcc0696\",\n          \"updated_by\": \"5e4839cd1c2d53001dcc0696\",\n          \"id\": \"6020f0499dc383001e945dd3\"\n        },\n        \"updated_by\": \"5e4839cd1c2d53001dcc0696\",\n        \"longDescription\": \"Lead Engineer working on all verticals (front end, backend, ops) of the Upp Intelligent Platform. Lead a small cross-functional team of 5 to deliver an event-driven, microservices architecture compromising of the following modules:\\n\\n* Onboarding - data ingestion from 3rd party product providers such as Magento, Shopify and others in conjunction with IPaas (Integration Platform as a Service) This module also consisted of a proprietary data mapping solution.\\n* Products - enrichment, bulk operations and search functionality (using an inverted index).\\n* Margin Hub - a suite of microservices integrating numerous different data points to report on product profitability and suggest intelligent actions to optimise margin.\\n\\n\\nIn addition to leading feature development, my role also comprised of promoting best practises amongst other agile teams including but not limited to:\\n\\n* Creating a customized version of spring initializr that generated skeleton services with all required libraries, Jenkins pipeline definitions, Kubernetes manifest files etc so developers could concentrate on delivering business logic and not plumbing;\\n* Spring Boot starter library for event sourcing\\n* Component testing using test containers\\n* Service - Service authentication using OIDC client credentials with keycloak.\",\n        \"location\": \"London\",\n        \"id\": \"5e53704f11c196001d06f914\"\n      },\n      {\n        \"education\": false,\n        \"includeOnResume\": true,\n        \"attachments\": [],\n        \"skills\": [\n          \"5f635b3f5ee4c9001d2b962f\",\n          \"5f635b7e5ee4c9001d2b9633\",\n          \"5f635b8b5ee4c9001d2b9634\",\n          \"5f635bcd5ee4c9001d2b9636\",\n          \"5f635bf05ee4c9001d2b9637\",\n          \"5f635c1e5ee4c9001d2b963b\",\n          \"5f635c455ee4c9001d2b963e\",\n          \"5f635c745ee4c9001d2b9641\",\n          \"5f635c845ee4c9001d2b9642\",\n          \"5f635d645ee4c9001d2b964e\",\n          \"5f635d425ee4c9001d2b964d\",\n          \"5f635c185ee4c9001d2b963a\",\n          \"5f635da95ee4c9001d2b9653\",\n          \"5f635e405ee4c9001d2b965e\",\n          \"5f635e365ee4c9001d2b965d\",\n          \"5f635ea45ee4c9001d2b9666\",\n          \"602235769dc383001e945dd9\",\n          \"5f63608d5ee4c9001d2b966e\",\n          \"5f635b495ee4c9001d2b9630\",\n          \"5f635b6a5ee4c9001d2b9632\",\n          \"5f635ca45ee4c9001d2b9643\",\n          \"5f635bb85ee4c9001d2b9635\"\n        ],\n        \"_id\": \"5e5370e311c196001d06f917\",\n        \"title\": \"Senior Platform Architect\",\n        \"startDate\": \"2018-08-01\",\n        \"endDate\": \"2019-04-12\",\n        \"company\": \"Pivotal\",\n        \"companyUrl\": \"https://pivotal.io/\",\n        \"shortDescription\": \"Applications Focused Platform Architect specialising in cloud native development.\",\n        \"createdAt\": \"2020-02-24T06:44:51.218Z\",\n        \"updatedAt\": \"2021-02-26T22:37:22.370Z\",\n        \"__v\": 0,\n        \"companyImage\": {\n          \"_id\": \"5f6618165ee4c9001d2b969a\",\n          \"name\": \"pivotal (1).png\",\n          \"alternativeText\": \"\",\n          \"caption\": \"\",\n          \"hash\": \"pivotal_1_06ffe33158\",\n          \"ext\": \".png\",\n          \"mime\": \"image/jpeg\",\n          \"size\": 1.9,\n          \"width\": 200,\n          \"height\": 200,\n          \"url\": \"/uploads/pivotal_1_06ffe33158.png\",\n          \"formats\": {\n            \"thumbnail\": {\n              \"name\": \"thumbnail_pivotal (1).png\",\n              \"hash\": \"thumbnail_pivotal_1_06ffe33158\",\n              \"ext\": \".png\",\n              \"mime\": \"image/jpeg\",\n              \"width\": 156,\n              \"height\": 156,\n              \"size\": 1.52,\n              \"path\": null,\n              \"url\": \"/uploads/thumbnail_pivotal_1_06ffe33158.png\"\n            }\n          },\n          \"provider\": \"local\",\n          \"related\": [\n            \"5e5370e311c196001d06f917\"\n          ],\n          \"createdAt\": \"2020-09-19T14:39:18.005Z\",\n          \"updatedAt\": \"2021-02-08T08:20:54.295Z\",\n          \"__v\": 0,\n          \"created_by\": \"5e4839cd1c2d53001dcc0696\",\n          \"updated_by\": \"5e4839cd1c2d53001dcc0696\",\n          \"id\": \"5f6618165ee4c9001d2b969a\"\n        },\n        \"updated_by\": \"5e4839cd1c2d53001dcc0696\",\n        \"longDescription\": \"Applications focused platform architect, aiding clients to become successful by building cloud-native apps utilizing the Spring ecosystem and platforms like Cloud Foundry and Kubernetes.\\n\\nDuties included:\\n- Delivering Cloud-Native Developer and other workshops to a number of clients which contained topics (not limited to):\\n  - Introduction to Spring Boot\\n  - Reactive programming with Spring Boot and Project Reactor\\n  - Producer driven contracts with Spring Cloud Contract\\n  - Cloud Foundry and BOSH\\n  - The mechanics behind ```cf push``` and the service broker.\\n  - Buildpacks\\n  - Steeltoe\\n\\n- Speaking at the cloud-native meetups and webinars including the most ever subscribed webinar for Pivotal EMEA (at the time): [Securing microservices with Spring and Cloud Foundry](https://www.brighttalk.com/webcast/14883/345709/securing-microservices-with-spring-and-pivotal-cloud-foundry)\\n\\n- Pre-sales pitches to prospective clients outlining the positive outcomes of building cloud-native apps with spring and running them with Cloud Foundry.\",\n        \"location\": \"London\",\n        \"id\": \"5e5370e311c196001d06f917\"\n      },\n      {\n        \"education\": false,\n        \"includeOnResume\": true,\n        \"attachments\": [],\n        \"skills\": [\n          \"5f635b7e5ee4c9001d2b9633\",\n          \"5f635b8b5ee4c9001d2b9634\",\n          \"5f635bf05ee4c9001d2b9637\",\n          \"5f635c0f5ee4c9001d2b9639\",\n          \"5f635c185ee4c9001d2b963a\",\n          \"5f635c1e5ee4c9001d2b963b\",\n          \"5f635c005ee4c9001d2b9638\",\n          \"5f635c2e5ee4c9001d2b963c\",\n          \"5f635c4f5ee4c9001d2b963f\",\n          \"5f635c675ee4c9001d2b9640\",\n          \"5f635c745ee4c9001d2b9641\",\n          \"5f635c845ee4c9001d2b9642\",\n          \"5f635ceb5ee4c9001d2b9647\",\n          \"5f635cf75ee4c9001d2b9648\",\n          \"5f635d045ee4c9001d2b9649\",\n          \"5f635d115ee4c9001d2b964a\",\n          \"5f635d1e5ee4c9001d2b964b\",\n          \"5f635d2c5ee4c9001d2b964c\",\n          \"5f635d425ee4c9001d2b964d\",\n          \"5f635d905ee4c9001d2b9651\",\n          \"5f635db55ee4c9001d2b9654\",\n          \"5f635dde5ee4c9001d2b9658\",\n          \"5f635e235ee4c9001d2b965b\",\n          \"5f635e2c5ee4c9001d2b965c\",\n          \"5f635e935ee4c9001d2b9665\",\n          \"5f635ef05ee4c9001d2b9669\",\n          \"5f635f8f5ee4c9001d2b966c\",\n          \"5f635f995ee4c9001d2b966d\",\n          \"5f635f025ee4c9001d2b966b\",\n          \"5f63608d5ee4c9001d2b966e\",\n          \"602234ba9dc383001e945dd6\",\n          \"5f635b555ee4c9001d2b9631\",\n          \"5f635b6a5ee4c9001d2b9632\",\n          \"5f635ca45ee4c9001d2b9643\",\n          \"5f635eae5ee4c9001d2b9667\",\n          \"5f635ef75ee4c9001d2b966a\",\n          \"5f635c375ee4c9001d2b963d\",\n          \"5f635e625ee4c9001d2b9660\",\n          \"5f635dd35ee4c9001d2b9657\",\n          \"5f635bb85ee4c9001d2b9635\",\n          \"60291c5d9dc383001e945de2\"\n        ],\n        \"_id\": \"5eedd4803c8d74001e4497f5\",\n        \"startDate\": \"2020-05-04\",\n        \"company\": \"Y-Tree\",\n        \"companyUrl\": \"https://y-tree.com/\",\n        \"title\": \"Senior Developer\",\n        \"createdAt\": \"2020-06-20T09:18:56.102Z\",\n        \"updatedAt\": \"2021-02-26T22:39:33.470Z\",\n        \"__v\": 0,\n        \"companyImage\": {\n          \"_id\": \"5eedd46e3c8d74001e4497f4\",\n          \"name\": \"YTree\",\n          \"alternativeText\": \"\",\n          \"caption\": \"\",\n          \"hash\": \"YT_ree_50b80993fc\",\n          \"ext\": \".png\",\n          \"mime\": \"image/png\",\n          \"size\": 6.33,\n          \"width\": 200,\n          \"height\": 200,\n          \"url\": \"/uploads/YT_ree_50b80993fc.png\",\n          \"formats\": {\n            \"thumbnail\": {\n              \"hash\": \"thumbnail_YT_ree_50b80993fc\",\n              \"ext\": \".png\",\n              \"mime\": \"image/png\",\n              \"width\": 156,\n              \"height\": 156,\n              \"size\": 10.07,\n              \"path\": null,\n              \"url\": \"/uploads/thumbnail_YT_ree_50b80993fc.png\"\n            }\n          },\n          \"provider\": \"local\",\n          \"related\": [\n            \"5eedd4803c8d74001e4497f5\"\n          ],\n          \"createdAt\": \"2020-06-20T09:18:38.337Z\",\n          \"updatedAt\": \"2020-06-20T09:18:56.106Z\",\n          \"__v\": 0,\n          \"id\": \"5eedd46e3c8d74001e4497f4\"\n        },\n        \"shortDescription\": \"Lead Developer of exciting fin-tech platform composed of event-driven and restful microservices.\",\n        \"updated_by\": \"5e4839cd1c2d53001dcc0696\",\n        \"longDescription\": \"Lead Developer of exciting fin-tech platform composed of event-driven and restful microservices.\\n\\nHeavily involved in transforming a monolithic application into a suite of fault-tolerant event-driven and restful microservices written with Kotlin and Spring Boot. \\n\\nLead a cloud-native transformation by improving the path to production of services by introducing a number of tools and technologies to aide with continuous delivery of features:\\n\\n-  Cucumber for integration testing\\n-  Pact for contract testing (consumer-driven contracts for both synchronous (HTTP) and event-driven (Kafka) communication)\\n-  Test Containers for component testing\\n-  Use of Spring Cloud Kubernetes and Spring Cloud vault for environment-specific configuration (as per the [12-factor app](https://12factor.net/))\\n- Jenkin X pipelines to build and deploy helm charts for each service and environment.\\n- Keycloak for identity management.\\n- Rolling updates of k8s deployments for no-outage releases.\\n\\nAlso contributed to the YTree technical blog sharing knowledge amongst the team in the form of both written blogs and recorded videos. \\n\\n\\n\\n\\n\\n\",\n        \"location\": \"London\",\n        \"id\": \"5eedd4803c8d74001e4497f5\"\n      }\n    ],\n    \"blogs\": [\n      {\n        \"published\": true,\n        \"tags\": [\n          \"5f04154f9d8081001fd38fbb\",\n          \"5feed20367bdd6001e9c12cc\",\n          \"5feed20e67bdd6001e9c12cd\",\n          \"5f0390329d8081001fd38fa9\"\n        ],\n        \"skills\": [\n          \"5f63608d5ee4c9001d2b966e\",\n          \"5f635d905ee4c9001d2b9651\",\n          \"5f635b3f5ee4c9001d2b962f\",\n          \"5f635b495ee4c9001d2b9630\",\n          \"5f635b6a5ee4c9001d2b9632\",\n          \"5f635dd35ee4c9001d2b9657\"\n        ],\n        \"_id\": \"5feed01b67bdd6001e9c12c8\",\n        \"title\": \"Component Testing Spring Apps using Test Containers\",\n        \"shortDescription\": \"In this post we will look at how we can use test containers to perform component tests for Spring Boot applications.\",\n        \"createdAt\": \"2021-01-01T07:32:43.596Z\",\n        \"updatedAt\": \"2021-02-26T22:37:14.981Z\",\n        \"__v\": 0,\n        \"created_by\": \"5e4839cd1c2d53001dcc0696\",\n        \"image\": {\n          \"_id\": \"5feed11f67bdd6001e9c12ca\",\n          \"name\": \"testcontainers.png\",\n          \"alternativeText\": \"\",\n          \"caption\": \"\",\n          \"hash\": \"testcontainers_2f37d400f4\",\n          \"ext\": \".png\",\n          \"mime\": \"image/png\",\n          \"size\": 42,\n          \"width\": 1024,\n          \"height\": 512,\n          \"url\": \"/uploads/testcontainers_2f37d400f4.png\",\n          \"formats\": {\n            \"thumbnail\": {\n              \"name\": \"thumbnail_testcontainers.png\",\n              \"hash\": \"thumbnail_testcontainers_2f37d400f4\",\n              \"ext\": \".png\",\n              \"mime\": \"image/png\",\n              \"width\": 245,\n              \"height\": 122,\n              \"size\": 10.52,\n              \"path\": null,\n              \"url\": \"/uploads/thumbnail_testcontainers_2f37d400f4.png\"\n            },\n            \"large\": {\n              \"name\": \"large_testcontainers.png\",\n              \"hash\": \"large_testcontainers_2f37d400f4\",\n              \"ext\": \".png\",\n              \"mime\": \"image/png\",\n              \"width\": 1000,\n              \"height\": 500,\n              \"size\": 63.76,\n              \"path\": null,\n              \"url\": \"/uploads/large_testcontainers_2f37d400f4.png\"\n            },\n            \"medium\": {\n              \"name\": \"medium_testcontainers.png\",\n              \"hash\": \"medium_testcontainers_2f37d400f4\",\n              \"ext\": \".png\",\n              \"mime\": \"image/png\",\n              \"width\": 750,\n              \"height\": 375,\n              \"size\": 41.92,\n              \"path\": null,\n              \"url\": \"/uploads/medium_testcontainers_2f37d400f4.png\"\n            },\n            \"small\": {\n              \"name\": \"small_testcontainers.png\",\n              \"hash\": \"small_testcontainers_2f37d400f4\",\n              \"ext\": \".png\",\n              \"mime\": \"image/png\",\n              \"width\": 500,\n              \"height\": 250,\n              \"size\": 24.53,\n              \"path\": null,\n              \"url\": \"/uploads/small_testcontainers_2f37d400f4.png\"\n            }\n          },\n          \"provider\": \"local\",\n          \"related\": [\n            \"5feed01b67bdd6001e9c12c8\"\n          ],\n          \"createdAt\": \"2021-01-01T07:37:03.807Z\",\n          \"updatedAt\": \"2021-01-01T07:37:21.880Z\",\n          \"__v\": 0,\n          \"created_by\": \"5e4839cd1c2d53001dcc0696\",\n          \"updated_by\": \"5e4839cd1c2d53001dcc0696\",\n          \"id\": \"5feed11f67bdd6001e9c12ca\"\n        },\n        \"updated_by\": \"5e4839cd1c2d53001dcc0696\",\n        \"content\": \"If we look at the test pyramid, below the first dotted lines are the kinds of tests that provide developers the fastest possible feedback on whether their software does what they expect it to do. \\n\\n![test pyramid.png](/uploads/test_pyramid_20a291f0ee.png)\\n\\nUnit tests can be used to test individual classes, and can use mocks (using libraries like mockito, mockk or easy mock) to mock dependencies. But what about when we need to test whether our application can read and write from a database in the expected manner, or produce and consume from some messaging middleware like kafka or rabbitmq ? \\n\\n[Test Containers](https://www.testcontainers.org/) is a fantastic library where you can spin up docker containers  where you can run these kinds of tests. It has fantastic built in support for all sorts of technologies from nosql to rdbc datastores, kafka, in memory data grids like redis and so forth.  It has fantastic integration with JUnit5 and also Spring Boot.\\n\\nHere is an example of how we can write a simple component test to test an applications data access layer (DAO) where we are using postgres as the data store:\\n```java\\n@DataJpaTest\\n@ContextConfiguration(initializers = {SampleRepositoryComponentTest.Initializer.class})\\npublic class SampleRepositoryComponentTest {\\n\\n    @Autowired\\n    private SampleRepository sampleRepository;\\n\\n    @ClassRule\\n    public static PostgreSQLContainer postgreSQLContainer = new PostgreSQLContainer(\\\"postgres:11.1\\\")\\n      .withDatabaseName(\\\"test\\\")\\n      .withUsername(\\\"user\\\")\\n      .withPassword(\\\"password\\\");\\n\\n    static class Initializer\\n      implements ApplicationContextInitializer<ConfigurableApplicationContext> {\\n        public void initialize(ConfigurableApplicationContext configurableApplicationContext) {\\n            TestPropertyValues.of(\\n              \\\"spring.datasource.url=\\\" + postgreSQLContainer.getJdbcUrl(),\\n              \\\"spring.datasource.username=\\\" + postgreSQLContainer.getUsername(),\\n              \\\"spring.datasource.password=\\\" + postgreSQLContainer.getPassword()\\n            ).applyTo(configurableApplicationContext.getEnvironment());\\n        }\\n    }\\n\\n   @Test\\n   public void testInsertSampleRecords() {\\n      .....\\n   }\\n}\\n```\\n\\nPretty neat right ? We can create a @ClassRule to define what kind of test container we want, and then use a static class to provide the spring context with the appropriate properties so that it can create the Datasource and run the tests. \\n\\nIf we have a number of other repositories that need similar tests, we could easily start to see a lot of duplicated code creep in, as well as the fact that this container will only stay alive for the duration that tests on this class are being executed. If we had a number of other @DataJpaTest's as well as other integration tests, this overhead of spinning up and destroying containers could have a negative impact on the feedback cycle back to the developer.\\n\\nI have created my own library called component-test, that allows some simple annotations to be used when working with Spring Boot tests and test containers. You can check out the github repo [here](https://github.com/simonjamesrowe/component-test), and if you want to use this library you can simply include my nexus repository ```https://nexus-jx.simonjamesrowe.com/repository/maven-group/``` and include the test dependency ```testImplementation(\\\"com.simonjamesrowe:component-test:0.0.5\\\")```.\\n\\nIf we were to write a similar test to the one above using the component-test library it would look something like this:\\n```java\\n@ExtendWith(TestContainersExtension.class)\\n@WithPostgresContainer\\n@DataJpaTest\\npublic class SampleRepositoryComponentTest {\\n\\n  @Autowired\\n  private SampleRepository sampleRepository;\\n\\n   @Test\\n   public void testInsertSampleRecords() {\\n      .....\\n   }\\n}\\n```\\n\\nMost of the work here is done in the ```TestContainersExtension``` class, which looks at any annotation on the test class that extends ```@TestContainer``` annotation and co-ordinates the initialisation of the containers before the spring test context is started, and provides the test context with the relevant properties. At the time of this writing my projects caused me to support a number of containers (that all extend the ```@TestContainer``` annotation):\\n-  ```@WithElasticSearchContainer```\\n-  ```@WithMongoDbContainer```\\n-  ```@WithRedisContainer```\\n-  ```@WithVaultContainer```\\n\\nThe library also supports use of Embedded Kafka via a customised @EmbeddedKafka annotation. An example of how to use this is here:\\n\\n```java\\n@WithEmbeddedKafka\\n@DirtiesContext(classMode = DirtiesContext.ClassMode.BEFORE_CLASS)\\n@Import({TestKafkaListener.class, KafkaAutoConfiguration.class})\\npublic class EmbeddedKafkaTest extends BaseComponentTest {\\n\\n  @Autowired\\n  private KafkaTemplate kafkaTemplate;\\n\\n  @Autowired\\n  private TestKafkaListener testKafkaListener;\\n\\n  @Test\\n  public void testKafkaContainer() throws Exception {\\n    kafkaTemplate.send(\\\"test\\\", \\\"key\\\", \\\"Hello World\\\");\\n\\n    Failsafe.with(new RetryPolicy().withMaxRetries(5).withBackoff(1, 10, ChronoUnit.SECONDS))\\n        .get(() -> assertThat(testKafkaListener.getData()).isEqualTo(\\\"Hello World\\\")\\n        );\\n  }\\n}\\n\\n@Service\\n@Lazy\\nclass TestKafkaListener {\\n\\n  private String data;\\n\\n  public String getData() {\\n    return data;\\n  }\\n\\n  @KafkaListener(topics = \\\"test\\\", groupId = \\\"test\\\")\\n  public void listen(@Payload String messagePayload) {\\n    data = messagePayload;\\n  }\\n\\n}\\n```\\n\\nLast but not least, this library also includes support for wiremock. Simple add a json file containing these contents in the ```src/main/resources/META-INF/mappings``` directory: \\n```json\\n{\\n  \\\"request\\\": {\\n    \\\"method\\\": \\\"GET\\\",\\n    \\\"url\\\": \\\"/test\\\"\\n  },\\n  \\\"response\\\": {\\n    \\\"status\\\": 200,\\n    \\\"jsonBody\\\":  {\\n      \\\"hello\\\" : \\\"world\\\"\\n    },\\n    \\\"headers\\\": {\\n      \\\"Content-Type\\\": \\\"application/json\\\"\\n    }\\n  }\\n}\\n```\\n\\nAnd we can write a test that looks like this:\\n```java\\npublic class WiremockBootstrapContextTest extends BaseComponentTest {\\n\\n    @Value(\\\"http://localhost:${wiremock.server.port}/test\\\")\\n    private String testEndpoint;\\n\\n    @Test\\n    public void testCanAccessWiremockServer() {\\n        RestTemplate restTemplate = new RestTemplate();\\n        Map<String,String> helloWorld = restTemplate.getForObject(testEndpoint, Map.class);\\n        assertThat(helloWorld).containsEntry(\\\"hello\\\", \\\"world\\\");\\n    }\\n\\n}\\n```\\nThis is extremely useful if the service that we are performing component tests for is consuming some 3rd party api's via http(s). \",\n        \"id\": \"5feed01b67bdd6001e9c12c8\"\n      }\n    ],\n    \"id\": \"5f63608d5ee4c9001d2b966e\"\n  },\n  {\n    \"includeOnResume\": false,\n    \"_id\": \"5f6360965ee4c9001d2b966f\",\n    \"name\": \"JMeter\",\n    \"rating\": 7,\n    \"createdAt\": \"2020-09-17T13:11:50.327Z\",\n    \"updatedAt\": \"2020-09-30T06:23:16.618Z\",\n    \"__v\": 0,\n    \"created_by\": {\n      \"_id\": \"5e4839cd1c2d53001dcc0696\",\n      \"username\": \"simon.rowe@gmail.com\",\n      \"createdAt\": \"2020-02-15T18:34:53.155Z\",\n      \"updatedAt\": \"2020-09-17T07:45:13.526Z\",\n      \"__v\": 0,\n      \"id\": \"5e4839cd1c2d53001dcc0696\"\n    },\n    \"updated_by\": {\n      \"_id\": \"5e4839cd1c2d53001dcc0696\",\n      \"username\": \"simon.rowe@gmail.com\",\n      \"createdAt\": \"2020-02-15T18:34:53.155Z\",\n      \"updatedAt\": \"2020-09-17T07:45:13.526Z\",\n      \"__v\": 0,\n      \"id\": \"5e4839cd1c2d53001dcc0696\"\n    },\n    \"image\": {\n      \"_id\": \"5f689c4276320d001e515e9a\",\n      \"name\": \"jmeter.png\",\n      \"alternativeText\": \"\",\n      \"caption\": \"\",\n      \"hash\": \"jmeter_e72a0cd92c\",\n      \"ext\": \".png\",\n      \"mime\": \"image/png\",\n      \"size\": 13.11,\n      \"width\": 600,\n      \"height\": 300,\n      \"url\": \"/uploads/jmeter_e72a0cd92c.png\",\n      \"formats\": {\n        \"thumbnail\": {\n          \"name\": \"thumbnail_jmeter.png\",\n          \"hash\": \"thumbnail_jmeter_e72a0cd92c\",\n          \"ext\": \".png\",\n          \"mime\": \"image/png\",\n          \"width\": 245,\n          \"height\": 123,\n          \"size\": 10.26,\n          \"path\": null,\n          \"url\": \"/uploads/thumbnail_jmeter_e72a0cd92c.png\"\n        },\n        \"small\": {\n          \"name\": \"small_jmeter.png\",\n          \"hash\": \"small_jmeter_e72a0cd92c\",\n          \"ext\": \".png\",\n          \"mime\": \"image/png\",\n          \"width\": 500,\n          \"height\": 250,\n          \"size\": 24.6,\n          \"path\": null,\n          \"url\": \"/uploads/small_jmeter_e72a0cd92c.png\"\n        }\n      },\n      \"provider\": \"local\",\n      \"related\": [\n        \"5f6360965ee4c9001d2b966f\"\n      ],\n      \"createdAt\": \"2020-09-21T12:27:46.622Z\",\n      \"updatedAt\": \"2020-09-21T12:27:49.940Z\",\n      \"__v\": 0,\n      \"created_by\": \"5e4839cd1c2d53001dcc0696\",\n      \"updated_by\": \"5e4839cd1c2d53001dcc0696\",\n      \"id\": \"5f689c4276320d001e515e9a\"\n    },\n    \"description\": \"Apache JMeter is an Apache project that can be used as a load testing tool for analyzing and measuring the performance of a variety of services, with a focus on web applications\",\n    \"jobs\": [],\n    \"blogs\": [],\n    \"id\": \"5f6360965ee4c9001d2b966f\"\n  },\n  {\n    \"includeOnResume\": false,\n    \"_id\": \"602234ba9dc383001e945dd6\",\n    \"name\": \"Keycloak\",\n    \"rating\": 7.5,\n    \"description\": \"Open Source Identity and Access Management.\\n\\nUsers authenticate with Keycloak rather than individual applications. This means that your applications don't have to deal with login forms, authenticating users, and storing users. Once logged-in to Keycloak, users don't have to login again to access a different application\\n\\nKeycloak is based on standard protocols and provides support for OpenID Connect, OAuth 2.0, and SAML.\\n\\nEnabling login with social networks is easy to add through the admin console. It's just a matter of selecting the social network you want to add. No code or changes to your application is required.\\n\\nKeycloak has built-in support to connect to existing LDAP or Active Directory servers. You can also implement your own provider if you have users in other stores, such as a relational database.\",\n    \"createdAt\": \"2021-02-09T07:07:38.509Z\",\n    \"updatedAt\": \"2021-02-09T07:07:38.583Z\",\n    \"__v\": 0,\n    \"created_by\": {\n      \"_id\": \"5e4839cd1c2d53001dcc0696\",\n      \"username\": \"simon.rowe@gmail.com\",\n      \"createdAt\": \"2020-02-15T18:34:53.155Z\",\n      \"updatedAt\": \"2020-09-17T07:45:13.526Z\",\n      \"__v\": 0,\n      \"id\": \"5e4839cd1c2d53001dcc0696\"\n    },\n    \"image\": {\n      \"_id\": \"602234af9dc383001e945dd5\",\n      \"name\": \"keycloak.png\",\n      \"alternativeText\": \"\",\n      \"caption\": \"\",\n      \"hash\": \"keycloak_c219c87236\",\n      \"ext\": \".png\",\n      \"mime\": \"image/png\",\n      \"size\": 15.49,\n      \"width\": 400,\n      \"height\": 400,\n      \"url\": \"/uploads/keycloak_c219c87236.png\",\n      \"formats\": {\n        \"thumbnail\": {\n          \"name\": \"thumbnail_keycloak.png\",\n          \"hash\": \"thumbnail_keycloak_c219c87236\",\n          \"ext\": \".png\",\n          \"mime\": \"image/png\",\n          \"width\": 156,\n          \"height\": 156,\n          \"size\": 12.85,\n          \"path\": null,\n          \"url\": \"/uploads/thumbnail_keycloak_c219c87236.png\"\n        }\n      },\n      \"provider\": \"local\",\n      \"related\": [\n        \"602234ba9dc383001e945dd6\"\n      ],\n      \"createdAt\": \"2021-02-09T07:07:27.098Z\",\n      \"updatedAt\": \"2021-02-09T07:07:38.521Z\",\n      \"__v\": 0,\n      \"created_by\": \"5e4839cd1c2d53001dcc0696\",\n      \"updated_by\": \"5e4839cd1c2d53001dcc0696\",\n      \"id\": \"602234af9dc383001e945dd5\"\n    },\n    \"updated_by\": {\n      \"_id\": \"5e4839cd1c2d53001dcc0696\",\n      \"username\": \"simon.rowe@gmail.com\",\n      \"createdAt\": \"2020-02-15T18:34:53.155Z\",\n      \"updatedAt\": \"2020-09-17T07:45:13.526Z\",\n      \"__v\": 0,\n      \"id\": \"5e4839cd1c2d53001dcc0696\"\n    },\n    \"jobs\": [\n      {\n        \"education\": false,\n        \"includeOnResume\": true,\n        \"attachments\": [],\n        \"skills\": [\n          \"5f635b7e5ee4c9001d2b9633\",\n          \"5f635b8b5ee4c9001d2b9634\",\n          \"5f635c0f5ee4c9001d2b9639\",\n          \"5f635c1e5ee4c9001d2b963b\",\n          \"5f635c2e5ee4c9001d2b963c\",\n          \"5f635c745ee4c9001d2b9641\",\n          \"5f635c845ee4c9001d2b9642\",\n          \"5f635d1e5ee4c9001d2b964b\",\n          \"5f635d2c5ee4c9001d2b964c\",\n          \"5f635d905ee4c9001d2b9651\",\n          \"5f635db55ee4c9001d2b9654\",\n          \"5f635e365ee4c9001d2b965d\",\n          \"5f635e235ee4c9001d2b965b\",\n          \"5f635e2c5ee4c9001d2b965c\",\n          \"5f635e405ee4c9001d2b965e\",\n          \"5f635e935ee4c9001d2b9665\",\n          \"5f635f025ee4c9001d2b966b\",\n          \"5f635c185ee4c9001d2b963a\",\n          \"5f635ceb5ee4c9001d2b9647\",\n          \"5f635cf75ee4c9001d2b9648\",\n          \"5f635d045ee4c9001d2b9649\",\n          \"5f635d115ee4c9001d2b964a\",\n          \"5f63608d5ee4c9001d2b966e\",\n          \"602234ba9dc383001e945dd6\",\n          \"5f635b495ee4c9001d2b9630\",\n          \"5f635b555ee4c9001d2b9631\",\n          \"5f635b6a5ee4c9001d2b9632\",\n          \"5f635ca45ee4c9001d2b9643\",\n          \"5f635eae5ee4c9001d2b9667\",\n          \"5f635ef75ee4c9001d2b966a\",\n          \"5f635e625ee4c9001d2b9660\",\n          \"5f635dd35ee4c9001d2b9657\",\n          \"5f635bb85ee4c9001d2b9635\"\n        ],\n        \"_id\": \"5e53704f11c196001d06f914\",\n        \"title\": \"Software Engineering Lead\",\n        \"startDate\": \"2019-04-15\",\n        \"company\": \"Upp Technologies\",\n        \"companyUrl\": \"https://upp.ai\",\n        \"shortDescription\": \"Hands-on lead engineer in a small cross-functional team.\\n\",\n        \"createdAt\": \"2020-02-24T06:42:23.147Z\",\n        \"updatedAt\": \"2021-02-26T22:37:22.370Z\",\n        \"__v\": 0,\n        \"endDate\": \"2020-05-01\",\n        \"companyImage\": {\n          \"_id\": \"6020f0499dc383001e945dd3\",\n          \"name\": \"upp.png\",\n          \"alternativeText\": \"\",\n          \"caption\": \"\",\n          \"hash\": \"upp_4780c5270b\",\n          \"ext\": \".png\",\n          \"mime\": \"image/png\",\n          \"size\": 2.21,\n          \"width\": 141,\n          \"height\": 106,\n          \"url\": \"/uploads/upp_4780c5270b.png\",\n          \"provider\": \"local\",\n          \"related\": [\n            \"5e53704f11c196001d06f914\"\n          ],\n          \"createdAt\": \"2021-02-08T08:03:21.134Z\",\n          \"updatedAt\": \"2021-02-08T08:03:37.545Z\",\n          \"__v\": 0,\n          \"created_by\": \"5e4839cd1c2d53001dcc0696\",\n          \"updated_by\": \"5e4839cd1c2d53001dcc0696\",\n          \"id\": \"6020f0499dc383001e945dd3\"\n        },\n        \"updated_by\": \"5e4839cd1c2d53001dcc0696\",\n        \"longDescription\": \"Lead Engineer working on all verticals (front end, backend, ops) of the Upp Intelligent Platform. Lead a small cross-functional team of 5 to deliver an event-driven, microservices architecture compromising of the following modules:\\n\\n* Onboarding - data ingestion from 3rd party product providers such as Magento, Shopify and others in conjunction with IPaas (Integration Platform as a Service) This module also consisted of a proprietary data mapping solution.\\n* Products - enrichment, bulk operations and search functionality (using an inverted index).\\n* Margin Hub - a suite of microservices integrating numerous different data points to report on product profitability and suggest intelligent actions to optimise margin.\\n\\n\\nIn addition to leading feature development, my role also comprised of promoting best practises amongst other agile teams including but not limited to:\\n\\n* Creating a customized version of spring initializr that generated skeleton services with all required libraries, Jenkins pipeline definitions, Kubernetes manifest files etc so developers could concentrate on delivering business logic and not plumbing;\\n* Spring Boot starter library for event sourcing\\n* Component testing using test containers\\n* Service - Service authentication using OIDC client credentials with keycloak.\",\n        \"location\": \"London\",\n        \"id\": \"5e53704f11c196001d06f914\"\n      },\n      {\n        \"education\": false,\n        \"includeOnResume\": true,\n        \"attachments\": [],\n        \"skills\": [\n          \"5f635b7e5ee4c9001d2b9633\",\n          \"5f635b8b5ee4c9001d2b9634\",\n          \"5f635bf05ee4c9001d2b9637\",\n          \"5f635c0f5ee4c9001d2b9639\",\n          \"5f635c185ee4c9001d2b963a\",\n          \"5f635c1e5ee4c9001d2b963b\",\n          \"5f635c005ee4c9001d2b9638\",\n          \"5f635c2e5ee4c9001d2b963c\",\n          \"5f635c4f5ee4c9001d2b963f\",\n          \"5f635c675ee4c9001d2b9640\",\n          \"5f635c745ee4c9001d2b9641\",\n          \"5f635c845ee4c9001d2b9642\",\n          \"5f635ceb5ee4c9001d2b9647\",\n          \"5f635cf75ee4c9001d2b9648\",\n          \"5f635d045ee4c9001d2b9649\",\n          \"5f635d115ee4c9001d2b964a\",\n          \"5f635d1e5ee4c9001d2b964b\",\n          \"5f635d2c5ee4c9001d2b964c\",\n          \"5f635d425ee4c9001d2b964d\",\n          \"5f635d905ee4c9001d2b9651\",\n          \"5f635db55ee4c9001d2b9654\",\n          \"5f635dde5ee4c9001d2b9658\",\n          \"5f635e235ee4c9001d2b965b\",\n          \"5f635e2c5ee4c9001d2b965c\",\n          \"5f635e935ee4c9001d2b9665\",\n          \"5f635ef05ee4c9001d2b9669\",\n          \"5f635f8f5ee4c9001d2b966c\",\n          \"5f635f995ee4c9001d2b966d\",\n          \"5f635f025ee4c9001d2b966b\",\n          \"5f63608d5ee4c9001d2b966e\",\n          \"602234ba9dc383001e945dd6\",\n          \"5f635b555ee4c9001d2b9631\",\n          \"5f635b6a5ee4c9001d2b9632\",\n          \"5f635ca45ee4c9001d2b9643\",\n          \"5f635eae5ee4c9001d2b9667\",\n          \"5f635ef75ee4c9001d2b966a\",\n          \"5f635c375ee4c9001d2b963d\",\n          \"5f635e625ee4c9001d2b9660\",\n          \"5f635dd35ee4c9001d2b9657\",\n          \"5f635bb85ee4c9001d2b9635\",\n          \"60291c5d9dc383001e945de2\"\n        ],\n        \"_id\": \"5eedd4803c8d74001e4497f5\",\n        \"startDate\": \"2020-05-04\",\n        \"company\": \"Y-Tree\",\n        \"companyUrl\": \"https://y-tree.com/\",\n        \"title\": \"Senior Developer\",\n        \"createdAt\": \"2020-06-20T09:18:56.102Z\",\n        \"updatedAt\": \"2021-02-26T22:39:33.470Z\",\n        \"__v\": 0,\n        \"companyImage\": {\n          \"_id\": \"5eedd46e3c8d74001e4497f4\",\n          \"name\": \"YTree\",\n          \"alternativeText\": \"\",\n          \"caption\": \"\",\n          \"hash\": \"YT_ree_50b80993fc\",\n          \"ext\": \".png\",\n          \"mime\": \"image/png\",\n          \"size\": 6.33,\n          \"width\": 200,\n          \"height\": 200,\n          \"url\": \"/uploads/YT_ree_50b80993fc.png\",\n          \"formats\": {\n            \"thumbnail\": {\n              \"hash\": \"thumbnail_YT_ree_50b80993fc\",\n              \"ext\": \".png\",\n              \"mime\": \"image/png\",\n              \"width\": 156,\n              \"height\": 156,\n              \"size\": 10.07,\n              \"path\": null,\n              \"url\": \"/uploads/thumbnail_YT_ree_50b80993fc.png\"\n            }\n          },\n          \"provider\": \"local\",\n          \"related\": [\n            \"5eedd4803c8d74001e4497f5\"\n          ],\n          \"createdAt\": \"2020-06-20T09:18:38.337Z\",\n          \"updatedAt\": \"2020-06-20T09:18:56.106Z\",\n          \"__v\": 0,\n          \"id\": \"5eedd46e3c8d74001e4497f4\"\n        },\n        \"shortDescription\": \"Lead Developer of exciting fin-tech platform composed of event-driven and restful microservices.\",\n        \"updated_by\": \"5e4839cd1c2d53001dcc0696\",\n        \"longDescription\": \"Lead Developer of exciting fin-tech platform composed of event-driven and restful microservices.\\n\\nHeavily involved in transforming a monolithic application into a suite of fault-tolerant event-driven and restful microservices written with Kotlin and Spring Boot. \\n\\nLead a cloud-native transformation by improving the path to production of services by introducing a number of tools and technologies to aide with continuous delivery of features:\\n\\n-  Cucumber for integration testing\\n-  Pact for contract testing (consumer-driven contracts for both synchronous (HTTP) and event-driven (Kafka) communication)\\n-  Test Containers for component testing\\n-  Use of Spring Cloud Kubernetes and Spring Cloud vault for environment-specific configuration (as per the [12-factor app](https://12factor.net/))\\n- Jenkin X pipelines to build and deploy helm charts for each service and environment.\\n- Keycloak for identity management.\\n- Rolling updates of k8s deployments for no-outage releases.\\n\\nAlso contributed to the YTree technical blog sharing knowledge amongst the team in the form of both written blogs and recorded videos. \\n\\n\\n\\n\\n\\n\",\n        \"location\": \"London\",\n        \"id\": \"5eedd4803c8d74001e4497f5\"\n      }\n    ],\n    \"blogs\": [],\n    \"id\": \"602234ba9dc383001e945dd6\"\n  },\n  {\n    \"includeOnResume\": false,\n    \"_id\": \"602235769dc383001e945dd9\",\n    \"name\": \"Cloud Foundry UAA\",\n    \"rating\": 7.5,\n    \"description\": \"User Account and Authentication (UAA) is an open-source identity server project under the Cloud Foundry Foundation.\\n\\nUAA provides identity-based security for apps and APIs. It supports open standards for authentication and authorization, including:\\n\\nOAuth\\nOpenID Connect\\nSAML\\nLDAP\\nSCIM\\nThe major features of UAA include:\\n\\nUser Single Sign-On (SSO) using federated identity protocols\\nAPI security with OAuth\\nUser and group management\\nMulti-tenancy support\\nSupport for JWT and opaque as a token format\\nToken revocation\",\n    \"createdAt\": \"2021-02-09T07:10:46.236Z\",\n    \"updatedAt\": \"2021-02-09T07:10:46.255Z\",\n    \"__v\": 0,\n    \"created_by\": {\n      \"_id\": \"5e4839cd1c2d53001dcc0696\",\n      \"username\": \"simon.rowe@gmail.com\",\n      \"createdAt\": \"2020-02-15T18:34:53.155Z\",\n      \"updatedAt\": \"2020-09-17T07:45:13.526Z\",\n      \"__v\": 0,\n      \"id\": \"5e4839cd1c2d53001dcc0696\"\n    },\n    \"image\": {\n      \"_id\": \"602235729dc383001e945dd8\",\n      \"name\": \"UAA.png\",\n      \"alternativeText\": \"\",\n      \"caption\": \"\",\n      \"hash\": \"UAA_312b737d4b\",\n      \"ext\": \".png\",\n      \"mime\": \"image/png\",\n      \"size\": 15.2,\n      \"width\": 280,\n      \"height\": 280,\n      \"url\": \"/uploads/UAA_312b737d4b.png\",\n      \"formats\": {\n        \"thumbnail\": {\n          \"name\": \"thumbnail_UAA.png\",\n          \"hash\": \"thumbnail_UAA_312b737d4b\",\n          \"ext\": \".png\",\n          \"mime\": \"image/png\",\n          \"width\": 156,\n          \"height\": 156,\n          \"size\": 10.72,\n          \"path\": null,\n          \"url\": \"/uploads/thumbnail_UAA_312b737d4b.png\"\n        }\n      },\n      \"provider\": \"local\",\n      \"related\": [\n        \"602235769dc383001e945dd9\"\n      ],\n      \"createdAt\": \"2021-02-09T07:10:42.455Z\",\n      \"updatedAt\": \"2021-02-09T07:10:46.252Z\",\n      \"__v\": 0,\n      \"created_by\": \"5e4839cd1c2d53001dcc0696\",\n      \"updated_by\": \"5e4839cd1c2d53001dcc0696\",\n      \"id\": \"602235729dc383001e945dd8\"\n    },\n    \"updated_by\": {\n      \"_id\": \"5e4839cd1c2d53001dcc0696\",\n      \"username\": \"simon.rowe@gmail.com\",\n      \"createdAt\": \"2020-02-15T18:34:53.155Z\",\n      \"updatedAt\": \"2020-09-17T07:45:13.526Z\",\n      \"__v\": 0,\n      \"id\": \"5e4839cd1c2d53001dcc0696\"\n    },\n    \"jobs\": [\n      {\n        \"education\": false,\n        \"includeOnResume\": true,\n        \"attachments\": [],\n        \"skills\": [\n          \"5f635b3f5ee4c9001d2b962f\",\n          \"5f635b7e5ee4c9001d2b9633\",\n          \"5f635b8b5ee4c9001d2b9634\",\n          \"5f635bcd5ee4c9001d2b9636\",\n          \"5f635bf05ee4c9001d2b9637\",\n          \"5f635c1e5ee4c9001d2b963b\",\n          \"5f635c455ee4c9001d2b963e\",\n          \"5f635c745ee4c9001d2b9641\",\n          \"5f635c845ee4c9001d2b9642\",\n          \"5f635d645ee4c9001d2b964e\",\n          \"5f635d425ee4c9001d2b964d\",\n          \"5f635c185ee4c9001d2b963a\",\n          \"5f635da95ee4c9001d2b9653\",\n          \"5f635e405ee4c9001d2b965e\",\n          \"5f635e365ee4c9001d2b965d\",\n          \"5f635ea45ee4c9001d2b9666\",\n          \"602235769dc383001e945dd9\",\n          \"5f63608d5ee4c9001d2b966e\",\n          \"5f635b495ee4c9001d2b9630\",\n          \"5f635b6a5ee4c9001d2b9632\",\n          \"5f635ca45ee4c9001d2b9643\",\n          \"5f635bb85ee4c9001d2b9635\"\n        ],\n        \"_id\": \"5e5370e311c196001d06f917\",\n        \"title\": \"Senior Platform Architect\",\n        \"startDate\": \"2018-08-01\",\n        \"endDate\": \"2019-04-12\",\n        \"company\": \"Pivotal\",\n        \"companyUrl\": \"https://pivotal.io/\",\n        \"shortDescription\": \"Applications Focused Platform Architect specialising in cloud native development.\",\n        \"createdAt\": \"2020-02-24T06:44:51.218Z\",\n        \"updatedAt\": \"2021-02-26T22:37:22.370Z\",\n        \"__v\": 0,\n        \"companyImage\": {\n          \"_id\": \"5f6618165ee4c9001d2b969a\",\n          \"name\": \"pivotal (1).png\",\n          \"alternativeText\": \"\",\n          \"caption\": \"\",\n          \"hash\": \"pivotal_1_06ffe33158\",\n          \"ext\": \".png\",\n          \"mime\": \"image/jpeg\",\n          \"size\": 1.9,\n          \"width\": 200,\n          \"height\": 200,\n          \"url\": \"/uploads/pivotal_1_06ffe33158.png\",\n          \"formats\": {\n            \"thumbnail\": {\n              \"name\": \"thumbnail_pivotal (1).png\",\n              \"hash\": \"thumbnail_pivotal_1_06ffe33158\",\n              \"ext\": \".png\",\n              \"mime\": \"image/jpeg\",\n              \"width\": 156,\n              \"height\": 156,\n              \"size\": 1.52,\n              \"path\": null,\n              \"url\": \"/uploads/thumbnail_pivotal_1_06ffe33158.png\"\n            }\n          },\n          \"provider\": \"local\",\n          \"related\": [\n            \"5e5370e311c196001d06f917\"\n          ],\n          \"createdAt\": \"2020-09-19T14:39:18.005Z\",\n          \"updatedAt\": \"2021-02-08T08:20:54.295Z\",\n          \"__v\": 0,\n          \"created_by\": \"5e4839cd1c2d53001dcc0696\",\n          \"updated_by\": \"5e4839cd1c2d53001dcc0696\",\n          \"id\": \"5f6618165ee4c9001d2b969a\"\n        },\n        \"updated_by\": \"5e4839cd1c2d53001dcc0696\",\n        \"longDescription\": \"Applications focused platform architect, aiding clients to become successful by building cloud-native apps utilizing the Spring ecosystem and platforms like Cloud Foundry and Kubernetes.\\n\\nDuties included:\\n- Delivering Cloud-Native Developer and other workshops to a number of clients which contained topics (not limited to):\\n  - Introduction to Spring Boot\\n  - Reactive programming with Spring Boot and Project Reactor\\n  - Producer driven contracts with Spring Cloud Contract\\n  - Cloud Foundry and BOSH\\n  - The mechanics behind ```cf push``` and the service broker.\\n  - Buildpacks\\n  - Steeltoe\\n\\n- Speaking at the cloud-native meetups and webinars including the most ever subscribed webinar for Pivotal EMEA (at the time): [Securing microservices with Spring and Cloud Foundry](https://www.brighttalk.com/webcast/14883/345709/securing-microservices-with-spring-and-pivotal-cloud-foundry)\\n\\n- Pre-sales pitches to prospective clients outlining the positive outcomes of building cloud-native apps with spring and running them with Cloud Foundry.\",\n        \"location\": \"London\",\n        \"id\": \"5e5370e311c196001d06f917\"\n      }\n    ],\n    \"blogs\": [],\n    \"id\": \"602235769dc383001e945dd9\"\n  },\n  {\n    \"includeOnResume\": false,\n    \"_id\": \"602236d69dc383001e945ddc\",\n    \"name\": \"Okta\",\n    \"description\": \"Okta features include Provisioning, Single Sign-On (SSO), Active Directory (AD) and LDAP integration, the centralized de-provisioning of users, multifactor authentication (MFA), mobile identity management, and flexible policies for organization security and control.\",\n    \"rating\": 7.5,\n    \"createdAt\": \"2021-02-09T07:16:38.156Z\",\n    \"updatedAt\": \"2021-02-09T07:16:38.173Z\",\n    \"__v\": 0,\n    \"created_by\": {\n      \"_id\": \"5e4839cd1c2d53001dcc0696\",\n      \"username\": \"simon.rowe@gmail.com\",\n      \"createdAt\": \"2020-02-15T18:34:53.155Z\",\n      \"updatedAt\": \"2020-09-17T07:45:13.526Z\",\n      \"__v\": 0,\n      \"id\": \"5e4839cd1c2d53001dcc0696\"\n    },\n    \"image\": {\n      \"_id\": \"602236cf9dc383001e945ddb\",\n      \"name\": \"okta.png\",\n      \"alternativeText\": \"\",\n      \"caption\": \"\",\n      \"hash\": \"okta_f96c08f042\",\n      \"ext\": \".png\",\n      \"mime\": \"image/png\",\n      \"size\": 24.09,\n      \"width\": 300,\n      \"height\": 300,\n      \"url\": \"/uploads/okta_f96c08f042.png\",\n      \"formats\": {\n        \"thumbnail\": {\n          \"name\": \"thumbnail_okta.png\",\n          \"hash\": \"thumbnail_okta_f96c08f042\",\n          \"ext\": \".png\",\n          \"mime\": \"image/png\",\n          \"width\": 156,\n          \"height\": 156,\n          \"size\": 10.98,\n          \"path\": null,\n          \"url\": \"/uploads/thumbnail_okta_f96c08f042.png\"\n        }\n      },\n      \"provider\": \"local\",\n      \"related\": [\n        \"602236d69dc383001e945ddc\"\n      ],\n      \"createdAt\": \"2021-02-09T07:16:31.083Z\",\n      \"updatedAt\": \"2021-02-09T07:16:38.162Z\",\n      \"__v\": 0,\n      \"created_by\": \"5e4839cd1c2d53001dcc0696\",\n      \"updated_by\": \"5e4839cd1c2d53001dcc0696\",\n      \"id\": \"602236cf9dc383001e945ddb\"\n    },\n    \"updated_by\": {\n      \"_id\": \"5e4839cd1c2d53001dcc0696\",\n      \"username\": \"simon.rowe@gmail.com\",\n      \"createdAt\": \"2020-02-15T18:34:53.155Z\",\n      \"updatedAt\": \"2020-09-17T07:45:13.526Z\",\n      \"__v\": 0,\n      \"id\": \"5e4839cd1c2d53001dcc0696\"\n    },\n    \"jobs\": [\n      {\n        \"education\": false,\n        \"includeOnResume\": true,\n        \"attachments\": [],\n        \"skills\": [\n          \"5f635b3f5ee4c9001d2b962f\",\n          \"5f635b8b5ee4c9001d2b9634\",\n          \"5f635c185ee4c9001d2b963a\",\n          \"5f635c2e5ee4c9001d2b963c\",\n          \"5f635c675ee4c9001d2b9640\",\n          \"5f635c745ee4c9001d2b9641\",\n          \"5f635c845ee4c9001d2b9642\",\n          \"5f635cb65ee4c9001d2b9644\",\n          \"5f635cc45ee4c9001d2b9645\",\n          \"5f635cdc5ee4c9001d2b9646\",\n          \"5f635ceb5ee4c9001d2b9647\",\n          \"5f635d045ee4c9001d2b9649\",\n          \"5f635d115ee4c9001d2b964a\",\n          \"5f635d1e5ee4c9001d2b964b\",\n          \"5f635d2c5ee4c9001d2b964c\",\n          \"5f635d425ee4c9001d2b964d\",\n          \"5f635d7e5ee4c9001d2b964f\",\n          \"5f635d875ee4c9001d2b9650\",\n          \"5f635d905ee4c9001d2b9651\",\n          \"5f635d9e5ee4c9001d2b9652\",\n          \"5f635da95ee4c9001d2b9653\",\n          \"5f635dbe5ee4c9001d2b9655\",\n          \"5f635dde5ee4c9001d2b9658\",\n          \"5f635e235ee4c9001d2b965b\",\n          \"5f635e595ee4c9001d2b965f\",\n          \"5f635e755ee4c9001d2b9662\",\n          \"5f635df45ee4c9001d2b965a\",\n          \"5f635de75ee4c9001d2b9659\",\n          \"5f635e7d5ee4c9001d2b9663\",\n          \"5f635e885ee4c9001d2b9664\",\n          \"5f635ea45ee4c9001d2b9666\",\n          \"5f635ee35ee4c9001d2b9668\",\n          \"602236d69dc383001e945ddc\",\n          \"6029446c9dc383001e945de9\",\n          \"5f635b6a5ee4c9001d2b9632\",\n          \"5f635bb85ee4c9001d2b9635\"\n        ],\n        \"_id\": \"5e53713a11c196001d06f91a\",\n        \"title\": \"Senior Director, Java Development\",\n        \"startDate\": \"2011-07-12\",\n        \"createdAt\": \"2020-02-24T06:46:18.484Z\",\n        \"updatedAt\": \"2021-02-26T22:37:22.370Z\",\n        \"__v\": 0,\n        \"company\": \"Universal Music Publishing\",\n        \"companyUrl\": \"https://www.umusicpub.com/\",\n        \"endDate\": \"2018-08-11\",\n        \"shortDescription\": \"Technology leader in cloud native development for business critical applications.\",\n        \"companyImage\": {\n          \"_id\": \"5f6618325ee4c9001d2b969c\",\n          \"name\": \"umpg.png\",\n          \"alternativeText\": \"\",\n          \"caption\": \"\",\n          \"hash\": \"umpg_121becd400\",\n          \"ext\": \".png\",\n          \"mime\": \"image/png\",\n          \"size\": 129.45,\n          \"width\": 400,\n          \"height\": 400,\n          \"url\": \"/uploads/umpg_121becd400.png\",\n          \"formats\": {\n            \"thumbnail\": {\n              \"name\": \"thumbnail_umpg.png\",\n              \"hash\": \"thumbnail_umpg_121becd400\",\n              \"ext\": \".png\",\n              \"mime\": \"image/png\",\n              \"width\": 156,\n              \"height\": 156,\n              \"size\": 31.14,\n              \"path\": null,\n              \"url\": \"/uploads/thumbnail_umpg_121becd400.png\"\n            }\n          },\n          \"provider\": \"local\",\n          \"related\": [\n            \"5e53713a11c196001d06f91a\"\n          ],\n          \"createdAt\": \"2020-09-19T14:39:46.169Z\",\n          \"updatedAt\": \"2021-02-08T08:15:39.296Z\",\n          \"__v\": 0,\n          \"created_by\": \"5e4839cd1c2d53001dcc0696\",\n          \"updated_by\": \"5e4839cd1c2d53001dcc0696\",\n          \"id\": \"5f6618325ee4c9001d2b969c\"\n        },\n        \"updated_by\": \"5e4839cd1c2d53001dcc0696\",\n        \"longDescription\": \"Responsible for architecture and delivery of greenfield internal and public facing business applications. Super scrum master, removing obstacles for four dynamic scrum teams. Frequent commiter.\\n\\nRe-architecture of multiple monoliths with single points of failure to AWS,resulting in scalable, fault tolerant software reducing the operational cost significantly.\\n\\nIntroduced automated testing as a development activity utilising technologies such as cucumber, selenium, docker which allows for far shorter release cycles.\\n\\nDesigned the company's first 'serverless' application at AWS, Utilising ECS Fargate, Lambda, SQS, SNS, ElasticSearch, S3.\",\n        \"location\": \"London\",\n        \"id\": \"5e53713a11c196001d06f91a\"\n      }\n    ],\n    \"blogs\": [],\n    \"id\": \"602236d69dc383001e945ddc\"\n  },\n  {\n    \"includeOnResume\": true,\n    \"_id\": \"60291c5d9dc383001e945de2\",\n    \"name\": \"Pact\",\n    \"rating\": 8,\n    \"description\": \"Pact is a code-first tool for testing HTTP and message integrations using contract tests. Contract tests assert that inter-application messages conform to a shared understanding that is documented in a contract. Without contract testing, the only way to ensure that applications will work correctly together is by using expensive and brittle integration tests.\\n\\nDo you set your house on fire to test your smoke alarm? No, you test the contract it holds with your ears by using the testing button. Pact provides that testing button for your code, allowing you to safely confirm that your applications will work together without having to deploy the world first.\",\n    \"createdAt\": \"2021-02-14T12:49:33.499Z\",\n    \"updatedAt\": \"2021-02-26T22:39:33.473Z\",\n    \"__v\": 0,\n    \"created_by\": {\n      \"_id\": \"5e4839cd1c2d53001dcc0696\",\n      \"username\": \"simon.rowe@gmail.com\",\n      \"createdAt\": \"2020-02-15T18:34:53.155Z\",\n      \"updatedAt\": \"2020-09-17T07:45:13.526Z\",\n      \"__v\": 0,\n      \"id\": \"5e4839cd1c2d53001dcc0696\"\n    },\n    \"image\": {\n      \"_id\": \"60291c279dc383001e945de1\",\n      \"name\": \"pact.jpg\",\n      \"alternativeText\": \"\",\n      \"caption\": \"\",\n      \"hash\": \"pact_1af721fb48\",\n      \"ext\": \".jpg\",\n      \"mime\": \"image/jpeg\",\n      \"size\": 5.19,\n      \"width\": 341,\n      \"height\": 150,\n      \"url\": \"/uploads/pact_1af721fb48.jpg\",\n      \"formats\": {\n        \"thumbnail\": {\n          \"name\": \"thumbnail_pact.jpg\",\n          \"hash\": \"thumbnail_pact_1af721fb48\",\n          \"ext\": \".jpg\",\n          \"mime\": \"image/jpeg\",\n          \"width\": 245,\n          \"height\": 108,\n          \"size\": 3.63,\n          \"path\": null,\n          \"url\": \"/uploads/thumbnail_pact_1af721fb48.jpg\"\n        }\n      },\n      \"provider\": \"local\",\n      \"related\": [\n        \"60291c5d9dc383001e945de2\"\n      ],\n      \"createdAt\": \"2021-02-14T12:48:39.854Z\",\n      \"updatedAt\": \"2021-02-14T12:49:33.505Z\",\n      \"__v\": 0,\n      \"created_by\": \"5e4839cd1c2d53001dcc0696\",\n      \"updated_by\": \"5e4839cd1c2d53001dcc0696\",\n      \"id\": \"60291c279dc383001e945de1\"\n    },\n    \"updated_by\": {\n      \"_id\": \"5e4839cd1c2d53001dcc0696\",\n      \"username\": \"simon.rowe@gmail.com\",\n      \"createdAt\": \"2020-02-15T18:34:53.155Z\",\n      \"updatedAt\": \"2020-09-17T07:45:13.526Z\",\n      \"__v\": 0,\n      \"id\": \"5e4839cd1c2d53001dcc0696\"\n    },\n    \"order\": 11,\n    \"jobs\": [\n      {\n        \"education\": false,\n        \"includeOnResume\": true,\n        \"attachments\": [],\n        \"skills\": [\n          \"5f635b7e5ee4c9001d2b9633\",\n          \"5f635b8b5ee4c9001d2b9634\",\n          \"5f635bf05ee4c9001d2b9637\",\n          \"5f635c0f5ee4c9001d2b9639\",\n          \"5f635c185ee4c9001d2b963a\",\n          \"5f635c1e5ee4c9001d2b963b\",\n          \"5f635c005ee4c9001d2b9638\",\n          \"5f635c2e5ee4c9001d2b963c\",\n          \"5f635c4f5ee4c9001d2b963f\",\n          \"5f635c675ee4c9001d2b9640\",\n          \"5f635c745ee4c9001d2b9641\",\n          \"5f635c845ee4c9001d2b9642\",\n          \"5f635ceb5ee4c9001d2b9647\",\n          \"5f635cf75ee4c9001d2b9648\",\n          \"5f635d045ee4c9001d2b9649\",\n          \"5f635d115ee4c9001d2b964a\",\n          \"5f635d1e5ee4c9001d2b964b\",\n          \"5f635d2c5ee4c9001d2b964c\",\n          \"5f635d425ee4c9001d2b964d\",\n          \"5f635d905ee4c9001d2b9651\",\n          \"5f635db55ee4c9001d2b9654\",\n          \"5f635dde5ee4c9001d2b9658\",\n          \"5f635e235ee4c9001d2b965b\",\n          \"5f635e2c5ee4c9001d2b965c\",\n          \"5f635e935ee4c9001d2b9665\",\n          \"5f635ef05ee4c9001d2b9669\",\n          \"5f635f8f5ee4c9001d2b966c\",\n          \"5f635f995ee4c9001d2b966d\",\n          \"5f635f025ee4c9001d2b966b\",\n          \"5f63608d5ee4c9001d2b966e\",\n          \"602234ba9dc383001e945dd6\",\n          \"5f635b555ee4c9001d2b9631\",\n          \"5f635b6a5ee4c9001d2b9632\",\n          \"5f635ca45ee4c9001d2b9643\",\n          \"5f635eae5ee4c9001d2b9667\",\n          \"5f635ef75ee4c9001d2b966a\",\n          \"5f635c375ee4c9001d2b963d\",\n          \"5f635e625ee4c9001d2b9660\",\n          \"5f635dd35ee4c9001d2b9657\",\n          \"5f635bb85ee4c9001d2b9635\",\n          \"60291c5d9dc383001e945de2\"\n        ],\n        \"_id\": \"5eedd4803c8d74001e4497f5\",\n        \"startDate\": \"2020-05-04\",\n        \"company\": \"Y-Tree\",\n        \"companyUrl\": \"https://y-tree.com/\",\n        \"title\": \"Senior Developer\",\n        \"createdAt\": \"2020-06-20T09:18:56.102Z\",\n        \"updatedAt\": \"2021-02-26T22:39:33.470Z\",\n        \"__v\": 0,\n        \"companyImage\": {\n          \"_id\": \"5eedd46e3c8d74001e4497f4\",\n          \"name\": \"YTree\",\n          \"alternativeText\": \"\",\n          \"caption\": \"\",\n          \"hash\": \"YT_ree_50b80993fc\",\n          \"ext\": \".png\",\n          \"mime\": \"image/png\",\n          \"size\": 6.33,\n          \"width\": 200,\n          \"height\": 200,\n          \"url\": \"/uploads/YT_ree_50b80993fc.png\",\n          \"formats\": {\n            \"thumbnail\": {\n              \"hash\": \"thumbnail_YT_ree_50b80993fc\",\n              \"ext\": \".png\",\n              \"mime\": \"image/png\",\n              \"width\": 156,\n              \"height\": 156,\n              \"size\": 10.07,\n              \"path\": null,\n              \"url\": \"/uploads/thumbnail_YT_ree_50b80993fc.png\"\n            }\n          },\n          \"provider\": \"local\",\n          \"related\": [\n            \"5eedd4803c8d74001e4497f5\"\n          ],\n          \"createdAt\": \"2020-06-20T09:18:38.337Z\",\n          \"updatedAt\": \"2020-06-20T09:18:56.106Z\",\n          \"__v\": 0,\n          \"id\": \"5eedd46e3c8d74001e4497f4\"\n        },\n        \"shortDescription\": \"Lead Developer of exciting fin-tech platform composed of event-driven and restful microservices.\",\n        \"updated_by\": \"5e4839cd1c2d53001dcc0696\",\n        \"longDescription\": \"Lead Developer of exciting fin-tech platform composed of event-driven and restful microservices.\\n\\nHeavily involved in transforming a monolithic application into a suite of fault-tolerant event-driven and restful microservices written with Kotlin and Spring Boot. \\n\\nLead a cloud-native transformation by improving the path to production of services by introducing a number of tools and technologies to aide with continuous delivery of features:\\n\\n-  Cucumber for integration testing\\n-  Pact for contract testing (consumer-driven contracts for both synchronous (HTTP) and event-driven (Kafka) communication)\\n-  Test Containers for component testing\\n-  Use of Spring Cloud Kubernetes and Spring Cloud vault for environment-specific configuration (as per the [12-factor app](https://12factor.net/))\\n- Jenkin X pipelines to build and deploy helm charts for each service and environment.\\n- Keycloak for identity management.\\n- Rolling updates of k8s deployments for no-outage releases.\\n\\nAlso contributed to the YTree technical blog sharing knowledge amongst the team in the form of both written blogs and recorded videos. \\n\\n\\n\\n\\n\\n\",\n        \"location\": \"London\",\n        \"id\": \"5eedd4803c8d74001e4497f5\"\n      }\n    ],\n    \"blogs\": [],\n    \"id\": \"60291c5d9dc383001e945de2\"\n  },\n  {\n    \"includeOnResume\": false,\n    \"_id\": \"602942659dc383001e945de5\",\n    \"name\": \"Ant\",\n    \"rating\": 8,\n    \"description\": \"Apache Ant is a Java library and command-line tool whose mission is to drive processes described in build files as targets and extension points dependent upon each other. The main known usage of Ant is the build of Java applications.\",\n    \"createdAt\": \"2021-02-14T15:31:49.741Z\",\n    \"updatedAt\": \"2021-02-14T15:31:49.764Z\",\n    \"__v\": 0,\n    \"created_by\": {\n      \"_id\": \"5e4839cd1c2d53001dcc0696\",\n      \"username\": \"simon.rowe@gmail.com\",\n      \"createdAt\": \"2020-02-15T18:34:53.155Z\",\n      \"updatedAt\": \"2020-09-17T07:45:13.526Z\",\n      \"__v\": 0,\n      \"id\": \"5e4839cd1c2d53001dcc0696\"\n    },\n    \"image\": {\n      \"_id\": \"602942319dc383001e945de4\",\n      \"name\": \"Apache-Ant-logo.png\",\n      \"alternativeText\": \"\",\n      \"caption\": \"\",\n      \"hash\": \"Apache_Ant_logo_7e6e4d4d7d\",\n      \"ext\": \".png\",\n      \"mime\": \"image/png\",\n      \"size\": 38.01,\n      \"width\": 828,\n      \"height\": 577,\n      \"url\": \"/uploads/Apache_Ant_logo_7e6e4d4d7d.png\",\n      \"formats\": {\n        \"thumbnail\": {\n          \"name\": \"thumbnail_Apache-Ant-logo.png\",\n          \"hash\": \"thumbnail_Apache_Ant_logo_7e6e4d4d7d\",\n          \"ext\": \".png\",\n          \"mime\": \"image/png\",\n          \"width\": 224,\n          \"height\": 156,\n          \"size\": 14.72,\n          \"path\": null,\n          \"url\": \"/uploads/thumbnail_Apache_Ant_logo_7e6e4d4d7d.png\"\n        },\n        \"medium\": {\n          \"name\": \"medium_Apache-Ant-logo.png\",\n          \"hash\": \"medium_Apache_Ant_logo_7e6e4d4d7d\",\n          \"ext\": \".png\",\n          \"mime\": \"image/png\",\n          \"width\": 750,\n          \"height\": 523,\n          \"size\": 67.33,\n          \"path\": null,\n          \"url\": \"/uploads/medium_Apache_Ant_logo_7e6e4d4d7d.png\"\n        },\n        \"small\": {\n          \"name\": \"small_Apache-Ant-logo.png\",\n          \"hash\": \"small_Apache_Ant_logo_7e6e4d4d7d\",\n          \"ext\": \".png\",\n          \"mime\": \"image/png\",\n          \"width\": 500,\n          \"height\": 348,\n          \"size\": 39,\n          \"path\": null,\n          \"url\": \"/uploads/small_Apache_Ant_logo_7e6e4d4d7d.png\"\n        }\n      },\n      \"provider\": \"local\",\n      \"related\": [\n        \"602942659dc383001e945de5\"\n      ],\n      \"createdAt\": \"2021-02-14T15:30:57.417Z\",\n      \"updatedAt\": \"2021-02-14T15:31:49.757Z\",\n      \"__v\": 0,\n      \"created_by\": \"5e4839cd1c2d53001dcc0696\",\n      \"updated_by\": \"5e4839cd1c2d53001dcc0696\",\n      \"id\": \"602942319dc383001e945de4\"\n    },\n    \"updated_by\": {\n      \"_id\": \"5e4839cd1c2d53001dcc0696\",\n      \"username\": \"simon.rowe@gmail.com\",\n      \"createdAt\": \"2020-02-15T18:34:53.155Z\",\n      \"updatedAt\": \"2020-09-17T07:45:13.526Z\",\n      \"__v\": 0,\n      \"id\": \"5e4839cd1c2d53001dcc0696\"\n    },\n    \"jobs\": [\n      {\n        \"education\": false,\n        \"includeOnResume\": true,\n        \"attachments\": [],\n        \"skills\": [\n          \"5f635b3f5ee4c9001d2b962f\",\n          \"5f635c185ee4c9001d2b963a\",\n          \"5f635c845ee4c9001d2b9642\",\n          \"5f635dc55ee4c9001d2b9656\",\n          \"602942659dc383001e945de5\",\n          \"6029446c9dc383001e945de9\",\n          \"5f635bb85ee4c9001d2b9635\"\n        ],\n        \"_id\": \"5e5371ef11c196001d06f91d\",\n        \"title\": \"Senior Applications Developer\",\n        \"startDate\": \"2009-11-01\",\n        \"endDate\": \"2011-05-19\",\n        \"createdAt\": \"2020-02-24T06:49:19.909Z\",\n        \"updatedAt\": \"2021-02-26T22:37:22.370Z\",\n        \"__v\": 0,\n        \"company\": \"Workcover Queensland\",\n        \"companyUrl\": \"https://www.worksafe.qld.gov.au/\",\n        \"shortDescription\": \"Team Leader working on an external-facing self-service portal in addition to migration of internal business-critical Oracle Forms applications to Spring MVC.\",\n        \"companyImage\": {\n          \"_id\": \"5f6618515ee4c9001d2b969e\",\n          \"name\": \"workcover.jpg\",\n          \"alternativeText\": \"\",\n          \"caption\": \"\",\n          \"hash\": \"workcover_15d9bd50bd\",\n          \"ext\": \".jpg\",\n          \"mime\": \"image/jpeg\",\n          \"size\": 24.35,\n          \"width\": 896,\n          \"height\": 530,\n          \"url\": \"/uploads/workcover_15d9bd50bd.jpg\",\n          \"formats\": {\n            \"thumbnail\": {\n              \"name\": \"thumbnail_workcover.jpg\",\n              \"hash\": \"thumbnail_workcover_15d9bd50bd\",\n              \"ext\": \".jpg\",\n              \"mime\": \"image/jpeg\",\n              \"width\": 245,\n              \"height\": 145,\n              \"size\": 5.05,\n              \"path\": null,\n              \"url\": \"/uploads/thumbnail_workcover_15d9bd50bd.jpg\"\n            },\n            \"medium\": {\n              \"name\": \"medium_workcover.jpg\",\n              \"hash\": \"medium_workcover_15d9bd50bd\",\n              \"ext\": \".jpg\",\n              \"mime\": \"image/jpeg\",\n              \"width\": 750,\n              \"height\": 444,\n              \"size\": 19.38,\n              \"path\": null,\n              \"url\": \"/uploads/medium_workcover_15d9bd50bd.jpg\"\n            },\n            \"small\": {\n              \"name\": \"small_workcover.jpg\",\n              \"hash\": \"small_workcover_15d9bd50bd\",\n              \"ext\": \".jpg\",\n              \"mime\": \"image/jpeg\",\n              \"width\": 500,\n              \"height\": 296,\n              \"size\": 11.09,\n              \"path\": null,\n              \"url\": \"/uploads/small_workcover_15d9bd50bd.jpg\"\n            }\n          },\n          \"provider\": \"local\",\n          \"related\": [\n            \"5e5371ef11c196001d06f91d\"\n          ],\n          \"createdAt\": \"2020-09-19T14:40:17.127Z\",\n          \"updatedAt\": \"2020-09-19T14:40:20.116Z\",\n          \"__v\": 0,\n          \"created_by\": \"5e4839cd1c2d53001dcc0696\",\n          \"updated_by\": \"5e4839cd1c2d53001dcc0696\",\n          \"id\": \"5f6618515ee4c9001d2b969e\"\n        },\n        \"updated_by\": \"5e4839cd1c2d53001dcc0696\",\n        \"longDescription\": \"Analysis, Design, Development, Testing & Documentation of enhancements to internal and external facing web applications within an agile environment\\n\\nMentoring of less experienced developers\\n\\nTechnologies used: JEE, JSP, Spring, Ibatis, Tiles, HTML, JQuery, Oracle, Ruby, Cucumber, Watir, PowerMock, EasyMock, TeamCity, Weblogic. SVN, DWR, Jasper Reports, Eclipse, SVN, CVS, Apache FOP, XML, XSLT.\",\n        \"location\": \"Brisbane\",\n        \"id\": \"5e5371ef11c196001d06f91d\"\n      },\n      {\n        \"education\": false,\n        \"includeOnResume\": true,\n        \"attachments\": [],\n        \"skills\": [\n          \"5f635e755ee4c9001d2b9662\",\n          \"5f635e7d5ee4c9001d2b9663\",\n          \"5f635e885ee4c9001d2b9664\",\n          \"5f635dbe5ee4c9001d2b9655\",\n          \"602942659dc383001e945de5\",\n          \"6029446c9dc383001e945de9\",\n          \"5f635bb85ee4c9001d2b9635\"\n        ],\n        \"_id\": \"5e53733b11c196001d06f920\",\n        \"title\": \"Analyst / Programmer\",\n        \"startDate\": \"2008-02-01\",\n        \"endDate\": \"2009-11-01\",\n        \"company\": \"Macquarie Group\",\n        \"companyUrl\": \"https://www.macquarie.com/uk/en.html\",\n        \"shortDescription\": \"Built real-time, batch and web applications using Struts and Spring framework for the Risk Management Group.\\n\\n\",\n        \"createdAt\": \"2020-02-24T06:54:51.222Z\",\n        \"updatedAt\": \"2021-02-26T22:37:22.370Z\",\n        \"__v\": 0,\n        \"companyImage\": {\n          \"_id\": \"5f6618675ee4c9001d2b96a0\",\n          \"name\": \"macquarie.png\",\n          \"alternativeText\": \"\",\n          \"caption\": \"\",\n          \"hash\": \"macquarie_5a3682b3db\",\n          \"ext\": \".png\",\n          \"mime\": \"image/png\",\n          \"size\": 11.24,\n          \"width\": 264,\n          \"height\": 229,\n          \"url\": \"/uploads/macquarie_5a3682b3db.png\",\n          \"formats\": {\n            \"thumbnail\": {\n              \"name\": \"thumbnail_macquarie.png\",\n              \"hash\": \"thumbnail_macquarie_5a3682b3db\",\n              \"ext\": \".png\",\n              \"mime\": \"image/png\",\n              \"width\": 180,\n              \"height\": 156,\n              \"size\": 7.99,\n              \"path\": null,\n              \"url\": \"/uploads/thumbnail_macquarie_5a3682b3db.png\"\n            }\n          },\n          \"provider\": \"local\",\n          \"related\": [\n            \"5e53733b11c196001d06f920\"\n          ],\n          \"createdAt\": \"2020-09-19T14:40:39.885Z\",\n          \"updatedAt\": \"2021-02-08T08:33:28.402Z\",\n          \"__v\": 0,\n          \"created_by\": \"5e4839cd1c2d53001dcc0696\",\n          \"updated_by\": \"5e4839cd1c2d53001dcc0696\",\n          \"id\": \"5f6618675ee4c9001d2b96a0\"\n        },\n        \"updated_by\": \"5e4839cd1c2d53001dcc0696\",\n        \"longDescription\": \"Design, Build, Test & Document new software solutions across the Risk Management Group\\n\\nMaintain and Enhance existing systems.\\n\\nMentoring of junior developers.\\n\\nTechnologies Used: JEE, Java, JSP, HTML, JQuery, Dojo, Spring, Hibernate, Sybase,HSQLDB, SQL Server, Tiles, JUnit, Selenium, PHP\",\n        \"location\": \"Sydney\",\n        \"id\": \"5e53733b11c196001d06f920\"\n      },\n      {\n        \"education\": false,\n        \"includeOnResume\": false,\n        \"attachments\": [],\n        \"skills\": [\n          \"602942659dc383001e945de5\",\n          \"6029446c9dc383001e945de9\"\n        ],\n        \"_id\": \"5e5373a811c196001d06f923\",\n        \"title\": \"Junior Applications Developer\",\n        \"startDate\": \"2006-09-30\",\n        \"endDate\": \"2008-02-01\",\n        \"company\": \"SAS\",\n        \"companyUrl\": \"https://www.sas.com/en_gb/home.html\",\n        \"shortDescription\": \"Design, Development, Testing and Documentation of the Synapse internal businesssoftware.\\n\\n3rd Level Support\\n\\nTechnologies Used: SAS, Java, JSP, JEE, Spring, Struts, Web Services, XFire.\",\n        \"createdAt\": \"2020-02-24T06:56:40.720Z\",\n        \"updatedAt\": \"2021-02-26T08:52:02.887Z\",\n        \"__v\": 0,\n        \"companyImage\": {\n          \"_id\": \"5f66189c5ee4c9001d2b96a2\",\n          \"name\": \"sas.png\",\n          \"alternativeText\": \"\",\n          \"caption\": \"\",\n          \"hash\": \"sas_6fa8778ced\",\n          \"ext\": \".png\",\n          \"mime\": \"image/png\",\n          \"size\": 70.1,\n          \"width\": 640,\n          \"height\": 400,\n          \"url\": \"/uploads/sas_6fa8778ced.png\",\n          \"formats\": {\n            \"thumbnail\": {\n              \"name\": \"thumbnail_sas.png\",\n              \"hash\": \"thumbnail_sas_6fa8778ced\",\n              \"ext\": \".png\",\n              \"mime\": \"image/png\",\n              \"width\": 245,\n              \"height\": 153,\n              \"size\": 15.84,\n              \"path\": null,\n              \"url\": \"/uploads/thumbnail_sas_6fa8778ced.png\"\n            },\n            \"small\": {\n              \"name\": \"small_sas.png\",\n              \"hash\": \"small_sas_6fa8778ced\",\n              \"ext\": \".png\",\n              \"mime\": \"image/png\",\n              \"width\": 500,\n              \"height\": 313,\n              \"size\": 52.35,\n              \"path\": null,\n              \"url\": \"/uploads/small_sas_6fa8778ced.png\"\n            }\n          },\n          \"provider\": \"local\",\n          \"related\": [\n            \"5e5373a811c196001d06f923\"\n          ],\n          \"createdAt\": \"2020-09-19T14:41:32.259Z\",\n          \"updatedAt\": \"2020-09-19T14:41:37.075Z\",\n          \"__v\": 0,\n          \"created_by\": \"5e4839cd1c2d53001dcc0696\",\n          \"updated_by\": \"5e4839cd1c2d53001dcc0696\",\n          \"id\": \"5f66189c5ee4c9001d2b96a2\"\n        },\n        \"updated_by\": \"5e4839cd1c2d53001dcc0696\",\n        \"longDescription\": \"Design, Development, Testing and Documentation of the Synapse internal businesssoftware.\\n\\n3rd Level Support\\n\\nTechnologies Used: SAS, Java, JSP, JEE, Spring, Struts, Web Services, XFire.\",\n        \"location\": \"Sydney\",\n        \"id\": \"5e5373a811c196001d06f923\"\n      },\n      {\n        \"education\": false,\n        \"includeOnResume\": false,\n        \"attachments\": [],\n        \"skills\": [\n          \"602942659dc383001e945de5\",\n          \"6029446c9dc383001e945de9\"\n        ],\n        \"_id\": \"5e53740311c196001d06f926\",\n        \"title\": \"Graduate Developer\",\n        \"startDate\": \"2005-01-01\",\n        \"endDate\": \"2006-08-31\",\n        \"company\": \"Civica\",\n        \"companyUrl\": \"https://www.civica.com/en-gb/\",\n        \"shortDescription\": \"Design, Development, Testing and Documentation of the Authority application.\\n\\n3rd Level Support & Maintenance duties.\\n\\nTechnologies Used: Java, JEE, Informix 4GL, Informix, Oracle, SQL Server, VBA, CrystalReports\",\n        \"createdAt\": \"2020-02-24T06:58:11.941Z\",\n        \"updatedAt\": \"2021-02-26T08:52:14.214Z\",\n        \"__v\": 0,\n        \"companyImage\": {\n          \"_id\": \"5f6618cc5ee4c9001d2b96a4\",\n          \"name\": \"civica.jpg\",\n          \"alternativeText\": \"\",\n          \"caption\": \"\",\n          \"hash\": \"civica_85b984ca69\",\n          \"ext\": \".jpg\",\n          \"mime\": \"image/jpeg\",\n          \"size\": 64.14,\n          \"width\": 1600,\n          \"height\": 1066,\n          \"url\": \"/uploads/civica_85b984ca69.jpg\",\n          \"formats\": {\n            \"thumbnail\": {\n              \"name\": \"thumbnail_civica.jpg\",\n              \"hash\": \"thumbnail_civica_85b984ca69\",\n              \"ext\": \".jpg\",\n              \"mime\": \"image/jpeg\",\n              \"width\": 234,\n              \"height\": 156,\n              \"size\": 4.83,\n              \"path\": null,\n              \"url\": \"/uploads/thumbnail_civica_85b984ca69.jpg\"\n            },\n            \"large\": {\n              \"name\": \"large_civica.jpg\",\n              \"hash\": \"large_civica_85b984ca69\",\n              \"ext\": \".jpg\",\n              \"mime\": \"image/jpeg\",\n              \"width\": 1000,\n              \"height\": 666,\n              \"size\": 36.11,\n              \"path\": null,\n              \"url\": \"/uploads/large_civica_85b984ca69.jpg\"\n            },\n            \"medium\": {\n              \"name\": \"medium_civica.jpg\",\n              \"hash\": \"medium_civica_85b984ca69\",\n              \"ext\": \".jpg\",\n              \"mime\": \"image/jpeg\",\n              \"width\": 750,\n              \"height\": 500,\n              \"size\": 24.68,\n              \"path\": null,\n              \"url\": \"/uploads/medium_civica_85b984ca69.jpg\"\n            },\n            \"small\": {\n              \"name\": \"small_civica.jpg\",\n              \"hash\": \"small_civica_85b984ca69\",\n              \"ext\": \".jpg\",\n              \"mime\": \"image/jpeg\",\n              \"width\": 500,\n              \"height\": 333,\n              \"size\": 14.52,\n              \"path\": null,\n              \"url\": \"/uploads/small_civica_85b984ca69.jpg\"\n            }\n          },\n          \"provider\": \"local\",\n          \"related\": [\n            \"5e53740311c196001d06f926\"\n          ],\n          \"createdAt\": \"2020-09-19T14:42:20.287Z\",\n          \"updatedAt\": \"2020-09-19T14:42:24.781Z\",\n          \"__v\": 0,\n          \"created_by\": \"5e4839cd1c2d53001dcc0696\",\n          \"updated_by\": \"5e4839cd1c2d53001dcc0696\",\n          \"id\": \"5f6618cc5ee4c9001d2b96a4\"\n        },\n        \"updated_by\": \"5e4839cd1c2d53001dcc0696\",\n        \"longDescription\": \"Design, Development, Testing and Documentation of the Authority application.\\n\\n3rd Level Support & Maintenance duties.\\n\\nTechnologies Used: Java, JEE, Informix 4GL, Informix, Oracle, SQL Server, VBA, CrystalReports\",\n        \"location\": \"Newcastle\",\n        \"id\": \"5e53740311c196001d06f926\"\n      }\n    ],\n    \"blogs\": [],\n    \"id\": \"602942659dc383001e945de5\"\n  },\n  {\n    \"includeOnResume\": false,\n    \"_id\": \"6029446c9dc383001e945de9\",\n    \"name\": \"SVN\",\n    \"rating\": 8,\n    \"description\": \"Subversion is an open-source, centralized version control system\",\n    \"createdAt\": \"2021-02-14T15:40:28.180Z\",\n    \"updatedAt\": \"2021-02-14T15:40:28.197Z\",\n    \"__v\": 0,\n    \"created_by\": {\n      \"_id\": \"5e4839cd1c2d53001dcc0696\",\n      \"username\": \"simon.rowe@gmail.com\",\n      \"createdAt\": \"2020-02-15T18:34:53.155Z\",\n      \"updatedAt\": \"2020-09-17T07:45:13.526Z\",\n      \"__v\": 0,\n      \"id\": \"5e4839cd1c2d53001dcc0696\"\n    },\n    \"image\": {\n      \"_id\": \"6029440a9dc383001e945de8\",\n      \"name\": \"Subversion_Logo.svg.png\",\n      \"alternativeText\": \"\",\n      \"caption\": \"\",\n      \"hash\": \"Subversion_Logo_svg_4bcca6a938\",\n      \"ext\": \".png\",\n      \"mime\": \"image/png\",\n      \"size\": 34.76,\n      \"width\": 1200,\n      \"height\": 718,\n      \"url\": \"/uploads/Subversion_Logo_svg_4bcca6a938.png\",\n      \"formats\": {\n        \"thumbnail\": {\n          \"name\": \"thumbnail_Subversion_Logo.svg.png\",\n          \"hash\": \"thumbnail_Subversion_Logo_svg_4bcca6a938\",\n          \"ext\": \".png\",\n          \"mime\": \"image/png\",\n          \"width\": 245,\n          \"height\": 147,\n          \"size\": 12.88,\n          \"path\": null,\n          \"url\": \"/uploads/thumbnail_Subversion_Logo_svg_4bcca6a938.png\"\n        },\n        \"large\": {\n          \"name\": \"large_Subversion_Logo.svg.png\",\n          \"hash\": \"large_Subversion_Logo_svg_4bcca6a938\",\n          \"ext\": \".png\",\n          \"mime\": \"image/png\",\n          \"width\": 1000,\n          \"height\": 598,\n          \"size\": 69.46,\n          \"path\": null,\n          \"url\": \"/uploads/large_Subversion_Logo_svg_4bcca6a938.png\"\n        },\n        \"medium\": {\n          \"name\": \"medium_Subversion_Logo.svg.png\",\n          \"hash\": \"medium_Subversion_Logo_svg_4bcca6a938\",\n          \"ext\": \".png\",\n          \"mime\": \"image/png\",\n          \"width\": 750,\n          \"height\": 449,\n          \"size\": 47.42,\n          \"path\": null,\n          \"url\": \"/uploads/medium_Subversion_Logo_svg_4bcca6a938.png\"\n        },\n        \"small\": {\n          \"name\": \"small_Subversion_Logo.svg.png\",\n          \"hash\": \"small_Subversion_Logo_svg_4bcca6a938\",\n          \"ext\": \".png\",\n          \"mime\": \"image/png\",\n          \"width\": 500,\n          \"height\": 299,\n          \"size\": 28.16,\n          \"path\": null,\n          \"url\": \"/uploads/small_Subversion_Logo_svg_4bcca6a938.png\"\n        }\n      },\n      \"provider\": \"local\",\n      \"related\": [\n        \"6029446c9dc383001e945de9\"\n      ],\n      \"createdAt\": \"2021-02-14T15:38:50.454Z\",\n      \"updatedAt\": \"2021-02-14T15:40:28.191Z\",\n      \"__v\": 0,\n      \"created_by\": \"5e4839cd1c2d53001dcc0696\",\n      \"updated_by\": \"5e4839cd1c2d53001dcc0696\",\n      \"id\": \"6029440a9dc383001e945de8\"\n    },\n    \"updated_by\": {\n      \"_id\": \"5e4839cd1c2d53001dcc0696\",\n      \"username\": \"simon.rowe@gmail.com\",\n      \"createdAt\": \"2020-02-15T18:34:53.155Z\",\n      \"updatedAt\": \"2020-09-17T07:45:13.526Z\",\n      \"__v\": 0,\n      \"id\": \"5e4839cd1c2d53001dcc0696\"\n    },\n    \"jobs\": [\n      {\n        \"education\": false,\n        \"includeOnResume\": true,\n        \"attachments\": [],\n        \"skills\": [\n          \"5f635b3f5ee4c9001d2b962f\",\n          \"5f635b8b5ee4c9001d2b9634\",\n          \"5f635c185ee4c9001d2b963a\",\n          \"5f635c2e5ee4c9001d2b963c\",\n          \"5f635c675ee4c9001d2b9640\",\n          \"5f635c745ee4c9001d2b9641\",\n          \"5f635c845ee4c9001d2b9642\",\n          \"5f635cb65ee4c9001d2b9644\",\n          \"5f635cc45ee4c9001d2b9645\",\n          \"5f635cdc5ee4c9001d2b9646\",\n          \"5f635ceb5ee4c9001d2b9647\",\n          \"5f635d045ee4c9001d2b9649\",\n          \"5f635d115ee4c9001d2b964a\",\n          \"5f635d1e5ee4c9001d2b964b\",\n          \"5f635d2c5ee4c9001d2b964c\",\n          \"5f635d425ee4c9001d2b964d\",\n          \"5f635d7e5ee4c9001d2b964f\",\n          \"5f635d875ee4c9001d2b9650\",\n          \"5f635d905ee4c9001d2b9651\",\n          \"5f635d9e5ee4c9001d2b9652\",\n          \"5f635da95ee4c9001d2b9653\",\n          \"5f635dbe5ee4c9001d2b9655\",\n          \"5f635dde5ee4c9001d2b9658\",\n          \"5f635e235ee4c9001d2b965b\",\n          \"5f635e595ee4c9001d2b965f\",\n          \"5f635e755ee4c9001d2b9662\",\n          \"5f635df45ee4c9001d2b965a\",\n          \"5f635de75ee4c9001d2b9659\",\n          \"5f635e7d5ee4c9001d2b9663\",\n          \"5f635e885ee4c9001d2b9664\",\n          \"5f635ea45ee4c9001d2b9666\",\n          \"5f635ee35ee4c9001d2b9668\",\n          \"602236d69dc383001e945ddc\",\n          \"6029446c9dc383001e945de9\",\n          \"5f635b6a5ee4c9001d2b9632\",\n          \"5f635bb85ee4c9001d2b9635\"\n        ],\n        \"_id\": \"5e53713a11c196001d06f91a\",\n        \"title\": \"Senior Director, Java Development\",\n        \"startDate\": \"2011-07-12\",\n        \"createdAt\": \"2020-02-24T06:46:18.484Z\",\n        \"updatedAt\": \"2021-02-26T22:37:22.370Z\",\n        \"__v\": 0,\n        \"company\": \"Universal Music Publishing\",\n        \"companyUrl\": \"https://www.umusicpub.com/\",\n        \"endDate\": \"2018-08-11\",\n        \"shortDescription\": \"Technology leader in cloud native development for business critical applications.\",\n        \"companyImage\": {\n          \"_id\": \"5f6618325ee4c9001d2b969c\",\n          \"name\": \"umpg.png\",\n          \"alternativeText\": \"\",\n          \"caption\": \"\",\n          \"hash\": \"umpg_121becd400\",\n          \"ext\": \".png\",\n          \"mime\": \"image/png\",\n          \"size\": 129.45,\n          \"width\": 400,\n          \"height\": 400,\n          \"url\": \"/uploads/umpg_121becd400.png\",\n          \"formats\": {\n            \"thumbnail\": {\n              \"name\": \"thumbnail_umpg.png\",\n              \"hash\": \"thumbnail_umpg_121becd400\",\n              \"ext\": \".png\",\n              \"mime\": \"image/png\",\n              \"width\": 156,\n              \"height\": 156,\n              \"size\": 31.14,\n              \"path\": null,\n              \"url\": \"/uploads/thumbnail_umpg_121becd400.png\"\n            }\n          },\n          \"provider\": \"local\",\n          \"related\": [\n            \"5e53713a11c196001d06f91a\"\n          ],\n          \"createdAt\": \"2020-09-19T14:39:46.169Z\",\n          \"updatedAt\": \"2021-02-08T08:15:39.296Z\",\n          \"__v\": 0,\n          \"created_by\": \"5e4839cd1c2d53001dcc0696\",\n          \"updated_by\": \"5e4839cd1c2d53001dcc0696\",\n          \"id\": \"5f6618325ee4c9001d2b969c\"\n        },\n        \"updated_by\": \"5e4839cd1c2d53001dcc0696\",\n        \"longDescription\": \"Responsible for architecture and delivery of greenfield internal and public facing business applications. Super scrum master, removing obstacles for four dynamic scrum teams. Frequent commiter.\\n\\nRe-architecture of multiple monoliths with single points of failure to AWS,resulting in scalable, fault tolerant software reducing the operational cost significantly.\\n\\nIntroduced automated testing as a development activity utilising technologies such as cucumber, selenium, docker which allows for far shorter release cycles.\\n\\nDesigned the company's first 'serverless' application at AWS, Utilising ECS Fargate, Lambda, SQS, SNS, ElasticSearch, S3.\",\n        \"location\": \"London\",\n        \"id\": \"5e53713a11c196001d06f91a\"\n      },\n      {\n        \"education\": false,\n        \"includeOnResume\": true,\n        \"attachments\": [],\n        \"skills\": [\n          \"5f635b3f5ee4c9001d2b962f\",\n          \"5f635c185ee4c9001d2b963a\",\n          \"5f635c845ee4c9001d2b9642\",\n          \"5f635dc55ee4c9001d2b9656\",\n          \"602942659dc383001e945de5\",\n          \"6029446c9dc383001e945de9\",\n          \"5f635bb85ee4c9001d2b9635\"\n        ],\n        \"_id\": \"5e5371ef11c196001d06f91d\",\n        \"title\": \"Senior Applications Developer\",\n        \"startDate\": \"2009-11-01\",\n        \"endDate\": \"2011-05-19\",\n        \"createdAt\": \"2020-02-24T06:49:19.909Z\",\n        \"updatedAt\": \"2021-02-26T22:37:22.370Z\",\n        \"__v\": 0,\n        \"company\": \"Workcover Queensland\",\n        \"companyUrl\": \"https://www.worksafe.qld.gov.au/\",\n        \"shortDescription\": \"Team Leader working on an external-facing self-service portal in addition to migration of internal business-critical Oracle Forms applications to Spring MVC.\",\n        \"companyImage\": {\n          \"_id\": \"5f6618515ee4c9001d2b969e\",\n          \"name\": \"workcover.jpg\",\n          \"alternativeText\": \"\",\n          \"caption\": \"\",\n          \"hash\": \"workcover_15d9bd50bd\",\n          \"ext\": \".jpg\",\n          \"mime\": \"image/jpeg\",\n          \"size\": 24.35,\n          \"width\": 896,\n          \"height\": 530,\n          \"url\": \"/uploads/workcover_15d9bd50bd.jpg\",\n          \"formats\": {\n            \"thumbnail\": {\n              \"name\": \"thumbnail_workcover.jpg\",\n              \"hash\": \"thumbnail_workcover_15d9bd50bd\",\n              \"ext\": \".jpg\",\n              \"mime\": \"image/jpeg\",\n              \"width\": 245,\n              \"height\": 145,\n              \"size\": 5.05,\n              \"path\": null,\n              \"url\": \"/uploads/thumbnail_workcover_15d9bd50bd.jpg\"\n            },\n            \"medium\": {\n              \"name\": \"medium_workcover.jpg\",\n              \"hash\": \"medium_workcover_15d9bd50bd\",\n              \"ext\": \".jpg\",\n              \"mime\": \"image/jpeg\",\n              \"width\": 750,\n              \"height\": 444,\n              \"size\": 19.38,\n              \"path\": null,\n              \"url\": \"/uploads/medium_workcover_15d9bd50bd.jpg\"\n            },\n            \"small\": {\n              \"name\": \"small_workcover.jpg\",\n              \"hash\": \"small_workcover_15d9bd50bd\",\n              \"ext\": \".jpg\",\n              \"mime\": \"image/jpeg\",\n              \"width\": 500,\n              \"height\": 296,\n              \"size\": 11.09,\n              \"path\": null,\n              \"url\": \"/uploads/small_workcover_15d9bd50bd.jpg\"\n            }\n          },\n          \"provider\": \"local\",\n          \"related\": [\n            \"5e5371ef11c196001d06f91d\"\n          ],\n          \"createdAt\": \"2020-09-19T14:40:17.127Z\",\n          \"updatedAt\": \"2020-09-19T14:40:20.116Z\",\n          \"__v\": 0,\n          \"created_by\": \"5e4839cd1c2d53001dcc0696\",\n          \"updated_by\": \"5e4839cd1c2d53001dcc0696\",\n          \"id\": \"5f6618515ee4c9001d2b969e\"\n        },\n        \"updated_by\": \"5e4839cd1c2d53001dcc0696\",\n        \"longDescription\": \"Analysis, Design, Development, Testing & Documentation of enhancements to internal and external facing web applications within an agile environment\\n\\nMentoring of less experienced developers\\n\\nTechnologies used: JEE, JSP, Spring, Ibatis, Tiles, HTML, JQuery, Oracle, Ruby, Cucumber, Watir, PowerMock, EasyMock, TeamCity, Weblogic. SVN, DWR, Jasper Reports, Eclipse, SVN, CVS, Apache FOP, XML, XSLT.\",\n        \"location\": \"Brisbane\",\n        \"id\": \"5e5371ef11c196001d06f91d\"\n      },\n      {\n        \"education\": false,\n        \"includeOnResume\": true,\n        \"attachments\": [],\n        \"skills\": [\n          \"5f635e755ee4c9001d2b9662\",\n          \"5f635e7d5ee4c9001d2b9663\",\n          \"5f635e885ee4c9001d2b9664\",\n          \"5f635dbe5ee4c9001d2b9655\",\n          \"602942659dc383001e945de5\",\n          \"6029446c9dc383001e945de9\",\n          \"5f635bb85ee4c9001d2b9635\"\n        ],\n        \"_id\": \"5e53733b11c196001d06f920\",\n        \"title\": \"Analyst / Programmer\",\n        \"startDate\": \"2008-02-01\",\n        \"endDate\": \"2009-11-01\",\n        \"company\": \"Macquarie Group\",\n        \"companyUrl\": \"https://www.macquarie.com/uk/en.html\",\n        \"shortDescription\": \"Built real-time, batch and web applications using Struts and Spring framework for the Risk Management Group.\\n\\n\",\n        \"createdAt\": \"2020-02-24T06:54:51.222Z\",\n        \"updatedAt\": \"2021-02-26T22:37:22.370Z\",\n        \"__v\": 0,\n        \"companyImage\": {\n          \"_id\": \"5f6618675ee4c9001d2b96a0\",\n          \"name\": \"macquarie.png\",\n          \"alternativeText\": \"\",\n          \"caption\": \"\",\n          \"hash\": \"macquarie_5a3682b3db\",\n          \"ext\": \".png\",\n          \"mime\": \"image/png\",\n          \"size\": 11.24,\n          \"width\": 264,\n          \"height\": 229,\n          \"url\": \"/uploads/macquarie_5a3682b3db.png\",\n          \"formats\": {\n            \"thumbnail\": {\n              \"name\": \"thumbnail_macquarie.png\",\n              \"hash\": \"thumbnail_macquarie_5a3682b3db\",\n              \"ext\": \".png\",\n              \"mime\": \"image/png\",\n              \"width\": 180,\n              \"height\": 156,\n              \"size\": 7.99,\n              \"path\": null,\n              \"url\": \"/uploads/thumbnail_macquarie_5a3682b3db.png\"\n            }\n          },\n          \"provider\": \"local\",\n          \"related\": [\n            \"5e53733b11c196001d06f920\"\n          ],\n          \"createdAt\": \"2020-09-19T14:40:39.885Z\",\n          \"updatedAt\": \"2021-02-08T08:33:28.402Z\",\n          \"__v\": 0,\n          \"created_by\": \"5e4839cd1c2d53001dcc0696\",\n          \"updated_by\": \"5e4839cd1c2d53001dcc0696\",\n          \"id\": \"5f6618675ee4c9001d2b96a0\"\n        },\n        \"updated_by\": \"5e4839cd1c2d53001dcc0696\",\n        \"longDescription\": \"Design, Build, Test & Document new software solutions across the Risk Management Group\\n\\nMaintain and Enhance existing systems.\\n\\nMentoring of junior developers.\\n\\nTechnologies Used: JEE, Java, JSP, HTML, JQuery, Dojo, Spring, Hibernate, Sybase,HSQLDB, SQL Server, Tiles, JUnit, Selenium, PHP\",\n        \"location\": \"Sydney\",\n        \"id\": \"5e53733b11c196001d06f920\"\n      },\n      {\n        \"education\": false,\n        \"includeOnResume\": false,\n        \"attachments\": [],\n        \"skills\": [\n          \"602942659dc383001e945de5\",\n          \"6029446c9dc383001e945de9\"\n        ],\n        \"_id\": \"5e5373a811c196001d06f923\",\n        \"title\": \"Junior Applications Developer\",\n        \"startDate\": \"2006-09-30\",\n        \"endDate\": \"2008-02-01\",\n        \"company\": \"SAS\",\n        \"companyUrl\": \"https://www.sas.com/en_gb/home.html\",\n        \"shortDescription\": \"Design, Development, Testing and Documentation of the Synapse internal businesssoftware.\\n\\n3rd Level Support\\n\\nTechnologies Used: SAS, Java, JSP, JEE, Spring, Struts, Web Services, XFire.\",\n        \"createdAt\": \"2020-02-24T06:56:40.720Z\",\n        \"updatedAt\": \"2021-02-26T08:52:02.887Z\",\n        \"__v\": 0,\n        \"companyImage\": {\n          \"_id\": \"5f66189c5ee4c9001d2b96a2\",\n          \"name\": \"sas.png\",\n          \"alternativeText\": \"\",\n          \"caption\": \"\",\n          \"hash\": \"sas_6fa8778ced\",\n          \"ext\": \".png\",\n          \"mime\": \"image/png\",\n          \"size\": 70.1,\n          \"width\": 640,\n          \"height\": 400,\n          \"url\": \"/uploads/sas_6fa8778ced.png\",\n          \"formats\": {\n            \"thumbnail\": {\n              \"name\": \"thumbnail_sas.png\",\n              \"hash\": \"thumbnail_sas_6fa8778ced\",\n              \"ext\": \".png\",\n              \"mime\": \"image/png\",\n              \"width\": 245,\n              \"height\": 153,\n              \"size\": 15.84,\n              \"path\": null,\n              \"url\": \"/uploads/thumbnail_sas_6fa8778ced.png\"\n            },\n            \"small\": {\n              \"name\": \"small_sas.png\",\n              \"hash\": \"small_sas_6fa8778ced\",\n              \"ext\": \".png\",\n              \"mime\": \"image/png\",\n              \"width\": 500,\n              \"height\": 313,\n              \"size\": 52.35,\n              \"path\": null,\n              \"url\": \"/uploads/small_sas_6fa8778ced.png\"\n            }\n          },\n          \"provider\": \"local\",\n          \"related\": [\n            \"5e5373a811c196001d06f923\"\n          ],\n          \"createdAt\": \"2020-09-19T14:41:32.259Z\",\n          \"updatedAt\": \"2020-09-19T14:41:37.075Z\",\n          \"__v\": 0,\n          \"created_by\": \"5e4839cd1c2d53001dcc0696\",\n          \"updated_by\": \"5e4839cd1c2d53001dcc0696\",\n          \"id\": \"5f66189c5ee4c9001d2b96a2\"\n        },\n        \"updated_by\": \"5e4839cd1c2d53001dcc0696\",\n        \"longDescription\": \"Design, Development, Testing and Documentation of the Synapse internal businesssoftware.\\n\\n3rd Level Support\\n\\nTechnologies Used: SAS, Java, JSP, JEE, Spring, Struts, Web Services, XFire.\",\n        \"location\": \"Sydney\",\n        \"id\": \"5e5373a811c196001d06f923\"\n      },\n      {\n        \"education\": false,\n        \"includeOnResume\": false,\n        \"attachments\": [],\n        \"skills\": [\n          \"602942659dc383001e945de5\",\n          \"6029446c9dc383001e945de9\"\n        ],\n        \"_id\": \"5e53740311c196001d06f926\",\n        \"title\": \"Graduate Developer\",\n        \"startDate\": \"2005-01-01\",\n        \"endDate\": \"2006-08-31\",\n        \"company\": \"Civica\",\n        \"companyUrl\": \"https://www.civica.com/en-gb/\",\n        \"shortDescription\": \"Design, Development, Testing and Documentation of the Authority application.\\n\\n3rd Level Support & Maintenance duties.\\n\\nTechnologies Used: Java, JEE, Informix 4GL, Informix, Oracle, SQL Server, VBA, CrystalReports\",\n        \"createdAt\": \"2020-02-24T06:58:11.941Z\",\n        \"updatedAt\": \"2021-02-26T08:52:14.214Z\",\n        \"__v\": 0,\n        \"companyImage\": {\n          \"_id\": \"5f6618cc5ee4c9001d2b96a4\",\n          \"name\": \"civica.jpg\",\n          \"alternativeText\": \"\",\n          \"caption\": \"\",\n          \"hash\": \"civica_85b984ca69\",\n          \"ext\": \".jpg\",\n          \"mime\": \"image/jpeg\",\n          \"size\": 64.14,\n          \"width\": 1600,\n          \"height\": 1066,\n          \"url\": \"/uploads/civica_85b984ca69.jpg\",\n          \"formats\": {\n            \"thumbnail\": {\n              \"name\": \"thumbnail_civica.jpg\",\n              \"hash\": \"thumbnail_civica_85b984ca69\",\n              \"ext\": \".jpg\",\n              \"mime\": \"image/jpeg\",\n              \"width\": 234,\n              \"height\": 156,\n              \"size\": 4.83,\n              \"path\": null,\n              \"url\": \"/uploads/thumbnail_civica_85b984ca69.jpg\"\n            },\n            \"large\": {\n              \"name\": \"large_civica.jpg\",\n              \"hash\": \"large_civica_85b984ca69\",\n              \"ext\": \".jpg\",\n              \"mime\": \"image/jpeg\",\n              \"width\": 1000,\n              \"height\": 666,\n              \"size\": 36.11,\n              \"path\": null,\n              \"url\": \"/uploads/large_civica_85b984ca69.jpg\"\n            },\n            \"medium\": {\n              \"name\": \"medium_civica.jpg\",\n              \"hash\": \"medium_civica_85b984ca69\",\n              \"ext\": \".jpg\",\n              \"mime\": \"image/jpeg\",\n              \"width\": 750,\n              \"height\": 500,\n              \"size\": 24.68,\n              \"path\": null,\n              \"url\": \"/uploads/medium_civica_85b984ca69.jpg\"\n            },\n            \"small\": {\n              \"name\": \"small_civica.jpg\",\n              \"hash\": \"small_civica_85b984ca69\",\n              \"ext\": \".jpg\",\n              \"mime\": \"image/jpeg\",\n              \"width\": 500,\n              \"height\": 333,\n              \"size\": 14.52,\n              \"path\": null,\n              \"url\": \"/uploads/small_civica_85b984ca69.jpg\"\n            }\n          },\n          \"provider\": \"local\",\n          \"related\": [\n            \"5e53740311c196001d06f926\"\n          ],\n          \"createdAt\": \"2020-09-19T14:42:20.287Z\",\n          \"updatedAt\": \"2020-09-19T14:42:24.781Z\",\n          \"__v\": 0,\n          \"created_by\": \"5e4839cd1c2d53001dcc0696\",\n          \"updated_by\": \"5e4839cd1c2d53001dcc0696\",\n          \"id\": \"5f6618cc5ee4c9001d2b96a4\"\n        },\n        \"updated_by\": \"5e4839cd1c2d53001dcc0696\",\n        \"longDescription\": \"Design, Development, Testing and Documentation of the Authority application.\\n\\n3rd Level Support & Maintenance duties.\\n\\nTechnologies Used: Java, JEE, Informix 4GL, Informix, Oracle, SQL Server, VBA, CrystalReports\",\n        \"location\": \"Newcastle\",\n        \"id\": \"5e53740311c196001d06f926\"\n      }\n    ],\n    \"blogs\": [],\n    \"id\": \"6029446c9dc383001e945de9\"\n  }\n]",
  "headers" : {
    "Content-Type" : "application/json"
  }
}

Response:
HTTP/1.1 200
Content-Type: [application/json]
Matched-Stub-Id: [bdbd7cf0-d611-431b-b8af-dd4b923893c1]

]]></system-out>
  <system-err><![CDATA[]]></system-err>
</testsuite>
