<?xml version="1.0" encoding="UTF-8"?>
<testsuite name="com.simonjamesrowe.apigateway.test.restcontroller.ResumeControllerTest" tests="1" skipped="0" failures="0" errors="0" timestamp="2025-10-04T08:13:49" hostname="Simons-MacBook-Pro.local" time="0.012">
  <properties/>
  <testcase name="shouldReturnFile()" classname="com.simonjamesrowe.apigateway.test.restcontroller.ResumeControllerTest" time="0.012"/>
  <system-out><![CDATA[2025-10-04T09:13:49.393+01:00  INFO 46798 --- [api-gateway] [    Test worker] [                                                 ] t.c.s.AnnotationConfigContextLoaderUtils : Could not detect default configuration classes for test class [com.simonjamesrowe.apigateway.test.restcontroller.ResumeControllerTest]: ResumeControllerTest does not declare any static, non-private, non-final, nested classes annotated with @Configuration.
2025-10-04T09:13:49.397+01:00  INFO 46798 --- [api-gateway] [    Test worker] [                                                 ] .b.t.c.SpringBootTestContextBootstrapper : Found @SpringBootConfiguration com.simonjamesrowe.apigateway.ApiGatewayApplication for test class com.simonjamesrowe.apigateway.test.restcontroller.ResumeControllerTest

  .   ____          _            __ _ _
 /\\ / ___'_ __ _ _(_)_ __  __ _ \ \ \ \
( ( )\___ | '_ | '_| | '_ \/ _` | \ \ \ \
 \\/  ___)| |_)| | | | | || (_| |  ) ) ) )
  '  |____| .__|_| |_|_| |_\__, | / / / /
 =========|_|==============|___/=/_/_/_/

 :: Spring Boot ::                (v3.3.5)

2025-10-04T09:13:49.416+01:00  INFO 46798 --- [api-gateway] [    Test worker] [                                                 ] c.s.a.t.r.ResumeControllerTest           : Starting ResumeControllerTest using Java 21.0.2 with PID 46798 (started by simonrowe in /Users/simonrowe/workspace/simonjamesrowe/backend-modulith/modules/api-gateway)
2025-10-04T09:13:49.416+01:00  INFO 46798 --- [api-gateway] [    Test worker] [                                                 ] c.s.a.t.r.ResumeControllerTest           : No active profile set, falling back to 1 default profile: "default"
2025-10-04T09:13:49.543+01:00  INFO 46798 --- [api-gateway] [    Test worker] [                                                 ] r$InitializeUserDetailsManagerConfigurer : Global AuthenticationManager configured with UserDetailsService bean with name inMemoryUserDetailsManager
2025-10-04T09:13:49.573+01:00  INFO 46798 --- [api-gateway] [    Test worker] [                                                 ] o.s.b.t.m.w.SpringBootMockServletContext : Initializing Spring TestDispatcherServlet ''
2025-10-04T09:13:49.573+01:00  INFO 46798 --- [api-gateway] [    Test worker] [                                                 ] o.s.t.web.servlet.TestDispatcherServlet  : Initializing Servlet ''
2025-10-04T09:13:49.574+01:00  INFO 46798 --- [api-gateway] [    Test worker] [                                                 ] o.s.t.web.servlet.TestDispatcherServlet  : Completed initialization in 1 ms
2025-10-04T09:13:49.577+01:00  INFO 46798 --- [api-gateway] [    Test worker] [                                                 ] c.s.a.t.r.ResumeControllerTest           : Started ResumeControllerTest in 0.178 seconds (process running for 25.512)
]]></system-out>
  <system-err><![CDATA[]]></system-err>
</testsuite>
