<?xml version="1.0" encoding="UTF-8"?>
<testsuite name="com.simonjamesrowe.apigateway.test.restcontroller.ContactUsControllerTest" tests="7" skipped="0" failures="0" errors="0" timestamp="2025-10-04T08:13:49" hostname="Simons-MacBook-Pro.local" time="0.191">
  <properties/>
  <testcase name="shouldSuccessfullyHandleContactUsRequest()" classname="com.simonjamesrowe.apigateway.test.restcontroller.ContactUsControllerTest" time="0.113"/>
  <testcase name="[1] firstName=, lastName=Rowe, subject=Hello, email=simon.rowe@gmail.com, content=Message" classname="com.simonjamesrowe.apigateway.test.restcontroller.ContactUsControllerTest" time="0.023"/>
  <testcase name="[2] firstName=Simon, lastName=, subject=Hello, email=simon.rowe@gmail.com, content=Message" classname="com.simonjamesrowe.apigateway.test.restcontroller.ContactUsControllerTest" time="0.003"/>
  <testcase name="[3] firstName=Simon, lastName=Rowe, subject=, email=simon.rowe@gmail.com, content=Message" classname="com.simonjamesrowe.apigateway.test.restcontroller.ContactUsControllerTest" time="0.004"/>
  <testcase name="[4] firstName=Simon, lastName=Rowe, subject=Hello, email=, content=Message" classname="com.simonjamesrowe.apigateway.test.restcontroller.ContactUsControllerTest" time="0.003"/>
  <testcase name="[5] firstName=Simon, lastName=Rowe, subject=Hello, email=simon.rowe@gmail.com, content=" classname="com.simonjamesrowe.apigateway.test.restcontroller.ContactUsControllerTest" time="0.003"/>
  <testcase name="[6] firstName=Simon, lastName=Rowe, subject=Hello, email=invalidEmailAddress, content=Message" classname="com.simonjamesrowe.apigateway.test.restcontroller.ContactUsControllerTest" time="0.004"/>
  <system-out><![CDATA[2025-10-04T09:13:48.885+01:00  INFO 46798 --- [api-gateway] [    Test worker] [                                                 ] t.c.s.AnnotationConfigContextLoaderUtils : Could not detect default configuration classes for test class [com.simonjamesrowe.apigateway.test.restcontroller.ContactUsControllerTest]: ContactUsControllerTest does not declare any static, non-private, non-final, nested classes annotated with @Configuration.
2025-10-04T09:13:48.905+01:00  INFO 46798 --- [api-gateway] [    Test worker] [                                                 ] .b.t.c.SpringBootTestContextBootstrapper : Found @SpringBootConfiguration com.simonjamesrowe.apigateway.ApiGatewayApplication for test class com.simonjamesrowe.apigateway.test.restcontroller.ContactUsControllerTest

  .   ____          _            __ _ _
 /\\ / ___'_ __ _ _(_)_ __  __ _ \ \ \ \
( ( )\___ | '_ | '_| | '_ \/ _` | \ \ \ \
 \\/  ___)| |_)| | | | | || (_| |  ) ) ) )
  '  |____| .__|_| |_|_| |_\__, | / / / /
 =========|_|==============|___/=/_/_/_/

 :: Spring Boot ::                (v3.3.5)

2025-10-04T09:13:48.942+01:00  INFO 46798 --- [api-gateway] [    Test worker] [                                                 ] c.s.a.t.r.ContactUsControllerTest        : Starting ContactUsControllerTest using Java 21.0.2 with PID 46798 (started by simonrowe in /Users/simonrowe/workspace/simonjamesrowe/backend-modulith/modules/api-gateway)
2025-10-04T09:13:48.942+01:00  INFO 46798 --- [api-gateway] [    Test worker] [                                                 ] c.s.a.t.r.ContactUsControllerTest        : No active profile set, falling back to 1 default profile: "default"
2025-10-04T09:13:49.090+01:00  INFO 46798 --- [api-gateway] [    Test worker] [                                                 ] r$InitializeUserDetailsManagerConfigurer : Global AuthenticationManager configured with UserDetailsService bean with name inMemoryUserDetailsManager
2025-10-04T09:13:49.182+01:00  INFO 46798 --- [api-gateway] [    Test worker] [                                                 ] o.s.b.t.m.w.SpringBootMockServletContext : Initializing Spring TestDispatcherServlet ''
2025-10-04T09:13:49.182+01:00  INFO 46798 --- [api-gateway] [    Test worker] [                                                 ] o.s.t.web.servlet.TestDispatcherServlet  : Initializing Servlet ''
2025-10-04T09:13:49.183+01:00  INFO 46798 --- [api-gateway] [    Test worker] [                                                 ] o.s.t.web.servlet.TestDispatcherServlet  : Completed initialization in 1 ms
2025-10-04T09:13:49.195+01:00  INFO 46798 --- [api-gateway] [    Test worker] [                                                 ] c.s.a.t.r.ContactUsControllerTest        : Started ContactUsControllerTest in 0.281 seconds (process running for 25.131)
2025-10-04T09:13:49.296+01:00  INFO 46798 --- [api-gateway] [    Test worker] [                                                 ] c.s.a.e.r.ContactUsController            : Contact Us request made: ContactUsController.ContactUs(firstName=Simon, lastName=Rowe, emailAddress=simon.rowe@gmail.com, subject=Hi, content=This is a test message)
2025-10-04T09:13:49.367+01:00  WARN 46798 --- [api-gateway] [    Test worker] [                                                 ] .w.s.m.s.DefaultHandlerExceptionResolver : Resolved [org.springframework.web.bind.MethodArgumentNotValidException: Validation failed for argument [0] in public org.springframework.http.ResponseEntity<java.lang.Void> com.simonjamesrowe.apigateway.entrypoints.restcontroller.ContactUsController.contactUs(com.simonjamesrowe.apigateway.entrypoints.restcontroller.ContactUsController$ContactUs,java.lang.String): [Field error in object 'contactUs' on field 'firstName': rejected value []; codes [NotBlank.contactUs.firstName,NotBlank.firstName,NotBlank.java.lang.String,NotBlank]; arguments [org.springframework.context.support.DefaultMessageSourceResolvable: codes [contactUs.firstName,firstName]; arguments []; default message [firstName]]; default message [must not be blank]] ]
2025-10-04T09:13:49.372+01:00  WARN 46798 --- [api-gateway] [    Test worker] [                                                 ] .w.s.m.s.DefaultHandlerExceptionResolver : Resolved [org.springframework.web.bind.MethodArgumentNotValidException: Validation failed for argument [0] in public org.springframework.http.ResponseEntity<java.lang.Void> com.simonjamesrowe.apigateway.entrypoints.restcontroller.ContactUsController.contactUs(com.simonjamesrowe.apigateway.entrypoints.restcontroller.ContactUsController$ContactUs,java.lang.String): [Field error in object 'contactUs' on field 'lastName': rejected value []; codes [NotBlank.contactUs.lastName,NotBlank.lastName,NotBlank.java.lang.String,NotBlank]; arguments [org.springframework.context.support.DefaultMessageSourceResolvable: codes [contactUs.lastName,lastName]; arguments []; default message [lastName]]; default message [must not be blank]] ]
2025-10-04T09:13:49.377+01:00  WARN 46798 --- [api-gateway] [    Test worker] [                                                 ] .w.s.m.s.DefaultHandlerExceptionResolver : Resolved [org.springframework.web.bind.MethodArgumentNotValidException: Validation failed for argument [0] in public org.springframework.http.ResponseEntity<java.lang.Void> com.simonjamesrowe.apigateway.entrypoints.restcontroller.ContactUsController.contactUs(com.simonjamesrowe.apigateway.entrypoints.restcontroller.ContactUsController$ContactUs,java.lang.String): [Field error in object 'contactUs' on field 'subject': rejected value []; codes [NotBlank.contactUs.subject,NotBlank.subject,NotBlank.java.lang.String,NotBlank]; arguments [org.springframework.context.support.DefaultMessageSourceResolvable: codes [contactUs.subject,subject]; arguments []; default message [subject]]; default message [must not be blank]] ]
2025-10-04T09:13:49.380+01:00  WARN 46798 --- [api-gateway] [    Test worker] [                                                 ] .w.s.m.s.DefaultHandlerExceptionResolver : Resolved [org.springframework.web.bind.MethodArgumentNotValidException: Validation failed for argument [0] in public org.springframework.http.ResponseEntity<java.lang.Void> com.simonjamesrowe.apigateway.entrypoints.restcontroller.ContactUsController.contactUs(com.simonjamesrowe.apigateway.entrypoints.restcontroller.ContactUsController$ContactUs,java.lang.String): [Field error in object 'contactUs' on field 'emailAddress': rejected value []; codes [NotBlank.contactUs.emailAddress,NotBlank.emailAddress,NotBlank.java.lang.String,NotBlank]; arguments [org.springframework.context.support.DefaultMessageSourceResolvable: codes [contactUs.emailAddress,emailAddress]; arguments []; default message [emailAddress]]; default message [must not be blank]] ]
2025-10-04T09:13:49.384+01:00  WARN 46798 --- [api-gateway] [    Test worker] [                                                 ] .w.s.m.s.DefaultHandlerExceptionResolver : Resolved [org.springframework.web.bind.MethodArgumentNotValidException: Validation failed for argument [0] in public org.springframework.http.ResponseEntity<java.lang.Void> com.simonjamesrowe.apigateway.entrypoints.restcontroller.ContactUsController.contactUs(com.simonjamesrowe.apigateway.entrypoints.restcontroller.ContactUsController$ContactUs,java.lang.String): [Field error in object 'contactUs' on field 'content': rejected value []; codes [NotBlank.contactUs.content,NotBlank.content,NotBlank.java.lang.String,NotBlank]; arguments [org.springframework.context.support.DefaultMessageSourceResolvable: codes [contactUs.content,content]; arguments []; default message [content]]; default message [must not be blank]] ]
2025-10-04T09:13:49.388+01:00  WARN 46798 --- [api-gateway] [    Test worker] [                                                 ] .w.s.m.s.DefaultHandlerExceptionResolver : Resolved [org.springframework.web.bind.MethodArgumentNotValidException: Validation failed for argument [0] in public org.springframework.http.ResponseEntity<java.lang.Void> com.simonjamesrowe.apigateway.entrypoints.restcontroller.ContactUsController.contactUs(com.simonjamesrowe.apigateway.entrypoints.restcontroller.ContactUsController$ContactUs,java.lang.String): [Field error in object 'contactUs' on field 'emailAddress': rejected value [invalidEmailAddress]; codes [Email.contactUs.emailAddress,Email.emailAddress,Email.java.lang.String,Email]; arguments [org.springframework.context.support.DefaultMessageSourceResolvable: codes [contactUs.emailAddress,emailAddress]; arguments []; default message [emailAddress],[Ljakarta.validation.constraints.Pattern$Flag;@7d2ffe0c,.*]; default message [must be a well-formed email address]] ]
]]></system-out>
  <system-err><![CDATA[]]></system-err>
</testsuite>
