<?xml version="1.0" encoding="UTF-8"?>
<testsuite name="com.simonjamesrowe.apigateway.test.usecase.ResumeUseCaseTest" tests="2" skipped="0" failures="0" errors="0" timestamp="2025-10-04T08:13:52" hostname="Simons-MacBook-Pro.local" time="0.089">
  <properties/>
  <testcase name="shouldInitializeResumeDataInConstructor()" classname="com.simonjamesrowe.apigateway.test.usecase.ResumeUseCaseTest" time="0.074"/>
  <testcase name="shouldRegenerateResume()" classname="com.simonjamesrowe.apigateway.test.usecase.ResumeUseCaseTest" time="0.014"/>
  <system-out><![CDATA[]]></system-out>
  <system-err><![CDATA[]]></system-err>
</testsuite>
