<?xml version="1.0" encoding="UTF-8"?>
<testsuite name="com.simonjamesrowe.component.test.redis.WithRedisContainerTest" tests="1" skipped="0" failures="0" errors="0" timestamp="2025-10-04T08:14:03" hostname="Simons-MacBook-Pro.local" time="0.209">
  <properties/>
  <testcase name="testRedisOperationsWithTestContainer()" classname="com.simonjamesrowe.component.test.redis.WithRedisContainerTest" time="0.209"/>
  <system-out><![CDATA[2025-10-04T09:14:01.988+01:00  INFO 46788 --- [component-test] [    Test worker] tc.redis:6-alpine                        : Creating container for image: redis:6-alpine
2025-10-04T09:14:02.051+01:00  INFO 46788 --- [component-test] [    Test worker] tc.redis:6-alpine                        : Container redis:6-alpine is starting: d2be4fbe9ebbc2144edd5a95e8ce35a701ecdddc346dacdb6ea57263ffa1d3fb
2025-10-04T09:14:03.712+01:00  INFO 46788 --- [component-test] [    Test worker] tc.redis:6-alpine                        : Container redis:6-alpine started in PT1.723442S
2025-10-04T09:14:03.712+01:00  INFO 46788 --- [component-test] [    Test worker] c.s.c.t.r.RedisTestContainersExtension   : Started Redis container at localhost:33276 with password authentication
2025-10-04T09:14:03.713+01:00  INFO 46788 --- [component-test] [    Test worker] t.c.s.AnnotationConfigContextLoaderUtils : Could not detect default configuration classes for test class [com.simonjamesrowe.component.test.redis.WithRedisContainerTest]: WithRedisContainerTest does not declare any static, non-private, non-final, nested classes annotated with @Configuration.
2025-10-04T09:14:03.716+01:00  INFO 46788 --- [component-test] [    Test worker] .b.t.c.SpringBootTestContextBootstrapper : Found @SpringBootConfiguration com.simonjamesrowe.component.test.TestApplication for test class com.simonjamesrowe.component.test.redis.WithRedisContainerTest
2025-10-04T09:14:03.720+01:00 DEBUG 46788 --- [component-test] [    Test worker] o.s.d.r.l.RedisMessageListenerContainer  : Stopped RedisMessageListenerContainer
2025-10-04T09:14:03.724+01:00  INFO 46788 --- [component-test] [    Test worker] o.apache.catalina.core.StandardService   : Stopping service [Tomcat]

  .   ____          _            __ _ _
 /\\ / ___'_ __ _ _(_)_ __  __ _ \ \ \ \
( ( )\___ | '_ | '_| | '_ \/ _` | \ \ \ \
 \\/  ___)| |_)| | | | | || (_| |  ) ) ) )
  '  |____| .__|_| |_|_| |_\__, | / / / /
 =========|_|==============|___/=/_/_/_/

 :: Spring Boot ::                (v3.3.5)

2025-10-04T09:14:03.756+01:00  INFO 46788 --- [component-test] [    Test worker] c.s.c.test.redis.WithRedisContainerTest  : No active profile set, falling back to 1 default profile: "default"
2025-10-04T09:14:03.797+01:00  INFO 46788 --- [component-test] [    Test worker] .s.d.r.c.RepositoryConfigurationDelegate : Multiple Spring Data modules found, entering strict repository configuration mode
2025-10-04T09:14:03.797+01:00  INFO 46788 --- [component-test] [    Test worker] .s.d.r.c.RepositoryConfigurationDelegate : Bootstrapping Spring Data Reactive Elasticsearch repositories in DEFAULT mode.
2025-10-04T09:14:03.797+01:00 DEBUG 46788 --- [component-test] [    Test worker] .s.d.r.c.RepositoryConfigurationDelegate : Scanning for Reactive Elasticsearch repositories in packages com.simonjamesrowe.component.test.
2025-10-04T09:14:03.798+01:00 TRACE 46788 --- [component-test] [    Test worker] o.s.d.r.c.RepositoryComponentProvider    : Scanning file [/Users/simonrowe/workspace/simonjamesrowe/backend-modulith/modules/component-test/build/classes/java/test/com/simonjamesrowe/component/test/TestApplication.class]
2025-10-04T09:14:03.798+01:00 TRACE 46788 --- [component-test] [    Test worker] o.s.d.r.c.RepositoryComponentProvider    : Ignored because not matching any filter: file [/Users/simonrowe/workspace/simonjamesrowe/backend-modulith/modules/component-test/build/classes/java/test/com/simonjamesrowe/component/test/TestApplication.class]
2025-10-04T09:14:03.798+01:00 TRACE 46788 --- [component-test] [    Test worker] o.s.d.r.c.RepositoryComponentProvider    : Scanning file [/Users/simonrowe/workspace/simonjamesrowe/backend-modulith/modules/component-test/build/classes/java/test/com/simonjamesrowe/component/test/WiremockTest.class]
2025-10-04T09:14:03.798+01:00 TRACE 46788 --- [component-test] [    Test worker] o.s.d.r.c.RepositoryComponentProvider    : Ignored because not matching any filter: file [/Users/simonrowe/workspace/simonjamesrowe/backend-modulith/modules/component-test/build/classes/java/test/com/simonjamesrowe/component/test/WiremockTest.class]
2025-10-04T09:14:03.798+01:00 TRACE 46788 --- [component-test] [    Test worker] o.s.d.r.c.RepositoryComponentProvider    : Scanning file [/Users/simonrowe/workspace/simonjamesrowe/backend-modulith/modules/component-test/build/classes/java/test/com/simonjamesrowe/component/test/elasticsearch/ElasticsearchTestConfiguration.class]
2025-10-04T09:14:03.798+01:00 TRACE 46788 --- [component-test] [    Test worker] o.s.d.r.c.RepositoryComponentProvider    : Ignored because not matching any filter: file [/Users/simonrowe/workspace/simonjamesrowe/backend-modulith/modules/component-test/build/classes/java/test/com/simonjamesrowe/component/test/elasticsearch/ElasticsearchTestConfiguration.class]
2025-10-04T09:14:03.798+01:00 TRACE 46788 --- [component-test] [    Test worker] o.s.d.r.c.RepositoryComponentProvider    : Scanning file [/Users/simonrowe/workspace/simonjamesrowe/backend-modulith/modules/component-test/build/classes/java/test/com/simonjamesrowe/component/test/elasticsearch/TestDocument.class]
2025-10-04T09:14:03.798+01:00 TRACE 46788 --- [component-test] [    Test worker] o.s.d.r.c.RepositoryComponentProvider    : Ignored because not matching any filter: file [/Users/simonrowe/workspace/simonjamesrowe/backend-modulith/modules/component-test/build/classes/java/test/com/simonjamesrowe/component/test/elasticsearch/TestDocument.class]
2025-10-04T09:14:03.798+01:00 TRACE 46788 --- [component-test] [    Test worker] o.s.d.r.c.RepositoryComponentProvider    : Scanning file [/Users/simonrowe/workspace/simonjamesrowe/backend-modulith/modules/component-test/build/classes/java/test/com/simonjamesrowe/component/test/elasticsearch/TestRepository.class]
2025-10-04T09:14:03.798+01:00 DEBUG 46788 --- [component-test] [    Test worker] o.s.d.r.c.RepositoryComponentProvider    : Identified candidate component class: file [/Users/simonrowe/workspace/simonjamesrowe/backend-modulith/modules/component-test/build/classes/java/test/com/simonjamesrowe/component/test/elasticsearch/TestRepository.class]
2025-10-04T09:14:03.798+01:00 TRACE 46788 --- [component-test] [    Test worker] o.s.d.r.c.RepositoryComponentProvider    : Scanning file [/Users/simonrowe/workspace/simonjamesrowe/backend-modulith/modules/component-test/build/classes/java/test/com/simonjamesrowe/component/test/elasticsearch/WithElasticsearchContainerTest.class]
2025-10-04T09:14:03.798+01:00 TRACE 46788 --- [component-test] [    Test worker] o.s.d.r.c.RepositoryComponentProvider    : Ignored because not matching any filter: file [/Users/simonrowe/workspace/simonjamesrowe/backend-modulith/modules/component-test/build/classes/java/test/com/simonjamesrowe/component/test/elasticsearch/WithElasticsearchContainerTest.class]
2025-10-04T09:14:03.798+01:00 TRACE 46788 --- [component-test] [    Test worker] o.s.d.r.c.RepositoryComponentProvider    : Scanning file [/Users/simonrowe/workspace/simonjamesrowe/backend-modulith/modules/component-test/build/classes/java/test/com/simonjamesrowe/component/test/jwt/JwtUtilsTest.class]
2025-10-04T09:14:03.798+01:00 TRACE 46788 --- [component-test] [    Test worker] o.s.d.r.c.RepositoryComponentProvider    : Ignored because not matching any filter: file [/Users/simonrowe/workspace/simonjamesrowe/backend-modulith/modules/component-test/build/classes/java/test/com/simonjamesrowe/component/test/jwt/JwtUtilsTest.class]
2025-10-04T09:14:03.799+01:00 TRACE 46788 --- [component-test] [    Test worker] o.s.d.r.c.RepositoryComponentProvider    : Scanning file [/Users/simonrowe/workspace/simonjamesrowe/backend-modulith/modules/component-test/build/classes/java/test/com/simonjamesrowe/component/test/kafka/TestKafkaListener2.class]
2025-10-04T09:14:03.799+01:00 TRACE 46788 --- [component-test] [    Test worker] o.s.d.r.c.RepositoryComponentProvider    : Ignored because not matching any filter: file [/Users/simonrowe/workspace/simonjamesrowe/backend-modulith/modules/component-test/build/classes/java/test/com/simonjamesrowe/component/test/kafka/TestKafkaListener2.class]
2025-10-04T09:14:03.799+01:00 TRACE 46788 --- [component-test] [    Test worker] o.s.d.r.c.RepositoryComponentProvider    : Scanning file [/Users/simonrowe/workspace/simonjamesrowe/backend-modulith/modules/component-test/build/classes/java/test/com/simonjamesrowe/component/test/kafka/WithKafkaContainerTest.class]
2025-10-04T09:14:03.799+01:00 TRACE 46788 --- [component-test] [    Test worker] o.s.d.r.c.RepositoryComponentProvider    : Ignored because not matching any filter: file [/Users/simonrowe/workspace/simonjamesrowe/backend-modulith/modules/component-test/build/classes/java/test/com/simonjamesrowe/component/test/kafka/WithKafkaContainerTest.class]
2025-10-04T09:14:03.799+01:00 TRACE 46788 --- [component-test] [    Test worker] o.s.d.r.c.RepositoryComponentProvider    : Scanning file [/Users/simonrowe/workspace/simonjamesrowe/backend-modulith/modules/component-test/build/classes/java/test/com/simonjamesrowe/component/test/mongo/MongoDocument.class]
2025-10-04T09:14:03.799+01:00 TRACE 46788 --- [component-test] [    Test worker] o.s.d.r.c.RepositoryComponentProvider    : Ignored because not matching any filter: file [/Users/simonrowe/workspace/simonjamesrowe/backend-modulith/modules/component-test/build/classes/java/test/com/simonjamesrowe/component/test/mongo/MongoDocument.class]
2025-10-04T09:14:03.799+01:00 TRACE 46788 --- [component-test] [    Test worker] o.s.d.r.c.RepositoryComponentProvider    : Scanning file [/Users/simonrowe/workspace/simonjamesrowe/backend-modulith/modules/component-test/build/classes/java/test/com/simonjamesrowe/component/test/mongo/MongoRepository.class]
2025-10-04T09:14:03.799+01:00 DEBUG 46788 --- [component-test] [    Test worker] o.s.d.r.c.RepositoryComponentProvider    : Identified candidate component class: file [/Users/simonrowe/workspace/simonjamesrowe/backend-modulith/modules/component-test/build/classes/java/test/com/simonjamesrowe/component/test/mongo/MongoRepository.class]
2025-10-04T09:14:03.799+01:00 TRACE 46788 --- [component-test] [    Test worker] o.s.d.r.c.RepositoryComponentProvider    : Scanning file [/Users/simonrowe/workspace/simonjamesrowe/backend-modulith/modules/component-test/build/classes/java/test/com/simonjamesrowe/component/test/mongo/WithMongoDBContainerTest.class]
2025-10-04T09:14:03.799+01:00 TRACE 46788 --- [component-test] [    Test worker] o.s.d.r.c.RepositoryComponentProvider    : Ignored because not matching any filter: file [/Users/simonrowe/workspace/simonjamesrowe/backend-modulith/modules/component-test/build/classes/java/test/com/simonjamesrowe/component/test/mongo/WithMongoDBContainerTest.class]
2025-10-04T09:14:03.799+01:00 TRACE 46788 --- [component-test] [    Test worker] o.s.d.r.c.RepositoryComponentProvider    : Scanning file [/Users/simonrowe/workspace/simonjamesrowe/backend-modulith/modules/component-test/build/classes/java/test/com/simonjamesrowe/component/test/postgresql/JpaEntity.class]
2025-10-04T09:14:03.799+01:00 TRACE 46788 --- [component-test] [    Test worker] o.s.d.r.c.RepositoryComponentProvider    : Ignored because not matching any filter: file [/Users/simonrowe/workspace/simonjamesrowe/backend-modulith/modules/component-test/build/classes/java/test/com/simonjamesrowe/component/test/postgresql/JpaEntity.class]
2025-10-04T09:14:03.799+01:00 TRACE 46788 --- [component-test] [    Test worker] o.s.d.r.c.RepositoryComponentProvider    : Scanning file [/Users/simonrowe/workspace/simonjamesrowe/backend-modulith/modules/component-test/build/classes/java/test/com/simonjamesrowe/component/test/postgresql/JpaEntityRepository.class]
2025-10-04T09:14:03.799+01:00 DEBUG 46788 --- [component-test] [    Test worker] o.s.d.r.c.RepositoryComponentProvider    : Identified candidate component class: file [/Users/simonrowe/workspace/simonjamesrowe/backend-modulith/modules/component-test/build/classes/java/test/com/simonjamesrowe/component/test/postgresql/JpaEntityRepository.class]
2025-10-04T09:14:03.799+01:00 TRACE 46788 --- [component-test] [    Test worker] o.s.d.r.c.RepositoryComponentProvider    : Scanning file [/Users/simonrowe/workspace/simonjamesrowe/backend-modulith/modules/component-test/build/classes/java/test/com/simonjamesrowe/component/test/postgresql/WithPostgresContainerTest.class]
2025-10-04T09:14:03.799+01:00 TRACE 46788 --- [component-test] [    Test worker] o.s.d.r.c.RepositoryComponentProvider    : Ignored because not matching any filter: file [/Users/simonrowe/workspace/simonjamesrowe/backend-modulith/modules/component-test/build/classes/java/test/com/simonjamesrowe/component/test/postgresql/WithPostgresContainerTest.class]
2025-10-04T09:14:03.799+01:00 TRACE 46788 --- [component-test] [    Test worker] o.s.d.r.c.RepositoryComponentProvider    : Scanning file [/Users/simonrowe/workspace/simonjamesrowe/backend-modulith/modules/component-test/build/classes/java/test/com/simonjamesrowe/component/test/redis/WithRedisContainerTest.class]
2025-10-04T09:14:03.799+01:00 TRACE 46788 --- [component-test] [    Test worker] o.s.d.r.c.RepositoryComponentProvider    : Ignored because not matching any filter: file [/Users/simonrowe/workspace/simonjamesrowe/backend-modulith/modules/component-test/build/classes/java/test/com/simonjamesrowe/component/test/redis/WithRedisContainerTest.class]
2025-10-04T09:14:03.799+01:00 TRACE 46788 --- [component-test] [    Test worker] o.s.d.r.c.RepositoryComponentProvider    : Scanning file [/Users/simonrowe/workspace/simonjamesrowe/backend-modulith/modules/component-test/build/classes/java/test/com/simonjamesrowe/component/test/vault/WithVaultContainerTest.class]
2025-10-04T09:14:03.799+01:00 TRACE 46788 --- [component-test] [    Test worker] o.s.d.r.c.RepositoryComponentProvider    : Ignored because not matching any filter: file [/Users/simonrowe/workspace/simonjamesrowe/backend-modulith/modules/component-test/build/classes/java/test/com/simonjamesrowe/component/test/vault/WithVaultContainerTest.class]
2025-10-04T09:14:03.799+01:00 TRACE 46788 --- [component-test] [    Test worker] o.s.d.r.c.RepositoryComponentProvider    : Scanning file [/Users/simonrowe/workspace/simonjamesrowe/backend-modulith/modules/component-test/build/classes/java/main/com/simonjamesrowe/component/test/BaseComponentTest.class]
2025-10-04T09:14:03.799+01:00 TRACE 46788 --- [component-test] [    Test worker] o.s.d.r.c.RepositoryComponentProvider    : Ignored because not matching any filter: file [/Users/simonrowe/workspace/simonjamesrowe/backend-modulith/modules/component-test/build/classes/java/main/com/simonjamesrowe/component/test/BaseComponentTest.class]
2025-10-04T09:14:03.799+01:00 TRACE 46788 --- [component-test] [    Test worker] o.s.d.r.c.RepositoryComponentProvider    : Scanning file [/Users/simonrowe/workspace/simonjamesrowe/backend-modulith/modules/component-test/build/classes/java/main/com/simonjamesrowe/component/test/ComponentTest.class]
2025-10-04T09:14:03.799+01:00 TRACE 46788 --- [component-test] [    Test worker] o.s.d.r.c.RepositoryComponentProvider    : Ignored because not matching any filter: file [/Users/simonrowe/workspace/simonjamesrowe/backend-modulith/modules/component-test/build/classes/java/main/com/simonjamesrowe/component/test/ComponentTest.class]
2025-10-04T09:14:03.799+01:00 TRACE 46788 --- [component-test] [    Test worker] o.s.d.r.c.RepositoryComponentProvider    : Scanning file [/Users/simonrowe/workspace/simonjamesrowe/backend-modulith/modules/component-test/build/classes/java/main/com/simonjamesrowe/component/test/JpaTest.class]
2025-10-04T09:14:03.799+01:00 TRACE 46788 --- [component-test] [    Test worker] o.s.d.r.c.RepositoryComponentProvider    : Ignored because not matching any filter: file [/Users/simonrowe/workspace/simonjamesrowe/backend-modulith/modules/component-test/build/classes/java/main/com/simonjamesrowe/component/test/JpaTest.class]
2025-10-04T09:14:03.799+01:00 TRACE 46788 --- [component-test] [    Test worker] o.s.d.r.c.RepositoryComponentProvider    : Scanning file [/Users/simonrowe/workspace/simonjamesrowe/backend-modulith/modules/component-test/build/classes/java/main/com/simonjamesrowe/component/test/MongoTest.class]
2025-10-04T09:14:03.799+01:00 TRACE 46788 --- [component-test] [    Test worker] o.s.d.r.c.RepositoryComponentProvider    : Ignored because not matching any filter: file [/Users/simonrowe/workspace/simonjamesrowe/backend-modulith/modules/component-test/build/classes/java/main/com/simonjamesrowe/component/test/MongoTest.class]
2025-10-04T09:14:03.799+01:00 TRACE 46788 --- [component-test] [    Test worker] o.s.d.r.c.RepositoryComponentProvider    : Scanning file [/Users/simonrowe/workspace/simonjamesrowe/backend-modulith/modules/component-test/build/classes/java/main/com/simonjamesrowe/component/test/containers/ContainerConfigurationUtils.class]
2025-10-04T09:14:03.799+01:00 TRACE 46788 --- [component-test] [    Test worker] o.s.d.r.c.RepositoryComponentProvider    : Ignored because not matching any filter: file [/Users/simonrowe/workspace/simonjamesrowe/backend-modulith/modules/component-test/build/classes/java/main/com/simonjamesrowe/component/test/containers/ContainerConfigurationUtils.class]
2025-10-04T09:14:03.799+01:00 TRACE 46788 --- [component-test] [    Test worker] o.s.d.r.c.RepositoryComponentProvider    : Scanning file [/Users/simonrowe/workspace/simonjamesrowe/backend-modulith/modules/component-test/build/classes/java/main/com/simonjamesrowe/component/test/elasticsearch/ElasticsearchTestContainerExtension.class]
2025-10-04T09:14:03.800+01:00 TRACE 46788 --- [component-test] [    Test worker] o.s.d.r.c.RepositoryComponentProvider    : Ignored because not matching any filter: file [/Users/simonrowe/workspace/simonjamesrowe/backend-modulith/modules/component-test/build/classes/java/main/com/simonjamesrowe/component/test/elasticsearch/ElasticsearchTestContainerExtension.class]
2025-10-04T09:14:03.800+01:00 TRACE 46788 --- [component-test] [    Test worker] o.s.d.r.c.RepositoryComponentProvider    : Scanning file [/Users/simonrowe/workspace/simonjamesrowe/backend-modulith/modules/component-test/build/classes/java/main/com/simonjamesrowe/component/test/elasticsearch/WithElasticsearchContainer.class]
2025-10-04T09:14:03.800+01:00 TRACE 46788 --- [component-test] [    Test worker] o.s.d.r.c.RepositoryComponentProvider    : Ignored because not matching any filter: file [/Users/simonrowe/workspace/simonjamesrowe/backend-modulith/modules/component-test/build/classes/java/main/com/simonjamesrowe/component/test/elasticsearch/WithElasticsearchContainer.class]
2025-10-04T09:14:03.800+01:00 TRACE 46788 --- [component-test] [    Test worker] o.s.d.r.c.RepositoryComponentProvider    : Scanning file [/Users/simonrowe/workspace/simonjamesrowe/backend-modulith/modules/component-test/build/classes/java/main/com/simonjamesrowe/component/test/jwt/JwtUtils.class]
2025-10-04T09:14:03.800+01:00 TRACE 46788 --- [component-test] [    Test worker] o.s.d.r.c.RepositoryComponentProvider    : Ignored because not matching any filter: file [/Users/simonrowe/workspace/simonjamesrowe/backend-modulith/modules/component-test/build/classes/java/main/com/simonjamesrowe/component/test/jwt/JwtUtils.class]
2025-10-04T09:14:03.800+01:00 TRACE 46788 --- [component-test] [    Test worker] o.s.d.r.c.RepositoryComponentProvider    : Scanning file [/Users/simonrowe/workspace/simonjamesrowe/backend-modulith/modules/component-test/build/classes/java/main/com/simonjamesrowe/component/test/kafka/KafkaContainerExtension.class]
2025-10-04T09:14:03.800+01:00 TRACE 46788 --- [component-test] [    Test worker] o.s.d.r.c.RepositoryComponentProvider    : Ignored because not matching any filter: file [/Users/simonrowe/workspace/simonjamesrowe/backend-modulith/modules/component-test/build/classes/java/main/com/simonjamesrowe/component/test/kafka/KafkaContainerExtension.class]
2025-10-04T09:14:03.800+01:00 TRACE 46788 --- [component-test] [    Test worker] o.s.d.r.c.RepositoryComponentProvider    : Scanning file [/Users/simonrowe/workspace/simonjamesrowe/backend-modulith/modules/component-test/build/classes/java/main/com/simonjamesrowe/component/test/kafka/SchemaRegistryContainerExtension.class]
2025-10-04T09:14:03.800+01:00 TRACE 46788 --- [component-test] [    Test worker] o.s.d.r.c.RepositoryComponentProvider    : Ignored because not matching any filter: file [/Users/simonrowe/workspace/simonjamesrowe/backend-modulith/modules/component-test/build/classes/java/main/com/simonjamesrowe/component/test/kafka/SchemaRegistryContainerExtension.class]
2025-10-04T09:14:03.800+01:00 TRACE 46788 --- [component-test] [    Test worker] o.s.d.r.c.RepositoryComponentProvider    : Scanning file [/Users/simonrowe/workspace/simonjamesrowe/backend-modulith/modules/component-test/build/classes/java/main/com/simonjamesrowe/component/test/kafka/WithKafkaContainer.class]
2025-10-04T09:14:03.800+01:00 TRACE 46788 --- [component-test] [    Test worker] o.s.d.r.c.RepositoryComponentProvider    : Ignored because not matching any filter: file [/Users/simonrowe/workspace/simonjamesrowe/backend-modulith/modules/component-test/build/classes/java/main/com/simonjamesrowe/component/test/kafka/WithKafkaContainer.class]
2025-10-04T09:14:03.800+01:00 TRACE 46788 --- [component-test] [    Test worker] o.s.d.r.c.RepositoryComponentProvider    : Scanning file [/Users/simonrowe/workspace/simonjamesrowe/backend-modulith/modules/component-test/build/classes/java/main/com/simonjamesrowe/component/test/mongo/MongoDBTestContainersExtension.class]
2025-10-04T09:14:03.800+01:00 TRACE 46788 --- [component-test] [    Test worker] o.s.d.r.c.RepositoryComponentProvider    : Ignored because not matching any filter: file [/Users/simonrowe/workspace/simonjamesrowe/backend-modulith/modules/component-test/build/classes/java/main/com/simonjamesrowe/component/test/mongo/MongoDBTestContainersExtension.class]
2025-10-04T09:14:03.800+01:00 TRACE 46788 --- [component-test] [    Test worker] o.s.d.r.c.RepositoryComponentProvider    : Scanning file [/Users/simonrowe/workspace/simonjamesrowe/backend-modulith/modules/component-test/build/classes/java/main/com/simonjamesrowe/component/test/mongo/TestDataRunner.class]
2025-10-04T09:14:03.800+01:00 TRACE 46788 --- [component-test] [    Test worker] o.s.d.r.c.RepositoryComponentProvider    : Ignored because not matching any filter: file [/Users/simonrowe/workspace/simonjamesrowe/backend-modulith/modules/component-test/build/classes/java/main/com/simonjamesrowe/component/test/mongo/TestDataRunner.class]
2025-10-04T09:14:03.800+01:00 TRACE 46788 --- [component-test] [    Test worker] o.s.d.r.c.RepositoryComponentProvider    : Scanning file [/Users/simonrowe/workspace/simonjamesrowe/backend-modulith/modules/component-test/build/classes/java/main/com/simonjamesrowe/component/test/mongo/WithMongoDBContainer.class]
2025-10-04T09:14:03.800+01:00 TRACE 46788 --- [component-test] [    Test worker] o.s.d.r.c.RepositoryComponentProvider    : Ignored because not matching any filter: file [/Users/simonrowe/workspace/simonjamesrowe/backend-modulith/modules/component-test/build/classes/java/main/com/simonjamesrowe/component/test/mongo/WithMongoDBContainer.class]
2025-10-04T09:14:03.800+01:00 TRACE 46788 --- [component-test] [    Test worker] o.s.d.r.c.RepositoryComponentProvider    : Scanning file [/Users/simonrowe/workspace/simonjamesrowe/backend-modulith/modules/component-test/build/classes/java/main/com/simonjamesrowe/component/test/postgresql/PostgresqlTestContainersExtension.class]
2025-10-04T09:14:03.800+01:00 TRACE 46788 --- [component-test] [    Test worker] o.s.d.r.c.RepositoryComponentProvider    : Ignored because not matching any filter: file [/Users/simonrowe/workspace/simonjamesrowe/backend-modulith/modules/component-test/build/classes/java/main/com/simonjamesrowe/component/test/postgresql/PostgresqlTestContainersExtension.class]
2025-10-04T09:14:03.800+01:00 TRACE 46788 --- [component-test] [    Test worker] o.s.d.r.c.RepositoryComponentProvider    : Scanning file [/Users/simonrowe/workspace/simonjamesrowe/backend-modulith/modules/component-test/build/classes/java/main/com/simonjamesrowe/component/test/postgresql/WithPostgresContainer.class]
2025-10-04T09:14:03.800+01:00 TRACE 46788 --- [component-test] [    Test worker] o.s.d.r.c.RepositoryComponentProvider    : Ignored because not matching any filter: file [/Users/simonrowe/workspace/simonjamesrowe/backend-modulith/modules/component-test/build/classes/java/main/com/simonjamesrowe/component/test/postgresql/WithPostgresContainer.class]
2025-10-04T09:14:03.800+01:00 TRACE 46788 --- [component-test] [    Test worker] o.s.d.r.c.RepositoryComponentProvider    : Scanning file [/Users/simonrowe/workspace/simonjamesrowe/backend-modulith/modules/component-test/build/classes/java/main/com/simonjamesrowe/component/test/redis/RedisTestContainersExtension.class]
2025-10-04T09:14:03.800+01:00 TRACE 46788 --- [component-test] [    Test worker] o.s.d.r.c.RepositoryComponentProvider    : Ignored because not matching any filter: file [/Users/simonrowe/workspace/simonjamesrowe/backend-modulith/modules/component-test/build/classes/java/main/com/simonjamesrowe/component/test/redis/RedisTestContainersExtension.class]
2025-10-04T09:14:03.800+01:00 TRACE 46788 --- [component-test] [    Test worker] o.s.d.r.c.RepositoryComponentProvider    : Scanning file [/Users/simonrowe/workspace/simonjamesrowe/backend-modulith/modules/component-test/build/classes/java/main/com/simonjamesrowe/component/test/redis/WithRedisContainer.class]
2025-10-04T09:14:03.800+01:00 TRACE 46788 --- [component-test] [    Test worker] o.s.d.r.c.RepositoryComponentProvider    : Ignored because not matching any filter: file [/Users/simonrowe/workspace/simonjamesrowe/backend-modulith/modules/component-test/build/classes/java/main/com/simonjamesrowe/component/test/redis/WithRedisContainer.class]
2025-10-04T09:14:03.800+01:00 TRACE 46788 --- [component-test] [    Test worker] o.s.d.r.c.RepositoryComponentProvider    : Scanning file [/Users/simonrowe/workspace/simonjamesrowe/backend-modulith/modules/component-test/build/classes/java/main/com/simonjamesrowe/component/test/utils/PortUtils.class]
2025-10-04T09:14:03.800+01:00 TRACE 46788 --- [component-test] [    Test worker] o.s.d.r.c.RepositoryComponentProvider    : Ignored because not matching any filter: file [/Users/simonrowe/workspace/simonjamesrowe/backend-modulith/modules/component-test/build/classes/java/main/com/simonjamesrowe/component/test/utils/PortUtils.class]
2025-10-04T09:14:03.800+01:00 TRACE 46788 --- [component-test] [    Test worker] o.s.d.r.c.RepositoryComponentProvider    : Scanning file [/Users/simonrowe/workspace/simonjamesrowe/backend-modulith/modules/component-test/build/classes/java/main/com/simonjamesrowe/component/test/vault/VaultTestContainersExtension.class]
2025-10-04T09:14:03.801+01:00 TRACE 46788 --- [component-test] [    Test worker] o.s.d.r.c.RepositoryComponentProvider    : Ignored because not matching any filter: file [/Users/simonrowe/workspace/simonjamesrowe/backend-modulith/modules/component-test/build/classes/java/main/com/simonjamesrowe/component/test/vault/VaultTestContainersExtension.class]
2025-10-04T09:14:03.801+01:00 TRACE 46788 --- [component-test] [    Test worker] o.s.d.r.c.RepositoryComponentProvider    : Scanning file [/Users/simonrowe/workspace/simonjamesrowe/backend-modulith/modules/component-test/build/classes/java/main/com/simonjamesrowe/component/test/vault/WithVaultContainer.class]
2025-10-04T09:14:03.801+01:00 TRACE 46788 --- [component-test] [    Test worker] o.s.d.r.c.RepositoryComponentProvider    : Ignored because not matching any filter: file [/Users/simonrowe/workspace/simonjamesrowe/backend-modulith/modules/component-test/build/classes/java/main/com/simonjamesrowe/component/test/vault/WithVaultContainer.class]
2025-10-04T09:14:03.801+01:00  INFO 46788 --- [component-test] [    Test worker] .RepositoryConfigurationExtensionSupport : Spring Data Reactive Elasticsearch - Could not safely identify store assignment for repository candidate interface com.simonjamesrowe.component.test.mongo.MongoRepository; If you want this repository to be a Reactive Elasticsearch repository, consider annotating your entities with one of these annotations: org.springframework.data.elasticsearch.annotations.Document (preferred), or consider extending one of the following types with your repository: org.springframework.data.elasticsearch.repository.ReactiveElasticsearchRepository
2025-10-04T09:14:03.801+01:00  INFO 46788 --- [component-test] [    Test worker] .RepositoryConfigurationExtensionSupport : Spring Data Reactive Elasticsearch - Could not safely identify store assignment for repository candidate interface com.simonjamesrowe.component.test.postgresql.JpaEntityRepository; If you want this repository to be a Reactive Elasticsearch repository, consider annotating your entities with one of these annotations: org.springframework.data.elasticsearch.annotations.Document (preferred), or consider extending one of the following types with your repository: org.springframework.data.elasticsearch.repository.ReactiveElasticsearchRepository
2025-10-04T09:14:03.801+01:00  INFO 46788 --- [component-test] [    Test worker] .s.d.r.c.RepositoryConfigurationDelegate : Finished Spring Data repository scanning in 3 ms. Found 0 Reactive Elasticsearch repository interfaces.
2025-10-04T09:14:03.802+01:00  INFO 46788 --- [component-test] [    Test worker] .s.d.r.c.RepositoryConfigurationDelegate : Multiple Spring Data modules found, entering strict repository configuration mode
2025-10-04T09:14:03.802+01:00  INFO 46788 --- [component-test] [    Test worker] .s.d.r.c.RepositoryConfigurationDelegate : Bootstrapping Spring Data Redis repositories in DEFAULT mode.
2025-10-04T09:14:03.802+01:00 DEBUG 46788 --- [component-test] [    Test worker] .s.d.r.c.RepositoryConfigurationDelegate : Scanning for Redis repositories in packages com.simonjamesrowe.component.test.
2025-10-04T09:14:03.803+01:00 TRACE 46788 --- [component-test] [    Test worker] o.s.d.r.c.RepositoryComponentProvider    : Scanning file [/Users/simonrowe/workspace/simonjamesrowe/backend-modulith/modules/component-test/build/classes/java/test/com/simonjamesrowe/component/test/TestApplication.class]
2025-10-04T09:14:03.803+01:00 TRACE 46788 --- [component-test] [    Test worker] o.s.d.r.c.RepositoryComponentProvider    : Ignored because not matching any filter: file [/Users/simonrowe/workspace/simonjamesrowe/backend-modulith/modules/component-test/build/classes/java/test/com/simonjamesrowe/component/test/TestApplication.class]
2025-10-04T09:14:03.803+01:00 TRACE 46788 --- [component-test] [    Test worker] o.s.d.r.c.RepositoryComponentProvider    : Scanning file [/Users/simonrowe/workspace/simonjamesrowe/backend-modulith/modules/component-test/build/classes/java/test/com/simonjamesrowe/component/test/WiremockTest.class]
2025-10-04T09:14:03.803+01:00 TRACE 46788 --- [component-test] [    Test worker] o.s.d.r.c.RepositoryComponentProvider    : Ignored because not matching any filter: file [/Users/simonrowe/workspace/simonjamesrowe/backend-modulith/modules/component-test/build/classes/java/test/com/simonjamesrowe/component/test/WiremockTest.class]
2025-10-04T09:14:03.803+01:00 TRACE 46788 --- [component-test] [    Test worker] o.s.d.r.c.RepositoryComponentProvider    : Scanning file [/Users/simonrowe/workspace/simonjamesrowe/backend-modulith/modules/component-test/build/classes/java/test/com/simonjamesrowe/component/test/elasticsearch/ElasticsearchTestConfiguration.class]
2025-10-04T09:14:03.803+01:00 TRACE 46788 --- [component-test] [    Test worker] o.s.d.r.c.RepositoryComponentProvider    : Ignored because not matching any filter: file [/Users/simonrowe/workspace/simonjamesrowe/backend-modulith/modules/component-test/build/classes/java/test/com/simonjamesrowe/component/test/elasticsearch/ElasticsearchTestConfiguration.class]
2025-10-04T09:14:03.803+01:00 TRACE 46788 --- [component-test] [    Test worker] o.s.d.r.c.RepositoryComponentProvider    : Scanning file [/Users/simonrowe/workspace/simonjamesrowe/backend-modulith/modules/component-test/build/classes/java/test/com/simonjamesrowe/component/test/elasticsearch/TestDocument.class]
2025-10-04T09:14:03.803+01:00 TRACE 46788 --- [component-test] [    Test worker] o.s.d.r.c.RepositoryComponentProvider    : Ignored because not matching any filter: file [/Users/simonrowe/workspace/simonjamesrowe/backend-modulith/modules/component-test/build/classes/java/test/com/simonjamesrowe/component/test/elasticsearch/TestDocument.class]
2025-10-04T09:14:03.803+01:00 TRACE 46788 --- [component-test] [    Test worker] o.s.d.r.c.RepositoryComponentProvider    : Scanning file [/Users/simonrowe/workspace/simonjamesrowe/backend-modulith/modules/component-test/build/classes/java/test/com/simonjamesrowe/component/test/elasticsearch/TestRepository.class]
2025-10-04T09:14:03.803+01:00 DEBUG 46788 --- [component-test] [    Test worker] o.s.d.r.c.RepositoryComponentProvider    : Identified candidate component class: file [/Users/simonrowe/workspace/simonjamesrowe/backend-modulith/modules/component-test/build/classes/java/test/com/simonjamesrowe/component/test/elasticsearch/TestRepository.class]
2025-10-04T09:14:03.803+01:00 TRACE 46788 --- [component-test] [    Test worker] o.s.d.r.c.RepositoryComponentProvider    : Scanning file [/Users/simonrowe/workspace/simonjamesrowe/backend-modulith/modules/component-test/build/classes/java/test/com/simonjamesrowe/component/test/elasticsearch/WithElasticsearchContainerTest.class]
2025-10-04T09:14:03.803+01:00 TRACE 46788 --- [component-test] [    Test worker] o.s.d.r.c.RepositoryComponentProvider    : Ignored because not matching any filter: file [/Users/simonrowe/workspace/simonjamesrowe/backend-modulith/modules/component-test/build/classes/java/test/com/simonjamesrowe/component/test/elasticsearch/WithElasticsearchContainerTest.class]
2025-10-04T09:14:03.803+01:00 TRACE 46788 --- [component-test] [    Test worker] o.s.d.r.c.RepositoryComponentProvider    : Scanning file [/Users/simonrowe/workspace/simonjamesrowe/backend-modulith/modules/component-test/build/classes/java/test/com/simonjamesrowe/component/test/jwt/JwtUtilsTest.class]
2025-10-04T09:14:03.803+01:00 TRACE 46788 --- [component-test] [    Test worker] o.s.d.r.c.RepositoryComponentProvider    : Ignored because not matching any filter: file [/Users/simonrowe/workspace/simonjamesrowe/backend-modulith/modules/component-test/build/classes/java/test/com/simonjamesrowe/component/test/jwt/JwtUtilsTest.class]
2025-10-04T09:14:03.803+01:00 TRACE 46788 --- [component-test] [    Test worker] o.s.d.r.c.RepositoryComponentProvider    : Scanning file [/Users/simonrowe/workspace/simonjamesrowe/backend-modulith/modules/component-test/build/classes/java/test/com/simonjamesrowe/component/test/kafka/TestKafkaListener2.class]
2025-10-04T09:14:03.803+01:00 TRACE 46788 --- [component-test] [    Test worker] o.s.d.r.c.RepositoryComponentProvider    : Ignored because not matching any filter: file [/Users/simonrowe/workspace/simonjamesrowe/backend-modulith/modules/component-test/build/classes/java/test/com/simonjamesrowe/component/test/kafka/TestKafkaListener2.class]
2025-10-04T09:14:03.803+01:00 TRACE 46788 --- [component-test] [    Test worker] o.s.d.r.c.RepositoryComponentProvider    : Scanning file [/Users/simonrowe/workspace/simonjamesrowe/backend-modulith/modules/component-test/build/classes/java/test/com/simonjamesrowe/component/test/kafka/WithKafkaContainerTest.class]
2025-10-04T09:14:03.803+01:00 TRACE 46788 --- [component-test] [    Test worker] o.s.d.r.c.RepositoryComponentProvider    : Ignored because not matching any filter: file [/Users/simonrowe/workspace/simonjamesrowe/backend-modulith/modules/component-test/build/classes/java/test/com/simonjamesrowe/component/test/kafka/WithKafkaContainerTest.class]
2025-10-04T09:14:03.803+01:00 TRACE 46788 --- [component-test] [    Test worker] o.s.d.r.c.RepositoryComponentProvider    : Scanning file [/Users/simonrowe/workspace/simonjamesrowe/backend-modulith/modules/component-test/build/classes/java/test/com/simonjamesrowe/component/test/mongo/MongoDocument.class]
2025-10-04T09:14:03.803+01:00 TRACE 46788 --- [component-test] [    Test worker] o.s.d.r.c.RepositoryComponentProvider    : Ignored because not matching any filter: file [/Users/simonrowe/workspace/simonjamesrowe/backend-modulith/modules/component-test/build/classes/java/test/com/simonjamesrowe/component/test/mongo/MongoDocument.class]
2025-10-04T09:14:03.803+01:00 TRACE 46788 --- [component-test] [    Test worker] o.s.d.r.c.RepositoryComponentProvider    : Scanning file [/Users/simonrowe/workspace/simonjamesrowe/backend-modulith/modules/component-test/build/classes/java/test/com/simonjamesrowe/component/test/mongo/MongoRepository.class]
2025-10-04T09:14:03.803+01:00 DEBUG 46788 --- [component-test] [    Test worker] o.s.d.r.c.RepositoryComponentProvider    : Identified candidate component class: file [/Users/simonrowe/workspace/simonjamesrowe/backend-modulith/modules/component-test/build/classes/java/test/com/simonjamesrowe/component/test/mongo/MongoRepository.class]
2025-10-04T09:14:03.803+01:00 TRACE 46788 --- [component-test] [    Test worker] o.s.d.r.c.RepositoryComponentProvider    : Scanning file [/Users/simonrowe/workspace/simonjamesrowe/backend-modulith/modules/component-test/build/classes/java/test/com/simonjamesrowe/component/test/mongo/WithMongoDBContainerTest.class]
2025-10-04T09:14:03.803+01:00 TRACE 46788 --- [component-test] [    Test worker] o.s.d.r.c.RepositoryComponentProvider    : Ignored because not matching any filter: file [/Users/simonrowe/workspace/simonjamesrowe/backend-modulith/modules/component-test/build/classes/java/test/com/simonjamesrowe/component/test/mongo/WithMongoDBContainerTest.class]
2025-10-04T09:14:03.803+01:00 TRACE 46788 --- [component-test] [    Test worker] o.s.d.r.c.RepositoryComponentProvider    : Scanning file [/Users/simonrowe/workspace/simonjamesrowe/backend-modulith/modules/component-test/build/classes/java/test/com/simonjamesrowe/component/test/postgresql/JpaEntity.class]
2025-10-04T09:14:03.803+01:00 TRACE 46788 --- [component-test] [    Test worker] o.s.d.r.c.RepositoryComponentProvider    : Ignored because not matching any filter: file [/Users/simonrowe/workspace/simonjamesrowe/backend-modulith/modules/component-test/build/classes/java/test/com/simonjamesrowe/component/test/postgresql/JpaEntity.class]
2025-10-04T09:14:03.803+01:00 TRACE 46788 --- [component-test] [    Test worker] o.s.d.r.c.RepositoryComponentProvider    : Scanning file [/Users/simonrowe/workspace/simonjamesrowe/backend-modulith/modules/component-test/build/classes/java/test/com/simonjamesrowe/component/test/postgresql/JpaEntityRepository.class]
2025-10-04T09:14:03.803+01:00 DEBUG 46788 --- [component-test] [    Test worker] o.s.d.r.c.RepositoryComponentProvider    : Identified candidate component class: file [/Users/simonrowe/workspace/simonjamesrowe/backend-modulith/modules/component-test/build/classes/java/test/com/simonjamesrowe/component/test/postgresql/JpaEntityRepository.class]
2025-10-04T09:14:03.803+01:00 TRACE 46788 --- [component-test] [    Test worker] o.s.d.r.c.RepositoryComponentProvider    : Scanning file [/Users/simonrowe/workspace/simonjamesrowe/backend-modulith/modules/component-test/build/classes/java/test/com/simonjamesrowe/component/test/postgresql/WithPostgresContainerTest.class]
2025-10-04T09:14:03.803+01:00 TRACE 46788 --- [component-test] [    Test worker] o.s.d.r.c.RepositoryComponentProvider    : Ignored because not matching any filter: file [/Users/simonrowe/workspace/simonjamesrowe/backend-modulith/modules/component-test/build/classes/java/test/com/simonjamesrowe/component/test/postgresql/WithPostgresContainerTest.class]
2025-10-04T09:14:03.803+01:00 TRACE 46788 --- [component-test] [    Test worker] o.s.d.r.c.RepositoryComponentProvider    : Scanning file [/Users/simonrowe/workspace/simonjamesrowe/backend-modulith/modules/component-test/build/classes/java/test/com/simonjamesrowe/component/test/redis/WithRedisContainerTest.class]
2025-10-04T09:14:03.803+01:00 TRACE 46788 --- [component-test] [    Test worker] o.s.d.r.c.RepositoryComponentProvider    : Ignored because not matching any filter: file [/Users/simonrowe/workspace/simonjamesrowe/backend-modulith/modules/component-test/build/classes/java/test/com/simonjamesrowe/component/test/redis/WithRedisContainerTest.class]
2025-10-04T09:14:03.803+01:00 TRACE 46788 --- [component-test] [    Test worker] o.s.d.r.c.RepositoryComponentProvider    : Scanning file [/Users/simonrowe/workspace/simonjamesrowe/backend-modulith/modules/component-test/build/classes/java/test/com/simonjamesrowe/component/test/vault/WithVaultContainerTest.class]
2025-10-04T09:14:03.803+01:00 TRACE 46788 --- [component-test] [    Test worker] o.s.d.r.c.RepositoryComponentProvider    : Ignored because not matching any filter: file [/Users/simonrowe/workspace/simonjamesrowe/backend-modulith/modules/component-test/build/classes/java/test/com/simonjamesrowe/component/test/vault/WithVaultContainerTest.class]
2025-10-04T09:14:03.803+01:00 TRACE 46788 --- [component-test] [    Test worker] o.s.d.r.c.RepositoryComponentProvider    : Scanning file [/Users/simonrowe/workspace/simonjamesrowe/backend-modulith/modules/component-test/build/classes/java/main/com/simonjamesrowe/component/test/BaseComponentTest.class]
2025-10-04T09:14:03.803+01:00 TRACE 46788 --- [component-test] [    Test worker] o.s.d.r.c.RepositoryComponentProvider    : Ignored because not matching any filter: file [/Users/simonrowe/workspace/simonjamesrowe/backend-modulith/modules/component-test/build/classes/java/main/com/simonjamesrowe/component/test/BaseComponentTest.class]
2025-10-04T09:14:03.803+01:00 TRACE 46788 --- [component-test] [    Test worker] o.s.d.r.c.RepositoryComponentProvider    : Scanning file [/Users/simonrowe/workspace/simonjamesrowe/backend-modulith/modules/component-test/build/classes/java/main/com/simonjamesrowe/component/test/ComponentTest.class]
2025-10-04T09:14:03.803+01:00 TRACE 46788 --- [component-test] [    Test worker] o.s.d.r.c.RepositoryComponentProvider    : Ignored because not matching any filter: file [/Users/simonrowe/workspace/simonjamesrowe/backend-modulith/modules/component-test/build/classes/java/main/com/simonjamesrowe/component/test/ComponentTest.class]
2025-10-04T09:14:03.803+01:00 TRACE 46788 --- [component-test] [    Test worker] o.s.d.r.c.RepositoryComponentProvider    : Scanning file [/Users/simonrowe/workspace/simonjamesrowe/backend-modulith/modules/component-test/build/classes/java/main/com/simonjamesrowe/component/test/JpaTest.class]
2025-10-04T09:14:03.803+01:00 TRACE 46788 --- [component-test] [    Test worker] o.s.d.r.c.RepositoryComponentProvider    : Ignored because not matching any filter: file [/Users/simonrowe/workspace/simonjamesrowe/backend-modulith/modules/component-test/build/classes/java/main/com/simonjamesrowe/component/test/JpaTest.class]
2025-10-04T09:14:03.803+01:00 TRACE 46788 --- [component-test] [    Test worker] o.s.d.r.c.RepositoryComponentProvider    : Scanning file [/Users/simonrowe/workspace/simonjamesrowe/backend-modulith/modules/component-test/build/classes/java/main/com/simonjamesrowe/component/test/MongoTest.class]
2025-10-04T09:14:03.803+01:00 TRACE 46788 --- [component-test] [    Test worker] o.s.d.r.c.RepositoryComponentProvider    : Ignored because not matching any filter: file [/Users/simonrowe/workspace/simonjamesrowe/backend-modulith/modules/component-test/build/classes/java/main/com/simonjamesrowe/component/test/MongoTest.class]
2025-10-04T09:14:03.803+01:00 TRACE 46788 --- [component-test] [    Test worker] o.s.d.r.c.RepositoryComponentProvider    : Scanning file [/Users/simonrowe/workspace/simonjamesrowe/backend-modulith/modules/component-test/build/classes/java/main/com/simonjamesrowe/component/test/containers/ContainerConfigurationUtils.class]
2025-10-04T09:14:03.803+01:00 TRACE 46788 --- [component-test] [    Test worker] o.s.d.r.c.RepositoryComponentProvider    : Ignored because not matching any filter: file [/Users/simonrowe/workspace/simonjamesrowe/backend-modulith/modules/component-test/build/classes/java/main/com/simonjamesrowe/component/test/containers/ContainerConfigurationUtils.class]
2025-10-04T09:14:03.803+01:00 TRACE 46788 --- [component-test] [    Test worker] o.s.d.r.c.RepositoryComponentProvider    : Scanning file [/Users/simonrowe/workspace/simonjamesrowe/backend-modulith/modules/component-test/build/classes/java/main/com/simonjamesrowe/component/test/elasticsearch/ElasticsearchTestContainerExtension.class]
2025-10-04T09:14:03.803+01:00 TRACE 46788 --- [component-test] [    Test worker] o.s.d.r.c.RepositoryComponentProvider    : Ignored because not matching any filter: file [/Users/simonrowe/workspace/simonjamesrowe/backend-modulith/modules/component-test/build/classes/java/main/com/simonjamesrowe/component/test/elasticsearch/ElasticsearchTestContainerExtension.class]
2025-10-04T09:14:03.803+01:00 TRACE 46788 --- [component-test] [    Test worker] o.s.d.r.c.RepositoryComponentProvider    : Scanning file [/Users/simonrowe/workspace/simonjamesrowe/backend-modulith/modules/component-test/build/classes/java/main/com/simonjamesrowe/component/test/elasticsearch/WithElasticsearchContainer.class]
2025-10-04T09:14:03.803+01:00 TRACE 46788 --- [component-test] [    Test worker] o.s.d.r.c.RepositoryComponentProvider    : Ignored because not matching any filter: file [/Users/simonrowe/workspace/simonjamesrowe/backend-modulith/modules/component-test/build/classes/java/main/com/simonjamesrowe/component/test/elasticsearch/WithElasticsearchContainer.class]
2025-10-04T09:14:03.803+01:00 TRACE 46788 --- [component-test] [    Test worker] o.s.d.r.c.RepositoryComponentProvider    : Scanning file [/Users/simonrowe/workspace/simonjamesrowe/backend-modulith/modules/component-test/build/classes/java/main/com/simonjamesrowe/component/test/jwt/JwtUtils.class]
2025-10-04T09:14:03.803+01:00 TRACE 46788 --- [component-test] [    Test worker] o.s.d.r.c.RepositoryComponentProvider    : Ignored because not matching any filter: file [/Users/simonrowe/workspace/simonjamesrowe/backend-modulith/modules/component-test/build/classes/java/main/com/simonjamesrowe/component/test/jwt/JwtUtils.class]
2025-10-04T09:14:03.803+01:00 TRACE 46788 --- [component-test] [    Test worker] o.s.d.r.c.RepositoryComponentProvider    : Scanning file [/Users/simonrowe/workspace/simonjamesrowe/backend-modulith/modules/component-test/build/classes/java/main/com/simonjamesrowe/component/test/kafka/KafkaContainerExtension.class]
2025-10-04T09:14:03.803+01:00 TRACE 46788 --- [component-test] [    Test worker] o.s.d.r.c.RepositoryComponentProvider    : Ignored because not matching any filter: file [/Users/simonrowe/workspace/simonjamesrowe/backend-modulith/modules/component-test/build/classes/java/main/com/simonjamesrowe/component/test/kafka/KafkaContainerExtension.class]
2025-10-04T09:14:03.803+01:00 TRACE 46788 --- [component-test] [    Test worker] o.s.d.r.c.RepositoryComponentProvider    : Scanning file [/Users/simonrowe/workspace/simonjamesrowe/backend-modulith/modules/component-test/build/classes/java/main/com/simonjamesrowe/component/test/kafka/SchemaRegistryContainerExtension.class]
2025-10-04T09:14:03.803+01:00 TRACE 46788 --- [component-test] [    Test worker] o.s.d.r.c.RepositoryComponentProvider    : Ignored because not matching any filter: file [/Users/simonrowe/workspace/simonjamesrowe/backend-modulith/modules/component-test/build/classes/java/main/com/simonjamesrowe/component/test/kafka/SchemaRegistryContainerExtension.class]
2025-10-04T09:14:03.803+01:00 TRACE 46788 --- [component-test] [    Test worker] o.s.d.r.c.RepositoryComponentProvider    : Scanning file [/Users/simonrowe/workspace/simonjamesrowe/backend-modulith/modules/component-test/build/classes/java/main/com/simonjamesrowe/component/test/kafka/WithKafkaContainer.class]
2025-10-04T09:14:03.803+01:00 TRACE 46788 --- [component-test] [    Test worker] o.s.d.r.c.RepositoryComponentProvider    : Ignored because not matching any filter: file [/Users/simonrowe/workspace/simonjamesrowe/backend-modulith/modules/component-test/build/classes/java/main/com/simonjamesrowe/component/test/kafka/WithKafkaContainer.class]
2025-10-04T09:14:03.803+01:00 TRACE 46788 --- [component-test] [    Test worker] o.s.d.r.c.RepositoryComponentProvider    : Scanning file [/Users/simonrowe/workspace/simonjamesrowe/backend-modulith/modules/component-test/build/classes/java/main/com/simonjamesrowe/component/test/mongo/MongoDBTestContainersExtension.class]
2025-10-04T09:14:03.803+01:00 TRACE 46788 --- [component-test] [    Test worker] o.s.d.r.c.RepositoryComponentProvider    : Ignored because not matching any filter: file [/Users/simonrowe/workspace/simonjamesrowe/backend-modulith/modules/component-test/build/classes/java/main/com/simonjamesrowe/component/test/mongo/MongoDBTestContainersExtension.class]
2025-10-04T09:14:03.803+01:00 TRACE 46788 --- [component-test] [    Test worker] o.s.d.r.c.RepositoryComponentProvider    : Scanning file [/Users/simonrowe/workspace/simonjamesrowe/backend-modulith/modules/component-test/build/classes/java/main/com/simonjamesrowe/component/test/mongo/TestDataRunner.class]
2025-10-04T09:14:03.803+01:00 TRACE 46788 --- [component-test] [    Test worker] o.s.d.r.c.RepositoryComponentProvider    : Ignored because not matching any filter: file [/Users/simonrowe/workspace/simonjamesrowe/backend-modulith/modules/component-test/build/classes/java/main/com/simonjamesrowe/component/test/mongo/TestDataRunner.class]
2025-10-04T09:14:03.803+01:00 TRACE 46788 --- [component-test] [    Test worker] o.s.d.r.c.RepositoryComponentProvider    : Scanning file [/Users/simonrowe/workspace/simonjamesrowe/backend-modulith/modules/component-test/build/classes/java/main/com/simonjamesrowe/component/test/mongo/WithMongoDBContainer.class]
2025-10-04T09:14:03.803+01:00 TRACE 46788 --- [component-test] [    Test worker] o.s.d.r.c.RepositoryComponentProvider    : Ignored because not matching any filter: file [/Users/simonrowe/workspace/simonjamesrowe/backend-modulith/modules/component-test/build/classes/java/main/com/simonjamesrowe/component/test/mongo/WithMongoDBContainer.class]
2025-10-04T09:14:03.803+01:00 TRACE 46788 --- [component-test] [    Test worker] o.s.d.r.c.RepositoryComponentProvider    : Scanning file [/Users/simonrowe/workspace/simonjamesrowe/backend-modulith/modules/component-test/build/classes/java/main/com/simonjamesrowe/component/test/postgresql/PostgresqlTestContainersExtension.class]
2025-10-04T09:14:03.803+01:00 TRACE 46788 --- [component-test] [    Test worker] o.s.d.r.c.RepositoryComponentProvider    : Ignored because not matching any filter: file [/Users/simonrowe/workspace/simonjamesrowe/backend-modulith/modules/component-test/build/classes/java/main/com/simonjamesrowe/component/test/postgresql/PostgresqlTestContainersExtension.class]
2025-10-04T09:14:03.803+01:00 TRACE 46788 --- [component-test] [    Test worker] o.s.d.r.c.RepositoryComponentProvider    : Scanning file [/Users/simonrowe/workspace/simonjamesrowe/backend-modulith/modules/component-test/build/classes/java/main/com/simonjamesrowe/component/test/postgresql/WithPostgresContainer.class]
2025-10-04T09:14:03.803+01:00 TRACE 46788 --- [component-test] [    Test worker] o.s.d.r.c.RepositoryComponentProvider    : Ignored because not matching any filter: file [/Users/simonrowe/workspace/simonjamesrowe/backend-modulith/modules/component-test/build/classes/java/main/com/simonjamesrowe/component/test/postgresql/WithPostgresContainer.class]
2025-10-04T09:14:03.803+01:00 TRACE 46788 --- [component-test] [    Test worker] o.s.d.r.c.RepositoryComponentProvider    : Scanning file [/Users/simonrowe/workspace/simonjamesrowe/backend-modulith/modules/component-test/build/classes/java/main/com/simonjamesrowe/component/test/redis/RedisTestContainersExtension.class]
2025-10-04T09:14:03.803+01:00 TRACE 46788 --- [component-test] [    Test worker] o.s.d.r.c.RepositoryComponentProvider    : Ignored because not matching any filter: file [/Users/simonrowe/workspace/simonjamesrowe/backend-modulith/modules/component-test/build/classes/java/main/com/simonjamesrowe/component/test/redis/RedisTestContainersExtension.class]
2025-10-04T09:14:03.803+01:00 TRACE 46788 --- [component-test] [    Test worker] o.s.d.r.c.RepositoryComponentProvider    : Scanning file [/Users/simonrowe/workspace/simonjamesrowe/backend-modulith/modules/component-test/build/classes/java/main/com/simonjamesrowe/component/test/redis/WithRedisContainer.class]
2025-10-04T09:14:03.803+01:00 TRACE 46788 --- [component-test] [    Test worker] o.s.d.r.c.RepositoryComponentProvider    : Ignored because not matching any filter: file [/Users/simonrowe/workspace/simonjamesrowe/backend-modulith/modules/component-test/build/classes/java/main/com/simonjamesrowe/component/test/redis/WithRedisContainer.class]
2025-10-04T09:14:03.803+01:00 TRACE 46788 --- [component-test] [    Test worker] o.s.d.r.c.RepositoryComponentProvider    : Scanning file [/Users/simonrowe/workspace/simonjamesrowe/backend-modulith/modules/component-test/build/classes/java/main/com/simonjamesrowe/component/test/utils/PortUtils.class]
2025-10-04T09:14:03.803+01:00 TRACE 46788 --- [component-test] [    Test worker] o.s.d.r.c.RepositoryComponentProvider    : Ignored because not matching any filter: file [/Users/simonrowe/workspace/simonjamesrowe/backend-modulith/modules/component-test/build/classes/java/main/com/simonjamesrowe/component/test/utils/PortUtils.class]
2025-10-04T09:14:03.803+01:00 TRACE 46788 --- [component-test] [    Test worker] o.s.d.r.c.RepositoryComponentProvider    : Scanning file [/Users/simonrowe/workspace/simonjamesrowe/backend-modulith/modules/component-test/build/classes/java/main/com/simonjamesrowe/component/test/vault/VaultTestContainersExtension.class]
2025-10-04T09:14:03.803+01:00 TRACE 46788 --- [component-test] [    Test worker] o.s.d.r.c.RepositoryComponentProvider    : Ignored because not matching any filter: file [/Users/simonrowe/workspace/simonjamesrowe/backend-modulith/modules/component-test/build/classes/java/main/com/simonjamesrowe/component/test/vault/VaultTestContainersExtension.class]
2025-10-04T09:14:03.803+01:00 TRACE 46788 --- [component-test] [    Test worker] o.s.d.r.c.RepositoryComponentProvider    : Scanning file [/Users/simonrowe/workspace/simonjamesrowe/backend-modulith/modules/component-test/build/classes/java/main/com/simonjamesrowe/component/test/vault/WithVaultContainer.class]
2025-10-04T09:14:03.803+01:00 TRACE 46788 --- [component-test] [    Test worker] o.s.d.r.c.RepositoryComponentProvider    : Ignored because not matching any filter: file [/Users/simonrowe/workspace/simonjamesrowe/backend-modulith/modules/component-test/build/classes/java/main/com/simonjamesrowe/component/test/vault/WithVaultContainer.class]
2025-10-04T09:14:03.803+01:00  INFO 46788 --- [component-test] [    Test worker] .RepositoryConfigurationExtensionSupport : Spring Data Redis - Could not safely identify store assignment for repository candidate interface com.simonjamesrowe.component.test.elasticsearch.TestRepository; If you want this repository to be a Redis repository, consider annotating your entities with one of these annotations: org.springframework.data.redis.core.RedisHash (preferred), or consider extending one of the following types with your repository: org.springframework.data.keyvalue.repository.KeyValueRepository
2025-10-04T09:14:03.803+01:00  INFO 46788 --- [component-test] [    Test worker] .RepositoryConfigurationExtensionSupport : Spring Data Redis - Could not safely identify store assignment for repository candidate interface com.simonjamesrowe.component.test.mongo.MongoRepository; If you want this repository to be a Redis repository, consider annotating your entities with one of these annotations: org.springframework.data.redis.core.RedisHash (preferred), or consider extending one of the following types with your repository: org.springframework.data.keyvalue.repository.KeyValueRepository
2025-10-04T09:14:03.803+01:00  INFO 46788 --- [component-test] [    Test worker] .RepositoryConfigurationExtensionSupport : Spring Data Redis - Could not safely identify store assignment for repository candidate interface com.simonjamesrowe.component.test.postgresql.JpaEntityRepository; If you want this repository to be a Redis repository, consider annotating your entities with one of these annotations: org.springframework.data.redis.core.RedisHash (preferred), or consider extending one of the following types with your repository: org.springframework.data.keyvalue.repository.KeyValueRepository
2025-10-04T09:14:03.804+01:00  INFO 46788 --- [component-test] [    Test worker] .s.d.r.c.RepositoryConfigurationDelegate : Finished Spring Data repository scanning in 1 ms. Found 0 Redis repository interfaces.
2025-10-04T09:14:03.811+01:00  INFO 46788 --- [component-test] [    Test worker] o.s.cloud.context.scope.GenericScope     : BeanFactory id=c2b5aed5-bb4a-314c-b84f-3c77c0609b3a
2025-10-04T09:14:03.820+01:00  INFO 46788 --- [component-test] [    Test worker] o.s.b.w.embedded.tomcat.TomcatWebServer  : Tomcat initialized with port 0 (http)
2025-10-04T09:14:03.820+01:00  INFO 46788 --- [component-test] [    Test worker] o.apache.catalina.core.StandardService   : Starting service [Tomcat]
2025-10-04T09:14:03.820+01:00  INFO 46788 --- [component-test] [    Test worker] o.apache.catalina.core.StandardEngine    : Starting Servlet engine: [Apache Tomcat/10.1.31]
2025-10-04T09:14:03.841+01:00  INFO 46788 --- [component-test] [    Test worker] o.a.c.c.C.[Tomcat-1].[localhost].[/]     : Initializing Spring embedded WebApplicationContext
2025-10-04T09:14:03.841+01:00  INFO 46788 --- [component-test] [    Test worker] w.s.c.ServletWebServerApplicationContext : Root WebApplicationContext: initialization completed in 85 ms
2025-10-04T09:14:03.878+01:00 DEBUG 46788 --- [component-test] [    Test worker] o.s.data.convert.CustomConversions       : Adding converter from class java.lang.String to class [B as writing converter
2025-10-04T09:14:03.879+01:00 DEBUG 46788 --- [component-test] [    Test worker] o.s.data.convert.CustomConversions       : Adding converter from class [B to class java.lang.String as reading converter
2025-10-04T09:14:03.879+01:00 DEBUG 46788 --- [component-test] [    Test worker] o.s.data.convert.CustomConversions       : Adding converter from class java.lang.Number to class [B as writing converter
2025-10-04T09:14:03.879+01:00 DEBUG 46788 --- [component-test] [    Test worker] o.s.data.convert.CustomConversions       : Adding converter from class [B to class java.lang.Number as reading converter
2025-10-04T09:14:03.879+01:00 DEBUG 46788 --- [component-test] [    Test worker] o.s.data.convert.CustomConversions       : Adding converter from class java.lang.Enum to class [B as writing converter
2025-10-04T09:14:03.879+01:00 DEBUG 46788 --- [component-test] [    Test worker] o.s.data.convert.CustomConversions       : Adding converter from class [B to class java.lang.Enum as reading converter
2025-10-04T09:14:03.879+01:00 DEBUG 46788 --- [component-test] [    Test worker] o.s.data.convert.CustomConversions       : Adding converter from class java.lang.Boolean to class [B as writing converter
2025-10-04T09:14:03.879+01:00 DEBUG 46788 --- [component-test] [    Test worker] o.s.data.convert.CustomConversions       : Adding converter from class [B to class java.lang.Boolean as reading converter
2025-10-04T09:14:03.879+01:00 DEBUG 46788 --- [component-test] [    Test worker] o.s.data.convert.CustomConversions       : Adding converter from class java.util.Date to class [B as writing converter
2025-10-04T09:14:03.879+01:00 DEBUG 46788 --- [component-test] [    Test worker] o.s.data.convert.CustomConversions       : Adding converter from class [B to class java.util.Date as reading converter
2025-10-04T09:14:03.879+01:00 DEBUG 46788 --- [component-test] [    Test worker] o.s.data.convert.CustomConversions       : Adding converter from class java.util.UUID to class [B as writing converter
2025-10-04T09:14:03.879+01:00 DEBUG 46788 --- [component-test] [    Test worker] o.s.data.convert.CustomConversions       : Adding converter from class [B to class java.util.UUID as reading converter
2025-10-04T09:14:03.879+01:00 DEBUG 46788 --- [component-test] [    Test worker] o.s.data.convert.CustomConversions       : Adding converter from class java.time.LocalDateTime to class [B as reading converter
2025-10-04T09:14:03.879+01:00 DEBUG 46788 --- [component-test] [    Test worker] o.s.data.convert.CustomConversions       : Adding converter from class [B to class java.time.LocalDateTime as reading converter
2025-10-04T09:14:03.879+01:00 DEBUG 46788 --- [component-test] [    Test worker] o.s.data.convert.CustomConversions       : Adding converter from class java.time.LocalDate to class [B as reading converter
2025-10-04T09:14:03.879+01:00 DEBUG 46788 --- [component-test] [    Test worker] o.s.data.convert.CustomConversions       : Adding converter from class [B to class java.time.LocalDate as reading converter
2025-10-04T09:14:03.879+01:00 DEBUG 46788 --- [component-test] [    Test worker] o.s.data.convert.CustomConversions       : Adding converter from class java.time.LocalTime to class [B as reading converter
2025-10-04T09:14:03.879+01:00 DEBUG 46788 --- [component-test] [    Test worker] o.s.data.convert.CustomConversions       : Adding converter from class [B to class java.time.LocalTime as reading converter
2025-10-04T09:14:03.879+01:00 DEBUG 46788 --- [component-test] [    Test worker] o.s.data.convert.CustomConversions       : Adding converter from class java.time.ZonedDateTime to class [B as reading converter
2025-10-04T09:14:03.879+01:00 DEBUG 46788 --- [component-test] [    Test worker] o.s.data.convert.CustomConversions       : Adding converter from class [B to class java.time.ZonedDateTime as reading converter
2025-10-04T09:14:03.879+01:00 DEBUG 46788 --- [component-test] [    Test worker] o.s.data.convert.CustomConversions       : Adding converter from class java.time.Instant to class [B as reading converter
2025-10-04T09:14:03.879+01:00 DEBUG 46788 --- [component-test] [    Test worker] o.s.data.convert.CustomConversions       : Adding converter from class [B to class java.time.Instant as reading converter
2025-10-04T09:14:03.879+01:00 DEBUG 46788 --- [component-test] [    Test worker] o.s.data.convert.CustomConversions       : Adding converter from class java.time.ZoneId to class [B as reading converter
2025-10-04T09:14:03.879+01:00 DEBUG 46788 --- [component-test] [    Test worker] o.s.data.convert.CustomConversions       : Adding converter from class [B to class java.time.ZoneId as reading converter
2025-10-04T09:14:03.879+01:00 DEBUG 46788 --- [component-test] [    Test worker] o.s.data.convert.CustomConversions       : Adding converter from class java.time.Period to class [B as reading converter
2025-10-04T09:14:03.879+01:00 DEBUG 46788 --- [component-test] [    Test worker] o.s.data.convert.CustomConversions       : Adding converter from class [B to class java.time.Period as reading converter
2025-10-04T09:14:03.879+01:00 DEBUG 46788 --- [component-test] [    Test worker] o.s.data.convert.CustomConversions       : Adding converter from class java.time.Duration to class [B as reading converter
2025-10-04T09:14:03.879+01:00 DEBUG 46788 --- [component-test] [    Test worker] o.s.data.convert.CustomConversions       : Adding converter from class [B to class java.time.Duration as reading converter
2025-10-04T09:14:03.879+01:00 DEBUG 46788 --- [component-test] [    Test worker] o.s.data.convert.CustomConversions       : Adding converter from class java.time.OffsetDateTime to class [B as reading converter
2025-10-04T09:14:03.879+01:00 DEBUG 46788 --- [component-test] [    Test worker] o.s.data.convert.CustomConversions       : Adding converter from class [B to class java.time.OffsetDateTime as reading converter
2025-10-04T09:14:03.879+01:00 DEBUG 46788 --- [component-test] [    Test worker] o.s.data.convert.CustomConversions       : Adding converter from class java.time.OffsetTime to class [B as reading converter
2025-10-04T09:14:03.879+01:00 DEBUG 46788 --- [component-test] [    Test worker] o.s.data.convert.CustomConversions       : Adding converter from class [B to class java.time.OffsetTime as reading converter
2025-10-04T09:14:03.879+01:00 DEBUG 46788 --- [component-test] [    Test worker] o.s.data.convert.CustomConversions       : Adding converter from class java.util.Date to class java.time.LocalDateTime as reading converter
2025-10-04T09:14:03.879+01:00 DEBUG 46788 --- [component-test] [    Test worker] o.s.data.convert.CustomConversions       : Adding converter from class java.time.LocalDateTime to class java.util.Date as writing converter
2025-10-04T09:14:03.879+01:00 DEBUG 46788 --- [component-test] [    Test worker] o.s.data.convert.CustomConversions       : Adding converter from class java.util.Date to class java.time.LocalDate as reading converter
2025-10-04T09:14:03.879+01:00 DEBUG 46788 --- [component-test] [    Test worker] o.s.data.convert.CustomConversions       : Adding converter from class java.time.LocalDate to class java.util.Date as writing converter
2025-10-04T09:14:03.879+01:00 DEBUG 46788 --- [component-test] [    Test worker] o.s.data.convert.CustomConversions       : Adding converter from class java.util.Date to class java.time.LocalTime as reading converter
2025-10-04T09:14:03.879+01:00 DEBUG 46788 --- [component-test] [    Test worker] o.s.data.convert.CustomConversions       : Adding converter from class java.time.LocalTime to class java.util.Date as writing converter
2025-10-04T09:14:03.879+01:00 DEBUG 46788 --- [component-test] [    Test worker] o.s.data.convert.CustomConversions       : Adding converter from class java.util.Date to class java.time.Instant as reading converter
2025-10-04T09:14:03.879+01:00 DEBUG 46788 --- [component-test] [    Test worker] o.s.data.convert.CustomConversions       : Adding converter from class java.time.Instant to class java.util.Date as writing converter
2025-10-04T09:14:03.879+01:00 DEBUG 46788 --- [component-test] [    Test worker] o.s.data.convert.CustomConversions       : Adding converter from class java.time.LocalDateTime to class java.time.Instant as reading converter
2025-10-04T09:14:03.879+01:00 DEBUG 46788 --- [component-test] [    Test worker] o.s.data.convert.CustomConversions       : Adding converter from class java.time.Instant to class java.time.LocalDateTime as reading converter
2025-10-04T09:14:03.879+01:00 DEBUG 46788 --- [component-test] [    Test worker] o.s.data.convert.CustomConversions       : Adding converter from class java.time.ZoneId to class java.lang.String as writing converter
2025-10-04T09:14:03.879+01:00 DEBUG 46788 --- [component-test] [    Test worker] o.s.data.convert.CustomConversions       : Adding converter from class java.lang.String to class java.time.ZoneId as reading converter
2025-10-04T09:14:03.879+01:00 DEBUG 46788 --- [component-test] [    Test worker] o.s.data.convert.CustomConversions       : Adding converter from class java.time.Duration to class java.lang.String as writing converter
2025-10-04T09:14:03.879+01:00 DEBUG 46788 --- [component-test] [    Test worker] o.s.data.convert.CustomConversions       : Adding converter from class java.lang.String to class java.time.Duration as reading converter
2025-10-04T09:14:03.879+01:00 DEBUG 46788 --- [component-test] [    Test worker] o.s.data.convert.CustomConversions       : Adding converter from class java.time.Period to class java.lang.String as writing converter
2025-10-04T09:14:03.879+01:00 DEBUG 46788 --- [component-test] [    Test worker] o.s.data.convert.CustomConversions       : Adding converter from class java.lang.String to class java.time.Period as reading converter
2025-10-04T09:14:03.879+01:00 DEBUG 46788 --- [component-test] [    Test worker] o.s.data.convert.CustomConversions       : Adding converter from class java.lang.String to class java.time.LocalDate as reading converter
2025-10-04T09:14:03.879+01:00 DEBUG 46788 --- [component-test] [    Test worker] o.s.data.convert.CustomConversions       : Adding converter from class java.lang.String to class java.time.LocalDateTime as reading converter
2025-10-04T09:14:03.879+01:00 DEBUG 46788 --- [component-test] [    Test worker] o.s.data.convert.CustomConversions       : Adding converter from class java.lang.String to class java.time.Instant as reading converter
2025-10-04T09:14:03.879+01:00 DEBUG 46788 --- [component-test] [    Test worker] o.s.data.convert.CustomConversions       : Adding converter from class java.lang.String to class [B as writing converter
2025-10-04T09:14:03.879+01:00 DEBUG 46788 --- [component-test] [    Test worker] o.s.data.convert.CustomConversions       : Adding converter from class [B to class java.lang.String as reading converter
2025-10-04T09:14:03.879+01:00 DEBUG 46788 --- [component-test] [    Test worker] o.s.data.convert.CustomConversions       : Adding converter from class java.lang.Number to class [B as writing converter
2025-10-04T09:14:03.879+01:00 DEBUG 46788 --- [component-test] [    Test worker] o.s.data.convert.CustomConversions       : Adding converter from class [B to class java.lang.Number as reading converter
2025-10-04T09:14:03.879+01:00 DEBUG 46788 --- [component-test] [    Test worker] o.s.data.convert.CustomConversions       : Adding converter from class java.lang.Enum to class [B as writing converter
2025-10-04T09:14:03.880+01:00 DEBUG 46788 --- [component-test] [    Test worker] o.s.data.convert.CustomConversions       : Adding converter from class [B to class java.lang.Enum as reading converter
2025-10-04T09:14:03.880+01:00 DEBUG 46788 --- [component-test] [    Test worker] o.s.data.convert.CustomConversions       : Adding converter from class java.lang.Boolean to class [B as writing converter
2025-10-04T09:14:03.880+01:00 DEBUG 46788 --- [component-test] [    Test worker] o.s.data.convert.CustomConversions       : Adding converter from class [B to class java.lang.Boolean as reading converter
2025-10-04T09:14:03.880+01:00 DEBUG 46788 --- [component-test] [    Test worker] o.s.data.convert.CustomConversions       : Adding converter from class java.util.Date to class [B as writing converter
2025-10-04T09:14:03.880+01:00 DEBUG 46788 --- [component-test] [    Test worker] o.s.data.convert.CustomConversions       : Adding converter from class [B to class java.util.Date as reading converter
2025-10-04T09:14:03.880+01:00 DEBUG 46788 --- [component-test] [    Test worker] o.s.data.convert.CustomConversions       : Adding converter from class java.util.UUID to class [B as writing converter
2025-10-04T09:14:03.880+01:00 DEBUG 46788 --- [component-test] [    Test worker] o.s.data.convert.CustomConversions       : Adding converter from class [B to class java.util.UUID as reading converter
2025-10-04T09:14:03.880+01:00 DEBUG 46788 --- [component-test] [    Test worker] o.s.data.convert.CustomConversions       : Adding converter from class java.time.LocalDateTime to class [B as reading converter
2025-10-04T09:14:03.880+01:00 DEBUG 46788 --- [component-test] [    Test worker] o.s.data.convert.CustomConversions       : Adding converter from class [B to class java.time.LocalDateTime as reading converter
2025-10-04T09:14:03.880+01:00 DEBUG 46788 --- [component-test] [    Test worker] o.s.data.convert.CustomConversions       : Adding converter from class java.time.LocalDate to class [B as reading converter
2025-10-04T09:14:03.880+01:00 DEBUG 46788 --- [component-test] [    Test worker] o.s.data.convert.CustomConversions       : Adding converter from class [B to class java.time.LocalDate as reading converter
2025-10-04T09:14:03.880+01:00 DEBUG 46788 --- [component-test] [    Test worker] o.s.data.convert.CustomConversions       : Adding converter from class java.time.LocalTime to class [B as reading converter
2025-10-04T09:14:03.880+01:00 DEBUG 46788 --- [component-test] [    Test worker] o.s.data.convert.CustomConversions       : Adding converter from class [B to class java.time.LocalTime as reading converter
2025-10-04T09:14:03.880+01:00 DEBUG 46788 --- [component-test] [    Test worker] o.s.data.convert.CustomConversions       : Adding converter from class java.time.ZonedDateTime to class [B as reading converter
2025-10-04T09:14:03.880+01:00 DEBUG 46788 --- [component-test] [    Test worker] o.s.data.convert.CustomConversions       : Adding converter from class [B to class java.time.ZonedDateTime as reading converter
2025-10-04T09:14:03.880+01:00 DEBUG 46788 --- [component-test] [    Test worker] o.s.data.convert.CustomConversions       : Adding converter from class java.time.Instant to class [B as reading converter
2025-10-04T09:14:03.880+01:00 DEBUG 46788 --- [component-test] [    Test worker] o.s.data.convert.CustomConversions       : Adding converter from class [B to class java.time.Instant as reading converter
2025-10-04T09:14:03.880+01:00 DEBUG 46788 --- [component-test] [    Test worker] o.s.data.convert.CustomConversions       : Adding converter from class java.time.ZoneId to class [B as reading converter
2025-10-04T09:14:03.880+01:00 DEBUG 46788 --- [component-test] [    Test worker] o.s.data.convert.CustomConversions       : Adding converter from class [B to class java.time.ZoneId as reading converter
2025-10-04T09:14:03.880+01:00 DEBUG 46788 --- [component-test] [    Test worker] o.s.data.convert.CustomConversions       : Adding converter from class java.time.Period to class [B as reading converter
2025-10-04T09:14:03.880+01:00 DEBUG 46788 --- [component-test] [    Test worker] o.s.data.convert.CustomConversions       : Adding converter from class [B to class java.time.Period as reading converter
2025-10-04T09:14:03.880+01:00 DEBUG 46788 --- [component-test] [    Test worker] o.s.data.convert.CustomConversions       : Adding converter from class java.time.Duration to class [B as reading converter
2025-10-04T09:14:03.880+01:00 DEBUG 46788 --- [component-test] [    Test worker] o.s.data.convert.CustomConversions       : Adding converter from class [B to class java.time.Duration as reading converter
2025-10-04T09:14:03.880+01:00 DEBUG 46788 --- [component-test] [    Test worker] o.s.data.convert.CustomConversions       : Adding converter from class java.time.OffsetDateTime to class [B as reading converter
2025-10-04T09:14:03.880+01:00 DEBUG 46788 --- [component-test] [    Test worker] o.s.data.convert.CustomConversions       : Adding converter from class [B to class java.time.OffsetDateTime as reading converter
2025-10-04T09:14:03.880+01:00 DEBUG 46788 --- [component-test] [    Test worker] o.s.data.convert.CustomConversions       : Adding converter from class java.time.OffsetTime to class [B as reading converter
2025-10-04T09:14:03.880+01:00 DEBUG 46788 --- [component-test] [    Test worker] o.s.data.convert.CustomConversions       : Adding converter from class [B to class java.time.OffsetTime as reading converter
2025-10-04T09:14:03.880+01:00 DEBUG 46788 --- [component-test] [    Test worker] o.s.data.convert.CustomConversions       : Adding converter from class java.util.Date to class java.time.LocalDateTime as reading converter
2025-10-04T09:14:03.880+01:00 DEBUG 46788 --- [component-test] [    Test worker] o.s.data.convert.CustomConversions       : Adding converter from class java.time.LocalDateTime to class java.util.Date as writing converter
2025-10-04T09:14:03.880+01:00 DEBUG 46788 --- [component-test] [    Test worker] o.s.data.convert.CustomConversions       : Adding converter from class java.util.Date to class java.time.LocalDate as reading converter
2025-10-04T09:14:03.880+01:00 DEBUG 46788 --- [component-test] [    Test worker] o.s.data.convert.CustomConversions       : Adding converter from class java.time.LocalDate to class java.util.Date as writing converter
2025-10-04T09:14:03.880+01:00 DEBUG 46788 --- [component-test] [    Test worker] o.s.data.convert.CustomConversions       : Adding converter from class java.util.Date to class java.time.LocalTime as reading converter
2025-10-04T09:14:03.880+01:00 DEBUG 46788 --- [component-test] [    Test worker] o.s.data.convert.CustomConversions       : Adding converter from class java.time.LocalTime to class java.util.Date as writing converter
2025-10-04T09:14:03.880+01:00 DEBUG 46788 --- [component-test] [    Test worker] o.s.data.convert.CustomConversions       : Adding converter from class java.util.Date to class java.time.Instant as reading converter
2025-10-04T09:14:03.880+01:00 DEBUG 46788 --- [component-test] [    Test worker] o.s.data.convert.CustomConversions       : Adding converter from class java.time.Instant to class java.util.Date as writing converter
2025-10-04T09:14:03.880+01:00 DEBUG 46788 --- [component-test] [    Test worker] o.s.data.convert.CustomConversions       : Adding converter from class java.time.LocalDateTime to class java.time.Instant as reading converter
2025-10-04T09:14:03.880+01:00 DEBUG 46788 --- [component-test] [    Test worker] o.s.data.convert.CustomConversions       : Adding converter from class java.time.Instant to class java.time.LocalDateTime as reading converter
2025-10-04T09:14:03.880+01:00 DEBUG 46788 --- [component-test] [    Test worker] o.s.data.convert.CustomConversions       : Adding converter from class java.time.ZoneId to class java.lang.String as writing converter
2025-10-04T09:14:03.880+01:00 DEBUG 46788 --- [component-test] [    Test worker] o.s.data.convert.CustomConversions       : Adding converter from class java.lang.String to class java.time.ZoneId as reading converter
2025-10-04T09:14:03.880+01:00 DEBUG 46788 --- [component-test] [    Test worker] o.s.data.convert.CustomConversions       : Adding converter from class java.time.Duration to class java.lang.String as writing converter
2025-10-04T09:14:03.880+01:00 DEBUG 46788 --- [component-test] [    Test worker] o.s.data.convert.CustomConversions       : Adding converter from class java.lang.String to class java.time.Duration as reading converter
2025-10-04T09:14:03.880+01:00 DEBUG 46788 --- [component-test] [    Test worker] o.s.data.convert.CustomConversions       : Adding converter from class java.time.Period to class java.lang.String as writing converter
2025-10-04T09:14:03.880+01:00 DEBUG 46788 --- [component-test] [    Test worker] o.s.data.convert.CustomConversions       : Adding converter from class java.lang.String to class java.time.Period as reading converter
2025-10-04T09:14:03.880+01:00 DEBUG 46788 --- [component-test] [    Test worker] o.s.data.convert.CustomConversions       : Adding converter from class java.lang.String to class java.time.LocalDate as reading converter
2025-10-04T09:14:03.880+01:00 DEBUG 46788 --- [component-test] [    Test worker] o.s.data.convert.CustomConversions       : Adding converter from class java.lang.String to class java.time.LocalDateTime as reading converter
2025-10-04T09:14:03.880+01:00 DEBUG 46788 --- [component-test] [    Test worker] o.s.data.convert.CustomConversions       : Adding converter from class java.lang.String to class java.time.Instant as reading converter
2025-10-04T09:14:03.880+01:00 DEBUG 46788 --- [component-test] [    Test worker] o.s.data.convert.CustomConversions       : Adding converter from class java.lang.String to class [B as writing converter
2025-10-04T09:14:03.880+01:00 DEBUG 46788 --- [component-test] [    Test worker] o.s.data.convert.CustomConversions       : Adding converter from class [B to class java.lang.String as reading converter
2025-10-04T09:14:03.880+01:00 DEBUG 46788 --- [component-test] [    Test worker] o.s.data.convert.CustomConversions       : Adding converter from class java.lang.Number to class [B as writing converter
2025-10-04T09:14:03.880+01:00 DEBUG 46788 --- [component-test] [    Test worker] o.s.data.convert.CustomConversions       : Adding converter from class [B to class java.lang.Number as reading converter
2025-10-04T09:14:03.880+01:00 DEBUG 46788 --- [component-test] [    Test worker] o.s.data.convert.CustomConversions       : Adding converter from class java.lang.Enum to class [B as writing converter
2025-10-04T09:14:03.880+01:00 DEBUG 46788 --- [component-test] [    Test worker] o.s.data.convert.CustomConversions       : Adding converter from class [B to class java.lang.Enum as reading converter
2025-10-04T09:14:03.880+01:00 DEBUG 46788 --- [component-test] [    Test worker] o.s.data.convert.CustomConversions       : Adding converter from class java.lang.Boolean to class [B as writing converter
2025-10-04T09:14:03.880+01:00 DEBUG 46788 --- [component-test] [    Test worker] o.s.data.convert.CustomConversions       : Adding converter from class [B to class java.lang.Boolean as reading converter
2025-10-04T09:14:03.880+01:00 DEBUG 46788 --- [component-test] [    Test worker] o.s.data.convert.CustomConversions       : Adding converter from class java.util.Date to class [B as writing converter
2025-10-04T09:14:03.880+01:00 DEBUG 46788 --- [component-test] [    Test worker] o.s.data.convert.CustomConversions       : Adding converter from class [B to class java.util.Date as reading converter
2025-10-04T09:14:03.880+01:00 DEBUG 46788 --- [component-test] [    Test worker] o.s.data.convert.CustomConversions       : Adding converter from class java.util.UUID to class [B as writing converter
2025-10-04T09:14:03.880+01:00 DEBUG 46788 --- [component-test] [    Test worker] o.s.data.convert.CustomConversions       : Adding converter from class [B to class java.util.UUID as reading converter
2025-10-04T09:14:03.880+01:00 DEBUG 46788 --- [component-test] [    Test worker] o.s.data.convert.CustomConversions       : Adding converter from class java.time.LocalDateTime to class [B as reading converter
2025-10-04T09:14:03.880+01:00 DEBUG 46788 --- [component-test] [    Test worker] o.s.data.convert.CustomConversions       : Adding converter from class [B to class java.time.LocalDateTime as reading converter
2025-10-04T09:14:03.880+01:00 DEBUG 46788 --- [component-test] [    Test worker] o.s.data.convert.CustomConversions       : Adding converter from class java.time.LocalDate to class [B as reading converter
2025-10-04T09:14:03.880+01:00 DEBUG 46788 --- [component-test] [    Test worker] o.s.data.convert.CustomConversions       : Adding converter from class [B to class java.time.LocalDate as reading converter
2025-10-04T09:14:03.880+01:00 DEBUG 46788 --- [component-test] [    Test worker] o.s.data.convert.CustomConversions       : Adding converter from class java.time.LocalTime to class [B as reading converter
2025-10-04T09:14:03.880+01:00 DEBUG 46788 --- [component-test] [    Test worker] o.s.data.convert.CustomConversions       : Adding converter from class [B to class java.time.LocalTime as reading converter
2025-10-04T09:14:03.880+01:00 DEBUG 46788 --- [component-test] [    Test worker] o.s.data.convert.CustomConversions       : Adding converter from class java.time.ZonedDateTime to class [B as reading converter
2025-10-04T09:14:03.880+01:00 DEBUG 46788 --- [component-test] [    Test worker] o.s.data.convert.CustomConversions       : Adding converter from class [B to class java.time.ZonedDateTime as reading converter
2025-10-04T09:14:03.880+01:00 DEBUG 46788 --- [component-test] [    Test worker] o.s.data.convert.CustomConversions       : Adding converter from class java.time.Instant to class [B as reading converter
2025-10-04T09:14:03.880+01:00 DEBUG 46788 --- [component-test] [    Test worker] o.s.data.convert.CustomConversions       : Adding converter from class [B to class java.time.Instant as reading converter
2025-10-04T09:14:03.880+01:00 DEBUG 46788 --- [component-test] [    Test worker] o.s.data.convert.CustomConversions       : Adding converter from class java.time.ZoneId to class [B as reading converter
2025-10-04T09:14:03.880+01:00 DEBUG 46788 --- [component-test] [    Test worker] o.s.data.convert.CustomConversions       : Adding converter from class [B to class java.time.ZoneId as reading converter
2025-10-04T09:14:03.880+01:00 DEBUG 46788 --- [component-test] [    Test worker] o.s.data.convert.CustomConversions       : Adding converter from class java.time.Period to class [B as reading converter
2025-10-04T09:14:03.880+01:00 DEBUG 46788 --- [component-test] [    Test worker] o.s.data.convert.CustomConversions       : Adding converter from class [B to class java.time.Period as reading converter
2025-10-04T09:14:03.880+01:00 DEBUG 46788 --- [component-test] [    Test worker] o.s.data.convert.CustomConversions       : Adding converter from class java.time.Duration to class [B as reading converter
2025-10-04T09:14:03.880+01:00 DEBUG 46788 --- [component-test] [    Test worker] o.s.data.convert.CustomConversions       : Adding converter from class [B to class java.time.Duration as reading converter
2025-10-04T09:14:03.880+01:00 DEBUG 46788 --- [component-test] [    Test worker] o.s.data.convert.CustomConversions       : Adding converter from class java.time.OffsetDateTime to class [B as reading converter
2025-10-04T09:14:03.880+01:00 DEBUG 46788 --- [component-test] [    Test worker] o.s.data.convert.CustomConversions       : Adding converter from class [B to class java.time.OffsetDateTime as reading converter
2025-10-04T09:14:03.880+01:00 DEBUG 46788 --- [component-test] [    Test worker] o.s.data.convert.CustomConversions       : Adding converter from class java.time.OffsetTime to class [B as reading converter
2025-10-04T09:14:03.880+01:00 DEBUG 46788 --- [component-test] [    Test worker] o.s.data.convert.CustomConversions       : Adding converter from class [B to class java.time.OffsetTime as reading converter
2025-10-04T09:14:03.880+01:00 DEBUG 46788 --- [component-test] [    Test worker] o.s.data.convert.CustomConversions       : Adding converter from class java.util.Date to class java.time.LocalDateTime as reading converter
2025-10-04T09:14:03.880+01:00 DEBUG 46788 --- [component-test] [    Test worker] o.s.data.convert.CustomConversions       : Adding converter from class java.time.LocalDateTime to class java.util.Date as writing converter
2025-10-04T09:14:03.880+01:00 DEBUG 46788 --- [component-test] [    Test worker] o.s.data.convert.CustomConversions       : Adding converter from class java.util.Date to class java.time.LocalDate as reading converter
2025-10-04T09:14:03.880+01:00 DEBUG 46788 --- [component-test] [    Test worker] o.s.data.convert.CustomConversions       : Adding converter from class java.time.LocalDate to class java.util.Date as writing converter
2025-10-04T09:14:03.880+01:00 DEBUG 46788 --- [component-test] [    Test worker] o.s.data.convert.CustomConversions       : Adding converter from class java.util.Date to class java.time.LocalTime as reading converter
2025-10-04T09:14:03.880+01:00 DEBUG 46788 --- [component-test] [    Test worker] o.s.data.convert.CustomConversions       : Adding converter from class java.time.LocalTime to class java.util.Date as writing converter
2025-10-04T09:14:03.880+01:00 DEBUG 46788 --- [component-test] [    Test worker] o.s.data.convert.CustomConversions       : Adding converter from class java.util.Date to class java.time.Instant as reading converter
2025-10-04T09:14:03.880+01:00 DEBUG 46788 --- [component-test] [    Test worker] o.s.data.convert.CustomConversions       : Adding converter from class java.time.Instant to class java.util.Date as writing converter
2025-10-04T09:14:03.880+01:00 DEBUG 46788 --- [component-test] [    Test worker] o.s.data.convert.CustomConversions       : Adding converter from class java.time.LocalDateTime to class java.time.Instant as reading converter
2025-10-04T09:14:03.880+01:00 DEBUG 46788 --- [component-test] [    Test worker] o.s.data.convert.CustomConversions       : Adding converter from class java.time.Instant to class java.time.LocalDateTime as reading converter
2025-10-04T09:14:03.880+01:00 DEBUG 46788 --- [component-test] [    Test worker] o.s.data.convert.CustomConversions       : Adding converter from class java.time.ZoneId to class java.lang.String as writing converter
2025-10-04T09:14:03.880+01:00 DEBUG 46788 --- [component-test] [    Test worker] o.s.data.convert.CustomConversions       : Adding converter from class java.lang.String to class java.time.ZoneId as reading converter
2025-10-04T09:14:03.880+01:00 DEBUG 46788 --- [component-test] [    Test worker] o.s.data.convert.CustomConversions       : Adding converter from class java.time.Duration to class java.lang.String as writing converter
2025-10-04T09:14:03.880+01:00 DEBUG 46788 --- [component-test] [    Test worker] o.s.data.convert.CustomConversions       : Adding converter from class java.lang.String to class java.time.Duration as reading converter
2025-10-04T09:14:03.880+01:00 DEBUG 46788 --- [component-test] [    Test worker] o.s.data.convert.CustomConversions       : Adding converter from class java.time.Period to class java.lang.String as writing converter
2025-10-04T09:14:03.880+01:00 DEBUG 46788 --- [component-test] [    Test worker] o.s.data.convert.CustomConversions       : Adding converter from class java.lang.String to class java.time.Period as reading converter
2025-10-04T09:14:03.880+01:00 DEBUG 46788 --- [component-test] [    Test worker] o.s.data.convert.CustomConversions       : Adding converter from class java.lang.String to class java.time.LocalDate as reading converter
2025-10-04T09:14:03.880+01:00 DEBUG 46788 --- [component-test] [    Test worker] o.s.data.convert.CustomConversions       : Adding converter from class java.lang.String to class java.time.LocalDateTime as reading converter
2025-10-04T09:14:03.880+01:00 DEBUG 46788 --- [component-test] [    Test worker] o.s.data.convert.CustomConversions       : Adding converter from class java.lang.String to class java.time.Instant as reading converter
2025-10-04T09:14:03.881+01:00 DEBUG 46788 --- [component-test] [    Test worker] o.s.d.r.l.RedisMessageListenerContainer  : Starting RedisMessageListenerContainer...
2025-10-04T09:14:03.881+01:00 DEBUG 46788 --- [component-test] [    Test worker] o.s.d.r.l.RedisMessageListenerContainer  : Postpone listening for Redis messages until actual listeners are added
2025-10-04T09:14:03.894+01:00  INFO 46788 --- [component-test] [    Test worker] o.s.b.w.embedded.tomcat.TomcatWebServer  : Tomcat started on port 63576 (http) with context path '/'
2025-10-04T09:14:03.896+01:00  INFO 46788 --- [component-test] [    Test worker] c.s.c.test.redis.WithRedisContainerTest  : Started WithRedisContainerTest in 0.17 seconds (process running for 40.527)
2025-10-04T09:14:03.900+01:00 DEBUG 46788 --- [component-test] [    Test worker] o.s.d.redis.core.RedisConnectionUtils    : Fetching Redis Connection from RedisConnectionFactory
2025-10-04T09:14:04.104+01:00 DEBUG 46788 --- [component-test] [    Test worker] o.s.d.redis.core.RedisConnectionUtils    : Closing Redis Connection
2025-10-04T09:14:04.104+01:00 DEBUG 46788 --- [component-test] [    Test worker] o.s.d.redis.core.RedisConnectionUtils    : Fetching Redis Connection from RedisConnectionFactory
2025-10-04T09:14:04.105+01:00 DEBUG 46788 --- [component-test] [    Test worker] o.s.d.redis.core.RedisConnectionUtils    : Closing Redis Connection
]]></system-out>
  <system-err><![CDATA[]]></system-err>
</testsuite>
