<?xml version="1.0" encoding="UTF-8"?>
<testsuite name="com.simonjamesrowe.component.test.mongo.WithMongoDBContainerTest" tests="1" skipped="0" failures="0" errors="0" timestamp="2025-10-04T08:13:58" hostname="Simons-MacBook-Pro.local" time="1.539">
  <properties/>
  <testcase name="mongoContainerIsInitialised()" classname="com.simonjamesrowe.component.test.mongo.WithMongoDBContainerTest" time="1.539"/>
  <system-out><![CDATA[2025-10-04T09:13:57.379+01:00  INFO 46788 --- [component-test] [    Test worker] tc.mongo:4.4                             : Creating container for image: mongo:4.4
2025-10-04T09:13:57.409+01:00  INFO 46788 --- [component-test] [    Test worker] tc.mongo:4.4                             : Container mongo:4.4 is starting: 346350d77f882549e829fede063cda35c3344bd8dc1ebb04738bf93eb7907153
2025-10-04T09:13:57.794+01:00  INFO 46788 --- [component-test] [    Test worker] tc.mongo:4.4                             : Container mongo:4.4 started in PT0.415145S
2025-10-04T09:13:57.795+01:00  INFO 46788 --- [component-test] [    Test worker] c.s.c.t.m.MongoDBTestContainersExtension : Started MongoDB container with URI: mongodb://user:0e7b819c-10b4-473b-adc8-e6eb2b11806a@localhost:33274/
2025-10-04T09:13:57.796+01:00  INFO 46788 --- [component-test] [    Test worker] t.c.s.AnnotationConfigContextLoaderUtils : Could not detect default configuration classes for test class [com.simonjamesrowe.component.test.mongo.WithMongoDBContainerTest]: WithMongoDBContainerTest does not declare any static, non-private, non-final, nested classes annotated with @Configuration.
2025-10-04T09:13:57.803+01:00  INFO 46788 --- [component-test] [    Test worker] .b.t.c.SpringBootTestContextBootstrapper : Found @SpringBootConfiguration com.simonjamesrowe.component.test.TestApplication for test class com.simonjamesrowe.component.test.mongo.WithMongoDBContainerTest

  .   ____          _            __ _ _
 /\\ / ___'_ __ _ _(_)_ __  __ _ \ \ \ \
( ( )\___ | '_ | '_| | '_ \/ _` | \ \ \ \
 \\/  ___)| |_)| | | | | || (_| |  ) ) ) )
  '  |____| .__|_| |_|_| |_\__, | / / / /
 =========|_|==============|___/=/_/_/_/

 :: Spring Boot ::                (v3.3.5)

2025-10-04T09:13:57.839+01:00  INFO 46788 --- [component-test] [    Test worker] c.s.c.t.mongo.WithMongoDBContainerTest   : No active profile set, falling back to 1 default profile: "default"
2025-10-04T09:13:57.868+01:00  INFO 46788 --- [component-test] [    Test worker] .s.d.r.c.RepositoryConfigurationDelegate : Multiple Spring Data modules found, entering strict repository configuration mode
2025-10-04T09:13:57.868+01:00  INFO 46788 --- [component-test] [    Test worker] .s.d.r.c.RepositoryConfigurationDelegate : Bootstrapping Spring Data MongoDB repositories in DEFAULT mode.
2025-10-04T09:13:57.868+01:00 DEBUG 46788 --- [component-test] [    Test worker] .s.d.r.c.RepositoryConfigurationDelegate : Scanning for MongoDB repositories in packages com.simonjamesrowe.component.test.
2025-10-04T09:13:57.869+01:00 TRACE 46788 --- [component-test] [    Test worker] o.s.d.r.c.RepositoryComponentProvider    : Scanning file [/Users/simonrowe/workspace/simonjamesrowe/backend-modulith/modules/component-test/build/classes/java/test/com/simonjamesrowe/component/test/TestApplication.class]
2025-10-04T09:13:57.869+01:00 TRACE 46788 --- [component-test] [    Test worker] o.s.d.r.c.RepositoryComponentProvider    : Ignored because not matching any filter: file [/Users/simonrowe/workspace/simonjamesrowe/backend-modulith/modules/component-test/build/classes/java/test/com/simonjamesrowe/component/test/TestApplication.class]
2025-10-04T09:13:57.869+01:00 TRACE 46788 --- [component-test] [    Test worker] o.s.d.r.c.RepositoryComponentProvider    : Scanning file [/Users/simonrowe/workspace/simonjamesrowe/backend-modulith/modules/component-test/build/classes/java/test/com/simonjamesrowe/component/test/WiremockTest.class]
2025-10-04T09:13:57.869+01:00 TRACE 46788 --- [component-test] [    Test worker] o.s.d.r.c.RepositoryComponentProvider    : Ignored because not matching any filter: file [/Users/simonrowe/workspace/simonjamesrowe/backend-modulith/modules/component-test/build/classes/java/test/com/simonjamesrowe/component/test/WiremockTest.class]
2025-10-04T09:13:57.869+01:00 TRACE 46788 --- [component-test] [    Test worker] o.s.d.r.c.RepositoryComponentProvider    : Scanning file [/Users/simonrowe/workspace/simonjamesrowe/backend-modulith/modules/component-test/build/classes/java/test/com/simonjamesrowe/component/test/elasticsearch/ElasticsearchTestConfiguration.class]
2025-10-04T09:13:57.870+01:00 TRACE 46788 --- [component-test] [    Test worker] o.s.d.r.c.RepositoryComponentProvider    : Ignored because not matching any filter: file [/Users/simonrowe/workspace/simonjamesrowe/backend-modulith/modules/component-test/build/classes/java/test/com/simonjamesrowe/component/test/elasticsearch/ElasticsearchTestConfiguration.class]
2025-10-04T09:13:57.870+01:00 TRACE 46788 --- [component-test] [    Test worker] o.s.d.r.c.RepositoryComponentProvider    : Scanning file [/Users/simonrowe/workspace/simonjamesrowe/backend-modulith/modules/component-test/build/classes/java/test/com/simonjamesrowe/component/test/elasticsearch/TestDocument.class]
2025-10-04T09:13:57.870+01:00 TRACE 46788 --- [component-test] [    Test worker] o.s.d.r.c.RepositoryComponentProvider    : Ignored because not matching any filter: file [/Users/simonrowe/workspace/simonjamesrowe/backend-modulith/modules/component-test/build/classes/java/test/com/simonjamesrowe/component/test/elasticsearch/TestDocument.class]
2025-10-04T09:13:57.870+01:00 TRACE 46788 --- [component-test] [    Test worker] o.s.d.r.c.RepositoryComponentProvider    : Scanning file [/Users/simonrowe/workspace/simonjamesrowe/backend-modulith/modules/component-test/build/classes/java/test/com/simonjamesrowe/component/test/elasticsearch/TestRepository.class]
2025-10-04T09:13:57.870+01:00 DEBUG 46788 --- [component-test] [    Test worker] o.s.d.r.c.RepositoryComponentProvider    : Identified candidate component class: file [/Users/simonrowe/workspace/simonjamesrowe/backend-modulith/modules/component-test/build/classes/java/test/com/simonjamesrowe/component/test/elasticsearch/TestRepository.class]
2025-10-04T09:13:57.870+01:00 TRACE 46788 --- [component-test] [    Test worker] o.s.d.r.c.RepositoryComponentProvider    : Scanning file [/Users/simonrowe/workspace/simonjamesrowe/backend-modulith/modules/component-test/build/classes/java/test/com/simonjamesrowe/component/test/elasticsearch/WithElasticsearchContainerTest.class]
2025-10-04T09:13:57.870+01:00 TRACE 46788 --- [component-test] [    Test worker] o.s.d.r.c.RepositoryComponentProvider    : Ignored because not matching any filter: file [/Users/simonrowe/workspace/simonjamesrowe/backend-modulith/modules/component-test/build/classes/java/test/com/simonjamesrowe/component/test/elasticsearch/WithElasticsearchContainerTest.class]
2025-10-04T09:13:57.870+01:00 TRACE 46788 --- [component-test] [    Test worker] o.s.d.r.c.RepositoryComponentProvider    : Scanning file [/Users/simonrowe/workspace/simonjamesrowe/backend-modulith/modules/component-test/build/classes/java/test/com/simonjamesrowe/component/test/jwt/JwtUtilsTest.class]
2025-10-04T09:13:57.870+01:00 TRACE 46788 --- [component-test] [    Test worker] o.s.d.r.c.RepositoryComponentProvider    : Ignored because not matching any filter: file [/Users/simonrowe/workspace/simonjamesrowe/backend-modulith/modules/component-test/build/classes/java/test/com/simonjamesrowe/component/test/jwt/JwtUtilsTest.class]
2025-10-04T09:13:57.870+01:00 TRACE 46788 --- [component-test] [    Test worker] o.s.d.r.c.RepositoryComponentProvider    : Scanning file [/Users/simonrowe/workspace/simonjamesrowe/backend-modulith/modules/component-test/build/classes/java/test/com/simonjamesrowe/component/test/kafka/TestKafkaListener2.class]
2025-10-04T09:13:57.870+01:00 TRACE 46788 --- [component-test] [    Test worker] o.s.d.r.c.RepositoryComponentProvider    : Ignored because not matching any filter: file [/Users/simonrowe/workspace/simonjamesrowe/backend-modulith/modules/component-test/build/classes/java/test/com/simonjamesrowe/component/test/kafka/TestKafkaListener2.class]
2025-10-04T09:13:57.870+01:00 TRACE 46788 --- [component-test] [    Test worker] o.s.d.r.c.RepositoryComponentProvider    : Scanning file [/Users/simonrowe/workspace/simonjamesrowe/backend-modulith/modules/component-test/build/classes/java/test/com/simonjamesrowe/component/test/kafka/WithKafkaContainerTest.class]
2025-10-04T09:13:57.870+01:00 TRACE 46788 --- [component-test] [    Test worker] o.s.d.r.c.RepositoryComponentProvider    : Ignored because not matching any filter: file [/Users/simonrowe/workspace/simonjamesrowe/backend-modulith/modules/component-test/build/classes/java/test/com/simonjamesrowe/component/test/kafka/WithKafkaContainerTest.class]
2025-10-04T09:13:57.870+01:00 TRACE 46788 --- [component-test] [    Test worker] o.s.d.r.c.RepositoryComponentProvider    : Scanning file [/Users/simonrowe/workspace/simonjamesrowe/backend-modulith/modules/component-test/build/classes/java/test/com/simonjamesrowe/component/test/mongo/MongoDocument.class]
2025-10-04T09:13:57.870+01:00 TRACE 46788 --- [component-test] [    Test worker] o.s.d.r.c.RepositoryComponentProvider    : Ignored because not matching any filter: file [/Users/simonrowe/workspace/simonjamesrowe/backend-modulith/modules/component-test/build/classes/java/test/com/simonjamesrowe/component/test/mongo/MongoDocument.class]
2025-10-04T09:13:57.870+01:00 TRACE 46788 --- [component-test] [    Test worker] o.s.d.r.c.RepositoryComponentProvider    : Scanning file [/Users/simonrowe/workspace/simonjamesrowe/backend-modulith/modules/component-test/build/classes/java/test/com/simonjamesrowe/component/test/mongo/MongoRepository.class]
2025-10-04T09:13:57.870+01:00 DEBUG 46788 --- [component-test] [    Test worker] o.s.d.r.c.RepositoryComponentProvider    : Identified candidate component class: file [/Users/simonrowe/workspace/simonjamesrowe/backend-modulith/modules/component-test/build/classes/java/test/com/simonjamesrowe/component/test/mongo/MongoRepository.class]
2025-10-04T09:13:57.870+01:00 TRACE 46788 --- [component-test] [    Test worker] o.s.d.r.c.RepositoryComponentProvider    : Scanning file [/Users/simonrowe/workspace/simonjamesrowe/backend-modulith/modules/component-test/build/classes/java/test/com/simonjamesrowe/component/test/mongo/WithMongoDBContainerTest.class]
2025-10-04T09:13:57.870+01:00 TRACE 46788 --- [component-test] [    Test worker] o.s.d.r.c.RepositoryComponentProvider    : Ignored because not matching any filter: file [/Users/simonrowe/workspace/simonjamesrowe/backend-modulith/modules/component-test/build/classes/java/test/com/simonjamesrowe/component/test/mongo/WithMongoDBContainerTest.class]
2025-10-04T09:13:57.870+01:00 TRACE 46788 --- [component-test] [    Test worker] o.s.d.r.c.RepositoryComponentProvider    : Scanning file [/Users/simonrowe/workspace/simonjamesrowe/backend-modulith/modules/component-test/build/classes/java/test/com/simonjamesrowe/component/test/postgresql/JpaEntity.class]
2025-10-04T09:13:57.870+01:00 TRACE 46788 --- [component-test] [    Test worker] o.s.d.r.c.RepositoryComponentProvider    : Ignored because not matching any filter: file [/Users/simonrowe/workspace/simonjamesrowe/backend-modulith/modules/component-test/build/classes/java/test/com/simonjamesrowe/component/test/postgresql/JpaEntity.class]
2025-10-04T09:13:57.870+01:00 TRACE 46788 --- [component-test] [    Test worker] o.s.d.r.c.RepositoryComponentProvider    : Scanning file [/Users/simonrowe/workspace/simonjamesrowe/backend-modulith/modules/component-test/build/classes/java/test/com/simonjamesrowe/component/test/postgresql/JpaEntityRepository.class]
2025-10-04T09:13:57.870+01:00 DEBUG 46788 --- [component-test] [    Test worker] o.s.d.r.c.RepositoryComponentProvider    : Identified candidate component class: file [/Users/simonrowe/workspace/simonjamesrowe/backend-modulith/modules/component-test/build/classes/java/test/com/simonjamesrowe/component/test/postgresql/JpaEntityRepository.class]
2025-10-04T09:13:57.870+01:00 TRACE 46788 --- [component-test] [    Test worker] o.s.d.r.c.RepositoryComponentProvider    : Scanning file [/Users/simonrowe/workspace/simonjamesrowe/backend-modulith/modules/component-test/build/classes/java/test/com/simonjamesrowe/component/test/postgresql/WithPostgresContainerTest.class]
2025-10-04T09:13:57.870+01:00 TRACE 46788 --- [component-test] [    Test worker] o.s.d.r.c.RepositoryComponentProvider    : Ignored because not matching any filter: file [/Users/simonrowe/workspace/simonjamesrowe/backend-modulith/modules/component-test/build/classes/java/test/com/simonjamesrowe/component/test/postgresql/WithPostgresContainerTest.class]
2025-10-04T09:13:57.870+01:00 TRACE 46788 --- [component-test] [    Test worker] o.s.d.r.c.RepositoryComponentProvider    : Scanning file [/Users/simonrowe/workspace/simonjamesrowe/backend-modulith/modules/component-test/build/classes/java/test/com/simonjamesrowe/component/test/redis/WithRedisContainerTest.class]
2025-10-04T09:13:57.870+01:00 TRACE 46788 --- [component-test] [    Test worker] o.s.d.r.c.RepositoryComponentProvider    : Ignored because not matching any filter: file [/Users/simonrowe/workspace/simonjamesrowe/backend-modulith/modules/component-test/build/classes/java/test/com/simonjamesrowe/component/test/redis/WithRedisContainerTest.class]
2025-10-04T09:13:57.870+01:00 TRACE 46788 --- [component-test] [    Test worker] o.s.d.r.c.RepositoryComponentProvider    : Scanning file [/Users/simonrowe/workspace/simonjamesrowe/backend-modulith/modules/component-test/build/classes/java/test/com/simonjamesrowe/component/test/vault/WithVaultContainerTest.class]
2025-10-04T09:13:57.870+01:00 TRACE 46788 --- [component-test] [    Test worker] o.s.d.r.c.RepositoryComponentProvider    : Ignored because not matching any filter: file [/Users/simonrowe/workspace/simonjamesrowe/backend-modulith/modules/component-test/build/classes/java/test/com/simonjamesrowe/component/test/vault/WithVaultContainerTest.class]
2025-10-04T09:13:57.870+01:00 TRACE 46788 --- [component-test] [    Test worker] o.s.d.r.c.RepositoryComponentProvider    : Scanning file [/Users/simonrowe/workspace/simonjamesrowe/backend-modulith/modules/component-test/build/classes/java/main/com/simonjamesrowe/component/test/BaseComponentTest.class]
2025-10-04T09:13:57.870+01:00 TRACE 46788 --- [component-test] [    Test worker] o.s.d.r.c.RepositoryComponentProvider    : Ignored because not matching any filter: file [/Users/simonrowe/workspace/simonjamesrowe/backend-modulith/modules/component-test/build/classes/java/main/com/simonjamesrowe/component/test/BaseComponentTest.class]
2025-10-04T09:13:57.870+01:00 TRACE 46788 --- [component-test] [    Test worker] o.s.d.r.c.RepositoryComponentProvider    : Scanning file [/Users/simonrowe/workspace/simonjamesrowe/backend-modulith/modules/component-test/build/classes/java/main/com/simonjamesrowe/component/test/ComponentTest.class]
2025-10-04T09:13:57.870+01:00 TRACE 46788 --- [component-test] [    Test worker] o.s.d.r.c.RepositoryComponentProvider    : Ignored because not matching any filter: file [/Users/simonrowe/workspace/simonjamesrowe/backend-modulith/modules/component-test/build/classes/java/main/com/simonjamesrowe/component/test/ComponentTest.class]
2025-10-04T09:13:57.870+01:00 TRACE 46788 --- [component-test] [    Test worker] o.s.d.r.c.RepositoryComponentProvider    : Scanning file [/Users/simonrowe/workspace/simonjamesrowe/backend-modulith/modules/component-test/build/classes/java/main/com/simonjamesrowe/component/test/JpaTest.class]
2025-10-04T09:13:57.870+01:00 TRACE 46788 --- [component-test] [    Test worker] o.s.d.r.c.RepositoryComponentProvider    : Ignored because not matching any filter: file [/Users/simonrowe/workspace/simonjamesrowe/backend-modulith/modules/component-test/build/classes/java/main/com/simonjamesrowe/component/test/JpaTest.class]
2025-10-04T09:13:57.870+01:00 TRACE 46788 --- [component-test] [    Test worker] o.s.d.r.c.RepositoryComponentProvider    : Scanning file [/Users/simonrowe/workspace/simonjamesrowe/backend-modulith/modules/component-test/build/classes/java/main/com/simonjamesrowe/component/test/MongoTest.class]
2025-10-04T09:13:57.870+01:00 TRACE 46788 --- [component-test] [    Test worker] o.s.d.r.c.RepositoryComponentProvider    : Ignored because not matching any filter: file [/Users/simonrowe/workspace/simonjamesrowe/backend-modulith/modules/component-test/build/classes/java/main/com/simonjamesrowe/component/test/MongoTest.class]
2025-10-04T09:13:57.870+01:00 TRACE 46788 --- [component-test] [    Test worker] o.s.d.r.c.RepositoryComponentProvider    : Scanning file [/Users/simonrowe/workspace/simonjamesrowe/backend-modulith/modules/component-test/build/classes/java/main/com/simonjamesrowe/component/test/containers/ContainerConfigurationUtils.class]
2025-10-04T09:13:57.870+01:00 TRACE 46788 --- [component-test] [    Test worker] o.s.d.r.c.RepositoryComponentProvider    : Ignored because not matching any filter: file [/Users/simonrowe/workspace/simonjamesrowe/backend-modulith/modules/component-test/build/classes/java/main/com/simonjamesrowe/component/test/containers/ContainerConfigurationUtils.class]
2025-10-04T09:13:57.870+01:00 TRACE 46788 --- [component-test] [    Test worker] o.s.d.r.c.RepositoryComponentProvider    : Scanning file [/Users/simonrowe/workspace/simonjamesrowe/backend-modulith/modules/component-test/build/classes/java/main/com/simonjamesrowe/component/test/elasticsearch/ElasticsearchTestContainerExtension.class]
2025-10-04T09:13:57.872+01:00 TRACE 46788 --- [component-test] [    Test worker] o.s.d.r.c.RepositoryComponentProvider    : Ignored because not matching any filter: file [/Users/simonrowe/workspace/simonjamesrowe/backend-modulith/modules/component-test/build/classes/java/main/com/simonjamesrowe/component/test/elasticsearch/ElasticsearchTestContainerExtension.class]
2025-10-04T09:13:57.872+01:00 TRACE 46788 --- [component-test] [    Test worker] o.s.d.r.c.RepositoryComponentProvider    : Scanning file [/Users/simonrowe/workspace/simonjamesrowe/backend-modulith/modules/component-test/build/classes/java/main/com/simonjamesrowe/component/test/elasticsearch/WithElasticsearchContainer.class]
2025-10-04T09:13:57.872+01:00 TRACE 46788 --- [component-test] [    Test worker] o.s.d.r.c.RepositoryComponentProvider    : Ignored because not matching any filter: file [/Users/simonrowe/workspace/simonjamesrowe/backend-modulith/modules/component-test/build/classes/java/main/com/simonjamesrowe/component/test/elasticsearch/WithElasticsearchContainer.class]
2025-10-04T09:13:57.872+01:00 TRACE 46788 --- [component-test] [    Test worker] o.s.d.r.c.RepositoryComponentProvider    : Scanning file [/Users/simonrowe/workspace/simonjamesrowe/backend-modulith/modules/component-test/build/classes/java/main/com/simonjamesrowe/component/test/jwt/JwtUtils.class]
2025-10-04T09:13:57.872+01:00 TRACE 46788 --- [component-test] [    Test worker] o.s.d.r.c.RepositoryComponentProvider    : Ignored because not matching any filter: file [/Users/simonrowe/workspace/simonjamesrowe/backend-modulith/modules/component-test/build/classes/java/main/com/simonjamesrowe/component/test/jwt/JwtUtils.class]
2025-10-04T09:13:57.872+01:00 TRACE 46788 --- [component-test] [    Test worker] o.s.d.r.c.RepositoryComponentProvider    : Scanning file [/Users/simonrowe/workspace/simonjamesrowe/backend-modulith/modules/component-test/build/classes/java/main/com/simonjamesrowe/component/test/kafka/KafkaContainerExtension.class]
2025-10-04T09:13:57.872+01:00 TRACE 46788 --- [component-test] [    Test worker] o.s.d.r.c.RepositoryComponentProvider    : Ignored because not matching any filter: file [/Users/simonrowe/workspace/simonjamesrowe/backend-modulith/modules/component-test/build/classes/java/main/com/simonjamesrowe/component/test/kafka/KafkaContainerExtension.class]
2025-10-04T09:13:57.872+01:00 TRACE 46788 --- [component-test] [    Test worker] o.s.d.r.c.RepositoryComponentProvider    : Scanning file [/Users/simonrowe/workspace/simonjamesrowe/backend-modulith/modules/component-test/build/classes/java/main/com/simonjamesrowe/component/test/kafka/SchemaRegistryContainerExtension.class]
2025-10-04T09:13:57.872+01:00 TRACE 46788 --- [component-test] [    Test worker] o.s.d.r.c.RepositoryComponentProvider    : Ignored because not matching any filter: file [/Users/simonrowe/workspace/simonjamesrowe/backend-modulith/modules/component-test/build/classes/java/main/com/simonjamesrowe/component/test/kafka/SchemaRegistryContainerExtension.class]
2025-10-04T09:13:57.872+01:00 TRACE 46788 --- [component-test] [    Test worker] o.s.d.r.c.RepositoryComponentProvider    : Scanning file [/Users/simonrowe/workspace/simonjamesrowe/backend-modulith/modules/component-test/build/classes/java/main/com/simonjamesrowe/component/test/kafka/WithKafkaContainer.class]
2025-10-04T09:13:57.872+01:00 TRACE 46788 --- [component-test] [    Test worker] o.s.d.r.c.RepositoryComponentProvider    : Ignored because not matching any filter: file [/Users/simonrowe/workspace/simonjamesrowe/backend-modulith/modules/component-test/build/classes/java/main/com/simonjamesrowe/component/test/kafka/WithKafkaContainer.class]
2025-10-04T09:13:57.872+01:00 TRACE 46788 --- [component-test] [    Test worker] o.s.d.r.c.RepositoryComponentProvider    : Scanning file [/Users/simonrowe/workspace/simonjamesrowe/backend-modulith/modules/component-test/build/classes/java/main/com/simonjamesrowe/component/test/mongo/MongoDBTestContainersExtension.class]
2025-10-04T09:13:57.872+01:00 TRACE 46788 --- [component-test] [    Test worker] o.s.d.r.c.RepositoryComponentProvider    : Ignored because not matching any filter: file [/Users/simonrowe/workspace/simonjamesrowe/backend-modulith/modules/component-test/build/classes/java/main/com/simonjamesrowe/component/test/mongo/MongoDBTestContainersExtension.class]
2025-10-04T09:13:57.872+01:00 TRACE 46788 --- [component-test] [    Test worker] o.s.d.r.c.RepositoryComponentProvider    : Scanning file [/Users/simonrowe/workspace/simonjamesrowe/backend-modulith/modules/component-test/build/classes/java/main/com/simonjamesrowe/component/test/mongo/TestDataRunner.class]
2025-10-04T09:13:57.872+01:00 TRACE 46788 --- [component-test] [    Test worker] o.s.d.r.c.RepositoryComponentProvider    : Ignored because not matching any filter: file [/Users/simonrowe/workspace/simonjamesrowe/backend-modulith/modules/component-test/build/classes/java/main/com/simonjamesrowe/component/test/mongo/TestDataRunner.class]
2025-10-04T09:13:57.872+01:00 TRACE 46788 --- [component-test] [    Test worker] o.s.d.r.c.RepositoryComponentProvider    : Scanning file [/Users/simonrowe/workspace/simonjamesrowe/backend-modulith/modules/component-test/build/classes/java/main/com/simonjamesrowe/component/test/mongo/WithMongoDBContainer.class]
2025-10-04T09:13:57.872+01:00 TRACE 46788 --- [component-test] [    Test worker] o.s.d.r.c.RepositoryComponentProvider    : Ignored because not matching any filter: file [/Users/simonrowe/workspace/simonjamesrowe/backend-modulith/modules/component-test/build/classes/java/main/com/simonjamesrowe/component/test/mongo/WithMongoDBContainer.class]
2025-10-04T09:13:57.872+01:00 TRACE 46788 --- [component-test] [    Test worker] o.s.d.r.c.RepositoryComponentProvider    : Scanning file [/Users/simonrowe/workspace/simonjamesrowe/backend-modulith/modules/component-test/build/classes/java/main/com/simonjamesrowe/component/test/postgresql/PostgresqlTestContainersExtension.class]
2025-10-04T09:13:57.872+01:00 TRACE 46788 --- [component-test] [    Test worker] o.s.d.r.c.RepositoryComponentProvider    : Ignored because not matching any filter: file [/Users/simonrowe/workspace/simonjamesrowe/backend-modulith/modules/component-test/build/classes/java/main/com/simonjamesrowe/component/test/postgresql/PostgresqlTestContainersExtension.class]
2025-10-04T09:13:57.872+01:00 TRACE 46788 --- [component-test] [    Test worker] o.s.d.r.c.RepositoryComponentProvider    : Scanning file [/Users/simonrowe/workspace/simonjamesrowe/backend-modulith/modules/component-test/build/classes/java/main/com/simonjamesrowe/component/test/postgresql/WithPostgresContainer.class]
2025-10-04T09:13:57.872+01:00 TRACE 46788 --- [component-test] [    Test worker] o.s.d.r.c.RepositoryComponentProvider    : Ignored because not matching any filter: file [/Users/simonrowe/workspace/simonjamesrowe/backend-modulith/modules/component-test/build/classes/java/main/com/simonjamesrowe/component/test/postgresql/WithPostgresContainer.class]
2025-10-04T09:13:57.872+01:00 TRACE 46788 --- [component-test] [    Test worker] o.s.d.r.c.RepositoryComponentProvider    : Scanning file [/Users/simonrowe/workspace/simonjamesrowe/backend-modulith/modules/component-test/build/classes/java/main/com/simonjamesrowe/component/test/redis/RedisTestContainersExtension.class]
2025-10-04T09:13:57.872+01:00 TRACE 46788 --- [component-test] [    Test worker] o.s.d.r.c.RepositoryComponentProvider    : Ignored because not matching any filter: file [/Users/simonrowe/workspace/simonjamesrowe/backend-modulith/modules/component-test/build/classes/java/main/com/simonjamesrowe/component/test/redis/RedisTestContainersExtension.class]
2025-10-04T09:13:57.872+01:00 TRACE 46788 --- [component-test] [    Test worker] o.s.d.r.c.RepositoryComponentProvider    : Scanning file [/Users/simonrowe/workspace/simonjamesrowe/backend-modulith/modules/component-test/build/classes/java/main/com/simonjamesrowe/component/test/redis/WithRedisContainer.class]
2025-10-04T09:13:57.872+01:00 TRACE 46788 --- [component-test] [    Test worker] o.s.d.r.c.RepositoryComponentProvider    : Ignored because not matching any filter: file [/Users/simonrowe/workspace/simonjamesrowe/backend-modulith/modules/component-test/build/classes/java/main/com/simonjamesrowe/component/test/redis/WithRedisContainer.class]
2025-10-04T09:13:57.872+01:00 TRACE 46788 --- [component-test] [    Test worker] o.s.d.r.c.RepositoryComponentProvider    : Scanning file [/Users/simonrowe/workspace/simonjamesrowe/backend-modulith/modules/component-test/build/classes/java/main/com/simonjamesrowe/component/test/utils/PortUtils.class]
2025-10-04T09:13:57.872+01:00 TRACE 46788 --- [component-test] [    Test worker] o.s.d.r.c.RepositoryComponentProvider    : Ignored because not matching any filter: file [/Users/simonrowe/workspace/simonjamesrowe/backend-modulith/modules/component-test/build/classes/java/main/com/simonjamesrowe/component/test/utils/PortUtils.class]
2025-10-04T09:13:57.872+01:00 TRACE 46788 --- [component-test] [    Test worker] o.s.d.r.c.RepositoryComponentProvider    : Scanning file [/Users/simonrowe/workspace/simonjamesrowe/backend-modulith/modules/component-test/build/classes/java/main/com/simonjamesrowe/component/test/vault/VaultTestContainersExtension.class]
2025-10-04T09:13:57.872+01:00 TRACE 46788 --- [component-test] [    Test worker] o.s.d.r.c.RepositoryComponentProvider    : Ignored because not matching any filter: file [/Users/simonrowe/workspace/simonjamesrowe/backend-modulith/modules/component-test/build/classes/java/main/com/simonjamesrowe/component/test/vault/VaultTestContainersExtension.class]
2025-10-04T09:13:57.872+01:00 TRACE 46788 --- [component-test] [    Test worker] o.s.d.r.c.RepositoryComponentProvider    : Scanning file [/Users/simonrowe/workspace/simonjamesrowe/backend-modulith/modules/component-test/build/classes/java/main/com/simonjamesrowe/component/test/vault/WithVaultContainer.class]
2025-10-04T09:13:57.872+01:00 TRACE 46788 --- [component-test] [    Test worker] o.s.d.r.c.RepositoryComponentProvider    : Ignored because not matching any filter: file [/Users/simonrowe/workspace/simonjamesrowe/backend-modulith/modules/component-test/build/classes/java/main/com/simonjamesrowe/component/test/vault/WithVaultContainer.class]
2025-10-04T09:13:57.872+01:00  INFO 46788 --- [component-test] [    Test worker] .RepositoryConfigurationExtensionSupport : Spring Data MongoDB - Could not safely identify store assignment for repository candidate interface com.simonjamesrowe.component.test.elasticsearch.TestRepository; If you want this repository to be a MongoDB repository, consider annotating your entities with one of these annotations: org.springframework.data.mongodb.core.mapping.Document (preferred), or consider extending one of the following types with your repository: org.springframework.data.mongodb.repository.MongoRepository
2025-10-04T09:13:57.872+01:00  INFO 46788 --- [component-test] [    Test worker] .RepositoryConfigurationExtensionSupport : Spring Data MongoDB - Could not safely identify store assignment for repository candidate interface com.simonjamesrowe.component.test.postgresql.JpaEntityRepository; If you want this repository to be a MongoDB repository, consider annotating your entities with one of these annotations: org.springframework.data.mongodb.core.mapping.Document (preferred), or consider extending one of the following types with your repository: org.springframework.data.mongodb.repository.MongoRepository
2025-10-04T09:13:57.873+01:00 TRACE 46788 --- [component-test] [    Test worker] .s.d.r.c.RepositoryConfigurationDelegate : Spring Data MongoDB - Registering repository: mongoRepository - Interface: com.simonjamesrowe.component.test.mongo.MongoRepository - Factory: org.springframework.data.mongodb.repository.support.MongoRepositoryFactoryBean
2025-10-04T09:13:57.873+01:00  INFO 46788 --- [component-test] [    Test worker] .s.d.r.c.RepositoryConfigurationDelegate : Finished Spring Data repository scanning in 4 ms. Found 1 MongoDB repository interface.
2025-10-04T09:13:57.953+01:00  INFO 46788 --- [component-test] [    Test worker] org.mongodb.driver.client                : MongoClient with metadata {"driver": {"name": "mongo-java-driver|sync|spring-boot", "version": "5.0.1"}, "os": {"type": "Darwin", "name": "Mac OS X", "architecture": "aarch64", "version": "15.1"}, "platform": "Java/GraalVM Community/21.0.2+13-jvmci-23.1-b30"} created with settings MongoClientSettings{readPreference=primary, writeConcern=WriteConcern{w=null, wTimeout=null ms, journal=null}, retryWrites=true, retryReads=true, readConcern=ReadConcern{level=null}, credential=MongoCredential{mechanism=null, userName='user', source='admin', password=<hidden>, mechanismProperties=<hidden>}, transportSettings=null, commandListeners=[], codecRegistry=ProvidersCodecRegistry{codecProviders=[ValueCodecProvider{}, BsonValueCodecProvider{}, DBRefCodecProvider{}, DBObjectCodecProvider{}, DocumentCodecProvider{}, CollectionCodecProvider{}, IterableCodecProvider{}, MapCodecProvider{}, GeoJsonCodecProvider{}, GridFSFileCodecProvider{}, Jsr310CodecProvider{}, JsonObjectCodecProvider{}, BsonCodecProvider{}, EnumCodecProvider{}, com.mongodb.client.model.mql.ExpressionCodecProvider@6dadd99c, com.mongodb.Jep395RecordCodecProvider@7daed000, com.mongodb.KotlinCodecProvider@10322a6d]}, loggerSettings=LoggerSettings{maxDocumentLength=1000}, clusterSettings={hosts=[localhost:33274], srvServiceName=mongodb, mode=SINGLE, requiredClusterType=UNKNOWN, requiredReplicaSetName='null', serverSelector='null', clusterListeners='[]', serverSelectionTimeout='30000 ms', localThreshold='15 ms'}, socketSettings=SocketSettings{connectTimeoutMS=10000, readTimeoutMS=0, receiveBufferSize=0, proxySettings=ProxySettings{host=null, port=null, username=null, password=null}}, heartbeatSocketSettings=SocketSettings{connectTimeoutMS=10000, readTimeoutMS=10000, receiveBufferSize=0, proxySettings=ProxySettings{host=null, port=null, username=null, password=null}}, connectionPoolSettings=ConnectionPoolSettings{maxSize=100, minSize=0, maxWaitTimeMS=120000, maxConnectionLifeTimeMS=0, maxConnectionIdleTimeMS=0, maintenanceInitialDelayMS=0, maintenanceFrequencyMS=60000, connectionPoolListeners=[], maxConnecting=2}, serverSettings=ServerSettings{heartbeatFrequencyMS=10000, minHeartbeatFrequencyMS=500, serverListeners='[]', serverMonitorListeners='[]'}, sslSettings=SslSettings{enabled=false, invalidHostNameAllowed=false, context=null}, applicationName='null', compressorList=[], uuidRepresentation=JAVA_LEGACY, serverApi=null, autoEncryptionSettings=null, dnsClient=null, inetAddressResolver=null, contextProvider=null}
2025-10-04T09:13:57.957+01:00  INFO 46788 --- [component-test] [localhost:33274] org.mongodb.driver.cluster               : Exception in monitor thread while connecting to server localhost:33274

com.mongodb.MongoSocketReadException: Exception receiving message
	at com.mongodb.internal.connection.InternalStreamConnection.translateReadException(InternalStreamConnection.java:707) ~[mongodb-driver-core-5.0.1.jar:na]
	at com.mongodb.internal.connection.InternalStreamConnection.receiveMessageWithAdditionalTimeout(InternalStreamConnection.java:583) ~[mongodb-driver-core-5.0.1.jar:na]
	at com.mongodb.internal.connection.InternalStreamConnection.receiveCommandMessageResponse(InternalStreamConnection.java:428) ~[mongodb-driver-core-5.0.1.jar:na]
	at com.mongodb.internal.connection.InternalStreamConnection.sendAndReceive(InternalStreamConnection.java:354) ~[mongodb-driver-core-5.0.1.jar:na]
	at com.mongodb.internal.connection.CommandHelper.sendAndReceive(CommandHelper.java:92) ~[mongodb-driver-core-5.0.1.jar:na]
	at com.mongodb.internal.connection.CommandHelper.executeCommand(CommandHelper.java:48) ~[mongodb-driver-core-5.0.1.jar:na]
	at com.mongodb.internal.connection.InternalStreamConnectionInitializer.initializeConnectionDescription(InternalStreamConnectionInitializer.java:130) ~[mongodb-driver-core-5.0.1.jar:na]
	at com.mongodb.internal.connection.InternalStreamConnectionInitializer.startHandshake(InternalStreamConnectionInitializer.java:78) ~[mongodb-driver-core-5.0.1.jar:na]
	at com.mongodb.internal.connection.InternalStreamConnection.open(InternalStreamConnection.java:203) ~[mongodb-driver-core-5.0.1.jar:na]
	at com.mongodb.internal.connection.DefaultServerMonitor$ServerMonitorRunnable.lookupServerDescription(DefaultServerMonitor.java:193) ~[mongodb-driver-core-5.0.1.jar:na]
	at com.mongodb.internal.connection.DefaultServerMonitor$ServerMonitorRunnable.run(DefaultServerMonitor.java:153) ~[mongodb-driver-core-5.0.1.jar:na]
	at java.base/java.lang.Thread.run(Thread.java:1583) ~[na:na]
Caused by: java.net.SocketException: Connection reset
	at java.base/sun.nio.ch.NioSocketImpl.implRead(NioSocketImpl.java:318) ~[na:na]
	at java.base/sun.nio.ch.NioSocketImpl.read(NioSocketImpl.java:346) ~[na:na]
	at java.base/sun.nio.ch.NioSocketImpl$1.read(NioSocketImpl.java:796) ~[na:na]
	at java.base/java.net.Socket$SocketInputStream.read(Socket.java:1099) ~[na:na]
	at com.mongodb.internal.connection.SocketStream.read(SocketStream.java:176) ~[mongodb-driver-core-5.0.1.jar:na]
	at com.mongodb.internal.connection.SocketStream.read(SocketStream.java:196) ~[mongodb-driver-core-5.0.1.jar:na]
	at com.mongodb.internal.connection.InternalStreamConnection.receiveResponseBuffers(InternalStreamConnection.java:716) ~[mongodb-driver-core-5.0.1.jar:na]
	at com.mongodb.internal.connection.InternalStreamConnection.receiveMessageWithAdditionalTimeout(InternalStreamConnection.java:580) ~[mongodb-driver-core-5.0.1.jar:na]
	... 10 common frames omitted

2025-10-04T09:13:57.975+01:00 DEBUG 46788 --- [component-test] [    Test worker] o.s.data.convert.CustomConversions       : Adding converter from class java.util.Locale to class java.lang.String as writing converter
2025-10-04T09:13:57.975+01:00 DEBUG 46788 --- [component-test] [    Test worker] o.s.data.convert.CustomConversions       : Adding converter from class java.lang.Character to class java.lang.String as writing converter
2025-10-04T09:13:57.975+01:00 DEBUG 46788 --- [component-test] [    Test worker] o.s.data.convert.CustomConversions       : Adding converter from class java.math.BigDecimal to class java.lang.String as writing converter
2025-10-04T09:13:57.975+01:00 DEBUG 46788 --- [component-test] [    Test worker] o.s.data.convert.CustomConversions       : Adding converter from class java.math.BigDecimal to class org.bson.types.Decimal128 as writing converter
2025-10-04T09:13:57.975+01:00 DEBUG 46788 --- [component-test] [    Test worker] o.s.data.convert.CustomConversions       : Adding converter from class java.lang.String to class java.math.BigDecimal as reading converter
2025-10-04T09:13:57.975+01:00 DEBUG 46788 --- [component-test] [    Test worker] o.s.data.convert.CustomConversions       : Adding converter from class org.bson.types.Decimal128 to class java.math.BigDecimal as reading converter
2025-10-04T09:13:57.975+01:00 DEBUG 46788 --- [component-test] [    Test worker] o.s.data.convert.CustomConversions       : Adding converter from class java.math.BigInteger to class java.lang.String as writing converter
2025-10-04T09:13:57.975+01:00 DEBUG 46788 --- [component-test] [    Test worker] o.s.data.convert.CustomConversions       : Adding converter from class java.lang.String to class java.math.BigInteger as reading converter
2025-10-04T09:13:57.975+01:00 DEBUG 46788 --- [component-test] [    Test worker] o.s.data.convert.CustomConversions       : Adding converter from class java.net.URL to class java.lang.String as writing converter
2025-10-04T09:13:57.975+01:00 DEBUG 46788 --- [component-test] [    Test worker] o.s.data.convert.CustomConversions       : Adding converter from class java.lang.String to class java.net.URL as reading converter
2025-10-04T09:13:57.975+01:00 DEBUG 46788 --- [component-test] [    Test worker] o.s.data.convert.CustomConversions       : Adding converter from class org.bson.Document to class java.lang.String as reading converter
2025-10-04T09:13:57.975+01:00 DEBUG 46788 --- [component-test] [    Test worker] o.s.data.convert.CustomConversions       : Adding converter from class org.springframework.data.mongodb.core.query.Term to class java.lang.String as writing converter
2025-10-04T09:13:57.975+01:00 DEBUG 46788 --- [component-test] [    Test worker] o.s.data.convert.CustomConversions       : Adding converter from class org.springframework.data.mongodb.core.script.NamedMongoScript to class org.bson.Document as writing converter
2025-10-04T09:13:57.975+01:00 DEBUG 46788 --- [component-test] [    Test worker] o.s.data.convert.CustomConversions       : Adding converter from class org.bson.Document to class org.springframework.data.mongodb.core.script.NamedMongoScript as reading converter
2025-10-04T09:13:57.975+01:00 DEBUG 46788 --- [component-test] [    Test worker] o.s.data.convert.CustomConversions       : Adding converter from class java.util.Currency to class java.lang.String as writing converter
2025-10-04T09:13:57.975+01:00 DEBUG 46788 --- [component-test] [    Test worker] o.s.data.convert.CustomConversions       : Adding converter from class java.lang.String to class java.util.Currency as reading converter
2025-10-04T09:13:57.975+01:00 DEBUG 46788 --- [component-test] [    Test worker] o.s.data.convert.CustomConversions       : Adding converter from class java.util.concurrent.atomic.AtomicInteger to class java.lang.Integer as writing converter
2025-10-04T09:13:57.975+01:00 DEBUG 46788 --- [component-test] [    Test worker] o.s.data.convert.CustomConversions       : Adding converter from class java.util.concurrent.atomic.AtomicLong to class java.lang.Long as writing converter
2025-10-04T09:13:57.975+01:00 DEBUG 46788 --- [component-test] [    Test worker] o.s.data.convert.CustomConversions       : Adding converter from class java.lang.Long to class java.util.concurrent.atomic.AtomicLong as reading converter
2025-10-04T09:13:57.975+01:00 DEBUG 46788 --- [component-test] [    Test worker] o.s.data.convert.CustomConversions       : Adding converter from class java.lang.Integer to class java.util.concurrent.atomic.AtomicInteger as reading converter
2025-10-04T09:13:57.975+01:00 DEBUG 46788 --- [component-test] [    Test worker] o.s.data.convert.CustomConversions       : Adding converter from class org.bson.types.Binary to class [B as reading converter
2025-10-04T09:13:57.975+01:00 DEBUG 46788 --- [component-test] [    Test worker] o.s.data.convert.CustomConversions       : Adding converter from class org.bson.BsonTimestamp to class java.time.Instant as reading converter
2025-10-04T09:13:57.975+01:00 DEBUG 46788 --- [component-test] [    Test worker] o.s.data.convert.CustomConversions       : Adding converter from class org.bson.BsonUndefined to class java.lang.Object as reading converter
2025-10-04T09:13:57.975+01:00 DEBUG 46788 --- [component-test] [    Test worker] o.s.data.convert.CustomConversions       : Adding converter from class java.lang.String to class java.net.URI as reading converter
2025-10-04T09:13:57.975+01:00 DEBUG 46788 --- [component-test] [    Test worker] o.s.data.convert.CustomConversions       : Adding converter from class java.net.URI to class java.lang.String as writing converter
2025-10-04T09:13:57.975+01:00 DEBUG 46788 --- [component-test] [    Test worker] o.s.data.convert.CustomConversions       : Adding converter from class org.springframework.data.geo.Box to class org.bson.Document as writing converter
2025-10-04T09:13:57.975+01:00 DEBUG 46788 --- [component-test] [    Test worker] o.s.data.convert.CustomConversions       : Adding converter from class org.springframework.data.geo.Polygon to class org.bson.Document as writing converter
2025-10-04T09:13:57.975+01:00 DEBUG 46788 --- [component-test] [    Test worker] o.s.data.convert.CustomConversions       : Adding converter from class org.springframework.data.geo.Circle to class org.bson.Document as writing converter
2025-10-04T09:13:57.976+01:00 DEBUG 46788 --- [component-test] [    Test worker] o.s.data.convert.CustomConversions       : Adding converter from class org.springframework.data.mongodb.core.geo.Sphere to class org.bson.Document as writing converter
2025-10-04T09:13:57.976+01:00 DEBUG 46788 --- [component-test] [    Test worker] o.s.data.convert.CustomConversions       : Adding converter from class org.bson.Document to class org.springframework.data.geo.Box as reading converter
2025-10-04T09:13:57.976+01:00 DEBUG 46788 --- [component-test] [    Test worker] o.s.data.convert.CustomConversions       : Adding converter from class org.bson.Document to class org.springframework.data.geo.Polygon as reading converter
2025-10-04T09:13:57.976+01:00 DEBUG 46788 --- [component-test] [    Test worker] o.s.data.convert.CustomConversions       : Adding converter from class org.bson.Document to class org.springframework.data.geo.Circle as reading converter
2025-10-04T09:13:57.976+01:00 DEBUG 46788 --- [component-test] [    Test worker] o.s.data.convert.CustomConversions       : Adding converter from class org.bson.Document to class org.springframework.data.mongodb.core.geo.Sphere as reading converter
2025-10-04T09:13:57.976+01:00 DEBUG 46788 --- [component-test] [    Test worker] o.s.data.convert.CustomConversions       : Adding converter from class org.bson.Document to class org.springframework.data.geo.Point as reading converter
2025-10-04T09:13:57.976+01:00 DEBUG 46788 --- [component-test] [    Test worker] o.s.data.convert.CustomConversions       : Adding converter from class org.springframework.data.geo.Point to class org.bson.Document as writing converter
2025-10-04T09:13:57.976+01:00 DEBUG 46788 --- [component-test] [    Test worker] o.s.data.convert.CustomConversions       : Adding converter from class org.springframework.data.mongodb.core.query.GeoCommand to class org.bson.Document as writing converter
2025-10-04T09:13:57.976+01:00 DEBUG 46788 --- [component-test] [    Test worker] o.s.data.convert.CustomConversions       : Adding converter from interface org.springframework.data.mongodb.core.geo.GeoJson to class org.bson.Document as writing converter
2025-10-04T09:13:57.976+01:00 DEBUG 46788 --- [component-test] [    Test worker] o.s.data.convert.CustomConversions       : Adding converter from class org.springframework.data.mongodb.core.geo.GeoJsonPoint to class org.bson.Document as writing converter
2025-10-04T09:13:57.976+01:00 DEBUG 46788 --- [component-test] [    Test worker] o.s.data.convert.CustomConversions       : Adding converter from class org.springframework.data.mongodb.core.geo.GeoJsonPolygon to class org.bson.Document as writing converter
2025-10-04T09:13:57.976+01:00 DEBUG 46788 --- [component-test] [    Test worker] o.s.data.convert.CustomConversions       : Adding converter from class org.bson.Document to class org.springframework.data.mongodb.core.geo.GeoJsonPoint as reading converter
2025-10-04T09:13:57.976+01:00 DEBUG 46788 --- [component-test] [    Test worker] o.s.data.convert.CustomConversions       : Adding converter from class org.bson.Document to class org.springframework.data.mongodb.core.geo.GeoJsonPolygon as reading converter
2025-10-04T09:13:57.976+01:00 DEBUG 46788 --- [component-test] [    Test worker] o.s.data.convert.CustomConversions       : Adding converter from class org.bson.Document to class org.springframework.data.mongodb.core.geo.GeoJsonLineString as reading converter
2025-10-04T09:13:57.976+01:00 DEBUG 46788 --- [component-test] [    Test worker] o.s.data.convert.CustomConversions       : Adding converter from class org.bson.Document to class org.springframework.data.mongodb.core.geo.GeoJsonMultiLineString as reading converter
2025-10-04T09:13:57.976+01:00 DEBUG 46788 --- [component-test] [    Test worker] o.s.data.convert.CustomConversions       : Adding converter from class org.bson.Document to class org.springframework.data.mongodb.core.geo.GeoJsonMultiPoint as reading converter
2025-10-04T09:13:57.976+01:00 DEBUG 46788 --- [component-test] [    Test worker] o.s.data.convert.CustomConversions       : Adding converter from class org.bson.Document to class org.springframework.data.mongodb.core.geo.GeoJsonMultiPolygon as reading converter
2025-10-04T09:13:57.976+01:00 DEBUG 46788 --- [component-test] [    Test worker] o.s.data.convert.CustomConversions       : Adding converter from class org.bson.Document to class org.springframework.data.mongodb.core.geo.GeoJsonGeometryCollection as reading converter
2025-10-04T09:13:57.976+01:00 DEBUG 46788 --- [component-test] [    Test worker] o.s.data.convert.CustomConversions       : Adding converter from class org.bson.Document to interface org.springframework.data.mongodb.core.geo.GeoJson as reading converter
2025-10-04T09:13:57.976+01:00 DEBUG 46788 --- [component-test] [    Test worker] o.s.data.convert.CustomConversions       : Adding converter from class java.util.Date to class java.time.LocalDateTime as reading converter
2025-10-04T09:13:57.976+01:00 DEBUG 46788 --- [component-test] [    Test worker] o.s.data.convert.CustomConversions       : Adding converter from class java.time.LocalDateTime to class java.util.Date as writing converter
2025-10-04T09:13:57.976+01:00 DEBUG 46788 --- [component-test] [    Test worker] o.s.data.convert.CustomConversions       : Adding converter from class java.util.Date to class java.time.LocalDate as reading converter
2025-10-04T09:13:57.976+01:00 DEBUG 46788 --- [component-test] [    Test worker] o.s.data.convert.CustomConversions       : Adding converter from class java.time.LocalDate to class java.util.Date as writing converter
2025-10-04T09:13:57.976+01:00 DEBUG 46788 --- [component-test] [    Test worker] o.s.data.convert.CustomConversions       : Adding converter from class java.util.Date to class java.time.LocalTime as reading converter
2025-10-04T09:13:57.976+01:00 DEBUG 46788 --- [component-test] [    Test worker] o.s.data.convert.CustomConversions       : Adding converter from class java.time.LocalTime to class java.util.Date as writing converter
2025-10-04T09:13:57.976+01:00 DEBUG 46788 --- [component-test] [    Test worker] o.s.data.convert.CustomConversions       : Adding converter from class java.util.Date to class java.time.Instant as reading converter
2025-10-04T09:13:57.976+01:00 DEBUG 46788 --- [component-test] [    Test worker] o.s.data.convert.CustomConversions       : Adding converter from class java.time.Instant to class java.util.Date as writing converter
2025-10-04T09:13:57.976+01:00 DEBUG 46788 --- [component-test] [    Test worker] o.s.data.convert.CustomConversions       : Skipping converter from class java.time.LocalDateTime to class java.time.Instant as reading converter class java.time.LocalDateTime is not a store supported simple type
2025-10-04T09:13:57.976+01:00 DEBUG 46788 --- [component-test] [    Test worker] o.s.data.convert.CustomConversions       : Skipping converter from class java.time.Instant to class java.time.LocalDateTime as reading converter class java.time.Instant is not a store supported simple type
2025-10-04T09:13:57.976+01:00 DEBUG 46788 --- [component-test] [    Test worker] o.s.data.convert.CustomConversions       : Adding converter from class java.time.ZoneId to class java.lang.String as writing converter
2025-10-04T09:13:57.976+01:00 DEBUG 46788 --- [component-test] [    Test worker] o.s.data.convert.CustomConversions       : Adding converter from class java.lang.String to class java.time.ZoneId as reading converter
2025-10-04T09:13:57.976+01:00 DEBUG 46788 --- [component-test] [    Test worker] o.s.data.convert.CustomConversions       : Adding converter from class java.time.Duration to class java.lang.String as writing converter
2025-10-04T09:13:57.976+01:00 DEBUG 46788 --- [component-test] [    Test worker] o.s.data.convert.CustomConversions       : Adding converter from class java.lang.String to class java.time.Duration as reading converter
2025-10-04T09:13:57.976+01:00 DEBUG 46788 --- [component-test] [    Test worker] o.s.data.convert.CustomConversions       : Adding converter from class java.time.Period to class java.lang.String as writing converter
2025-10-04T09:13:57.976+01:00 DEBUG 46788 --- [component-test] [    Test worker] o.s.data.convert.CustomConversions       : Adding converter from class java.lang.String to class java.time.Period as reading converter
2025-10-04T09:13:57.976+01:00 DEBUG 46788 --- [component-test] [    Test worker] o.s.data.convert.CustomConversions       : Adding converter from class java.lang.String to class java.time.LocalDate as reading converter
2025-10-04T09:13:57.976+01:00 DEBUG 46788 --- [component-test] [    Test worker] o.s.data.convert.CustomConversions       : Adding converter from class java.lang.String to class java.time.LocalDateTime as reading converter
2025-10-04T09:13:57.976+01:00 DEBUG 46788 --- [component-test] [    Test worker] o.s.data.convert.CustomConversions       : Adding converter from class java.lang.String to class java.time.Instant as reading converter
2025-10-04T09:13:57.987+01:00 DEBUG 46788 --- [component-test] [    Test worker] o.s.data.convert.CustomConversions       : Adding converter from class java.util.Locale to class java.lang.String as writing converter
2025-10-04T09:13:57.987+01:00 DEBUG 46788 --- [component-test] [    Test worker] o.s.data.convert.CustomConversions       : Adding converter from class java.lang.Character to class java.lang.String as writing converter
2025-10-04T09:13:57.987+01:00 DEBUG 46788 --- [component-test] [    Test worker] o.s.data.convert.CustomConversions       : Adding converter from class java.math.BigDecimal to class java.lang.String as writing converter
2025-10-04T09:13:57.987+01:00 DEBUG 46788 --- [component-test] [    Test worker] o.s.data.convert.CustomConversions       : Adding converter from class java.math.BigDecimal to class org.bson.types.Decimal128 as writing converter
2025-10-04T09:13:57.987+01:00 DEBUG 46788 --- [component-test] [    Test worker] o.s.data.convert.CustomConversions       : Adding converter from class java.lang.String to class java.math.BigDecimal as reading converter
2025-10-04T09:13:57.987+01:00 DEBUG 46788 --- [component-test] [    Test worker] o.s.data.convert.CustomConversions       : Adding converter from class org.bson.types.Decimal128 to class java.math.BigDecimal as reading converter
2025-10-04T09:13:57.987+01:00 DEBUG 46788 --- [component-test] [    Test worker] o.s.data.convert.CustomConversions       : Adding converter from class java.math.BigInteger to class java.lang.String as writing converter
2025-10-04T09:13:57.987+01:00 DEBUG 46788 --- [component-test] [    Test worker] o.s.data.convert.CustomConversions       : Adding converter from class java.lang.String to class java.math.BigInteger as reading converter
2025-10-04T09:13:57.987+01:00 DEBUG 46788 --- [component-test] [    Test worker] o.s.data.convert.CustomConversions       : Adding converter from class java.net.URL to class java.lang.String as writing converter
2025-10-04T09:13:57.987+01:00 DEBUG 46788 --- [component-test] [    Test worker] o.s.data.convert.CustomConversions       : Adding converter from class java.lang.String to class java.net.URL as reading converter
2025-10-04T09:13:57.987+01:00 DEBUG 46788 --- [component-test] [    Test worker] o.s.data.convert.CustomConversions       : Adding converter from class org.bson.Document to class java.lang.String as reading converter
2025-10-04T09:13:57.987+01:00 DEBUG 46788 --- [component-test] [    Test worker] o.s.data.convert.CustomConversions       : Adding converter from class org.springframework.data.mongodb.core.query.Term to class java.lang.String as writing converter
2025-10-04T09:13:57.987+01:00 DEBUG 46788 --- [component-test] [    Test worker] o.s.data.convert.CustomConversions       : Adding converter from class org.springframework.data.mongodb.core.script.NamedMongoScript to class org.bson.Document as writing converter
2025-10-04T09:13:57.987+01:00 DEBUG 46788 --- [component-test] [    Test worker] o.s.data.convert.CustomConversions       : Adding converter from class org.bson.Document to class org.springframework.data.mongodb.core.script.NamedMongoScript as reading converter
2025-10-04T09:13:57.987+01:00 DEBUG 46788 --- [component-test] [    Test worker] o.s.data.convert.CustomConversions       : Adding converter from class java.util.Currency to class java.lang.String as writing converter
2025-10-04T09:13:57.987+01:00 DEBUG 46788 --- [component-test] [    Test worker] o.s.data.convert.CustomConversions       : Adding converter from class java.lang.String to class java.util.Currency as reading converter
2025-10-04T09:13:57.987+01:00 DEBUG 46788 --- [component-test] [    Test worker] o.s.data.convert.CustomConversions       : Adding converter from class java.util.concurrent.atomic.AtomicInteger to class java.lang.Integer as writing converter
2025-10-04T09:13:57.987+01:00 DEBUG 46788 --- [component-test] [    Test worker] o.s.data.convert.CustomConversions       : Adding converter from class java.util.concurrent.atomic.AtomicLong to class java.lang.Long as writing converter
2025-10-04T09:13:57.987+01:00 DEBUG 46788 --- [component-test] [    Test worker] o.s.data.convert.CustomConversions       : Adding converter from class java.lang.Long to class java.util.concurrent.atomic.AtomicLong as reading converter
2025-10-04T09:13:57.987+01:00 DEBUG 46788 --- [component-test] [    Test worker] o.s.data.convert.CustomConversions       : Adding converter from class java.lang.Integer to class java.util.concurrent.atomic.AtomicInteger as reading converter
2025-10-04T09:13:57.987+01:00 DEBUG 46788 --- [component-test] [    Test worker] o.s.data.convert.CustomConversions       : Adding converter from class org.bson.types.Binary to class [B as reading converter
2025-10-04T09:13:57.987+01:00 DEBUG 46788 --- [component-test] [    Test worker] o.s.data.convert.CustomConversions       : Adding converter from class org.bson.BsonTimestamp to class java.time.Instant as reading converter
2025-10-04T09:13:57.987+01:00 DEBUG 46788 --- [component-test] [    Test worker] o.s.data.convert.CustomConversions       : Adding converter from class org.bson.BsonUndefined to class java.lang.Object as reading converter
2025-10-04T09:13:57.987+01:00 DEBUG 46788 --- [component-test] [    Test worker] o.s.data.convert.CustomConversions       : Adding converter from class java.lang.String to class java.net.URI as reading converter
2025-10-04T09:13:57.987+01:00 DEBUG 46788 --- [component-test] [    Test worker] o.s.data.convert.CustomConversions       : Adding converter from class java.net.URI to class java.lang.String as writing converter
2025-10-04T09:13:57.987+01:00 DEBUG 46788 --- [component-test] [    Test worker] o.s.data.convert.CustomConversions       : Adding converter from class org.springframework.data.geo.Box to class org.bson.Document as writing converter
2025-10-04T09:13:57.987+01:00 DEBUG 46788 --- [component-test] [    Test worker] o.s.data.convert.CustomConversions       : Adding converter from class org.springframework.data.geo.Polygon to class org.bson.Document as writing converter
2025-10-04T09:13:57.987+01:00 DEBUG 46788 --- [component-test] [    Test worker] o.s.data.convert.CustomConversions       : Adding converter from class org.springframework.data.geo.Circle to class org.bson.Document as writing converter
2025-10-04T09:13:57.987+01:00 DEBUG 46788 --- [component-test] [    Test worker] o.s.data.convert.CustomConversions       : Adding converter from class org.springframework.data.mongodb.core.geo.Sphere to class org.bson.Document as writing converter
2025-10-04T09:13:57.987+01:00 DEBUG 46788 --- [component-test] [    Test worker] o.s.data.convert.CustomConversions       : Adding converter from class org.bson.Document to class org.springframework.data.geo.Box as reading converter
2025-10-04T09:13:57.987+01:00 DEBUG 46788 --- [component-test] [    Test worker] o.s.data.convert.CustomConversions       : Adding converter from class org.bson.Document to class org.springframework.data.geo.Polygon as reading converter
2025-10-04T09:13:57.987+01:00 DEBUG 46788 --- [component-test] [    Test worker] o.s.data.convert.CustomConversions       : Adding converter from class org.bson.Document to class org.springframework.data.geo.Circle as reading converter
2025-10-04T09:13:57.987+01:00 DEBUG 46788 --- [component-test] [    Test worker] o.s.data.convert.CustomConversions       : Adding converter from class org.bson.Document to class org.springframework.data.mongodb.core.geo.Sphere as reading converter
2025-10-04T09:13:57.987+01:00 DEBUG 46788 --- [component-test] [    Test worker] o.s.data.convert.CustomConversions       : Adding converter from class org.bson.Document to class org.springframework.data.geo.Point as reading converter
2025-10-04T09:13:57.987+01:00 DEBUG 46788 --- [component-test] [    Test worker] o.s.data.convert.CustomConversions       : Adding converter from class org.springframework.data.geo.Point to class org.bson.Document as writing converter
2025-10-04T09:13:57.987+01:00 DEBUG 46788 --- [component-test] [    Test worker] o.s.data.convert.CustomConversions       : Adding converter from class org.springframework.data.mongodb.core.query.GeoCommand to class org.bson.Document as writing converter
2025-10-04T09:13:57.987+01:00 DEBUG 46788 --- [component-test] [    Test worker] o.s.data.convert.CustomConversions       : Adding converter from interface org.springframework.data.mongodb.core.geo.GeoJson to class org.bson.Document as writing converter
2025-10-04T09:13:57.987+01:00 DEBUG 46788 --- [component-test] [    Test worker] o.s.data.convert.CustomConversions       : Adding converter from class org.springframework.data.mongodb.core.geo.GeoJsonPoint to class org.bson.Document as writing converter
2025-10-04T09:13:57.987+01:00 DEBUG 46788 --- [component-test] [    Test worker] o.s.data.convert.CustomConversions       : Adding converter from class org.springframework.data.mongodb.core.geo.GeoJsonPolygon to class org.bson.Document as writing converter
2025-10-04T09:13:57.987+01:00 DEBUG 46788 --- [component-test] [    Test worker] o.s.data.convert.CustomConversions       : Adding converter from class org.bson.Document to class org.springframework.data.mongodb.core.geo.GeoJsonPoint as reading converter
2025-10-04T09:13:57.987+01:00 DEBUG 46788 --- [component-test] [    Test worker] o.s.data.convert.CustomConversions       : Adding converter from class org.bson.Document to class org.springframework.data.mongodb.core.geo.GeoJsonPolygon as reading converter
2025-10-04T09:13:57.987+01:00 DEBUG 46788 --- [component-test] [    Test worker] o.s.data.convert.CustomConversions       : Adding converter from class org.bson.Document to class org.springframework.data.mongodb.core.geo.GeoJsonLineString as reading converter
2025-10-04T09:13:57.987+01:00 DEBUG 46788 --- [component-test] [    Test worker] o.s.data.convert.CustomConversions       : Adding converter from class org.bson.Document to class org.springframework.data.mongodb.core.geo.GeoJsonMultiLineString as reading converter
2025-10-04T09:13:57.987+01:00 DEBUG 46788 --- [component-test] [    Test worker] o.s.data.convert.CustomConversions       : Adding converter from class org.bson.Document to class org.springframework.data.mongodb.core.geo.GeoJsonMultiPoint as reading converter
2025-10-04T09:13:57.987+01:00 DEBUG 46788 --- [component-test] [    Test worker] o.s.data.convert.CustomConversions       : Adding converter from class org.bson.Document to class org.springframework.data.mongodb.core.geo.GeoJsonMultiPolygon as reading converter
2025-10-04T09:13:57.987+01:00 DEBUG 46788 --- [component-test] [    Test worker] o.s.data.convert.CustomConversions       : Adding converter from class org.bson.Document to class org.springframework.data.mongodb.core.geo.GeoJsonGeometryCollection as reading converter
2025-10-04T09:13:57.987+01:00 DEBUG 46788 --- [component-test] [    Test worker] o.s.data.convert.CustomConversions       : Adding converter from class org.bson.Document to interface org.springframework.data.mongodb.core.geo.GeoJson as reading converter
2025-10-04T09:13:57.987+01:00 DEBUG 46788 --- [component-test] [    Test worker] o.s.data.convert.CustomConversions       : Adding converter from class java.util.Date to class java.time.LocalDateTime as reading converter
2025-10-04T09:13:57.987+01:00 DEBUG 46788 --- [component-test] [    Test worker] o.s.data.convert.CustomConversions       : Adding converter from class java.time.LocalDateTime to class java.util.Date as writing converter
2025-10-04T09:13:57.987+01:00 DEBUG 46788 --- [component-test] [    Test worker] o.s.data.convert.CustomConversions       : Adding converter from class java.util.Date to class java.time.LocalDate as reading converter
2025-10-04T09:13:57.987+01:00 DEBUG 46788 --- [component-test] [    Test worker] o.s.data.convert.CustomConversions       : Adding converter from class java.time.LocalDate to class java.util.Date as writing converter
2025-10-04T09:13:57.987+01:00 DEBUG 46788 --- [component-test] [    Test worker] o.s.data.convert.CustomConversions       : Adding converter from class java.util.Date to class java.time.LocalTime as reading converter
2025-10-04T09:13:57.987+01:00 DEBUG 46788 --- [component-test] [    Test worker] o.s.data.convert.CustomConversions       : Adding converter from class java.time.LocalTime to class java.util.Date as writing converter
2025-10-04T09:13:57.987+01:00 DEBUG 46788 --- [component-test] [    Test worker] o.s.data.convert.CustomConversions       : Adding converter from class java.util.Date to class java.time.Instant as reading converter
2025-10-04T09:13:57.987+01:00 DEBUG 46788 --- [component-test] [    Test worker] o.s.data.convert.CustomConversions       : Adding converter from class java.time.Instant to class java.util.Date as writing converter
2025-10-04T09:13:57.987+01:00 DEBUG 46788 --- [component-test] [    Test worker] o.s.data.convert.CustomConversions       : Skipping converter from class java.time.LocalDateTime to class java.time.Instant as reading converter class java.time.LocalDateTime is not a store supported simple type
2025-10-04T09:13:57.987+01:00 DEBUG 46788 --- [component-test] [    Test worker] o.s.data.convert.CustomConversions       : Skipping converter from class java.time.Instant to class java.time.LocalDateTime as reading converter class java.time.Instant is not a store supported simple type
2025-10-04T09:13:57.987+01:00 DEBUG 46788 --- [component-test] [    Test worker] o.s.data.convert.CustomConversions       : Adding converter from class java.time.ZoneId to class java.lang.String as writing converter
2025-10-04T09:13:57.987+01:00 DEBUG 46788 --- [component-test] [    Test worker] o.s.data.convert.CustomConversions       : Adding converter from class java.lang.String to class java.time.ZoneId as reading converter
2025-10-04T09:13:57.987+01:00 DEBUG 46788 --- [component-test] [    Test worker] o.s.data.convert.CustomConversions       : Adding converter from class java.time.Duration to class java.lang.String as writing converter
2025-10-04T09:13:57.987+01:00 DEBUG 46788 --- [component-test] [    Test worker] o.s.data.convert.CustomConversions       : Adding converter from class java.lang.String to class java.time.Duration as reading converter
2025-10-04T09:13:57.987+01:00 DEBUG 46788 --- [component-test] [    Test worker] o.s.data.convert.CustomConversions       : Adding converter from class java.time.Period to class java.lang.String as writing converter
2025-10-04T09:13:57.987+01:00 DEBUG 46788 --- [component-test] [    Test worker] o.s.data.convert.CustomConversions       : Adding converter from class java.lang.String to class java.time.Period as reading converter
2025-10-04T09:13:57.987+01:00 DEBUG 46788 --- [component-test] [    Test worker] o.s.data.convert.CustomConversions       : Adding converter from class java.lang.String to class java.time.LocalDate as reading converter
2025-10-04T09:13:57.987+01:00 DEBUG 46788 --- [component-test] [    Test worker] o.s.data.convert.CustomConversions       : Adding converter from class java.lang.String to class java.time.LocalDateTime as reading converter
2025-10-04T09:13:57.987+01:00 DEBUG 46788 --- [component-test] [    Test worker] o.s.data.convert.CustomConversions       : Adding converter from class java.lang.String to class java.time.Instant as reading converter
2025-10-04T09:13:58.020+01:00 DEBUG 46788 --- [component-test] [    Test worker] o.s.d.r.c.s.RepositoryFactorySupport     : Initializing repository instance for com.simonjamesrowe.component.test.mongo.MongoRepository…
2025-10-04T09:13:58.026+01:00 DEBUG 46788 --- [component-test] [    Test worker] o.s.d.r.c.s.RepositoryFactorySupport     : Finished creation of repository instance for com.simonjamesrowe.component.test.mongo.MongoRepository.
2025-10-04T09:13:58.027+01:00  INFO 46788 --- [component-test] [    Test worker] c.s.c.t.mongo.WithMongoDBContainerTest   : Started WithMongoDBContainerTest in 0.223 seconds (process running for 34.658)
2025-10-04T09:13:58.034+01:00 DEBUG 46788 --- [component-test] [    Test worker] o.s.data.mongodb.core.MongoTemplate      : Inserting list of Documents containing 2 items
2025-10-04T09:13:58.049+01:00  INFO 46788 --- [component-test] [    Test worker] org.mongodb.driver.cluster               : Waiting for server to become available for operation with ID 3. Remaining time: 30000 ms. Selector: WritableServerSelector, topology description: {type=UNKNOWN, servers=[{address=localhost:33274, type=UNKNOWN, state=CONNECTING, exception={com.mongodb.MongoSocketReadException: Exception receiving message}, caused by {java.net.SocketException: Connection reset}}].
2025-10-04T09:13:58.462+01:00  INFO 46788 --- [component-test] [localhost:33274] org.mongodb.driver.cluster               : Exception in monitor thread while connecting to server localhost:33274

com.mongodb.MongoSocketReadException: Prematurely reached end of stream
	at com.mongodb.internal.connection.SocketStream.read(SocketStream.java:178) ~[mongodb-driver-core-5.0.1.jar:na]
	at com.mongodb.internal.connection.SocketStream.read(SocketStream.java:196) ~[mongodb-driver-core-5.0.1.jar:na]
	at com.mongodb.internal.connection.InternalStreamConnection.receiveResponseBuffers(InternalStreamConnection.java:716) ~[mongodb-driver-core-5.0.1.jar:na]
	at com.mongodb.internal.connection.InternalStreamConnection.receiveMessageWithAdditionalTimeout(InternalStreamConnection.java:580) ~[mongodb-driver-core-5.0.1.jar:na]
	at com.mongodb.internal.connection.InternalStreamConnection.receiveCommandMessageResponse(InternalStreamConnection.java:428) ~[mongodb-driver-core-5.0.1.jar:na]
	at com.mongodb.internal.connection.InternalStreamConnection.sendAndReceive(InternalStreamConnection.java:354) ~[mongodb-driver-core-5.0.1.jar:na]
	at com.mongodb.internal.connection.CommandHelper.sendAndReceive(CommandHelper.java:92) ~[mongodb-driver-core-5.0.1.jar:na]
	at com.mongodb.internal.connection.CommandHelper.executeCommand(CommandHelper.java:48) ~[mongodb-driver-core-5.0.1.jar:na]
	at com.mongodb.internal.connection.InternalStreamConnectionInitializer.initializeConnectionDescription(InternalStreamConnectionInitializer.java:130) ~[mongodb-driver-core-5.0.1.jar:na]
	at com.mongodb.internal.connection.InternalStreamConnectionInitializer.startHandshake(InternalStreamConnectionInitializer.java:78) ~[mongodb-driver-core-5.0.1.jar:na]
	at com.mongodb.internal.connection.InternalStreamConnection.open(InternalStreamConnection.java:203) ~[mongodb-driver-core-5.0.1.jar:na]
	at com.mongodb.internal.connection.DefaultServerMonitor$ServerMonitorRunnable.lookupServerDescription(DefaultServerMonitor.java:193) ~[mongodb-driver-core-5.0.1.jar:na]
	at com.mongodb.internal.connection.DefaultServerMonitor$ServerMonitorRunnable.run(DefaultServerMonitor.java:153) ~[mongodb-driver-core-5.0.1.jar:na]
	at java.base/java.lang.Thread.run(Thread.java:1583) ~[na:na]

2025-10-04T09:13:59.487+01:00  INFO 46788 --- [component-test] [localhost:33274] org.mongodb.driver.cluster               : Monitor thread successfully connected to server with description ServerDescription{address=localhost:33274, type=STANDALONE, state=CONNECTED, ok=true, minWireVersion=0, maxWireVersion=9, maxDocumentSize=16777216, logicalSessionTimeoutMinutes=30, roundTripTimeNanos=17393625}
2025-10-04T09:13:59.557+01:00 DEBUG 46788 --- [component-test] [    Test worker] o.s.data.mongodb.core.MongoTemplate      : Executing count: {} in collection: mongoDocument
]]></system-out>
  <system-err><![CDATA[]]></system-err>
</testsuite>
