<?xml version="1.0" encoding="UTF-8"?>
<testsuite name="com.simonjamesrowe.component.test.kafka.WithKafkaContainerTest" tests="1" skipped="0" failures="0" errors="0" timestamp="2025-10-04T08:13:56" hostname="Simons-MacBook-Pro.local" time="0.545">
  <properties/>
  <testcase name="testKafkaContainer()" classname="com.simonjamesrowe.component.test.kafka.WithKafkaContainerTest" time="0.545"/>
  <system-out><![CDATA[2025-10-04T09:13:53.296+01:00  INFO 46788 --- [component-test] [    Test worker] tc.confluentinc/cp-kafka:7.5.1           : Creating container for image: confluentinc/cp-kafka:7.5.1
2025-10-04T09:13:53.405+01:00  INFO 46788 --- [component-test] [    Test worker] tc.confluentinc/cp-kafka:7.5.1           : Container confluentinc/cp-kafka:7.5.1 is starting: 40cfa863840e68e9841c15415c39d02d11220bd031835f51935323d0b0fdd75c
2025-10-04T09:13:56.440+01:00  INFO 46788 --- [component-test] [    Test worker] tc.confluentinc/cp-kafka:7.5.1           : Container confluentinc/cp-kafka:7.5.1 started in PT3.144123S
2025-10-04T09:13:56.440+01:00  INFO 46788 --- [component-test] [    Test worker] c.s.c.t.kafka.KafkaContainerExtension    : Started Kafka container with properties [KAFKA_CONTROLLER_QUORUM_VOTERS=1@localhost:9094, KAFKA_OFFSETS_TOPIC_NUM_PARTITIONS=1, KAFKA_CONTROLLER_LISTENER_NAMES=CONTROLLER, KAFKA_TRANSACTION_STATE_LOG_REPLICATION_FACTOR=1, KAFKA_INTER_BROKER_LISTENER_NAME=BROKER, KAFKA_LOG_FLUSH_INTERVAL_MESSAGES=9223372036854775807, KAFKA_NODE_ID=1, KAFKA_TRANSACTION_STATE_LOG_MIN_ISR=1, KAFKA_LISTENERS=PLAINTEXT://0.0.0.0:9092,CONTROLLER://0.0.0.0:9094,TC-0://kafka:18562,BROKER://0.0.0.0:9093, KAFKA_OFFSETS_TOPIC_REPLICATION_FACTOR=1, CLUSTER_ID=4L6g3nShT-eMCtK--X86sw, KAFKA_PROCESS_ROLES=broker,controller, KAFKA_LISTENER_SECURITY_PROTOCOL_MAP=BROKER:PLAINTEXT,PLAINTEXT:PLAINTEXT,TC-0:PLAINTEXT,CONTROLLER:PLAINTEXT, KAFKA_GROUP_INITIAL_REBALANCE_DELAY_MS=0]
2025-10-04T09:13:56.441+01:00  INFO 46788 --- [component-test] [    Test worker] t.c.s.AnnotationConfigContextLoaderUtils : Could not detect default configuration classes for test class [com.simonjamesrowe.component.test.kafka.WithKafkaContainerTest]: WithKafkaContainerTest does not declare any static, non-private, non-final, nested classes annotated with @Configuration.
2025-10-04T09:13:56.445+01:00  INFO 46788 --- [component-test] [    Test worker] .b.t.c.SpringBootTestContextBootstrapper : Found @SpringBootConfiguration com.simonjamesrowe.component.test.TestApplication for test class com.simonjamesrowe.component.test.kafka.WithKafkaContainerTest

  .   ____          _            __ _ _
 /\\ / ___'_ __ _ _(_)_ __  __ _ \ \ \ \
( ( )\___ | '_ | '_| | '_ \/ _` | \ \ \ \
 \\/  ___)| |_)| | | | | || (_| |  ) ) ) )
  '  |____| .__|_| |_|_| |_\__, | / / / /
 =========|_|==============|___/=/_/_/_/

 :: Spring Boot ::                (v3.3.5)

2025-10-04T09:13:56.486+01:00  INFO 46788 --- [component-test] [    Test worker] c.s.c.test.kafka.WithKafkaContainerTest  : No active profile set, falling back to 1 default profile: "default"
2025-10-04T09:13:56.540+01:00  INFO 46788 --- [component-test] [    Test worker] .s.d.r.c.RepositoryConfigurationDelegate : Multiple Spring Data modules found, entering strict repository configuration mode
2025-10-04T09:13:56.540+01:00  INFO 46788 --- [component-test] [    Test worker] .s.d.r.c.RepositoryConfigurationDelegate : Bootstrapping Spring Data Reactive Elasticsearch repositories in DEFAULT mode.
2025-10-04T09:13:56.540+01:00 DEBUG 46788 --- [component-test] [    Test worker] .s.d.r.c.RepositoryConfigurationDelegate : Scanning for Reactive Elasticsearch repositories in packages com.simonjamesrowe.component.test.
2025-10-04T09:13:56.541+01:00 TRACE 46788 --- [component-test] [    Test worker] o.s.d.r.c.RepositoryComponentProvider    : Scanning file [/Users/simonrowe/workspace/simonjamesrowe/backend-modulith/modules/component-test/build/classes/java/test/com/simonjamesrowe/component/test/TestApplication.class]
2025-10-04T09:13:56.541+01:00 TRACE 46788 --- [component-test] [    Test worker] o.s.d.r.c.RepositoryComponentProvider    : Ignored because not matching any filter: file [/Users/simonrowe/workspace/simonjamesrowe/backend-modulith/modules/component-test/build/classes/java/test/com/simonjamesrowe/component/test/TestApplication.class]
2025-10-04T09:13:56.542+01:00 TRACE 46788 --- [component-test] [    Test worker] o.s.d.r.c.RepositoryComponentProvider    : Scanning file [/Users/simonrowe/workspace/simonjamesrowe/backend-modulith/modules/component-test/build/classes/java/test/com/simonjamesrowe/component/test/WiremockTest.class]
2025-10-04T09:13:56.542+01:00 TRACE 46788 --- [component-test] [    Test worker] o.s.d.r.c.RepositoryComponentProvider    : Ignored because not matching any filter: file [/Users/simonrowe/workspace/simonjamesrowe/backend-modulith/modules/component-test/build/classes/java/test/com/simonjamesrowe/component/test/WiremockTest.class]
2025-10-04T09:13:56.542+01:00 TRACE 46788 --- [component-test] [    Test worker] o.s.d.r.c.RepositoryComponentProvider    : Scanning file [/Users/simonrowe/workspace/simonjamesrowe/backend-modulith/modules/component-test/build/classes/java/test/com/simonjamesrowe/component/test/elasticsearch/ElasticsearchTestConfiguration.class]
2025-10-04T09:13:56.542+01:00 TRACE 46788 --- [component-test] [    Test worker] o.s.d.r.c.RepositoryComponentProvider    : Ignored because not matching any filter: file [/Users/simonrowe/workspace/simonjamesrowe/backend-modulith/modules/component-test/build/classes/java/test/com/simonjamesrowe/component/test/elasticsearch/ElasticsearchTestConfiguration.class]
2025-10-04T09:13:56.542+01:00 TRACE 46788 --- [component-test] [    Test worker] o.s.d.r.c.RepositoryComponentProvider    : Scanning file [/Users/simonrowe/workspace/simonjamesrowe/backend-modulith/modules/component-test/build/classes/java/test/com/simonjamesrowe/component/test/elasticsearch/TestDocument.class]
2025-10-04T09:13:56.542+01:00 TRACE 46788 --- [component-test] [    Test worker] o.s.d.r.c.RepositoryComponentProvider    : Ignored because not matching any filter: file [/Users/simonrowe/workspace/simonjamesrowe/backend-modulith/modules/component-test/build/classes/java/test/com/simonjamesrowe/component/test/elasticsearch/TestDocument.class]
2025-10-04T09:13:56.542+01:00 TRACE 46788 --- [component-test] [    Test worker] o.s.d.r.c.RepositoryComponentProvider    : Scanning file [/Users/simonrowe/workspace/simonjamesrowe/backend-modulith/modules/component-test/build/classes/java/test/com/simonjamesrowe/component/test/elasticsearch/TestRepository.class]
2025-10-04T09:13:56.542+01:00 DEBUG 46788 --- [component-test] [    Test worker] o.s.d.r.c.RepositoryComponentProvider    : Identified candidate component class: file [/Users/simonrowe/workspace/simonjamesrowe/backend-modulith/modules/component-test/build/classes/java/test/com/simonjamesrowe/component/test/elasticsearch/TestRepository.class]
2025-10-04T09:13:56.542+01:00 TRACE 46788 --- [component-test] [    Test worker] o.s.d.r.c.RepositoryComponentProvider    : Scanning file [/Users/simonrowe/workspace/simonjamesrowe/backend-modulith/modules/component-test/build/classes/java/test/com/simonjamesrowe/component/test/elasticsearch/WithElasticsearchContainerTest.class]
2025-10-04T09:13:56.542+01:00 TRACE 46788 --- [component-test] [    Test worker] o.s.d.r.c.RepositoryComponentProvider    : Ignored because not matching any filter: file [/Users/simonrowe/workspace/simonjamesrowe/backend-modulith/modules/component-test/build/classes/java/test/com/simonjamesrowe/component/test/elasticsearch/WithElasticsearchContainerTest.class]
2025-10-04T09:13:56.542+01:00 TRACE 46788 --- [component-test] [    Test worker] o.s.d.r.c.RepositoryComponentProvider    : Scanning file [/Users/simonrowe/workspace/simonjamesrowe/backend-modulith/modules/component-test/build/classes/java/test/com/simonjamesrowe/component/test/jwt/JwtUtilsTest.class]
2025-10-04T09:13:56.542+01:00 TRACE 46788 --- [component-test] [    Test worker] o.s.d.r.c.RepositoryComponentProvider    : Ignored because not matching any filter: file [/Users/simonrowe/workspace/simonjamesrowe/backend-modulith/modules/component-test/build/classes/java/test/com/simonjamesrowe/component/test/jwt/JwtUtilsTest.class]
2025-10-04T09:13:56.542+01:00 TRACE 46788 --- [component-test] [    Test worker] o.s.d.r.c.RepositoryComponentProvider    : Scanning file [/Users/simonrowe/workspace/simonjamesrowe/backend-modulith/modules/component-test/build/classes/java/test/com/simonjamesrowe/component/test/kafka/TestKafkaListener2.class]
2025-10-04T09:13:56.542+01:00 TRACE 46788 --- [component-test] [    Test worker] o.s.d.r.c.RepositoryComponentProvider    : Ignored because not matching any filter: file [/Users/simonrowe/workspace/simonjamesrowe/backend-modulith/modules/component-test/build/classes/java/test/com/simonjamesrowe/component/test/kafka/TestKafkaListener2.class]
2025-10-04T09:13:56.542+01:00 TRACE 46788 --- [component-test] [    Test worker] o.s.d.r.c.RepositoryComponentProvider    : Scanning file [/Users/simonrowe/workspace/simonjamesrowe/backend-modulith/modules/component-test/build/classes/java/test/com/simonjamesrowe/component/test/kafka/WithKafkaContainerTest.class]
2025-10-04T09:13:56.542+01:00 TRACE 46788 --- [component-test] [    Test worker] o.s.d.r.c.RepositoryComponentProvider    : Ignored because not matching any filter: file [/Users/simonrowe/workspace/simonjamesrowe/backend-modulith/modules/component-test/build/classes/java/test/com/simonjamesrowe/component/test/kafka/WithKafkaContainerTest.class]
2025-10-04T09:13:56.542+01:00 TRACE 46788 --- [component-test] [    Test worker] o.s.d.r.c.RepositoryComponentProvider    : Scanning file [/Users/simonrowe/workspace/simonjamesrowe/backend-modulith/modules/component-test/build/classes/java/test/com/simonjamesrowe/component/test/mongo/MongoDocument.class]
2025-10-04T09:13:56.542+01:00 TRACE 46788 --- [component-test] [    Test worker] o.s.d.r.c.RepositoryComponentProvider    : Ignored because not matching any filter: file [/Users/simonrowe/workspace/simonjamesrowe/backend-modulith/modules/component-test/build/classes/java/test/com/simonjamesrowe/component/test/mongo/MongoDocument.class]
2025-10-04T09:13:56.542+01:00 TRACE 46788 --- [component-test] [    Test worker] o.s.d.r.c.RepositoryComponentProvider    : Scanning file [/Users/simonrowe/workspace/simonjamesrowe/backend-modulith/modules/component-test/build/classes/java/test/com/simonjamesrowe/component/test/mongo/MongoRepository.class]
2025-10-04T09:13:56.542+01:00 DEBUG 46788 --- [component-test] [    Test worker] o.s.d.r.c.RepositoryComponentProvider    : Identified candidate component class: file [/Users/simonrowe/workspace/simonjamesrowe/backend-modulith/modules/component-test/build/classes/java/test/com/simonjamesrowe/component/test/mongo/MongoRepository.class]
2025-10-04T09:13:56.542+01:00 TRACE 46788 --- [component-test] [    Test worker] o.s.d.r.c.RepositoryComponentProvider    : Scanning file [/Users/simonrowe/workspace/simonjamesrowe/backend-modulith/modules/component-test/build/classes/java/test/com/simonjamesrowe/component/test/mongo/WithMongoDBContainerTest.class]
2025-10-04T09:13:56.542+01:00 TRACE 46788 --- [component-test] [    Test worker] o.s.d.r.c.RepositoryComponentProvider    : Ignored because not matching any filter: file [/Users/simonrowe/workspace/simonjamesrowe/backend-modulith/modules/component-test/build/classes/java/test/com/simonjamesrowe/component/test/mongo/WithMongoDBContainerTest.class]
2025-10-04T09:13:56.542+01:00 TRACE 46788 --- [component-test] [    Test worker] o.s.d.r.c.RepositoryComponentProvider    : Scanning file [/Users/simonrowe/workspace/simonjamesrowe/backend-modulith/modules/component-test/build/classes/java/test/com/simonjamesrowe/component/test/postgresql/JpaEntity.class]
2025-10-04T09:13:56.542+01:00 TRACE 46788 --- [component-test] [    Test worker] o.s.d.r.c.RepositoryComponentProvider    : Ignored because not matching any filter: file [/Users/simonrowe/workspace/simonjamesrowe/backend-modulith/modules/component-test/build/classes/java/test/com/simonjamesrowe/component/test/postgresql/JpaEntity.class]
2025-10-04T09:13:56.542+01:00 TRACE 46788 --- [component-test] [    Test worker] o.s.d.r.c.RepositoryComponentProvider    : Scanning file [/Users/simonrowe/workspace/simonjamesrowe/backend-modulith/modules/component-test/build/classes/java/test/com/simonjamesrowe/component/test/postgresql/JpaEntityRepository.class]
2025-10-04T09:13:56.542+01:00 DEBUG 46788 --- [component-test] [    Test worker] o.s.d.r.c.RepositoryComponentProvider    : Identified candidate component class: file [/Users/simonrowe/workspace/simonjamesrowe/backend-modulith/modules/component-test/build/classes/java/test/com/simonjamesrowe/component/test/postgresql/JpaEntityRepository.class]
2025-10-04T09:13:56.542+01:00 TRACE 46788 --- [component-test] [    Test worker] o.s.d.r.c.RepositoryComponentProvider    : Scanning file [/Users/simonrowe/workspace/simonjamesrowe/backend-modulith/modules/component-test/build/classes/java/test/com/simonjamesrowe/component/test/postgresql/WithPostgresContainerTest.class]
2025-10-04T09:13:56.542+01:00 TRACE 46788 --- [component-test] [    Test worker] o.s.d.r.c.RepositoryComponentProvider    : Ignored because not matching any filter: file [/Users/simonrowe/workspace/simonjamesrowe/backend-modulith/modules/component-test/build/classes/java/test/com/simonjamesrowe/component/test/postgresql/WithPostgresContainerTest.class]
2025-10-04T09:13:56.542+01:00 TRACE 46788 --- [component-test] [    Test worker] o.s.d.r.c.RepositoryComponentProvider    : Scanning file [/Users/simonrowe/workspace/simonjamesrowe/backend-modulith/modules/component-test/build/classes/java/test/com/simonjamesrowe/component/test/redis/WithRedisContainerTest.class]
2025-10-04T09:13:56.542+01:00 TRACE 46788 --- [component-test] [    Test worker] o.s.d.r.c.RepositoryComponentProvider    : Ignored because not matching any filter: file [/Users/simonrowe/workspace/simonjamesrowe/backend-modulith/modules/component-test/build/classes/java/test/com/simonjamesrowe/component/test/redis/WithRedisContainerTest.class]
2025-10-04T09:13:56.542+01:00 TRACE 46788 --- [component-test] [    Test worker] o.s.d.r.c.RepositoryComponentProvider    : Scanning file [/Users/simonrowe/workspace/simonjamesrowe/backend-modulith/modules/component-test/build/classes/java/test/com/simonjamesrowe/component/test/vault/WithVaultContainerTest.class]
2025-10-04T09:13:56.542+01:00 TRACE 46788 --- [component-test] [    Test worker] o.s.d.r.c.RepositoryComponentProvider    : Ignored because not matching any filter: file [/Users/simonrowe/workspace/simonjamesrowe/backend-modulith/modules/component-test/build/classes/java/test/com/simonjamesrowe/component/test/vault/WithVaultContainerTest.class]
2025-10-04T09:13:56.542+01:00 TRACE 46788 --- [component-test] [    Test worker] o.s.d.r.c.RepositoryComponentProvider    : Scanning file [/Users/simonrowe/workspace/simonjamesrowe/backend-modulith/modules/component-test/build/classes/java/main/com/simonjamesrowe/component/test/BaseComponentTest.class]
2025-10-04T09:13:56.542+01:00 TRACE 46788 --- [component-test] [    Test worker] o.s.d.r.c.RepositoryComponentProvider    : Ignored because not matching any filter: file [/Users/simonrowe/workspace/simonjamesrowe/backend-modulith/modules/component-test/build/classes/java/main/com/simonjamesrowe/component/test/BaseComponentTest.class]
2025-10-04T09:13:56.542+01:00 TRACE 46788 --- [component-test] [    Test worker] o.s.d.r.c.RepositoryComponentProvider    : Scanning file [/Users/simonrowe/workspace/simonjamesrowe/backend-modulith/modules/component-test/build/classes/java/main/com/simonjamesrowe/component/test/ComponentTest.class]
2025-10-04T09:13:56.542+01:00 TRACE 46788 --- [component-test] [    Test worker] o.s.d.r.c.RepositoryComponentProvider    : Ignored because not matching any filter: file [/Users/simonrowe/workspace/simonjamesrowe/backend-modulith/modules/component-test/build/classes/java/main/com/simonjamesrowe/component/test/ComponentTest.class]
2025-10-04T09:13:56.542+01:00 TRACE 46788 --- [component-test] [    Test worker] o.s.d.r.c.RepositoryComponentProvider    : Scanning file [/Users/simonrowe/workspace/simonjamesrowe/backend-modulith/modules/component-test/build/classes/java/main/com/simonjamesrowe/component/test/JpaTest.class]
2025-10-04T09:13:56.542+01:00 TRACE 46788 --- [component-test] [    Test worker] o.s.d.r.c.RepositoryComponentProvider    : Ignored because not matching any filter: file [/Users/simonrowe/workspace/simonjamesrowe/backend-modulith/modules/component-test/build/classes/java/main/com/simonjamesrowe/component/test/JpaTest.class]
2025-10-04T09:13:56.542+01:00 TRACE 46788 --- [component-test] [    Test worker] o.s.d.r.c.RepositoryComponentProvider    : Scanning file [/Users/simonrowe/workspace/simonjamesrowe/backend-modulith/modules/component-test/build/classes/java/main/com/simonjamesrowe/component/test/MongoTest.class]
2025-10-04T09:13:56.542+01:00 TRACE 46788 --- [component-test] [    Test worker] o.s.d.r.c.RepositoryComponentProvider    : Ignored because not matching any filter: file [/Users/simonrowe/workspace/simonjamesrowe/backend-modulith/modules/component-test/build/classes/java/main/com/simonjamesrowe/component/test/MongoTest.class]
2025-10-04T09:13:56.542+01:00 TRACE 46788 --- [component-test] [    Test worker] o.s.d.r.c.RepositoryComponentProvider    : Scanning file [/Users/simonrowe/workspace/simonjamesrowe/backend-modulith/modules/component-test/build/classes/java/main/com/simonjamesrowe/component/test/containers/ContainerConfigurationUtils.class]
2025-10-04T09:13:56.542+01:00 TRACE 46788 --- [component-test] [    Test worker] o.s.d.r.c.RepositoryComponentProvider    : Ignored because not matching any filter: file [/Users/simonrowe/workspace/simonjamesrowe/backend-modulith/modules/component-test/build/classes/java/main/com/simonjamesrowe/component/test/containers/ContainerConfigurationUtils.class]
2025-10-04T09:13:56.542+01:00 TRACE 46788 --- [component-test] [    Test worker] o.s.d.r.c.RepositoryComponentProvider    : Scanning file [/Users/simonrowe/workspace/simonjamesrowe/backend-modulith/modules/component-test/build/classes/java/main/com/simonjamesrowe/component/test/elasticsearch/ElasticsearchTestContainerExtension.class]
2025-10-04T09:13:56.543+01:00 TRACE 46788 --- [component-test] [    Test worker] o.s.d.r.c.RepositoryComponentProvider    : Ignored because not matching any filter: file [/Users/simonrowe/workspace/simonjamesrowe/backend-modulith/modules/component-test/build/classes/java/main/com/simonjamesrowe/component/test/elasticsearch/ElasticsearchTestContainerExtension.class]
2025-10-04T09:13:56.543+01:00 TRACE 46788 --- [component-test] [    Test worker] o.s.d.r.c.RepositoryComponentProvider    : Scanning file [/Users/simonrowe/workspace/simonjamesrowe/backend-modulith/modules/component-test/build/classes/java/main/com/simonjamesrowe/component/test/elasticsearch/WithElasticsearchContainer.class]
2025-10-04T09:13:56.543+01:00 TRACE 46788 --- [component-test] [    Test worker] o.s.d.r.c.RepositoryComponentProvider    : Ignored because not matching any filter: file [/Users/simonrowe/workspace/simonjamesrowe/backend-modulith/modules/component-test/build/classes/java/main/com/simonjamesrowe/component/test/elasticsearch/WithElasticsearchContainer.class]
2025-10-04T09:13:56.543+01:00 TRACE 46788 --- [component-test] [    Test worker] o.s.d.r.c.RepositoryComponentProvider    : Scanning file [/Users/simonrowe/workspace/simonjamesrowe/backend-modulith/modules/component-test/build/classes/java/main/com/simonjamesrowe/component/test/jwt/JwtUtils.class]
2025-10-04T09:13:56.543+01:00 TRACE 46788 --- [component-test] [    Test worker] o.s.d.r.c.RepositoryComponentProvider    : Ignored because not matching any filter: file [/Users/simonrowe/workspace/simonjamesrowe/backend-modulith/modules/component-test/build/classes/java/main/com/simonjamesrowe/component/test/jwt/JwtUtils.class]
2025-10-04T09:13:56.543+01:00 TRACE 46788 --- [component-test] [    Test worker] o.s.d.r.c.RepositoryComponentProvider    : Scanning file [/Users/simonrowe/workspace/simonjamesrowe/backend-modulith/modules/component-test/build/classes/java/main/com/simonjamesrowe/component/test/kafka/KafkaContainerExtension.class]
2025-10-04T09:13:56.543+01:00 TRACE 46788 --- [component-test] [    Test worker] o.s.d.r.c.RepositoryComponentProvider    : Ignored because not matching any filter: file [/Users/simonrowe/workspace/simonjamesrowe/backend-modulith/modules/component-test/build/classes/java/main/com/simonjamesrowe/component/test/kafka/KafkaContainerExtension.class]
2025-10-04T09:13:56.543+01:00 TRACE 46788 --- [component-test] [    Test worker] o.s.d.r.c.RepositoryComponentProvider    : Scanning file [/Users/simonrowe/workspace/simonjamesrowe/backend-modulith/modules/component-test/build/classes/java/main/com/simonjamesrowe/component/test/kafka/SchemaRegistryContainerExtension.class]
2025-10-04T09:13:56.543+01:00 TRACE 46788 --- [component-test] [    Test worker] o.s.d.r.c.RepositoryComponentProvider    : Ignored because not matching any filter: file [/Users/simonrowe/workspace/simonjamesrowe/backend-modulith/modules/component-test/build/classes/java/main/com/simonjamesrowe/component/test/kafka/SchemaRegistryContainerExtension.class]
2025-10-04T09:13:56.543+01:00 TRACE 46788 --- [component-test] [    Test worker] o.s.d.r.c.RepositoryComponentProvider    : Scanning file [/Users/simonrowe/workspace/simonjamesrowe/backend-modulith/modules/component-test/build/classes/java/main/com/simonjamesrowe/component/test/kafka/WithKafkaContainer.class]
2025-10-04T09:13:56.543+01:00 TRACE 46788 --- [component-test] [    Test worker] o.s.d.r.c.RepositoryComponentProvider    : Ignored because not matching any filter: file [/Users/simonrowe/workspace/simonjamesrowe/backend-modulith/modules/component-test/build/classes/java/main/com/simonjamesrowe/component/test/kafka/WithKafkaContainer.class]
2025-10-04T09:13:56.543+01:00 TRACE 46788 --- [component-test] [    Test worker] o.s.d.r.c.RepositoryComponentProvider    : Scanning file [/Users/simonrowe/workspace/simonjamesrowe/backend-modulith/modules/component-test/build/classes/java/main/com/simonjamesrowe/component/test/mongo/MongoDBTestContainersExtension.class]
2025-10-04T09:13:56.543+01:00 TRACE 46788 --- [component-test] [    Test worker] o.s.d.r.c.RepositoryComponentProvider    : Ignored because not matching any filter: file [/Users/simonrowe/workspace/simonjamesrowe/backend-modulith/modules/component-test/build/classes/java/main/com/simonjamesrowe/component/test/mongo/MongoDBTestContainersExtension.class]
2025-10-04T09:13:56.543+01:00 TRACE 46788 --- [component-test] [    Test worker] o.s.d.r.c.RepositoryComponentProvider    : Scanning file [/Users/simonrowe/workspace/simonjamesrowe/backend-modulith/modules/component-test/build/classes/java/main/com/simonjamesrowe/component/test/mongo/TestDataRunner.class]
2025-10-04T09:13:56.543+01:00 TRACE 46788 --- [component-test] [    Test worker] o.s.d.r.c.RepositoryComponentProvider    : Ignored because not matching any filter: file [/Users/simonrowe/workspace/simonjamesrowe/backend-modulith/modules/component-test/build/classes/java/main/com/simonjamesrowe/component/test/mongo/TestDataRunner.class]
2025-10-04T09:13:56.543+01:00 TRACE 46788 --- [component-test] [    Test worker] o.s.d.r.c.RepositoryComponentProvider    : Scanning file [/Users/simonrowe/workspace/simonjamesrowe/backend-modulith/modules/component-test/build/classes/java/main/com/simonjamesrowe/component/test/mongo/WithMongoDBContainer.class]
2025-10-04T09:13:56.543+01:00 TRACE 46788 --- [component-test] [    Test worker] o.s.d.r.c.RepositoryComponentProvider    : Ignored because not matching any filter: file [/Users/simonrowe/workspace/simonjamesrowe/backend-modulith/modules/component-test/build/classes/java/main/com/simonjamesrowe/component/test/mongo/WithMongoDBContainer.class]
2025-10-04T09:13:56.543+01:00 TRACE 46788 --- [component-test] [    Test worker] o.s.d.r.c.RepositoryComponentProvider    : Scanning file [/Users/simonrowe/workspace/simonjamesrowe/backend-modulith/modules/component-test/build/classes/java/main/com/simonjamesrowe/component/test/postgresql/PostgresqlTestContainersExtension.class]
2025-10-04T09:13:56.543+01:00 TRACE 46788 --- [component-test] [    Test worker] o.s.d.r.c.RepositoryComponentProvider    : Ignored because not matching any filter: file [/Users/simonrowe/workspace/simonjamesrowe/backend-modulith/modules/component-test/build/classes/java/main/com/simonjamesrowe/component/test/postgresql/PostgresqlTestContainersExtension.class]
2025-10-04T09:13:56.543+01:00 TRACE 46788 --- [component-test] [    Test worker] o.s.d.r.c.RepositoryComponentProvider    : Scanning file [/Users/simonrowe/workspace/simonjamesrowe/backend-modulith/modules/component-test/build/classes/java/main/com/simonjamesrowe/component/test/postgresql/WithPostgresContainer.class]
2025-10-04T09:13:56.543+01:00 TRACE 46788 --- [component-test] [    Test worker] o.s.d.r.c.RepositoryComponentProvider    : Ignored because not matching any filter: file [/Users/simonrowe/workspace/simonjamesrowe/backend-modulith/modules/component-test/build/classes/java/main/com/simonjamesrowe/component/test/postgresql/WithPostgresContainer.class]
2025-10-04T09:13:56.543+01:00 TRACE 46788 --- [component-test] [    Test worker] o.s.d.r.c.RepositoryComponentProvider    : Scanning file [/Users/simonrowe/workspace/simonjamesrowe/backend-modulith/modules/component-test/build/classes/java/main/com/simonjamesrowe/component/test/redis/RedisTestContainersExtension.class]
2025-10-04T09:13:56.543+01:00 TRACE 46788 --- [component-test] [    Test worker] o.s.d.r.c.RepositoryComponentProvider    : Ignored because not matching any filter: file [/Users/simonrowe/workspace/simonjamesrowe/backend-modulith/modules/component-test/build/classes/java/main/com/simonjamesrowe/component/test/redis/RedisTestContainersExtension.class]
2025-10-04T09:13:56.543+01:00 TRACE 46788 --- [component-test] [    Test worker] o.s.d.r.c.RepositoryComponentProvider    : Scanning file [/Users/simonrowe/workspace/simonjamesrowe/backend-modulith/modules/component-test/build/classes/java/main/com/simonjamesrowe/component/test/redis/WithRedisContainer.class]
2025-10-04T09:13:56.543+01:00 TRACE 46788 --- [component-test] [    Test worker] o.s.d.r.c.RepositoryComponentProvider    : Ignored because not matching any filter: file [/Users/simonrowe/workspace/simonjamesrowe/backend-modulith/modules/component-test/build/classes/java/main/com/simonjamesrowe/component/test/redis/WithRedisContainer.class]
2025-10-04T09:13:56.543+01:00 TRACE 46788 --- [component-test] [    Test worker] o.s.d.r.c.RepositoryComponentProvider    : Scanning file [/Users/simonrowe/workspace/simonjamesrowe/backend-modulith/modules/component-test/build/classes/java/main/com/simonjamesrowe/component/test/utils/PortUtils.class]
2025-10-04T09:13:56.543+01:00 TRACE 46788 --- [component-test] [    Test worker] o.s.d.r.c.RepositoryComponentProvider    : Ignored because not matching any filter: file [/Users/simonrowe/workspace/simonjamesrowe/backend-modulith/modules/component-test/build/classes/java/main/com/simonjamesrowe/component/test/utils/PortUtils.class]
2025-10-04T09:13:56.543+01:00 TRACE 46788 --- [component-test] [    Test worker] o.s.d.r.c.RepositoryComponentProvider    : Scanning file [/Users/simonrowe/workspace/simonjamesrowe/backend-modulith/modules/component-test/build/classes/java/main/com/simonjamesrowe/component/test/vault/VaultTestContainersExtension.class]
2025-10-04T09:13:56.543+01:00 TRACE 46788 --- [component-test] [    Test worker] o.s.d.r.c.RepositoryComponentProvider    : Ignored because not matching any filter: file [/Users/simonrowe/workspace/simonjamesrowe/backend-modulith/modules/component-test/build/classes/java/main/com/simonjamesrowe/component/test/vault/VaultTestContainersExtension.class]
2025-10-04T09:13:56.543+01:00 TRACE 46788 --- [component-test] [    Test worker] o.s.d.r.c.RepositoryComponentProvider    : Scanning file [/Users/simonrowe/workspace/simonjamesrowe/backend-modulith/modules/component-test/build/classes/java/main/com/simonjamesrowe/component/test/vault/WithVaultContainer.class]
2025-10-04T09:13:56.543+01:00 TRACE 46788 --- [component-test] [    Test worker] o.s.d.r.c.RepositoryComponentProvider    : Ignored because not matching any filter: file [/Users/simonrowe/workspace/simonjamesrowe/backend-modulith/modules/component-test/build/classes/java/main/com/simonjamesrowe/component/test/vault/WithVaultContainer.class]
2025-10-04T09:13:56.544+01:00  INFO 46788 --- [component-test] [    Test worker] .RepositoryConfigurationExtensionSupport : Spring Data Reactive Elasticsearch - Could not safely identify store assignment for repository candidate interface com.simonjamesrowe.component.test.mongo.MongoRepository; If you want this repository to be a Reactive Elasticsearch repository, consider annotating your entities with one of these annotations: org.springframework.data.elasticsearch.annotations.Document (preferred), or consider extending one of the following types with your repository: org.springframework.data.elasticsearch.repository.ReactiveElasticsearchRepository
2025-10-04T09:13:56.544+01:00  INFO 46788 --- [component-test] [    Test worker] .RepositoryConfigurationExtensionSupport : Spring Data Reactive Elasticsearch - Could not safely identify store assignment for repository candidate interface com.simonjamesrowe.component.test.postgresql.JpaEntityRepository; If you want this repository to be a Reactive Elasticsearch repository, consider annotating your entities with one of these annotations: org.springframework.data.elasticsearch.annotations.Document (preferred), or consider extending one of the following types with your repository: org.springframework.data.elasticsearch.repository.ReactiveElasticsearchRepository
2025-10-04T09:13:56.544+01:00  INFO 46788 --- [component-test] [    Test worker] .s.d.r.c.RepositoryConfigurationDelegate : Finished Spring Data repository scanning in 3 ms. Found 0 Reactive Elasticsearch repository interfaces.
2025-10-04T09:13:56.546+01:00  INFO 46788 --- [component-test] [    Test worker] .s.d.r.c.RepositoryConfigurationDelegate : Multiple Spring Data modules found, entering strict repository configuration mode
2025-10-04T09:13:56.546+01:00  INFO 46788 --- [component-test] [    Test worker] .s.d.r.c.RepositoryConfigurationDelegate : Bootstrapping Spring Data Redis repositories in DEFAULT mode.
2025-10-04T09:13:56.546+01:00 DEBUG 46788 --- [component-test] [    Test worker] .s.d.r.c.RepositoryConfigurationDelegate : Scanning for Redis repositories in packages com.simonjamesrowe.component.test.
2025-10-04T09:13:56.547+01:00 TRACE 46788 --- [component-test] [    Test worker] o.s.d.r.c.RepositoryComponentProvider    : Scanning file [/Users/simonrowe/workspace/simonjamesrowe/backend-modulith/modules/component-test/build/classes/java/test/com/simonjamesrowe/component/test/TestApplication.class]
2025-10-04T09:13:56.547+01:00 TRACE 46788 --- [component-test] [    Test worker] o.s.d.r.c.RepositoryComponentProvider    : Ignored because not matching any filter: file [/Users/simonrowe/workspace/simonjamesrowe/backend-modulith/modules/component-test/build/classes/java/test/com/simonjamesrowe/component/test/TestApplication.class]
2025-10-04T09:13:56.547+01:00 TRACE 46788 --- [component-test] [    Test worker] o.s.d.r.c.RepositoryComponentProvider    : Scanning file [/Users/simonrowe/workspace/simonjamesrowe/backend-modulith/modules/component-test/build/classes/java/test/com/simonjamesrowe/component/test/WiremockTest.class]
2025-10-04T09:13:56.547+01:00 TRACE 46788 --- [component-test] [    Test worker] o.s.d.r.c.RepositoryComponentProvider    : Ignored because not matching any filter: file [/Users/simonrowe/workspace/simonjamesrowe/backend-modulith/modules/component-test/build/classes/java/test/com/simonjamesrowe/component/test/WiremockTest.class]
2025-10-04T09:13:56.547+01:00 TRACE 46788 --- [component-test] [    Test worker] o.s.d.r.c.RepositoryComponentProvider    : Scanning file [/Users/simonrowe/workspace/simonjamesrowe/backend-modulith/modules/component-test/build/classes/java/test/com/simonjamesrowe/component/test/elasticsearch/ElasticsearchTestConfiguration.class]
2025-10-04T09:13:56.547+01:00 TRACE 46788 --- [component-test] [    Test worker] o.s.d.r.c.RepositoryComponentProvider    : Ignored because not matching any filter: file [/Users/simonrowe/workspace/simonjamesrowe/backend-modulith/modules/component-test/build/classes/java/test/com/simonjamesrowe/component/test/elasticsearch/ElasticsearchTestConfiguration.class]
2025-10-04T09:13:56.547+01:00 TRACE 46788 --- [component-test] [    Test worker] o.s.d.r.c.RepositoryComponentProvider    : Scanning file [/Users/simonrowe/workspace/simonjamesrowe/backend-modulith/modules/component-test/build/classes/java/test/com/simonjamesrowe/component/test/elasticsearch/TestDocument.class]
2025-10-04T09:13:56.547+01:00 TRACE 46788 --- [component-test] [    Test worker] o.s.d.r.c.RepositoryComponentProvider    : Ignored because not matching any filter: file [/Users/simonrowe/workspace/simonjamesrowe/backend-modulith/modules/component-test/build/classes/java/test/com/simonjamesrowe/component/test/elasticsearch/TestDocument.class]
2025-10-04T09:13:56.547+01:00 TRACE 46788 --- [component-test] [    Test worker] o.s.d.r.c.RepositoryComponentProvider    : Scanning file [/Users/simonrowe/workspace/simonjamesrowe/backend-modulith/modules/component-test/build/classes/java/test/com/simonjamesrowe/component/test/elasticsearch/TestRepository.class]
2025-10-04T09:13:56.547+01:00 DEBUG 46788 --- [component-test] [    Test worker] o.s.d.r.c.RepositoryComponentProvider    : Identified candidate component class: file [/Users/simonrowe/workspace/simonjamesrowe/backend-modulith/modules/component-test/build/classes/java/test/com/simonjamesrowe/component/test/elasticsearch/TestRepository.class]
2025-10-04T09:13:56.548+01:00 TRACE 46788 --- [component-test] [    Test worker] o.s.d.r.c.RepositoryComponentProvider    : Scanning file [/Users/simonrowe/workspace/simonjamesrowe/backend-modulith/modules/component-test/build/classes/java/test/com/simonjamesrowe/component/test/elasticsearch/WithElasticsearchContainerTest.class]
2025-10-04T09:13:56.548+01:00 TRACE 46788 --- [component-test] [    Test worker] o.s.d.r.c.RepositoryComponentProvider    : Ignored because not matching any filter: file [/Users/simonrowe/workspace/simonjamesrowe/backend-modulith/modules/component-test/build/classes/java/test/com/simonjamesrowe/component/test/elasticsearch/WithElasticsearchContainerTest.class]
2025-10-04T09:13:56.548+01:00 TRACE 46788 --- [component-test] [    Test worker] o.s.d.r.c.RepositoryComponentProvider    : Scanning file [/Users/simonrowe/workspace/simonjamesrowe/backend-modulith/modules/component-test/build/classes/java/test/com/simonjamesrowe/component/test/jwt/JwtUtilsTest.class]
2025-10-04T09:13:56.548+01:00 TRACE 46788 --- [component-test] [    Test worker] o.s.d.r.c.RepositoryComponentProvider    : Ignored because not matching any filter: file [/Users/simonrowe/workspace/simonjamesrowe/backend-modulith/modules/component-test/build/classes/java/test/com/simonjamesrowe/component/test/jwt/JwtUtilsTest.class]
2025-10-04T09:13:56.548+01:00 TRACE 46788 --- [component-test] [    Test worker] o.s.d.r.c.RepositoryComponentProvider    : Scanning file [/Users/simonrowe/workspace/simonjamesrowe/backend-modulith/modules/component-test/build/classes/java/test/com/simonjamesrowe/component/test/kafka/TestKafkaListener2.class]
2025-10-04T09:13:56.548+01:00 TRACE 46788 --- [component-test] [    Test worker] o.s.d.r.c.RepositoryComponentProvider    : Ignored because not matching any filter: file [/Users/simonrowe/workspace/simonjamesrowe/backend-modulith/modules/component-test/build/classes/java/test/com/simonjamesrowe/component/test/kafka/TestKafkaListener2.class]
2025-10-04T09:13:56.548+01:00 TRACE 46788 --- [component-test] [    Test worker] o.s.d.r.c.RepositoryComponentProvider    : Scanning file [/Users/simonrowe/workspace/simonjamesrowe/backend-modulith/modules/component-test/build/classes/java/test/com/simonjamesrowe/component/test/kafka/WithKafkaContainerTest.class]
2025-10-04T09:13:56.548+01:00 TRACE 46788 --- [component-test] [    Test worker] o.s.d.r.c.RepositoryComponentProvider    : Ignored because not matching any filter: file [/Users/simonrowe/workspace/simonjamesrowe/backend-modulith/modules/component-test/build/classes/java/test/com/simonjamesrowe/component/test/kafka/WithKafkaContainerTest.class]
2025-10-04T09:13:56.548+01:00 TRACE 46788 --- [component-test] [    Test worker] o.s.d.r.c.RepositoryComponentProvider    : Scanning file [/Users/simonrowe/workspace/simonjamesrowe/backend-modulith/modules/component-test/build/classes/java/test/com/simonjamesrowe/component/test/mongo/MongoDocument.class]
2025-10-04T09:13:56.548+01:00 TRACE 46788 --- [component-test] [    Test worker] o.s.d.r.c.RepositoryComponentProvider    : Ignored because not matching any filter: file [/Users/simonrowe/workspace/simonjamesrowe/backend-modulith/modules/component-test/build/classes/java/test/com/simonjamesrowe/component/test/mongo/MongoDocument.class]
2025-10-04T09:13:56.548+01:00 TRACE 46788 --- [component-test] [    Test worker] o.s.d.r.c.RepositoryComponentProvider    : Scanning file [/Users/simonrowe/workspace/simonjamesrowe/backend-modulith/modules/component-test/build/classes/java/test/com/simonjamesrowe/component/test/mongo/MongoRepository.class]
2025-10-04T09:13:56.548+01:00 DEBUG 46788 --- [component-test] [    Test worker] o.s.d.r.c.RepositoryComponentProvider    : Identified candidate component class: file [/Users/simonrowe/workspace/simonjamesrowe/backend-modulith/modules/component-test/build/classes/java/test/com/simonjamesrowe/component/test/mongo/MongoRepository.class]
2025-10-04T09:13:56.548+01:00 TRACE 46788 --- [component-test] [    Test worker] o.s.d.r.c.RepositoryComponentProvider    : Scanning file [/Users/simonrowe/workspace/simonjamesrowe/backend-modulith/modules/component-test/build/classes/java/test/com/simonjamesrowe/component/test/mongo/WithMongoDBContainerTest.class]
2025-10-04T09:13:56.548+01:00 TRACE 46788 --- [component-test] [    Test worker] o.s.d.r.c.RepositoryComponentProvider    : Ignored because not matching any filter: file [/Users/simonrowe/workspace/simonjamesrowe/backend-modulith/modules/component-test/build/classes/java/test/com/simonjamesrowe/component/test/mongo/WithMongoDBContainerTest.class]
2025-10-04T09:13:56.548+01:00 TRACE 46788 --- [component-test] [    Test worker] o.s.d.r.c.RepositoryComponentProvider    : Scanning file [/Users/simonrowe/workspace/simonjamesrowe/backend-modulith/modules/component-test/build/classes/java/test/com/simonjamesrowe/component/test/postgresql/JpaEntity.class]
2025-10-04T09:13:56.548+01:00 TRACE 46788 --- [component-test] [    Test worker] o.s.d.r.c.RepositoryComponentProvider    : Ignored because not matching any filter: file [/Users/simonrowe/workspace/simonjamesrowe/backend-modulith/modules/component-test/build/classes/java/test/com/simonjamesrowe/component/test/postgresql/JpaEntity.class]
2025-10-04T09:13:56.548+01:00 TRACE 46788 --- [component-test] [    Test worker] o.s.d.r.c.RepositoryComponentProvider    : Scanning file [/Users/simonrowe/workspace/simonjamesrowe/backend-modulith/modules/component-test/build/classes/java/test/com/simonjamesrowe/component/test/postgresql/JpaEntityRepository.class]
2025-10-04T09:13:56.548+01:00 DEBUG 46788 --- [component-test] [    Test worker] o.s.d.r.c.RepositoryComponentProvider    : Identified candidate component class: file [/Users/simonrowe/workspace/simonjamesrowe/backend-modulith/modules/component-test/build/classes/java/test/com/simonjamesrowe/component/test/postgresql/JpaEntityRepository.class]
2025-10-04T09:13:56.548+01:00 TRACE 46788 --- [component-test] [    Test worker] o.s.d.r.c.RepositoryComponentProvider    : Scanning file [/Users/simonrowe/workspace/simonjamesrowe/backend-modulith/modules/component-test/build/classes/java/test/com/simonjamesrowe/component/test/postgresql/WithPostgresContainerTest.class]
2025-10-04T09:13:56.548+01:00 TRACE 46788 --- [component-test] [    Test worker] o.s.d.r.c.RepositoryComponentProvider    : Ignored because not matching any filter: file [/Users/simonrowe/workspace/simonjamesrowe/backend-modulith/modules/component-test/build/classes/java/test/com/simonjamesrowe/component/test/postgresql/WithPostgresContainerTest.class]
2025-10-04T09:13:56.548+01:00 TRACE 46788 --- [component-test] [    Test worker] o.s.d.r.c.RepositoryComponentProvider    : Scanning file [/Users/simonrowe/workspace/simonjamesrowe/backend-modulith/modules/component-test/build/classes/java/test/com/simonjamesrowe/component/test/redis/WithRedisContainerTest.class]
2025-10-04T09:13:56.548+01:00 TRACE 46788 --- [component-test] [    Test worker] o.s.d.r.c.RepositoryComponentProvider    : Ignored because not matching any filter: file [/Users/simonrowe/workspace/simonjamesrowe/backend-modulith/modules/component-test/build/classes/java/test/com/simonjamesrowe/component/test/redis/WithRedisContainerTest.class]
2025-10-04T09:13:56.548+01:00 TRACE 46788 --- [component-test] [    Test worker] o.s.d.r.c.RepositoryComponentProvider    : Scanning file [/Users/simonrowe/workspace/simonjamesrowe/backend-modulith/modules/component-test/build/classes/java/test/com/simonjamesrowe/component/test/vault/WithVaultContainerTest.class]
2025-10-04T09:13:56.548+01:00 TRACE 46788 --- [component-test] [    Test worker] o.s.d.r.c.RepositoryComponentProvider    : Ignored because not matching any filter: file [/Users/simonrowe/workspace/simonjamesrowe/backend-modulith/modules/component-test/build/classes/java/test/com/simonjamesrowe/component/test/vault/WithVaultContainerTest.class]
2025-10-04T09:13:56.548+01:00 TRACE 46788 --- [component-test] [    Test worker] o.s.d.r.c.RepositoryComponentProvider    : Scanning file [/Users/simonrowe/workspace/simonjamesrowe/backend-modulith/modules/component-test/build/classes/java/main/com/simonjamesrowe/component/test/BaseComponentTest.class]
2025-10-04T09:13:56.548+01:00 TRACE 46788 --- [component-test] [    Test worker] o.s.d.r.c.RepositoryComponentProvider    : Ignored because not matching any filter: file [/Users/simonrowe/workspace/simonjamesrowe/backend-modulith/modules/component-test/build/classes/java/main/com/simonjamesrowe/component/test/BaseComponentTest.class]
2025-10-04T09:13:56.548+01:00 TRACE 46788 --- [component-test] [    Test worker] o.s.d.r.c.RepositoryComponentProvider    : Scanning file [/Users/simonrowe/workspace/simonjamesrowe/backend-modulith/modules/component-test/build/classes/java/main/com/simonjamesrowe/component/test/ComponentTest.class]
2025-10-04T09:13:56.548+01:00 TRACE 46788 --- [component-test] [    Test worker] o.s.d.r.c.RepositoryComponentProvider    : Ignored because not matching any filter: file [/Users/simonrowe/workspace/simonjamesrowe/backend-modulith/modules/component-test/build/classes/java/main/com/simonjamesrowe/component/test/ComponentTest.class]
2025-10-04T09:13:56.548+01:00 TRACE 46788 --- [component-test] [    Test worker] o.s.d.r.c.RepositoryComponentProvider    : Scanning file [/Users/simonrowe/workspace/simonjamesrowe/backend-modulith/modules/component-test/build/classes/java/main/com/simonjamesrowe/component/test/JpaTest.class]
2025-10-04T09:13:56.548+01:00 TRACE 46788 --- [component-test] [    Test worker] o.s.d.r.c.RepositoryComponentProvider    : Ignored because not matching any filter: file [/Users/simonrowe/workspace/simonjamesrowe/backend-modulith/modules/component-test/build/classes/java/main/com/simonjamesrowe/component/test/JpaTest.class]
2025-10-04T09:13:56.548+01:00 TRACE 46788 --- [component-test] [    Test worker] o.s.d.r.c.RepositoryComponentProvider    : Scanning file [/Users/simonrowe/workspace/simonjamesrowe/backend-modulith/modules/component-test/build/classes/java/main/com/simonjamesrowe/component/test/MongoTest.class]
2025-10-04T09:13:56.548+01:00 TRACE 46788 --- [component-test] [    Test worker] o.s.d.r.c.RepositoryComponentProvider    : Ignored because not matching any filter: file [/Users/simonrowe/workspace/simonjamesrowe/backend-modulith/modules/component-test/build/classes/java/main/com/simonjamesrowe/component/test/MongoTest.class]
2025-10-04T09:13:56.548+01:00 TRACE 46788 --- [component-test] [    Test worker] o.s.d.r.c.RepositoryComponentProvider    : Scanning file [/Users/simonrowe/workspace/simonjamesrowe/backend-modulith/modules/component-test/build/classes/java/main/com/simonjamesrowe/component/test/containers/ContainerConfigurationUtils.class]
2025-10-04T09:13:56.548+01:00 TRACE 46788 --- [component-test] [    Test worker] o.s.d.r.c.RepositoryComponentProvider    : Ignored because not matching any filter: file [/Users/simonrowe/workspace/simonjamesrowe/backend-modulith/modules/component-test/build/classes/java/main/com/simonjamesrowe/component/test/containers/ContainerConfigurationUtils.class]
2025-10-04T09:13:56.548+01:00 TRACE 46788 --- [component-test] [    Test worker] o.s.d.r.c.RepositoryComponentProvider    : Scanning file [/Users/simonrowe/workspace/simonjamesrowe/backend-modulith/modules/component-test/build/classes/java/main/com/simonjamesrowe/component/test/elasticsearch/ElasticsearchTestContainerExtension.class]
2025-10-04T09:13:56.548+01:00 TRACE 46788 --- [component-test] [    Test worker] o.s.d.r.c.RepositoryComponentProvider    : Ignored because not matching any filter: file [/Users/simonrowe/workspace/simonjamesrowe/backend-modulith/modules/component-test/build/classes/java/main/com/simonjamesrowe/component/test/elasticsearch/ElasticsearchTestContainerExtension.class]
2025-10-04T09:13:56.548+01:00 TRACE 46788 --- [component-test] [    Test worker] o.s.d.r.c.RepositoryComponentProvider    : Scanning file [/Users/simonrowe/workspace/simonjamesrowe/backend-modulith/modules/component-test/build/classes/java/main/com/simonjamesrowe/component/test/elasticsearch/WithElasticsearchContainer.class]
2025-10-04T09:13:56.548+01:00 TRACE 46788 --- [component-test] [    Test worker] o.s.d.r.c.RepositoryComponentProvider    : Ignored because not matching any filter: file [/Users/simonrowe/workspace/simonjamesrowe/backend-modulith/modules/component-test/build/classes/java/main/com/simonjamesrowe/component/test/elasticsearch/WithElasticsearchContainer.class]
2025-10-04T09:13:56.548+01:00 TRACE 46788 --- [component-test] [    Test worker] o.s.d.r.c.RepositoryComponentProvider    : Scanning file [/Users/simonrowe/workspace/simonjamesrowe/backend-modulith/modules/component-test/build/classes/java/main/com/simonjamesrowe/component/test/jwt/JwtUtils.class]
2025-10-04T09:13:56.548+01:00 TRACE 46788 --- [component-test] [    Test worker] o.s.d.r.c.RepositoryComponentProvider    : Ignored because not matching any filter: file [/Users/simonrowe/workspace/simonjamesrowe/backend-modulith/modules/component-test/build/classes/java/main/com/simonjamesrowe/component/test/jwt/JwtUtils.class]
2025-10-04T09:13:56.548+01:00 TRACE 46788 --- [component-test] [    Test worker] o.s.d.r.c.RepositoryComponentProvider    : Scanning file [/Users/simonrowe/workspace/simonjamesrowe/backend-modulith/modules/component-test/build/classes/java/main/com/simonjamesrowe/component/test/kafka/KafkaContainerExtension.class]
2025-10-04T09:13:56.548+01:00 TRACE 46788 --- [component-test] [    Test worker] o.s.d.r.c.RepositoryComponentProvider    : Ignored because not matching any filter: file [/Users/simonrowe/workspace/simonjamesrowe/backend-modulith/modules/component-test/build/classes/java/main/com/simonjamesrowe/component/test/kafka/KafkaContainerExtension.class]
2025-10-04T09:13:56.548+01:00 TRACE 46788 --- [component-test] [    Test worker] o.s.d.r.c.RepositoryComponentProvider    : Scanning file [/Users/simonrowe/workspace/simonjamesrowe/backend-modulith/modules/component-test/build/classes/java/main/com/simonjamesrowe/component/test/kafka/SchemaRegistryContainerExtension.class]
2025-10-04T09:13:56.548+01:00 TRACE 46788 --- [component-test] [    Test worker] o.s.d.r.c.RepositoryComponentProvider    : Ignored because not matching any filter: file [/Users/simonrowe/workspace/simonjamesrowe/backend-modulith/modules/component-test/build/classes/java/main/com/simonjamesrowe/component/test/kafka/SchemaRegistryContainerExtension.class]
2025-10-04T09:13:56.548+01:00 TRACE 46788 --- [component-test] [    Test worker] o.s.d.r.c.RepositoryComponentProvider    : Scanning file [/Users/simonrowe/workspace/simonjamesrowe/backend-modulith/modules/component-test/build/classes/java/main/com/simonjamesrowe/component/test/kafka/WithKafkaContainer.class]
2025-10-04T09:13:56.548+01:00 TRACE 46788 --- [component-test] [    Test worker] o.s.d.r.c.RepositoryComponentProvider    : Ignored because not matching any filter: file [/Users/simonrowe/workspace/simonjamesrowe/backend-modulith/modules/component-test/build/classes/java/main/com/simonjamesrowe/component/test/kafka/WithKafkaContainer.class]
2025-10-04T09:13:56.548+01:00 TRACE 46788 --- [component-test] [    Test worker] o.s.d.r.c.RepositoryComponentProvider    : Scanning file [/Users/simonrowe/workspace/simonjamesrowe/backend-modulith/modules/component-test/build/classes/java/main/com/simonjamesrowe/component/test/mongo/MongoDBTestContainersExtension.class]
2025-10-04T09:13:56.548+01:00 TRACE 46788 --- [component-test] [    Test worker] o.s.d.r.c.RepositoryComponentProvider    : Ignored because not matching any filter: file [/Users/simonrowe/workspace/simonjamesrowe/backend-modulith/modules/component-test/build/classes/java/main/com/simonjamesrowe/component/test/mongo/MongoDBTestContainersExtension.class]
2025-10-04T09:13:56.548+01:00 TRACE 46788 --- [component-test] [    Test worker] o.s.d.r.c.RepositoryComponentProvider    : Scanning file [/Users/simonrowe/workspace/simonjamesrowe/backend-modulith/modules/component-test/build/classes/java/main/com/simonjamesrowe/component/test/mongo/TestDataRunner.class]
2025-10-04T09:13:56.548+01:00 TRACE 46788 --- [component-test] [    Test worker] o.s.d.r.c.RepositoryComponentProvider    : Ignored because not matching any filter: file [/Users/simonrowe/workspace/simonjamesrowe/backend-modulith/modules/component-test/build/classes/java/main/com/simonjamesrowe/component/test/mongo/TestDataRunner.class]
2025-10-04T09:13:56.548+01:00 TRACE 46788 --- [component-test] [    Test worker] o.s.d.r.c.RepositoryComponentProvider    : Scanning file [/Users/simonrowe/workspace/simonjamesrowe/backend-modulith/modules/component-test/build/classes/java/main/com/simonjamesrowe/component/test/mongo/WithMongoDBContainer.class]
2025-10-04T09:13:56.548+01:00 TRACE 46788 --- [component-test] [    Test worker] o.s.d.r.c.RepositoryComponentProvider    : Ignored because not matching any filter: file [/Users/simonrowe/workspace/simonjamesrowe/backend-modulith/modules/component-test/build/classes/java/main/com/simonjamesrowe/component/test/mongo/WithMongoDBContainer.class]
2025-10-04T09:13:56.548+01:00 TRACE 46788 --- [component-test] [    Test worker] o.s.d.r.c.RepositoryComponentProvider    : Scanning file [/Users/simonrowe/workspace/simonjamesrowe/backend-modulith/modules/component-test/build/classes/java/main/com/simonjamesrowe/component/test/postgresql/PostgresqlTestContainersExtension.class]
2025-10-04T09:13:56.548+01:00 TRACE 46788 --- [component-test] [    Test worker] o.s.d.r.c.RepositoryComponentProvider    : Ignored because not matching any filter: file [/Users/simonrowe/workspace/simonjamesrowe/backend-modulith/modules/component-test/build/classes/java/main/com/simonjamesrowe/component/test/postgresql/PostgresqlTestContainersExtension.class]
2025-10-04T09:13:56.548+01:00 TRACE 46788 --- [component-test] [    Test worker] o.s.d.r.c.RepositoryComponentProvider    : Scanning file [/Users/simonrowe/workspace/simonjamesrowe/backend-modulith/modules/component-test/build/classes/java/main/com/simonjamesrowe/component/test/postgresql/WithPostgresContainer.class]
2025-10-04T09:13:56.548+01:00 TRACE 46788 --- [component-test] [    Test worker] o.s.d.r.c.RepositoryComponentProvider    : Ignored because not matching any filter: file [/Users/simonrowe/workspace/simonjamesrowe/backend-modulith/modules/component-test/build/classes/java/main/com/simonjamesrowe/component/test/postgresql/WithPostgresContainer.class]
2025-10-04T09:13:56.548+01:00 TRACE 46788 --- [component-test] [    Test worker] o.s.d.r.c.RepositoryComponentProvider    : Scanning file [/Users/simonrowe/workspace/simonjamesrowe/backend-modulith/modules/component-test/build/classes/java/main/com/simonjamesrowe/component/test/redis/RedisTestContainersExtension.class]
2025-10-04T09:13:56.548+01:00 TRACE 46788 --- [component-test] [    Test worker] o.s.d.r.c.RepositoryComponentProvider    : Ignored because not matching any filter: file [/Users/simonrowe/workspace/simonjamesrowe/backend-modulith/modules/component-test/build/classes/java/main/com/simonjamesrowe/component/test/redis/RedisTestContainersExtension.class]
2025-10-04T09:13:56.548+01:00 TRACE 46788 --- [component-test] [    Test worker] o.s.d.r.c.RepositoryComponentProvider    : Scanning file [/Users/simonrowe/workspace/simonjamesrowe/backend-modulith/modules/component-test/build/classes/java/main/com/simonjamesrowe/component/test/redis/WithRedisContainer.class]
2025-10-04T09:13:56.548+01:00 TRACE 46788 --- [component-test] [    Test worker] o.s.d.r.c.RepositoryComponentProvider    : Ignored because not matching any filter: file [/Users/simonrowe/workspace/simonjamesrowe/backend-modulith/modules/component-test/build/classes/java/main/com/simonjamesrowe/component/test/redis/WithRedisContainer.class]
2025-10-04T09:13:56.548+01:00 TRACE 46788 --- [component-test] [    Test worker] o.s.d.r.c.RepositoryComponentProvider    : Scanning file [/Users/simonrowe/workspace/simonjamesrowe/backend-modulith/modules/component-test/build/classes/java/main/com/simonjamesrowe/component/test/utils/PortUtils.class]
2025-10-04T09:13:56.548+01:00 TRACE 46788 --- [component-test] [    Test worker] o.s.d.r.c.RepositoryComponentProvider    : Ignored because not matching any filter: file [/Users/simonrowe/workspace/simonjamesrowe/backend-modulith/modules/component-test/build/classes/java/main/com/simonjamesrowe/component/test/utils/PortUtils.class]
2025-10-04T09:13:56.548+01:00 TRACE 46788 --- [component-test] [    Test worker] o.s.d.r.c.RepositoryComponentProvider    : Scanning file [/Users/simonrowe/workspace/simonjamesrowe/backend-modulith/modules/component-test/build/classes/java/main/com/simonjamesrowe/component/test/vault/VaultTestContainersExtension.class]
2025-10-04T09:13:56.548+01:00 TRACE 46788 --- [component-test] [    Test worker] o.s.d.r.c.RepositoryComponentProvider    : Ignored because not matching any filter: file [/Users/simonrowe/workspace/simonjamesrowe/backend-modulith/modules/component-test/build/classes/java/main/com/simonjamesrowe/component/test/vault/VaultTestContainersExtension.class]
2025-10-04T09:13:56.548+01:00 TRACE 46788 --- [component-test] [    Test worker] o.s.d.r.c.RepositoryComponentProvider    : Scanning file [/Users/simonrowe/workspace/simonjamesrowe/backend-modulith/modules/component-test/build/classes/java/main/com/simonjamesrowe/component/test/vault/WithVaultContainer.class]
2025-10-04T09:13:56.548+01:00 TRACE 46788 --- [component-test] [    Test worker] o.s.d.r.c.RepositoryComponentProvider    : Ignored because not matching any filter: file [/Users/simonrowe/workspace/simonjamesrowe/backend-modulith/modules/component-test/build/classes/java/main/com/simonjamesrowe/component/test/vault/WithVaultContainer.class]
2025-10-04T09:13:56.548+01:00  INFO 46788 --- [component-test] [    Test worker] .RepositoryConfigurationExtensionSupport : Spring Data Redis - Could not safely identify store assignment for repository candidate interface com.simonjamesrowe.component.test.elasticsearch.TestRepository; If you want this repository to be a Redis repository, consider annotating your entities with one of these annotations: org.springframework.data.redis.core.RedisHash (preferred), or consider extending one of the following types with your repository: org.springframework.data.keyvalue.repository.KeyValueRepository
2025-10-04T09:13:56.548+01:00  INFO 46788 --- [component-test] [    Test worker] .RepositoryConfigurationExtensionSupport : Spring Data Redis - Could not safely identify store assignment for repository candidate interface com.simonjamesrowe.component.test.mongo.MongoRepository; If you want this repository to be a Redis repository, consider annotating your entities with one of these annotations: org.springframework.data.redis.core.RedisHash (preferred), or consider extending one of the following types with your repository: org.springframework.data.keyvalue.repository.KeyValueRepository
2025-10-04T09:13:56.548+01:00  INFO 46788 --- [component-test] [    Test worker] .RepositoryConfigurationExtensionSupport : Spring Data Redis - Could not safely identify store assignment for repository candidate interface com.simonjamesrowe.component.test.postgresql.JpaEntityRepository; If you want this repository to be a Redis repository, consider annotating your entities with one of these annotations: org.springframework.data.redis.core.RedisHash (preferred), or consider extending one of the following types with your repository: org.springframework.data.keyvalue.repository.KeyValueRepository
2025-10-04T09:13:56.548+01:00  INFO 46788 --- [component-test] [    Test worker] .s.d.r.c.RepositoryConfigurationDelegate : Finished Spring Data repository scanning in 1 ms. Found 0 Redis repository interfaces.
2025-10-04T09:13:56.559+01:00  INFO 46788 --- [component-test] [    Test worker] o.s.cloud.context.scope.GenericScope     : BeanFactory id=6f5c18ef-4211-3040-8306-68badcf7353c
2025-10-04T09:13:56.577+01:00  INFO 46788 --- [component-test] [    Test worker] o.s.b.w.embedded.tomcat.TomcatWebServer  : Tomcat initialized with port 0 (http)
2025-10-04T09:13:56.578+01:00  INFO 46788 --- [component-test] [    Test worker] o.apache.catalina.core.StandardService   : Starting service [Tomcat]
2025-10-04T09:13:56.578+01:00  INFO 46788 --- [component-test] [    Test worker] o.apache.catalina.core.StandardEngine    : Starting Servlet engine: [Apache Tomcat/10.1.31]
2025-10-04T09:13:56.588+01:00  INFO 46788 --- [component-test] [    Test worker] o.a.c.c.C.[Tomcat-1].[localhost].[/]     : Initializing Spring embedded WebApplicationContext
2025-10-04T09:13:56.588+01:00  INFO 46788 --- [component-test] [    Test worker] w.s.c.ServletWebServerApplicationContext : Root WebApplicationContext: initialization completed in 101 ms
2025-10-04T09:13:56.647+01:00 DEBUG 46788 --- [component-test] [    Test worker] o.s.data.convert.CustomConversions       : Adding converter from class java.lang.String to class [B as writing converter
2025-10-04T09:13:56.647+01:00 DEBUG 46788 --- [component-test] [    Test worker] o.s.data.convert.CustomConversions       : Adding converter from class [B to class java.lang.String as reading converter
2025-10-04T09:13:56.647+01:00 DEBUG 46788 --- [component-test] [    Test worker] o.s.data.convert.CustomConversions       : Adding converter from class java.lang.Number to class [B as writing converter
2025-10-04T09:13:56.647+01:00 DEBUG 46788 --- [component-test] [    Test worker] o.s.data.convert.CustomConversions       : Adding converter from class [B to class java.lang.Number as reading converter
2025-10-04T09:13:56.647+01:00 DEBUG 46788 --- [component-test] [    Test worker] o.s.data.convert.CustomConversions       : Adding converter from class java.lang.Enum to class [B as writing converter
2025-10-04T09:13:56.647+01:00 DEBUG 46788 --- [component-test] [    Test worker] o.s.data.convert.CustomConversions       : Adding converter from class [B to class java.lang.Enum as reading converter
2025-10-04T09:13:56.647+01:00 DEBUG 46788 --- [component-test] [    Test worker] o.s.data.convert.CustomConversions       : Adding converter from class java.lang.Boolean to class [B as writing converter
2025-10-04T09:13:56.647+01:00 DEBUG 46788 --- [component-test] [    Test worker] o.s.data.convert.CustomConversions       : Adding converter from class [B to class java.lang.Boolean as reading converter
2025-10-04T09:13:56.647+01:00 DEBUG 46788 --- [component-test] [    Test worker] o.s.data.convert.CustomConversions       : Adding converter from class java.util.Date to class [B as writing converter
2025-10-04T09:13:56.647+01:00 DEBUG 46788 --- [component-test] [    Test worker] o.s.data.convert.CustomConversions       : Adding converter from class [B to class java.util.Date as reading converter
2025-10-04T09:13:56.647+01:00 DEBUG 46788 --- [component-test] [    Test worker] o.s.data.convert.CustomConversions       : Adding converter from class java.util.UUID to class [B as writing converter
2025-10-04T09:13:56.647+01:00 DEBUG 46788 --- [component-test] [    Test worker] o.s.data.convert.CustomConversions       : Adding converter from class [B to class java.util.UUID as reading converter
2025-10-04T09:13:56.647+01:00 DEBUG 46788 --- [component-test] [    Test worker] o.s.data.convert.CustomConversions       : Adding converter from class java.time.LocalDateTime to class [B as reading converter
2025-10-04T09:13:56.647+01:00 DEBUG 46788 --- [component-test] [    Test worker] o.s.data.convert.CustomConversions       : Adding converter from class [B to class java.time.LocalDateTime as reading converter
2025-10-04T09:13:56.647+01:00 DEBUG 46788 --- [component-test] [    Test worker] o.s.data.convert.CustomConversions       : Adding converter from class java.time.LocalDate to class [B as reading converter
2025-10-04T09:13:56.647+01:00 DEBUG 46788 --- [component-test] [    Test worker] o.s.data.convert.CustomConversions       : Adding converter from class [B to class java.time.LocalDate as reading converter
2025-10-04T09:13:56.647+01:00 DEBUG 46788 --- [component-test] [    Test worker] o.s.data.convert.CustomConversions       : Adding converter from class java.time.LocalTime to class [B as reading converter
2025-10-04T09:13:56.647+01:00 DEBUG 46788 --- [component-test] [    Test worker] o.s.data.convert.CustomConversions       : Adding converter from class [B to class java.time.LocalTime as reading converter
2025-10-04T09:13:56.647+01:00 DEBUG 46788 --- [component-test] [    Test worker] o.s.data.convert.CustomConversions       : Adding converter from class java.time.ZonedDateTime to class [B as reading converter
2025-10-04T09:13:56.647+01:00 DEBUG 46788 --- [component-test] [    Test worker] o.s.data.convert.CustomConversions       : Adding converter from class [B to class java.time.ZonedDateTime as reading converter
2025-10-04T09:13:56.647+01:00 DEBUG 46788 --- [component-test] [    Test worker] o.s.data.convert.CustomConversions       : Adding converter from class java.time.Instant to class [B as reading converter
2025-10-04T09:13:56.647+01:00 DEBUG 46788 --- [component-test] [    Test worker] o.s.data.convert.CustomConversions       : Adding converter from class [B to class java.time.Instant as reading converter
2025-10-04T09:13:56.647+01:00 DEBUG 46788 --- [component-test] [    Test worker] o.s.data.convert.CustomConversions       : Adding converter from class java.time.ZoneId to class [B as reading converter
2025-10-04T09:13:56.647+01:00 DEBUG 46788 --- [component-test] [    Test worker] o.s.data.convert.CustomConversions       : Adding converter from class [B to class java.time.ZoneId as reading converter
2025-10-04T09:13:56.647+01:00 DEBUG 46788 --- [component-test] [    Test worker] o.s.data.convert.CustomConversions       : Adding converter from class java.time.Period to class [B as reading converter
2025-10-04T09:13:56.647+01:00 DEBUG 46788 --- [component-test] [    Test worker] o.s.data.convert.CustomConversions       : Adding converter from class [B to class java.time.Period as reading converter
2025-10-04T09:13:56.647+01:00 DEBUG 46788 --- [component-test] [    Test worker] o.s.data.convert.CustomConversions       : Adding converter from class java.time.Duration to class [B as reading converter
2025-10-04T09:13:56.647+01:00 DEBUG 46788 --- [component-test] [    Test worker] o.s.data.convert.CustomConversions       : Adding converter from class [B to class java.time.Duration as reading converter
2025-10-04T09:13:56.647+01:00 DEBUG 46788 --- [component-test] [    Test worker] o.s.data.convert.CustomConversions       : Adding converter from class java.time.OffsetDateTime to class [B as reading converter
2025-10-04T09:13:56.647+01:00 DEBUG 46788 --- [component-test] [    Test worker] o.s.data.convert.CustomConversions       : Adding converter from class [B to class java.time.OffsetDateTime as reading converter
2025-10-04T09:13:56.647+01:00 DEBUG 46788 --- [component-test] [    Test worker] o.s.data.convert.CustomConversions       : Adding converter from class java.time.OffsetTime to class [B as reading converter
2025-10-04T09:13:56.647+01:00 DEBUG 46788 --- [component-test] [    Test worker] o.s.data.convert.CustomConversions       : Adding converter from class [B to class java.time.OffsetTime as reading converter
2025-10-04T09:13:56.647+01:00 DEBUG 46788 --- [component-test] [    Test worker] o.s.data.convert.CustomConversions       : Adding converter from class java.util.Date to class java.time.LocalDateTime as reading converter
2025-10-04T09:13:56.647+01:00 DEBUG 46788 --- [component-test] [    Test worker] o.s.data.convert.CustomConversions       : Adding converter from class java.time.LocalDateTime to class java.util.Date as writing converter
2025-10-04T09:13:56.647+01:00 DEBUG 46788 --- [component-test] [    Test worker] o.s.data.convert.CustomConversions       : Adding converter from class java.util.Date to class java.time.LocalDate as reading converter
2025-10-04T09:13:56.647+01:00 DEBUG 46788 --- [component-test] [    Test worker] o.s.data.convert.CustomConversions       : Adding converter from class java.time.LocalDate to class java.util.Date as writing converter
2025-10-04T09:13:56.647+01:00 DEBUG 46788 --- [component-test] [    Test worker] o.s.data.convert.CustomConversions       : Adding converter from class java.util.Date to class java.time.LocalTime as reading converter
2025-10-04T09:13:56.647+01:00 DEBUG 46788 --- [component-test] [    Test worker] o.s.data.convert.CustomConversions       : Adding converter from class java.time.LocalTime to class java.util.Date as writing converter
2025-10-04T09:13:56.647+01:00 DEBUG 46788 --- [component-test] [    Test worker] o.s.data.convert.CustomConversions       : Adding converter from class java.util.Date to class java.time.Instant as reading converter
2025-10-04T09:13:56.647+01:00 DEBUG 46788 --- [component-test] [    Test worker] o.s.data.convert.CustomConversions       : Adding converter from class java.time.Instant to class java.util.Date as writing converter
2025-10-04T09:13:56.647+01:00 DEBUG 46788 --- [component-test] [    Test worker] o.s.data.convert.CustomConversions       : Adding converter from class java.time.LocalDateTime to class java.time.Instant as reading converter
2025-10-04T09:13:56.647+01:00 DEBUG 46788 --- [component-test] [    Test worker] o.s.data.convert.CustomConversions       : Adding converter from class java.time.Instant to class java.time.LocalDateTime as reading converter
2025-10-04T09:13:56.647+01:00 DEBUG 46788 --- [component-test] [    Test worker] o.s.data.convert.CustomConversions       : Adding converter from class java.time.ZoneId to class java.lang.String as writing converter
2025-10-04T09:13:56.647+01:00 DEBUG 46788 --- [component-test] [    Test worker] o.s.data.convert.CustomConversions       : Adding converter from class java.lang.String to class java.time.ZoneId as reading converter
2025-10-04T09:13:56.647+01:00 DEBUG 46788 --- [component-test] [    Test worker] o.s.data.convert.CustomConversions       : Adding converter from class java.time.Duration to class java.lang.String as writing converter
2025-10-04T09:13:56.647+01:00 DEBUG 46788 --- [component-test] [    Test worker] o.s.data.convert.CustomConversions       : Adding converter from class java.lang.String to class java.time.Duration as reading converter
2025-10-04T09:13:56.647+01:00 DEBUG 46788 --- [component-test] [    Test worker] o.s.data.convert.CustomConversions       : Adding converter from class java.time.Period to class java.lang.String as writing converter
2025-10-04T09:13:56.647+01:00 DEBUG 46788 --- [component-test] [    Test worker] o.s.data.convert.CustomConversions       : Adding converter from class java.lang.String to class java.time.Period as reading converter
2025-10-04T09:13:56.647+01:00 DEBUG 46788 --- [component-test] [    Test worker] o.s.data.convert.CustomConversions       : Adding converter from class java.lang.String to class java.time.LocalDate as reading converter
2025-10-04T09:13:56.647+01:00 DEBUG 46788 --- [component-test] [    Test worker] o.s.data.convert.CustomConversions       : Adding converter from class java.lang.String to class java.time.LocalDateTime as reading converter
2025-10-04T09:13:56.647+01:00 DEBUG 46788 --- [component-test] [    Test worker] o.s.data.convert.CustomConversions       : Adding converter from class java.lang.String to class java.time.Instant as reading converter
2025-10-04T09:13:56.648+01:00 DEBUG 46788 --- [component-test] [    Test worker] o.s.data.convert.CustomConversions       : Adding converter from class java.lang.String to class [B as writing converter
2025-10-04T09:13:56.648+01:00 DEBUG 46788 --- [component-test] [    Test worker] o.s.data.convert.CustomConversions       : Adding converter from class [B to class java.lang.String as reading converter
2025-10-04T09:13:56.648+01:00 DEBUG 46788 --- [component-test] [    Test worker] o.s.data.convert.CustomConversions       : Adding converter from class java.lang.Number to class [B as writing converter
2025-10-04T09:13:56.648+01:00 DEBUG 46788 --- [component-test] [    Test worker] o.s.data.convert.CustomConversions       : Adding converter from class [B to class java.lang.Number as reading converter
2025-10-04T09:13:56.648+01:00 DEBUG 46788 --- [component-test] [    Test worker] o.s.data.convert.CustomConversions       : Adding converter from class java.lang.Enum to class [B as writing converter
2025-10-04T09:13:56.648+01:00 DEBUG 46788 --- [component-test] [    Test worker] o.s.data.convert.CustomConversions       : Adding converter from class [B to class java.lang.Enum as reading converter
2025-10-04T09:13:56.648+01:00 DEBUG 46788 --- [component-test] [    Test worker] o.s.data.convert.CustomConversions       : Adding converter from class java.lang.Boolean to class [B as writing converter
2025-10-04T09:13:56.648+01:00 DEBUG 46788 --- [component-test] [    Test worker] o.s.data.convert.CustomConversions       : Adding converter from class [B to class java.lang.Boolean as reading converter
2025-10-04T09:13:56.648+01:00 DEBUG 46788 --- [component-test] [    Test worker] o.s.data.convert.CustomConversions       : Adding converter from class java.util.Date to class [B as writing converter
2025-10-04T09:13:56.648+01:00 DEBUG 46788 --- [component-test] [    Test worker] o.s.data.convert.CustomConversions       : Adding converter from class [B to class java.util.Date as reading converter
2025-10-04T09:13:56.648+01:00 DEBUG 46788 --- [component-test] [    Test worker] o.s.data.convert.CustomConversions       : Adding converter from class java.util.UUID to class [B as writing converter
2025-10-04T09:13:56.648+01:00 DEBUG 46788 --- [component-test] [    Test worker] o.s.data.convert.CustomConversions       : Adding converter from class [B to class java.util.UUID as reading converter
2025-10-04T09:13:56.648+01:00 DEBUG 46788 --- [component-test] [    Test worker] o.s.data.convert.CustomConversions       : Adding converter from class java.time.LocalDateTime to class [B as reading converter
2025-10-04T09:13:56.648+01:00 DEBUG 46788 --- [component-test] [    Test worker] o.s.data.convert.CustomConversions       : Adding converter from class [B to class java.time.LocalDateTime as reading converter
2025-10-04T09:13:56.648+01:00 DEBUG 46788 --- [component-test] [    Test worker] o.s.data.convert.CustomConversions       : Adding converter from class java.time.LocalDate to class [B as reading converter
2025-10-04T09:13:56.648+01:00 DEBUG 46788 --- [component-test] [    Test worker] o.s.data.convert.CustomConversions       : Adding converter from class [B to class java.time.LocalDate as reading converter
2025-10-04T09:13:56.648+01:00 DEBUG 46788 --- [component-test] [    Test worker] o.s.data.convert.CustomConversions       : Adding converter from class java.time.LocalTime to class [B as reading converter
2025-10-04T09:13:56.648+01:00 DEBUG 46788 --- [component-test] [    Test worker] o.s.data.convert.CustomConversions       : Adding converter from class [B to class java.time.LocalTime as reading converter
2025-10-04T09:13:56.648+01:00 DEBUG 46788 --- [component-test] [    Test worker] o.s.data.convert.CustomConversions       : Adding converter from class java.time.ZonedDateTime to class [B as reading converter
2025-10-04T09:13:56.648+01:00 DEBUG 46788 --- [component-test] [    Test worker] o.s.data.convert.CustomConversions       : Adding converter from class [B to class java.time.ZonedDateTime as reading converter
2025-10-04T09:13:56.648+01:00 DEBUG 46788 --- [component-test] [    Test worker] o.s.data.convert.CustomConversions       : Adding converter from class java.time.Instant to class [B as reading converter
2025-10-04T09:13:56.650+01:00 DEBUG 46788 --- [component-test] [    Test worker] o.s.data.convert.CustomConversions       : Adding converter from class [B to class java.time.Instant as reading converter
2025-10-04T09:13:56.650+01:00 DEBUG 46788 --- [component-test] [    Test worker] o.s.data.convert.CustomConversions       : Adding converter from class java.time.ZoneId to class [B as reading converter
2025-10-04T09:13:56.650+01:00 DEBUG 46788 --- [component-test] [    Test worker] o.s.data.convert.CustomConversions       : Adding converter from class [B to class java.time.ZoneId as reading converter
2025-10-04T09:13:56.650+01:00 DEBUG 46788 --- [component-test] [    Test worker] o.s.data.convert.CustomConversions       : Adding converter from class java.time.Period to class [B as reading converter
2025-10-04T09:13:56.650+01:00 DEBUG 46788 --- [component-test] [    Test worker] o.s.data.convert.CustomConversions       : Adding converter from class [B to class java.time.Period as reading converter
2025-10-04T09:13:56.650+01:00 DEBUG 46788 --- [component-test] [    Test worker] o.s.data.convert.CustomConversions       : Adding converter from class java.time.Duration to class [B as reading converter
2025-10-04T09:13:56.650+01:00 DEBUG 46788 --- [component-test] [    Test worker] o.s.data.convert.CustomConversions       : Adding converter from class [B to class java.time.Duration as reading converter
2025-10-04T09:13:56.650+01:00 DEBUG 46788 --- [component-test] [    Test worker] o.s.data.convert.CustomConversions       : Adding converter from class java.time.OffsetDateTime to class [B as reading converter
2025-10-04T09:13:56.650+01:00 DEBUG 46788 --- [component-test] [    Test worker] o.s.data.convert.CustomConversions       : Adding converter from class [B to class java.time.OffsetDateTime as reading converter
2025-10-04T09:13:56.650+01:00 DEBUG 46788 --- [component-test] [    Test worker] o.s.data.convert.CustomConversions       : Adding converter from class java.time.OffsetTime to class [B as reading converter
2025-10-04T09:13:56.650+01:00 DEBUG 46788 --- [component-test] [    Test worker] o.s.data.convert.CustomConversions       : Adding converter from class [B to class java.time.OffsetTime as reading converter
2025-10-04T09:13:56.650+01:00 DEBUG 46788 --- [component-test] [    Test worker] o.s.data.convert.CustomConversions       : Adding converter from class java.util.Date to class java.time.LocalDateTime as reading converter
2025-10-04T09:13:56.650+01:00 DEBUG 46788 --- [component-test] [    Test worker] o.s.data.convert.CustomConversions       : Adding converter from class java.time.LocalDateTime to class java.util.Date as writing converter
2025-10-04T09:13:56.650+01:00 DEBUG 46788 --- [component-test] [    Test worker] o.s.data.convert.CustomConversions       : Adding converter from class java.util.Date to class java.time.LocalDate as reading converter
2025-10-04T09:13:56.650+01:00 DEBUG 46788 --- [component-test] [    Test worker] o.s.data.convert.CustomConversions       : Adding converter from class java.time.LocalDate to class java.util.Date as writing converter
2025-10-04T09:13:56.650+01:00 DEBUG 46788 --- [component-test] [    Test worker] o.s.data.convert.CustomConversions       : Adding converter from class java.util.Date to class java.time.LocalTime as reading converter
2025-10-04T09:13:56.651+01:00 DEBUG 46788 --- [component-test] [    Test worker] o.s.data.convert.CustomConversions       : Adding converter from class java.time.LocalTime to class java.util.Date as writing converter
2025-10-04T09:13:56.651+01:00 DEBUG 46788 --- [component-test] [    Test worker] o.s.data.convert.CustomConversions       : Adding converter from class java.util.Date to class java.time.Instant as reading converter
2025-10-04T09:13:56.651+01:00 DEBUG 46788 --- [component-test] [    Test worker] o.s.data.convert.CustomConversions       : Adding converter from class java.time.Instant to class java.util.Date as writing converter
2025-10-04T09:13:56.651+01:00 DEBUG 46788 --- [component-test] [    Test worker] o.s.data.convert.CustomConversions       : Adding converter from class java.time.LocalDateTime to class java.time.Instant as reading converter
2025-10-04T09:13:56.651+01:00 DEBUG 46788 --- [component-test] [    Test worker] o.s.data.convert.CustomConversions       : Adding converter from class java.time.Instant to class java.time.LocalDateTime as reading converter
2025-10-04T09:13:56.651+01:00 DEBUG 46788 --- [component-test] [    Test worker] o.s.data.convert.CustomConversions       : Adding converter from class java.time.ZoneId to class java.lang.String as writing converter
2025-10-04T09:13:56.651+01:00 DEBUG 46788 --- [component-test] [    Test worker] o.s.data.convert.CustomConversions       : Adding converter from class java.lang.String to class java.time.ZoneId as reading converter
2025-10-04T09:13:56.651+01:00 DEBUG 46788 --- [component-test] [    Test worker] o.s.data.convert.CustomConversions       : Adding converter from class java.time.Duration to class java.lang.String as writing converter
2025-10-04T09:13:56.651+01:00 DEBUG 46788 --- [component-test] [    Test worker] o.s.data.convert.CustomConversions       : Adding converter from class java.lang.String to class java.time.Duration as reading converter
2025-10-04T09:13:56.651+01:00 DEBUG 46788 --- [component-test] [    Test worker] o.s.data.convert.CustomConversions       : Adding converter from class java.time.Period to class java.lang.String as writing converter
2025-10-04T09:13:56.651+01:00 DEBUG 46788 --- [component-test] [    Test worker] o.s.data.convert.CustomConversions       : Adding converter from class java.lang.String to class java.time.Period as reading converter
2025-10-04T09:13:56.651+01:00 DEBUG 46788 --- [component-test] [    Test worker] o.s.data.convert.CustomConversions       : Adding converter from class java.lang.String to class java.time.LocalDate as reading converter
2025-10-04T09:13:56.651+01:00 DEBUG 46788 --- [component-test] [    Test worker] o.s.data.convert.CustomConversions       : Adding converter from class java.lang.String to class java.time.LocalDateTime as reading converter
2025-10-04T09:13:56.651+01:00 DEBUG 46788 --- [component-test] [    Test worker] o.s.data.convert.CustomConversions       : Adding converter from class java.lang.String to class java.time.Instant as reading converter
2025-10-04T09:13:56.651+01:00 DEBUG 46788 --- [component-test] [    Test worker] o.s.data.convert.CustomConversions       : Adding converter from class java.lang.String to class [B as writing converter
2025-10-04T09:13:56.651+01:00 DEBUG 46788 --- [component-test] [    Test worker] o.s.data.convert.CustomConversions       : Adding converter from class [B to class java.lang.String as reading converter
2025-10-04T09:13:56.651+01:00 DEBUG 46788 --- [component-test] [    Test worker] o.s.data.convert.CustomConversions       : Adding converter from class java.lang.Number to class [B as writing converter
2025-10-04T09:13:56.651+01:00 DEBUG 46788 --- [component-test] [    Test worker] o.s.data.convert.CustomConversions       : Adding converter from class [B to class java.lang.Number as reading converter
2025-10-04T09:13:56.651+01:00 DEBUG 46788 --- [component-test] [    Test worker] o.s.data.convert.CustomConversions       : Adding converter from class java.lang.Enum to class [B as writing converter
2025-10-04T09:13:56.651+01:00 DEBUG 46788 --- [component-test] [    Test worker] o.s.data.convert.CustomConversions       : Adding converter from class [B to class java.lang.Enum as reading converter
2025-10-04T09:13:56.651+01:00 DEBUG 46788 --- [component-test] [    Test worker] o.s.data.convert.CustomConversions       : Adding converter from class java.lang.Boolean to class [B as writing converter
2025-10-04T09:13:56.651+01:00 DEBUG 46788 --- [component-test] [    Test worker] o.s.data.convert.CustomConversions       : Adding converter from class [B to class java.lang.Boolean as reading converter
2025-10-04T09:13:56.651+01:00 DEBUG 46788 --- [component-test] [    Test worker] o.s.data.convert.CustomConversions       : Adding converter from class java.util.Date to class [B as writing converter
2025-10-04T09:13:56.651+01:00 DEBUG 46788 --- [component-test] [    Test worker] o.s.data.convert.CustomConversions       : Adding converter from class [B to class java.util.Date as reading converter
2025-10-04T09:13:56.651+01:00 DEBUG 46788 --- [component-test] [    Test worker] o.s.data.convert.CustomConversions       : Adding converter from class java.util.UUID to class [B as writing converter
2025-10-04T09:13:56.651+01:00 DEBUG 46788 --- [component-test] [    Test worker] o.s.data.convert.CustomConversions       : Adding converter from class [B to class java.util.UUID as reading converter
2025-10-04T09:13:56.651+01:00 DEBUG 46788 --- [component-test] [    Test worker] o.s.data.convert.CustomConversions       : Adding converter from class java.time.LocalDateTime to class [B as reading converter
2025-10-04T09:13:56.651+01:00 DEBUG 46788 --- [component-test] [    Test worker] o.s.data.convert.CustomConversions       : Adding converter from class [B to class java.time.LocalDateTime as reading converter
2025-10-04T09:13:56.651+01:00 DEBUG 46788 --- [component-test] [    Test worker] o.s.data.convert.CustomConversions       : Adding converter from class java.time.LocalDate to class [B as reading converter
2025-10-04T09:13:56.651+01:00 DEBUG 46788 --- [component-test] [    Test worker] o.s.data.convert.CustomConversions       : Adding converter from class [B to class java.time.LocalDate as reading converter
2025-10-04T09:13:56.651+01:00 DEBUG 46788 --- [component-test] [    Test worker] o.s.data.convert.CustomConversions       : Adding converter from class java.time.LocalTime to class [B as reading converter
2025-10-04T09:13:56.651+01:00 DEBUG 46788 --- [component-test] [    Test worker] o.s.data.convert.CustomConversions       : Adding converter from class [B to class java.time.LocalTime as reading converter
2025-10-04T09:13:56.651+01:00 DEBUG 46788 --- [component-test] [    Test worker] o.s.data.convert.CustomConversions       : Adding converter from class java.time.ZonedDateTime to class [B as reading converter
2025-10-04T09:13:56.651+01:00 DEBUG 46788 --- [component-test] [    Test worker] o.s.data.convert.CustomConversions       : Adding converter from class [B to class java.time.ZonedDateTime as reading converter
2025-10-04T09:13:56.651+01:00 DEBUG 46788 --- [component-test] [    Test worker] o.s.data.convert.CustomConversions       : Adding converter from class java.time.Instant to class [B as reading converter
2025-10-04T09:13:56.651+01:00 DEBUG 46788 --- [component-test] [    Test worker] o.s.data.convert.CustomConversions       : Adding converter from class [B to class java.time.Instant as reading converter
2025-10-04T09:13:56.651+01:00 DEBUG 46788 --- [component-test] [    Test worker] o.s.data.convert.CustomConversions       : Adding converter from class java.time.ZoneId to class [B as reading converter
2025-10-04T09:13:56.651+01:00 DEBUG 46788 --- [component-test] [    Test worker] o.s.data.convert.CustomConversions       : Adding converter from class [B to class java.time.ZoneId as reading converter
2025-10-04T09:13:56.651+01:00 DEBUG 46788 --- [component-test] [    Test worker] o.s.data.convert.CustomConversions       : Adding converter from class java.time.Period to class [B as reading converter
2025-10-04T09:13:56.651+01:00 DEBUG 46788 --- [component-test] [    Test worker] o.s.data.convert.CustomConversions       : Adding converter from class [B to class java.time.Period as reading converter
2025-10-04T09:13:56.651+01:00 DEBUG 46788 --- [component-test] [    Test worker] o.s.data.convert.CustomConversions       : Adding converter from class java.time.Duration to class [B as reading converter
2025-10-04T09:13:56.651+01:00 DEBUG 46788 --- [component-test] [    Test worker] o.s.data.convert.CustomConversions       : Adding converter from class [B to class java.time.Duration as reading converter
2025-10-04T09:13:56.651+01:00 DEBUG 46788 --- [component-test] [    Test worker] o.s.data.convert.CustomConversions       : Adding converter from class java.time.OffsetDateTime to class [B as reading converter
2025-10-04T09:13:56.651+01:00 DEBUG 46788 --- [component-test] [    Test worker] o.s.data.convert.CustomConversions       : Adding converter from class [B to class java.time.OffsetDateTime as reading converter
2025-10-04T09:13:56.651+01:00 DEBUG 46788 --- [component-test] [    Test worker] o.s.data.convert.CustomConversions       : Adding converter from class java.time.OffsetTime to class [B as reading converter
2025-10-04T09:13:56.651+01:00 DEBUG 46788 --- [component-test] [    Test worker] o.s.data.convert.CustomConversions       : Adding converter from class [B to class java.time.OffsetTime as reading converter
2025-10-04T09:13:56.651+01:00 DEBUG 46788 --- [component-test] [    Test worker] o.s.data.convert.CustomConversions       : Adding converter from class java.util.Date to class java.time.LocalDateTime as reading converter
2025-10-04T09:13:56.651+01:00 DEBUG 46788 --- [component-test] [    Test worker] o.s.data.convert.CustomConversions       : Adding converter from class java.time.LocalDateTime to class java.util.Date as writing converter
2025-10-04T09:13:56.651+01:00 DEBUG 46788 --- [component-test] [    Test worker] o.s.data.convert.CustomConversions       : Adding converter from class java.util.Date to class java.time.LocalDate as reading converter
2025-10-04T09:13:56.651+01:00 DEBUG 46788 --- [component-test] [    Test worker] o.s.data.convert.CustomConversions       : Adding converter from class java.time.LocalDate to class java.util.Date as writing converter
2025-10-04T09:13:56.651+01:00 DEBUG 46788 --- [component-test] [    Test worker] o.s.data.convert.CustomConversions       : Adding converter from class java.util.Date to class java.time.LocalTime as reading converter
2025-10-04T09:13:56.651+01:00 DEBUG 46788 --- [component-test] [    Test worker] o.s.data.convert.CustomConversions       : Adding converter from class java.time.LocalTime to class java.util.Date as writing converter
2025-10-04T09:13:56.651+01:00 DEBUG 46788 --- [component-test] [    Test worker] o.s.data.convert.CustomConversions       : Adding converter from class java.util.Date to class java.time.Instant as reading converter
2025-10-04T09:13:56.651+01:00 DEBUG 46788 --- [component-test] [    Test worker] o.s.data.convert.CustomConversions       : Adding converter from class java.time.Instant to class java.util.Date as writing converter
2025-10-04T09:13:56.651+01:00 DEBUG 46788 --- [component-test] [    Test worker] o.s.data.convert.CustomConversions       : Adding converter from class java.time.LocalDateTime to class java.time.Instant as reading converter
2025-10-04T09:13:56.651+01:00 DEBUG 46788 --- [component-test] [    Test worker] o.s.data.convert.CustomConversions       : Adding converter from class java.time.Instant to class java.time.LocalDateTime as reading converter
2025-10-04T09:13:56.651+01:00 DEBUG 46788 --- [component-test] [    Test worker] o.s.data.convert.CustomConversions       : Adding converter from class java.time.ZoneId to class java.lang.String as writing converter
2025-10-04T09:13:56.651+01:00 DEBUG 46788 --- [component-test] [    Test worker] o.s.data.convert.CustomConversions       : Adding converter from class java.lang.String to class java.time.ZoneId as reading converter
2025-10-04T09:13:56.651+01:00 DEBUG 46788 --- [component-test] [    Test worker] o.s.data.convert.CustomConversions       : Adding converter from class java.time.Duration to class java.lang.String as writing converter
2025-10-04T09:13:56.651+01:00 DEBUG 46788 --- [component-test] [    Test worker] o.s.data.convert.CustomConversions       : Adding converter from class java.lang.String to class java.time.Duration as reading converter
2025-10-04T09:13:56.651+01:00 DEBUG 46788 --- [component-test] [    Test worker] o.s.data.convert.CustomConversions       : Adding converter from class java.time.Period to class java.lang.String as writing converter
2025-10-04T09:13:56.651+01:00 DEBUG 46788 --- [component-test] [    Test worker] o.s.data.convert.CustomConversions       : Adding converter from class java.lang.String to class java.time.Period as reading converter
2025-10-04T09:13:56.651+01:00 DEBUG 46788 --- [component-test] [    Test worker] o.s.data.convert.CustomConversions       : Adding converter from class java.lang.String to class java.time.LocalDate as reading converter
2025-10-04T09:13:56.651+01:00 DEBUG 46788 --- [component-test] [    Test worker] o.s.data.convert.CustomConversions       : Adding converter from class java.lang.String to class java.time.LocalDateTime as reading converter
2025-10-04T09:13:56.651+01:00 DEBUG 46788 --- [component-test] [    Test worker] o.s.data.convert.CustomConversions       : Adding converter from class java.lang.String to class java.time.Instant as reading converter
2025-10-04T09:13:56.652+01:00 DEBUG 46788 --- [component-test] [    Test worker] o.s.d.r.l.RedisMessageListenerContainer  : Starting RedisMessageListenerContainer...
2025-10-04T09:13:56.652+01:00 DEBUG 46788 --- [component-test] [    Test worker] o.s.d.r.l.RedisMessageListenerContainer  : Postpone listening for Redis messages until actual listeners are added
2025-10-04T09:13:56.667+01:00  INFO 46788 --- [component-test] [    Test worker] o.s.b.w.embedded.tomcat.TomcatWebServer  : Tomcat started on port 63510 (http) with context path '/'
2025-10-04T09:13:56.670+01:00  INFO 46788 --- [component-test] [    Test worker] c.s.c.test.kafka.WithKafkaContainerTest  : Started WithKafkaContainerTest in 0.224 seconds (process running for 33.301)
2025-10-04T09:13:56.711+01:00  INFO 46788 --- [component-test] [    Test worker] o.a.k.clients.consumer.ConsumerConfig    : ConsumerConfig values: 
	allow.auto.create.topics = true
	auto.commit.interval.ms = 5000
	auto.include.jmx.reporter = true
	auto.offset.reset = latest
	bootstrap.servers = [localhost:33273]
	check.crcs = true
	client.dns.lookup = use_all_dns_ips
	client.id = consumer-test2-1
	client.rack = 
	connections.max.idle.ms = 540000
	default.api.timeout.ms = 60000
	enable.auto.commit = false
	enable.metrics.push = true
	exclude.internal.topics = true
	fetch.max.bytes = 52428800
	fetch.max.wait.ms = 500
	fetch.min.bytes = 1
	group.id = test2
	group.instance.id = null
	group.protocol = classic
	group.remote.assignor = null
	heartbeat.interval.ms = 3000
	interceptor.classes = []
	internal.leave.group.on.close = true
	internal.throw.on.fetch.stable.offset.unsupported = false
	isolation.level = read_uncommitted
	key.deserializer = class org.apache.kafka.common.serialization.StringDeserializer
	max.partition.fetch.bytes = 1048576
	max.poll.interval.ms = 300000
	max.poll.records = 500
	metadata.max.age.ms = 300000
	metric.reporters = []
	metrics.num.samples = 2
	metrics.recording.level = INFO
	metrics.sample.window.ms = 30000
	partition.assignment.strategy = [class org.apache.kafka.clients.consumer.RangeAssignor, class org.apache.kafka.clients.consumer.CooperativeStickyAssignor]
	receive.buffer.bytes = 65536
	reconnect.backoff.max.ms = 1000
	reconnect.backoff.ms = 50
	request.timeout.ms = 30000
	retry.backoff.max.ms = 1000
	retry.backoff.ms = 100
	sasl.client.callback.handler.class = null
	sasl.jaas.config = null
	sasl.kerberos.kinit.cmd = /usr/bin/kinit
	sasl.kerberos.min.time.before.relogin = 60000
	sasl.kerberos.service.name = null
	sasl.kerberos.ticket.renew.jitter = 0.05
	sasl.kerberos.ticket.renew.window.factor = 0.8
	sasl.login.callback.handler.class = null
	sasl.login.class = null
	sasl.login.connect.timeout.ms = null
	sasl.login.read.timeout.ms = null
	sasl.login.refresh.buffer.seconds = 300
	sasl.login.refresh.min.period.seconds = 60
	sasl.login.refresh.window.factor = 0.8
	sasl.login.refresh.window.jitter = 0.05
	sasl.login.retry.backoff.max.ms = 10000
	sasl.login.retry.backoff.ms = 100
	sasl.mechanism = GSSAPI
	sasl.oauthbearer.clock.skew.seconds = 30
	sasl.oauthbearer.expected.audience = null
	sasl.oauthbearer.expected.issuer = null
	sasl.oauthbearer.jwks.endpoint.refresh.ms = 3600000
	sasl.oauthbearer.jwks.endpoint.retry.backoff.max.ms = 10000
	sasl.oauthbearer.jwks.endpoint.retry.backoff.ms = 100
	sasl.oauthbearer.jwks.endpoint.url = null
	sasl.oauthbearer.scope.claim.name = scope
	sasl.oauthbearer.sub.claim.name = sub
	sasl.oauthbearer.token.endpoint.url = null
	security.protocol = PLAINTEXT
	security.providers = null
	send.buffer.bytes = 131072
	session.timeout.ms = 45000
	socket.connection.setup.timeout.max.ms = 30000
	socket.connection.setup.timeout.ms = 10000
	ssl.cipher.suites = null
	ssl.enabled.protocols = [TLSv1.2, TLSv1.3]
	ssl.endpoint.identification.algorithm = https
	ssl.engine.factory.class = null
	ssl.key.password = null
	ssl.keymanager.algorithm = SunX509
	ssl.keystore.certificate.chain = null
	ssl.keystore.key = null
	ssl.keystore.location = null
	ssl.keystore.password = null
	ssl.keystore.type = JKS
	ssl.protocol = TLSv1.3
	ssl.provider = null
	ssl.secure.random.implementation = null
	ssl.trustmanager.algorithm = PKIX
	ssl.truststore.certificates = null
	ssl.truststore.location = null
	ssl.truststore.password = null
	ssl.truststore.type = JKS
	value.deserializer = class org.apache.kafka.common.serialization.StringDeserializer

2025-10-04T09:13:56.750+01:00  INFO 46788 --- [component-test] [    Test worker] o.a.k.c.t.i.KafkaMetricsCollector        : initializing Kafka metrics collector
2025-10-04T09:13:56.821+01:00  INFO 46788 --- [component-test] [    Test worker] o.a.kafka.common.utils.AppInfoParser     : Kafka version: 3.7.1
2025-10-04T09:13:56.821+01:00  INFO 46788 --- [component-test] [    Test worker] o.a.kafka.common.utils.AppInfoParser     : Kafka commitId: e2494e6ffb89f828
2025-10-04T09:13:56.821+01:00  INFO 46788 --- [component-test] [    Test worker] o.a.kafka.common.utils.AppInfoParser     : Kafka startTimeMs: 1759565636821
2025-10-04T09:13:56.823+01:00  INFO 46788 --- [component-test] [    Test worker] o.a.k.c.c.internals.LegacyKafkaConsumer  : [Consumer clientId=consumer-test2-1, groupId=test2] Subscribed to topic(s): test
2025-10-04T09:13:56.946+01:00  INFO 46788 --- [component-test] [aitility-thread] o.a.k.clients.producer.ProducerConfig    : ProducerConfig values: 
	acks = -1
	auto.include.jmx.reporter = true
	batch.size = 16384
	bootstrap.servers = [localhost:33273]
	buffer.memory = 33554432
	client.dns.lookup = use_all_dns_ips
	client.id = component-test-producer-1
	compression.type = none
	connections.max.idle.ms = 540000
	delivery.timeout.ms = 120000
	enable.idempotence = true
	enable.metrics.push = true
	interceptor.classes = []
	key.serializer = class org.apache.kafka.common.serialization.StringSerializer
	linger.ms = 0
	max.block.ms = 60000
	max.in.flight.requests.per.connection = 5
	max.request.size = 1048576
	metadata.max.age.ms = 300000
	metadata.max.idle.ms = 300000
	metric.reporters = []
	metrics.num.samples = 2
	metrics.recording.level = INFO
	metrics.sample.window.ms = 30000
	partitioner.adaptive.partitioning.enable = true
	partitioner.availability.timeout.ms = 0
	partitioner.class = null
	partitioner.ignore.keys = false
	receive.buffer.bytes = 32768
	reconnect.backoff.max.ms = 1000
	reconnect.backoff.ms = 50
	request.timeout.ms = 30000
	retries = 2147483647
	retry.backoff.max.ms = 1000
	retry.backoff.ms = 100
	sasl.client.callback.handler.class = null
	sasl.jaas.config = null
	sasl.kerberos.kinit.cmd = /usr/bin/kinit
	sasl.kerberos.min.time.before.relogin = 60000
	sasl.kerberos.service.name = null
	sasl.kerberos.ticket.renew.jitter = 0.05
	sasl.kerberos.ticket.renew.window.factor = 0.8
	sasl.login.callback.handler.class = null
	sasl.login.class = null
	sasl.login.connect.timeout.ms = null
	sasl.login.read.timeout.ms = null
	sasl.login.refresh.buffer.seconds = 300
	sasl.login.refresh.min.period.seconds = 60
	sasl.login.refresh.window.factor = 0.8
	sasl.login.refresh.window.jitter = 0.05
	sasl.login.retry.backoff.max.ms = 10000
	sasl.login.retry.backoff.ms = 100
	sasl.mechanism = GSSAPI
	sasl.oauthbearer.clock.skew.seconds = 30
	sasl.oauthbearer.expected.audience = null
	sasl.oauthbearer.expected.issuer = null
	sasl.oauthbearer.jwks.endpoint.refresh.ms = 3600000
	sasl.oauthbearer.jwks.endpoint.retry.backoff.max.ms = 10000
	sasl.oauthbearer.jwks.endpoint.retry.backoff.ms = 100
	sasl.oauthbearer.jwks.endpoint.url = null
	sasl.oauthbearer.scope.claim.name = scope
	sasl.oauthbearer.sub.claim.name = sub
	sasl.oauthbearer.token.endpoint.url = null
	security.protocol = PLAINTEXT
	security.providers = null
	send.buffer.bytes = 131072
	socket.connection.setup.timeout.max.ms = 30000
	socket.connection.setup.timeout.ms = 10000
	ssl.cipher.suites = null
	ssl.enabled.protocols = [TLSv1.2, TLSv1.3]
	ssl.endpoint.identification.algorithm = https
	ssl.engine.factory.class = null
	ssl.key.password = null
	ssl.keymanager.algorithm = SunX509
	ssl.keystore.certificate.chain = null
	ssl.keystore.key = null
	ssl.keystore.location = null
	ssl.keystore.password = null
	ssl.keystore.type = JKS
	ssl.protocol = TLSv1.3
	ssl.provider = null
	ssl.secure.random.implementation = null
	ssl.trustmanager.algorithm = PKIX
	ssl.truststore.certificates = null
	ssl.truststore.location = null
	ssl.truststore.password = null
	ssl.truststore.type = JKS
	transaction.timeout.ms = 60000
	transactional.id = null
	value.serializer = class org.apache.kafka.common.serialization.StringSerializer

2025-10-04T09:13:56.947+01:00  INFO 46788 --- [component-test] [aitility-thread] o.a.k.c.t.i.KafkaMetricsCollector        : initializing Kafka metrics collector
2025-10-04T09:13:56.951+01:00  INFO 46788 --- [component-test] [aitility-thread] o.a.k.clients.producer.KafkaProducer     : [Producer clientId=component-test-producer-1] Instantiated an idempotent producer.
2025-10-04T09:13:56.958+01:00  INFO 46788 --- [component-test] [aitility-thread] o.a.kafka.common.utils.AppInfoParser     : Kafka version: 3.7.1
2025-10-04T09:13:56.958+01:00  INFO 46788 --- [component-test] [aitility-thread] o.a.kafka.common.utils.AppInfoParser     : Kafka commitId: e2494e6ffb89f828
2025-10-04T09:13:56.958+01:00  INFO 46788 --- [component-test] [aitility-thread] o.a.kafka.common.utils.AppInfoParser     : Kafka startTimeMs: 1759565636958
2025-10-04T09:13:57.032+01:00  WARN 46788 --- [component-test] [ntainer#0-0-C-1] org.apache.kafka.clients.NetworkClient   : [Consumer clientId=consumer-test2-1, groupId=test2] Error while fetching metadata with correlation id 2 : {test=UNKNOWN_TOPIC_OR_PARTITION}
2025-10-04T09:13:57.032+01:00  WARN 46788 --- [component-test] [test-producer-1] org.apache.kafka.clients.NetworkClient   : [Producer clientId=component-test-producer-1] Error while fetching metadata with correlation id 1 : {test=UNKNOWN_TOPIC_OR_PARTITION}
2025-10-04T09:13:57.033+01:00  INFO 46788 --- [component-test] [ntainer#0-0-C-1] org.apache.kafka.clients.Metadata        : [Consumer clientId=consumer-test2-1, groupId=test2] Cluster ID: 4L6g3nShT-eMCtK--X86sw
2025-10-04T09:13:57.033+01:00  INFO 46788 --- [component-test] [test-producer-1] org.apache.kafka.clients.Metadata        : [Producer clientId=component-test-producer-1] Cluster ID: 4L6g3nShT-eMCtK--X86sw
2025-10-04T09:13:57.137+01:00  INFO 46788 --- [component-test] [test-producer-1] o.a.k.c.p.internals.TransactionManager   : [Producer clientId=component-test-producer-1] ProducerId set to 0 with epoch 0
2025-10-04T09:13:57.156+01:00  INFO 46788 --- [component-test] [ntainer#0-0-C-1] o.a.k.c.c.internals.ConsumerCoordinator  : [Consumer clientId=consumer-test2-1, groupId=test2] Discovered group coordinator localhost:33273 (id: 2147483646 rack: null)
2025-10-04T09:13:57.157+01:00  INFO 46788 --- [component-test] [ntainer#0-0-C-1] o.a.k.c.c.internals.ConsumerCoordinator  : [Consumer clientId=consumer-test2-1, groupId=test2] (Re-)joining group
2025-10-04T09:13:57.171+01:00  INFO 46788 --- [component-test] [ntainer#0-0-C-1] o.a.k.c.c.internals.ConsumerCoordinator  : [Consumer clientId=consumer-test2-1, groupId=test2] Request joining group due to: need to re-join with the given member-id: consumer-test2-1-c18f3f4d-85d0-4774-84ff-9e8b7af989e6
2025-10-04T09:13:57.172+01:00  INFO 46788 --- [component-test] [ntainer#0-0-C-1] o.a.k.c.c.internals.ConsumerCoordinator  : [Consumer clientId=consumer-test2-1, groupId=test2] (Re-)joining group
2025-10-04T09:13:57.188+01:00  INFO 46788 --- [component-test] [ntainer#0-0-C-1] o.a.k.c.c.internals.ConsumerCoordinator  : [Consumer clientId=consumer-test2-1, groupId=test2] Successfully joined group with generation Generation{generationId=1, memberId='consumer-test2-1-c18f3f4d-85d0-4774-84ff-9e8b7af989e6', protocol='range'}
2025-10-04T09:13:57.190+01:00  INFO 46788 --- [component-test] [ntainer#0-0-C-1] o.a.k.c.c.internals.ConsumerCoordinator  : [Consumer clientId=consumer-test2-1, groupId=test2] Finished assignment for group at generation 1: {consumer-test2-1-c18f3f4d-85d0-4774-84ff-9e8b7af989e6=Assignment(partitions=[test-0])}
2025-10-04T09:13:57.206+01:00  INFO 46788 --- [component-test] [ntainer#0-0-C-1] o.a.k.c.c.internals.ConsumerCoordinator  : [Consumer clientId=consumer-test2-1, groupId=test2] Successfully synced group in generation Generation{generationId=1, memberId='consumer-test2-1-c18f3f4d-85d0-4774-84ff-9e8b7af989e6', protocol='range'}
2025-10-04T09:13:57.207+01:00  INFO 46788 --- [component-test] [ntainer#0-0-C-1] o.a.k.c.c.internals.ConsumerCoordinator  : [Consumer clientId=consumer-test2-1, groupId=test2] Notifying assignor about the new Assignment(partitions=[test-0])
2025-10-04T09:13:57.208+01:00  INFO 46788 --- [component-test] [ntainer#0-0-C-1] k.c.c.i.ConsumerRebalanceListenerInvoker : [Consumer clientId=consumer-test2-1, groupId=test2] Adding newly assigned partitions: test-0
2025-10-04T09:13:57.214+01:00  INFO 46788 --- [component-test] [ntainer#0-0-C-1] o.a.k.c.c.internals.ConsumerCoordinator  : [Consumer clientId=consumer-test2-1, groupId=test2] Found no committed offset for partition test-0
2025-10-04T09:13:57.216+01:00  INFO 46788 --- [component-test] [ntainer#0-0-C-1] o.a.k.c.c.internals.ConsumerCoordinator  : [Consumer clientId=consumer-test2-1, groupId=test2] Found no committed offset for partition test-0
2025-10-04T09:13:57.223+01:00  INFO 46788 --- [component-test] [ntainer#0-0-C-1] o.a.k.c.c.internals.SubscriptionState    : [Consumer clientId=consumer-test2-1, groupId=test2] Resetting offset for partition test-0 to position FetchPosition{offset=1, offsetEpoch=Optional.empty, currentLeader=LeaderAndEpoch{leader=Optional[localhost:33273 (id: 1 rack: null)], epoch=0}}.
2025-10-04T09:13:57.231+01:00  INFO 46788 --- [component-test] [ntainer#0-0-C-1] o.s.k.l.KafkaMessageListenerContainer    : test2: partitions assigned: [test-0]
]]></system-out>
  <system-err><![CDATA[]]></system-err>
</testsuite>
