<?xml version="1.0" encoding="UTF-8"?>
<testsuite name="com.simonjamesrowe.component.test.jwt.JwtUtilsTest" tests="4" skipped="0" failures="0" errors="0" timestamp="2025-10-04T08:13:53" hostname="Simons-MacBook-Pro.local" time="0.117">
  <properties/>
  <testcase name="testCanGenerateJwtWithRSA256SignerH256Signer()" classname="com.simonjamesrowe.component.test.jwt.JwtUtilsTest" time="0.049"/>
  <testcase name="testClaims()" classname="com.simonjamesrowe.component.test.jwt.JwtUtilsTest" time="0.005"/>
  <testcase name="testCanGenerateJwtWithRSA256Signer()" classname="com.simonjamesrowe.component.test.jwt.JwtUtilsTest" time="0.054"/>
  <testcase name="testWireMockCertsEndpointExists()" classname="com.simonjamesrowe.component.test.jwt.JwtUtilsTest" time="0.006"/>
  <system-out><![CDATA[2025-10-04T09:13:53.159+01:00  INFO 46788 --- [component-test] [    Test worker] t.c.s.AnnotationConfigContextLoaderUtils : Could not detect default configuration classes for test class [com.simonjamesrowe.component.test.jwt.JwtUtilsTest]: JwtUtilsTest does not declare any static, non-private, non-final, nested classes annotated with @Configuration.
2025-10-04T09:13:53.165+01:00  INFO 46788 --- [component-test] [    Test worker] .b.t.c.SpringBootTestContextBootstrapper : Found @SpringBootConfiguration com.simonjamesrowe.component.test.TestApplication for test class com.simonjamesrowe.component.test.jwt.JwtUtilsTest
]]></system-out>
  <system-err><![CDATA[]]></system-err>
</testsuite>
