<?xml version="1.0" encoding="UTF-8"?>
<testsuite name="com.simonjamesrowe.component.test.postgresql.WithPostgresContainerTest" tests="1" skipped="0" failures="0" errors="0" timestamp="2025-10-04T08:14:01" hostname="Simons-MacBook-Pro.local" time="0.038">
  <properties/>
  <testcase name="testRetrieveViaJpa()" classname="com.simonjamesrowe.component.test.postgresql.WithPostgresContainerTest" time="0.038"/>
  <system-out><![CDATA[2025-10-04T09:13:59.568+01:00  INFO 46788 --- [component-test] [    Test worker] tc.postgres:16                           : Creating container for image: postgres:16
2025-10-04T09:13:59.600+01:00  INFO 46788 --- [component-test] [    Test worker] tc.postgres:16                           : Container postgres:16 is starting: 6ea82dc80d57fb411d2fce8d01bc6d82d3dd27a7f16945296f2087f7ab56e0ca
2025-10-04T09:14:00.734+01:00  INFO 46788 --- [component-test] [    Test worker] tc.postgres:16                           : Container postgres:16 started in PT1.165954S
2025-10-04T09:14:00.734+01:00  INFO 46788 --- [component-test] [    Test worker] .c.t.p.PostgresqlTestContainersExtension : Started PostgreSQL container with JDBC URL: jdbc:postgresql://localhost:33275/test?socketTimeout=300
2025-10-04T09:14:00.736+01:00  INFO 46788 --- [component-test] [    Test worker] t.c.s.AnnotationConfigContextLoaderUtils : Could not detect default configuration classes for test class [com.simonjamesrowe.component.test.postgresql.WithPostgresContainerTest]: WithPostgresContainerTest does not declare any static, non-private, non-final, nested classes annotated with @Configuration.
2025-10-04T09:14:00.742+01:00  INFO 46788 --- [component-test] [    Test worker] .b.t.c.SpringBootTestContextBootstrapper : Found @SpringBootConfiguration com.simonjamesrowe.component.test.TestApplication for test class com.simonjamesrowe.component.test.postgresql.WithPostgresContainerTest

  .   ____          _            __ _ _
 /\\ / ___'_ __ _ _(_)_ __  __ _ \ \ \ \
( ( )\___ | '_ | '_| | '_ \/ _` | \ \ \ \
 \\/  ___)| |_)| | | | | || (_| |  ) ) ) )
  '  |____| .__|_| |_|_| |_\__, | / / / /
 =========|_|==============|___/=/_/_/_/

 :: Spring Boot ::                (v3.3.5)

2025-10-04T09:14:00.778+01:00  INFO 46788 --- [component-test] [    Test worker] c.s.c.t.p.WithPostgresContainerTest      : No active profile set, falling back to 1 default profile: "default"
2025-10-04T09:14:00.809+01:00  INFO 46788 --- [component-test] [    Test worker] .s.d.r.c.RepositoryConfigurationDelegate : Multiple Spring Data modules found, entering strict repository configuration mode
2025-10-04T09:14:00.810+01:00  INFO 46788 --- [component-test] [    Test worker] .s.d.r.c.RepositoryConfigurationDelegate : Bootstrapping Spring Data JPA repositories in DEFAULT mode.
2025-10-04T09:14:00.812+01:00 DEBUG 46788 --- [component-test] [    Test worker] .s.d.r.c.RepositoryConfigurationDelegate : Scanning for JPA repositories in packages com.simonjamesrowe.component.test.
2025-10-04T09:14:00.812+01:00 TRACE 46788 --- [component-test] [    Test worker] o.s.d.r.c.RepositoryComponentProvider    : Scanning file [/Users/simonrowe/workspace/simonjamesrowe/backend-modulith/modules/component-test/build/classes/java/test/com/simonjamesrowe/component/test/TestApplication.class]
2025-10-04T09:14:00.812+01:00 TRACE 46788 --- [component-test] [    Test worker] o.s.d.r.c.RepositoryComponentProvider    : Ignored because not matching any filter: file [/Users/simonrowe/workspace/simonjamesrowe/backend-modulith/modules/component-test/build/classes/java/test/com/simonjamesrowe/component/test/TestApplication.class]
2025-10-04T09:14:00.813+01:00 TRACE 46788 --- [component-test] [    Test worker] o.s.d.r.c.RepositoryComponentProvider    : Scanning file [/Users/simonrowe/workspace/simonjamesrowe/backend-modulith/modules/component-test/build/classes/java/test/com/simonjamesrowe/component/test/WiremockTest.class]
2025-10-04T09:14:00.813+01:00 TRACE 46788 --- [component-test] [    Test worker] o.s.d.r.c.RepositoryComponentProvider    : Ignored because not matching any filter: file [/Users/simonrowe/workspace/simonjamesrowe/backend-modulith/modules/component-test/build/classes/java/test/com/simonjamesrowe/component/test/WiremockTest.class]
2025-10-04T09:14:00.813+01:00 TRACE 46788 --- [component-test] [    Test worker] o.s.d.r.c.RepositoryComponentProvider    : Scanning file [/Users/simonrowe/workspace/simonjamesrowe/backend-modulith/modules/component-test/build/classes/java/test/com/simonjamesrowe/component/test/elasticsearch/ElasticsearchTestConfiguration.class]
2025-10-04T09:14:00.813+01:00 TRACE 46788 --- [component-test] [    Test worker] o.s.d.r.c.RepositoryComponentProvider    : Ignored because not matching any filter: file [/Users/simonrowe/workspace/simonjamesrowe/backend-modulith/modules/component-test/build/classes/java/test/com/simonjamesrowe/component/test/elasticsearch/ElasticsearchTestConfiguration.class]
2025-10-04T09:14:00.813+01:00 TRACE 46788 --- [component-test] [    Test worker] o.s.d.r.c.RepositoryComponentProvider    : Scanning file [/Users/simonrowe/workspace/simonjamesrowe/backend-modulith/modules/component-test/build/classes/java/test/com/simonjamesrowe/component/test/elasticsearch/TestDocument.class]
2025-10-04T09:14:00.813+01:00 TRACE 46788 --- [component-test] [    Test worker] o.s.d.r.c.RepositoryComponentProvider    : Ignored because not matching any filter: file [/Users/simonrowe/workspace/simonjamesrowe/backend-modulith/modules/component-test/build/classes/java/test/com/simonjamesrowe/component/test/elasticsearch/TestDocument.class]
2025-10-04T09:14:00.813+01:00 TRACE 46788 --- [component-test] [    Test worker] o.s.d.r.c.RepositoryComponentProvider    : Scanning file [/Users/simonrowe/workspace/simonjamesrowe/backend-modulith/modules/component-test/build/classes/java/test/com/simonjamesrowe/component/test/elasticsearch/TestRepository.class]
2025-10-04T09:14:00.813+01:00 DEBUG 46788 --- [component-test] [    Test worker] o.s.d.r.c.RepositoryComponentProvider    : Identified candidate component class: file [/Users/simonrowe/workspace/simonjamesrowe/backend-modulith/modules/component-test/build/classes/java/test/com/simonjamesrowe/component/test/elasticsearch/TestRepository.class]
2025-10-04T09:14:00.813+01:00 TRACE 46788 --- [component-test] [    Test worker] o.s.d.r.c.RepositoryComponentProvider    : Scanning file [/Users/simonrowe/workspace/simonjamesrowe/backend-modulith/modules/component-test/build/classes/java/test/com/simonjamesrowe/component/test/elasticsearch/WithElasticsearchContainerTest.class]
2025-10-04T09:14:00.813+01:00 TRACE 46788 --- [component-test] [    Test worker] o.s.d.r.c.RepositoryComponentProvider    : Ignored because not matching any filter: file [/Users/simonrowe/workspace/simonjamesrowe/backend-modulith/modules/component-test/build/classes/java/test/com/simonjamesrowe/component/test/elasticsearch/WithElasticsearchContainerTest.class]
2025-10-04T09:14:00.813+01:00 TRACE 46788 --- [component-test] [    Test worker] o.s.d.r.c.RepositoryComponentProvider    : Scanning file [/Users/simonrowe/workspace/simonjamesrowe/backend-modulith/modules/component-test/build/classes/java/test/com/simonjamesrowe/component/test/jwt/JwtUtilsTest.class]
2025-10-04T09:14:00.813+01:00 TRACE 46788 --- [component-test] [    Test worker] o.s.d.r.c.RepositoryComponentProvider    : Ignored because not matching any filter: file [/Users/simonrowe/workspace/simonjamesrowe/backend-modulith/modules/component-test/build/classes/java/test/com/simonjamesrowe/component/test/jwt/JwtUtilsTest.class]
2025-10-04T09:14:00.813+01:00 TRACE 46788 --- [component-test] [    Test worker] o.s.d.r.c.RepositoryComponentProvider    : Scanning file [/Users/simonrowe/workspace/simonjamesrowe/backend-modulith/modules/component-test/build/classes/java/test/com/simonjamesrowe/component/test/kafka/TestKafkaListener2.class]
2025-10-04T09:14:00.813+01:00 TRACE 46788 --- [component-test] [    Test worker] o.s.d.r.c.RepositoryComponentProvider    : Ignored because not matching any filter: file [/Users/simonrowe/workspace/simonjamesrowe/backend-modulith/modules/component-test/build/classes/java/test/com/simonjamesrowe/component/test/kafka/TestKafkaListener2.class]
2025-10-04T09:14:00.813+01:00 TRACE 46788 --- [component-test] [    Test worker] o.s.d.r.c.RepositoryComponentProvider    : Scanning file [/Users/simonrowe/workspace/simonjamesrowe/backend-modulith/modules/component-test/build/classes/java/test/com/simonjamesrowe/component/test/kafka/WithKafkaContainerTest.class]
2025-10-04T09:14:00.813+01:00 TRACE 46788 --- [component-test] [    Test worker] o.s.d.r.c.RepositoryComponentProvider    : Ignored because not matching any filter: file [/Users/simonrowe/workspace/simonjamesrowe/backend-modulith/modules/component-test/build/classes/java/test/com/simonjamesrowe/component/test/kafka/WithKafkaContainerTest.class]
2025-10-04T09:14:00.813+01:00 TRACE 46788 --- [component-test] [    Test worker] o.s.d.r.c.RepositoryComponentProvider    : Scanning file [/Users/simonrowe/workspace/simonjamesrowe/backend-modulith/modules/component-test/build/classes/java/test/com/simonjamesrowe/component/test/mongo/MongoDocument.class]
2025-10-04T09:14:00.813+01:00 TRACE 46788 --- [component-test] [    Test worker] o.s.d.r.c.RepositoryComponentProvider    : Ignored because not matching any filter: file [/Users/simonrowe/workspace/simonjamesrowe/backend-modulith/modules/component-test/build/classes/java/test/com/simonjamesrowe/component/test/mongo/MongoDocument.class]
2025-10-04T09:14:00.813+01:00 TRACE 46788 --- [component-test] [    Test worker] o.s.d.r.c.RepositoryComponentProvider    : Scanning file [/Users/simonrowe/workspace/simonjamesrowe/backend-modulith/modules/component-test/build/classes/java/test/com/simonjamesrowe/component/test/mongo/MongoRepository.class]
2025-10-04T09:14:00.813+01:00 DEBUG 46788 --- [component-test] [    Test worker] o.s.d.r.c.RepositoryComponentProvider    : Identified candidate component class: file [/Users/simonrowe/workspace/simonjamesrowe/backend-modulith/modules/component-test/build/classes/java/test/com/simonjamesrowe/component/test/mongo/MongoRepository.class]
2025-10-04T09:14:00.813+01:00 TRACE 46788 --- [component-test] [    Test worker] o.s.d.r.c.RepositoryComponentProvider    : Scanning file [/Users/simonrowe/workspace/simonjamesrowe/backend-modulith/modules/component-test/build/classes/java/test/com/simonjamesrowe/component/test/mongo/WithMongoDBContainerTest.class]
2025-10-04T09:14:00.813+01:00 TRACE 46788 --- [component-test] [    Test worker] o.s.d.r.c.RepositoryComponentProvider    : Ignored because not matching any filter: file [/Users/simonrowe/workspace/simonjamesrowe/backend-modulith/modules/component-test/build/classes/java/test/com/simonjamesrowe/component/test/mongo/WithMongoDBContainerTest.class]
2025-10-04T09:14:00.813+01:00 TRACE 46788 --- [component-test] [    Test worker] o.s.d.r.c.RepositoryComponentProvider    : Scanning file [/Users/simonrowe/workspace/simonjamesrowe/backend-modulith/modules/component-test/build/classes/java/test/com/simonjamesrowe/component/test/postgresql/JpaEntity.class]
2025-10-04T09:14:00.813+01:00 TRACE 46788 --- [component-test] [    Test worker] o.s.d.r.c.RepositoryComponentProvider    : Ignored because not matching any filter: file [/Users/simonrowe/workspace/simonjamesrowe/backend-modulith/modules/component-test/build/classes/java/test/com/simonjamesrowe/component/test/postgresql/JpaEntity.class]
2025-10-04T09:14:00.813+01:00 TRACE 46788 --- [component-test] [    Test worker] o.s.d.r.c.RepositoryComponentProvider    : Scanning file [/Users/simonrowe/workspace/simonjamesrowe/backend-modulith/modules/component-test/build/classes/java/test/com/simonjamesrowe/component/test/postgresql/JpaEntityRepository.class]
2025-10-04T09:14:00.813+01:00 DEBUG 46788 --- [component-test] [    Test worker] o.s.d.r.c.RepositoryComponentProvider    : Identified candidate component class: file [/Users/simonrowe/workspace/simonjamesrowe/backend-modulith/modules/component-test/build/classes/java/test/com/simonjamesrowe/component/test/postgresql/JpaEntityRepository.class]
2025-10-04T09:14:00.813+01:00 TRACE 46788 --- [component-test] [    Test worker] o.s.d.r.c.RepositoryComponentProvider    : Scanning file [/Users/simonrowe/workspace/simonjamesrowe/backend-modulith/modules/component-test/build/classes/java/test/com/simonjamesrowe/component/test/postgresql/WithPostgresContainerTest.class]
2025-10-04T09:14:00.813+01:00 TRACE 46788 --- [component-test] [    Test worker] o.s.d.r.c.RepositoryComponentProvider    : Ignored because not matching any filter: file [/Users/simonrowe/workspace/simonjamesrowe/backend-modulith/modules/component-test/build/classes/java/test/com/simonjamesrowe/component/test/postgresql/WithPostgresContainerTest.class]
2025-10-04T09:14:00.813+01:00 TRACE 46788 --- [component-test] [    Test worker] o.s.d.r.c.RepositoryComponentProvider    : Scanning file [/Users/simonrowe/workspace/simonjamesrowe/backend-modulith/modules/component-test/build/classes/java/test/com/simonjamesrowe/component/test/redis/WithRedisContainerTest.class]
2025-10-04T09:14:00.813+01:00 TRACE 46788 --- [component-test] [    Test worker] o.s.d.r.c.RepositoryComponentProvider    : Ignored because not matching any filter: file [/Users/simonrowe/workspace/simonjamesrowe/backend-modulith/modules/component-test/build/classes/java/test/com/simonjamesrowe/component/test/redis/WithRedisContainerTest.class]
2025-10-04T09:14:00.813+01:00 TRACE 46788 --- [component-test] [    Test worker] o.s.d.r.c.RepositoryComponentProvider    : Scanning file [/Users/simonrowe/workspace/simonjamesrowe/backend-modulith/modules/component-test/build/classes/java/test/com/simonjamesrowe/component/test/vault/WithVaultContainerTest.class]
2025-10-04T09:14:00.813+01:00 TRACE 46788 --- [component-test] [    Test worker] o.s.d.r.c.RepositoryComponentProvider    : Ignored because not matching any filter: file [/Users/simonrowe/workspace/simonjamesrowe/backend-modulith/modules/component-test/build/classes/java/test/com/simonjamesrowe/component/test/vault/WithVaultContainerTest.class]
2025-10-04T09:14:00.813+01:00 TRACE 46788 --- [component-test] [    Test worker] o.s.d.r.c.RepositoryComponentProvider    : Scanning file [/Users/simonrowe/workspace/simonjamesrowe/backend-modulith/modules/component-test/build/classes/java/main/com/simonjamesrowe/component/test/BaseComponentTest.class]
2025-10-04T09:14:00.813+01:00 TRACE 46788 --- [component-test] [    Test worker] o.s.d.r.c.RepositoryComponentProvider    : Ignored because not matching any filter: file [/Users/simonrowe/workspace/simonjamesrowe/backend-modulith/modules/component-test/build/classes/java/main/com/simonjamesrowe/component/test/BaseComponentTest.class]
2025-10-04T09:14:00.813+01:00 TRACE 46788 --- [component-test] [    Test worker] o.s.d.r.c.RepositoryComponentProvider    : Scanning file [/Users/simonrowe/workspace/simonjamesrowe/backend-modulith/modules/component-test/build/classes/java/main/com/simonjamesrowe/component/test/ComponentTest.class]
2025-10-04T09:14:00.813+01:00 TRACE 46788 --- [component-test] [    Test worker] o.s.d.r.c.RepositoryComponentProvider    : Ignored because not matching any filter: file [/Users/simonrowe/workspace/simonjamesrowe/backend-modulith/modules/component-test/build/classes/java/main/com/simonjamesrowe/component/test/ComponentTest.class]
2025-10-04T09:14:00.813+01:00 TRACE 46788 --- [component-test] [    Test worker] o.s.d.r.c.RepositoryComponentProvider    : Scanning file [/Users/simonrowe/workspace/simonjamesrowe/backend-modulith/modules/component-test/build/classes/java/main/com/simonjamesrowe/component/test/JpaTest.class]
2025-10-04T09:14:00.813+01:00 TRACE 46788 --- [component-test] [    Test worker] o.s.d.r.c.RepositoryComponentProvider    : Ignored because not matching any filter: file [/Users/simonrowe/workspace/simonjamesrowe/backend-modulith/modules/component-test/build/classes/java/main/com/simonjamesrowe/component/test/JpaTest.class]
2025-10-04T09:14:00.813+01:00 TRACE 46788 --- [component-test] [    Test worker] o.s.d.r.c.RepositoryComponentProvider    : Scanning file [/Users/simonrowe/workspace/simonjamesrowe/backend-modulith/modules/component-test/build/classes/java/main/com/simonjamesrowe/component/test/MongoTest.class]
2025-10-04T09:14:00.813+01:00 TRACE 46788 --- [component-test] [    Test worker] o.s.d.r.c.RepositoryComponentProvider    : Ignored because not matching any filter: file [/Users/simonrowe/workspace/simonjamesrowe/backend-modulith/modules/component-test/build/classes/java/main/com/simonjamesrowe/component/test/MongoTest.class]
2025-10-04T09:14:00.813+01:00 TRACE 46788 --- [component-test] [    Test worker] o.s.d.r.c.RepositoryComponentProvider    : Scanning file [/Users/simonrowe/workspace/simonjamesrowe/backend-modulith/modules/component-test/build/classes/java/main/com/simonjamesrowe/component/test/containers/ContainerConfigurationUtils.class]
2025-10-04T09:14:00.813+01:00 TRACE 46788 --- [component-test] [    Test worker] o.s.d.r.c.RepositoryComponentProvider    : Ignored because not matching any filter: file [/Users/simonrowe/workspace/simonjamesrowe/backend-modulith/modules/component-test/build/classes/java/main/com/simonjamesrowe/component/test/containers/ContainerConfigurationUtils.class]
2025-10-04T09:14:00.813+01:00 TRACE 46788 --- [component-test] [    Test worker] o.s.d.r.c.RepositoryComponentProvider    : Scanning file [/Users/simonrowe/workspace/simonjamesrowe/backend-modulith/modules/component-test/build/classes/java/main/com/simonjamesrowe/component/test/elasticsearch/ElasticsearchTestContainerExtension.class]
2025-10-04T09:14:00.814+01:00 TRACE 46788 --- [component-test] [    Test worker] o.s.d.r.c.RepositoryComponentProvider    : Ignored because not matching any filter: file [/Users/simonrowe/workspace/simonjamesrowe/backend-modulith/modules/component-test/build/classes/java/main/com/simonjamesrowe/component/test/elasticsearch/ElasticsearchTestContainerExtension.class]
2025-10-04T09:14:00.814+01:00 TRACE 46788 --- [component-test] [    Test worker] o.s.d.r.c.RepositoryComponentProvider    : Scanning file [/Users/simonrowe/workspace/simonjamesrowe/backend-modulith/modules/component-test/build/classes/java/main/com/simonjamesrowe/component/test/elasticsearch/WithElasticsearchContainer.class]
2025-10-04T09:14:00.814+01:00 TRACE 46788 --- [component-test] [    Test worker] o.s.d.r.c.RepositoryComponentProvider    : Ignored because not matching any filter: file [/Users/simonrowe/workspace/simonjamesrowe/backend-modulith/modules/component-test/build/classes/java/main/com/simonjamesrowe/component/test/elasticsearch/WithElasticsearchContainer.class]
2025-10-04T09:14:00.814+01:00 TRACE 46788 --- [component-test] [    Test worker] o.s.d.r.c.RepositoryComponentProvider    : Scanning file [/Users/simonrowe/workspace/simonjamesrowe/backend-modulith/modules/component-test/build/classes/java/main/com/simonjamesrowe/component/test/jwt/JwtUtils.class]
2025-10-04T09:14:00.814+01:00 TRACE 46788 --- [component-test] [    Test worker] o.s.d.r.c.RepositoryComponentProvider    : Ignored because not matching any filter: file [/Users/simonrowe/workspace/simonjamesrowe/backend-modulith/modules/component-test/build/classes/java/main/com/simonjamesrowe/component/test/jwt/JwtUtils.class]
2025-10-04T09:14:00.814+01:00 TRACE 46788 --- [component-test] [    Test worker] o.s.d.r.c.RepositoryComponentProvider    : Scanning file [/Users/simonrowe/workspace/simonjamesrowe/backend-modulith/modules/component-test/build/classes/java/main/com/simonjamesrowe/component/test/kafka/KafkaContainerExtension.class]
2025-10-04T09:14:00.814+01:00 TRACE 46788 --- [component-test] [    Test worker] o.s.d.r.c.RepositoryComponentProvider    : Ignored because not matching any filter: file [/Users/simonrowe/workspace/simonjamesrowe/backend-modulith/modules/component-test/build/classes/java/main/com/simonjamesrowe/component/test/kafka/KafkaContainerExtension.class]
2025-10-04T09:14:00.814+01:00 TRACE 46788 --- [component-test] [    Test worker] o.s.d.r.c.RepositoryComponentProvider    : Scanning file [/Users/simonrowe/workspace/simonjamesrowe/backend-modulith/modules/component-test/build/classes/java/main/com/simonjamesrowe/component/test/kafka/SchemaRegistryContainerExtension.class]
2025-10-04T09:14:00.814+01:00 TRACE 46788 --- [component-test] [    Test worker] o.s.d.r.c.RepositoryComponentProvider    : Ignored because not matching any filter: file [/Users/simonrowe/workspace/simonjamesrowe/backend-modulith/modules/component-test/build/classes/java/main/com/simonjamesrowe/component/test/kafka/SchemaRegistryContainerExtension.class]
2025-10-04T09:14:00.814+01:00 TRACE 46788 --- [component-test] [    Test worker] o.s.d.r.c.RepositoryComponentProvider    : Scanning file [/Users/simonrowe/workspace/simonjamesrowe/backend-modulith/modules/component-test/build/classes/java/main/com/simonjamesrowe/component/test/kafka/WithKafkaContainer.class]
2025-10-04T09:14:00.814+01:00 TRACE 46788 --- [component-test] [    Test worker] o.s.d.r.c.RepositoryComponentProvider    : Ignored because not matching any filter: file [/Users/simonrowe/workspace/simonjamesrowe/backend-modulith/modules/component-test/build/classes/java/main/com/simonjamesrowe/component/test/kafka/WithKafkaContainer.class]
2025-10-04T09:14:00.814+01:00 TRACE 46788 --- [component-test] [    Test worker] o.s.d.r.c.RepositoryComponentProvider    : Scanning file [/Users/simonrowe/workspace/simonjamesrowe/backend-modulith/modules/component-test/build/classes/java/main/com/simonjamesrowe/component/test/mongo/MongoDBTestContainersExtension.class]
2025-10-04T09:14:00.814+01:00 TRACE 46788 --- [component-test] [    Test worker] o.s.d.r.c.RepositoryComponentProvider    : Ignored because not matching any filter: file [/Users/simonrowe/workspace/simonjamesrowe/backend-modulith/modules/component-test/build/classes/java/main/com/simonjamesrowe/component/test/mongo/MongoDBTestContainersExtension.class]
2025-10-04T09:14:00.814+01:00 TRACE 46788 --- [component-test] [    Test worker] o.s.d.r.c.RepositoryComponentProvider    : Scanning file [/Users/simonrowe/workspace/simonjamesrowe/backend-modulith/modules/component-test/build/classes/java/main/com/simonjamesrowe/component/test/mongo/TestDataRunner.class]
2025-10-04T09:14:00.814+01:00 TRACE 46788 --- [component-test] [    Test worker] o.s.d.r.c.RepositoryComponentProvider    : Ignored because not matching any filter: file [/Users/simonrowe/workspace/simonjamesrowe/backend-modulith/modules/component-test/build/classes/java/main/com/simonjamesrowe/component/test/mongo/TestDataRunner.class]
2025-10-04T09:14:00.814+01:00 TRACE 46788 --- [component-test] [    Test worker] o.s.d.r.c.RepositoryComponentProvider    : Scanning file [/Users/simonrowe/workspace/simonjamesrowe/backend-modulith/modules/component-test/build/classes/java/main/com/simonjamesrowe/component/test/mongo/WithMongoDBContainer.class]
2025-10-04T09:14:00.814+01:00 TRACE 46788 --- [component-test] [    Test worker] o.s.d.r.c.RepositoryComponentProvider    : Ignored because not matching any filter: file [/Users/simonrowe/workspace/simonjamesrowe/backend-modulith/modules/component-test/build/classes/java/main/com/simonjamesrowe/component/test/mongo/WithMongoDBContainer.class]
2025-10-04T09:14:00.814+01:00 TRACE 46788 --- [component-test] [    Test worker] o.s.d.r.c.RepositoryComponentProvider    : Scanning file [/Users/simonrowe/workspace/simonjamesrowe/backend-modulith/modules/component-test/build/classes/java/main/com/simonjamesrowe/component/test/postgresql/PostgresqlTestContainersExtension.class]
2025-10-04T09:14:00.814+01:00 TRACE 46788 --- [component-test] [    Test worker] o.s.d.r.c.RepositoryComponentProvider    : Ignored because not matching any filter: file [/Users/simonrowe/workspace/simonjamesrowe/backend-modulith/modules/component-test/build/classes/java/main/com/simonjamesrowe/component/test/postgresql/PostgresqlTestContainersExtension.class]
2025-10-04T09:14:00.814+01:00 TRACE 46788 --- [component-test] [    Test worker] o.s.d.r.c.RepositoryComponentProvider    : Scanning file [/Users/simonrowe/workspace/simonjamesrowe/backend-modulith/modules/component-test/build/classes/java/main/com/simonjamesrowe/component/test/postgresql/WithPostgresContainer.class]
2025-10-04T09:14:00.814+01:00 TRACE 46788 --- [component-test] [    Test worker] o.s.d.r.c.RepositoryComponentProvider    : Ignored because not matching any filter: file [/Users/simonrowe/workspace/simonjamesrowe/backend-modulith/modules/component-test/build/classes/java/main/com/simonjamesrowe/component/test/postgresql/WithPostgresContainer.class]
2025-10-04T09:14:00.814+01:00 TRACE 46788 --- [component-test] [    Test worker] o.s.d.r.c.RepositoryComponentProvider    : Scanning file [/Users/simonrowe/workspace/simonjamesrowe/backend-modulith/modules/component-test/build/classes/java/main/com/simonjamesrowe/component/test/redis/RedisTestContainersExtension.class]
2025-10-04T09:14:00.814+01:00 TRACE 46788 --- [component-test] [    Test worker] o.s.d.r.c.RepositoryComponentProvider    : Ignored because not matching any filter: file [/Users/simonrowe/workspace/simonjamesrowe/backend-modulith/modules/component-test/build/classes/java/main/com/simonjamesrowe/component/test/redis/RedisTestContainersExtension.class]
2025-10-04T09:14:00.814+01:00 TRACE 46788 --- [component-test] [    Test worker] o.s.d.r.c.RepositoryComponentProvider    : Scanning file [/Users/simonrowe/workspace/simonjamesrowe/backend-modulith/modules/component-test/build/classes/java/main/com/simonjamesrowe/component/test/redis/WithRedisContainer.class]
2025-10-04T09:14:00.814+01:00 TRACE 46788 --- [component-test] [    Test worker] o.s.d.r.c.RepositoryComponentProvider    : Ignored because not matching any filter: file [/Users/simonrowe/workspace/simonjamesrowe/backend-modulith/modules/component-test/build/classes/java/main/com/simonjamesrowe/component/test/redis/WithRedisContainer.class]
2025-10-04T09:14:00.814+01:00 TRACE 46788 --- [component-test] [    Test worker] o.s.d.r.c.RepositoryComponentProvider    : Scanning file [/Users/simonrowe/workspace/simonjamesrowe/backend-modulith/modules/component-test/build/classes/java/main/com/simonjamesrowe/component/test/utils/PortUtils.class]
2025-10-04T09:14:00.814+01:00 TRACE 46788 --- [component-test] [    Test worker] o.s.d.r.c.RepositoryComponentProvider    : Ignored because not matching any filter: file [/Users/simonrowe/workspace/simonjamesrowe/backend-modulith/modules/component-test/build/classes/java/main/com/simonjamesrowe/component/test/utils/PortUtils.class]
2025-10-04T09:14:00.814+01:00 TRACE 46788 --- [component-test] [    Test worker] o.s.d.r.c.RepositoryComponentProvider    : Scanning file [/Users/simonrowe/workspace/simonjamesrowe/backend-modulith/modules/component-test/build/classes/java/main/com/simonjamesrowe/component/test/vault/VaultTestContainersExtension.class]
2025-10-04T09:14:00.814+01:00 TRACE 46788 --- [component-test] [    Test worker] o.s.d.r.c.RepositoryComponentProvider    : Ignored because not matching any filter: file [/Users/simonrowe/workspace/simonjamesrowe/backend-modulith/modules/component-test/build/classes/java/main/com/simonjamesrowe/component/test/vault/VaultTestContainersExtension.class]
2025-10-04T09:14:00.814+01:00 TRACE 46788 --- [component-test] [    Test worker] o.s.d.r.c.RepositoryComponentProvider    : Scanning file [/Users/simonrowe/workspace/simonjamesrowe/backend-modulith/modules/component-test/build/classes/java/main/com/simonjamesrowe/component/test/vault/WithVaultContainer.class]
2025-10-04T09:14:00.814+01:00 TRACE 46788 --- [component-test] [    Test worker] o.s.d.r.c.RepositoryComponentProvider    : Ignored because not matching any filter: file [/Users/simonrowe/workspace/simonjamesrowe/backend-modulith/modules/component-test/build/classes/java/main/com/simonjamesrowe/component/test/vault/WithVaultContainer.class]
2025-10-04T09:14:00.815+01:00  INFO 46788 --- [component-test] [    Test worker] .RepositoryConfigurationExtensionSupport : Spring Data JPA - Could not safely identify store assignment for repository candidate interface com.simonjamesrowe.component.test.elasticsearch.TestRepository; If you want this repository to be a JPA repository, consider annotating your entities with one of these annotations: jakarta.persistence.Entity, jakarta.persistence.MappedSuperclass (preferred), or consider extending one of the following types with your repository: org.springframework.data.jpa.repository.JpaRepository
2025-10-04T09:14:00.816+01:00  INFO 46788 --- [component-test] [    Test worker] .RepositoryConfigurationExtensionSupport : Spring Data JPA - Could not safely identify store assignment for repository candidate interface com.simonjamesrowe.component.test.mongo.MongoRepository; If you want this repository to be a JPA repository, consider annotating your entities with one of these annotations: jakarta.persistence.Entity, jakarta.persistence.MappedSuperclass (preferred), or consider extending one of the following types with your repository: org.springframework.data.jpa.repository.JpaRepository
2025-10-04T09:14:00.817+01:00 TRACE 46788 --- [component-test] [    Test worker] .s.d.r.c.RepositoryConfigurationDelegate : Spring Data JPA - Registering repository: jpaEntityRepository - Interface: com.simonjamesrowe.component.test.postgresql.JpaEntityRepository - Factory: org.springframework.data.jpa.repository.support.JpaRepositoryFactoryBean
2025-10-04T09:14:00.817+01:00  INFO 46788 --- [component-test] [    Test worker] .s.d.r.c.RepositoryConfigurationDelegate : Finished Spring Data repository scanning in 5 ms. Found 1 JPA repository interface.
2025-10-04T09:14:00.898+01:00  INFO 46788 --- [component-test] [    Test worker] o.hibernate.jpa.internal.util.LogHelper  : HHH000204: Processing PersistenceUnitInfo [name: default]
2025-10-04T09:14:00.941+01:00  INFO 46788 --- [component-test] [    Test worker] org.hibernate.Version                    : HHH000412: Hibernate ORM core version 6.5.3.Final
2025-10-04T09:14:00.964+01:00  INFO 46788 --- [component-test] [    Test worker] o.h.c.internal.RegionFactoryInitiator    : HHH000026: Second-level cache disabled
2025-10-04T09:14:01.054+01:00  INFO 46788 --- [component-test] [    Test worker] o.s.o.j.p.SpringPersistenceUnitInfo      : No LoadTimeWeaver setup: ignoring JPA class transformer
2025-10-04T09:14:01.073+01:00  INFO 46788 --- [component-test] [    Test worker] com.zaxxer.hikari.HikariDataSource       : HikariPool-1 - Starting...
2025-10-04T09:14:01.160+01:00  INFO 46788 --- [component-test] [    Test worker] com.zaxxer.hikari.pool.HikariPool        : HikariPool-1 - Added connection org.postgresql.jdbc.PgConnection@535e38eb
2025-10-04T09:14:01.161+01:00  INFO 46788 --- [component-test] [    Test worker] com.zaxxer.hikari.HikariDataSource       : HikariPool-1 - Start completed.
2025-10-04T09:14:01.829+01:00  INFO 46788 --- [component-test] [    Test worker] o.h.e.t.j.p.i.JtaPlatformInitiator       : HHH000489: No JTA platform available (set 'hibernate.transaction.jta.platform' to enable JTA platform integration)
Hibernate: create table test_entity (id varchar(255) not null, field_one varchar(255), field_two varchar(255), primary key (id))
2025-10-04T09:14:01.875+01:00  INFO 46788 --- [component-test] [    Test worker] j.LocalContainerEntityManagerFactoryBean : Initialized JPA EntityManagerFactory for persistence unit 'default'
2025-10-04T09:14:01.901+01:00 DEBUG 46788 --- [component-test] [    Test worker] .c.JpaMetamodelMappingContextFactoryBean : Initializing JpaMetamodelMappingContext…
2025-10-04T09:14:01.903+01:00 DEBUG 46788 --- [component-test] [    Test worker] .c.JpaMetamodelMappingContextFactoryBean : Finished initializing JpaMetamodelMappingContext
2025-10-04T09:14:01.930+01:00 DEBUG 46788 --- [component-test] [    Test worker] o.s.d.r.c.s.RepositoryFactorySupport     : Initializing repository instance for com.simonjamesrowe.component.test.postgresql.JpaEntityRepository…
2025-10-04T09:14:01.938+01:00 DEBUG 46788 --- [component-test] [    Test worker] o.s.d.r.c.s.RepositoryFactorySupport     : Finished creation of repository instance for com.simonjamesrowe.component.test.postgresql.JpaEntityRepository.
2025-10-04T09:14:01.948+01:00  INFO 46788 --- [component-test] [    Test worker] c.s.c.t.p.WithPostgresContainerTest      : Started WithPostgresContainerTest in 1.204 seconds (process running for 38.578)
2025-10-04T09:14:01.954+01:00 TRACE 46788 --- [component-test] [    Test worker] toryAnnotationTransactionAttributeSource : Adding transactional method 'org.springframework.data.jpa.repository.support.SimpleJpaRepository.saveAll' with attribute: PROPAGATION_REQUIRED,ISOLATION_DEFAULT
Hibernate: select je1_0.id,je1_0.field_one,je1_0.field_two from test_entity je1_0 where je1_0.id=?
2025-10-04T09:14:01.983+01:00 TRACE 46788 --- [component-test] [    Test worker] toryAnnotationTransactionAttributeSource : Adding transactional method 'org.springframework.data.jpa.repository.support.SimpleJpaRepository.findById' with attribute: PROPAGATION_REQUIRED,ISOLATION_DEFAULT,readOnly
]]></system-out>
  <system-err><![CDATA[]]></system-err>
</testsuite>
